<?xml version="1.0" encoding="UTF-8"?>
<!-- Generated by org.testng.reporters.JUnitXMLReporter -->
<testsuite hostname="G10GGNLT052" name="CrossRatingSystem-Transit" tests="6" failures="1" timestamp="21 Aug 2019 04:42:38 GMT" time="0.109" errors="0">
  <testcase name="@AfterMethod teardown" time="0.0" classname="com.arcapi.Transittestcases.CreateAssetTransitAboveAPITest">
    <failure type="java.lang.Error" message="Unresolved compilation problems: 
	LogStatus cannot be resolved to a variable
	LogStatus cannot be resolved to a variable
	LogStatus cannot be resolved to a variable
	The method endTest(Test) in the type Report is not applicable for the arguments (ExtentTest)
">
      <![CDATA[java.lang.Error: Unresolved compilation problems: 
	LogStatus cannot be resolved to a variable
	LogStatus cannot be resolved to a variable
	LogStatus cannot be resolved to a variable
	The method endTest(Test) in the type Report is not applicable for the arguments (ExtentTest)

	at com.arcapi.Transittestcases.CreateAssetTransitAboveAPITest.teardown(CreateAssetTransitAboveAPITest.java:291)
... Removed 27 stack frames]]>
    </failure>
  </testcase> <!-- @AfterMethod teardown -->
  <testcase name="@AfterClass end" time="0.0" classname="com.arcapi.Transittestcases.CreateAssetTransitAboveAPITest">
    <skipped/>
  </testcase> <!-- @AfterClass end -->
  <testcase name="@BeforeClass getSuiteName" time="0.0" classname="com.arcapi.Transittestcases.SignAgreementRegistrationAPITest">
    <skipped/>
  </testcase> <!-- @BeforeClass getSuiteName -->
  <testcase name="@BeforeClass setBaseUri" time="0.0" classname="com.arcapi.Transittestcases.SignAgreementRegistrationAPITest">
    <skipped/>
  </testcase> <!-- @BeforeClass setBaseUri -->
  <testcase name="@BeforeMethod ExtentReportConfig" time="0.0" classname="com.arcapi.Transittestcases.SignAgreementRegistrationAPITest">
    <skipped/>
  </testcase> <!-- @BeforeMethod ExtentReportConfig -->
  <testcase name="@BeforeMethod startTest" time="0.0" classname="com.arcapi.Transittestcases.SignAgreementRegistrationAPITest">
    <skipped/>
  </testcase> <!-- @BeforeMethod startTest -->
  <testcase name="@AfterMethod teardown" time="0.0" classname="com.arcapi.Transittestcases.SignAgreementRegistrationAPITest">
    <skipped/>
  </testcase> <!-- @AfterMethod teardown -->
  <testcase name="@AfterClass end" time="0.0" classname="com.arcapi.Transittestcases.SignAgreementRegistrationAPITest">
    <skipped/>
  </testcase> <!-- @AfterClass end -->
  <testcase name="@BeforeClass getSuiteName" time="0.0" classname="com.arcapi.Transittestcases.RegistrationPaymentPricingGetAPITest">
    <skipped/>
  </testcase> <!-- @BeforeClass getSuiteName -->
  <testcase name="@BeforeClass setBaseUri" time="0.0" classname="com.arcapi.Transittestcases.RegistrationPaymentPricingGetAPITest">
    <skipped/>
  </testcase> <!-- @BeforeClass setBaseUri -->
  <testcase name="@BeforeMethod ExtentReportConfig" time="0.0" classname="com.arcapi.Transittestcases.RegistrationPaymentPricingGetAPITest">
    <skipped/>
  </testcase> <!-- @BeforeMethod ExtentReportConfig -->
  <testcase name="@BeforeMethod startTest" time="0.0" classname="com.arcapi.Transittestcases.RegistrationPaymentPricingGetAPITest">
    <skipped/>
  </testcase> <!-- @BeforeMethod startTest -->
  <testcase name="@AfterMethod teardown" time="0.0" classname="com.arcapi.Transittestcases.RegistrationPaymentPricingGetAPITest">
    <skipped/>
  </testcase> <!-- @AfterMethod teardown -->
  <testcase name="@AfterClass end" time="0.0" classname="com.arcapi.Transittestcases.RegistrationPaymentPricingGetAPITest">
    <skipped/>
  </testcase> <!-- @AfterClass end -->
  <testcase name="@BeforeClass getSuiteName" time="0.0" classname="com.arcapi.Transittestcases.PaymentOrderSubmitPOSTAPITest">
    <skipped/>
  </testcase> <!-- @BeforeClass getSuiteName -->
  <testcase name="@BeforeClass setBaseUri" time="0.0" classname="com.arcapi.Transittestcases.PaymentOrderSubmitPOSTAPITest">
    <skipped/>
  </testcase> <!-- @BeforeClass setBaseUri -->
  <testcase name="@BeforeMethod ExtentReportConfig" time="0.0" classname="com.arcapi.Transittestcases.PaymentOrderSubmitPOSTAPITest">
    <skipped/>
  </testcase> <!-- @BeforeMethod ExtentReportConfig -->
  <testcase name="@BeforeMethod startTest" time="0.0" classname="com.arcapi.Transittestcases.PaymentOrderSubmitPOSTAPITest">
    <skipped/>
  </testcase> <!-- @BeforeMethod startTest -->
  <testcase name="@AfterMethod teardown" time="0.0" classname="com.arcapi.Transittestcases.PaymentOrderSubmitPOSTAPITest">
    <skipped/>
  </testcase> <!-- @AfterMethod teardown -->
  <testcase name="@AfterClass end" time="0.0" classname="com.arcapi.Transittestcases.PaymentOrderSubmitPOSTAPITest">
    <skipped/>
  </testcase> <!-- @AfterClass end -->
  <testcase name="@BeforeClass getSuiteName" time="0.0" classname="com.arcapi.Transittestcases.AddAssestTimelinePOSTAPITest">
    <skipped/>
  </testcase> <!-- @BeforeClass getSuiteName -->
  <testcase name="@BeforeClass setBaseUri" time="0.0" classname="com.arcapi.Transittestcases.AddAssestTimelinePOSTAPITest">
    <skipped/>
  </testcase> <!-- @BeforeClass setBaseUri -->
  <testcase name="@BeforeMethod ExtentReportConfig" time="0.0" classname="com.arcapi.Transittestcases.AddAssestTimelinePOSTAPITest">
    <skipped/>
  </testcase> <!-- @BeforeMethod ExtentReportConfig -->
  <testcase name="@BeforeMethod startTest" time="0.0" classname="com.arcapi.Transittestcases.AddAssestTimelinePOSTAPITest">
    <skipped/>
  </testcase> <!-- @BeforeMethod startTest -->
  <testcase name="@AfterMethod teardown" time="0.0" classname="com.arcapi.Transittestcases.AddAssestTimelinePOSTAPITest">
    <skipped/>
  </testcase> <!-- @AfterMethod teardown -->
  <testcase name="@AfterClass end" time="0.0" classname="com.arcapi.Transittestcases.AddAssestTimelinePOSTAPITest">
    <skipped/>
  </testcase> <!-- @AfterClass end -->
  <testcase name="@BeforeClass getSuiteName" time="0.0" classname="com.arcapi.CrossRatingSystemtestcases.MeasuresListAPITest">
    <skipped/>
  </testcase> <!-- @BeforeClass getSuiteName -->
  <testcase name="@BeforeClass setBaseUri" time="0.0" classname="com.arcapi.CrossRatingSystemtestcases.MeasuresListAPITest">
    <skipped/>
  </testcase> <!-- @BeforeClass setBaseUri -->
  <testcase name="@BeforeMethod ExtentReportConfig" time="0.0" classname="com.arcapi.CrossRatingSystemtestcases.MeasuresListAPITest">
    <skipped/>
  </testcase> <!-- @BeforeMethod ExtentReportConfig -->
  <testcase name="@BeforeMethod startTest" time="0.0" classname="com.arcapi.CrossRatingSystemtestcases.MeasuresListAPITest">
    <skipped/>
  </testcase> <!-- @BeforeMethod startTest -->
  <testcase name="@AfterMethod teardown" time="0.0" classname="com.arcapi.CrossRatingSystemtestcases.MeasuresListAPITest">
    <skipped/>
  </testcase> <!-- @AfterMethod teardown -->
  <testcase name="@AfterClass end" time="0.0" classname="com.arcapi.CrossRatingSystemtestcases.MeasuresListAPITest">
    <skipped/>
  </testcase> <!-- @AfterClass end -->
  <testcase name="CreateAssetPOSTAPI" time="0.002" classname="com.arcapi.Transittestcases.CreateAssetTransitAboveAPITest">
    <failure type="java.lang.Error" message="Unresolved compilation problem: 
	The method startTest(String, String) is undefined for the type ExtentReports
">
      <![CDATA[java.lang.Error: Unresolved compilation problem: 
	The method startTest(String, String) is undefined for the type ExtentReports

	at com.arcapi.Transittestcases.CreateAssetTransitAboveAPITest.CreateAssetPOSTAPI(CreateAssetTransitAboveAPITest.java:265)
... Removed 25 stack frames]]>
    </failure>
  </testcase> <!-- CreateAssetPOSTAPI -->
  <testcase name="SignAgreementRegistrationAPI" time="0.0" classname="com.arcapi.Transittestcases.SignAgreementRegistrationAPITest">
    <skipped/>
  </testcase> <!-- SignAgreementRegistrationAPI -->
  <testcase name="RegistrationPaymentPricingGetAPI" time="0.003" classname="com.arcapi.Transittestcases.RegistrationPaymentPricingGetAPITest">
    <skipped/>
  </testcase> <!-- RegistrationPaymentPricingGetAPI -->
  <testcase name="PaymentOrderSubmitPOSTAPI" time="0.0" classname="com.arcapi.Transittestcases.PaymentOrderSubmitPOSTAPITest">
    <skipped/>
  </testcase> <!-- PaymentOrderSubmitPOSTAPI -->
  <testcase name="AddAssestTimeline" time="0.0" classname="com.arcapi.Transittestcases.AddAssestTimelinePOSTAPITest">
    <skipped/>
  </testcase> <!-- AddAssestTimeline -->
  <testcase name="MeasuresListAPI" time="0.0" classname="com.arcapi.CrossRatingSystemtestcases.MeasuresListAPITest">
    <skipped/>
  </testcase> <!-- MeasuresListAPI -->
</testsuite> <!-- CrossRatingSystem-Transit -->
