<?xml version="1.0" encoding="UTF-8"?>
<!-- Generated by org.testng.reporters.JUnitXMLReporter -->
<testsuite hostname="G10GGNLT052" name="CrossRatingSystem-Building" tests="8" failures="1" timestamp="21 Aug 2019 04:42:37 GMT" time="0.111" errors="0">
  <testcase name="@AfterMethod teardown" time="0.0" classname="com.arcapi.Buildingtestcases.CreateAssetBuildingOtherAPITest">
    <failure type="java.lang.Error" message="Unresolved compilation problems: 
	LogStatus cannot be resolved to a variable
	LogStatus cannot be resolved to a variable
	LogStatus cannot be resolved to a variable
	The method endTest(Test) in the type Report is not applicable for the arguments (ExtentTest)
">
      <![CDATA[java.lang.Error: Unresolved compilation problems: 
	LogStatus cannot be resolved to a variable
	LogStatus cannot be resolved to a variable
	LogStatus cannot be resolved to a variable
	The method endTest(Test) in the type Report is not applicable for the arguments (ExtentTest)

	at com.arcapi.Buildingtestcases.CreateAssetBuildingOtherAPITest.teardown(CreateAssetBuildingOtherAPITest.java:204)
... Removed 27 stack frames]]>
    </failure>
  </testcase> <!-- @AfterMethod teardown -->
  <testcase name="@AfterClass end" time="0.0" classname="com.arcapi.Buildingtestcases.CreateAssetBuildingOtherAPITest">
    <skipped/>
  </testcase> <!-- @AfterClass end -->
  <testcase name="@BeforeClass getSuiteName" time="0.0" classname="com.arcapi.Buildingtestcases.SignAgreementRegistrationAPITest">
    <skipped/>
  </testcase> <!-- @BeforeClass getSuiteName -->
  <testcase name="@BeforeClass setBaseUri" time="0.0" classname="com.arcapi.Buildingtestcases.SignAgreementRegistrationAPITest">
    <skipped/>
  </testcase> <!-- @BeforeClass setBaseUri -->
  <testcase name="@BeforeMethod ExtentReportConfig" time="0.0" classname="com.arcapi.Buildingtestcases.SignAgreementRegistrationAPITest">
    <skipped/>
  </testcase> <!-- @BeforeMethod ExtentReportConfig -->
  <testcase name="@BeforeMethod startTest" time="0.0" classname="com.arcapi.Buildingtestcases.SignAgreementRegistrationAPITest">
    <skipped/>
  </testcase> <!-- @BeforeMethod startTest -->
  <testcase name="@AfterMethod teardown" time="0.0" classname="com.arcapi.Buildingtestcases.SignAgreementRegistrationAPITest">
    <skipped/>
  </testcase> <!-- @AfterMethod teardown -->
  <testcase name="@AfterClass end" time="0.0" classname="com.arcapi.Buildingtestcases.SignAgreementRegistrationAPITest">
    <skipped/>
  </testcase> <!-- @AfterClass end -->
  <testcase name="@BeforeClass getSuiteName" time="0.0" classname="com.arcapi.Buildingtestcases.RegistrationPaymentPricingGetAPITest">
    <skipped/>
  </testcase> <!-- @BeforeClass getSuiteName -->
  <testcase name="@BeforeClass setBaseUri" time="0.0" classname="com.arcapi.Buildingtestcases.RegistrationPaymentPricingGetAPITest">
    <skipped/>
  </testcase> <!-- @BeforeClass setBaseUri -->
  <testcase name="@BeforeMethod ExtentReportConfig" time="0.0" classname="com.arcapi.Buildingtestcases.RegistrationPaymentPricingGetAPITest">
    <skipped/>
  </testcase> <!-- @BeforeMethod ExtentReportConfig -->
  <testcase name="@BeforeMethod startTest" time="0.0" classname="com.arcapi.Buildingtestcases.RegistrationPaymentPricingGetAPITest">
    <skipped/>
  </testcase> <!-- @BeforeMethod startTest -->
  <testcase name="@AfterMethod teardown" time="0.0" classname="com.arcapi.Buildingtestcases.RegistrationPaymentPricingGetAPITest">
    <skipped/>
  </testcase> <!-- @AfterMethod teardown -->
  <testcase name="@AfterClass end" time="0.0" classname="com.arcapi.Buildingtestcases.RegistrationPaymentPricingGetAPITest">
    <skipped/>
  </testcase> <!-- @AfterClass end -->
  <testcase name="@BeforeClass getSuiteName" time="0.0" classname="com.arcapi.Buildingtestcases.PaymentOrderSubmitPOSTAPITest">
    <skipped/>
  </testcase> <!-- @BeforeClass getSuiteName -->
  <testcase name="@BeforeClass setBaseUri" time="0.0" classname="com.arcapi.Buildingtestcases.PaymentOrderSubmitPOSTAPITest">
    <skipped/>
  </testcase> <!-- @BeforeClass setBaseUri -->
  <testcase name="@BeforeMethod ExtentReportConfig" time="0.0" classname="com.arcapi.Buildingtestcases.PaymentOrderSubmitPOSTAPITest">
    <skipped/>
  </testcase> <!-- @BeforeMethod ExtentReportConfig -->
  <testcase name="@BeforeMethod startTest" time="0.0" classname="com.arcapi.Buildingtestcases.PaymentOrderSubmitPOSTAPITest">
    <skipped/>
  </testcase> <!-- @BeforeMethod startTest -->
  <testcase name="@AfterMethod teardown" time="0.0" classname="com.arcapi.Buildingtestcases.PaymentOrderSubmitPOSTAPITest">
    <skipped/>
  </testcase> <!-- @AfterMethod teardown -->
  <testcase name="@AfterClass end" time="0.0" classname="com.arcapi.Buildingtestcases.PaymentOrderSubmitPOSTAPITest">
    <skipped/>
  </testcase> <!-- @AfterClass end -->
  <testcase name="@BeforeClass getSuiteName" time="0.0" classname="com.arcapi.Buildingtestcases.AddAssestTimelinePOSTAPITest">
    <skipped/>
  </testcase> <!-- @BeforeClass getSuiteName -->
  <testcase name="@BeforeClass setBaseUri" time="0.0" classname="com.arcapi.Buildingtestcases.AddAssestTimelinePOSTAPITest">
    <skipped/>
  </testcase> <!-- @BeforeClass setBaseUri -->
  <testcase name="@BeforeMethod ExtentReportConfig" time="0.0" classname="com.arcapi.Buildingtestcases.AddAssestTimelinePOSTAPITest">
    <skipped/>
  </testcase> <!-- @BeforeMethod ExtentReportConfig -->
  <testcase name="@BeforeMethod startTest" time="0.0" classname="com.arcapi.Buildingtestcases.AddAssestTimelinePOSTAPITest">
    <skipped/>
  </testcase> <!-- @BeforeMethod startTest -->
  <testcase name="@AfterMethod teardown" time="0.0" classname="com.arcapi.Buildingtestcases.AddAssestTimelinePOSTAPITest">
    <skipped/>
  </testcase> <!-- @AfterMethod teardown -->
  <testcase name="@AfterClass end" time="0.0" classname="com.arcapi.Buildingtestcases.AddAssestTimelinePOSTAPITest">
    <skipped/>
  </testcase> <!-- @AfterClass end -->
  <testcase name="@BeforeClass getSuiteName" time="0.0" classname="com.arcapi.CrossRatingSystemtestcases.AQIDataGetAPITest">
    <skipped/>
  </testcase> <!-- @BeforeClass getSuiteName -->
  <testcase name="@BeforeClass setBaseUri" time="0.0" classname="com.arcapi.CrossRatingSystemtestcases.AQIDataGetAPITest">
    <skipped/>
  </testcase> <!-- @BeforeClass setBaseUri -->
  <testcase name="@BeforeMethod ExtentReportConfig" time="0.0" classname="com.arcapi.CrossRatingSystemtestcases.AQIDataGetAPITest">
    <skipped/>
  </testcase> <!-- @BeforeMethod ExtentReportConfig -->
  <testcase name="@BeforeMethod startTest" time="0.0" classname="com.arcapi.CrossRatingSystemtestcases.AQIDataGetAPITest">
    <skipped/>
  </testcase> <!-- @BeforeMethod startTest -->
  <testcase name="@AfterMethod teardown" time="0.0" classname="com.arcapi.CrossRatingSystemtestcases.AQIDataGetAPITest">
    <skipped/>
  </testcase> <!-- @AfterMethod teardown -->
  <testcase name="@AfterClass end" time="0.0" classname="com.arcapi.CrossRatingSystemtestcases.AQIDataGetAPITest">
    <skipped/>
  </testcase> <!-- @AfterClass end -->
  <testcase name="@BeforeClass getSuiteName" time="0.0" classname="com.arcapi.CrossRatingSystemtestcases.RidershipDataGetAPITest">
    <skipped/>
  </testcase> <!-- @BeforeClass getSuiteName -->
  <testcase name="@BeforeClass setBaseUri" time="0.0" classname="com.arcapi.CrossRatingSystemtestcases.RidershipDataGetAPITest">
    <skipped/>
  </testcase> <!-- @BeforeClass setBaseUri -->
  <testcase name="@BeforeMethod ExtentReportConfig" time="0.0" classname="com.arcapi.CrossRatingSystemtestcases.RidershipDataGetAPITest">
    <skipped/>
  </testcase> <!-- @BeforeMethod ExtentReportConfig -->
  <testcase name="@BeforeMethod startTest" time="0.0" classname="com.arcapi.CrossRatingSystemtestcases.RidershipDataGetAPITest">
    <skipped/>
  </testcase> <!-- @BeforeMethod startTest -->
  <testcase name="@AfterMethod teardown" time="0.0" classname="com.arcapi.CrossRatingSystemtestcases.RidershipDataGetAPITest">
    <skipped/>
  </testcase> <!-- @AfterMethod teardown -->
  <testcase name="@AfterClass end" time="0.0" classname="com.arcapi.CrossRatingSystemtestcases.RidershipDataGetAPITest">
    <skipped/>
  </testcase> <!-- @AfterClass end -->
  <testcase name="@BeforeClass getSuiteName" time="0.0" classname="com.arcapi.CrossRatingSystemtestcases.MeasuresListAPITest">
    <skipped/>
  </testcase> <!-- @BeforeClass getSuiteName -->
  <testcase name="@BeforeClass setBaseUri" time="0.0" classname="com.arcapi.CrossRatingSystemtestcases.MeasuresListAPITest">
    <skipped/>
  </testcase> <!-- @BeforeClass setBaseUri -->
  <testcase name="@BeforeMethod ExtentReportConfig" time="0.0" classname="com.arcapi.CrossRatingSystemtestcases.MeasuresListAPITest">
    <skipped/>
  </testcase> <!-- @BeforeMethod ExtentReportConfig -->
  <testcase name="@BeforeMethod startTest" time="0.0" classname="com.arcapi.CrossRatingSystemtestcases.MeasuresListAPITest">
    <skipped/>
  </testcase> <!-- @BeforeMethod startTest -->
  <testcase name="@AfterMethod teardown" time="0.0" classname="com.arcapi.CrossRatingSystemtestcases.MeasuresListAPITest">
    <skipped/>
  </testcase> <!-- @AfterMethod teardown -->
  <testcase name="@AfterClass end" time="0.0" classname="com.arcapi.CrossRatingSystemtestcases.MeasuresListAPITest">
    <skipped/>
  </testcase> <!-- @AfterClass end -->
  <testcase name="CreateAssetPOSTAPI" time="0.0" classname="com.arcapi.Buildingtestcases.CreateAssetBuildingOtherAPITest">
    <failure type="java.lang.Error" message="Unresolved compilation problem: 
	The method startTest(String, String) is undefined for the type ExtentReports
">
      <![CDATA[java.lang.Error: Unresolved compilation problem: 
	The method startTest(String, String) is undefined for the type ExtentReports

	at com.arcapi.Buildingtestcases.CreateAssetBuildingOtherAPITest.CreateAssetPOSTAPI(CreateAssetBuildingOtherAPITest.java:178)
... Removed 25 stack frames]]>
    </failure>
  </testcase> <!-- CreateAssetPOSTAPI -->
  <testcase name="SignAgreementRegistrationAPI" time="0.0" classname="com.arcapi.Buildingtestcases.SignAgreementRegistrationAPITest">
    <skipped/>
  </testcase> <!-- SignAgreementRegistrationAPI -->
  <testcase name="RegistrationPaymentPricingGetAPI" time="0.0" classname="com.arcapi.Buildingtestcases.RegistrationPaymentPricingGetAPITest">
    <skipped/>
  </testcase> <!-- RegistrationPaymentPricingGetAPI -->
  <testcase name="PaymentOrderSubmitPOSTAPI" time="0.0" classname="com.arcapi.Buildingtestcases.PaymentOrderSubmitPOSTAPITest">
    <skipped/>
  </testcase> <!-- PaymentOrderSubmitPOSTAPI -->
  <testcase name="AddAssestTimeline" time="0.0" classname="com.arcapi.Buildingtestcases.AddAssestTimelinePOSTAPITest">
    <skipped/>
  </testcase> <!-- AddAssestTimeline -->
  <testcase name="AQIDataGetAPI" time="0.0" classname="com.arcapi.CrossRatingSystemtestcases.AQIDataGetAPITest">
    <skipped/>
  </testcase> <!-- AQIDataGetAPI -->
  <testcase name="RidershipDataGetAPI" time="0.0" classname="com.arcapi.CrossRatingSystemtestcases.RidershipDataGetAPITest">
    <skipped/>
  </testcase> <!-- RidershipDataGetAPI -->
  <testcase name="MeasuresListAPI" time="0.0" classname="com.arcapi.CrossRatingSystemtestcases.MeasuresListAPITest">
    <skipped/>
  </testcase> <!-- MeasuresListAPI -->
</testsuite> <!-- CrossRatingSystem-Building -->
