<?xml version="1.0" encoding="UTF-8"?>
<!-- Generated by org.testng.reporters.JUnitXMLReporter -->
<testsuite hostname="G10GNLT041" ignored="0" name="CompleteFlowTest-Transit-Above" tests="115" failures="3" timestamp="17 Jun 2019 09:30:38 GMT" time="1241.865" errors="0">
  <testcase name="LoginAPI" time="17.86" classname="com.arcapi.Transittestcases.LoginAPITest"/>
  <testcase name="UserDetailAPI" time="3.343" classname="com.arcapi.Transittestcases.UserDetailAPITest"/>
  <testcase name="UserAccessLevelSAPGet" time="3.041" classname="com.arcapi.Transittestcases.UserAccessLevelSAPGetTest"/>
  <testcase name="LOTokenAPI" time="2.646" classname="com.arcapi.Transittestcases.LOTokenAPITest"/>
  <testcase name="AssetSearchAPI" time="2.753" classname="com.arcapi.Transittestcases.AssetSearchAPITest"/>
  <testcase name="AssetValidationInfoPOSTAPI" time="3.115" classname="com.arcapi.Transittestcases.AssetValidationInfoPOSTAPITest"/>
  <testcase name="AssetSearchOwnerAPI" time="3.066" classname="com.arcapi.Transittestcases.AssetSearchOwnerAPITest"/>
  <testcase name="AssetOwnerOrgPOSTAPI" time="4.19" classname="com.arcapi.Transittestcases.AssetOwnerOrgPOSTAPITest"/>
  <testcase name="AssetListAPI" time="3.573" classname="com.arcapi.Transittestcases.AssetListAPITest"/>
  <testcase name="CreateAssetPOSTAPI" time="13.74" classname="com.arcapi.Transittestcases.CreateAssetTransitAboveAPITest"/>
  <testcase name="SignAgreementRegistrationAPI" time="5.154" classname="com.arcapi.Transittestcases.SignAgreementRegistrationAPITest"/>
  <testcase name="RegistrationPaymentPricingGetAPI" time="4.802" classname="com.arcapi.Transittestcases.RegistrationPaymentPricingGetAPITest"/>
  <testcase name="PaymentOrderSubmitPOSTAPI" time="9.739" classname="com.arcapi.Transittestcases.PaymentOrderSubmitPOSTAPITest"/>
  <testcase name="AddAssestTimeline" time="6.876" classname="com.arcapi.Transittestcases.AddAssestTimelinePOSTAPITest"/>
  <testcase name="PaymentOrderGetAPI" time="3.322" classname="com.arcapi.Transittestcases.PaymentOrderGetAPITest"/>
  <testcase name="PaymentReceiptAPI" time="11.954" classname="com.arcapi.Transittestcases.PaymentReceiptAPITest"/>
  <testcase name="PaymentHistoryAPI" time="3.421" classname="com.arcapi.Transittestcases.PaymentHistoryAPITest"/>
  <testcase name="AssetDetailAPI" time="3.945" classname="com.arcapi.Transittestcases.AssetDetailAPITest"/>
  <testcase name="AssetUpdateforNewAssetPUTAPI" time="4.457" classname="com.arcapi.Transittestcases.AssetUpdateTransitAboveAPITest"/>
  <testcase name="VerifyAssetDetailAPI" time="4.259" classname="com.arcapi.Transittestcases.VerifyAssetDetailAPITest"/>
  <testcase name="VerifyProjectRegisteredAssetList" time="4.565" classname="com.arcapi.Transittestcases.VerifyProjectRegisteredAssetListTest"/>
  <testcase name="AssetDocumentAPI" time="5.475" classname="com.arcapi.Transittestcases.AssetDocumentAPITest"/>
  <testcase name="DownloadDocumentsAPI" time="4.877" classname="com.arcapi.Transittestcases.DownloadDocumentsAPITest"/>
  <testcase name="VerifyAgreementPresentAPI" time="4.335" classname="com.arcapi.Transittestcases.VerifyAgreementPresentAPITest"/>
  <testcase name="FetchingAgreementDetailsAPI" time="6.444" classname="com.arcapi.Transittestcases.FetchingAgreementDetailsAPITest"/>
  <testcase name="VerifyAgreementDeleteAPI" time="3.117" classname="com.arcapi.Transittestcases.VerifyAgreementDeleteAPITest"/>
  <testcase name="CreditGetAPI" time="33.703" classname="com.arcapi.Transittestcases.CreditGetAPITest"/>
  <testcase name="CreditUpdatePUTAPI" time="84.546" classname="com.arcapi.Transittestcases.CreditUpdatePUTAPITest"/>
  <testcase name="CreditFormDownloadAPI" time="10.312" classname="com.arcapi.Transittestcases.CreditFormDownloadAPITest"/>
  <testcase name="CreditAddTeamPOSTAPI" time="94.588" classname="com.arcapi.Transittestcases.CreditAddTeamPOSTAPITest"/>
  <testcase name="MetersAPI" time="3.454" classname="com.arcapi.Transittestcases.MetersAPITest"/>
  <testcase name="MeterCreatePOSTAPI" time="4.02" classname="com.arcapi.Transittestcases.MeterCreatePOSTAPITest"/>
  <testcase name="AssetMeterDetailAPI" time="3.066" classname="com.arcapi.Transittestcases.AssetMeterDetailAPITest"/>
  <testcase name="MeterUpdatePUTAPI" time="2.93" classname="com.arcapi.Transittestcases.MeterUpdatePUTAPITest"/>
  <testcase name="MeterBulkConsumptionPOSTAPI" time="3.277" classname="com.arcapi.Transittestcases.MeterBulkConsumptionPOSTAPITest"/>
  <testcase name="ConsumptionListAPI" time="2.722" classname="com.arcapi.Transittestcases.ConsumptionListAPITest"/>
  <testcase name="ConsumptionCreatePOSTAPI" time="3.598" classname="com.arcapi.Transittestcases.ConsumptionCreatePOSTAPITest"/>
  <testcase name="ConsumptionDetailAPI" time="3.015" classname="com.arcapi.Transittestcases.ConsumptionDetailAPITest"/>
  <testcase name="ConsumptionUpdatePUTAPI" time="3.196" classname="com.arcapi.Transittestcases.ConsumptionUpdatePUTAPITest"/>
  <testcase name="ConsumptionDeleteAPI" time="2.917" classname="com.arcapi.Transittestcases.ConsumptionDeleteAPITest"/>
  <testcase name="MeterDeleteAPI" time="3.517" classname="com.arcapi.Transittestcases.MeterDeleteAPITest"/>
  <testcase name="WasteCreatePOSTAPI" time="4.294" classname="com.arcapi.Transittestcases.WasteCreatePOSTAPITest"/>
  <testcase name="WasteGetAPI" time="2.665" classname="com.arcapi.Transittestcases.WasteGetAPITest"/>
  <testcase name="WasteDetailAPI" time="2.867" classname="com.arcapi.Transittestcases.WasteDetailAPITest"/>
  <testcase name="WasteUpdatePUTAPI" time="3.305" classname="com.arcapi.Transittestcases.WasteUpdatePUTAPITest"/>
  <testcase name="WasteDetailDeleteAPI" time="4.618" classname="com.arcapi.Transittestcases.WasteDetailDeleteAPITest"/>
  <testcase name="TransitSurveyCreatePOSTAPI" time="5.007" classname="com.arcapi.Transittestcases.TransitSurveyCreatePOSTAPITest"/>
  <testcase name="TransitSurveyAPI" time="3.039" classname="com.arcapi.Transittestcases.TransitSurveyAPITest"/>
  <testcase name="TransitSurveySummarizeSurveyAPI" time="2.748" classname="com.arcapi.Transittestcases.TransitSurveySummarizeSurveyAPITest"/>
  <testcase name="EnvironmentSurveyCreatePOSTAPI" time="2.993" classname="com.arcapi.Transittestcases.EnvironmentSurveyCreatePOSTAPITest"/>
  <testcase name="EnvironmentSurveyGetAPI" time="2.687" classname="com.arcapi.Transittestcases.EnvironmentSurveyGetAPITest"/>
  <testcase name="EnvironmentSurveySummarizeAPI" time="2.589" classname="com.arcapi.Transittestcases.EnvironmentSurveySummarizeAPITest"/>
  <testcase name="AssetTeamMemberRoleAPI" time="4.186" classname="com.arcapi.Transittestcases.AssetTeamMemberRoleAPITest"/>
  <testcase name="AssetTeamMemberListAPI" time="4.718" classname="com.arcapi.Transittestcases.AssetTeamMemberListAPITest"/>
  <testcase name="AssetTeamMemberAddPOSTAPI" time="4.904" classname="com.arcapi.Transittestcases.AssetTeamMemberAddPOSTAPITest"/>
  <testcase name="AssetTeamMemberUpdateAPI" time="5.226" classname="com.arcapi.Transittestcases.AssetTeamMemberUpdateAPITest"/>
  <testcase name="AssetTeamMemberRemoveAPI" time="5.456" classname="com.arcapi.Transittestcases.AssetTeamMemberRemoveAPITest"/>
  <testcase name="DeleteAllAppsAPI" time="7.401" classname="com.arcapi.Transittestcases.DeleteAllAppsAPITest"/>
  <testcase name="InstallAllAppsAfterDeleteAPI" time="10.638" classname="com.arcapi.Transittestcases.InstallAllAppsAfterDeleteAPITest"/>
  <testcase name="AssetAppListAPI" time="3.129" classname="com.arcapi.Transittestcases.AssetAppListAPITest"/>
  <testcase name="S3DocumentUploadPOSTAPI" time="22.754" classname="com.arcapi.Transittestcases.S3DocumentUploadPOSTAPITest"/>
  <testcase name="S3DocumentListAPI" time="3.753" classname="com.arcapi.Transittestcases.S3DocumentListAPITest"/>
  <testcase name="S3DocumentRemoveAPI" time="3.272" classname="com.arcapi.Transittestcases.S3DocumentRemoveAPITest"/>
  <testcase name="ExcelUploadTemplatePOSTAPI" time="5.187" classname="com.arcapi.Transittestcases.ExcelUploadTemplateTransitAboveAPITest"/>
  <testcase name="AssetTeamPermissionListAPI" time="3.878" classname="com.arcapi.Transittestcases.AssetTeamPermissionListAPITest"/>
  <testcase name="AssetTeamPermissionPostAPI" time="3.886" classname="com.arcapi.Transittestcases.AssetTeamPermissionPostAPITest"/>
  <testcase name="AssetTeamPermissionPutAPI" time="3.58" classname="com.arcapi.Transittestcases.AssetTeamPermissionPutAPITest"/>
  <testcase name="VerifyAdminRemoveAPI" time="5.2" classname="com.arcapi.Transittestcases.VerifyAdminRemoveAPITest">
    <failure type="java.lang.AssertionError" message="1 expectation failed.
Expected status code &amp;lt;403&amp;gt; doesn&amp;apos;t match actual status code &amp;lt;200&amp;gt;.
">
      <![CDATA[java.lang.AssertionError: 1 expectation failed.Expected status code <403> doesn't match actual status code <200>.at org.codehaus.groovy.runtime.callsite.ConstructorSite$ConstructorSiteNoUnwrap.callConstructor(ConstructorSite.java:84)at org.codehaus.groovy.runtime.callsite.AbstractCallSite.callConstructor(AbstractCallSite.java:247)at com.jayway.restassured.internal.ResponseSpecificationImpl$HamcrestAssertionClosure.validate(ResponseSpecificationImpl.groovy:598)at com.jayway.restassured.internal.ResponseSpecificationImpl$HamcrestAssertionClosure$validate$1.call(Unknown Source)at com.jayway.restassured.internal.ResponseSpecificationImpl.validateResponseIfRequired(ResponseSpecificationImpl.groovy:760)at org.codehaus.groovy.runtime.callsite.PogoMetaMethodSite$PogoCachedMethodSiteNoUnwrapNoCoerce.invoke(PogoMetaMethodSite.java:210)at org.codehaus.groovy.runtime.callsite.PogoMetaMethodSite.callCurrent(PogoMetaMethodSite.java:59)at org.codehaus.groovy.runtime.callsite.AbstractCallSite.callCurrent(AbstractCallSite.java:166)at com.jayway.restassured.internal.ResponseSpecificationImpl.statusCode(ResponseSpecificationImpl.groovy:120)at com.jayway.restassured.specification.ResponseSpecification$statusCode$0.callCurrent(Unknown Source)at com.jayway.restassured.internal.ResponseSpecificationImpl.statusCode(ResponseSpecificationImpl.groovy:128)at com.jayway.restassured.internal.ValidatableResponseOptionsImpl.statusCode(ValidatableResponseOptionsImpl.java:117)at com.arcapi.Transittestcases.VerifyAdminRemoveAPITest.VerifyAdminRemoveAPI(VerifyAdminRemoveAPITest.java:65)... Removed 35 stack frames]]>
    </failure>
  </testcase> <!-- VerifyAdminRemoveAPI -->
  <testcase name="AssetNotificationSubscriptionList" time="3.017" classname="com.arcapi.Transittestcases.AssetNotificationSubscriptionListTest"/>
  <testcase name="AssetNotificationSubscriptionPost" time="4.222" classname="com.arcapi.Transittestcases.AssetNotificationSubscriptionPostTest"/>
  <testcase name="NotificationSubscriptionDetail" time="2.89" classname="com.arcapi.Transittestcases.NotificationSubscriptionDetailGetTest"/>
  <testcase name="NotificationSubscriptionDetail" time="2.845" classname="com.arcapi.Transittestcases.NotificationSubscriptionDetailPutTest"/>
  <testcase name="NotificationSubscriptionDetailDelete" time="3.408" classname="com.arcapi.Transittestcases.NotificationSubscriptionDetailDeleteTest"/>
  <testcase name="AssetDataSnapshotAPI" time="17.189" classname="com.arcapi.Transittestcases.AssetDataSnapshotAPITest"/>
  <testcase name="RecomputePerformanceScoreGet" time="9.331" classname="com.arcapi.Transittestcases.RecomputePerformanceScoreGetTest"/>
  <testcase name="ReviewCertificationPricingAPI" time="6.309" classname="com.arcapi.Transittestcases.ReviewCertificationPricingAPITest"/>
  <testcase name="SubmitReviewPOSTAPI" time="303.074" classname="com.arcapi.Transittestcases.SubmitReviewPOSTAPITest">
    <failure type="java.lang.AssertionError" message="1 expectation failed.
Expected status code &amp;lt;200&amp;gt; doesn&amp;apos;t match actual status code &amp;lt;500&amp;gt;.
">
      <![CDATA[java.lang.AssertionError: 1 expectation failed.Expected status code <200> doesn't match actual status code <500>.at org.codehaus.groovy.runtime.callsite.ConstructorSite$ConstructorSiteNoUnwrap.callConstructor(ConstructorSite.java:84)at org.codehaus.groovy.runtime.callsite.AbstractCallSite.callConstructor(AbstractCallSite.java:247)at com.jayway.restassured.internal.ResponseSpecificationImpl$HamcrestAssertionClosure.validate(ResponseSpecificationImpl.groovy:598)at com.jayway.restassured.internal.ResponseSpecificationImpl$HamcrestAssertionClosure$validate$1.call(Unknown Source)at com.jayway.restassured.internal.ResponseSpecificationImpl.validate(ResponseSpecificationImpl.groovy:86)at com.jayway.restassured.internal.ValidatableResponseOptionsImpl.specification(ValidatableResponseOptionsImpl.java:307)at com.jayway.restassured.internal.ValidatableResponseOptionsImpl.spec(ValidatableResponseOptionsImpl.java:288)at com.arcapi.Transittestcases.SubmitReviewPOSTAPITest.SubmitReviewPOSTAPI(SubmitReviewPOSTAPITest.java:140)... Removed 32 stack frames]]>
    </failure>
  </testcase> <!-- SubmitReviewPOSTAPI -->
  <testcase name="SubmitReviewGetAPI" time="3.535" classname="com.arcapi.Transittestcases.SubmitReviewGetAPITest"/>
  <testcase name="NotificationCreatePOSTAPI" time="2.837" classname="com.arcapi.Transittestcases.NotificationCreatePOSTAPITest"/>
  <testcase name="NotificationGetAPI" time="3.048" classname="com.arcapi.Transittestcases.NotificationGetAPITest"/>
  <testcase name="NotificationDeleteAPI" time="2.85" classname="com.arcapi.Transittestcases.NotificationDeleteAPITest"/>
  <testcase name="FeedbackSubmitPostAPI" time="3.087" classname="com.arcapi.Transittestcases.FeedbackSubmitPostAPITest"/>
  <testcase name="TransitSurveyExportAPI" time="3.456" classname="com.arcapi.Transittestcases.TransitSurveyExportAPITest"/>
  <testcase name="EnvironmentSurveyExportAPI" time="3.488" classname="com.arcapi.Transittestcases.EnvironmentSurveyExportAPITest"/>
  <testcase name="AssetDataExportAPI" time="4.456" classname="com.arcapi.Transittestcases.AssetDataExportAPITest"/>
  <testcase name="AssetPerformanceScoreListAPI" time="3.472" classname="com.arcapi.Transittestcases.AssetPerformanceScoreListAPITest"/>
  <testcase name="AnalysisDataSubmitPOSTAPI" time="16.255" classname="com.arcapi.Transittestcases.AnalysisDataSubmitPOSTAPITest"/>
  <testcase name="AnalysisDataGetAPI" time="3.526" classname="com.arcapi.Transittestcases.AnalysisDataGetAPITest"/>
  <testcase name="CO2GetTestAPI" time="3.492" classname="com.arcapi.Transittestcases.CO2GetTest"/>
  <testcase name="GhgGetTestAPI" time="3.163" classname="com.arcapi.Transittestcases.GhgGetTest"/>
  <testcase name="GhgCalcGet" time="3.129" classname="com.arcapi.Transittestcases.GhgCalcGetTest"/>
  <testcase name="VOCGet" time="2.785" classname="com.arcapi.Transittestcases.VOCGetTest"/>
  <testcase name="AQIDataGetAPI" time="3.312" classname="com.arcapi.Transittestcases.AQIDataGetAPITest"/>
  <testcase name="RidershipDataGetAPI" time="3.197" classname="com.arcapi.Transittestcases.RidershipDataGetAPITest"/>
  <testcase name="WaterGet" time="3.319" classname="com.arcapi.Transittestcases.WaterGetTest"/>
  <testcase name="AssetCertificationListAPI" time="3.197" classname="com.arcapi.Transittestcases.AssetCertificationListAPITest"/>
  <testcase name="AssetCertificationPOSTAPI" time="4.727" classname="com.arcapi.Transittestcases.AssetCertificationPOSTAPITest"/>
  <testcase name="TemperatureDataGet" time="2.914" classname="com.arcapi.Transittestcases.TemperatureDataGetTest"/>
  <testcase name="AssetRequiredFieldsAPI" time="3.962" classname="com.arcapi.Transittestcases.AssetRequiredFieldsAPITest"/>
  <testcase name="CountryStatesJSONAPI" time="3.398" classname="com.arcapi.Transittestcases.CountryStatesJSONAPITest"/>
  <testcase name="AssociatedCategoriesAPI" time="3.064" classname="com.arcapi.Transittestcases.AssociatedCategoriesAPITest"/>
  <testcase name="RatingSystemListAPI" time="3.176" classname="com.arcapi.Transittestcases.RatingSystemListAPITest"/>
  <testcase name="AppVersionDetailAPI" time="2.931" classname="com.arcapi.Transittestcases.AppVersionDetailAPITest"/>
  <testcase name="FuelCategoryAPI" time="3.109" classname="com.arcapi.Transittestcases.FuelCategoryAPITest"/>
  <testcase name="GetAllDocumentListAPI" time="4.099" classname="com.arcapi.Transittestcases.GetAllDocumentListAPITest"/>
  <testcase name="PerformanceComparablesGetAPI" time="3.014" classname="com.arcapi.Transittestcases.PerformanceComparablesGetAPITest"/>
  <testcase name="ScoreWeightsAPI" time="2.868" classname="com.arcapi.Transittestcases.ScoreWeightsAPITest"/>
  <testcase name="ThirdPartyListAppsAPI" time="2.986" classname="com.arcapi.Transittestcases.ThirdPartyListAppsAPITest"/>
  <testcase name="AvgPerformaceList" time="3.031" classname="com.arcapi.Transittestcases.AvgPerformaceListGetTest"/>
  <testcase name="AssetSnapshotKeysAPI" time="3.071" classname="com.arcapi.Transittestcases.AssetSnapshotKeysAPITest"/>
  <testcase name="AssetSnapshotDownloadAPI" time="2.62" classname="com.arcapi.Transittestcases.AssetSnapshotDownloadAPITest">
    <failure type="java.lang.AssertionError" message="1 expectation failed.
Expected status code &amp;lt;200&amp;gt; doesn&amp;apos;t match actual status code &amp;lt;404&amp;gt;.
">
      <![CDATA[java.lang.AssertionError: 1 expectation failed.Expected status code <200> doesn't match actual status code <404>.at org.codehaus.groovy.runtime.callsite.ConstructorSite$ConstructorSiteNoUnwrap.callConstructor(ConstructorSite.java:84)at org.codehaus.groovy.runtime.callsite.AbstractCallSite.callConstructor(AbstractCallSite.java:247)at com.jayway.restassured.internal.ResponseSpecificationImpl$HamcrestAssertionClosure.validate(ResponseSpecificationImpl.groovy:598)at com.jayway.restassured.internal.ResponseSpecificationImpl$HamcrestAssertionClosure$validate$1.call(Unknown Source)at com.jayway.restassured.internal.ResponseSpecificationImpl.validate(ResponseSpecificationImpl.groovy:86)at com.jayway.restassured.internal.ValidatableResponseOptionsImpl.specification(ValidatableResponseOptionsImpl.java:307)at com.jayway.restassured.internal.ValidatableResponseOptionsImpl.spec(ValidatableResponseOptionsImpl.java:288)at com.arcapi.Transittestcases.AssetSnapshotDownloadAPITest.AssetSnapshotDownloadAPI(AssetSnapshotDownloadAPITest.java:51)... Removed 32 stack frames]]>
    </failure>
  </testcase> <!-- AssetSnapshotDownloadAPI -->
  <testcase name="MetersAPI" time="5.652" classname="com.arcapi.Transittestcases.ExcelTemplateMetersTransitAboveAPITest"/>
  <testcase name="VerifyExcelTemplateConsumptionAPI" time="6.844" classname="com.arcapi.Transittestcases.VerifyExcelTemplateConsumptionTransitAboveTest"/>
  <testcase name="VerifyWasteDataExcelAPI" time="3.883" classname="com.arcapi.Transittestcases.VerifyWasteDataExcelAPITest"/>
  <testcase name="ExcelTemplateMetersHEAPI" time="13.491" classname="com.arcapi.Transittestcases.ExcelTemplateMetersHEAPITest"/>
</testsuite> <!-- CompleteFlowTest-Transit-Above -->
