<?xml version="1.0" encoding="UTF-8"?>
<!-- Generated by org.testng.reporters.JUnitXMLReporter -->
<testsuite hostname="G10GNLT041" ignored="0" name="CompleteFlowTest-Transit-Below" tests="114" failures="5" timestamp="17 Jun 2019 09:09:56 GMT" time="1019.929" errors="0">
  <testcase name="LoginAPI" time="17.053" classname="com.arcapi.Transittestcases.LoginAPITest"/>
  <testcase name="UserDetailAPI" time="2.254" classname="com.arcapi.Transittestcases.UserDetailAPITest"/>
  <testcase name="UserAccessLevelSAPGet" time="1.949" classname="com.arcapi.Transittestcases.UserAccessLevelSAPGetTest"/>
  <testcase name="LOTokenAPI" time="2.076" classname="com.arcapi.Transittestcases.LOTokenAPITest"/>
  <testcase name="AssetSearchAPI" time="1.899" classname="com.arcapi.Transittestcases.AssetSearchAPITest"/>
  <testcase name="AssetValidationInfoPOSTAPI" time="2.208" classname="com.arcapi.Transittestcases.AssetValidationInfoPOSTAPITest"/>
  <testcase name="AssetSearchOwnerAPI" time="2.07" classname="com.arcapi.Transittestcases.AssetSearchOwnerAPITest"/>
  <testcase name="AssetOwnerOrgPOSTAPI" time="3.487" classname="com.arcapi.Transittestcases.AssetOwnerOrgPOSTAPITest"/>
  <testcase name="AssetListAPI" time="2.387" classname="com.arcapi.Transittestcases.AssetListAPITest"/>
  <testcase name="CreateAssetPOSTAPI" time="9.463" classname="com.arcapi.Transittestcases.CreateAssetTransitBelowAPITest"/>
  <testcase name="SignAgreementRegistrationAPI" time="4.01" classname="com.arcapi.Transittestcases.SignAgreementRegistrationAPITest"/>
  <testcase name="RegistrationPaymentPricingGetAPI" time="2.903" classname="com.arcapi.Transittestcases.RegistrationPaymentPricingGetAPITest"/>
  <testcase name="PaymentOrderSubmitPOSTAPI" time="9.561" classname="com.arcapi.Transittestcases.PaymentOrderSubmitPOSTAPITest"/>
  <testcase name="AddAssestTimeline" time="6.723" classname="com.arcapi.Transittestcases.AddAssestTimelinePOSTAPITest"/>
  <testcase name="PaymentOrderGetAPI" time="2.002" classname="com.arcapi.Transittestcases.PaymentOrderGetAPITest"/>
  <testcase name="PaymentReceiptAPI" time="8.667" classname="com.arcapi.Transittestcases.PaymentReceiptAPITest"/>
  <testcase name="PaymentHistoryAPI" time="1.977" classname="com.arcapi.Transittestcases.PaymentHistoryAPITest"/>
  <testcase name="AssetDetailAPI" time="2.727" classname="com.arcapi.Transittestcases.AssetDetailAPITest"/>
  <testcase name="AssetUpdateforNewAssetPUTAPI" time="3.075" classname="com.arcapi.Transittestcases.AssetUpdateTransitBelowAPITest"/>
  <testcase name="VerifyAssetDetailAPI" time="4.64" classname="com.arcapi.Transittestcases.VerifyAssetDetailAPITest"/>
  <testcase name="VerifyProjectRegisteredAssetList" time="2.858" classname="com.arcapi.Transittestcases.VerifyProjectRegisteredAssetListTest"/>
  <testcase name="AssetDocumentAPI" time="3.732" classname="com.arcapi.Transittestcases.AssetDocumentAPITest"/>
  <testcase name="DownloadDocumentsAPI" time="2.773" classname="com.arcapi.Transittestcases.DownloadDocumentsAPITest"/>
  <testcase name="VerifyAgreementPresentAPI" time="2.544" classname="com.arcapi.Transittestcases.VerifyAgreementPresentAPITest"/>
  <testcase name="FetchingAgreementDetailsAPI" time="3.425" classname="com.arcapi.Transittestcases.FetchingAgreementDetailsAPITest"/>
  <testcase name="VerifyAgreementDeleteAPI" time="1.94" classname="com.arcapi.Transittestcases.VerifyAgreementDeleteAPITest"/>
  <testcase name="CreditGetAPI" time="15.936" classname="com.arcapi.Transittestcases.CreditGetAPITest"/>
  <testcase name="CreditUpdatePUTAPI" time="76.394" classname="com.arcapi.Transittestcases.CreditUpdatePUTAPITest"/>
  <testcase name="CreditFormDownloadAPI" time="5.623" classname="com.arcapi.Transittestcases.CreditFormDownloadAPITest"/>
  <testcase name="CreditAddTeamPOSTAPI" time="90.672" classname="com.arcapi.Transittestcases.CreditAddTeamPOSTAPITest"/>
  <testcase name="MetersAPI" time="2.282" classname="com.arcapi.Transittestcases.MetersAPITest"/>
  <testcase name="MeterCreatePOSTAPI" time="2.488" classname="com.arcapi.Transittestcases.MeterCreatePOSTAPITest"/>
  <testcase name="AssetMeterDetailAPI" time="3.093" classname="com.arcapi.Transittestcases.AssetMeterDetailAPITest"/>
  <testcase name="MeterUpdatePUTAPI" time="2.527" classname="com.arcapi.Transittestcases.MeterUpdatePUTAPITest"/>
  <testcase name="MeterBulkConsumptionPOSTAPI" time="3.254" classname="com.arcapi.Transittestcases.MeterBulkConsumptionPOSTAPITest"/>
  <testcase name="ConsumptionListAPI" time="2.765" classname="com.arcapi.Transittestcases.ConsumptionListAPITest"/>
  <testcase name="ConsumptionCreatePOSTAPI" time="3.43" classname="com.arcapi.Transittestcases.ConsumptionCreatePOSTAPITest"/>
  <testcase name="ConsumptionDetailAPI" time="1.864" classname="com.arcapi.Transittestcases.ConsumptionDetailAPITest"/>
  <testcase name="ConsumptionUpdatePUTAPI" time="2.93" classname="com.arcapi.Transittestcases.ConsumptionUpdatePUTAPITest"/>
  <testcase name="ConsumptionDeleteAPI" time="3.004" classname="com.arcapi.Transittestcases.ConsumptionDeleteAPITest"/>
  <testcase name="MeterDeleteAPI" time="3.941" classname="com.arcapi.Transittestcases.MeterDeleteAPITest"/>
  <testcase name="WasteCreatePOSTAPI" time="5.701" classname="com.arcapi.Transittestcases.WasteCreatePOSTAPITest"/>
  <testcase name="WasteGetAPI" time="2.653" classname="com.arcapi.Transittestcases.WasteGetAPITest"/>
  <testcase name="WasteDetailAPI" time="2.822" classname="com.arcapi.Transittestcases.WasteDetailAPITest"/>
  <testcase name="WasteUpdatePUTAPI" time="3.378" classname="com.arcapi.Transittestcases.WasteUpdatePUTAPITest"/>
  <testcase name="WasteDetailDeleteAPI" time="6.748" classname="com.arcapi.Transittestcases.WasteDetailDeleteAPITest"/>
  <testcase name="TransitSurveyCreatePOSTAPI" time="4.919" classname="com.arcapi.Transittestcases.TransitSurveyCreatePOSTAPITest"/>
  <testcase name="TransitSurveyAPI" time="2.302" classname="com.arcapi.Transittestcases.TransitSurveyAPITest"/>
  <testcase name="TransitSurveySummarizeSurveyAPI" time="2.359" classname="com.arcapi.Transittestcases.TransitSurveySummarizeSurveyAPITest"/>
  <testcase name="EnvironmentSurveyCreatePOSTAPI" time="2.94" classname="com.arcapi.Transittestcases.EnvironmentSurveyCreatePOSTAPITest"/>
  <testcase name="EnvironmentSurveyGetAPI" time="2.323" classname="com.arcapi.Transittestcases.EnvironmentSurveyGetAPITest"/>
  <testcase name="EnvironmentSurveySummarizeAPI" time="2.241" classname="com.arcapi.Transittestcases.EnvironmentSurveySummarizeAPITest"/>
  <testcase name="AssetTeamMemberRoleAPI" time="2.58" classname="com.arcapi.Transittestcases.AssetTeamMemberRoleAPITest"/>
  <testcase name="AssetTeamMemberListAPI" time="2.759" classname="com.arcapi.Transittestcases.AssetTeamMemberListAPITest"/>
  <testcase name="AssetTeamMemberAddPOSTAPI" time="2.805" classname="com.arcapi.Transittestcases.AssetTeamMemberAddPOSTAPITest"/>
  <testcase name="AssetTeamMemberUpdateAPI" time="3.157" classname="com.arcapi.Transittestcases.AssetTeamMemberUpdateAPITest"/>
  <testcase name="AssetTeamMemberRemoveAPI" time="3.52" classname="com.arcapi.Transittestcases.AssetTeamMemberRemoveAPITest"/>
  <testcase name="DeleteAllAppsAPI" time="5.202" classname="com.arcapi.Transittestcases.DeleteAllAppsAPITest"/>
  <testcase name="InstallAllAppsAfterDeleteAPI" time="6.261" classname="com.arcapi.Transittestcases.InstallAllAppsAfterDeleteAPITest"/>
  <testcase name="AssetAppListAPI" time="2.339" classname="com.arcapi.Transittestcases.AssetAppListAPITest"/>
  <testcase name="S3DocumentUploadPOSTAPI" time="21.822" classname="com.arcapi.Transittestcases.S3DocumentUploadPOSTAPITest"/>
  <testcase name="S3DocumentListAPI" time="2.222" classname="com.arcapi.Transittestcases.S3DocumentListAPITest"/>
  <testcase name="S3DocumentRemoveAPI" time="2.2" classname="com.arcapi.Transittestcases.S3DocumentRemoveAPITest"/>
  <testcase name="ExcelUploadTemplatePOSTAPI" time="3.469" classname="com.arcapi.Transittestcases.ExcelUploadTemplatePOSTAPITest"/>
  <testcase name="AssetTeamPermissionListAPI" time="3.103" classname="com.arcapi.Transittestcases.AssetTeamPermissionListAPITest"/>
  <testcase name="AssetTeamPermissionPostAPI" time="2.717" classname="com.arcapi.Transittestcases.AssetTeamPermissionPostAPITest"/>
  <testcase name="AssetTeamPermissionPutAPI" time="2.608" classname="com.arcapi.Transittestcases.AssetTeamPermissionPutAPITest"/>
  <testcase name="VerifyAdminRemoveAPI" time="3.529" classname="com.arcapi.Transittestcases.VerifyAdminRemoveAPITest">
    <failure type="java.lang.AssertionError" message="1 expectation failed.
Expected status code &amp;lt;403&amp;gt; doesn&amp;apos;t match actual status code &amp;lt;200&amp;gt;.
">
      <![CDATA[java.lang.AssertionError: 1 expectation failed.Expected status code <403> doesn't match actual status code <200>.at org.codehaus.groovy.runtime.callsite.ConstructorSite$ConstructorSiteNoUnwrap.callConstructor(ConstructorSite.java:84)at org.codehaus.groovy.runtime.callsite.AbstractCallSite.callConstructor(AbstractCallSite.java:247)at com.jayway.restassured.internal.ResponseSpecificationImpl$HamcrestAssertionClosure.validate(ResponseSpecificationImpl.groovy:598)at com.jayway.restassured.internal.ResponseSpecificationImpl$HamcrestAssertionClosure$validate$1.call(Unknown Source)at com.jayway.restassured.internal.ResponseSpecificationImpl.validateResponseIfRequired(ResponseSpecificationImpl.groovy:760)at org.codehaus.groovy.runtime.callsite.PogoMetaMethodSite$PogoCachedMethodSiteNoUnwrapNoCoerce.invoke(PogoMetaMethodSite.java:210)at org.codehaus.groovy.runtime.callsite.PogoMetaMethodSite.callCurrent(PogoMetaMethodSite.java:59)at org.codehaus.groovy.runtime.callsite.AbstractCallSite.callCurrent(AbstractCallSite.java:166)at com.jayway.restassured.internal.ResponseSpecificationImpl.statusCode(ResponseSpecificationImpl.groovy:120)at com.jayway.restassured.specification.ResponseSpecification$statusCode$0.callCurrent(Unknown Source)at com.jayway.restassured.internal.ResponseSpecificationImpl.statusCode(ResponseSpecificationImpl.groovy:128)at com.jayway.restassured.internal.ValidatableResponseOptionsImpl.statusCode(ValidatableResponseOptionsImpl.java:117)at com.arcapi.Transittestcases.VerifyAdminRemoveAPITest.VerifyAdminRemoveAPI(VerifyAdminRemoveAPITest.java:65)... Removed 35 stack frames]]>
    </failure>
  </testcase> <!-- VerifyAdminRemoveAPI -->
  <testcase name="AssetNotificationSubscriptionList" time="2.299" classname="com.arcapi.Transittestcases.AssetNotificationSubscriptionListTest"/>
  <testcase name="AssetNotificationSubscriptionPost" time="2.088" classname="com.arcapi.Transittestcases.AssetNotificationSubscriptionPostTest"/>
  <testcase name="NotificationSubscriptionDetail" time="1.94" classname="com.arcapi.Transittestcases.NotificationSubscriptionDetailGetTest"/>
  <testcase name="NotificationSubscriptionDetail" time="2.12" classname="com.arcapi.Transittestcases.NotificationSubscriptionDetailPutTest"/>
  <testcase name="NotificationSubscriptionDetailDelete" time="2.038" classname="com.arcapi.Transittestcases.NotificationSubscriptionDetailDeleteTest"/>
  <testcase name="AssetDataSnapshotAPI" time="22.573" classname="com.arcapi.Transittestcases.AssetDataSnapshotAPITest"/>
  <testcase name="RecomputePerformanceScoreGet" time="4.856" classname="com.arcapi.Transittestcases.RecomputePerformanceScoreGetTest"/>
  <testcase name="ReviewCertificationPricingAPI" time="3.679" classname="com.arcapi.Transittestcases.ReviewCertificationPricingAPITest"/>
  <testcase name="SubmitReviewPOSTAPI" time="302.184" classname="com.arcapi.Transittestcases.SubmitReviewPOSTAPITest">
    <failure type="java.lang.AssertionError" message="1 expectation failed.
Expected status code &amp;lt;200&amp;gt; doesn&amp;apos;t match actual status code &amp;lt;500&amp;gt;.
">
      <![CDATA[java.lang.AssertionError: 1 expectation failed.Expected status code <200> doesn't match actual status code <500>.at org.codehaus.groovy.runtime.callsite.ConstructorSite$ConstructorSiteNoUnwrap.callConstructor(ConstructorSite.java:84)at org.codehaus.groovy.runtime.callsite.AbstractCallSite.callConstructor(AbstractCallSite.java:247)at com.jayway.restassured.internal.ResponseSpecificationImpl$HamcrestAssertionClosure.validate(ResponseSpecificationImpl.groovy:598)at com.jayway.restassured.internal.ResponseSpecificationImpl$HamcrestAssertionClosure$validate$1.call(Unknown Source)at com.jayway.restassured.internal.ResponseSpecificationImpl.validate(ResponseSpecificationImpl.groovy:86)at com.jayway.restassured.internal.ValidatableResponseOptionsImpl.specification(ValidatableResponseOptionsImpl.java:307)at com.jayway.restassured.internal.ValidatableResponseOptionsImpl.spec(ValidatableResponseOptionsImpl.java:288)at com.arcapi.Transittestcases.SubmitReviewPOSTAPITest.SubmitReviewPOSTAPI(SubmitReviewPOSTAPITest.java:140)... Removed 32 stack frames]]>
    </failure>
  </testcase> <!-- SubmitReviewPOSTAPI -->
  <testcase name="SubmitReviewGetAPI" time="2.331" classname="com.arcapi.Transittestcases.SubmitReviewGetAPITest"/>
  <testcase name="NotificationCreatePOSTAPI" time="2.251" classname="com.arcapi.Transittestcases.NotificationCreatePOSTAPITest"/>
  <testcase name="NotificationGetAPI" time="2.135" classname="com.arcapi.Transittestcases.NotificationGetAPITest"/>
  <testcase name="NotificationDeleteAPI" time="2.324" classname="com.arcapi.Transittestcases.NotificationDeleteAPITest"/>
  <testcase name="FeedbackSubmitPostAPI" time="2.303" classname="com.arcapi.Transittestcases.FeedbackSubmitPostAPITest"/>
  <testcase name="TransitSurveyExportAPI" time="3.75" classname="com.arcapi.Transittestcases.TransitSurveyExportAPITest"/>
  <testcase name="EnvironmentSurveyExportAPI" time="2.694" classname="com.arcapi.Transittestcases.EnvironmentSurveyExportAPITest"/>
  <testcase name="AssetDataExportAPI" time="2.507" classname="com.arcapi.Transittestcases.AssetDataExportAPITest"/>
  <testcase name="AssetPerformanceScoreListAPI" time="1.764" classname="com.arcapi.Transittestcases.AssetPerformanceScoreListAPITest"/>
  <testcase name="AnalysisDataSubmitPOSTAPI" time="12.311" classname="com.arcapi.Transittestcases.AnalysisDataSubmitPOSTAPITest"/>
  <testcase name="AnalysisDataGetAPI" time="2.089" classname="com.arcapi.Transittestcases.AnalysisDataGetAPITest"/>
  <testcase name="CO2GetTestAPI" time="2.119" classname="com.arcapi.Transittestcases.CO2GetTest"/>
  <testcase name="GhgGetTestAPI" time="2.488" classname="com.arcapi.Transittestcases.GhgGetTest"/>
  <testcase name="GhgCalcGet" time="2.151" classname="com.arcapi.Transittestcases.GhgCalcGetTest"/>
  <testcase name="VOCGet" time="2.053" classname="com.arcapi.Transittestcases.VOCGetTest"/>
  <testcase name="AQIDataGetAPI" time="2.665" classname="com.arcapi.Transittestcases.AQIDataGetAPITest"/>
  <testcase name="RidershipDataGetAPI" time="2.954" classname="com.arcapi.Transittestcases.RidershipDataGetAPITest"/>
  <testcase name="WaterGet" time="2.798" classname="com.arcapi.Transittestcases.WaterGetTest"/>
  <testcase name="AssetCertificationListAPI" time="2.677" classname="com.arcapi.Transittestcases.AssetCertificationListAPITest"/>
  <testcase name="AssetCertificationPOSTAPI" time="4.874" classname="com.arcapi.Transittestcases.AssetCertificationPOSTAPITest"/>
  <testcase name="TemperatureDataGet" time="2.704" classname="com.arcapi.Transittestcases.TemperatureDataGetTest"/>
  <testcase name="AssetRequiredFieldsAPI" time="3.117" classname="com.arcapi.Transittestcases.AssetRequiredFieldsAPITest"/>
  <testcase name="CountryStatesJSONAPI" time="2.501" classname="com.arcapi.Transittestcases.CountryStatesJSONAPITest">
    <failure type="java.lang.AssertionError" message="1 expectation failed.
Expected status code &amp;lt;200&amp;gt; doesn&amp;apos;t match actual status code &amp;lt;502&amp;gt;.
">
      <![CDATA[java.lang.AssertionError: 1 expectation failed.Expected status code <200> doesn't match actual status code <502>.at org.codehaus.groovy.runtime.callsite.ConstructorSite$ConstructorSiteNoUnwrap.callConstructor(ConstructorSite.java:84)at org.codehaus.groovy.runtime.callsite.AbstractCallSite.callConstructor(AbstractCallSite.java:247)at com.jayway.restassured.internal.ResponseSpecificationImpl$HamcrestAssertionClosure.validate(ResponseSpecificationImpl.groovy:598)at com.jayway.restassured.internal.ResponseSpecificationImpl$HamcrestAssertionClosure$validate$1.call(Unknown Source)at com.jayway.restassured.internal.ResponseSpecificationImpl.validate(ResponseSpecificationImpl.groovy:86)at com.jayway.restassured.internal.ValidatableResponseOptionsImpl.specification(ValidatableResponseOptionsImpl.java:307)at com.jayway.restassured.internal.ValidatableResponseOptionsImpl.spec(ValidatableResponseOptionsImpl.java:288)at com.arcapi.Transittestcases.CountryStatesJSONAPITest.CountryStatesJSONAPI(CountryStatesJSONAPITest.java:47)... Removed 32 stack frames]]>
    </failure>
  </testcase> <!-- CountryStatesJSONAPI -->
  <testcase name="AssociatedCategoriesAPI" time="7.151" classname="com.arcapi.Transittestcases.AssociatedCategoriesAPITest">
    <failure type="java.lang.AssertionError" message="1 expectation failed.
Expected status code &amp;lt;200&amp;gt; doesn&amp;apos;t match actual status code &amp;lt;502&amp;gt;.
">
      <![CDATA[java.lang.AssertionError: 1 expectation failed.Expected status code <200> doesn't match actual status code <502>.at org.codehaus.groovy.runtime.callsite.ConstructorSite$ConstructorSiteNoUnwrap.callConstructor(ConstructorSite.java:84)at org.codehaus.groovy.runtime.callsite.AbstractCallSite.callConstructor(AbstractCallSite.java:247)at com.jayway.restassured.internal.ResponseSpecificationImpl$HamcrestAssertionClosure.validate(ResponseSpecificationImpl.groovy:598)at com.jayway.restassured.internal.ResponseSpecificationImpl$HamcrestAssertionClosure$validate$1.call(Unknown Source)at com.jayway.restassured.internal.ResponseSpecificationImpl.validate(ResponseSpecificationImpl.groovy:86)at com.jayway.restassured.internal.ValidatableResponseOptionsImpl.specification(ValidatableResponseOptionsImpl.java:307)at com.jayway.restassured.internal.ValidatableResponseOptionsImpl.spec(ValidatableResponseOptionsImpl.java:288)at com.arcapi.Transittestcases.AssociatedCategoriesAPITest.AssociatedCategoriesAPI(AssociatedCategoriesAPITest.java:45)... Removed 32 stack frames]]>
    </failure>
  </testcase> <!-- AssociatedCategoriesAPI -->
  <testcase name="RatingSystemListAPI" time="23.736" classname="com.arcapi.Transittestcases.RatingSystemListAPITest"/>
  <testcase name="AppVersionDetailAPI" time="2.863" classname="com.arcapi.Transittestcases.AppVersionDetailAPITest"/>
  <testcase name="FuelCategoryAPI" time="3.283" classname="com.arcapi.Transittestcases.FuelCategoryAPITest"/>
  <testcase name="GetAllDocumentListAPI" time="6.894" classname="com.arcapi.Transittestcases.GetAllDocumentListAPITest"/>
  <testcase name="PerformanceComparablesGetAPI" time="2.781" classname="com.arcapi.Transittestcases.PerformanceComparablesGetAPITest"/>
  <testcase name="ScoreWeightsAPI" time="2.589" classname="com.arcapi.Transittestcases.ScoreWeightsAPITest"/>
  <testcase name="ThirdPartyListAppsAPI" time="2.886" classname="com.arcapi.Transittestcases.ThirdPartyListAppsAPITest"/>
  <testcase name="AvgPerformaceList" time="2.465" classname="com.arcapi.Transittestcases.AvgPerformaceListGetTest"/>
  <testcase name="AssetSnapshotKeysAPI" time="2.618" classname="com.arcapi.Transittestcases.AssetSnapshotKeysAPITest"/>
  <testcase name="AssetSnapshotDownloadAPI" time="2.505" classname="com.arcapi.Transittestcases.AssetSnapshotDownloadAPITest">
    <failure type="java.lang.AssertionError" message="1 expectation failed.
Expected status code &amp;lt;200&amp;gt; doesn&amp;apos;t match actual status code &amp;lt;404&amp;gt;.
">
      <![CDATA[java.lang.AssertionError: 1 expectation failed.Expected status code <200> doesn't match actual status code <404>.at org.codehaus.groovy.runtime.callsite.ConstructorSite$ConstructorSiteNoUnwrap.callConstructor(ConstructorSite.java:84)at org.codehaus.groovy.runtime.callsite.AbstractCallSite.callConstructor(AbstractCallSite.java:247)at com.jayway.restassured.internal.ResponseSpecificationImpl$HamcrestAssertionClosure.validate(ResponseSpecificationImpl.groovy:598)at com.jayway.restassured.internal.ResponseSpecificationImpl$HamcrestAssertionClosure$validate$1.call(Unknown Source)at com.jayway.restassured.internal.ResponseSpecificationImpl.validate(ResponseSpecificationImpl.groovy:86)at com.jayway.restassured.internal.ValidatableResponseOptionsImpl.specification(ValidatableResponseOptionsImpl.java:307)at com.jayway.restassured.internal.ValidatableResponseOptionsImpl.spec(ValidatableResponseOptionsImpl.java:288)at com.arcapi.Transittestcases.AssetSnapshotDownloadAPITest.AssetSnapshotDownloadAPI(AssetSnapshotDownloadAPITest.java:51)... Removed 32 stack frames]]>
    </failure>
  </testcase> <!-- AssetSnapshotDownloadAPI -->
  <testcase name="MetersAPI" time="7.711" classname="com.arcapi.Transittestcases.ExcelTemplateMetersAPITest"/>
  <testcase name="VerifyExcelTemplateConsumptionAPI" time="12.518" classname="com.arcapi.Transittestcases.VerifyExcelTemplateConsumptionAPITest"/>
  <testcase name="VerifyWasteDataExcelAPI" time="3.876" classname="com.arcapi.Transittestcases.VerifyWasteDataExcelAPITest"/>
</testsuite> <!-- CompleteFlowTest-Transit-Below -->
