<html>
<head>
<title>TestNG:  CompleteFlowTest-Transit-Below</title>
<link href="../testng.css" rel="stylesheet" type="text/css" />
<link href="../my-testng.css" rel="stylesheet" type="text/css" />

<style type="text/css">
.log { display: none;} 
.stack-trace { display: none;} 
</style>
<script type="text/javascript">
<!--
function flip(e) {
  current = e.style.display;
  if (current == 'block') {
    e.style.display = 'none';
    return 0;
  }
  else {
    e.style.display = 'block';
    return 1;
  }
}

function toggleBox(szDivId, elem, msg1, msg2)
{
  var res = -1;  if (document.getElementById) {
    res = flip(document.getElementById(szDivId));
  }
  else if (document.all) {
    // this is the way old msie versions work
    res = flip(document.all[szDivId]);
  }
  if(elem) {
    if(res == 0) elem.innerHTML = msg1; else elem.innerHTML = msg2;
  }

}

function toggleAllBoxes() {
  if (document.getElementsByTagName) {
    d = document.getElementsByTagName('div');
    for (i = 0; i < d.length; i++) {
      if (d[i].className == 'log') {
        flip(d[i]);
      }
    }
  }
}

// -->
</script>

</head>
<body>
<h2 align='center'>CompleteFlowTest-Transit-Below</h2><table border='1' align="center">
<tr>
<td>Tests passed/Failed/Skipped:</td><td>109/5/0</td>
</tr><tr>
<td>Started on:</td><td>Mon Jun 17 14:22:56 IST 2019</td>
</tr>
<tr><td>Total time:</td><td>1019 seconds (1019929 ms)</td>
</tr><tr>
<td>Included groups:</td><td></td>
</tr><tr>
<td>Excluded groups:</td><td></td>
</tr>
</table><p/>
<small><i>(Hover the method name to see the test class name)</i></small><p/>
<table width='100%' border='1' class='invocation-failed'>
<tr><td colspan='4' align='center'><b>FAILED TESTS</b></td></tr>
<tr><td><b>Test method</b></td>
<td width="30%"><b>Exception</b></td>
<td width="10%"><b>Time (seconds)</b></td>
<td><b>Instance</b></td>
</tr>
<tr>
<td title='com.arcapi.Transittestcases.AssetSnapshotDownloadAPITest.AssetSnapshotDownloadAPI()'><b>AssetSnapshotDownloadAPI</b><br>Test class: com.arcapi.Transittestcases.AssetSnapshotDownloadAPITest<br>Parameters: STG, ProjectIDTransitBelow, 2</td>
<td><div><pre>java.lang.AssertionError: 1 expectation failed.
Expected status code &lt;200&gt; doesn&apos;t match actual status code &lt;404&gt;.

	at org.codehaus.groovy.runtime.callsite.ConstructorSite$ConstructorSiteNoUnwrap.callConstructor(ConstructorSite.java:84)
	at org.codehaus.groovy.runtime.callsite.AbstractCallSite.callConstructor(AbstractCallSite.java:247)
	at com.jayway.restassured.internal.ResponseSpecificationImpl$HamcrestAssertionClosure.validate(ResponseSpecificationImpl.groovy:598)
	at com.jayway.restassured.internal.ResponseSpecificationImpl$HamcrestAssertionClosure$validate$1.call(Unknown Source)
	at com.jayway.restassured.internal.ResponseSpecificationImpl.validate(ResponseSpecificationImpl.groovy:86)
	at com.jayway.restassured.internal.ValidatableResponseOptionsImpl.specification(ValidatableResponseOptionsImpl.java:307)
	at com.jayway.restassured.internal.ValidatableResponseOptionsImpl.spec(ValidatableResponseOptionsImpl.java:288)
	at com.arcapi.Transittestcases.AssetSnapshotDownloadAPITest.AssetSnapshotDownloadAPI(AssetSnapshotDownloadAPITest.java:51)
... Removed 32 stack frames</pre></div><a href='#' onClick='toggleBox("stack-trace828564002", this, "Click to show all stack frames", "Click to hide stack frames")'>Click to show all stack frames</a>
<div class='stack-trace' id='stack-trace828564002'><pre>java.lang.AssertionError: 1 expectation failed.
Expected status code &lt;200&gt; doesn&apos;t match actual status code &lt;404&gt;.

	at sun.reflect.NativeConstructorAccessorImpl.newInstance0(Native Method)
	at sun.reflect.NativeConstructorAccessorImpl.newInstance(Unknown Source)
	at sun.reflect.DelegatingConstructorAccessorImpl.newInstance(Unknown Source)
	at java.lang.reflect.Constructor.newInstance(Unknown Source)
	at org.codehaus.groovy.reflection.CachedConstructor.invoke(CachedConstructor.java:80)
	at org.codehaus.groovy.reflection.CachedConstructor.doConstructorInvoke(CachedConstructor.java:74)
	at org.codehaus.groovy.runtime.callsite.ConstructorSite$ConstructorSiteNoUnwrap.callConstructor(ConstructorSite.java:84)
	at org.codehaus.groovy.runtime.callsite.AbstractCallSite.callConstructor(AbstractCallSite.java:247)
	at com.jayway.restassured.internal.ResponseSpecificationImpl$HamcrestAssertionClosure.validate(ResponseSpecificationImpl.groovy:598)
	at com.jayway.restassured.internal.ResponseSpecificationImpl$HamcrestAssertionClosure$validate$1.call(Unknown Source)
	at com.jayway.restassured.internal.ResponseSpecificationImpl.validate(ResponseSpecificationImpl.groovy:86)
	at com.jayway.restassured.internal.ValidatableResponseOptionsImpl.specification(ValidatableResponseOptionsImpl.java:307)
	at com.jayway.restassured.internal.ValidatableResponseOptionsImpl.spec(ValidatableResponseOptionsImpl.java:288)
	at com.arcapi.Transittestcases.AssetSnapshotDownloadAPITest.AssetSnapshotDownloadAPI(AssetSnapshotDownloadAPITest.java:51)
	at sun.reflect.NativeMethodAccessorImpl.invoke0(Native Method)
	at sun.reflect.NativeMethodAccessorImpl.invoke(Unknown Source)
	at sun.reflect.DelegatingMethodAccessorImpl.invoke(Unknown Source)
	at java.lang.reflect.Method.invoke(Unknown Source)
	at org.testng.internal.MethodInvocationHelper.invokeMethod(MethodInvocationHelper.java:124)
	at org.testng.internal.Invoker.invokeMethod(Invoker.java:571)
	at org.testng.internal.Invoker.invokeTestMethod(Invoker.java:707)
	at org.testng.internal.Invoker.invokeTestMethods(Invoker.java:979)
	at org.testng.internal.TestMethodWorker.invokeTestMethods(TestMethodWorker.java:125)
	at org.testng.internal.TestMethodWorker.run(TestMethodWorker.java:109)
	at org.testng.TestRunner.privateRun(TestRunner.java:648)
	at org.testng.TestRunner.run(TestRunner.java:505)
	at org.testng.SuiteRunner.runTest(SuiteRunner.java:455)
	at org.testng.SuiteRunner.runSequentially(SuiteRunner.java:450)
	at org.testng.SuiteRunner.privateRun(SuiteRunner.java:415)
	at org.testng.SuiteRunner.run(SuiteRunner.java:364)
	at org.testng.SuiteRunnerWorker.runSuite(SuiteRunnerWorker.java:52)
	at org.testng.SuiteRunnerWorker.run(SuiteRunnerWorker.java:84)
	at org.testng.TestNG.runSuitesSequentially(TestNG.java:1187)
	at org.testng.TestNG.runSuitesSequentially(TestNG.java:1183)
	at org.testng.TestNG.runSuitesLocally(TestNG.java:1116)
	at org.testng.TestNG.runSuites(TestNG.java:1028)
	at org.testng.TestNG.run(TestNG.java:996)
	at org.testng.remote.AbstractRemoteTestNG.run(AbstractRemoteTestNG.java:114)
	at org.testng.remote.RemoteTestNG.initAndRun(RemoteTestNG.java:251)
	at org.testng.remote.RemoteTestNG.main(RemoteTestNG.java:77)
</pre></div></td>
<td>2</td>
<td>com.arcapi.Transittestcases.AssetSnapshotDownloadAPITest@38c5cc4c</td></tr>
<tr>
<td title='com.arcapi.Transittestcases.AssociatedCategoriesAPITest.AssociatedCategoriesAPI()'><b>AssociatedCategoriesAPI</b><br>Test class: com.arcapi.Transittestcases.AssociatedCategoriesAPITest</td>
<td><div><pre>java.lang.AssertionError: 1 expectation failed.
Expected status code &lt;200&gt; doesn&apos;t match actual status code &lt;502&gt;.

	at org.codehaus.groovy.runtime.callsite.ConstructorSite$ConstructorSiteNoUnwrap.callConstructor(ConstructorSite.java:84)
	at org.codehaus.groovy.runtime.callsite.AbstractCallSite.callConstructor(AbstractCallSite.java:247)
	at com.jayway.restassured.internal.ResponseSpecificationImpl$HamcrestAssertionClosure.validate(ResponseSpecificationImpl.groovy:598)
	at com.jayway.restassured.internal.ResponseSpecificationImpl$HamcrestAssertionClosure$validate$1.call(Unknown Source)
	at com.jayway.restassured.internal.ResponseSpecificationImpl.validate(ResponseSpecificationImpl.groovy:86)
	at com.jayway.restassured.internal.ValidatableResponseOptionsImpl.specification(ValidatableResponseOptionsImpl.java:307)
	at com.jayway.restassured.internal.ValidatableResponseOptionsImpl.spec(ValidatableResponseOptionsImpl.java:288)
	at com.arcapi.Transittestcases.AssociatedCategoriesAPITest.AssociatedCategoriesAPI(AssociatedCategoriesAPITest.java:45)
... Removed 32 stack frames</pre></div><a href='#' onClick='toggleBox("stack-trace1548726213", this, "Click to show all stack frames", "Click to hide stack frames")'>Click to show all stack frames</a>
<div class='stack-trace' id='stack-trace1548726213'><pre>java.lang.AssertionError: 1 expectation failed.
Expected status code &lt;200&gt; doesn&apos;t match actual status code &lt;502&gt;.

	at sun.reflect.NativeConstructorAccessorImpl.newInstance0(Native Method)
	at sun.reflect.NativeConstructorAccessorImpl.newInstance(Unknown Source)
	at sun.reflect.DelegatingConstructorAccessorImpl.newInstance(Unknown Source)
	at java.lang.reflect.Constructor.newInstance(Unknown Source)
	at org.codehaus.groovy.reflection.CachedConstructor.invoke(CachedConstructor.java:80)
	at org.codehaus.groovy.reflection.CachedConstructor.doConstructorInvoke(CachedConstructor.java:74)
	at org.codehaus.groovy.runtime.callsite.ConstructorSite$ConstructorSiteNoUnwrap.callConstructor(ConstructorSite.java:84)
	at org.codehaus.groovy.runtime.callsite.AbstractCallSite.callConstructor(AbstractCallSite.java:247)
	at com.jayway.restassured.internal.ResponseSpecificationImpl$HamcrestAssertionClosure.validate(ResponseSpecificationImpl.groovy:598)
	at com.jayway.restassured.internal.ResponseSpecificationImpl$HamcrestAssertionClosure$validate$1.call(Unknown Source)
	at com.jayway.restassured.internal.ResponseSpecificationImpl.validate(ResponseSpecificationImpl.groovy:86)
	at com.jayway.restassured.internal.ValidatableResponseOptionsImpl.specification(ValidatableResponseOptionsImpl.java:307)
	at com.jayway.restassured.internal.ValidatableResponseOptionsImpl.spec(ValidatableResponseOptionsImpl.java:288)
	at com.arcapi.Transittestcases.AssociatedCategoriesAPITest.AssociatedCategoriesAPI(AssociatedCategoriesAPITest.java:45)
	at sun.reflect.NativeMethodAccessorImpl.invoke0(Native Method)
	at sun.reflect.NativeMethodAccessorImpl.invoke(Unknown Source)
	at sun.reflect.DelegatingMethodAccessorImpl.invoke(Unknown Source)
	at java.lang.reflect.Method.invoke(Unknown Source)
	at org.testng.internal.MethodInvocationHelper.invokeMethod(MethodInvocationHelper.java:124)
	at org.testng.internal.Invoker.invokeMethod(Invoker.java:571)
	at org.testng.internal.Invoker.invokeTestMethod(Invoker.java:707)
	at org.testng.internal.Invoker.invokeTestMethods(Invoker.java:979)
	at org.testng.internal.TestMethodWorker.invokeTestMethods(TestMethodWorker.java:125)
	at org.testng.internal.TestMethodWorker.run(TestMethodWorker.java:109)
	at org.testng.TestRunner.privateRun(TestRunner.java:648)
	at org.testng.TestRunner.run(TestRunner.java:505)
	at org.testng.SuiteRunner.runTest(SuiteRunner.java:455)
	at org.testng.SuiteRunner.runSequentially(SuiteRunner.java:450)
	at org.testng.SuiteRunner.privateRun(SuiteRunner.java:415)
	at org.testng.SuiteRunner.run(SuiteRunner.java:364)
	at org.testng.SuiteRunnerWorker.runSuite(SuiteRunnerWorker.java:52)
	at org.testng.SuiteRunnerWorker.run(SuiteRunnerWorker.java:84)
	at org.testng.TestNG.runSuitesSequentially(TestNG.java:1187)
	at org.testng.TestNG.runSuitesSequentially(TestNG.java:1183)
	at org.testng.TestNG.runSuitesLocally(TestNG.java:1116)
	at org.testng.TestNG.runSuites(TestNG.java:1028)
	at org.testng.TestNG.run(TestNG.java:996)
	at org.testng.remote.AbstractRemoteTestNG.run(AbstractRemoteTestNG.java:114)
	at org.testng.remote.RemoteTestNG.initAndRun(RemoteTestNG.java:251)
	at org.testng.remote.RemoteTestNG.main(RemoteTestNG.java:77)
</pre></div></td>
<td>7</td>
<td>com.arcapi.Transittestcases.AssociatedCategoriesAPITest@7f1302d6</td></tr>
<tr>
<td title='com.arcapi.Transittestcases.CountryStatesJSONAPITest.CountryStatesJSONAPI()'><b>CountryStatesJSONAPI</b><br>Test class: com.arcapi.Transittestcases.CountryStatesJSONAPITest</td>
<td><div><pre>java.lang.AssertionError: 1 expectation failed.
Expected status code &lt;200&gt; doesn&apos;t match actual status code &lt;502&gt;.

	at org.codehaus.groovy.runtime.callsite.ConstructorSite$ConstructorSiteNoUnwrap.callConstructor(ConstructorSite.java:84)
	at org.codehaus.groovy.runtime.callsite.AbstractCallSite.callConstructor(AbstractCallSite.java:247)
	at com.jayway.restassured.internal.ResponseSpecificationImpl$HamcrestAssertionClosure.validate(ResponseSpecificationImpl.groovy:598)
	at com.jayway.restassured.internal.ResponseSpecificationImpl$HamcrestAssertionClosure$validate$1.call(Unknown Source)
	at com.jayway.restassured.internal.ResponseSpecificationImpl.validate(ResponseSpecificationImpl.groovy:86)
	at com.jayway.restassured.internal.ValidatableResponseOptionsImpl.specification(ValidatableResponseOptionsImpl.java:307)
	at com.jayway.restassured.internal.ValidatableResponseOptionsImpl.spec(ValidatableResponseOptionsImpl.java:288)
	at com.arcapi.Transittestcases.CountryStatesJSONAPITest.CountryStatesJSONAPI(CountryStatesJSONAPITest.java:47)
... Removed 32 stack frames</pre></div><a href='#' onClick='toggleBox("stack-trace1728731289", this, "Click to show all stack frames", "Click to hide stack frames")'>Click to show all stack frames</a>
<div class='stack-trace' id='stack-trace1728731289'><pre>java.lang.AssertionError: 1 expectation failed.
Expected status code &lt;200&gt; doesn&apos;t match actual status code &lt;502&gt;.

	at sun.reflect.NativeConstructorAccessorImpl.newInstance0(Native Method)
	at sun.reflect.NativeConstructorAccessorImpl.newInstance(Unknown Source)
	at sun.reflect.DelegatingConstructorAccessorImpl.newInstance(Unknown Source)
	at java.lang.reflect.Constructor.newInstance(Unknown Source)
	at org.codehaus.groovy.reflection.CachedConstructor.invoke(CachedConstructor.java:80)
	at org.codehaus.groovy.reflection.CachedConstructor.doConstructorInvoke(CachedConstructor.java:74)
	at org.codehaus.groovy.runtime.callsite.ConstructorSite$ConstructorSiteNoUnwrap.callConstructor(ConstructorSite.java:84)
	at org.codehaus.groovy.runtime.callsite.AbstractCallSite.callConstructor(AbstractCallSite.java:247)
	at com.jayway.restassured.internal.ResponseSpecificationImpl$HamcrestAssertionClosure.validate(ResponseSpecificationImpl.groovy:598)
	at com.jayway.restassured.internal.ResponseSpecificationImpl$HamcrestAssertionClosure$validate$1.call(Unknown Source)
	at com.jayway.restassured.internal.ResponseSpecificationImpl.validate(ResponseSpecificationImpl.groovy:86)
	at com.jayway.restassured.internal.ValidatableResponseOptionsImpl.specification(ValidatableResponseOptionsImpl.java:307)
	at com.jayway.restassured.internal.ValidatableResponseOptionsImpl.spec(ValidatableResponseOptionsImpl.java:288)
	at com.arcapi.Transittestcases.CountryStatesJSONAPITest.CountryStatesJSONAPI(CountryStatesJSONAPITest.java:47)
	at sun.reflect.NativeMethodAccessorImpl.invoke0(Native Method)
	at sun.reflect.NativeMethodAccessorImpl.invoke(Unknown Source)
	at sun.reflect.DelegatingMethodAccessorImpl.invoke(Unknown Source)
	at java.lang.reflect.Method.invoke(Unknown Source)
	at org.testng.internal.MethodInvocationHelper.invokeMethod(MethodInvocationHelper.java:124)
	at org.testng.internal.Invoker.invokeMethod(Invoker.java:571)
	at org.testng.internal.Invoker.invokeTestMethod(Invoker.java:707)
	at org.testng.internal.Invoker.invokeTestMethods(Invoker.java:979)
	at org.testng.internal.TestMethodWorker.invokeTestMethods(TestMethodWorker.java:125)
	at org.testng.internal.TestMethodWorker.run(TestMethodWorker.java:109)
	at org.testng.TestRunner.privateRun(TestRunner.java:648)
	at org.testng.TestRunner.run(TestRunner.java:505)
	at org.testng.SuiteRunner.runTest(SuiteRunner.java:455)
	at org.testng.SuiteRunner.runSequentially(SuiteRunner.java:450)
	at org.testng.SuiteRunner.privateRun(SuiteRunner.java:415)
	at org.testng.SuiteRunner.run(SuiteRunner.java:364)
	at org.testng.SuiteRunnerWorker.runSuite(SuiteRunnerWorker.java:52)
	at org.testng.SuiteRunnerWorker.run(SuiteRunnerWorker.java:84)
	at org.testng.TestNG.runSuitesSequentially(TestNG.java:1187)
	at org.testng.TestNG.runSuitesSequentially(TestNG.java:1183)
	at org.testng.TestNG.runSuitesLocally(TestNG.java:1116)
	at org.testng.TestNG.runSuites(TestNG.java:1028)
	at org.testng.TestNG.run(TestNG.java:996)
	at org.testng.remote.AbstractRemoteTestNG.run(AbstractRemoteTestNG.java:114)
	at org.testng.remote.RemoteTestNG.initAndRun(RemoteTestNG.java:251)
	at org.testng.remote.RemoteTestNG.main(RemoteTestNG.java:77)
</pre></div></td>
<td>2</td>
<td>com.arcapi.Transittestcases.CountryStatesJSONAPITest@75f32542</td></tr>
<tr>
<td title='com.arcapi.Transittestcases.SubmitReviewPOSTAPITest.SubmitReviewPOSTAPI()'><b>SubmitReviewPOSTAPI</b><br>Test class: com.arcapi.Transittestcases.SubmitReviewPOSTAPITest<br>Parameters: STG, ProjectIDTransitBelow, 2, transit, review</td>
<td><div><pre>java.lang.AssertionError: 1 expectation failed.
Expected status code &lt;200&gt; doesn&apos;t match actual status code &lt;500&gt;.

	at org.codehaus.groovy.runtime.callsite.ConstructorSite$ConstructorSiteNoUnwrap.callConstructor(ConstructorSite.java:84)
	at org.codehaus.groovy.runtime.callsite.AbstractCallSite.callConstructor(AbstractCallSite.java:247)
	at com.jayway.restassured.internal.ResponseSpecificationImpl$HamcrestAssertionClosure.validate(ResponseSpecificationImpl.groovy:598)
	at com.jayway.restassured.internal.ResponseSpecificationImpl$HamcrestAssertionClosure$validate$1.call(Unknown Source)
	at com.jayway.restassured.internal.ResponseSpecificationImpl.validate(ResponseSpecificationImpl.groovy:86)
	at com.jayway.restassured.internal.ValidatableResponseOptionsImpl.specification(ValidatableResponseOptionsImpl.java:307)
	at com.jayway.restassured.internal.ValidatableResponseOptionsImpl.spec(ValidatableResponseOptionsImpl.java:288)
	at com.arcapi.Transittestcases.SubmitReviewPOSTAPITest.SubmitReviewPOSTAPI(SubmitReviewPOSTAPITest.java:140)
... Removed 32 stack frames</pre></div><a href='#' onClick='toggleBox("stack-trace1180474816", this, "Click to show all stack frames", "Click to hide stack frames")'>Click to show all stack frames</a>
<div class='stack-trace' id='stack-trace1180474816'><pre>java.lang.AssertionError: 1 expectation failed.
Expected status code &lt;200&gt; doesn&apos;t match actual status code &lt;500&gt;.

	at sun.reflect.NativeConstructorAccessorImpl.newInstance0(Native Method)
	at sun.reflect.NativeConstructorAccessorImpl.newInstance(Unknown Source)
	at sun.reflect.DelegatingConstructorAccessorImpl.newInstance(Unknown Source)
	at java.lang.reflect.Constructor.newInstance(Unknown Source)
	at org.codehaus.groovy.reflection.CachedConstructor.invoke(CachedConstructor.java:80)
	at org.codehaus.groovy.reflection.CachedConstructor.doConstructorInvoke(CachedConstructor.java:74)
	at org.codehaus.groovy.runtime.callsite.ConstructorSite$ConstructorSiteNoUnwrap.callConstructor(ConstructorSite.java:84)
	at org.codehaus.groovy.runtime.callsite.AbstractCallSite.callConstructor(AbstractCallSite.java:247)
	at com.jayway.restassured.internal.ResponseSpecificationImpl$HamcrestAssertionClosure.validate(ResponseSpecificationImpl.groovy:598)
	at com.jayway.restassured.internal.ResponseSpecificationImpl$HamcrestAssertionClosure$validate$1.call(Unknown Source)
	at com.jayway.restassured.internal.ResponseSpecificationImpl.validate(ResponseSpecificationImpl.groovy:86)
	at com.jayway.restassured.internal.ValidatableResponseOptionsImpl.specification(ValidatableResponseOptionsImpl.java:307)
	at com.jayway.restassured.internal.ValidatableResponseOptionsImpl.spec(ValidatableResponseOptionsImpl.java:288)
	at com.arcapi.Transittestcases.SubmitReviewPOSTAPITest.SubmitReviewPOSTAPI(SubmitReviewPOSTAPITest.java:140)
	at sun.reflect.NativeMethodAccessorImpl.invoke0(Native Method)
	at sun.reflect.NativeMethodAccessorImpl.invoke(Unknown Source)
	at sun.reflect.DelegatingMethodAccessorImpl.invoke(Unknown Source)
	at java.lang.reflect.Method.invoke(Unknown Source)
	at org.testng.internal.MethodInvocationHelper.invokeMethod(MethodInvocationHelper.java:124)
	at org.testng.internal.Invoker.invokeMethod(Invoker.java:571)
	at org.testng.internal.Invoker.invokeTestMethod(Invoker.java:707)
	at org.testng.internal.Invoker.invokeTestMethods(Invoker.java:979)
	at org.testng.internal.TestMethodWorker.invokeTestMethods(TestMethodWorker.java:125)
	at org.testng.internal.TestMethodWorker.run(TestMethodWorker.java:109)
	at org.testng.TestRunner.privateRun(TestRunner.java:648)
	at org.testng.TestRunner.run(TestRunner.java:505)
	at org.testng.SuiteRunner.runTest(SuiteRunner.java:455)
	at org.testng.SuiteRunner.runSequentially(SuiteRunner.java:450)
	at org.testng.SuiteRunner.privateRun(SuiteRunner.java:415)
	at org.testng.SuiteRunner.run(SuiteRunner.java:364)
	at org.testng.SuiteRunnerWorker.runSuite(SuiteRunnerWorker.java:52)
	at org.testng.SuiteRunnerWorker.run(SuiteRunnerWorker.java:84)
	at org.testng.TestNG.runSuitesSequentially(TestNG.java:1187)
	at org.testng.TestNG.runSuitesSequentially(TestNG.java:1183)
	at org.testng.TestNG.runSuitesLocally(TestNG.java:1116)
	at org.testng.TestNG.runSuites(TestNG.java:1028)
	at org.testng.TestNG.run(TestNG.java:996)
	at org.testng.remote.AbstractRemoteTestNG.run(AbstractRemoteTestNG.java:114)
	at org.testng.remote.RemoteTestNG.initAndRun(RemoteTestNG.java:251)
	at org.testng.remote.RemoteTestNG.main(RemoteTestNG.java:77)
</pre></div></td>
<td>302</td>
<td>com.arcapi.Transittestcases.SubmitReviewPOSTAPITest@402e37bc</td></tr>
<tr>
<td title='com.arcapi.Transittestcases.VerifyAdminRemoveAPITest.VerifyAdminRemoveAPI()'><b>VerifyAdminRemoveAPI</b><br>Test class: com.arcapi.Transittestcases.VerifyAdminRemoveAPITest<br>Parameters: STG, ProjectIDTransitBelow, 2</td>
<td><div><pre>java.lang.AssertionError: 1 expectation failed.
Expected status code &lt;403&gt; doesn&apos;t match actual status code &lt;200&gt;.

	at org.codehaus.groovy.runtime.callsite.ConstructorSite$ConstructorSiteNoUnwrap.callConstructor(ConstructorSite.java:84)
	at org.codehaus.groovy.runtime.callsite.AbstractCallSite.callConstructor(AbstractCallSite.java:247)
	at com.jayway.restassured.internal.ResponseSpecificationImpl$HamcrestAssertionClosure.validate(ResponseSpecificationImpl.groovy:598)
	at com.jayway.restassured.internal.ResponseSpecificationImpl$HamcrestAssertionClosure$validate$1.call(Unknown Source)
	at com.jayway.restassured.internal.ResponseSpecificationImpl.validateResponseIfRequired(ResponseSpecificationImpl.groovy:760)
	at org.codehaus.groovy.runtime.callsite.PogoMetaMethodSite$PogoCachedMethodSiteNoUnwrapNoCoerce.invoke(PogoMetaMethodSite.java:210)
	at org.codehaus.groovy.runtime.callsite.PogoMetaMethodSite.callCurrent(PogoMetaMethodSite.java:59)
	at org.codehaus.groovy.runtime.callsite.AbstractCallSite.callCurrent(AbstractCallSite.java:166)
	at com.jayway.restassured.internal.ResponseSpecificationImpl.statusCode(ResponseSpecificationImpl.groovy:120)
	at com.jayway.restassured.specification.ResponseSpecification$statusCode$0.callCurrent(Unknown Source)
	at com.jayway.restassured.internal.ResponseSpecificationImpl.statusCode(ResponseSpecificationImpl.groovy:128)
	at com.jayway.restassured.internal.ValidatableResponseOptionsImpl.statusCode(ValidatableResponseOptionsImpl.java:117)
	at com.arcapi.Transittestcases.VerifyAdminRemoveAPITest.VerifyAdminRemoveAPI(VerifyAdminRemoveAPITest.java:65)
... Removed 35 stack frames</pre></div><a href='#' onClick='toggleBox("stack-trace2059456904", this, "Click to show all stack frames", "Click to hide stack frames")'>Click to show all stack frames</a>
<div class='stack-trace' id='stack-trace2059456904'><pre>java.lang.AssertionError: 1 expectation failed.
Expected status code &lt;403&gt; doesn&apos;t match actual status code &lt;200&gt;.

	at sun.reflect.NativeConstructorAccessorImpl.newInstance0(Native Method)
	at sun.reflect.NativeConstructorAccessorImpl.newInstance(Unknown Source)
	at sun.reflect.DelegatingConstructorAccessorImpl.newInstance(Unknown Source)
	at java.lang.reflect.Constructor.newInstance(Unknown Source)
	at org.codehaus.groovy.reflection.CachedConstructor.invoke(CachedConstructor.java:80)
	at org.codehaus.groovy.reflection.CachedConstructor.doConstructorInvoke(CachedConstructor.java:74)
	at org.codehaus.groovy.runtime.callsite.ConstructorSite$ConstructorSiteNoUnwrap.callConstructor(ConstructorSite.java:84)
	at org.codehaus.groovy.runtime.callsite.AbstractCallSite.callConstructor(AbstractCallSite.java:247)
	at com.jayway.restassured.internal.ResponseSpecificationImpl$HamcrestAssertionClosure.validate(ResponseSpecificationImpl.groovy:598)
	at com.jayway.restassured.internal.ResponseSpecificationImpl$HamcrestAssertionClosure$validate$1.call(Unknown Source)
	at com.jayway.restassured.internal.ResponseSpecificationImpl.validateResponseIfRequired(ResponseSpecificationImpl.groovy:760)
	at sun.reflect.GeneratedMethodAccessor110.invoke(Unknown Source)
	at sun.reflect.DelegatingMethodAccessorImpl.invoke(Unknown Source)
	at java.lang.reflect.Method.invoke(Unknown Source)
	at org.codehaus.groovy.runtime.callsite.PogoMetaMethodSite$PogoCachedMethodSiteNoUnwrapNoCoerce.invoke(PogoMetaMethodSite.java:210)
	at org.codehaus.groovy.runtime.callsite.PogoMetaMethodSite.callCurrent(PogoMetaMethodSite.java:59)
	at org.codehaus.groovy.runtime.callsite.AbstractCallSite.callCurrent(AbstractCallSite.java:166)
	at com.jayway.restassured.internal.ResponseSpecificationImpl.statusCode(ResponseSpecificationImpl.groovy:120)
	at com.jayway.restassured.specification.ResponseSpecification$statusCode$0.callCurrent(Unknown Source)
	at com.jayway.restassured.internal.ResponseSpecificationImpl.statusCode(ResponseSpecificationImpl.groovy:128)
	at com.jayway.restassured.internal.ValidatableResponseOptionsImpl.statusCode(ValidatableResponseOptionsImpl.java:117)
	at com.arcapi.Transittestcases.VerifyAdminRemoveAPITest.VerifyAdminRemoveAPI(VerifyAdminRemoveAPITest.java:65)
	at sun.reflect.NativeMethodAccessorImpl.invoke0(Native Method)
	at sun.reflect.NativeMethodAccessorImpl.invoke(Unknown Source)
	at sun.reflect.DelegatingMethodAccessorImpl.invoke(Unknown Source)
	at java.lang.reflect.Method.invoke(Unknown Source)
	at org.testng.internal.MethodInvocationHelper.invokeMethod(MethodInvocationHelper.java:124)
	at org.testng.internal.Invoker.invokeMethod(Invoker.java:571)
	at org.testng.internal.Invoker.invokeTestMethod(Invoker.java:707)
	at org.testng.internal.Invoker.invokeTestMethods(Invoker.java:979)
	at org.testng.internal.TestMethodWorker.invokeTestMethods(TestMethodWorker.java:125)
	at org.testng.internal.TestMethodWorker.run(TestMethodWorker.java:109)
	at org.testng.TestRunner.privateRun(TestRunner.java:648)
	at org.testng.TestRunner.run(TestRunner.java:505)
	at org.testng.SuiteRunner.runTest(SuiteRunner.java:455)
	at org.testng.SuiteRunner.runSequentially(SuiteRunner.java:450)
	at org.testng.SuiteRunner.privateRun(SuiteRunner.java:415)
	at org.testng.SuiteRunner.run(SuiteRunner.java:364)
	at org.testng.SuiteRunnerWorker.runSuite(SuiteRunnerWorker.java:52)
	at org.testng.SuiteRunnerWorker.run(SuiteRunnerWorker.java:84)
	at org.testng.TestNG.runSuitesSequentially(TestNG.java:1187)
	at org.testng.TestNG.runSuitesSequentially(TestNG.java:1183)
	at org.testng.TestNG.runSuitesLocally(TestNG.java:1116)
	at org.testng.TestNG.runSuites(TestNG.java:1028)
	at org.testng.TestNG.run(TestNG.java:996)
	at org.testng.remote.AbstractRemoteTestNG.run(AbstractRemoteTestNG.java:114)
	at org.testng.remote.RemoteTestNG.initAndRun(RemoteTestNG.java:251)
	at org.testng.remote.RemoteTestNG.main(RemoteTestNG.java:77)
</pre></div></td>
<td>3</td>
<td>com.arcapi.Transittestcases.VerifyAdminRemoveAPITest@290d210d</td></tr>
</table><p>
<table width='100%' border='1' class='invocation-passed'>
<tr><td colspan='4' align='center'><b>PASSED TESTS</b></td></tr>
<tr><td><b>Test method</b></td>
<td width="30%"><b>Exception</b></td>
<td width="10%"><b>Time (seconds)</b></td>
<td><b>Instance</b></td>
</tr>
<tr>
<td title='com.arcapi.Transittestcases.AQIDataGetAPITest.AQIDataGetAPI()'><b>AQIDataGetAPI</b><br>Test class: com.arcapi.Transittestcases.AQIDataGetAPITest<br>Parameters: STG, ProjectIDTransitBelow, 2</td>
<td></td>
<td>2</td>
<td>com.arcapi.Transittestcases.AQIDataGetAPITest@1e730495</td></tr>
<tr>
<td title='com.arcapi.Transittestcases.AddAssestTimelinePOSTAPITest.AddAssestTimeline()'><b>AddAssestTimeline</b><br>Test class: com.arcapi.Transittestcases.AddAssestTimelinePOSTAPITest<br>Parameters: STG, ProjectIDTransitBelow, 2</td>
<td></td>
<td>6</td>
<td>com.arcapi.Transittestcases.AddAssestTimelinePOSTAPITest@143640d5</td></tr>
<tr>
<td title='com.arcapi.Transittestcases.AnalysisDataGetAPITest.AnalysisDataGetAPI()'><b>AnalysisDataGetAPI</b><br>Test class: com.arcapi.Transittestcases.AnalysisDataGetAPITest<br>Parameters: STG, ProjectIDTransitBelow, 2</td>
<td></td>
<td>2</td>
<td>com.arcapi.Transittestcases.AnalysisDataGetAPITest@70be0a2b</td></tr>
<tr>
<td title='com.arcapi.Transittestcases.AnalysisDataSubmitPOSTAPITest.AnalysisDataSubmitPOSTAPI()'><b>AnalysisDataSubmitPOSTAPI</b><br>Test class: com.arcapi.Transittestcases.AnalysisDataSubmitPOSTAPITest<br>Parameters: STG, ProjectIDTransitBelow, 2</td>
<td></td>
<td>12</td>
<td>com.arcapi.Transittestcases.AnalysisDataSubmitPOSTAPITest@f8c1ddd</td></tr>
<tr>
<td title='com.arcapi.Transittestcases.AppVersionDetailAPITest.AppVersionDetailAPI()'><b>AppVersionDetailAPI</b><br>Test class: com.arcapi.Transittestcases.AppVersionDetailAPITest</td>
<td></td>
<td>2</td>
<td>com.arcapi.Transittestcases.AppVersionDetailAPITest@23529fee</td></tr>
<tr>
<td title='com.arcapi.Transittestcases.AssetAppListAPITest.AssetAppListAPI()'><b>AssetAppListAPI</b><br>Test class: com.arcapi.Transittestcases.AssetAppListAPITest<br>Parameters: STG, ProjectIDTransitBelow, 2</td>
<td></td>
<td>2</td>
<td>com.arcapi.Transittestcases.AssetAppListAPITest@2cbb3d47</td></tr>
<tr>
<td title='com.arcapi.Transittestcases.AssetCertificationListAPITest.AssetCertificationListAPI()'><b>AssetCertificationListAPI</b><br>Test class: com.arcapi.Transittestcases.AssetCertificationListAPITest<br>Parameters: STG, ProjectIDTransitBelow, 2</td>
<td></td>
<td>2</td>
<td>com.arcapi.Transittestcases.AssetCertificationListAPITest@60704c</td></tr>
<tr>
<td title='com.arcapi.Transittestcases.AssetCertificationPOSTAPITest.AssetCertificationPOSTAPI()'><b>AssetCertificationPOSTAPI</b><br>Test class: com.arcapi.Transittestcases.AssetCertificationPOSTAPITest<br>Parameters: STG, ProjectIDTransitBelow, 2</td>
<td></td>
<td>4</td>
<td>com.arcapi.Transittestcases.AssetCertificationPOSTAPITest@6b19b79</td></tr>
<tr>
<td title='com.arcapi.Transittestcases.AssetDataExportAPITest.AssetDataExportAPI()'><b>AssetDataExportAPI</b><br>Test class: com.arcapi.Transittestcases.AssetDataExportAPITest<br>Parameters: STG, ProjectIDTransitBelow, 2</td>
<td></td>
<td>2</td>
<td>com.arcapi.Transittestcases.AssetDataExportAPITest@7995092a</td></tr>
<tr>
<td title='com.arcapi.Transittestcases.AssetDataSnapshotAPITest.AssetDataSnapshotAPI()'><b>AssetDataSnapshotAPI</b><br>Test class: com.arcapi.Transittestcases.AssetDataSnapshotAPITest<br>Parameters: STG, ProjectIDTransitBelow, 2</td>
<td></td>
<td>22</td>
<td>com.arcapi.Transittestcases.AssetDataSnapshotAPITest@6b4a4e18</td></tr>
<tr>
<td title='com.arcapi.Transittestcases.AssetDetailAPITest.AssetDetailAPI()'><b>AssetDetailAPI</b><br>Test class: com.arcapi.Transittestcases.AssetDetailAPITest<br>Parameters: STG, ProjectIDTransitBelow, 2</td>
<td></td>
<td>2</td>
<td>com.arcapi.Transittestcases.AssetDetailAPITest@436a4e4b</td></tr>
<tr>
<td title='com.arcapi.Transittestcases.AssetDocumentAPITest.AssetDocumentAPI()'><b>AssetDocumentAPI</b><br>Test class: com.arcapi.Transittestcases.AssetDocumentAPITest<br>Parameters: STG, ProjectIDTransitBelow, 2</td>
<td></td>
<td>3</td>
<td>com.arcapi.Transittestcases.AssetDocumentAPITest@2aa5fe93</td></tr>
<tr>
<td title='com.arcapi.Transittestcases.AssetListAPITest.AssetListAPI()'><b>AssetListAPI</b><br>Test class: com.arcapi.Transittestcases.AssetListAPITest</td>
<td></td>
<td>2</td>
<td>com.arcapi.Transittestcases.AssetListAPITest@3b938003</td></tr>
<tr>
<td title='com.arcapi.Transittestcases.AssetMeterDetailAPITest.AssetMeterDetailAPI()'><b>AssetMeterDetailAPI</b><br>Test class: com.arcapi.Transittestcases.AssetMeterDetailAPITest<br>Parameters: STG, ProjectIDTransitBelow, 2</td>
<td></td>
<td>3</td>
<td>com.arcapi.Transittestcases.AssetMeterDetailAPITest@6107227e</td></tr>
<tr>
<td title='com.arcapi.Transittestcases.AssetNotificationSubscriptionListTest.AssetNotificationSubscriptionList()'><b>AssetNotificationSubscriptionList</b><br>Test class: com.arcapi.Transittestcases.AssetNotificationSubscriptionListTest<br>Parameters: STG, ProjectIDTransitBelow, 2</td>
<td></td>
<td>2</td>
<td>com.arcapi.Transittestcases.AssetNotificationSubscriptionListTest@1d76aeea</td></tr>
<tr>
<td title='com.arcapi.Transittestcases.AssetNotificationSubscriptionPostTest.AssetNotificationSubscriptionPost()'><b>AssetNotificationSubscriptionPost</b><br>Test class: com.arcapi.Transittestcases.AssetNotificationSubscriptionPostTest<br>Parameters: STG, ProjectIDTransitBelow, 2</td>
<td></td>
<td>2</td>
<td>com.arcapi.Transittestcases.AssetNotificationSubscriptionPostTest@78dd667e</td></tr>
<tr>
<td title='com.arcapi.Transittestcases.AssetOwnerOrgPOSTAPITest.AssetOwnerOrgPOSTAPI()'><b>AssetOwnerOrgPOSTAPI</b><br>Test class: com.arcapi.Transittestcases.AssetOwnerOrgPOSTAPITest</td>
<td></td>
<td>3</td>
<td>com.arcapi.Transittestcases.AssetOwnerOrgPOSTAPITest@55a561cf</td></tr>
<tr>
<td title='com.arcapi.Transittestcases.AssetPerformanceScoreListAPITest.AssetPerformanceScoreListAPI()'><b>AssetPerformanceScoreListAPI</b><br>Test class: com.arcapi.Transittestcases.AssetPerformanceScoreListAPITest<br>Parameters: STG, ProjectIDTransitBelow, 2</td>
<td></td>
<td>1</td>
<td>com.arcapi.Transittestcases.AssetPerformanceScoreListAPITest@7fc2413d</td></tr>
<tr>
<td title='com.arcapi.Transittestcases.AssetRequiredFieldsAPITest.AssetRequiredFieldsAPI()'><b>AssetRequiredFieldsAPI</b><br>Test class: com.arcapi.Transittestcases.AssetRequiredFieldsAPITest<br>Parameters: STG, ProjectIDTransitBelow, 2</td>
<td></td>
<td>3</td>
<td>com.arcapi.Transittestcases.AssetRequiredFieldsAPITest@7692d9cc</td></tr>
<tr>
<td title='com.arcapi.Transittestcases.AssetSearchAPITest.AssetSearchAPI()'><b>AssetSearchAPI</b><br>Test class: com.arcapi.Transittestcases.AssetSearchAPITest<br>Parameters: STG, ProjectIDTransitBelow, 2</td>
<td></td>
<td>1</td>
<td>com.arcapi.Transittestcases.AssetSearchAPITest@5906ebcb</td></tr>
<tr>
<td title='com.arcapi.Transittestcases.AssetSearchOwnerAPITest.AssetSearchOwnerAPI()'><b>AssetSearchOwnerAPI</b><br>Test class: com.arcapi.Transittestcases.AssetSearchOwnerAPITest<br>Parameters: STG, ProjectIDTransitBelow, 2</td>
<td></td>
<td>2</td>
<td>com.arcapi.Transittestcases.AssetSearchOwnerAPITest@3d299e3</td></tr>
<tr>
<td title='com.arcapi.Transittestcases.AssetSnapshotKeysAPITest.AssetSnapshotKeysAPI()'><b>AssetSnapshotKeysAPI</b><br>Test class: com.arcapi.Transittestcases.AssetSnapshotKeysAPITest<br>Parameters: STG, ProjectIDTransitBelow, 2</td>
<td></td>
<td>2</td>
<td>com.arcapi.Transittestcases.AssetSnapshotKeysAPITest@223f3642</td></tr>
<tr>
<td title='com.arcapi.Transittestcases.AssetTeamMemberAddPOSTAPITest.AssetTeamMemberAddPOSTAPI()'><b>AssetTeamMemberAddPOSTAPI</b><br>Test class: com.arcapi.Transittestcases.AssetTeamMemberAddPOSTAPITest<br>Parameters: STG, ProjectIDTransitBelow, 2</td>
<td></td>
<td>2</td>
<td>com.arcapi.Transittestcases.AssetTeamMemberAddPOSTAPITest@1460a8c0</td></tr>
<tr>
<td title='com.arcapi.Transittestcases.AssetTeamMemberListAPITest.AssetTeamMemberListAPI()'><b>AssetTeamMemberListAPI</b><br>Test class: com.arcapi.Transittestcases.AssetTeamMemberListAPITest<br>Parameters: STG, ProjectIDTransitBelow, 2</td>
<td></td>
<td>2</td>
<td>com.arcapi.Transittestcases.AssetTeamMemberListAPITest@79ca92b9</td></tr>
<tr>
<td title='com.arcapi.Transittestcases.AssetTeamMemberRemoveAPITest.AssetTeamMemberRemoveAPI()'><b>AssetTeamMemberRemoveAPI</b><br>Test class: com.arcapi.Transittestcases.AssetTeamMemberRemoveAPITest<br>Parameters: STG, ProjectIDTransitBelow, 2</td>
<td></td>
<td>3</td>
<td>com.arcapi.Transittestcases.AssetTeamMemberRemoveAPITest@4387b79e</td></tr>
<tr>
<td title='com.arcapi.Transittestcases.AssetTeamMemberRoleAPITest.AssetTeamMemberRoleAPI()'><b>AssetTeamMemberRoleAPI</b><br>Test class: com.arcapi.Transittestcases.AssetTeamMemberRoleAPITest<br>Parameters: STG, ProjectIDTransitBelow, 2</td>
<td></td>
<td>2</td>
<td>com.arcapi.Transittestcases.AssetTeamMemberRoleAPITest@8909f18</td></tr>
<tr>
<td title='com.arcapi.Transittestcases.AssetTeamMemberUpdateAPITest.AssetTeamMemberUpdateAPI()'><b>AssetTeamMemberUpdateAPI</b><br>Test class: com.arcapi.Transittestcases.AssetTeamMemberUpdateAPITest<br>Parameters: STG, ProjectIDTransitBelow, 2</td>
<td></td>
<td>3</td>
<td>com.arcapi.Transittestcases.AssetTeamMemberUpdateAPITest@4f638935</td></tr>
<tr>
<td title='com.arcapi.Transittestcases.AssetTeamPermissionListAPITest.AssetTeamPermissionListAPI()'><b>AssetTeamPermissionListAPI</b><br>Test class: com.arcapi.Transittestcases.AssetTeamPermissionListAPITest<br>Parameters: STG, ProjectIDTransitBelow, 2</td>
<td></td>
<td>3</td>
<td>com.arcapi.Transittestcases.AssetTeamPermissionListAPITest@2aa3cd93</td></tr>
<tr>
<td title='com.arcapi.Transittestcases.AssetTeamPermissionPostAPITest.AssetTeamPermissionPostAPI()'><b>AssetTeamPermissionPostAPI</b><br>Test class: com.arcapi.Transittestcases.AssetTeamPermissionPostAPITest<br>Parameters: STG, ProjectIDTransitBelow, 2</td>
<td></td>
<td>2</td>
<td>com.arcapi.Transittestcases.AssetTeamPermissionPostAPITest@7ea37dbf</td></tr>
<tr>
<td title='com.arcapi.Transittestcases.AssetTeamPermissionPutAPITest.AssetTeamPermissionPutAPI()'><b>AssetTeamPermissionPutAPI</b><br>Test class: com.arcapi.Transittestcases.AssetTeamPermissionPutAPITest<br>Parameters: STG, ProjectIDTransitBelow, 2</td>
<td></td>
<td>2</td>
<td>com.arcapi.Transittestcases.AssetTeamPermissionPutAPITest@4b44655e</td></tr>
<tr>
<td title='com.arcapi.Transittestcases.AssetUpdateTransitBelowAPITest.AssetUpdateforNewAssetPUTAPI()'><b>AssetUpdateforNewAssetPUTAPI</b><br>Test class: com.arcapi.Transittestcases.AssetUpdateTransitBelowAPITest<br>Parameters: STG, ProjectIDTransitBelow, 2</td>
<td></td>
<td>3</td>
<td>com.arcapi.Transittestcases.AssetUpdateTransitBelowAPITest@f2f2cc1</td></tr>
<tr>
<td title='com.arcapi.Transittestcases.AssetValidationInfoPOSTAPITest.AssetValidationInfoPOSTAPI()'><b>AssetValidationInfoPOSTAPI</b><br>Test class: com.arcapi.Transittestcases.AssetValidationInfoPOSTAPITest</td>
<td></td>
<td>2</td>
<td>com.arcapi.Transittestcases.AssetValidationInfoPOSTAPITest@258e2e41</td></tr>
<tr>
<td title='com.arcapi.Transittestcases.AvgPerformaceListGetTest.AvgPerformaceList()'><b>AvgPerformaceList</b><br>Test class: com.arcapi.Transittestcases.AvgPerformaceListGetTest</td>
<td></td>
<td>2</td>
<td>com.arcapi.Transittestcases.AvgPerformaceListGetTest@5db250b4</td></tr>
<tr>
<td title='com.arcapi.Transittestcases.CO2GetTest.CO2GetTestAPI()'><b>CO2GetTestAPI</b><br>Test class: com.arcapi.Transittestcases.CO2GetTest<br>Parameters: STG, ProjectIDTransitBelow, 2</td>
<td></td>
<td>2</td>
<td>com.arcapi.Transittestcases.CO2GetTest@2133814f</td></tr>
<tr>
<td title='com.arcapi.Transittestcases.ConsumptionCreatePOSTAPITest.ConsumptionCreatePOSTAPI()'><b>ConsumptionCreatePOSTAPI</b><br>Test class: com.arcapi.Transittestcases.ConsumptionCreatePOSTAPITest<br>Parameters: STG, ProjectIDTransitBelow, 2</td>
<td></td>
<td>3</td>
<td>com.arcapi.Transittestcases.ConsumptionCreatePOSTAPITest@327b636c</td></tr>
<tr>
<td title='com.arcapi.Transittestcases.ConsumptionDeleteAPITest.ConsumptionDeleteAPI()'><b>ConsumptionDeleteAPI</b><br>Test class: com.arcapi.Transittestcases.ConsumptionDeleteAPITest<br>Parameters: STG, ProjectIDTransitBelow, 2</td>
<td></td>
<td>3</td>
<td>com.arcapi.Transittestcases.ConsumptionDeleteAPITest@3745e5c6</td></tr>
<tr>
<td title='com.arcapi.Transittestcases.ConsumptionDetailAPITest.ConsumptionDetailAPI()'><b>ConsumptionDetailAPI</b><br>Test class: com.arcapi.Transittestcases.ConsumptionDetailAPITest<br>Parameters: STG, ProjectIDTransitBelow, 2</td>
<td></td>
<td>1</td>
<td>com.arcapi.Transittestcases.ConsumptionDetailAPITest@45dd4eda</td></tr>
<tr>
<td title='com.arcapi.Transittestcases.ConsumptionListAPITest.ConsumptionListAPI()'><b>ConsumptionListAPI</b><br>Test class: com.arcapi.Transittestcases.ConsumptionListAPITest<br>Parameters: STG, ProjectIDTransitBelow, 2</td>
<td></td>
<td>2</td>
<td>com.arcapi.Transittestcases.ConsumptionListAPITest@6ab7a896</td></tr>
<tr>
<td title='com.arcapi.Transittestcases.ConsumptionUpdatePUTAPITest.ConsumptionUpdatePUTAPI()'><b>ConsumptionUpdatePUTAPI</b><br>Test class: com.arcapi.Transittestcases.ConsumptionUpdatePUTAPITest<br>Parameters: STG, ProjectIDTransitBelow, 2</td>
<td></td>
<td>2</td>
<td>com.arcapi.Transittestcases.ConsumptionUpdatePUTAPITest@60611244</td></tr>
<tr>
<td title='com.arcapi.Transittestcases.CreateAssetTransitBelowAPITest.CreateAssetPOSTAPI()'><b>CreateAssetPOSTAPI</b><br>Test class: com.arcapi.Transittestcases.CreateAssetTransitBelowAPITest<br>Parameters: STG, transit, ProjectIDTransitBelow, 2, US</td>
<td></td>
<td>9</td>
<td>com.arcapi.Transittestcases.CreateAssetTransitBelowAPITest@6f3b5d16</td></tr>
<tr>
<td title='com.arcapi.Transittestcases.CreditAddTeamPOSTAPITest.CreditAddTeamPOSTAPI()'><b>CreditAddTeamPOSTAPI</b><br>Test class: com.arcapi.Transittestcases.CreditAddTeamPOSTAPITest<br>Parameters: STG, ProjectIDTransitBelow, 2, TransitBelowCredit, 3</td>
<td></td>
<td>90</td>
<td>com.arcapi.Transittestcases.CreditAddTeamPOSTAPITest@37e547da</td></tr>
<tr>
<td title='com.arcapi.Transittestcases.CreditFormDownloadAPITest.CreditFormDownloadAPI()'><b>CreditFormDownloadAPI</b><br>Test class: com.arcapi.Transittestcases.CreditFormDownloadAPITest<br>Parameters: STG, ProjectIDTransitBelow, 2, TransitBelowCredit</td>
<td></td>
<td>5</td>
<td>com.arcapi.Transittestcases.CreditFormDownloadAPITest@3e3047e6</td></tr>
<tr>
<td title='com.arcapi.Transittestcases.CreditGetAPITest.CreditGetAPI()'><b>CreditGetAPI</b><br>Test class: com.arcapi.Transittestcases.CreditGetAPITest<br>Parameters: STG, ProjectIDTransitBelow, 2, TransitBelowCredit</td>
<td></td>
<td>15</td>
<td>com.arcapi.Transittestcases.CreditGetAPITest@b62fe6d</td></tr>
<tr>
<td title='com.arcapi.Transittestcases.CreditUpdatePUTAPITest.CreditUpdatePUTAPI()'><b>CreditUpdatePUTAPI</b><br>Test class: com.arcapi.Transittestcases.CreditUpdatePUTAPITest<br>Parameters: STG, ProjectIDTransitBelow, 2, transit, TransitBelowCredit, 3</td>
<td></td>
<td>76</td>
<td>com.arcapi.Transittestcases.CreditUpdatePUTAPITest@13acb0d1</td></tr>
<tr>
<td title='com.arcapi.Transittestcases.DeleteAllAppsAPITest.DeleteAllAppsAPI()'><b>DeleteAllAppsAPI</b><br>Test class: com.arcapi.Transittestcases.DeleteAllAppsAPITest<br>Parameters: STG, ProjectIDTransitBelow, 2</td>
<td></td>
<td>5</td>
<td>com.arcapi.Transittestcases.DeleteAllAppsAPITest@6e75aa0d</td></tr>
<tr>
<td title='com.arcapi.Transittestcases.DownloadDocumentsAPITest.DownloadDocumentsAPI()'><b>DownloadDocumentsAPI</b><br>Test class: com.arcapi.Transittestcases.DownloadDocumentsAPITest<br>Parameters: STG, ProjectIDTransitBelow, 2</td>
<td></td>
<td>2</td>
<td>com.arcapi.Transittestcases.DownloadDocumentsAPITest@5c1a8622</td></tr>
<tr>
<td title='com.arcapi.Transittestcases.EnvironmentSurveyCreatePOSTAPITest.EnvironmentSurveyCreatePOSTAPI()'><b>EnvironmentSurveyCreatePOSTAPI</b><br>Test class: com.arcapi.Transittestcases.EnvironmentSurveyCreatePOSTAPITest<br>Parameters: STG, ProjectIDTransitBelow, 2</td>
<td></td>
<td>2</td>
<td>com.arcapi.Transittestcases.EnvironmentSurveyCreatePOSTAPITest@69930714</td></tr>
<tr>
<td title='com.arcapi.Transittestcases.EnvironmentSurveyExportAPITest.EnvironmentSurveyExportAPI()'><b>EnvironmentSurveyExportAPI</b><br>Test class: com.arcapi.Transittestcases.EnvironmentSurveyExportAPITest<br>Parameters: STG, ProjectIDTransitBelow, 2</td>
<td></td>
<td>2</td>
<td>com.arcapi.Transittestcases.EnvironmentSurveyExportAPITest@6293abcc</td></tr>
<tr>
<td title='com.arcapi.Transittestcases.EnvironmentSurveyGetAPITest.EnvironmentSurveyGetAPI()'><b>EnvironmentSurveyGetAPI</b><br>Test class: com.arcapi.Transittestcases.EnvironmentSurveyGetAPITest<br>Parameters: STG, ProjectIDTransitBelow, 2</td>
<td></td>
<td>2</td>
<td>com.arcapi.Transittestcases.EnvironmentSurveyGetAPITest@7a52f2a2</td></tr>
<tr>
<td title='com.arcapi.Transittestcases.EnvironmentSurveySummarizeAPITest.EnvironmentSurveySummarizeAPI()'><b>EnvironmentSurveySummarizeAPI</b><br>Test class: com.arcapi.Transittestcases.EnvironmentSurveySummarizeAPITest<br>Parameters: STG, ProjectIDTransitBelow, 2</td>
<td></td>
<td>2</td>
<td>com.arcapi.Transittestcases.EnvironmentSurveySummarizeAPITest@78047b92</td></tr>
<tr>
<td title='com.arcapi.Transittestcases.ExcelUploadTemplatePOSTAPITest.ExcelUploadTemplatePOSTAPI()'><b>ExcelUploadTemplatePOSTAPI</b><br>Test class: com.arcapi.Transittestcases.ExcelUploadTemplatePOSTAPITest<br>Parameters: STG, ProjectIDTransitBelow, 2</td>
<td></td>
<td>3</td>
<td>com.arcapi.Transittestcases.ExcelUploadTemplatePOSTAPITest@add0edd</td></tr>
<tr>
<td title='com.arcapi.Transittestcases.FeedbackSubmitPostAPITest.FeedbackSubmitPostAPI()'><b>FeedbackSubmitPostAPI</b><br>Test class: com.arcapi.Transittestcases.FeedbackSubmitPostAPITest<br>Parameters: STG, ProjectIDTransitBelow, 2</td>
<td></td>
<td>2</td>
<td>com.arcapi.Transittestcases.FeedbackSubmitPostAPITest@6a01e23</td></tr>
<tr>
<td title='com.arcapi.Transittestcases.FetchingAgreementDetailsAPITest.FetchingAgreementDetailsAPI()'><b>FetchingAgreementDetailsAPI</b><br>Test class: com.arcapi.Transittestcases.FetchingAgreementDetailsAPITest<br>Parameters: STG, ProjectIDTransitBelow, 2</td>
<td></td>
<td>3</td>
<td>com.arcapi.Transittestcases.FetchingAgreementDetailsAPITest@6156496</td></tr>
<tr>
<td title='com.arcapi.Transittestcases.FuelCategoryAPITest.FuelCategoryAPI()'><b>FuelCategoryAPI</b><br>Test class: com.arcapi.Transittestcases.FuelCategoryAPITest</td>
<td></td>
<td>3</td>
<td>com.arcapi.Transittestcases.FuelCategoryAPITest@4fe767f3</td></tr>
<tr>
<td title='com.arcapi.Transittestcases.GetAllDocumentListAPITest.GetAllDocumentListAPI()'><b>GetAllDocumentListAPI</b><br>Test class: com.arcapi.Transittestcases.GetAllDocumentListAPITest<br>Parameters: STG, ProjectIDTransitBelow, 2</td>
<td></td>
<td>6</td>
<td>com.arcapi.Transittestcases.GetAllDocumentListAPITest@2805c96b</td></tr>
<tr>
<td title='com.arcapi.Transittestcases.GhgCalcGetTest.GhgCalcGet()'><b>GhgCalcGet</b><br>Test class: com.arcapi.Transittestcases.GhgCalcGetTest<br>Parameters: STG, ProjectIDTransitBelow, 2</td>
<td></td>
<td>2</td>
<td>com.arcapi.Transittestcases.GhgCalcGetTest@23986957</td></tr>
<tr>
<td title='com.arcapi.Transittestcases.GhgGetTest.GhgGetTestAPI()'><b>GhgGetTestAPI</b><br>Test class: com.arcapi.Transittestcases.GhgGetTest<br>Parameters: STG, ProjectIDTransitBelow, 2</td>
<td></td>
<td>2</td>
<td>com.arcapi.Transittestcases.GhgGetTest@4c15e7fd</td></tr>
<tr>
<td title='com.arcapi.Transittestcases.InstallAllAppsAfterDeleteAPITest.InstallAllAppsAfterDeleteAPI()'><b>InstallAllAppsAfterDeleteAPI</b><br>Test class: com.arcapi.Transittestcases.InstallAllAppsAfterDeleteAPITest<br>Parameters: STG, ProjectIDTransitBelow, 2</td>
<td></td>
<td>6</td>
<td>com.arcapi.Transittestcases.InstallAllAppsAfterDeleteAPITest@7fc229ab</td></tr>
<tr>
<td title='com.arcapi.Transittestcases.LOTokenAPITest.LOTokenAPI()'><b>LOTokenAPI</b><br>Test class: com.arcapi.Transittestcases.LOTokenAPITest<br>Parameters: STG, 2</td>
<td></td>
<td>2</td>
<td>com.arcapi.Transittestcases.LOTokenAPITest@3b2da18f</td></tr>
<tr>
<td title='com.arcapi.Transittestcases.LoginAPITest.LoginAPI()'><b>LoginAPI</b><br>Test class: com.arcapi.Transittestcases.LoginAPITest<br>Parameters: STG, 2</td>
<td></td>
<td>17</td>
<td>com.arcapi.Transittestcases.LoginAPITest@23282c25</td></tr>
<tr>
<td title='com.arcapi.Transittestcases.MeterBulkConsumptionPOSTAPITest.MeterBulkConsumptionPOSTAPI()'><b>MeterBulkConsumptionPOSTAPI</b><br>Test class: com.arcapi.Transittestcases.MeterBulkConsumptionPOSTAPITest<br>Parameters: STG, ProjectIDTransitBelow, 2</td>
<td></td>
<td>3</td>
<td>com.arcapi.Transittestcases.MeterBulkConsumptionPOSTAPITest@15761df8</td></tr>
<tr>
<td title='com.arcapi.Transittestcases.MeterCreatePOSTAPITest.MeterCreatePOSTAPI()'><b>MeterCreatePOSTAPI</b><br>Test class: com.arcapi.Transittestcases.MeterCreatePOSTAPITest<br>Parameters: STG, ProjectIDTransitBelow, 2</td>
<td></td>
<td>2</td>
<td>com.arcapi.Transittestcases.MeterCreatePOSTAPITest@5db45159</td></tr>
<tr>
<td title='com.arcapi.Transittestcases.MeterDeleteAPITest.MeterDeleteAPI()'><b>MeterDeleteAPI</b><br>Test class: com.arcapi.Transittestcases.MeterDeleteAPITest<br>Parameters: STG, ProjectIDTransitBelow, 2</td>
<td></td>
<td>3</td>
<td>com.arcapi.Transittestcases.MeterDeleteAPITest@5e4c8041</td></tr>
<tr>
<td title='com.arcapi.Transittestcases.MeterUpdatePUTAPITest.MeterUpdatePUTAPI()'><b>MeterUpdatePUTAPI</b><br>Test class: com.arcapi.Transittestcases.MeterUpdatePUTAPITest<br>Parameters: STG, ProjectIDTransitBelow, 2</td>
<td></td>
<td>2</td>
<td>com.arcapi.Transittestcases.MeterUpdatePUTAPITest@7c417213</td></tr>
<tr>
<td title='com.arcapi.Transittestcases.MetersAPITest.MetersAPI()'><b>MetersAPI</b><br>Test class: com.arcapi.Transittestcases.MetersAPITest<br>Parameters: STG, ProjectIDTransitBelow, 2</td>
<td></td>
<td>2</td>
<td>com.arcapi.Transittestcases.MetersAPITest@2b6856dd</td></tr>
<tr>
<td title='com.arcapi.Transittestcases.ExcelTemplateMetersAPITest.MetersAPI()'><b>MetersAPI</b><br>Test class: com.arcapi.Transittestcases.ExcelTemplateMetersAPITest<br>Parameters: STG, ProjectIDTransitBelow, 2</td>
<td></td>
<td>7</td>
<td>com.arcapi.Transittestcases.ExcelTemplateMetersAPITest@37918c79</td></tr>
<tr>
<td title='com.arcapi.Transittestcases.NotificationCreatePOSTAPITest.NotificationCreatePOSTAPI()'><b>NotificationCreatePOSTAPI</b><br>Test class: com.arcapi.Transittestcases.NotificationCreatePOSTAPITest<br>Parameters: STG, ProjectIDTransitBelow, 2</td>
<td></td>
<td>2</td>
<td>com.arcapi.Transittestcases.NotificationCreatePOSTAPITest@1df82230</td></tr>
<tr>
<td title='com.arcapi.Transittestcases.NotificationDeleteAPITest.NotificationDeleteAPI()'><b>NotificationDeleteAPI</b><br>Test class: com.arcapi.Transittestcases.NotificationDeleteAPITest<br>Parameters: STG, ProjectIDTransitBelow, 2</td>
<td></td>
<td>2</td>
<td>com.arcapi.Transittestcases.NotificationDeleteAPITest@13c10b87</td></tr>
<tr>
<td title='com.arcapi.Transittestcases.NotificationGetAPITest.NotificationGetAPI()'><b>NotificationGetAPI</b><br>Test class: com.arcapi.Transittestcases.NotificationGetAPITest<br>Parameters: STG, ProjectIDTransitBelow, 2</td>
<td></td>
<td>2</td>
<td>com.arcapi.Transittestcases.NotificationGetAPITest@22635ba0</td></tr>
<tr>
<td title='com.arcapi.Transittestcases.NotificationSubscriptionDetailGetTest.NotificationSubscriptionDetail()'><b>NotificationSubscriptionDetail</b><br>Test class: com.arcapi.Transittestcases.NotificationSubscriptionDetailGetTest<br>Parameters: STG, ProjectIDTransitBelow, 2</td>
<td></td>
<td>1</td>
<td>com.arcapi.Transittestcases.NotificationSubscriptionDetailGetTest@10db82ae</td></tr>
<tr>
<td title='com.arcapi.Transittestcases.NotificationSubscriptionDetailPutTest.NotificationSubscriptionDetail()'><b>NotificationSubscriptionDetail</b><br>Test class: com.arcapi.Transittestcases.NotificationSubscriptionDetailPutTest<br>Parameters: STG, ProjectIDTransitBelow, 2</td>
<td></td>
<td>2</td>
<td>com.arcapi.Transittestcases.NotificationSubscriptionDetailPutTest@501edcf1</td></tr>
<tr>
<td title='com.arcapi.Transittestcases.NotificationSubscriptionDetailDeleteTest.NotificationSubscriptionDetailDelete()'><b>NotificationSubscriptionDetailDelete</b><br>Test class: com.arcapi.Transittestcases.NotificationSubscriptionDetailDeleteTest<br>Parameters: STG, ProjectIDTransitBelow, 2</td>
<td></td>
<td>2</td>
<td>com.arcapi.Transittestcases.NotificationSubscriptionDetailDeleteTest@78b729e6</td></tr>
<tr>
<td title='com.arcapi.Transittestcases.PaymentHistoryAPITest.PaymentHistoryAPI()'><b>PaymentHistoryAPI</b><br>Test class: com.arcapi.Transittestcases.PaymentHistoryAPITest<br>Parameters: STG, ProjectIDTransitBelow, 2</td>
<td></td>
<td>1</td>
<td>com.arcapi.Transittestcases.PaymentHistoryAPITest@657c8ad9</td></tr>
<tr>
<td title='com.arcapi.Transittestcases.PaymentOrderGetAPITest.PaymentOrderGetAPI()'><b>PaymentOrderGetAPI</b><br>Test class: com.arcapi.Transittestcases.PaymentOrderGetAPITest<br>Parameters: STG, ProjectIDTransitBelow, 2</td>
<td></td>
<td>2</td>
<td>com.arcapi.Transittestcases.PaymentOrderGetAPITest@6295d394</td></tr>
<tr>
<td title='com.arcapi.Transittestcases.PaymentOrderSubmitPOSTAPITest.PaymentOrderSubmitPOSTAPI()'><b>PaymentOrderSubmitPOSTAPI</b><br>Test class: com.arcapi.Transittestcases.PaymentOrderSubmitPOSTAPITest<br>Parameters: STG, ProjectIDTransitBelow, 2, CheckPayment</td>
<td></td>
<td>9</td>
<td>com.arcapi.Transittestcases.PaymentOrderSubmitPOSTAPITest@21507a04</td></tr>
<tr>
<td title='com.arcapi.Transittestcases.PaymentReceiptAPITest.PaymentReceiptAPI()'><b>PaymentReceiptAPI</b><br>Test class: com.arcapi.Transittestcases.PaymentReceiptAPITest<br>Parameters: STG, ProjectIDTransitBelow, 2</td>
<td></td>
<td>8</td>
<td>com.arcapi.Transittestcases.PaymentReceiptAPITest@475e586c</td></tr>
<tr>
<td title='com.arcapi.Transittestcases.PerformanceComparablesGetAPITest.PerformanceComparablesGetAPI()'><b>PerformanceComparablesGetAPI</b><br>Test class: com.arcapi.Transittestcases.PerformanceComparablesGetAPITest</td>
<td></td>
<td>2</td>
<td>com.arcapi.Transittestcases.PerformanceComparablesGetAPITest@184cf7cf</td></tr>
<tr>
<td title='com.arcapi.Transittestcases.RatingSystemListAPITest.RatingSystemListAPI()'><b>RatingSystemListAPI</b><br>Test class: com.arcapi.Transittestcases.RatingSystemListAPITest</td>
<td></td>
<td>23</td>
<td>com.arcapi.Transittestcases.RatingSystemListAPITest@43ee72e6</td></tr>
<tr>
<td title='com.arcapi.Transittestcases.RecomputePerformanceScoreGetTest.RecomputePerformanceScoreGet()'><b>RecomputePerformanceScoreGet</b><br>Test class: com.arcapi.Transittestcases.RecomputePerformanceScoreGetTest<br>Parameters: STG, ProjectIDTransitBelow, 2</td>
<td></td>
<td>4</td>
<td>com.arcapi.Transittestcases.RecomputePerformanceScoreGetTest@27c86f2d</td></tr>
<tr>
<td title='com.arcapi.Transittestcases.RegistrationPaymentPricingGetAPITest.RegistrationPaymentPricingGetAPI()'><b>RegistrationPaymentPricingGetAPI</b><br>Test class: com.arcapi.Transittestcases.RegistrationPaymentPricingGetAPITest<br>Parameters: STG, ProjectIDTransitBelow, 2</td>
<td></td>
<td>2</td>
<td>com.arcapi.Transittestcases.RegistrationPaymentPricingGetAPITest@6646153</td></tr>
<tr>
<td title='com.arcapi.Transittestcases.ReviewCertificationPricingAPITest.ReviewCertificationPricingAPI()'><b>ReviewCertificationPricingAPI</b><br>Test class: com.arcapi.Transittestcases.ReviewCertificationPricingAPITest<br>Parameters: STG, ProjectIDTransitBelow, 2, precertification review</td>
<td></td>
<td>3</td>
<td>com.arcapi.Transittestcases.ReviewCertificationPricingAPITest@197d671</td></tr>
<tr>
<td title='com.arcapi.Transittestcases.RidershipDataGetAPITest.RidershipDataGetAPI()'><b>RidershipDataGetAPI</b><br>Test class: com.arcapi.Transittestcases.RidershipDataGetAPITest<br>Parameters: STG, ProjectIDTransitBelow, 2</td>
<td></td>
<td>2</td>
<td>com.arcapi.Transittestcases.RidershipDataGetAPITest@7d3a22a9</td></tr>
<tr>
<td title='com.arcapi.Transittestcases.S3DocumentListAPITest.S3DocumentListAPI()'><b>S3DocumentListAPI</b><br>Test class: com.arcapi.Transittestcases.S3DocumentListAPITest<br>Parameters: STG, ProjectIDTransitBelow, 2</td>
<td></td>
<td>2</td>
<td>com.arcapi.Transittestcases.S3DocumentListAPITest@1198b989</td></tr>
<tr>
<td title='com.arcapi.Transittestcases.S3DocumentRemoveAPITest.S3DocumentRemoveAPI()'><b>S3DocumentRemoveAPI</b><br>Test class: com.arcapi.Transittestcases.S3DocumentRemoveAPITest<br>Parameters: STG, ProjectIDTransitBelow, 2</td>
<td></td>
<td>2</td>
<td>com.arcapi.Transittestcases.S3DocumentRemoveAPITest@7ff95560</td></tr>
<tr>
<td title='com.arcapi.Transittestcases.S3DocumentUploadPOSTAPITest.S3DocumentUploadPOSTAPI()'><b>S3DocumentUploadPOSTAPI</b><br>Test class: com.arcapi.Transittestcases.S3DocumentUploadPOSTAPITest<br>Parameters: STG, ProjectIDTransitBelow, 2</td>
<td></td>
<td>21</td>
<td>com.arcapi.Transittestcases.S3DocumentUploadPOSTAPITest@527e5409</td></tr>
<tr>
<td title='com.arcapi.Transittestcases.ScoreWeightsAPITest.ScoreWeightsAPI()'><b>ScoreWeightsAPI</b><br>Test class: com.arcapi.Transittestcases.ScoreWeightsAPITest</td>
<td></td>
<td>2</td>
<td>com.arcapi.Transittestcases.ScoreWeightsAPITest@2fd6b6c7</td></tr>
<tr>
<td title='com.arcapi.Transittestcases.SignAgreementRegistrationAPITest.SignAgreementRegistrationAPI()'><b>SignAgreementRegistrationAPI</b><br>Test class: com.arcapi.Transittestcases.SignAgreementRegistrationAPITest<br>Parameters: STG, ProjectIDTransitBelow, 2</td>
<td></td>
<td>4</td>
<td>com.arcapi.Transittestcases.SignAgreementRegistrationAPITest@78b1cc93</td></tr>
<tr>
<td title='com.arcapi.Transittestcases.SubmitReviewGetAPITest.SubmitReviewGetAPI()'><b>SubmitReviewGetAPI</b><br>Test class: com.arcapi.Transittestcases.SubmitReviewGetAPITest<br>Parameters: STG, ProjectIDTransitBelow, 2</td>
<td></td>
<td>2</td>
<td>com.arcapi.Transittestcases.SubmitReviewGetAPITest@79ad8b2f</td></tr>
<tr>
<td title='com.arcapi.Transittestcases.TemperatureDataGetTest.TemperatureDataGet()'><b>TemperatureDataGet</b><br>Test class: com.arcapi.Transittestcases.TemperatureDataGetTest<br>Parameters: STG, ProjectIDTransitBelow, 2</td>
<td></td>
<td>2</td>
<td>com.arcapi.Transittestcases.TemperatureDataGetTest@2a32de6c</td></tr>
<tr>
<td title='com.arcapi.Transittestcases.ThirdPartyListAppsAPITest.ThirdPartyListAppsAPI()'><b>ThirdPartyListAppsAPI</b><br>Test class: com.arcapi.Transittestcases.ThirdPartyListAppsAPITest</td>
<td></td>
<td>2</td>
<td>com.arcapi.Transittestcases.ThirdPartyListAppsAPITest@5bfa9431</td></tr>
<tr>
<td title='com.arcapi.Transittestcases.TransitSurveyAPITest.TransitSurveyAPI()'><b>TransitSurveyAPI</b><br>Test class: com.arcapi.Transittestcases.TransitSurveyAPITest<br>Parameters: STG, ProjectIDTransitBelow, 2</td>
<td></td>
<td>2</td>
<td>com.arcapi.Transittestcases.TransitSurveyAPITest@a4102b8</td></tr>
<tr>
<td title='com.arcapi.Transittestcases.TransitSurveyCreatePOSTAPITest.TransitSurveyCreatePOSTAPI()'><b>TransitSurveyCreatePOSTAPI</b><br>Test class: com.arcapi.Transittestcases.TransitSurveyCreatePOSTAPITest<br>Parameters: STG, ProjectIDTransitBelow, 2</td>
<td></td>
<td>4</td>
<td>com.arcapi.Transittestcases.TransitSurveyCreatePOSTAPITest@d83da2e</td></tr>
<tr>
<td title='com.arcapi.Transittestcases.TransitSurveyExportAPITest.TransitSurveyExportAPI()'><b>TransitSurveyExportAPI</b><br>Test class: com.arcapi.Transittestcases.TransitSurveyExportAPITest<br>Parameters: STG, ProjectIDTransitBelow, 2</td>
<td></td>
<td>3</td>
<td>com.arcapi.Transittestcases.TransitSurveyExportAPITest@5a955565</td></tr>
<tr>
<td title='com.arcapi.Transittestcases.TransitSurveySummarizeSurveyAPITest.TransitSurveySummarizeSurveyAPI()'><b>TransitSurveySummarizeSurveyAPI</b><br>Test class: com.arcapi.Transittestcases.TransitSurveySummarizeSurveyAPITest<br>Parameters: STG, ProjectIDTransitBelow, 2</td>
<td></td>
<td>2</td>
<td>com.arcapi.Transittestcases.TransitSurveySummarizeSurveyAPITest@11dc3715</td></tr>
<tr>
<td title='com.arcapi.Transittestcases.UserAccessLevelSAPGetTest.UserAccessLevelSAPGet()'><b>UserAccessLevelSAPGet</b><br>Test class: com.arcapi.Transittestcases.UserAccessLevelSAPGetTest</td>
<td></td>
<td>1</td>
<td>com.arcapi.Transittestcases.UserAccessLevelSAPGetTest@6b419da</td></tr>
<tr>
<td title='com.arcapi.Transittestcases.UserDetailAPITest.UserDetailAPI()'><b>UserDetailAPI</b><br>Test class: com.arcapi.Transittestcases.UserDetailAPITest<br>Parameters: STG, 2</td>
<td></td>
<td>2</td>
<td>com.arcapi.Transittestcases.UserDetailAPITest@7920ba90</td></tr>
<tr>
<td title='com.arcapi.Transittestcases.VOCGetTest.VOCGet()'><b>VOCGet</b><br>Test class: com.arcapi.Transittestcases.VOCGetTest<br>Parameters: STG, ProjectIDTransitBelow, 2</td>
<td></td>
<td>2</td>
<td>com.arcapi.Transittestcases.VOCGetTest@23f7d05d</td></tr>
<tr>
<td title='com.arcapi.Transittestcases.VerifyAgreementDeleteAPITest.VerifyAgreementDeleteAPI()'><b>VerifyAgreementDeleteAPI</b><br>Test class: com.arcapi.Transittestcases.VerifyAgreementDeleteAPITest<br>Parameters: STG, ProjectIDTransitBelow, 2</td>
<td></td>
<td>1</td>
<td>com.arcapi.Transittestcases.VerifyAgreementDeleteAPITest@3c153a1</td></tr>
<tr>
<td title='com.arcapi.Transittestcases.VerifyAgreementPresentAPITest.VerifyAgreementPresentAPI()'><b>VerifyAgreementPresentAPI</b><br>Test class: com.arcapi.Transittestcases.VerifyAgreementPresentAPITest<br>Parameters: STG, ProjectIDTransitBelow, 2</td>
<td></td>
<td>2</td>
<td>com.arcapi.Transittestcases.VerifyAgreementPresentAPITest@5ad851c9</td></tr>
<tr>
<td title='com.arcapi.Transittestcases.VerifyAssetDetailAPITest.VerifyAssetDetailAPI()'><b>VerifyAssetDetailAPI</b><br>Test class: com.arcapi.Transittestcases.VerifyAssetDetailAPITest<br>Parameters: STG, ProjectIDTransitBelow, 2</td>
<td></td>
<td>4</td>
<td>com.arcapi.Transittestcases.VerifyAssetDetailAPITest@3a079870</td></tr>
<tr>
<td title='com.arcapi.Transittestcases.VerifyExcelTemplateConsumptionAPITest.VerifyExcelTemplateConsumptionAPI()'><b>VerifyExcelTemplateConsumptionAPI</b><br>Test class: com.arcapi.Transittestcases.VerifyExcelTemplateConsumptionAPITest<br>Parameters: STG, ProjectIDTransitBelow, 2</td>
<td></td>
<td>12</td>
<td>com.arcapi.Transittestcases.VerifyExcelTemplateConsumptionAPITest@78e94dcf</td></tr>
<tr>
<td title='com.arcapi.Transittestcases.VerifyProjectRegisteredAssetListTest.VerifyProjectRegisteredAssetList()'><b>VerifyProjectRegisteredAssetList</b><br>Test class: com.arcapi.Transittestcases.VerifyProjectRegisteredAssetListTest<br>Parameters: STG, ProjectIDTransitBelow, 2</td>
<td></td>
<td>2</td>
<td>com.arcapi.Transittestcases.VerifyProjectRegisteredAssetListTest@3b2cf7ab</td></tr>
<tr>
<td title='com.arcapi.Transittestcases.VerifyWasteDataExcelAPITest.VerifyWasteDataExcelAPI()'><b>VerifyWasteDataExcelAPI</b><br>Test class: com.arcapi.Transittestcases.VerifyWasteDataExcelAPITest<br>Parameters: STG, ProjectIDTransitBelow, 2</td>
<td></td>
<td>3</td>
<td>com.arcapi.Transittestcases.VerifyWasteDataExcelAPITest@233fe9b6</td></tr>
<tr>
<td title='com.arcapi.Transittestcases.WasteCreatePOSTAPITest.WasteCreatePOSTAPI()'><b>WasteCreatePOSTAPI</b><br>Test class: com.arcapi.Transittestcases.WasteCreatePOSTAPITest<br>Parameters: STG, ProjectIDTransitBelow, 2</td>
<td></td>
<td>5</td>
<td>com.arcapi.Transittestcases.WasteCreatePOSTAPITest@71c8becc</td></tr>
<tr>
<td title='com.arcapi.Transittestcases.WasteDetailAPITest.WasteDetailAPI()'><b>WasteDetailAPI</b><br>Test class: com.arcapi.Transittestcases.WasteDetailAPITest<br>Parameters: STG, ProjectIDTransitBelow, 2</td>
<td></td>
<td>2</td>
<td>com.arcapi.Transittestcases.WasteDetailAPITest@1a0dcaa</td></tr>
<tr>
<td title='com.arcapi.Transittestcases.WasteDetailDeleteAPITest.WasteDetailDeleteAPI()'><b>WasteDetailDeleteAPI</b><br>Test class: com.arcapi.Transittestcases.WasteDetailDeleteAPITest<br>Parameters: STG, ProjectIDTransitBelow, 2</td>
<td></td>
<td>6</td>
<td>com.arcapi.Transittestcases.WasteDetailDeleteAPITest@fdefd3f</td></tr>
<tr>
<td title='com.arcapi.Transittestcases.WasteGetAPITest.WasteGetAPI()'><b>WasteGetAPI</b><br>Test class: com.arcapi.Transittestcases.WasteGetAPITest<br>Parameters: STG, ProjectIDTransitBelow, 2</td>
<td></td>
<td>2</td>
<td>com.arcapi.Transittestcases.WasteGetAPITest@19d37183</td></tr>
<tr>
<td title='com.arcapi.Transittestcases.WasteUpdatePUTAPITest.WasteUpdatePUTAPI()'><b>WasteUpdatePUTAPI</b><br>Test class: com.arcapi.Transittestcases.WasteUpdatePUTAPITest<br>Parameters: STG, ProjectIDTransitBelow, 2</td>
<td></td>
<td>3</td>
<td>com.arcapi.Transittestcases.WasteUpdatePUTAPITest@3bd40a57</td></tr>
<tr>
<td title='com.arcapi.Transittestcases.WaterGetTest.WaterGet()'><b>WaterGet</b><br>Test class: com.arcapi.Transittestcases.WaterGetTest<br>Parameters: STG, ProjectIDTransitBelow, 2</td>
<td></td>
<td>2</td>
<td>com.arcapi.Transittestcases.WaterGetTest@1d082e88</td></tr>
</table><p>
</body>
</html>