<html>
<head>
<title>TestNG:  CompleteFlowTest-Portfolios-Gresb</title>
<link href="../testng.css" rel="stylesheet" type="text/css" />
<link href="../my-testng.css" rel="stylesheet" type="text/css" />

<style type="text/css">
.log { display: none;} 
.stack-trace { display: none;} 
</style>
<script type="text/javascript">
<!--
function flip(e) {
  current = e.style.display;
  if (current == 'block') {
    e.style.display = 'none';
    return 0;
  }
  else {
    e.style.display = 'block';
    return 1;
  }
}

function toggleBox(szDivId, elem, msg1, msg2)
{
  var res = -1;  if (document.getElementById) {
    res = flip(document.getElementById(szDivId));
  }
  else if (document.all) {
    // this is the way old msie versions work
    res = flip(document.all[szDivId]);
  }
  if(elem) {
    if(res == 0) elem.innerHTML = msg1; else elem.innerHTML = msg2;
  }

}

function toggleAllBoxes() {
  if (document.getElementsByTagName) {
    d = document.getElementsByTagName('div');
    for (i = 0; i < d.length; i++) {
      if (d[i].className == 'log') {
        flip(d[i]);
      }
    }
  }
}

// -->
</script>

</head>
<body>
<h2 align='center'>CompleteFlowTest-Portfolios-Gresb</h2><table border='1' align="center">
<tr>
<td>Tests passed/Failed/Skipped:</td><td>24/9/0</td>
</tr><tr>
<td>Started on:</td><td>Fri Nov 08 11:22:16 IST 2019</td>
</tr>
<tr><td>Total time:</td><td>109 seconds (109494 ms)</td>
</tr><tr>
<td>Included groups:</td><td></td>
</tr><tr>
<td>Excluded groups:</td><td></td>
</tr>
</table><p/>
<small><i>(Hover the method name to see the test class name)</i></small><p/>
<table width='100%' border='1' class='invocation-failed'>
<tr><td colspan='4' align='center'><b>FAILED TESTS</b></td></tr>
<tr><td><b>Test method</b></td>
<td width="30%"><b>Exception</b></td>
<td width="10%"><b>Time (seconds)</b></td>
<td><b>Instance</b></td>
</tr>
<tr>
<td title='com.arcapi.Portfoliostestcases.GresbAssetsVerifyBuildingTrialStatusAPITest.GresbAssetsVerifyBuildingTrialStatusAPI()'><b>GresbAssetsVerifyBuildingTrialStatusAPI</b><br>Test class: com.arcapi.Portfoliostestcases.GresbAssetsVerifyBuildingTrialStatusAPITest<br>Parameters: DEV, ProjectIDBuildingNone, 2</td>
<td><div><pre>java.lang.AssertionError: expected [true] but found [false]
	at com.Utill.Controller.Assertion.verifyData(Assertion.java:28)
	at com.arcapi.Portfoliostestcases.GresbAssetsVerifyBuildingTrialStatusAPITest.GresbAssetsVerifyBuildingTrialStatusAPI(GresbAssetsVerifyBuildingTrialStatusAPITest.java:34)
... Removed 31 stack frames</pre></div><a href='#' onClick='toggleBox("stack-trace194138796", this, "Click to show all stack frames", "Click to hide stack frames")'>Click to show all stack frames</a>
<div class='stack-trace' id='stack-trace194138796'><pre>java.lang.AssertionError: expected [true] but found [false]
	at org.testng.Assert.fail(Assert.java:94)
	at org.testng.Assert.failNotEquals(Assert.java:513)
	at org.testng.Assert.assertEqualsImpl(Assert.java:135)
	at org.testng.Assert.assertEquals(Assert.java:116)
	at org.testng.Assert.assertEquals(Assert.java:190)
	at org.testng.Assert.assertEquals(Assert.java:200)
	at com.Utill.Controller.Assertion.verifyData(Assertion.java:28)
	at com.arcapi.Portfoliostestcases.GresbAssetsVerifyBuildingTrialStatusAPITest.GresbAssetsVerifyBuildingTrialStatusAPI(GresbAssetsVerifyBuildingTrialStatusAPITest.java:34)
	at sun.reflect.NativeMethodAccessorImpl.invoke0(Native Method)
	at sun.reflect.NativeMethodAccessorImpl.invoke(NativeMethodAccessorImpl.java:62)
	at sun.reflect.DelegatingMethodAccessorImpl.invoke(DelegatingMethodAccessorImpl.java:43)
	at java.lang.reflect.Method.invoke(Method.java:498)
	at org.testng.internal.MethodInvocationHelper.invokeMethod(MethodInvocationHelper.java:86)
	at org.testng.internal.Invoker.invokeMethod(Invoker.java:643)
	at org.testng.internal.Invoker.invokeTestMethod(Invoker.java:820)
	at org.testng.internal.Invoker.invokeTestMethods(Invoker.java:1128)
	at org.testng.internal.TestMethodWorker.invokeTestMethods(TestMethodWorker.java:129)
	at org.testng.internal.TestMethodWorker.run(TestMethodWorker.java:112)
	at org.testng.TestRunner.privateRun(TestRunner.java:782)
	at org.testng.TestRunner.run(TestRunner.java:632)
	at org.testng.SuiteRunner.runTest(SuiteRunner.java:366)
	at org.testng.SuiteRunner.runSequentially(SuiteRunner.java:361)
	at org.testng.SuiteRunner.privateRun(SuiteRunner.java:319)
	at org.testng.SuiteRunner.run(SuiteRunner.java:268)
	at org.testng.SuiteRunnerWorker.runSuite(SuiteRunnerWorker.java:52)
	at org.testng.SuiteRunnerWorker.run(SuiteRunnerWorker.java:86)
	at org.testng.TestNG.runSuitesSequentially(TestNG.java:1244)
	at org.testng.TestNG.runSuitesSequentially(TestNG.java:1240)
	at org.testng.TestNG.runSuitesLocally(TestNG.java:1169)
	at org.testng.TestNG.run(TestNG.java:1064)
	at org.testng.remote.RemoteTestNG.run(RemoteTestNG.java:113)
	at org.testng.remote.RemoteTestNG.initAndRun(RemoteTestNG.java:206)
	at org.testng.remote.RemoteTestNG.main(RemoteTestNG.java:177)
</pre></div></td>
<td>1</td>
<td>com.arcapi.Portfoliostestcases.GresbAssetsVerifyBuildingTrialStatusAPITest@4b1c1ea0</td></tr>
<tr>
<td title='com.arcapi.Portfoliostestcases.PortfoliosEnergy3YearMTCO2DataVerifyGetAPITest.PortfoliosEnergy3YearMTCO2DataVerifyGetAPI()'><b>PortfoliosEnergy3YearMTCO2DataVerifyGetAPI</b><br>Test class: com.arcapi.Portfoliostestcases.PortfoliosEnergy3YearMTCO2DataVerifyGetAPITest</td>
<td><div><pre>java.lang.AssertionError: expected [200.0] but found [100.0]
	at com.arcapi.Portfoliostestcases.PortfoliosEnergy3YearMTCO2DataVerifyGetAPITest.PortfoliosEnergy3YearMTCO2DataVerifyGetAPI(PortfoliosEnergy3YearMTCO2DataVerifyGetAPITest.java:59)
... Removed 30 stack frames</pre></div><a href='#' onClick='toggleBox("stack-trace571568102", this, "Click to show all stack frames", "Click to hide stack frames")'>Click to show all stack frames</a>
<div class='stack-trace' id='stack-trace571568102'><pre>java.lang.AssertionError: expected [200.0] but found [100.0]
	at org.testng.Assert.fail(Assert.java:94)
	at org.testng.Assert.failNotEquals(Assert.java:513)
	at org.testng.Assert.assertEqualsImpl(Assert.java:135)
	at org.testng.Assert.assertEquals(Assert.java:116)
	at org.testng.Assert.assertEquals(Assert.java:179)
	at com.arcapi.Portfoliostestcases.PortfoliosEnergy3YearMTCO2DataVerifyGetAPITest.PortfoliosEnergy3YearMTCO2DataVerifyGetAPI(PortfoliosEnergy3YearMTCO2DataVerifyGetAPITest.java:59)
	at sun.reflect.NativeMethodAccessorImpl.invoke0(Native Method)
	at sun.reflect.NativeMethodAccessorImpl.invoke(NativeMethodAccessorImpl.java:62)
	at sun.reflect.DelegatingMethodAccessorImpl.invoke(DelegatingMethodAccessorImpl.java:43)
	at java.lang.reflect.Method.invoke(Method.java:498)
	at org.testng.internal.MethodInvocationHelper.invokeMethod(MethodInvocationHelper.java:86)
	at org.testng.internal.Invoker.invokeMethod(Invoker.java:643)
	at org.testng.internal.Invoker.invokeTestMethod(Invoker.java:820)
	at org.testng.internal.Invoker.invokeTestMethods(Invoker.java:1128)
	at org.testng.internal.TestMethodWorker.invokeTestMethods(TestMethodWorker.java:129)
	at org.testng.internal.TestMethodWorker.run(TestMethodWorker.java:112)
	at org.testng.TestRunner.privateRun(TestRunner.java:782)
	at org.testng.TestRunner.run(TestRunner.java:632)
	at org.testng.SuiteRunner.runTest(SuiteRunner.java:366)
	at org.testng.SuiteRunner.runSequentially(SuiteRunner.java:361)
	at org.testng.SuiteRunner.privateRun(SuiteRunner.java:319)
	at org.testng.SuiteRunner.run(SuiteRunner.java:268)
	at org.testng.SuiteRunnerWorker.runSuite(SuiteRunnerWorker.java:52)
	at org.testng.SuiteRunnerWorker.run(SuiteRunnerWorker.java:86)
	at org.testng.TestNG.runSuitesSequentially(TestNG.java:1244)
	at org.testng.TestNG.runSuitesSequentially(TestNG.java:1240)
	at org.testng.TestNG.runSuitesLocally(TestNG.java:1169)
	at org.testng.TestNG.run(TestNG.java:1064)
	at org.testng.remote.RemoteTestNG.run(RemoteTestNG.java:113)
	at org.testng.remote.RemoteTestNG.initAndRun(RemoteTestNG.java:206)
	at org.testng.remote.RemoteTestNG.main(RemoteTestNG.java:177)
</pre></div></td>
<td>1</td>
<td>com.arcapi.Portfoliostestcases.PortfoliosEnergy3YearMTCO2DataVerifyGetAPITest@10bbd20a</td></tr>
<tr>
<td title='com.arcapi.Portfoliostestcases.PortfoliosEnergy5YearMTCO2DataVerifyGetAPITest.PortfoliosEnergy3YearMTCO2DataVerifyGetAPI()'><b>PortfoliosEnergy3YearMTCO2DataVerifyGetAPI</b><br>Test class: com.arcapi.Portfoliostestcases.PortfoliosEnergy5YearMTCO2DataVerifyGetAPITest</td>
<td><div><pre>java.lang.AssertionError: expected [200.0] but found [100.0]
	at com.arcapi.Portfoliostestcases.PortfoliosEnergy5YearMTCO2DataVerifyGetAPITest.PortfoliosEnergy3YearMTCO2DataVerifyGetAPI(PortfoliosEnergy5YearMTCO2DataVerifyGetAPITest.java:58)
... Removed 30 stack frames</pre></div><a href='#' onClick='toggleBox("stack-trace1021845700", this, "Click to show all stack frames", "Click to hide stack frames")'>Click to show all stack frames</a>
<div class='stack-trace' id='stack-trace1021845700'><pre>java.lang.AssertionError: expected [200.0] but found [100.0]
	at org.testng.Assert.fail(Assert.java:94)
	at org.testng.Assert.failNotEquals(Assert.java:513)
	at org.testng.Assert.assertEqualsImpl(Assert.java:135)
	at org.testng.Assert.assertEquals(Assert.java:116)
	at org.testng.Assert.assertEquals(Assert.java:179)
	at com.arcapi.Portfoliostestcases.PortfoliosEnergy5YearMTCO2DataVerifyGetAPITest.PortfoliosEnergy3YearMTCO2DataVerifyGetAPI(PortfoliosEnergy5YearMTCO2DataVerifyGetAPITest.java:58)
	at sun.reflect.NativeMethodAccessorImpl.invoke0(Native Method)
	at sun.reflect.NativeMethodAccessorImpl.invoke(NativeMethodAccessorImpl.java:62)
	at sun.reflect.DelegatingMethodAccessorImpl.invoke(DelegatingMethodAccessorImpl.java:43)
	at java.lang.reflect.Method.invoke(Method.java:498)
	at org.testng.internal.MethodInvocationHelper.invokeMethod(MethodInvocationHelper.java:86)
	at org.testng.internal.Invoker.invokeMethod(Invoker.java:643)
	at org.testng.internal.Invoker.invokeTestMethod(Invoker.java:820)
	at org.testng.internal.Invoker.invokeTestMethods(Invoker.java:1128)
	at org.testng.internal.TestMethodWorker.invokeTestMethods(TestMethodWorker.java:129)
	at org.testng.internal.TestMethodWorker.run(TestMethodWorker.java:112)
	at org.testng.TestRunner.privateRun(TestRunner.java:782)
	at org.testng.TestRunner.run(TestRunner.java:632)
	at org.testng.SuiteRunner.runTest(SuiteRunner.java:366)
	at org.testng.SuiteRunner.runSequentially(SuiteRunner.java:361)
	at org.testng.SuiteRunner.privateRun(SuiteRunner.java:319)
	at org.testng.SuiteRunner.run(SuiteRunner.java:268)
	at org.testng.SuiteRunnerWorker.runSuite(SuiteRunnerWorker.java:52)
	at org.testng.SuiteRunnerWorker.run(SuiteRunnerWorker.java:86)
	at org.testng.TestNG.runSuitesSequentially(TestNG.java:1244)
	at org.testng.TestNG.runSuitesSequentially(TestNG.java:1240)
	at org.testng.TestNG.runSuitesLocally(TestNG.java:1169)
	at org.testng.TestNG.run(TestNG.java:1064)
	at org.testng.remote.RemoteTestNG.run(RemoteTestNG.java:113)
	at org.testng.remote.RemoteTestNG.initAndRun(RemoteTestNG.java:206)
	at org.testng.remote.RemoteTestNG.main(RemoteTestNG.java:177)
</pre></div></td>
<td>1</td>
<td>com.arcapi.Portfoliostestcases.PortfoliosEnergy5YearMTCO2DataVerifyGetAPITest@48503868</td></tr>
<tr>
<td title='com.arcapi.Portfoliostestcases.PortfoliosWasteDiversion3YearLBSDataVerifyGetAPITest.PortfoliosWasteDiversion3YearLBSDataVerifyGetAPI()'><b>PortfoliosWasteDiversion3YearLBSDataVerifyGetAPI</b><br>Test class: com.arcapi.Portfoliostestcases.PortfoliosWasteDiversion3YearLBSDataVerifyGetAPITest</td>
<td><div><pre>java.lang.AssertionError: expected [180.0] but found [90.0]
	at com.arcapi.Portfoliostestcases.PortfoliosWasteDiversion3YearLBSDataVerifyGetAPITest.PortfoliosWasteDiversion3YearLBSDataVerifyGetAPI(PortfoliosWasteDiversion3YearLBSDataVerifyGetAPITest.java:58)
... Removed 30 stack frames</pre></div><a href='#' onClick='toggleBox("stack-trace1918356430", this, "Click to show all stack frames", "Click to hide stack frames")'>Click to show all stack frames</a>
<div class='stack-trace' id='stack-trace1918356430'><pre>java.lang.AssertionError: expected [180.0] but found [90.0]
	at org.testng.Assert.fail(Assert.java:94)
	at org.testng.Assert.failNotEquals(Assert.java:513)
	at org.testng.Assert.assertEqualsImpl(Assert.java:135)
	at org.testng.Assert.assertEquals(Assert.java:116)
	at org.testng.Assert.assertEquals(Assert.java:179)
	at com.arcapi.Portfoliostestcases.PortfoliosWasteDiversion3YearLBSDataVerifyGetAPITest.PortfoliosWasteDiversion3YearLBSDataVerifyGetAPI(PortfoliosWasteDiversion3YearLBSDataVerifyGetAPITest.java:58)
	at sun.reflect.NativeMethodAccessorImpl.invoke0(Native Method)
	at sun.reflect.NativeMethodAccessorImpl.invoke(NativeMethodAccessorImpl.java:62)
	at sun.reflect.DelegatingMethodAccessorImpl.invoke(DelegatingMethodAccessorImpl.java:43)
	at java.lang.reflect.Method.invoke(Method.java:498)
	at org.testng.internal.MethodInvocationHelper.invokeMethod(MethodInvocationHelper.java:86)
	at org.testng.internal.Invoker.invokeMethod(Invoker.java:643)
	at org.testng.internal.Invoker.invokeTestMethod(Invoker.java:820)
	at org.testng.internal.Invoker.invokeTestMethods(Invoker.java:1128)
	at org.testng.internal.TestMethodWorker.invokeTestMethods(TestMethodWorker.java:129)
	at org.testng.internal.TestMethodWorker.run(TestMethodWorker.java:112)
	at org.testng.TestRunner.privateRun(TestRunner.java:782)
	at org.testng.TestRunner.run(TestRunner.java:632)
	at org.testng.SuiteRunner.runTest(SuiteRunner.java:366)
	at org.testng.SuiteRunner.runSequentially(SuiteRunner.java:361)
	at org.testng.SuiteRunner.privateRun(SuiteRunner.java:319)
	at org.testng.SuiteRunner.run(SuiteRunner.java:268)
	at org.testng.SuiteRunnerWorker.runSuite(SuiteRunnerWorker.java:52)
	at org.testng.SuiteRunnerWorker.run(SuiteRunnerWorker.java:86)
	at org.testng.TestNG.runSuitesSequentially(TestNG.java:1244)
	at org.testng.TestNG.runSuitesSequentially(TestNG.java:1240)
	at org.testng.TestNG.runSuitesLocally(TestNG.java:1169)
	at org.testng.TestNG.run(TestNG.java:1064)
	at org.testng.remote.RemoteTestNG.run(RemoteTestNG.java:113)
	at org.testng.remote.RemoteTestNG.initAndRun(RemoteTestNG.java:206)
	at org.testng.remote.RemoteTestNG.main(RemoteTestNG.java:177)
</pre></div></td>
<td>1</td>
<td>com.arcapi.Portfoliostestcases.PortfoliosWasteDiversion3YearLBSDataVerifyGetAPITest@5a1c0542</td></tr>
<tr>
<td title='com.arcapi.Portfoliostestcases.PortfoliosWasteDiversion5YearLBSDataVerifyGetAPITest.PortfoliosWasteDiversion3YearLBSDataVerifyGetAPI()'><b>PortfoliosWasteDiversion3YearLBSDataVerifyGetAPI</b><br>Test class: com.arcapi.Portfoliostestcases.PortfoliosWasteDiversion5YearLBSDataVerifyGetAPITest</td>
<td><div><pre>java.lang.AssertionError: expected [180.0] but found [90.0]
	at com.arcapi.Portfoliostestcases.PortfoliosWasteDiversion5YearLBSDataVerifyGetAPITest.PortfoliosWasteDiversion3YearLBSDataVerifyGetAPI(PortfoliosWasteDiversion5YearLBSDataVerifyGetAPITest.java:58)
... Removed 30 stack frames</pre></div><a href='#' onClick='toggleBox("stack-trace1007076085", this, "Click to show all stack frames", "Click to hide stack frames")'>Click to show all stack frames</a>
<div class='stack-trace' id='stack-trace1007076085'><pre>java.lang.AssertionError: expected [180.0] but found [90.0]
	at org.testng.Assert.fail(Assert.java:94)
	at org.testng.Assert.failNotEquals(Assert.java:513)
	at org.testng.Assert.assertEqualsImpl(Assert.java:135)
	at org.testng.Assert.assertEquals(Assert.java:116)
	at org.testng.Assert.assertEquals(Assert.java:179)
	at com.arcapi.Portfoliostestcases.PortfoliosWasteDiversion5YearLBSDataVerifyGetAPITest.PortfoliosWasteDiversion3YearLBSDataVerifyGetAPI(PortfoliosWasteDiversion5YearLBSDataVerifyGetAPITest.java:58)
	at sun.reflect.NativeMethodAccessorImpl.invoke0(Native Method)
	at sun.reflect.NativeMethodAccessorImpl.invoke(NativeMethodAccessorImpl.java:62)
	at sun.reflect.DelegatingMethodAccessorImpl.invoke(DelegatingMethodAccessorImpl.java:43)
	at java.lang.reflect.Method.invoke(Method.java:498)
	at org.testng.internal.MethodInvocationHelper.invokeMethod(MethodInvocationHelper.java:86)
	at org.testng.internal.Invoker.invokeMethod(Invoker.java:643)
	at org.testng.internal.Invoker.invokeTestMethod(Invoker.java:820)
	at org.testng.internal.Invoker.invokeTestMethods(Invoker.java:1128)
	at org.testng.internal.TestMethodWorker.invokeTestMethods(TestMethodWorker.java:129)
	at org.testng.internal.TestMethodWorker.run(TestMethodWorker.java:112)
	at org.testng.TestRunner.privateRun(TestRunner.java:782)
	at org.testng.TestRunner.run(TestRunner.java:632)
	at org.testng.SuiteRunner.runTest(SuiteRunner.java:366)
	at org.testng.SuiteRunner.runSequentially(SuiteRunner.java:361)
	at org.testng.SuiteRunner.privateRun(SuiteRunner.java:319)
	at org.testng.SuiteRunner.run(SuiteRunner.java:268)
	at org.testng.SuiteRunnerWorker.runSuite(SuiteRunnerWorker.java:52)
	at org.testng.SuiteRunnerWorker.run(SuiteRunnerWorker.java:86)
	at org.testng.TestNG.runSuitesSequentially(TestNG.java:1244)
	at org.testng.TestNG.runSuitesSequentially(TestNG.java:1240)
	at org.testng.TestNG.runSuitesLocally(TestNG.java:1169)
	at org.testng.TestNG.run(TestNG.java:1064)
	at org.testng.remote.RemoteTestNG.run(RemoteTestNG.java:113)
	at org.testng.remote.RemoteTestNG.initAndRun(RemoteTestNG.java:206)
	at org.testng.remote.RemoteTestNG.main(RemoteTestNG.java:177)
</pre></div></td>
<td>1</td>
<td>com.arcapi.Portfoliostestcases.PortfoliosWasteDiversion5YearLBSDataVerifyGetAPITest@396f6598</td></tr>
<tr>
<td title='com.arcapi.Portfoliostestcases.PortfoliosWasteGeneration3YearLBSDataVerifyGetAPITest.PortfoliosWasteGeneration3YearLBSDataVerifyGetAP()'><b>PortfoliosWasteGeneration3YearLBSDataVerifyGetAP</b><br>Test class: com.arcapi.Portfoliostestcases.PortfoliosWasteGeneration3YearLBSDataVerifyGetAPITest</td>
<td><div><pre>java.lang.AssertionError: expected [200.0] but found [100.0]
	at com.arcapi.Portfoliostestcases.PortfoliosWasteGeneration3YearLBSDataVerifyGetAPITest.PortfoliosWasteGeneration3YearLBSDataVerifyGetAP(PortfoliosWasteGeneration3YearLBSDataVerifyGetAPITest.java:60)
... Removed 30 stack frames</pre></div><a href='#' onClick='toggleBox("stack-trace903390485", this, "Click to show all stack frames", "Click to hide stack frames")'>Click to show all stack frames</a>
<div class='stack-trace' id='stack-trace903390485'><pre>java.lang.AssertionError: expected [200.0] but found [100.0]
	at org.testng.Assert.fail(Assert.java:94)
	at org.testng.Assert.failNotEquals(Assert.java:513)
	at org.testng.Assert.assertEqualsImpl(Assert.java:135)
	at org.testng.Assert.assertEquals(Assert.java:116)
	at org.testng.Assert.assertEquals(Assert.java:179)
	at com.arcapi.Portfoliostestcases.PortfoliosWasteGeneration3YearLBSDataVerifyGetAPITest.PortfoliosWasteGeneration3YearLBSDataVerifyGetAP(PortfoliosWasteGeneration3YearLBSDataVerifyGetAPITest.java:60)
	at sun.reflect.NativeMethodAccessorImpl.invoke0(Native Method)
	at sun.reflect.NativeMethodAccessorImpl.invoke(NativeMethodAccessorImpl.java:62)
	at sun.reflect.DelegatingMethodAccessorImpl.invoke(DelegatingMethodAccessorImpl.java:43)
	at java.lang.reflect.Method.invoke(Method.java:498)
	at org.testng.internal.MethodInvocationHelper.invokeMethod(MethodInvocationHelper.java:86)
	at org.testng.internal.Invoker.invokeMethod(Invoker.java:643)
	at org.testng.internal.Invoker.invokeTestMethod(Invoker.java:820)
	at org.testng.internal.Invoker.invokeTestMethods(Invoker.java:1128)
	at org.testng.internal.TestMethodWorker.invokeTestMethods(TestMethodWorker.java:129)
	at org.testng.internal.TestMethodWorker.run(TestMethodWorker.java:112)
	at org.testng.TestRunner.privateRun(TestRunner.java:782)
	at org.testng.TestRunner.run(TestRunner.java:632)
	at org.testng.SuiteRunner.runTest(SuiteRunner.java:366)
	at org.testng.SuiteRunner.runSequentially(SuiteRunner.java:361)
	at org.testng.SuiteRunner.privateRun(SuiteRunner.java:319)
	at org.testng.SuiteRunner.run(SuiteRunner.java:268)
	at org.testng.SuiteRunnerWorker.runSuite(SuiteRunnerWorker.java:52)
	at org.testng.SuiteRunnerWorker.run(SuiteRunnerWorker.java:86)
	at org.testng.TestNG.runSuitesSequentially(TestNG.java:1244)
	at org.testng.TestNG.runSuitesSequentially(TestNG.java:1240)
	at org.testng.TestNG.runSuitesLocally(TestNG.java:1169)
	at org.testng.TestNG.run(TestNG.java:1064)
	at org.testng.remote.RemoteTestNG.run(RemoteTestNG.java:113)
	at org.testng.remote.RemoteTestNG.initAndRun(RemoteTestNG.java:206)
	at org.testng.remote.RemoteTestNG.main(RemoteTestNG.java:177)
</pre></div></td>
<td>1</td>
<td>com.arcapi.Portfoliostestcases.PortfoliosWasteGeneration3YearLBSDataVerifyGetAPITest@56aac163</td></tr>
<tr>
<td title='com.arcapi.Portfoliostestcases.PortfoliosWasteGeneration5YearLBSDataVerifyGetAPITest.PortfoliosWasteGeneration5YearLBSDataVerifyGetAPI()'><b>PortfoliosWasteGeneration5YearLBSDataVerifyGetAPI</b><br>Test class: com.arcapi.Portfoliostestcases.PortfoliosWasteGeneration5YearLBSDataVerifyGetAPITest</td>
<td><div><pre>java.lang.AssertionError: expected [200.0] but found [100.0]
	at com.arcapi.Portfoliostestcases.PortfoliosWasteGeneration5YearLBSDataVerifyGetAPITest.PortfoliosWasteGeneration5YearLBSDataVerifyGetAPI(PortfoliosWasteGeneration5YearLBSDataVerifyGetAPITest.java:61)
... Removed 30 stack frames</pre></div><a href='#' onClick='toggleBox("stack-trace933518951", this, "Click to show all stack frames", "Click to hide stack frames")'>Click to show all stack frames</a>
<div class='stack-trace' id='stack-trace933518951'><pre>java.lang.AssertionError: expected [200.0] but found [100.0]
	at org.testng.Assert.fail(Assert.java:94)
	at org.testng.Assert.failNotEquals(Assert.java:513)
	at org.testng.Assert.assertEqualsImpl(Assert.java:135)
	at org.testng.Assert.assertEquals(Assert.java:116)
	at org.testng.Assert.assertEquals(Assert.java:179)
	at com.arcapi.Portfoliostestcases.PortfoliosWasteGeneration5YearLBSDataVerifyGetAPITest.PortfoliosWasteGeneration5YearLBSDataVerifyGetAPI(PortfoliosWasteGeneration5YearLBSDataVerifyGetAPITest.java:61)
	at sun.reflect.NativeMethodAccessorImpl.invoke0(Native Method)
	at sun.reflect.NativeMethodAccessorImpl.invoke(NativeMethodAccessorImpl.java:62)
	at sun.reflect.DelegatingMethodAccessorImpl.invoke(DelegatingMethodAccessorImpl.java:43)
	at java.lang.reflect.Method.invoke(Method.java:498)
	at org.testng.internal.MethodInvocationHelper.invokeMethod(MethodInvocationHelper.java:86)
	at org.testng.internal.Invoker.invokeMethod(Invoker.java:643)
	at org.testng.internal.Invoker.invokeTestMethod(Invoker.java:820)
	at org.testng.internal.Invoker.invokeTestMethods(Invoker.java:1128)
	at org.testng.internal.TestMethodWorker.invokeTestMethods(TestMethodWorker.java:129)
	at org.testng.internal.TestMethodWorker.run(TestMethodWorker.java:112)
	at org.testng.TestRunner.privateRun(TestRunner.java:782)
	at org.testng.TestRunner.run(TestRunner.java:632)
	at org.testng.SuiteRunner.runTest(SuiteRunner.java:366)
	at org.testng.SuiteRunner.runSequentially(SuiteRunner.java:361)
	at org.testng.SuiteRunner.privateRun(SuiteRunner.java:319)
	at org.testng.SuiteRunner.run(SuiteRunner.java:268)
	at org.testng.SuiteRunnerWorker.runSuite(SuiteRunnerWorker.java:52)
	at org.testng.SuiteRunnerWorker.run(SuiteRunnerWorker.java:86)
	at org.testng.TestNG.runSuitesSequentially(TestNG.java:1244)
	at org.testng.TestNG.runSuitesSequentially(TestNG.java:1240)
	at org.testng.TestNG.runSuitesLocally(TestNG.java:1169)
	at org.testng.TestNG.run(TestNG.java:1064)
	at org.testng.remote.RemoteTestNG.run(RemoteTestNG.java:113)
	at org.testng.remote.RemoteTestNG.initAndRun(RemoteTestNG.java:206)
	at org.testng.remote.RemoteTestNG.main(RemoteTestNG.java:177)
</pre></div></td>
<td>1</td>
<td>com.arcapi.Portfoliostestcases.PortfoliosWasteGeneration5YearLBSDataVerifyGetAPITest@1f7030a6</td></tr>
<tr>
<td title='com.arcapi.Portfoliostestcases.PortfoliosWater3YearGalDataVerifyGetAPITest.PortfoliosWater3YearGalDataVerifyGetAPI()'><b>PortfoliosWater3YearGalDataVerifyGetAPI</b><br>Test class: com.arcapi.Portfoliostestcases.PortfoliosWater3YearGalDataVerifyGetAPITest</td>
<td><div><pre>java.lang.AssertionError: expected [200.0] but found [100.0]
	at com.arcapi.Portfoliostestcases.PortfoliosWater3YearGalDataVerifyGetAPITest.PortfoliosWater3YearGalDataVerifyGetAPI(PortfoliosWater3YearGalDataVerifyGetAPITest.java:59)
... Removed 30 stack frames</pre></div><a href='#' onClick='toggleBox("stack-trace102060618", this, "Click to show all stack frames", "Click to hide stack frames")'>Click to show all stack frames</a>
<div class='stack-trace' id='stack-trace102060618'><pre>java.lang.AssertionError: expected [200.0] but found [100.0]
	at org.testng.Assert.fail(Assert.java:94)
	at org.testng.Assert.failNotEquals(Assert.java:513)
	at org.testng.Assert.assertEqualsImpl(Assert.java:135)
	at org.testng.Assert.assertEquals(Assert.java:116)
	at org.testng.Assert.assertEquals(Assert.java:179)
	at com.arcapi.Portfoliostestcases.PortfoliosWater3YearGalDataVerifyGetAPITest.PortfoliosWater3YearGalDataVerifyGetAPI(PortfoliosWater3YearGalDataVerifyGetAPITest.java:59)
	at sun.reflect.NativeMethodAccessorImpl.invoke0(Native Method)
	at sun.reflect.NativeMethodAccessorImpl.invoke(NativeMethodAccessorImpl.java:62)
	at sun.reflect.DelegatingMethodAccessorImpl.invoke(DelegatingMethodAccessorImpl.java:43)
	at java.lang.reflect.Method.invoke(Method.java:498)
	at org.testng.internal.MethodInvocationHelper.invokeMethod(MethodInvocationHelper.java:86)
	at org.testng.internal.Invoker.invokeMethod(Invoker.java:643)
	at org.testng.internal.Invoker.invokeTestMethod(Invoker.java:820)
	at org.testng.internal.Invoker.invokeTestMethods(Invoker.java:1128)
	at org.testng.internal.TestMethodWorker.invokeTestMethods(TestMethodWorker.java:129)
	at org.testng.internal.TestMethodWorker.run(TestMethodWorker.java:112)
	at org.testng.TestRunner.privateRun(TestRunner.java:782)
	at org.testng.TestRunner.run(TestRunner.java:632)
	at org.testng.SuiteRunner.runTest(SuiteRunner.java:366)
	at org.testng.SuiteRunner.runSequentially(SuiteRunner.java:361)
	at org.testng.SuiteRunner.privateRun(SuiteRunner.java:319)
	at org.testng.SuiteRunner.run(SuiteRunner.java:268)
	at org.testng.SuiteRunnerWorker.runSuite(SuiteRunnerWorker.java:52)
	at org.testng.SuiteRunnerWorker.run(SuiteRunnerWorker.java:86)
	at org.testng.TestNG.runSuitesSequentially(TestNG.java:1244)
	at org.testng.TestNG.runSuitesSequentially(TestNG.java:1240)
	at org.testng.TestNG.runSuitesLocally(TestNG.java:1169)
	at org.testng.TestNG.run(TestNG.java:1064)
	at org.testng.remote.RemoteTestNG.run(RemoteTestNG.java:113)
	at org.testng.remote.RemoteTestNG.initAndRun(RemoteTestNG.java:206)
	at org.testng.remote.RemoteTestNG.main(RemoteTestNG.java:177)
</pre></div></td>
<td>1</td>
<td>com.arcapi.Portfoliostestcases.PortfoliosWater3YearGalDataVerifyGetAPITest@6895a785</td></tr>
<tr>
<td title='com.arcapi.Portfoliostestcases.PortfoliosWater5YearGalDataVerifyGetAPITest.PortfoliosWater3YearGalDataVerifyGetAPI()'><b>PortfoliosWater3YearGalDataVerifyGetAPI</b><br>Test class: com.arcapi.Portfoliostestcases.PortfoliosWater5YearGalDataVerifyGetAPITest</td>
<td><div><pre>java.lang.AssertionError: expected [200.0] but found [100.0]
	at com.arcapi.Portfoliostestcases.PortfoliosWater5YearGalDataVerifyGetAPITest.PortfoliosWater3YearGalDataVerifyGetAPI(PortfoliosWater5YearGalDataVerifyGetAPITest.java:59)
... Removed 30 stack frames</pre></div><a href='#' onClick='toggleBox("stack-trace1991635952", this, "Click to show all stack frames", "Click to hide stack frames")'>Click to show all stack frames</a>
<div class='stack-trace' id='stack-trace1991635952'><pre>java.lang.AssertionError: expected [200.0] but found [100.0]
	at org.testng.Assert.fail(Assert.java:94)
	at org.testng.Assert.failNotEquals(Assert.java:513)
	at org.testng.Assert.assertEqualsImpl(Assert.java:135)
	at org.testng.Assert.assertEquals(Assert.java:116)
	at org.testng.Assert.assertEquals(Assert.java:179)
	at com.arcapi.Portfoliostestcases.PortfoliosWater5YearGalDataVerifyGetAPITest.PortfoliosWater3YearGalDataVerifyGetAPI(PortfoliosWater5YearGalDataVerifyGetAPITest.java:59)
	at sun.reflect.NativeMethodAccessorImpl.invoke0(Native Method)
	at sun.reflect.NativeMethodAccessorImpl.invoke(NativeMethodAccessorImpl.java:62)
	at sun.reflect.DelegatingMethodAccessorImpl.invoke(DelegatingMethodAccessorImpl.java:43)
	at java.lang.reflect.Method.invoke(Method.java:498)
	at org.testng.internal.MethodInvocationHelper.invokeMethod(MethodInvocationHelper.java:86)
	at org.testng.internal.Invoker.invokeMethod(Invoker.java:643)
	at org.testng.internal.Invoker.invokeTestMethod(Invoker.java:820)
	at org.testng.internal.Invoker.invokeTestMethods(Invoker.java:1128)
	at org.testng.internal.TestMethodWorker.invokeTestMethods(TestMethodWorker.java:129)
	at org.testng.internal.TestMethodWorker.run(TestMethodWorker.java:112)
	at org.testng.TestRunner.privateRun(TestRunner.java:782)
	at org.testng.TestRunner.run(TestRunner.java:632)
	at org.testng.SuiteRunner.runTest(SuiteRunner.java:366)
	at org.testng.SuiteRunner.runSequentially(SuiteRunner.java:361)
	at org.testng.SuiteRunner.privateRun(SuiteRunner.java:319)
	at org.testng.SuiteRunner.run(SuiteRunner.java:268)
	at org.testng.SuiteRunnerWorker.runSuite(SuiteRunnerWorker.java:52)
	at org.testng.SuiteRunnerWorker.run(SuiteRunnerWorker.java:86)
	at org.testng.TestNG.runSuitesSequentially(TestNG.java:1244)
	at org.testng.TestNG.runSuitesSequentially(TestNG.java:1240)
	at org.testng.TestNG.runSuitesLocally(TestNG.java:1169)
	at org.testng.TestNG.run(TestNG.java:1064)
	at org.testng.remote.RemoteTestNG.run(RemoteTestNG.java:113)
	at org.testng.remote.RemoteTestNG.initAndRun(RemoteTestNG.java:206)
	at org.testng.remote.RemoteTestNG.main(RemoteTestNG.java:177)
</pre></div></td>
<td>1</td>
<td>com.arcapi.Portfoliostestcases.PortfoliosWater5YearGalDataVerifyGetAPITest@184f6be2</td></tr>
</table><p>
<table width='100%' border='1' class='invocation-passed'>
<tr><td colspan='4' align='center'><b>PASSED TESTS</b></td></tr>
<tr><td><b>Test method</b></td>
<td width="30%"><b>Exception</b></td>
<td width="10%"><b>Time (seconds)</b></td>
<td><b>Instance</b></td>
</tr>
<tr>
<td title='com.arcapi.Portfoliostestcases.PortfoliosAssetPostAPITest.CreatePortfoliosAsset2PostAPI()'><b>CreatePortfoliosAsset2PostAPI</b><br>Test class: com.arcapi.Portfoliostestcases.PortfoliosAssetPostAPITest</td>
<td></td>
<td>1</td>
<td>com.arcapi.Portfoliostestcases.PortfoliosAssetPostAPITest@23faf8f2</td></tr>
<tr>
<td title='com.arcapi.Portfoliostestcases.GresbAssetsDetailsGetAPITest.GresbAssetsDetailsGetAPI()'><b>GresbAssetsDetailsGetAPI</b><br>Test class: com.arcapi.Portfoliostestcases.GresbAssetsDetailsGetAPITest<br>Parameters: DEV, ProjectIDBuildingNone, 2</td>
<td></td>
<td>1</td>
<td>com.arcapi.Portfoliostestcases.GresbAssetsDetailsGetAPITest@3fd7a715</td></tr>
<tr>
<td title='com.arcapi.Portfoliostestcases.VerifyGresbAssetsDetailsGetAPITest.GresbAssetsDetailsGetAPI()'><b>GresbAssetsDetailsGetAPI</b><br>Test class: com.arcapi.Portfoliostestcases.VerifyGresbAssetsDetailsGetAPITest<br>Parameters: DEV, ProjectIDBuildingNone, 2</td>
<td></td>
<td>1</td>
<td>com.arcapi.Portfoliostestcases.VerifyGresbAssetsDetailsGetAPITest@6acdbdf5</td></tr>
<tr>
<td title='com.arcapi.Portfoliostestcases.GresbAssetsExsitingIDPostAPITest.GresbAssetsExsitingIDPostAPI()'><b>GresbAssetsExsitingIDPostAPI</b><br>Test class: com.arcapi.Portfoliostestcases.GresbAssetsExsitingIDPostAPITest<br>Parameters: DEV, ProjectIDBuildingNone, 2</td>
<td></td>
<td>13</td>
<td>com.arcapi.Portfoliostestcases.GresbAssetsExsitingIDPostAPITest@711f39f9</td></tr>
<tr>
<td title='com.arcapi.Portfoliostestcases.PortfoliosAnalyticsCategoryDetailAPITest.PortfoliosAnalyticsCategoryDetailAPI()'><b>PortfoliosAnalyticsCategoryDetailAPI</b><br>Test class: com.arcapi.Portfoliostestcases.PortfoliosAnalyticsCategoryDetailAPITest<br>Parameters: DEV, ProjectIDBuildingNone, 2</td>
<td></td>
<td>1</td>
<td>com.arcapi.Portfoliostestcases.PortfoliosAnalyticsCategoryDetailAPITest@4d95d2a2</td></tr>
<tr>
<td title='com.arcapi.Portfoliostestcases.PortfoliosAnalyticsDetailAPITest.PortfoliosAnalyticsDetailAPI()'><b>PortfoliosAnalyticsDetailAPI</b><br>Test class: com.arcapi.Portfoliostestcases.PortfoliosAnalyticsDetailAPITest<br>Parameters: DEV, ProjectIDBuildingNone, 2</td>
<td></td>
<td>1</td>
<td>com.arcapi.Portfoliostestcases.PortfoliosAnalyticsDetailAPITest@167fdd33</td></tr>
<tr>
<td title='com.arcapi.Portfoliostestcases.PortfoliosAnalyticsSummaryDetailAPITest.PortfoliosAnalyticsSummaryDetailAPI()'><b>PortfoliosAnalyticsSummaryDetailAPI</b><br>Test class: com.arcapi.Portfoliostestcases.PortfoliosAnalyticsSummaryDetailAPITest<br>Parameters: DEV, ProjectIDBuildingNone, 2</td>
<td></td>
<td>1</td>
<td>com.arcapi.Portfoliostestcases.PortfoliosAnalyticsSummaryDetailAPITest@1e965684</td></tr>
<tr>
<td title='com.arcapi.Portfoliostestcases.PortfoliosAssetDetailDELETEAPITest.PortfoliosAssetDetailDELETEAPI()'><b>PortfoliosAssetDetailDELETEAPI</b><br>Test class: com.arcapi.Portfoliostestcases.PortfoliosAssetDetailDELETEAPITest<br>Parameters: DEV, 2</td>
<td></td>
<td>1</td>
<td>com.arcapi.Portfoliostestcases.PortfoliosAssetDetailDELETEAPITest@15d0c81b</td></tr>
<tr>
<td title='com.arcapi.Portfoliostestcases.PortfoliosAssetDetailGetAPITest.PortfoliosAssetDetailGetAPI()'><b>PortfoliosAssetDetailGetAPI</b><br>Test class: com.arcapi.Portfoliostestcases.PortfoliosAssetDetailGetAPITest<br>Parameters: DEV, 2</td>
<td></td>
<td>1</td>
<td>com.arcapi.Portfoliostestcases.PortfoliosAssetDetailGetAPITest@4e7dc304</td></tr>
<tr>
<td title='com.arcapi.Portfoliostestcases.PortfoliosAssetDetailPUTAPITest.PortfoliosAssetDetailPUTAPI()'><b>PortfoliosAssetDetailPUTAPI</b><br>Test class: com.arcapi.Portfoliostestcases.PortfoliosAssetDetailPUTAPITest<br>Parameters: DEV, ProjectIDBuildingNone, 2</td>
<td></td>
<td>1</td>
<td>com.arcapi.Portfoliostestcases.PortfoliosAssetDetailPUTAPITest@64729b1e</td></tr>
<tr>
<td title='com.arcapi.Portfoliostestcases.PortfoliosAssetGetAPITest.PortfoliosAssetGetAPI()'><b>PortfoliosAssetGetAPI</b><br>Test class: com.arcapi.Portfoliostestcases.PortfoliosAssetGetAPITest<br>Parameters: DEV, 2</td>
<td></td>
<td>1</td>
<td>com.arcapi.Portfoliostestcases.PortfoliosAssetGetAPITest@2d6eabae</td></tr>
<tr>
<td title='com.arcapi.Portfoliostestcases.PortfoliosAssetPostAPITest.PortfoliosAssetPostAPI()'><b>PortfoliosAssetPostAPI</b><br>Test class: com.arcapi.Portfoliostestcases.PortfoliosAssetPostAPITest</td>
<td></td>
<td>1</td>
<td>com.arcapi.Portfoliostestcases.PortfoliosAssetPostAPITest@23faf8f2</td></tr>
<tr>
<td title='com.arcapi.Portfoliostestcases.PortfoliosDetailPUTAPITest.PortfoliosDetailPUTAPI()'><b>PortfoliosDetailPUTAPI</b><br>Test class: com.arcapi.Portfoliostestcases.PortfoliosDetailPUTAPITest<br>Parameters: DEV, 2</td>
<td></td>
<td>1</td>
<td>com.arcapi.Portfoliostestcases.PortfoliosDetailPUTAPITest@d44fc21</td></tr>
<tr>
<td title='com.arcapi.Portfoliostestcases.PortfoliosDetailsGetAPITest.PortfoliosDetailsGetAPI()'><b>PortfoliosDetailsGetAPI</b><br>Test class: com.arcapi.Portfoliostestcases.PortfoliosDetailsGetAPITest<br>Parameters: DEV, 2</td>
<td></td>
<td>1</td>
<td>com.arcapi.Portfoliostestcases.PortfoliosDetailsGetAPITest@51cdd8a</td></tr>
<tr>
<td title='com.arcapi.Portfoliostestcases.PortfoliosGetAPITest.PortfoliosGetAPI()'><b>PortfoliosGetAPI</b><br>Test class: com.arcapi.Portfoliostestcases.PortfoliosGetAPITest</td>
<td></td>
<td>1</td>
<td>com.arcapi.Portfoliostestcases.PortfoliosGetAPITest@7f13d6e</td></tr>
<tr>
<td title='com.arcapi.Portfoliostestcases.PortfoliosGoalsDetailAPITest.PortfoliosGoalsDetailAPI()'><b>PortfoliosGoalsDetailAPI</b><br>Test class: com.arcapi.Portfoliostestcases.PortfoliosGoalsDetailAPITest<br>Parameters: DEV, ProjectIDBuildingNone, 2</td>
<td></td>
<td>1</td>
<td>com.arcapi.Portfoliostestcases.PortfoliosGoalsDetailAPITest@1d29cf23</td></tr>
<tr>
<td title='com.arcapi.Portfoliostestcases.PortfoliosGoalsUpdateAPITest.PortfoliosGoalsUpdateAPI()'><b>PortfoliosGoalsUpdateAPI</b><br>Test class: com.arcapi.Portfoliostestcases.PortfoliosGoalsUpdateAPITest<br>Parameters: DEV, ProjectIDBuildingNone, 2</td>
<td></td>
<td>1</td>
<td>com.arcapi.Portfoliostestcases.PortfoliosGoalsUpdateAPITest@5f282abb</td></tr>
<tr>
<td title='com.arcapi.Portfoliostestcases.PortfoliosPostAPITest.PortfoliosPostAPI()'><b>PortfoliosPostAPI</b><br>Test class: com.arcapi.Portfoliostestcases.PortfoliosPostAPITest<br>Parameters: DEV, 2</td>
<td></td>
<td>1</td>
<td>com.arcapi.Portfoliostestcases.PortfoliosPostAPITest@71bbf57e</td></tr>
<tr>
<td title='com.arcapi.Portfoliostestcases.PortfoliosTeamsDELETEAPITest.PortfoliosTeamsDELETEAPI()'><b>PortfoliosTeamsDELETEAPI</b><br>Test class: com.arcapi.Portfoliostestcases.PortfoliosTeamsDELETEAPITest<br>Parameters: DEV, 2</td>
<td></td>
<td>1</td>
<td>com.arcapi.Portfoliostestcases.PortfoliosTeamsDELETEAPITest@74650e52</td></tr>
<tr>
<td title='com.arcapi.Portfoliostestcases.PortfoliosTeamsGetAPITest.PortfoliosTeamsGetAPI()'><b>PortfoliosTeamsGetAPI</b><br>Test class: com.arcapi.Portfoliostestcases.PortfoliosTeamsGetAPITest<br>Parameters: DEV, 2</td>
<td></td>
<td>1</td>
<td>com.arcapi.Portfoliostestcases.PortfoliosTeamsGetAPITest@3b088d51</td></tr>
<tr>
<td title='com.arcapi.Portfoliostestcases.PortfoliosTeamsPUTAPITest.PortfoliosTeamsPUTAPI()'><b>PortfoliosTeamsPUTAPI</b><br>Test class: com.arcapi.Portfoliostestcases.PortfoliosTeamsPUTAPITest<br>Parameters: DEV, 2</td>
<td></td>
<td>1</td>
<td>com.arcapi.Portfoliostestcases.PortfoliosTeamsPUTAPITest@1786dec2</td></tr>
<tr>
<td title='com.arcapi.Portfoliostestcases.PortfoliosTeamsPostAPITest.PortfoliosTeamsPostAPI()'><b>PortfoliosTeamsPostAPI</b><br>Test class: com.arcapi.Portfoliostestcases.PortfoliosTeamsPostAPITest<br>Parameters: DEV, 2</td>
<td></td>
<td>1</td>
<td>com.arcapi.Portfoliostestcases.PortfoliosTeamsPostAPITest@53f65459</td></tr>
<tr>
<td title='com.arcapi.Portfoliostestcases.PortfoliosTransportModes3YearDataVerifyGetAPITest.PortfoliosTransportModes3YearDataVerifyGetAPI()'><b>PortfoliosTransportModes3YearDataVerifyGetAPI</b><br>Test class: com.arcapi.Portfoliostestcases.PortfoliosTransportModes3YearDataVerifyGetAPITest</td>
<td></td>
<td>4</td>
<td>com.arcapi.Portfoliostestcases.PortfoliosTransportModes3YearDataVerifyGetAPITest@394e1a0f</td></tr>
<tr>
<td title='com.arcapi.Portfoliostestcases.PortfoliosTransportModes5YearDataVerifyGetAPITest.PortfoliosTransportModes5YearDataVerifyGetAPI()'><b>PortfoliosTransportModes5YearDataVerifyGetAPI</b><br>Test class: com.arcapi.Portfoliostestcases.PortfoliosTransportModes5YearDataVerifyGetAPITest</td>
<td></td>
<td>1</td>
<td>com.arcapi.Portfoliostestcases.PortfoliosTransportModes5YearDataVerifyGetAPITest@27a5f880</td></tr>
</table><p>
</body>
</html>