<?xml version="1.0" encoding="UTF-8"?>
<!-- Generated by org.testng.reporters.JUnitXMLReporter -->
<testsuite hostname="G10GGNLT052" ignored="0" name="CompleteFlowTest-Portfolios" tests="2" failures="0" timestamp="19 Aug 2019 08:51:17 GMT" time="1.483" errors="0">
  <testcase name="@BeforeClass setBaseUri" time="1.432" classname="com.arc.driver.BaseClass">
    <failure type="java.lang.ExceptionInInitializerError">
      <![CDATA[java.lang.ExceptionInInitializerError
	at org.codehaus.groovy.runtime.InvokerHelper.<clinit>(InvokerHelper.java:66)
	at org.codehaus.groovy.runtime.ScriptBytecodeAdapter.createMap(ScriptBytecodeAdapter.java:623)
	at com.jayway.restassured.internal.ResponseParserRegistrar.<init>(ResponseParserRegistrar.groovy)
	at com.jayway.restassured.RestAssured.<clinit>(RestAssured.java:349)
	at com.jayway.restassured.builder.RequestSpecBuilder.<init>(RequestSpecBuilder.java:78)
	at com.arc.driver.BaseClass.setBaseUri(BaseClass.java:115)
Caused by: groovy.lang.GroovyRuntimeException: Conflicting module versions. Module [groovy-xml is loaded in version 2.4.12 and you are trying to load version 2.4.4
	at org.codehaus.groovy.runtime.metaclass.MetaClassRegistryImpl$DefaultModuleListener.onModule(MetaClassRegistryImpl.java:513)
	at org.codehaus.groovy.runtime.m12n.ExtensionModuleScanner.scanExtensionModuleFromProperties(ExtensionModuleScanner.java:80)
	at org.codehaus.groovy.runtime.m12n.ExtensionModuleScanner.scanExtensionModuleFromMetaInf(ExtensionModuleScanner.java:74)
	at org.codehaus.groovy.runtime.m12n.ExtensionModuleScanner.scanClasspathModules(ExtensionModuleScanner.java:56)
	at org.codehaus.groovy.runtime.metaclass.MetaClassRegistryImpl.<init>(MetaClassRegistryImpl.java:113)
	at org.codehaus.groovy.runtime.metaclass.MetaClassRegistryImpl.<init>(MetaClassRegistryImpl.java:74)
	at groovy.lang.GroovySystem.<clinit>(GroovySystem.java:36)
	... 32 more
... Removed 26 stack frames]]>
    </failure>
  </testcase> <!-- @BeforeClass setBaseUri -->
  <testcase name="@BeforeMethod ExtentReportConfig" time="0.0" classname="com.arc.driver.BaseClass">
    <skipped/>
  </testcase> <!-- @BeforeMethod ExtentReportConfig -->
  <testcase name="@BeforeMethod startTest" time="0.004" classname="com.arc.driver.BaseClass">
    <skipped/>
  </testcase> <!-- @BeforeMethod startTest -->
  <testcase name="@AfterClass end" time="0.0" classname="com.arc.driver.BaseClass">
    <skipped/>
  </testcase> <!-- @AfterClass end -->
  <testcase name="@BeforeClass getSuiteName" time="0.0" classname="com.arc.driver.BaseClass">
    <skipped/>
  </testcase> <!-- @BeforeClass getSuiteName -->
  <testcase name="@BeforeClass setBaseUri" time="0.0" classname="com.arc.driver.BaseClass">
    <skipped/>
  </testcase> <!-- @BeforeClass setBaseUri -->
  <testcase name="@BeforeMethod ExtentReportConfig" time="0.0" classname="com.arc.driver.BaseClass">
    <skipped/>
  </testcase> <!-- @BeforeMethod ExtentReportConfig -->
  <testcase name="@BeforeMethod startTest" time="0.0" classname="com.arc.driver.BaseClass">
    <skipped/>
  </testcase> <!-- @BeforeMethod startTest -->
  <testcase name="@AfterClass end" time="0.0" classname="com.arc.driver.BaseClass">
    <skipped/>
  </testcase> <!-- @AfterClass end -->
  <testcase name="LoginAPI" time="0.0" classname="com.arcapi.Buildingtestcases.LoginAPITest">
    <skipped/>
  </testcase> <!-- LoginAPI -->
  <testcase name="CreateAssetPOSTAPI" time="0.0" classname="com.arcapi.Buildingtestcases.CreateAssetBuildingNoneAPITest">
    <skipped/>
  </testcase> <!-- CreateAssetPOSTAPI -->
</testsuite> <!-- CompleteFlowTest-Portfolios -->
