<html>
<head>
<title>TestNG:  CompleteFlowTest-Building-None</title>
<link href="../testng.css" rel="stylesheet" type="text/css" />
<link href="../my-testng.css" rel="stylesheet" type="text/css" />

<style type="text/css">
.log { display: none;} 
.stack-trace { display: none;} 
</style>
<script type="text/javascript">
<!--
function flip(e) {
  current = e.style.display;
  if (current == 'block') {
    e.style.display = 'none';
    return 0;
  }
  else {
    e.style.display = 'block';
    return 1;
  }
}

function toggleBox(szDivId, elem, msg1, msg2)
{
  var res = -1;  if (document.getElementById) {
    res = flip(document.getElementById(szDivId));
  }
  else if (document.all) {
    // this is the way old msie versions work
    res = flip(document.all[szDivId]);
  }
  if(elem) {
    if(res == 0) elem.innerHTML = msg1; else elem.innerHTML = msg2;
  }

}

function toggleAllBoxes() {
  if (document.getElementsByTagName) {
    d = document.getElementsByTagName('div');
    for (i = 0; i < d.length; i++) {
      if (d[i].className == 'log') {
        flip(d[i]);
      }
    }
  }
}

// -->
</script>

</head>
<body>
<h2 align='center'>CompleteFlowTest-Building-None</h2><table border='1' align="center">
<tr>
<td>Tests passed/Failed/Skipped:</td><td>0/0/40</td>
</tr><tr>
<td>Started on:</td><td>Thu Nov 28 10:26:31 IST 2019</td>
</tr>
<tr><td>Total time:</td><td>0 seconds (31 ms)</td>
</tr><tr>
<td>Included groups:</td><td></td>
</tr><tr>
<td>Excluded groups:</td><td></td>
</tr>
</table><p/>
<small><i>(Hover the method name to see the test class name)</i></small><p/>
<table width='100%' border='1' class='invocation-failed'>
<tr><td colspan='4' align='center'><b>FAILED CONFIGURATIONS</b></td></tr>
<tr><td><b>Test method</b></td>
<td width="30%"><b>Exception</b></td>
<td width="10%"><b>Time (seconds)</b></td>
<td><b>Instance</b></td>
</tr>
<tr>
<td title='com.arcapi.Common.LoginAPITest.setBaseUri()'><b>setBaseUri</b><br>Test class: com.arcapi.Common.LoginAPITest</td>
<td><div><pre>org.testng.TestNGException: 
Parameter &apos;environment&apos; is required by @Configuration on method setBaseUri but has not been marked @Optional or defined
in D:\worksapceNew\TestArcAPI\src\main\resources\TestNGFiles\CompleteDataValidationNoPayloadTestng.xml
... Removed 22 stack frames</pre></div><a href='#' onClick='toggleBox("stack-trace1087989112", this, "Click to show all stack frames", "Click to hide stack frames")'>Click to show all stack frames</a>
<div class='stack-trace' id='stack-trace1087989112'><pre>org.testng.TestNGException: 
Parameter &apos;environment&apos; is required by @Configuration on method setBaseUri but has not been marked @Optional or defined
in D:\worksapceNew\TestArcAPI\src\main\resources\TestNGFiles\CompleteDataValidationNoPayloadTestng.xml
	at org.testng.internal.Parameters.createParameters(Parameters.java:154)
	at org.testng.internal.Parameters.createParameters(Parameters.java:361)
	at org.testng.internal.Parameters.createConfigurationParameters(Parameters.java:84)
	at org.testng.internal.Invoker.invokeConfigurations(Invoker.java:201)
	at org.testng.internal.Invoker.invokeConfigurations(Invoker.java:142)
	at org.testng.internal.TestMethodWorker.invokeBeforeClassMethods(TestMethodWorker.java:178)
	at org.testng.internal.TestMethodWorker.run(TestMethodWorker.java:108)
	at org.testng.TestRunner.privateRun(TestRunner.java:782)
	at org.testng.TestRunner.run(TestRunner.java:632)
	at org.testng.SuiteRunner.runTest(SuiteRunner.java:366)
	at org.testng.SuiteRunner.runSequentially(SuiteRunner.java:361)
	at org.testng.SuiteRunner.privateRun(SuiteRunner.java:319)
	at org.testng.SuiteRunner.run(SuiteRunner.java:268)
	at org.testng.SuiteRunnerWorker.runSuite(SuiteRunnerWorker.java:52)
	at org.testng.SuiteRunnerWorker.run(SuiteRunnerWorker.java:86)
	at org.testng.TestNG.runSuitesSequentially(TestNG.java:1244)
	at org.testng.TestNG.runSuitesSequentially(TestNG.java:1240)
	at org.testng.TestNG.runSuitesLocally(TestNG.java:1169)
	at org.testng.TestNG.run(TestNG.java:1064)
	at org.testng.remote.RemoteTestNG.run(RemoteTestNG.java:113)
	at org.testng.remote.RemoteTestNG.initAndRun(RemoteTestNG.java:206)
	at org.testng.remote.RemoteTestNG.main(RemoteTestNG.java:177)
</pre></div></td>
<td>0</td>
<td>com.arcapi.Common.LoginAPITest@1e802ef9</td></tr>
</table><p>
<table width='100%' border='1' class='invocation-skipped'>
<tr><td colspan='4' align='center'><b>SKIPPED CONFIGURATIONS</b></td></tr>
<tr><td><b>Test method</b></td>
<td width="30%"><b>Exception</b></td>
<td width="10%"><b>Time (seconds)</b></td>
<td><b>Instance</b></td>
</tr>
<tr>
<td title='com.arcapi.Buildingtestcases.CreateAssetBuildingV3APITest.getSuiteName()'><b>getSuiteName</b><br>Test class: com.arcapi.Buildingtestcases.CreateAssetBuildingV3APITest</td>
<td></td>
<td>0</td>
<td>com.arcapi.Buildingtestcases.CreateAssetBuildingV3APITest@2b6faea6</td></tr>
<tr>
<td title='com.arcapi.Buildingtestcases.CreateAssetBuildingV3APITest.setBaseUri()'><b>setBaseUri</b><br>Test class: com.arcapi.Buildingtestcases.CreateAssetBuildingV3APITest</td>
<td></td>
<td>0</td>
<td>com.arcapi.Buildingtestcases.CreateAssetBuildingV3APITest@2b6faea6</td></tr>
<tr>
<td title='com.arcapi.CompleteDataValidationNoPayloadTestcases.AssetValidationInfoPOSTAPITest.getSuiteName()'><b>getSuiteName</b><br>Test class: com.arcapi.CompleteDataValidationNoPayloadTestcases.AssetValidationInfoPOSTAPITest</td>
<td></td>
<td>0</td>
<td>com.arcapi.CompleteDataValidationNoPayloadTestcases.AssetValidationInfoPOSTAPITest@778d1062</td></tr>
<tr>
<td title='com.arcapi.CompleteDataValidationNoPayloadTestcases.AssetValidationInfoPOSTAPITest.setBaseUri()'><b>setBaseUri</b><br>Test class: com.arcapi.CompleteDataValidationNoPayloadTestcases.AssetValidationInfoPOSTAPITest</td>
<td></td>
<td>0</td>
<td>com.arcapi.CompleteDataValidationNoPayloadTestcases.AssetValidationInfoPOSTAPITest@778d1062</td></tr>
<tr>
<td title='com.arcapi.CompleteDataValidationNoPayloadTestcases.AssetOwnerOrgPOSTAPITest.getSuiteName()'><b>getSuiteName</b><br>Test class: com.arcapi.CompleteDataValidationNoPayloadTestcases.AssetOwnerOrgPOSTAPITest</td>
<td></td>
<td>0</td>
<td>com.arcapi.CompleteDataValidationNoPayloadTestcases.AssetOwnerOrgPOSTAPITest@670002</td></tr>
<tr>
<td title='com.arcapi.CompleteDataValidationNoPayloadTestcases.AssetOwnerOrgPOSTAPITest.setBaseUri()'><b>setBaseUri</b><br>Test class: com.arcapi.CompleteDataValidationNoPayloadTestcases.AssetOwnerOrgPOSTAPITest</td>
<td></td>
<td>0</td>
<td>com.arcapi.CompleteDataValidationNoPayloadTestcases.AssetOwnerOrgPOSTAPITest@670002</td></tr>
<tr>
<td title='com.arcapi.CompleteDataValidationNoPayloadTestcases.CreateAssetPOSTAPITest.getSuiteName()'><b>getSuiteName</b><br>Test class: com.arcapi.CompleteDataValidationNoPayloadTestcases.CreateAssetPOSTAPITest</td>
<td></td>
<td>0</td>
<td>com.arcapi.CompleteDataValidationNoPayloadTestcases.CreateAssetPOSTAPITest@1f0f1111</td></tr>
<tr>
<td title='com.arcapi.CompleteDataValidationNoPayloadTestcases.CreateAssetPOSTAPITest.setBaseUri()'><b>setBaseUri</b><br>Test class: com.arcapi.CompleteDataValidationNoPayloadTestcases.CreateAssetPOSTAPITest</td>
<td></td>
<td>0</td>
<td>com.arcapi.CompleteDataValidationNoPayloadTestcases.CreateAssetPOSTAPITest@1f0f1111</td></tr>
<tr>
<td title='com.arcapi.CompleteDataValidationNoPayloadTestcases.PaymentOrderSubmitPOSTAPITest.getSuiteName()'><b>getSuiteName</b><br>Test class: com.arcapi.CompleteDataValidationNoPayloadTestcases.PaymentOrderSubmitPOSTAPITest</td>
<td></td>
<td>0</td>
<td>com.arcapi.CompleteDataValidationNoPayloadTestcases.PaymentOrderSubmitPOSTAPITest@49c386c8</td></tr>
<tr>
<td title='com.arcapi.CompleteDataValidationNoPayloadTestcases.PaymentOrderSubmitPOSTAPITest.setBaseUri()'><b>setBaseUri</b><br>Test class: com.arcapi.CompleteDataValidationNoPayloadTestcases.PaymentOrderSubmitPOSTAPITest</td>
<td></td>
<td>0</td>
<td>com.arcapi.CompleteDataValidationNoPayloadTestcases.PaymentOrderSubmitPOSTAPITest@49c386c8</td></tr>
<tr>
<td title='com.arcapi.CompleteDataValidationNoPayloadTestcases.AssetUpdateforNewAssetPUTAPITest.getSuiteName()'><b>getSuiteName</b><br>Test class: com.arcapi.CompleteDataValidationNoPayloadTestcases.AssetUpdateforNewAssetPUTAPITest</td>
<td></td>
<td>0</td>
<td>com.arcapi.CompleteDataValidationNoPayloadTestcases.AssetUpdateforNewAssetPUTAPITest@56528192</td></tr>
<tr>
<td title='com.arcapi.CompleteDataValidationNoPayloadTestcases.AssetUpdateforNewAssetPUTAPITest.setBaseUri()'><b>setBaseUri</b><br>Test class: com.arcapi.CompleteDataValidationNoPayloadTestcases.AssetUpdateforNewAssetPUTAPITest</td>
<td></td>
<td>0</td>
<td>com.arcapi.CompleteDataValidationNoPayloadTestcases.AssetUpdateforNewAssetPUTAPITest@56528192</td></tr>
<tr>
<td title='com.arcapi.Buildingtestcases.CreditGetAPITest.getSuiteName()'><b>getSuiteName</b><br>Test class: com.arcapi.Buildingtestcases.CreditGetAPITest</td>
<td></td>
<td>0</td>
<td>com.arcapi.Buildingtestcases.CreditGetAPITest@6e0dec4a</td></tr>
<tr>
<td title='com.arcapi.Buildingtestcases.CreditGetAPITest.setBaseUri()'><b>setBaseUri</b><br>Test class: com.arcapi.Buildingtestcases.CreditGetAPITest</td>
<td></td>
<td>0</td>
<td>com.arcapi.Buildingtestcases.CreditGetAPITest@6e0dec4a</td></tr>
<tr>
<td title='com.arcapi.CompleteDataValidationNoPayloadTestcases.CreditFormUploadPOSTAPITest.getSuiteName()'><b>getSuiteName</b><br>Test class: com.arcapi.CompleteDataValidationNoPayloadTestcases.CreditFormUploadPOSTAPITest</td>
<td></td>
<td>0</td>
<td>com.arcapi.CompleteDataValidationNoPayloadTestcases.CreditFormUploadPOSTAPITest@96def03</td></tr>
<tr>
<td title='com.arcapi.CompleteDataValidationNoPayloadTestcases.CreditFormUploadPOSTAPITest.setBaseUri()'><b>setBaseUri</b><br>Test class: com.arcapi.CompleteDataValidationNoPayloadTestcases.CreditFormUploadPOSTAPITest</td>
<td></td>
<td>0</td>
<td>com.arcapi.CompleteDataValidationNoPayloadTestcases.CreditFormUploadPOSTAPITest@96def03</td></tr>
<tr>
<td title='com.arcapi.Buildingtestcases.MeterCreatePOSTAPITest.getSuiteName()'><b>getSuiteName</b><br>Test class: com.arcapi.Buildingtestcases.MeterCreatePOSTAPITest</td>
<td></td>
<td>0</td>
<td>com.arcapi.Buildingtestcases.MeterCreatePOSTAPITest@5ccddd20</td></tr>
<tr>
<td title='com.arcapi.Buildingtestcases.MeterCreatePOSTAPITest.setBaseUri()'><b>setBaseUri</b><br>Test class: com.arcapi.Buildingtestcases.MeterCreatePOSTAPITest</td>
<td></td>
<td>0</td>
<td>com.arcapi.Buildingtestcases.MeterCreatePOSTAPITest@5ccddd20</td></tr>
<tr>
<td title='com.arcapi.CompleteDataValidationNoPayloadTestcases.MeterCreatePOSTAPITest.getSuiteName()'><b>getSuiteName</b><br>Test class: com.arcapi.CompleteDataValidationNoPayloadTestcases.MeterCreatePOSTAPITest</td>
<td></td>
<td>0</td>
<td>com.arcapi.CompleteDataValidationNoPayloadTestcases.MeterCreatePOSTAPITest@1ed1993a</td></tr>
<tr>
<td title='com.arcapi.CompleteDataValidationNoPayloadTestcases.MeterCreatePOSTAPITest.setBaseUri()'><b>setBaseUri</b><br>Test class: com.arcapi.CompleteDataValidationNoPayloadTestcases.MeterCreatePOSTAPITest</td>
<td></td>
<td>0</td>
<td>com.arcapi.CompleteDataValidationNoPayloadTestcases.MeterCreatePOSTAPITest@1ed1993a</td></tr>
<tr>
<td title='com.arcapi.CompleteDataValidationNoPayloadTestcases.MeterUpdatePUTAPITest.getSuiteName()'><b>getSuiteName</b><br>Test class: com.arcapi.CompleteDataValidationNoPayloadTestcases.MeterUpdatePUTAPITest</td>
<td></td>
<td>0</td>
<td>com.arcapi.CompleteDataValidationNoPayloadTestcases.MeterUpdatePUTAPITest@1f3f4916</td></tr>
<tr>
<td title='com.arcapi.CompleteDataValidationNoPayloadTestcases.MeterUpdatePUTAPITest.setBaseUri()'><b>setBaseUri</b><br>Test class: com.arcapi.CompleteDataValidationNoPayloadTestcases.MeterUpdatePUTAPITest</td>
<td></td>
<td>0</td>
<td>com.arcapi.CompleteDataValidationNoPayloadTestcases.MeterUpdatePUTAPITest@1f3f4916</td></tr>
<tr>
<td title='com.arcapi.CompleteDataValidationNoPayloadTestcases.MeterBulkConsumptionPOSTAPITest.getSuiteName()'><b>getSuiteName</b><br>Test class: com.arcapi.CompleteDataValidationNoPayloadTestcases.MeterBulkConsumptionPOSTAPITest</td>
<td></td>
<td>0</td>
<td>com.arcapi.CompleteDataValidationNoPayloadTestcases.MeterBulkConsumptionPOSTAPITest@794cb805</td></tr>
<tr>
<td title='com.arcapi.CompleteDataValidationNoPayloadTestcases.MeterBulkConsumptionPOSTAPITest.setBaseUri()'><b>setBaseUri</b><br>Test class: com.arcapi.CompleteDataValidationNoPayloadTestcases.MeterBulkConsumptionPOSTAPITest</td>
<td></td>
<td>0</td>
<td>com.arcapi.CompleteDataValidationNoPayloadTestcases.MeterBulkConsumptionPOSTAPITest@794cb805</td></tr>
<tr>
<td title='com.arcapi.Buildingtestcases.ConsumptionCreatePOSTAPITest.getSuiteName()'><b>getSuiteName</b><br>Test class: com.arcapi.Buildingtestcases.ConsumptionCreatePOSTAPITest</td>
<td></td>
<td>0</td>
<td>com.arcapi.Buildingtestcases.ConsumptionCreatePOSTAPITest@4b5a5ed1</td></tr>
<tr>
<td title='com.arcapi.Buildingtestcases.ConsumptionCreatePOSTAPITest.setBaseUri()'><b>setBaseUri</b><br>Test class: com.arcapi.Buildingtestcases.ConsumptionCreatePOSTAPITest</td>
<td></td>
<td>0</td>
<td>com.arcapi.Buildingtestcases.ConsumptionCreatePOSTAPITest@4b5a5ed1</td></tr>
<tr>
<td title='com.arcapi.CompleteDataValidationNoPayloadTestcases.ConsumptionUpdatePUTAPITest.getSuiteName()'><b>getSuiteName</b><br>Test class: com.arcapi.CompleteDataValidationNoPayloadTestcases.ConsumptionUpdatePUTAPITest</td>
<td></td>
<td>0</td>
<td>com.arcapi.CompleteDataValidationNoPayloadTestcases.ConsumptionUpdatePUTAPITest@59d016c9</td></tr>
<tr>
<td title='com.arcapi.CompleteDataValidationNoPayloadTestcases.ConsumptionUpdatePUTAPITest.setBaseUri()'><b>setBaseUri</b><br>Test class: com.arcapi.CompleteDataValidationNoPayloadTestcases.ConsumptionUpdatePUTAPITest</td>
<td></td>
<td>0</td>
<td>com.arcapi.CompleteDataValidationNoPayloadTestcases.ConsumptionUpdatePUTAPITest@59d016c9</td></tr>
<tr>
<td title='com.arcapi.CompleteDataValidationNoPayloadTestcases.WasteGeneratedBulkDataPostTest.getSuiteName()'><b>getSuiteName</b><br>Test class: com.arcapi.CompleteDataValidationNoPayloadTestcases.WasteGeneratedBulkDataPostTest</td>
<td></td>
<td>0</td>
<td>com.arcapi.CompleteDataValidationNoPayloadTestcases.WasteGeneratedBulkDataPostTest@3cc2931c</td></tr>
<tr>
<td title='com.arcapi.CompleteDataValidationNoPayloadTestcases.WasteGeneratedBulkDataPostTest.setBaseUri()'><b>setBaseUri</b><br>Test class: com.arcapi.CompleteDataValidationNoPayloadTestcases.WasteGeneratedBulkDataPostTest</td>
<td></td>
<td>0</td>
<td>com.arcapi.CompleteDataValidationNoPayloadTestcases.WasteGeneratedBulkDataPostTest@3cc2931c</td></tr>
<tr>
<td title='com.arcapi.CompleteDataValidationNoPayloadTestcases.WasteDivertedBulkDataPostTest.getSuiteName()'><b>getSuiteName</b><br>Test class: com.arcapi.CompleteDataValidationNoPayloadTestcases.WasteDivertedBulkDataPostTest</td>
<td></td>
<td>0</td>
<td>com.arcapi.CompleteDataValidationNoPayloadTestcases.WasteDivertedBulkDataPostTest@20d28811</td></tr>
<tr>
<td title='com.arcapi.CompleteDataValidationNoPayloadTestcases.WasteDivertedBulkDataPostTest.setBaseUri()'><b>setBaseUri</b><br>Test class: com.arcapi.CompleteDataValidationNoPayloadTestcases.WasteDivertedBulkDataPostTest</td>
<td></td>
<td>0</td>
<td>com.arcapi.CompleteDataValidationNoPayloadTestcases.WasteDivertedBulkDataPostTest@20d28811</td></tr>
<tr>
<td title='com.arcapi.CompleteDataValidationNoPayloadTestcases.WasteCreatePOSTAPITest.getSuiteName()'><b>getSuiteName</b><br>Test class: com.arcapi.CompleteDataValidationNoPayloadTestcases.WasteCreatePOSTAPITest</td>
<td></td>
<td>0</td>
<td>com.arcapi.CompleteDataValidationNoPayloadTestcases.WasteCreatePOSTAPITest@3967e60c</td></tr>
<tr>
<td title='com.arcapi.CompleteDataValidationNoPayloadTestcases.WasteCreatePOSTAPITest.setBaseUri()'><b>setBaseUri</b><br>Test class: com.arcapi.CompleteDataValidationNoPayloadTestcases.WasteCreatePOSTAPITest</td>
<td></td>
<td>0</td>
<td>com.arcapi.CompleteDataValidationNoPayloadTestcases.WasteCreatePOSTAPITest@3967e60c</td></tr>
<tr>
<td title='com.arcapi.CompleteDataValidationNoPayloadTestcases.WasteUpdatePUTAPITest.getSuiteName()'><b>getSuiteName</b><br>Test class: com.arcapi.CompleteDataValidationNoPayloadTestcases.WasteUpdatePUTAPITest</td>
<td></td>
<td>0</td>
<td>com.arcapi.CompleteDataValidationNoPayloadTestcases.WasteUpdatePUTAPITest@60d8c9b7</td></tr>
<tr>
<td title='com.arcapi.CompleteDataValidationNoPayloadTestcases.WasteUpdatePUTAPITest.setBaseUri()'><b>setBaseUri</b><br>Test class: com.arcapi.CompleteDataValidationNoPayloadTestcases.WasteUpdatePUTAPITest</td>
<td></td>
<td>0</td>
<td>com.arcapi.CompleteDataValidationNoPayloadTestcases.WasteUpdatePUTAPITest@60d8c9b7</td></tr>
<tr>
<td title='com.arcapi.CompleteDataValidationNoPayloadTestcases.TransitSurveyCreatePOSTAPITest.getSuiteName()'><b>getSuiteName</b><br>Test class: com.arcapi.CompleteDataValidationNoPayloadTestcases.TransitSurveyCreatePOSTAPITest</td>
<td></td>
<td>0</td>
<td>com.arcapi.CompleteDataValidationNoPayloadTestcases.TransitSurveyCreatePOSTAPITest@48aaecc3</td></tr>
<tr>
<td title='com.arcapi.CompleteDataValidationNoPayloadTestcases.TransitSurveyCreatePOSTAPITest.setBaseUri()'><b>setBaseUri</b><br>Test class: com.arcapi.CompleteDataValidationNoPayloadTestcases.TransitSurveyCreatePOSTAPITest</td>
<td></td>
<td>0</td>
<td>com.arcapi.CompleteDataValidationNoPayloadTestcases.TransitSurveyCreatePOSTAPITest@48aaecc3</td></tr>
<tr>
<td title='com.arcapi.CompleteDataValidationNoPayloadTestcases.EnvironmentSurveyCreatePOSTAPITest.getSuiteName()'><b>getSuiteName</b><br>Test class: com.arcapi.CompleteDataValidationNoPayloadTestcases.EnvironmentSurveyCreatePOSTAPITest</td>
<td></td>
<td>0</td>
<td>com.arcapi.CompleteDataValidationNoPayloadTestcases.EnvironmentSurveyCreatePOSTAPITest@7c0c77c7</td></tr>
<tr>
<td title='com.arcapi.CompleteDataValidationNoPayloadTestcases.EnvironmentSurveyCreatePOSTAPITest.setBaseUri()'><b>setBaseUri</b><br>Test class: com.arcapi.CompleteDataValidationNoPayloadTestcases.EnvironmentSurveyCreatePOSTAPITest</td>
<td></td>
<td>0</td>
<td>com.arcapi.CompleteDataValidationNoPayloadTestcases.EnvironmentSurveyCreatePOSTAPITest@7c0c77c7</td></tr>
<tr>
<td title='com.arcapi.CompleteDataValidationNoPayloadTestcases.AssetTeamMemberAddPOSTAPITest.getSuiteName()'><b>getSuiteName</b><br>Test class: com.arcapi.CompleteDataValidationNoPayloadTestcases.AssetTeamMemberAddPOSTAPITest</td>
<td></td>
<td>0</td>
<td>com.arcapi.CompleteDataValidationNoPayloadTestcases.AssetTeamMemberAddPOSTAPITest@7adda9cc</td></tr>
<tr>
<td title='com.arcapi.CompleteDataValidationNoPayloadTestcases.AssetTeamMemberAddPOSTAPITest.setBaseUri()'><b>setBaseUri</b><br>Test class: com.arcapi.CompleteDataValidationNoPayloadTestcases.AssetTeamMemberAddPOSTAPITest</td>
<td></td>
<td>0</td>
<td>com.arcapi.CompleteDataValidationNoPayloadTestcases.AssetTeamMemberAddPOSTAPITest@7adda9cc</td></tr>
<tr>
<td title='com.arcapi.CompleteDataValidationNoPayloadTestcases.AssetTeamMemberUpdateAPITest.getSuiteName()'><b>getSuiteName</b><br>Test class: com.arcapi.CompleteDataValidationNoPayloadTestcases.AssetTeamMemberUpdateAPITest</td>
<td></td>
<td>0</td>
<td>com.arcapi.CompleteDataValidationNoPayloadTestcases.AssetTeamMemberUpdateAPITest@5cee5251</td></tr>
<tr>
<td title='com.arcapi.CompleteDataValidationNoPayloadTestcases.AssetTeamMemberUpdateAPITest.setBaseUri()'><b>setBaseUri</b><br>Test class: com.arcapi.CompleteDataValidationNoPayloadTestcases.AssetTeamMemberUpdateAPITest</td>
<td></td>
<td>0</td>
<td>com.arcapi.CompleteDataValidationNoPayloadTestcases.AssetTeamMemberUpdateAPITest@5cee5251</td></tr>
<tr>
<td title='com.arcapi.CompleteDataValidationNoPayloadTestcases.AssetTeamMemberRemoveAPITest.getSuiteName()'><b>getSuiteName</b><br>Test class: com.arcapi.CompleteDataValidationNoPayloadTestcases.AssetTeamMemberRemoveAPITest</td>
<td></td>
<td>0</td>
<td>com.arcapi.CompleteDataValidationNoPayloadTestcases.AssetTeamMemberRemoveAPITest@433d61fb</td></tr>
<tr>
<td title='com.arcapi.CompleteDataValidationNoPayloadTestcases.AssetTeamMemberRemoveAPITest.setBaseUri()'><b>setBaseUri</b><br>Test class: com.arcapi.CompleteDataValidationNoPayloadTestcases.AssetTeamMemberRemoveAPITest</td>
<td></td>
<td>0</td>
<td>com.arcapi.CompleteDataValidationNoPayloadTestcases.AssetTeamMemberRemoveAPITest@433d61fb</td></tr>
<tr>
<td title='com.arcapi.CompleteDataValidationNoPayloadTestcases.AssetAppaddPOSTAPITest.getSuiteName()'><b>getSuiteName</b><br>Test class: com.arcapi.CompleteDataValidationNoPayloadTestcases.AssetAppaddPOSTAPITest</td>
<td></td>
<td>0</td>
<td>com.arcapi.CompleteDataValidationNoPayloadTestcases.AssetAppaddPOSTAPITest@5c909414</td></tr>
<tr>
<td title='com.arcapi.CompleteDataValidationNoPayloadTestcases.AssetAppaddPOSTAPITest.setBaseUri()'><b>setBaseUri</b><br>Test class: com.arcapi.CompleteDataValidationNoPayloadTestcases.AssetAppaddPOSTAPITest</td>
<td></td>
<td>0</td>
<td>com.arcapi.CompleteDataValidationNoPayloadTestcases.AssetAppaddPOSTAPITest@5c909414</td></tr>
<tr>
<td title='com.arcapi.CompleteDataValidationNoPayloadTestcases.S3DocumentUploadPOSTAPITest.getSuiteName()'><b>getSuiteName</b><br>Test class: com.arcapi.CompleteDataValidationNoPayloadTestcases.S3DocumentUploadPOSTAPITest</td>
<td></td>
<td>0</td>
<td>com.arcapi.CompleteDataValidationNoPayloadTestcases.S3DocumentUploadPOSTAPITest@4b14c583</td></tr>
<tr>
<td title='com.arcapi.CompleteDataValidationNoPayloadTestcases.S3DocumentUploadPOSTAPITest.setBaseUri()'><b>setBaseUri</b><br>Test class: com.arcapi.CompleteDataValidationNoPayloadTestcases.S3DocumentUploadPOSTAPITest</td>
<td></td>
<td>0</td>
<td>com.arcapi.CompleteDataValidationNoPayloadTestcases.S3DocumentUploadPOSTAPITest@4b14c583</td></tr>
<tr>
<td title='com.arcapi.CompleteDataValidationNoPayloadTestcases.S3DocumentRemoveAPITest.getSuiteName()'><b>getSuiteName</b><br>Test class: com.arcapi.CompleteDataValidationNoPayloadTestcases.S3DocumentRemoveAPITest</td>
<td></td>
<td>0</td>
<td>com.arcapi.CompleteDataValidationNoPayloadTestcases.S3DocumentRemoveAPITest@65466a6a</td></tr>
<tr>
<td title='com.arcapi.CompleteDataValidationNoPayloadTestcases.S3DocumentRemoveAPITest.setBaseUri()'><b>setBaseUri</b><br>Test class: com.arcapi.CompleteDataValidationNoPayloadTestcases.S3DocumentRemoveAPITest</td>
<td></td>
<td>0</td>
<td>com.arcapi.CompleteDataValidationNoPayloadTestcases.S3DocumentRemoveAPITest@65466a6a</td></tr>
<tr>
<td title='com.arcapi.CompleteDataValidationNoPayloadTestcases.ExcelUploadTemplatePOSTAPITest.getSuiteName()'><b>getSuiteName</b><br>Test class: com.arcapi.CompleteDataValidationNoPayloadTestcases.ExcelUploadTemplatePOSTAPITest</td>
<td></td>
<td>0</td>
<td>com.arcapi.CompleteDataValidationNoPayloadTestcases.ExcelUploadTemplatePOSTAPITest@4ddced80</td></tr>
<tr>
<td title='com.arcapi.CompleteDataValidationNoPayloadTestcases.ExcelUploadTemplatePOSTAPITest.setBaseUri()'><b>setBaseUri</b><br>Test class: com.arcapi.CompleteDataValidationNoPayloadTestcases.ExcelUploadTemplatePOSTAPITest</td>
<td></td>
<td>0</td>
<td>com.arcapi.CompleteDataValidationNoPayloadTestcases.ExcelUploadTemplatePOSTAPITest@4ddced80</td></tr>
<tr>
<td title='com.arcapi.CompleteDataValidationNoPayloadTestcases.AssetTeamPermissionPostAPITest.getSuiteName()'><b>getSuiteName</b><br>Test class: com.arcapi.CompleteDataValidationNoPayloadTestcases.AssetTeamPermissionPostAPITest</td>
<td></td>
<td>0</td>
<td>com.arcapi.CompleteDataValidationNoPayloadTestcases.AssetTeamPermissionPostAPITest@1534f01b</td></tr>
<tr>
<td title='com.arcapi.CompleteDataValidationNoPayloadTestcases.AssetTeamPermissionPostAPITest.setBaseUri()'><b>setBaseUri</b><br>Test class: com.arcapi.CompleteDataValidationNoPayloadTestcases.AssetTeamPermissionPostAPITest</td>
<td></td>
<td>0</td>
<td>com.arcapi.CompleteDataValidationNoPayloadTestcases.AssetTeamPermissionPostAPITest@1534f01b</td></tr>
<tr>
<td title='com.arcapi.CompleteDataValidationNoPayloadTestcases.AssetTeamPermissionPutAPITest.getSuiteName()'><b>getSuiteName</b><br>Test class: com.arcapi.CompleteDataValidationNoPayloadTestcases.AssetTeamPermissionPutAPITest</td>
<td></td>
<td>0</td>
<td>com.arcapi.CompleteDataValidationNoPayloadTestcases.AssetTeamPermissionPutAPITest@78e117e3</td></tr>
<tr>
<td title='com.arcapi.CompleteDataValidationNoPayloadTestcases.AssetTeamPermissionPutAPITest.setBaseUri()'><b>setBaseUri</b><br>Test class: com.arcapi.CompleteDataValidationNoPayloadTestcases.AssetTeamPermissionPutAPITest</td>
<td></td>
<td>0</td>
<td>com.arcapi.CompleteDataValidationNoPayloadTestcases.AssetTeamPermissionPutAPITest@78e117e3</td></tr>
<tr>
<td title='com.arcapi.CompleteDataValidationNoPayloadTestcases.AssetNotificationSubscriptionPostTest.getSuiteName()'><b>getSuiteName</b><br>Test class: com.arcapi.CompleteDataValidationNoPayloadTestcases.AssetNotificationSubscriptionPostTest</td>
<td></td>
<td>0</td>
<td>com.arcapi.CompleteDataValidationNoPayloadTestcases.AssetNotificationSubscriptionPostTest@2ea227af</td></tr>
<tr>
<td title='com.arcapi.CompleteDataValidationNoPayloadTestcases.AssetNotificationSubscriptionPostTest.setBaseUri()'><b>setBaseUri</b><br>Test class: com.arcapi.CompleteDataValidationNoPayloadTestcases.AssetNotificationSubscriptionPostTest</td>
<td></td>
<td>0</td>
<td>com.arcapi.CompleteDataValidationNoPayloadTestcases.AssetNotificationSubscriptionPostTest@2ea227af</td></tr>
<tr>
<td title='com.arcapi.CompleteDataValidationNoPayloadTestcases.NotificationSubscriptionDetailPutTest.getSuiteName()'><b>getSuiteName</b><br>Test class: com.arcapi.CompleteDataValidationNoPayloadTestcases.NotificationSubscriptionDetailPutTest</td>
<td></td>
<td>0</td>
<td>com.arcapi.CompleteDataValidationNoPayloadTestcases.NotificationSubscriptionDetailPutTest@4386f16</td></tr>
<tr>
<td title='com.arcapi.CompleteDataValidationNoPayloadTestcases.NotificationSubscriptionDetailPutTest.setBaseUri()'><b>setBaseUri</b><br>Test class: com.arcapi.CompleteDataValidationNoPayloadTestcases.NotificationSubscriptionDetailPutTest</td>
<td></td>
<td>0</td>
<td>com.arcapi.CompleteDataValidationNoPayloadTestcases.NotificationSubscriptionDetailPutTest@4386f16</td></tr>
<tr>
<td title='com.arcapi.CompleteDataValidationNoPayloadTestcases.NotificationSubscriptionDetailDeleteTest.getSuiteName()'><b>getSuiteName</b><br>Test class: com.arcapi.CompleteDataValidationNoPayloadTestcases.NotificationSubscriptionDetailDeleteTest</td>
<td></td>
<td>0</td>
<td>com.arcapi.CompleteDataValidationNoPayloadTestcases.NotificationSubscriptionDetailDeleteTest@363ee3a2</td></tr>
<tr>
<td title='com.arcapi.CompleteDataValidationNoPayloadTestcases.NotificationSubscriptionDetailDeleteTest.setBaseUri()'><b>setBaseUri</b><br>Test class: com.arcapi.CompleteDataValidationNoPayloadTestcases.NotificationSubscriptionDetailDeleteTest</td>
<td></td>
<td>0</td>
<td>com.arcapi.CompleteDataValidationNoPayloadTestcases.NotificationSubscriptionDetailDeleteTest@363ee3a2</td></tr>
<tr>
<td title='com.arcapi.CompleteDataValidationNoPayloadTestcases.SubmitReviewPOSTAPITest.getSuiteName()'><b>getSuiteName</b><br>Test class: com.arcapi.CompleteDataValidationNoPayloadTestcases.SubmitReviewPOSTAPITest</td>
<td></td>
<td>0</td>
<td>com.arcapi.CompleteDataValidationNoPayloadTestcases.SubmitReviewPOSTAPITest@4690b489</td></tr>
<tr>
<td title='com.arcapi.CompleteDataValidationNoPayloadTestcases.SubmitReviewPOSTAPITest.setBaseUri()'><b>setBaseUri</b><br>Test class: com.arcapi.CompleteDataValidationNoPayloadTestcases.SubmitReviewPOSTAPITest</td>
<td></td>
<td>0</td>
<td>com.arcapi.CompleteDataValidationNoPayloadTestcases.SubmitReviewPOSTAPITest@4690b489</td></tr>
<tr>
<td title='com.arcapi.CompleteDataValidationNoPayloadTestcases.NotificationCreatePOSTAPITest.getSuiteName()'><b>getSuiteName</b><br>Test class: com.arcapi.CompleteDataValidationNoPayloadTestcases.NotificationCreatePOSTAPITest</td>
<td></td>
<td>0</td>
<td>com.arcapi.CompleteDataValidationNoPayloadTestcases.NotificationCreatePOSTAPITest@79b06cab</td></tr>
<tr>
<td title='com.arcapi.CompleteDataValidationNoPayloadTestcases.NotificationCreatePOSTAPITest.setBaseUri()'><b>setBaseUri</b><br>Test class: com.arcapi.CompleteDataValidationNoPayloadTestcases.NotificationCreatePOSTAPITest</td>
<td></td>
<td>0</td>
<td>com.arcapi.CompleteDataValidationNoPayloadTestcases.NotificationCreatePOSTAPITest@79b06cab</td></tr>
<tr>
<td title='com.arcapi.CompleteDataValidationNoPayloadTestcases.NotificationDeleteAPITest.getSuiteName()'><b>getSuiteName</b><br>Test class: com.arcapi.CompleteDataValidationNoPayloadTestcases.NotificationDeleteAPITest</td>
<td></td>
<td>0</td>
<td>com.arcapi.CompleteDataValidationNoPayloadTestcases.NotificationDeleteAPITest@3eb7fc54</td></tr>
<tr>
<td title='com.arcapi.CompleteDataValidationNoPayloadTestcases.NotificationDeleteAPITest.setBaseUri()'><b>setBaseUri</b><br>Test class: com.arcapi.CompleteDataValidationNoPayloadTestcases.NotificationDeleteAPITest</td>
<td></td>
<td>0</td>
<td>com.arcapi.CompleteDataValidationNoPayloadTestcases.NotificationDeleteAPITest@3eb7fc54</td></tr>
<tr>
<td title='com.arcapi.CompleteDataValidationNoPayloadTestcases.FeedbackSubmitPostAPITest.getSuiteName()'><b>getSuiteName</b><br>Test class: com.arcapi.CompleteDataValidationNoPayloadTestcases.FeedbackSubmitPostAPITest</td>
<td></td>
<td>0</td>
<td>com.arcapi.CompleteDataValidationNoPayloadTestcases.FeedbackSubmitPostAPITest@7f552bd3</td></tr>
<tr>
<td title='com.arcapi.CompleteDataValidationNoPayloadTestcases.FeedbackSubmitPostAPITest.setBaseUri()'><b>setBaseUri</b><br>Test class: com.arcapi.CompleteDataValidationNoPayloadTestcases.FeedbackSubmitPostAPITest</td>
<td></td>
<td>0</td>
<td>com.arcapi.CompleteDataValidationNoPayloadTestcases.FeedbackSubmitPostAPITest@7f552bd3</td></tr>
<tr>
<td title='com.arcapi.CompleteDataValidationNoPayloadTestcases.AssetPerformanceScorePostAPITest.getSuiteName()'><b>getSuiteName</b><br>Test class: com.arcapi.CompleteDataValidationNoPayloadTestcases.AssetPerformanceScorePostAPITest</td>
<td></td>
<td>0</td>
<td>com.arcapi.CompleteDataValidationNoPayloadTestcases.AssetPerformanceScorePostAPITest@3c22fc4c</td></tr>
<tr>
<td title='com.arcapi.CompleteDataValidationNoPayloadTestcases.AssetPerformanceScorePostAPITest.setBaseUri()'><b>setBaseUri</b><br>Test class: com.arcapi.CompleteDataValidationNoPayloadTestcases.AssetPerformanceScorePostAPITest</td>
<td></td>
<td>0</td>
<td>com.arcapi.CompleteDataValidationNoPayloadTestcases.AssetPerformanceScorePostAPITest@3c22fc4c</td></tr>
<tr>
<td title='com.arcapi.CompleteDataValidationNoPayloadTestcases.AnalysisDataSubmitPOSTAPITest.getSuiteName()'><b>getSuiteName</b><br>Test class: com.arcapi.CompleteDataValidationNoPayloadTestcases.AnalysisDataSubmitPOSTAPITest</td>
<td></td>
<td>0</td>
<td>com.arcapi.CompleteDataValidationNoPayloadTestcases.AnalysisDataSubmitPOSTAPITest@460d0a57</td></tr>
<tr>
<td title='com.arcapi.CompleteDataValidationNoPayloadTestcases.AnalysisDataSubmitPOSTAPITest.setBaseUri()'><b>setBaseUri</b><br>Test class: com.arcapi.CompleteDataValidationNoPayloadTestcases.AnalysisDataSubmitPOSTAPITest</td>
<td></td>
<td>0</td>
<td>com.arcapi.CompleteDataValidationNoPayloadTestcases.AnalysisDataSubmitPOSTAPITest@460d0a57</td></tr>
<tr>
<td title='com.arcapi.CompleteDataValidationNoPayloadTestcases.AssetCertificationPOSTAPITest.getSuiteName()'><b>getSuiteName</b><br>Test class: com.arcapi.CompleteDataValidationNoPayloadTestcases.AssetCertificationPOSTAPITest</td>
<td></td>
<td>0</td>
<td>com.arcapi.CompleteDataValidationNoPayloadTestcases.AssetCertificationPOSTAPITest@47d90b9e</td></tr>
<tr>
<td title='com.arcapi.CompleteDataValidationNoPayloadTestcases.AssetCertificationPOSTAPITest.setBaseUri()'><b>setBaseUri</b><br>Test class: com.arcapi.CompleteDataValidationNoPayloadTestcases.AssetCertificationPOSTAPITest</td>
<td></td>
<td>0</td>
<td>com.arcapi.CompleteDataValidationNoPayloadTestcases.AssetCertificationPOSTAPITest@47d90b9e</td></tr>
<tr>
<td title='com.arcapi.Common.LoginAPITest.ExtentReportConfig()'><b>ExtentReportConfig</b><br>Test class: com.arcapi.Common.LoginAPITest</td>
<td></td>
<td>0</td>
<td>com.arcapi.Common.LoginAPITest@1e802ef9</td></tr>
<tr>
<td title='com.arcapi.Common.LoginAPITest.start()'><b>start</b><br>Test class: com.arcapi.Common.LoginAPITest</td>
<td></td>
<td>0</td>
<td>com.arcapi.Common.LoginAPITest@1e802ef9</td></tr>
<tr>
<td title='com.arcapi.Buildingtestcases.CreateAssetBuildingV3APITest.ExtentReportConfig()'><b>ExtentReportConfig</b><br>Test class: com.arcapi.Buildingtestcases.CreateAssetBuildingV3APITest</td>
<td></td>
<td>0</td>
<td>com.arcapi.Buildingtestcases.CreateAssetBuildingV3APITest@2b6faea6</td></tr>
<tr>
<td title='com.arcapi.Buildingtestcases.CreateAssetBuildingV3APITest.start()'><b>start</b><br>Test class: com.arcapi.Buildingtestcases.CreateAssetBuildingV3APITest</td>
<td></td>
<td>0</td>
<td>com.arcapi.Buildingtestcases.CreateAssetBuildingV3APITest@2b6faea6</td></tr>
<tr>
<td title='com.arcapi.CompleteDataValidationNoPayloadTestcases.AssetValidationInfoPOSTAPITest.ExtentReportConfig()'><b>ExtentReportConfig</b><br>Test class: com.arcapi.CompleteDataValidationNoPayloadTestcases.AssetValidationInfoPOSTAPITest</td>
<td></td>
<td>0</td>
<td>com.arcapi.CompleteDataValidationNoPayloadTestcases.AssetValidationInfoPOSTAPITest@778d1062</td></tr>
<tr>
<td title='com.arcapi.CompleteDataValidationNoPayloadTestcases.AssetValidationInfoPOSTAPITest.start()'><b>start</b><br>Test class: com.arcapi.CompleteDataValidationNoPayloadTestcases.AssetValidationInfoPOSTAPITest</td>
<td></td>
<td>0</td>
<td>com.arcapi.CompleteDataValidationNoPayloadTestcases.AssetValidationInfoPOSTAPITest@778d1062</td></tr>
<tr>
<td title='com.arcapi.CompleteDataValidationNoPayloadTestcases.AssetOwnerOrgPOSTAPITest.ExtentReportConfig()'><b>ExtentReportConfig</b><br>Test class: com.arcapi.CompleteDataValidationNoPayloadTestcases.AssetOwnerOrgPOSTAPITest</td>
<td></td>
<td>0</td>
<td>com.arcapi.CompleteDataValidationNoPayloadTestcases.AssetOwnerOrgPOSTAPITest@670002</td></tr>
<tr>
<td title='com.arcapi.CompleteDataValidationNoPayloadTestcases.AssetOwnerOrgPOSTAPITest.start()'><b>start</b><br>Test class: com.arcapi.CompleteDataValidationNoPayloadTestcases.AssetOwnerOrgPOSTAPITest</td>
<td></td>
<td>0</td>
<td>com.arcapi.CompleteDataValidationNoPayloadTestcases.AssetOwnerOrgPOSTAPITest@670002</td></tr>
<tr>
<td title='com.arcapi.Common.LoginAPITest.teardown()'><b>teardown</b><br>Test class: com.arcapi.Common.LoginAPITest</td>
<td></td>
<td>0</td>
<td>com.arcapi.Common.LoginAPITest@1e802ef9</td></tr>
<tr>
<td title='com.arcapi.Buildingtestcases.CreateAssetBuildingV3APITest.teardown()'><b>teardown</b><br>Test class: com.arcapi.Buildingtestcases.CreateAssetBuildingV3APITest</td>
<td></td>
<td>0</td>
<td>com.arcapi.Buildingtestcases.CreateAssetBuildingV3APITest@2b6faea6</td></tr>
<tr>
<td title='com.arcapi.CompleteDataValidationNoPayloadTestcases.AssetValidationInfoPOSTAPITest.teardown()'><b>teardown</b><br>Test class: com.arcapi.CompleteDataValidationNoPayloadTestcases.AssetValidationInfoPOSTAPITest</td>
<td></td>
<td>0</td>
<td>com.arcapi.CompleteDataValidationNoPayloadTestcases.AssetValidationInfoPOSTAPITest@778d1062</td></tr>
<tr>
<td title='com.arcapi.CompleteDataValidationNoPayloadTestcases.AssetOwnerOrgPOSTAPITest.teardown()'><b>teardown</b><br>Test class: com.arcapi.CompleteDataValidationNoPayloadTestcases.AssetOwnerOrgPOSTAPITest</td>
<td></td>
<td>0</td>
<td>com.arcapi.CompleteDataValidationNoPayloadTestcases.AssetOwnerOrgPOSTAPITest@670002</td></tr>
<tr>
<td title='com.arcapi.Common.LoginAPITest.end()'><b>end</b><br>Test class: com.arcapi.Common.LoginAPITest</td>
<td></td>
<td>0</td>
<td>com.arcapi.Common.LoginAPITest@1e802ef9</td></tr>
<tr>
<td title='com.arcapi.Buildingtestcases.CreateAssetBuildingV3APITest.end()'><b>end</b><br>Test class: com.arcapi.Buildingtestcases.CreateAssetBuildingV3APITest</td>
<td></td>
<td>0</td>
<td>com.arcapi.Buildingtestcases.CreateAssetBuildingV3APITest@2b6faea6</td></tr>
<tr>
<td title='com.arcapi.CompleteDataValidationNoPayloadTestcases.AssetValidationInfoPOSTAPITest.end()'><b>end</b><br>Test class: com.arcapi.CompleteDataValidationNoPayloadTestcases.AssetValidationInfoPOSTAPITest</td>
<td></td>
<td>0</td>
<td>com.arcapi.CompleteDataValidationNoPayloadTestcases.AssetValidationInfoPOSTAPITest@778d1062</td></tr>
<tr>
<td title='com.arcapi.CompleteDataValidationNoPayloadTestcases.AssetOwnerOrgPOSTAPITest.end()'><b>end</b><br>Test class: com.arcapi.CompleteDataValidationNoPayloadTestcases.AssetOwnerOrgPOSTAPITest</td>
<td></td>
<td>0</td>
<td>com.arcapi.CompleteDataValidationNoPayloadTestcases.AssetOwnerOrgPOSTAPITest@670002</td></tr>
<tr>
<td title='com.arcapi.CompleteDataValidationNoPayloadTestcases.CreateAssetPOSTAPITest.end()'><b>end</b><br>Test class: com.arcapi.CompleteDataValidationNoPayloadTestcases.CreateAssetPOSTAPITest</td>
<td></td>
<td>0</td>
<td>com.arcapi.CompleteDataValidationNoPayloadTestcases.CreateAssetPOSTAPITest@1f0f1111</td></tr>
<tr>
<td title='com.arcapi.CompleteDataValidationNoPayloadTestcases.PaymentOrderSubmitPOSTAPITest.end()'><b>end</b><br>Test class: com.arcapi.CompleteDataValidationNoPayloadTestcases.PaymentOrderSubmitPOSTAPITest</td>
<td></td>
<td>0</td>
<td>com.arcapi.CompleteDataValidationNoPayloadTestcases.PaymentOrderSubmitPOSTAPITest@49c386c8</td></tr>
<tr>
<td title='com.arcapi.CompleteDataValidationNoPayloadTestcases.AssetUpdateforNewAssetPUTAPITest.end()'><b>end</b><br>Test class: com.arcapi.CompleteDataValidationNoPayloadTestcases.AssetUpdateforNewAssetPUTAPITest</td>
<td></td>
<td>0</td>
<td>com.arcapi.CompleteDataValidationNoPayloadTestcases.AssetUpdateforNewAssetPUTAPITest@56528192</td></tr>
<tr>
<td title='com.arcapi.Buildingtestcases.CreditGetAPITest.end()'><b>end</b><br>Test class: com.arcapi.Buildingtestcases.CreditGetAPITest</td>
<td></td>
<td>0</td>
<td>com.arcapi.Buildingtestcases.CreditGetAPITest@6e0dec4a</td></tr>
<tr>
<td title='com.arcapi.CompleteDataValidationNoPayloadTestcases.CreditFormUploadPOSTAPITest.end()'><b>end</b><br>Test class: com.arcapi.CompleteDataValidationNoPayloadTestcases.CreditFormUploadPOSTAPITest</td>
<td></td>
<td>0</td>
<td>com.arcapi.CompleteDataValidationNoPayloadTestcases.CreditFormUploadPOSTAPITest@96def03</td></tr>
<tr>
<td title='com.arcapi.Buildingtestcases.MeterCreatePOSTAPITest.end()'><b>end</b><br>Test class: com.arcapi.Buildingtestcases.MeterCreatePOSTAPITest</td>
<td></td>
<td>0</td>
<td>com.arcapi.Buildingtestcases.MeterCreatePOSTAPITest@5ccddd20</td></tr>
<tr>
<td title='com.arcapi.CompleteDataValidationNoPayloadTestcases.MeterCreatePOSTAPITest.end()'><b>end</b><br>Test class: com.arcapi.CompleteDataValidationNoPayloadTestcases.MeterCreatePOSTAPITest</td>
<td></td>
<td>0</td>
<td>com.arcapi.CompleteDataValidationNoPayloadTestcases.MeterCreatePOSTAPITest@1ed1993a</td></tr>
<tr>
<td title='com.arcapi.CompleteDataValidationNoPayloadTestcases.MeterUpdatePUTAPITest.end()'><b>end</b><br>Test class: com.arcapi.CompleteDataValidationNoPayloadTestcases.MeterUpdatePUTAPITest</td>
<td></td>
<td>0</td>
<td>com.arcapi.CompleteDataValidationNoPayloadTestcases.MeterUpdatePUTAPITest@1f3f4916</td></tr>
<tr>
<td title='com.arcapi.CompleteDataValidationNoPayloadTestcases.MeterBulkConsumptionPOSTAPITest.end()'><b>end</b><br>Test class: com.arcapi.CompleteDataValidationNoPayloadTestcases.MeterBulkConsumptionPOSTAPITest</td>
<td></td>
<td>0</td>
<td>com.arcapi.CompleteDataValidationNoPayloadTestcases.MeterBulkConsumptionPOSTAPITest@794cb805</td></tr>
<tr>
<td title='com.arcapi.Buildingtestcases.ConsumptionCreatePOSTAPITest.end()'><b>end</b><br>Test class: com.arcapi.Buildingtestcases.ConsumptionCreatePOSTAPITest</td>
<td></td>
<td>0</td>
<td>com.arcapi.Buildingtestcases.ConsumptionCreatePOSTAPITest@4b5a5ed1</td></tr>
<tr>
<td title='com.arcapi.CompleteDataValidationNoPayloadTestcases.ConsumptionUpdatePUTAPITest.end()'><b>end</b><br>Test class: com.arcapi.CompleteDataValidationNoPayloadTestcases.ConsumptionUpdatePUTAPITest</td>
<td></td>
<td>0</td>
<td>com.arcapi.CompleteDataValidationNoPayloadTestcases.ConsumptionUpdatePUTAPITest@59d016c9</td></tr>
<tr>
<td title='com.arcapi.CompleteDataValidationNoPayloadTestcases.WasteGeneratedBulkDataPostTest.end()'><b>end</b><br>Test class: com.arcapi.CompleteDataValidationNoPayloadTestcases.WasteGeneratedBulkDataPostTest</td>
<td></td>
<td>0</td>
<td>com.arcapi.CompleteDataValidationNoPayloadTestcases.WasteGeneratedBulkDataPostTest@3cc2931c</td></tr>
<tr>
<td title='com.arcapi.CompleteDataValidationNoPayloadTestcases.WasteDivertedBulkDataPostTest.end()'><b>end</b><br>Test class: com.arcapi.CompleteDataValidationNoPayloadTestcases.WasteDivertedBulkDataPostTest</td>
<td></td>
<td>0</td>
<td>com.arcapi.CompleteDataValidationNoPayloadTestcases.WasteDivertedBulkDataPostTest@20d28811</td></tr>
<tr>
<td title='com.arcapi.CompleteDataValidationNoPayloadTestcases.WasteCreatePOSTAPITest.end()'><b>end</b><br>Test class: com.arcapi.CompleteDataValidationNoPayloadTestcases.WasteCreatePOSTAPITest</td>
<td></td>
<td>0</td>
<td>com.arcapi.CompleteDataValidationNoPayloadTestcases.WasteCreatePOSTAPITest@3967e60c</td></tr>
<tr>
<td title='com.arcapi.CompleteDataValidationNoPayloadTestcases.WasteUpdatePUTAPITest.end()'><b>end</b><br>Test class: com.arcapi.CompleteDataValidationNoPayloadTestcases.WasteUpdatePUTAPITest</td>
<td></td>
<td>0</td>
<td>com.arcapi.CompleteDataValidationNoPayloadTestcases.WasteUpdatePUTAPITest@60d8c9b7</td></tr>
<tr>
<td title='com.arcapi.CompleteDataValidationNoPayloadTestcases.TransitSurveyCreatePOSTAPITest.end()'><b>end</b><br>Test class: com.arcapi.CompleteDataValidationNoPayloadTestcases.TransitSurveyCreatePOSTAPITest</td>
<td></td>
<td>0</td>
<td>com.arcapi.CompleteDataValidationNoPayloadTestcases.TransitSurveyCreatePOSTAPITest@48aaecc3</td></tr>
<tr>
<td title='com.arcapi.CompleteDataValidationNoPayloadTestcases.EnvironmentSurveyCreatePOSTAPITest.end()'><b>end</b><br>Test class: com.arcapi.CompleteDataValidationNoPayloadTestcases.EnvironmentSurveyCreatePOSTAPITest</td>
<td></td>
<td>0</td>
<td>com.arcapi.CompleteDataValidationNoPayloadTestcases.EnvironmentSurveyCreatePOSTAPITest@7c0c77c7</td></tr>
<tr>
<td title='com.arcapi.CompleteDataValidationNoPayloadTestcases.AssetTeamMemberAddPOSTAPITest.end()'><b>end</b><br>Test class: com.arcapi.CompleteDataValidationNoPayloadTestcases.AssetTeamMemberAddPOSTAPITest</td>
<td></td>
<td>0</td>
<td>com.arcapi.CompleteDataValidationNoPayloadTestcases.AssetTeamMemberAddPOSTAPITest@7adda9cc</td></tr>
<tr>
<td title='com.arcapi.CompleteDataValidationNoPayloadTestcases.AssetTeamMemberUpdateAPITest.end()'><b>end</b><br>Test class: com.arcapi.CompleteDataValidationNoPayloadTestcases.AssetTeamMemberUpdateAPITest</td>
<td></td>
<td>0</td>
<td>com.arcapi.CompleteDataValidationNoPayloadTestcases.AssetTeamMemberUpdateAPITest@5cee5251</td></tr>
<tr>
<td title='com.arcapi.CompleteDataValidationNoPayloadTestcases.AssetTeamMemberRemoveAPITest.end()'><b>end</b><br>Test class: com.arcapi.CompleteDataValidationNoPayloadTestcases.AssetTeamMemberRemoveAPITest</td>
<td></td>
<td>0</td>
<td>com.arcapi.CompleteDataValidationNoPayloadTestcases.AssetTeamMemberRemoveAPITest@433d61fb</td></tr>
<tr>
<td title='com.arcapi.CompleteDataValidationNoPayloadTestcases.AssetAppaddPOSTAPITest.end()'><b>end</b><br>Test class: com.arcapi.CompleteDataValidationNoPayloadTestcases.AssetAppaddPOSTAPITest</td>
<td></td>
<td>0</td>
<td>com.arcapi.CompleteDataValidationNoPayloadTestcases.AssetAppaddPOSTAPITest@5c909414</td></tr>
<tr>
<td title='com.arcapi.CompleteDataValidationNoPayloadTestcases.S3DocumentUploadPOSTAPITest.end()'><b>end</b><br>Test class: com.arcapi.CompleteDataValidationNoPayloadTestcases.S3DocumentUploadPOSTAPITest</td>
<td></td>
<td>0</td>
<td>com.arcapi.CompleteDataValidationNoPayloadTestcases.S3DocumentUploadPOSTAPITest@4b14c583</td></tr>
<tr>
<td title='com.arcapi.CompleteDataValidationNoPayloadTestcases.S3DocumentRemoveAPITest.end()'><b>end</b><br>Test class: com.arcapi.CompleteDataValidationNoPayloadTestcases.S3DocumentRemoveAPITest</td>
<td></td>
<td>0</td>
<td>com.arcapi.CompleteDataValidationNoPayloadTestcases.S3DocumentRemoveAPITest@65466a6a</td></tr>
<tr>
<td title='com.arcapi.CompleteDataValidationNoPayloadTestcases.ExcelUploadTemplatePOSTAPITest.end()'><b>end</b><br>Test class: com.arcapi.CompleteDataValidationNoPayloadTestcases.ExcelUploadTemplatePOSTAPITest</td>
<td></td>
<td>0</td>
<td>com.arcapi.CompleteDataValidationNoPayloadTestcases.ExcelUploadTemplatePOSTAPITest@4ddced80</td></tr>
<tr>
<td title='com.arcapi.CompleteDataValidationNoPayloadTestcases.AssetTeamPermissionPostAPITest.end()'><b>end</b><br>Test class: com.arcapi.CompleteDataValidationNoPayloadTestcases.AssetTeamPermissionPostAPITest</td>
<td></td>
<td>0</td>
<td>com.arcapi.CompleteDataValidationNoPayloadTestcases.AssetTeamPermissionPostAPITest@1534f01b</td></tr>
<tr>
<td title='com.arcapi.CompleteDataValidationNoPayloadTestcases.AssetTeamPermissionPutAPITest.end()'><b>end</b><br>Test class: com.arcapi.CompleteDataValidationNoPayloadTestcases.AssetTeamPermissionPutAPITest</td>
<td></td>
<td>0</td>
<td>com.arcapi.CompleteDataValidationNoPayloadTestcases.AssetTeamPermissionPutAPITest@78e117e3</td></tr>
<tr>
<td title='com.arcapi.CompleteDataValidationNoPayloadTestcases.AssetNotificationSubscriptionPostTest.end()'><b>end</b><br>Test class: com.arcapi.CompleteDataValidationNoPayloadTestcases.AssetNotificationSubscriptionPostTest</td>
<td></td>
<td>0</td>
<td>com.arcapi.CompleteDataValidationNoPayloadTestcases.AssetNotificationSubscriptionPostTest@2ea227af</td></tr>
<tr>
<td title='com.arcapi.CompleteDataValidationNoPayloadTestcases.NotificationSubscriptionDetailPutTest.end()'><b>end</b><br>Test class: com.arcapi.CompleteDataValidationNoPayloadTestcases.NotificationSubscriptionDetailPutTest</td>
<td></td>
<td>0</td>
<td>com.arcapi.CompleteDataValidationNoPayloadTestcases.NotificationSubscriptionDetailPutTest@4386f16</td></tr>
<tr>
<td title='com.arcapi.CompleteDataValidationNoPayloadTestcases.NotificationSubscriptionDetailDeleteTest.end()'><b>end</b><br>Test class: com.arcapi.CompleteDataValidationNoPayloadTestcases.NotificationSubscriptionDetailDeleteTest</td>
<td></td>
<td>0</td>
<td>com.arcapi.CompleteDataValidationNoPayloadTestcases.NotificationSubscriptionDetailDeleteTest@363ee3a2</td></tr>
<tr>
<td title='com.arcapi.CompleteDataValidationNoPayloadTestcases.SubmitReviewPOSTAPITest.end()'><b>end</b><br>Test class: com.arcapi.CompleteDataValidationNoPayloadTestcases.SubmitReviewPOSTAPITest</td>
<td></td>
<td>0</td>
<td>com.arcapi.CompleteDataValidationNoPayloadTestcases.SubmitReviewPOSTAPITest@4690b489</td></tr>
<tr>
<td title='com.arcapi.CompleteDataValidationNoPayloadTestcases.NotificationCreatePOSTAPITest.end()'><b>end</b><br>Test class: com.arcapi.CompleteDataValidationNoPayloadTestcases.NotificationCreatePOSTAPITest</td>
<td></td>
<td>0</td>
<td>com.arcapi.CompleteDataValidationNoPayloadTestcases.NotificationCreatePOSTAPITest@79b06cab</td></tr>
<tr>
<td title='com.arcapi.CompleteDataValidationNoPayloadTestcases.NotificationDeleteAPITest.end()'><b>end</b><br>Test class: com.arcapi.CompleteDataValidationNoPayloadTestcases.NotificationDeleteAPITest</td>
<td></td>
<td>0</td>
<td>com.arcapi.CompleteDataValidationNoPayloadTestcases.NotificationDeleteAPITest@3eb7fc54</td></tr>
<tr>
<td title='com.arcapi.CompleteDataValidationNoPayloadTestcases.FeedbackSubmitPostAPITest.end()'><b>end</b><br>Test class: com.arcapi.CompleteDataValidationNoPayloadTestcases.FeedbackSubmitPostAPITest</td>
<td></td>
<td>0</td>
<td>com.arcapi.CompleteDataValidationNoPayloadTestcases.FeedbackSubmitPostAPITest@7f552bd3</td></tr>
<tr>
<td title='com.arcapi.CompleteDataValidationNoPayloadTestcases.AssetPerformanceScorePostAPITest.end()'><b>end</b><br>Test class: com.arcapi.CompleteDataValidationNoPayloadTestcases.AssetPerformanceScorePostAPITest</td>
<td></td>
<td>0</td>
<td>com.arcapi.CompleteDataValidationNoPayloadTestcases.AssetPerformanceScorePostAPITest@3c22fc4c</td></tr>
<tr>
<td title='com.arcapi.CompleteDataValidationNoPayloadTestcases.AnalysisDataSubmitPOSTAPITest.end()'><b>end</b><br>Test class: com.arcapi.CompleteDataValidationNoPayloadTestcases.AnalysisDataSubmitPOSTAPITest</td>
<td></td>
<td>0</td>
<td>com.arcapi.CompleteDataValidationNoPayloadTestcases.AnalysisDataSubmitPOSTAPITest@460d0a57</td></tr>
<tr>
<td title='com.arcapi.CompleteDataValidationNoPayloadTestcases.AssetCertificationPOSTAPITest.end()'><b>end</b><br>Test class: com.arcapi.CompleteDataValidationNoPayloadTestcases.AssetCertificationPOSTAPITest</td>
<td></td>
<td>0</td>
<td>com.arcapi.CompleteDataValidationNoPayloadTestcases.AssetCertificationPOSTAPITest@47d90b9e</td></tr>
</table><p>
<table width='100%' border='1' class='invocation-skipped'>
<tr><td colspan='4' align='center'><b>SKIPPED TESTS</b></td></tr>
<tr><td><b>Test method</b></td>
<td width="30%"><b>Exception</b></td>
<td width="10%"><b>Time (seconds)</b></td>
<td><b>Instance</b></td>
</tr>
<tr>
<td title='com.arcapi.CompleteDataValidationNoPayloadTestcases.AnalysisDataSubmitPOSTAPITest.AnalysisDataSubmitPOSTAPI()'><b>AnalysisDataSubmitPOSTAPI</b><br>Test class: com.arcapi.CompleteDataValidationNoPayloadTestcases.AnalysisDataSubmitPOSTAPITest</td>
<td><div><pre>org.testng.TestNGException: 
Parameter &apos;SheetName&apos; is required by @Test on method AnalysisDataSubmitPOSTAPI but has not been marked @Optional or defined
in D:\worksapceNew\TestArcAPI\src\main\resources\TestNGFiles\CompleteDataValidationNoPayloadTestng.xml
... Removed 23 stack frames</pre></div><a href='#' onClick='toggleBox("stack-trace373197129", this, "Click to show all stack frames", "Click to hide stack frames")'>Click to show all stack frames</a>
<div class='stack-trace' id='stack-trace373197129'><pre>org.testng.TestNGException: 
Parameter &apos;SheetName&apos; is required by @Test on method AnalysisDataSubmitPOSTAPI but has not been marked @Optional or defined
in D:\worksapceNew\TestArcAPI\src\main\resources\TestNGFiles\CompleteDataValidationNoPayloadTestng.xml
	at org.testng.internal.Parameters.createParameters(Parameters.java:154)
	at org.testng.internal.Parameters.createParameters(Parameters.java:361)
	at org.testng.internal.Parameters.handleParameters(Parameters.java:451)
	at org.testng.internal.Invoker.handleParameters(Invoker.java:1274)
	at org.testng.internal.Invoker.createParameters(Invoker.java:989)
	at org.testng.internal.Invoker.invokeTestMethods(Invoker.java:1079)
	at org.testng.internal.TestMethodWorker.invokeTestMethods(TestMethodWorker.java:129)
	at org.testng.internal.TestMethodWorker.run(TestMethodWorker.java:112)
	at org.testng.TestRunner.privateRun(TestRunner.java:782)
	at org.testng.TestRunner.run(TestRunner.java:632)
	at org.testng.SuiteRunner.runTest(SuiteRunner.java:366)
	at org.testng.SuiteRunner.runSequentially(SuiteRunner.java:361)
	at org.testng.SuiteRunner.privateRun(SuiteRunner.java:319)
	at org.testng.SuiteRunner.run(SuiteRunner.java:268)
	at org.testng.SuiteRunnerWorker.runSuite(SuiteRunnerWorker.java:52)
	at org.testng.SuiteRunnerWorker.run(SuiteRunnerWorker.java:86)
	at org.testng.TestNG.runSuitesSequentially(TestNG.java:1244)
	at org.testng.TestNG.runSuitesSequentially(TestNG.java:1240)
	at org.testng.TestNG.runSuitesLocally(TestNG.java:1169)
	at org.testng.TestNG.run(TestNG.java:1064)
	at org.testng.remote.RemoteTestNG.run(RemoteTestNG.java:113)
	at org.testng.remote.RemoteTestNG.initAndRun(RemoteTestNG.java:206)
	at org.testng.remote.RemoteTestNG.main(RemoteTestNG.java:177)
</pre></div></td>
<td>0</td>
<td>com.arcapi.CompleteDataValidationNoPayloadTestcases.AnalysisDataSubmitPOSTAPITest@460d0a57</td></tr>
<tr>
<td title='com.arcapi.CompleteDataValidationNoPayloadTestcases.AssetAppaddPOSTAPITest.AssetAppaddPOSTAPI()'><b>AssetAppaddPOSTAPI</b><br>Test class: com.arcapi.CompleteDataValidationNoPayloadTestcases.AssetAppaddPOSTAPITest</td>
<td><div><pre>org.testng.TestNGException: 
Parameter &apos;SheetName&apos; is required by @Test on method AssetAppaddPOSTAPI but has not been marked @Optional or defined
in D:\worksapceNew\TestArcAPI\src\main\resources\TestNGFiles\CompleteDataValidationNoPayloadTestng.xml
... Removed 23 stack frames</pre></div><a href='#' onClick='toggleBox("stack-trace1022713356", this, "Click to show all stack frames", "Click to hide stack frames")'>Click to show all stack frames</a>
<div class='stack-trace' id='stack-trace1022713356'><pre>org.testng.TestNGException: 
Parameter &apos;SheetName&apos; is required by @Test on method AssetAppaddPOSTAPI but has not been marked @Optional or defined
in D:\worksapceNew\TestArcAPI\src\main\resources\TestNGFiles\CompleteDataValidationNoPayloadTestng.xml
	at org.testng.internal.Parameters.createParameters(Parameters.java:154)
	at org.testng.internal.Parameters.createParameters(Parameters.java:361)
	at org.testng.internal.Parameters.handleParameters(Parameters.java:451)
	at org.testng.internal.Invoker.handleParameters(Invoker.java:1274)
	at org.testng.internal.Invoker.createParameters(Invoker.java:989)
	at org.testng.internal.Invoker.invokeTestMethods(Invoker.java:1079)
	at org.testng.internal.TestMethodWorker.invokeTestMethods(TestMethodWorker.java:129)
	at org.testng.internal.TestMethodWorker.run(TestMethodWorker.java:112)
	at org.testng.TestRunner.privateRun(TestRunner.java:782)
	at org.testng.TestRunner.run(TestRunner.java:632)
	at org.testng.SuiteRunner.runTest(SuiteRunner.java:366)
	at org.testng.SuiteRunner.runSequentially(SuiteRunner.java:361)
	at org.testng.SuiteRunner.privateRun(SuiteRunner.java:319)
	at org.testng.SuiteRunner.run(SuiteRunner.java:268)
	at org.testng.SuiteRunnerWorker.runSuite(SuiteRunnerWorker.java:52)
	at org.testng.SuiteRunnerWorker.run(SuiteRunnerWorker.java:86)
	at org.testng.TestNG.runSuitesSequentially(TestNG.java:1244)
	at org.testng.TestNG.runSuitesSequentially(TestNG.java:1240)
	at org.testng.TestNG.runSuitesLocally(TestNG.java:1169)
	at org.testng.TestNG.run(TestNG.java:1064)
	at org.testng.remote.RemoteTestNG.run(RemoteTestNG.java:113)
	at org.testng.remote.RemoteTestNG.initAndRun(RemoteTestNG.java:206)
	at org.testng.remote.RemoteTestNG.main(RemoteTestNG.java:177)
</pre></div></td>
<td>0</td>
<td>com.arcapi.CompleteDataValidationNoPayloadTestcases.AssetAppaddPOSTAPITest@5c909414</td></tr>
<tr>
<td title='com.arcapi.CompleteDataValidationNoPayloadTestcases.AssetCertificationPOSTAPITest.AssetCertificationPOSTAPI()'><b>AssetCertificationPOSTAPI</b><br>Test class: com.arcapi.CompleteDataValidationNoPayloadTestcases.AssetCertificationPOSTAPITest</td>
<td><div><pre>org.testng.TestNGException: 
Parameter &apos;SheetName&apos; is required by @Test on method AssetCertificationPOSTAPI but has not been marked @Optional or defined
in D:\worksapceNew\TestArcAPI\src\main\resources\TestNGFiles\CompleteDataValidationNoPayloadTestng.xml
... Removed 23 stack frames</pre></div><a href='#' onClick='toggleBox("stack-trace1994834032", this, "Click to show all stack frames", "Click to hide stack frames")'>Click to show all stack frames</a>
<div class='stack-trace' id='stack-trace1994834032'><pre>org.testng.TestNGException: 
Parameter &apos;SheetName&apos; is required by @Test on method AssetCertificationPOSTAPI but has not been marked @Optional or defined
in D:\worksapceNew\TestArcAPI\src\main\resources\TestNGFiles\CompleteDataValidationNoPayloadTestng.xml
	at org.testng.internal.Parameters.createParameters(Parameters.java:154)
	at org.testng.internal.Parameters.createParameters(Parameters.java:361)
	at org.testng.internal.Parameters.handleParameters(Parameters.java:451)
	at org.testng.internal.Invoker.handleParameters(Invoker.java:1274)
	at org.testng.internal.Invoker.createParameters(Invoker.java:989)
	at org.testng.internal.Invoker.invokeTestMethods(Invoker.java:1079)
	at org.testng.internal.TestMethodWorker.invokeTestMethods(TestMethodWorker.java:129)
	at org.testng.internal.TestMethodWorker.run(TestMethodWorker.java:112)
	at org.testng.TestRunner.privateRun(TestRunner.java:782)
	at org.testng.TestRunner.run(TestRunner.java:632)
	at org.testng.SuiteRunner.runTest(SuiteRunner.java:366)
	at org.testng.SuiteRunner.runSequentially(SuiteRunner.java:361)
	at org.testng.SuiteRunner.privateRun(SuiteRunner.java:319)
	at org.testng.SuiteRunner.run(SuiteRunner.java:268)
	at org.testng.SuiteRunnerWorker.runSuite(SuiteRunnerWorker.java:52)
	at org.testng.SuiteRunnerWorker.run(SuiteRunnerWorker.java:86)
	at org.testng.TestNG.runSuitesSequentially(TestNG.java:1244)
	at org.testng.TestNG.runSuitesSequentially(TestNG.java:1240)
	at org.testng.TestNG.runSuitesLocally(TestNG.java:1169)
	at org.testng.TestNG.run(TestNG.java:1064)
	at org.testng.remote.RemoteTestNG.run(RemoteTestNG.java:113)
	at org.testng.remote.RemoteTestNG.initAndRun(RemoteTestNG.java:206)
	at org.testng.remote.RemoteTestNG.main(RemoteTestNG.java:177)
</pre></div></td>
<td>0</td>
<td>com.arcapi.CompleteDataValidationNoPayloadTestcases.AssetCertificationPOSTAPITest@47d90b9e</td></tr>
<tr>
<td title='com.arcapi.CompleteDataValidationNoPayloadTestcases.AssetNotificationSubscriptionPostTest.AssetNotificationSubscriptionPost()'><b>AssetNotificationSubscriptionPost</b><br>Test class: com.arcapi.CompleteDataValidationNoPayloadTestcases.AssetNotificationSubscriptionPostTest</td>
<td><div><pre>org.testng.TestNGException: 
Parameter &apos;SheetName&apos; is required by @Test on method AssetNotificationSubscriptionPost but has not been marked @Optional or defined
in D:\worksapceNew\TestArcAPI\src\main\resources\TestNGFiles\CompleteDataValidationNoPayloadTestng.xml
... Removed 23 stack frames</pre></div><a href='#' onClick='toggleBox("stack-trace1375633173", this, "Click to show all stack frames", "Click to hide stack frames")'>Click to show all stack frames</a>
<div class='stack-trace' id='stack-trace1375633173'><pre>org.testng.TestNGException: 
Parameter &apos;SheetName&apos; is required by @Test on method AssetNotificationSubscriptionPost but has not been marked @Optional or defined
in D:\worksapceNew\TestArcAPI\src\main\resources\TestNGFiles\CompleteDataValidationNoPayloadTestng.xml
	at org.testng.internal.Parameters.createParameters(Parameters.java:154)
	at org.testng.internal.Parameters.createParameters(Parameters.java:361)
	at org.testng.internal.Parameters.handleParameters(Parameters.java:451)
	at org.testng.internal.Invoker.handleParameters(Invoker.java:1274)
	at org.testng.internal.Invoker.createParameters(Invoker.java:989)
	at org.testng.internal.Invoker.invokeTestMethods(Invoker.java:1079)
	at org.testng.internal.TestMethodWorker.invokeTestMethods(TestMethodWorker.java:129)
	at org.testng.internal.TestMethodWorker.run(TestMethodWorker.java:112)
	at org.testng.TestRunner.privateRun(TestRunner.java:782)
	at org.testng.TestRunner.run(TestRunner.java:632)
	at org.testng.SuiteRunner.runTest(SuiteRunner.java:366)
	at org.testng.SuiteRunner.runSequentially(SuiteRunner.java:361)
	at org.testng.SuiteRunner.privateRun(SuiteRunner.java:319)
	at org.testng.SuiteRunner.run(SuiteRunner.java:268)
	at org.testng.SuiteRunnerWorker.runSuite(SuiteRunnerWorker.java:52)
	at org.testng.SuiteRunnerWorker.run(SuiteRunnerWorker.java:86)
	at org.testng.TestNG.runSuitesSequentially(TestNG.java:1244)
	at org.testng.TestNG.runSuitesSequentially(TestNG.java:1240)
	at org.testng.TestNG.runSuitesLocally(TestNG.java:1169)
	at org.testng.TestNG.run(TestNG.java:1064)
	at org.testng.remote.RemoteTestNG.run(RemoteTestNG.java:113)
	at org.testng.remote.RemoteTestNG.initAndRun(RemoteTestNG.java:206)
	at org.testng.remote.RemoteTestNG.main(RemoteTestNG.java:177)
</pre></div></td>
<td>0</td>
<td>com.arcapi.CompleteDataValidationNoPayloadTestcases.AssetNotificationSubscriptionPostTest@2ea227af</td></tr>
<tr>
<td title='com.arcapi.CompleteDataValidationNoPayloadTestcases.AssetOwnerOrgPOSTAPITest.AssetOwnerOrgPOSTAPI()'><b>AssetOwnerOrgPOSTAPI</b><br>Test class: com.arcapi.CompleteDataValidationNoPayloadTestcases.AssetOwnerOrgPOSTAPITest</td>
<td></td>
<td>0</td>
<td>com.arcapi.CompleteDataValidationNoPayloadTestcases.AssetOwnerOrgPOSTAPITest@670002</td></tr>
<tr>
<td title='com.arcapi.CompleteDataValidationNoPayloadTestcases.AssetPerformanceScorePostAPITest.AssetPerformanceScorePostAPI()'><b>AssetPerformanceScorePostAPI</b><br>Test class: com.arcapi.CompleteDataValidationNoPayloadTestcases.AssetPerformanceScorePostAPITest</td>
<td><div><pre>org.testng.TestNGException: 
Parameter &apos;SheetName&apos; is required by @Test on method AssetPerformanceScorePostAPI but has not been marked @Optional or defined
in D:\worksapceNew\TestArcAPI\src\main\resources\TestNGFiles\CompleteDataValidationNoPayloadTestng.xml
... Removed 23 stack frames</pre></div><a href='#' onClick='toggleBox("stack-trace2040301400", this, "Click to show all stack frames", "Click to hide stack frames")'>Click to show all stack frames</a>
<div class='stack-trace' id='stack-trace2040301400'><pre>org.testng.TestNGException: 
Parameter &apos;SheetName&apos; is required by @Test on method AssetPerformanceScorePostAPI but has not been marked @Optional or defined
in D:\worksapceNew\TestArcAPI\src\main\resources\TestNGFiles\CompleteDataValidationNoPayloadTestng.xml
	at org.testng.internal.Parameters.createParameters(Parameters.java:154)
	at org.testng.internal.Parameters.createParameters(Parameters.java:361)
	at org.testng.internal.Parameters.handleParameters(Parameters.java:451)
	at org.testng.internal.Invoker.handleParameters(Invoker.java:1274)
	at org.testng.internal.Invoker.createParameters(Invoker.java:989)
	at org.testng.internal.Invoker.invokeTestMethods(Invoker.java:1079)
	at org.testng.internal.TestMethodWorker.invokeTestMethods(TestMethodWorker.java:129)
	at org.testng.internal.TestMethodWorker.run(TestMethodWorker.java:112)
	at org.testng.TestRunner.privateRun(TestRunner.java:782)
	at org.testng.TestRunner.run(TestRunner.java:632)
	at org.testng.SuiteRunner.runTest(SuiteRunner.java:366)
	at org.testng.SuiteRunner.runSequentially(SuiteRunner.java:361)
	at org.testng.SuiteRunner.privateRun(SuiteRunner.java:319)
	at org.testng.SuiteRunner.run(SuiteRunner.java:268)
	at org.testng.SuiteRunnerWorker.runSuite(SuiteRunnerWorker.java:52)
	at org.testng.SuiteRunnerWorker.run(SuiteRunnerWorker.java:86)
	at org.testng.TestNG.runSuitesSequentially(TestNG.java:1244)
	at org.testng.TestNG.runSuitesSequentially(TestNG.java:1240)
	at org.testng.TestNG.runSuitesLocally(TestNG.java:1169)
	at org.testng.TestNG.run(TestNG.java:1064)
	at org.testng.remote.RemoteTestNG.run(RemoteTestNG.java:113)
	at org.testng.remote.RemoteTestNG.initAndRun(RemoteTestNG.java:206)
	at org.testng.remote.RemoteTestNG.main(RemoteTestNG.java:177)
</pre></div></td>
<td>0</td>
<td>com.arcapi.CompleteDataValidationNoPayloadTestcases.AssetPerformanceScorePostAPITest@3c22fc4c</td></tr>
<tr>
<td title='com.arcapi.CompleteDataValidationNoPayloadTestcases.AssetTeamMemberAddPOSTAPITest.AssetTeamMemberAddPOSTAPI()'><b>AssetTeamMemberAddPOSTAPI</b><br>Test class: com.arcapi.CompleteDataValidationNoPayloadTestcases.AssetTeamMemberAddPOSTAPITest</td>
<td><div><pre>org.testng.TestNGException: 
Parameter &apos;SheetName&apos; is required by @Test on method AssetTeamMemberAddPOSTAPI but has not been marked @Optional or defined
in D:\worksapceNew\TestArcAPI\src\main\resources\TestNGFiles\CompleteDataValidationNoPayloadTestng.xml
... Removed 23 stack frames</pre></div><a href='#' onClick='toggleBox("stack-trace299989139", this, "Click to show all stack frames", "Click to hide stack frames")'>Click to show all stack frames</a>
<div class='stack-trace' id='stack-trace299989139'><pre>org.testng.TestNGException: 
Parameter &apos;SheetName&apos; is required by @Test on method AssetTeamMemberAddPOSTAPI but has not been marked @Optional or defined
in D:\worksapceNew\TestArcAPI\src\main\resources\TestNGFiles\CompleteDataValidationNoPayloadTestng.xml
	at org.testng.internal.Parameters.createParameters(Parameters.java:154)
	at org.testng.internal.Parameters.createParameters(Parameters.java:361)
	at org.testng.internal.Parameters.handleParameters(Parameters.java:451)
	at org.testng.internal.Invoker.handleParameters(Invoker.java:1274)
	at org.testng.internal.Invoker.createParameters(Invoker.java:989)
	at org.testng.internal.Invoker.invokeTestMethods(Invoker.java:1079)
	at org.testng.internal.TestMethodWorker.invokeTestMethods(TestMethodWorker.java:129)
	at org.testng.internal.TestMethodWorker.run(TestMethodWorker.java:112)
	at org.testng.TestRunner.privateRun(TestRunner.java:782)
	at org.testng.TestRunner.run(TestRunner.java:632)
	at org.testng.SuiteRunner.runTest(SuiteRunner.java:366)
	at org.testng.SuiteRunner.runSequentially(SuiteRunner.java:361)
	at org.testng.SuiteRunner.privateRun(SuiteRunner.java:319)
	at org.testng.SuiteRunner.run(SuiteRunner.java:268)
	at org.testng.SuiteRunnerWorker.runSuite(SuiteRunnerWorker.java:52)
	at org.testng.SuiteRunnerWorker.run(SuiteRunnerWorker.java:86)
	at org.testng.TestNG.runSuitesSequentially(TestNG.java:1244)
	at org.testng.TestNG.runSuitesSequentially(TestNG.java:1240)
	at org.testng.TestNG.runSuitesLocally(TestNG.java:1169)
	at org.testng.TestNG.run(TestNG.java:1064)
	at org.testng.remote.RemoteTestNG.run(RemoteTestNG.java:113)
	at org.testng.remote.RemoteTestNG.initAndRun(RemoteTestNG.java:206)
	at org.testng.remote.RemoteTestNG.main(RemoteTestNG.java:177)
</pre></div></td>
<td>0</td>
<td>com.arcapi.CompleteDataValidationNoPayloadTestcases.AssetTeamMemberAddPOSTAPITest@7adda9cc</td></tr>
<tr>
<td title='com.arcapi.CompleteDataValidationNoPayloadTestcases.AssetTeamMemberRemoveAPITest.AssetTeamMemberRemoveAPI()'><b>AssetTeamMemberRemoveAPI</b><br>Test class: com.arcapi.CompleteDataValidationNoPayloadTestcases.AssetTeamMemberRemoveAPITest</td>
<td><div><pre>org.testng.TestNGException: 
Parameter &apos;SheetName&apos; is required by @Test on method AssetTeamMemberRemoveAPI but has not been marked @Optional or defined
in D:\worksapceNew\TestArcAPI\src\main\resources\TestNGFiles\CompleteDataValidationNoPayloadTestng.xml
... Removed 23 stack frames</pre></div><a href='#' onClick='toggleBox("stack-trace1914435501", this, "Click to show all stack frames", "Click to hide stack frames")'>Click to show all stack frames</a>
<div class='stack-trace' id='stack-trace1914435501'><pre>org.testng.TestNGException: 
Parameter &apos;SheetName&apos; is required by @Test on method AssetTeamMemberRemoveAPI but has not been marked @Optional or defined
in D:\worksapceNew\TestArcAPI\src\main\resources\TestNGFiles\CompleteDataValidationNoPayloadTestng.xml
	at org.testng.internal.Parameters.createParameters(Parameters.java:154)
	at org.testng.internal.Parameters.createParameters(Parameters.java:361)
	at org.testng.internal.Parameters.handleParameters(Parameters.java:451)
	at org.testng.internal.Invoker.handleParameters(Invoker.java:1274)
	at org.testng.internal.Invoker.createParameters(Invoker.java:989)
	at org.testng.internal.Invoker.invokeTestMethods(Invoker.java:1079)
	at org.testng.internal.TestMethodWorker.invokeTestMethods(TestMethodWorker.java:129)
	at org.testng.internal.TestMethodWorker.run(TestMethodWorker.java:112)
	at org.testng.TestRunner.privateRun(TestRunner.java:782)
	at org.testng.TestRunner.run(TestRunner.java:632)
	at org.testng.SuiteRunner.runTest(SuiteRunner.java:366)
	at org.testng.SuiteRunner.runSequentially(SuiteRunner.java:361)
	at org.testng.SuiteRunner.privateRun(SuiteRunner.java:319)
	at org.testng.SuiteRunner.run(SuiteRunner.java:268)
	at org.testng.SuiteRunnerWorker.runSuite(SuiteRunnerWorker.java:52)
	at org.testng.SuiteRunnerWorker.run(SuiteRunnerWorker.java:86)
	at org.testng.TestNG.runSuitesSequentially(TestNG.java:1244)
	at org.testng.TestNG.runSuitesSequentially(TestNG.java:1240)
	at org.testng.TestNG.runSuitesLocally(TestNG.java:1169)
	at org.testng.TestNG.run(TestNG.java:1064)
	at org.testng.remote.RemoteTestNG.run(RemoteTestNG.java:113)
	at org.testng.remote.RemoteTestNG.initAndRun(RemoteTestNG.java:206)
	at org.testng.remote.RemoteTestNG.main(RemoteTestNG.java:177)
</pre></div></td>
<td>0</td>
<td>com.arcapi.CompleteDataValidationNoPayloadTestcases.AssetTeamMemberRemoveAPITest@433d61fb</td></tr>
<tr>
<td title='com.arcapi.CompleteDataValidationNoPayloadTestcases.AssetTeamMemberUpdateAPITest.AssetTeamMemberUpdateAPI()'><b>AssetTeamMemberUpdateAPI</b><br>Test class: com.arcapi.CompleteDataValidationNoPayloadTestcases.AssetTeamMemberUpdateAPITest</td>
<td><div><pre>org.testng.TestNGException: 
Parameter &apos;SheetName&apos; is required by @Test on method AssetTeamMemberUpdateAPI but has not been marked @Optional or defined
in D:\worksapceNew\TestArcAPI\src\main\resources\TestNGFiles\CompleteDataValidationNoPayloadTestng.xml
... Removed 23 stack frames</pre></div><a href='#' onClick='toggleBox("stack-trace2000603780", this, "Click to show all stack frames", "Click to hide stack frames")'>Click to show all stack frames</a>
<div class='stack-trace' id='stack-trace2000603780'><pre>org.testng.TestNGException: 
Parameter &apos;SheetName&apos; is required by @Test on method AssetTeamMemberUpdateAPI but has not been marked @Optional or defined
in D:\worksapceNew\TestArcAPI\src\main\resources\TestNGFiles\CompleteDataValidationNoPayloadTestng.xml
	at org.testng.internal.Parameters.createParameters(Parameters.java:154)
	at org.testng.internal.Parameters.createParameters(Parameters.java:361)
	at org.testng.internal.Parameters.handleParameters(Parameters.java:451)
	at org.testng.internal.Invoker.handleParameters(Invoker.java:1274)
	at org.testng.internal.Invoker.createParameters(Invoker.java:989)
	at org.testng.internal.Invoker.invokeTestMethods(Invoker.java:1079)
	at org.testng.internal.TestMethodWorker.invokeTestMethods(TestMethodWorker.java:129)
	at org.testng.internal.TestMethodWorker.run(TestMethodWorker.java:112)
	at org.testng.TestRunner.privateRun(TestRunner.java:782)
	at org.testng.TestRunner.run(TestRunner.java:632)
	at org.testng.SuiteRunner.runTest(SuiteRunner.java:366)
	at org.testng.SuiteRunner.runSequentially(SuiteRunner.java:361)
	at org.testng.SuiteRunner.privateRun(SuiteRunner.java:319)
	at org.testng.SuiteRunner.run(SuiteRunner.java:268)
	at org.testng.SuiteRunnerWorker.runSuite(SuiteRunnerWorker.java:52)
	at org.testng.SuiteRunnerWorker.run(SuiteRunnerWorker.java:86)
	at org.testng.TestNG.runSuitesSequentially(TestNG.java:1244)
	at org.testng.TestNG.runSuitesSequentially(TestNG.java:1240)
	at org.testng.TestNG.runSuitesLocally(TestNG.java:1169)
	at org.testng.TestNG.run(TestNG.java:1064)
	at org.testng.remote.RemoteTestNG.run(RemoteTestNG.java:113)
	at org.testng.remote.RemoteTestNG.initAndRun(RemoteTestNG.java:206)
	at org.testng.remote.RemoteTestNG.main(RemoteTestNG.java:177)
</pre></div></td>
<td>0</td>
<td>com.arcapi.CompleteDataValidationNoPayloadTestcases.AssetTeamMemberUpdateAPITest@5cee5251</td></tr>
<tr>
<td title='com.arcapi.CompleteDataValidationNoPayloadTestcases.AssetTeamPermissionPostAPITest.AssetTeamPermissionPostAPI()'><b>AssetTeamPermissionPostAPI</b><br>Test class: com.arcapi.CompleteDataValidationNoPayloadTestcases.AssetTeamPermissionPostAPITest</td>
<td><div><pre>org.testng.TestNGException: 
Parameter &apos;SheetName&apos; is required by @Test on method AssetTeamPermissionPostAPI but has not been marked @Optional or defined
in D:\worksapceNew\TestArcAPI\src\main\resources\TestNGFiles\CompleteDataValidationNoPayloadTestng.xml
... Removed 23 stack frames</pre></div><a href='#' onClick='toggleBox("stack-trace1438977874", this, "Click to show all stack frames", "Click to hide stack frames")'>Click to show all stack frames</a>
<div class='stack-trace' id='stack-trace1438977874'><pre>org.testng.TestNGException: 
Parameter &apos;SheetName&apos; is required by @Test on method AssetTeamPermissionPostAPI but has not been marked @Optional or defined
in D:\worksapceNew\TestArcAPI\src\main\resources\TestNGFiles\CompleteDataValidationNoPayloadTestng.xml
	at org.testng.internal.Parameters.createParameters(Parameters.java:154)
	at org.testng.internal.Parameters.createParameters(Parameters.java:361)
	at org.testng.internal.Parameters.handleParameters(Parameters.java:451)
	at org.testng.internal.Invoker.handleParameters(Invoker.java:1274)
	at org.testng.internal.Invoker.createParameters(Invoker.java:989)
	at org.testng.internal.Invoker.invokeTestMethods(Invoker.java:1079)
	at org.testng.internal.TestMethodWorker.invokeTestMethods(TestMethodWorker.java:129)
	at org.testng.internal.TestMethodWorker.run(TestMethodWorker.java:112)
	at org.testng.TestRunner.privateRun(TestRunner.java:782)
	at org.testng.TestRunner.run(TestRunner.java:632)
	at org.testng.SuiteRunner.runTest(SuiteRunner.java:366)
	at org.testng.SuiteRunner.runSequentially(SuiteRunner.java:361)
	at org.testng.SuiteRunner.privateRun(SuiteRunner.java:319)
	at org.testng.SuiteRunner.run(SuiteRunner.java:268)
	at org.testng.SuiteRunnerWorker.runSuite(SuiteRunnerWorker.java:52)
	at org.testng.SuiteRunnerWorker.run(SuiteRunnerWorker.java:86)
	at org.testng.TestNG.runSuitesSequentially(TestNG.java:1244)
	at org.testng.TestNG.runSuitesSequentially(TestNG.java:1240)
	at org.testng.TestNG.runSuitesLocally(TestNG.java:1169)
	at org.testng.TestNG.run(TestNG.java:1064)
	at org.testng.remote.RemoteTestNG.run(RemoteTestNG.java:113)
	at org.testng.remote.RemoteTestNG.initAndRun(RemoteTestNG.java:206)
	at org.testng.remote.RemoteTestNG.main(RemoteTestNG.java:177)
</pre></div></td>
<td>0</td>
<td>com.arcapi.CompleteDataValidationNoPayloadTestcases.AssetTeamPermissionPostAPITest@1534f01b</td></tr>
<tr>
<td title='com.arcapi.CompleteDataValidationNoPayloadTestcases.AssetTeamPermissionPutAPITest.AssetTeamPermissionPutAPI()'><b>AssetTeamPermissionPutAPI</b><br>Test class: com.arcapi.CompleteDataValidationNoPayloadTestcases.AssetTeamPermissionPutAPITest</td>
<td><div><pre>org.testng.TestNGException: 
Parameter &apos;SheetName&apos; is required by @Test on method AssetTeamPermissionPutAPI but has not been marked @Optional or defined
in D:\worksapceNew\TestArcAPI\src\main\resources\TestNGFiles\CompleteDataValidationNoPayloadTestng.xml
... Removed 23 stack frames</pre></div><a href='#' onClick='toggleBox("stack-trace178737851", this, "Click to show all stack frames", "Click to hide stack frames")'>Click to show all stack frames</a>
<div class='stack-trace' id='stack-trace178737851'><pre>org.testng.TestNGException: 
Parameter &apos;SheetName&apos; is required by @Test on method AssetTeamPermissionPutAPI but has not been marked @Optional or defined
in D:\worksapceNew\TestArcAPI\src\main\resources\TestNGFiles\CompleteDataValidationNoPayloadTestng.xml
	at org.testng.internal.Parameters.createParameters(Parameters.java:154)
	at org.testng.internal.Parameters.createParameters(Parameters.java:361)
	at org.testng.internal.Parameters.handleParameters(Parameters.java:451)
	at org.testng.internal.Invoker.handleParameters(Invoker.java:1274)
	at org.testng.internal.Invoker.createParameters(Invoker.java:989)
	at org.testng.internal.Invoker.invokeTestMethods(Invoker.java:1079)
	at org.testng.internal.TestMethodWorker.invokeTestMethods(TestMethodWorker.java:129)
	at org.testng.internal.TestMethodWorker.run(TestMethodWorker.java:112)
	at org.testng.TestRunner.privateRun(TestRunner.java:782)
	at org.testng.TestRunner.run(TestRunner.java:632)
	at org.testng.SuiteRunner.runTest(SuiteRunner.java:366)
	at org.testng.SuiteRunner.runSequentially(SuiteRunner.java:361)
	at org.testng.SuiteRunner.privateRun(SuiteRunner.java:319)
	at org.testng.SuiteRunner.run(SuiteRunner.java:268)
	at org.testng.SuiteRunnerWorker.runSuite(SuiteRunnerWorker.java:52)
	at org.testng.SuiteRunnerWorker.run(SuiteRunnerWorker.java:86)
	at org.testng.TestNG.runSuitesSequentially(TestNG.java:1244)
	at org.testng.TestNG.runSuitesSequentially(TestNG.java:1240)
	at org.testng.TestNG.runSuitesLocally(TestNG.java:1169)
	at org.testng.TestNG.run(TestNG.java:1064)
	at org.testng.remote.RemoteTestNG.run(RemoteTestNG.java:113)
	at org.testng.remote.RemoteTestNG.initAndRun(RemoteTestNG.java:206)
	at org.testng.remote.RemoteTestNG.main(RemoteTestNG.java:177)
</pre></div></td>
<td>0</td>
<td>com.arcapi.CompleteDataValidationNoPayloadTestcases.AssetTeamPermissionPutAPITest@78e117e3</td></tr>
<tr>
<td title='com.arcapi.CompleteDataValidationNoPayloadTestcases.AssetUpdateforNewAssetPUTAPITest.AssetUpdateforNewAssetPUTAPI()'><b>AssetUpdateforNewAssetPUTAPI</b><br>Test class: com.arcapi.CompleteDataValidationNoPayloadTestcases.AssetUpdateforNewAssetPUTAPITest</td>
<td><div><pre>org.testng.TestNGException: 
Parameter &apos;SheetName&apos; is required by @Test on method AssetUpdateforNewAssetPUTAPI but has not been marked @Optional or defined
in D:\worksapceNew\TestArcAPI\src\main\resources\TestNGFiles\CompleteDataValidationNoPayloadTestng.xml
... Removed 23 stack frames</pre></div><a href='#' onClick='toggleBox("stack-trace685438214", this, "Click to show all stack frames", "Click to hide stack frames")'>Click to show all stack frames</a>
<div class='stack-trace' id='stack-trace685438214'><pre>org.testng.TestNGException: 
Parameter &apos;SheetName&apos; is required by @Test on method AssetUpdateforNewAssetPUTAPI but has not been marked @Optional or defined
in D:\worksapceNew\TestArcAPI\src\main\resources\TestNGFiles\CompleteDataValidationNoPayloadTestng.xml
	at org.testng.internal.Parameters.createParameters(Parameters.java:154)
	at org.testng.internal.Parameters.createParameters(Parameters.java:361)
	at org.testng.internal.Parameters.handleParameters(Parameters.java:451)
	at org.testng.internal.Invoker.handleParameters(Invoker.java:1274)
	at org.testng.internal.Invoker.createParameters(Invoker.java:989)
	at org.testng.internal.Invoker.invokeTestMethods(Invoker.java:1079)
	at org.testng.internal.TestMethodWorker.invokeTestMethods(TestMethodWorker.java:129)
	at org.testng.internal.TestMethodWorker.run(TestMethodWorker.java:112)
	at org.testng.TestRunner.privateRun(TestRunner.java:782)
	at org.testng.TestRunner.run(TestRunner.java:632)
	at org.testng.SuiteRunner.runTest(SuiteRunner.java:366)
	at org.testng.SuiteRunner.runSequentially(SuiteRunner.java:361)
	at org.testng.SuiteRunner.privateRun(SuiteRunner.java:319)
	at org.testng.SuiteRunner.run(SuiteRunner.java:268)
	at org.testng.SuiteRunnerWorker.runSuite(SuiteRunnerWorker.java:52)
	at org.testng.SuiteRunnerWorker.run(SuiteRunnerWorker.java:86)
	at org.testng.TestNG.runSuitesSequentially(TestNG.java:1244)
	at org.testng.TestNG.runSuitesSequentially(TestNG.java:1240)
	at org.testng.TestNG.runSuitesLocally(TestNG.java:1169)
	at org.testng.TestNG.run(TestNG.java:1064)
	at org.testng.remote.RemoteTestNG.run(RemoteTestNG.java:113)
	at org.testng.remote.RemoteTestNG.initAndRun(RemoteTestNG.java:206)
	at org.testng.remote.RemoteTestNG.main(RemoteTestNG.java:177)
</pre></div></td>
<td>0</td>
<td>com.arcapi.CompleteDataValidationNoPayloadTestcases.AssetUpdateforNewAssetPUTAPITest@56528192</td></tr>
<tr>
<td title='com.arcapi.CompleteDataValidationNoPayloadTestcases.AssetValidationInfoPOSTAPITest.AssetValidationInfoPOSTAPI()'><b>AssetValidationInfoPOSTAPI</b><br>Test class: com.arcapi.CompleteDataValidationNoPayloadTestcases.AssetValidationInfoPOSTAPITest</td>
<td></td>
<td>0</td>
<td>com.arcapi.CompleteDataValidationNoPayloadTestcases.AssetValidationInfoPOSTAPITest@778d1062</td></tr>
<tr>
<td title='com.arcapi.Buildingtestcases.ConsumptionCreatePOSTAPITest.ConsumptionCreatePOSTAPI()'><b>ConsumptionCreatePOSTAPI</b><br>Test class: com.arcapi.Buildingtestcases.ConsumptionCreatePOSTAPITest</td>
<td><div><pre>org.testng.TestNGException: 
Parameter &apos;SheetName&apos; is required by @Test on method ConsumptionCreatePOSTAPI but has not been marked @Optional or defined
in D:\worksapceNew\TestArcAPI\src\main\resources\TestNGFiles\CompleteDataValidationNoPayloadTestng.xml
... Removed 23 stack frames</pre></div><a href='#' onClick='toggleBox("stack-trace803152631", this, "Click to show all stack frames", "Click to hide stack frames")'>Click to show all stack frames</a>
<div class='stack-trace' id='stack-trace803152631'><pre>org.testng.TestNGException: 
Parameter &apos;SheetName&apos; is required by @Test on method ConsumptionCreatePOSTAPI but has not been marked @Optional or defined
in D:\worksapceNew\TestArcAPI\src\main\resources\TestNGFiles\CompleteDataValidationNoPayloadTestng.xml
	at org.testng.internal.Parameters.createParameters(Parameters.java:154)
	at org.testng.internal.Parameters.createParameters(Parameters.java:361)
	at org.testng.internal.Parameters.handleParameters(Parameters.java:451)
	at org.testng.internal.Invoker.handleParameters(Invoker.java:1274)
	at org.testng.internal.Invoker.createParameters(Invoker.java:989)
	at org.testng.internal.Invoker.invokeTestMethods(Invoker.java:1079)
	at org.testng.internal.TestMethodWorker.invokeTestMethods(TestMethodWorker.java:129)
	at org.testng.internal.TestMethodWorker.run(TestMethodWorker.java:112)
	at org.testng.TestRunner.privateRun(TestRunner.java:782)
	at org.testng.TestRunner.run(TestRunner.java:632)
	at org.testng.SuiteRunner.runTest(SuiteRunner.java:366)
	at org.testng.SuiteRunner.runSequentially(SuiteRunner.java:361)
	at org.testng.SuiteRunner.privateRun(SuiteRunner.java:319)
	at org.testng.SuiteRunner.run(SuiteRunner.java:268)
	at org.testng.SuiteRunnerWorker.runSuite(SuiteRunnerWorker.java:52)
	at org.testng.SuiteRunnerWorker.run(SuiteRunnerWorker.java:86)
	at org.testng.TestNG.runSuitesSequentially(TestNG.java:1244)
	at org.testng.TestNG.runSuitesSequentially(TestNG.java:1240)
	at org.testng.TestNG.runSuitesLocally(TestNG.java:1169)
	at org.testng.TestNG.run(TestNG.java:1064)
	at org.testng.remote.RemoteTestNG.run(RemoteTestNG.java:113)
	at org.testng.remote.RemoteTestNG.initAndRun(RemoteTestNG.java:206)
	at org.testng.remote.RemoteTestNG.main(RemoteTestNG.java:177)
</pre></div></td>
<td>0</td>
<td>com.arcapi.Buildingtestcases.ConsumptionCreatePOSTAPITest@4b5a5ed1</td></tr>
<tr>
<td title='com.arcapi.CompleteDataValidationNoPayloadTestcases.ConsumptionUpdatePUTAPITest.ConsumptionUpdatePUTAPI()'><b>ConsumptionUpdatePUTAPI</b><br>Test class: com.arcapi.CompleteDataValidationNoPayloadTestcases.ConsumptionUpdatePUTAPITest</td>
<td><div><pre>org.testng.TestNGException: 
Parameter &apos;SheetName&apos; is required by @Test on method ConsumptionUpdatePUTAPI but has not been marked @Optional or defined
in D:\worksapceNew\TestArcAPI\src\main\resources\TestNGFiles\CompleteDataValidationNoPayloadTestng.xml
... Removed 23 stack frames</pre></div><a href='#' onClick='toggleBox("stack-trace1933965693", this, "Click to show all stack frames", "Click to hide stack frames")'>Click to show all stack frames</a>
<div class='stack-trace' id='stack-trace1933965693'><pre>org.testng.TestNGException: 
Parameter &apos;SheetName&apos; is required by @Test on method ConsumptionUpdatePUTAPI but has not been marked @Optional or defined
in D:\worksapceNew\TestArcAPI\src\main\resources\TestNGFiles\CompleteDataValidationNoPayloadTestng.xml
	at org.testng.internal.Parameters.createParameters(Parameters.java:154)
	at org.testng.internal.Parameters.createParameters(Parameters.java:361)
	at org.testng.internal.Parameters.handleParameters(Parameters.java:451)
	at org.testng.internal.Invoker.handleParameters(Invoker.java:1274)
	at org.testng.internal.Invoker.createParameters(Invoker.java:989)
	at org.testng.internal.Invoker.invokeTestMethods(Invoker.java:1079)
	at org.testng.internal.TestMethodWorker.invokeTestMethods(TestMethodWorker.java:129)
	at org.testng.internal.TestMethodWorker.run(TestMethodWorker.java:112)
	at org.testng.TestRunner.privateRun(TestRunner.java:782)
	at org.testng.TestRunner.run(TestRunner.java:632)
	at org.testng.SuiteRunner.runTest(SuiteRunner.java:366)
	at org.testng.SuiteRunner.runSequentially(SuiteRunner.java:361)
	at org.testng.SuiteRunner.privateRun(SuiteRunner.java:319)
	at org.testng.SuiteRunner.run(SuiteRunner.java:268)
	at org.testng.SuiteRunnerWorker.runSuite(SuiteRunnerWorker.java:52)
	at org.testng.SuiteRunnerWorker.run(SuiteRunnerWorker.java:86)
	at org.testng.TestNG.runSuitesSequentially(TestNG.java:1244)
	at org.testng.TestNG.runSuitesSequentially(TestNG.java:1240)
	at org.testng.TestNG.runSuitesLocally(TestNG.java:1169)
	at org.testng.TestNG.run(TestNG.java:1064)
	at org.testng.remote.RemoteTestNG.run(RemoteTestNG.java:113)
	at org.testng.remote.RemoteTestNG.initAndRun(RemoteTestNG.java:206)
	at org.testng.remote.RemoteTestNG.main(RemoteTestNG.java:177)
</pre></div></td>
<td>0</td>
<td>com.arcapi.CompleteDataValidationNoPayloadTestcases.ConsumptionUpdatePUTAPITest@59d016c9</td></tr>
<tr>
<td title='com.arcapi.Buildingtestcases.CreateAssetBuildingV3APITest.CreateAssetPOSTAPI()'><b>CreateAssetPOSTAPI</b><br>Test class: com.arcapi.Buildingtestcases.CreateAssetBuildingV3APITest<br>Parameters: building, ProjectIDBuildingNone, US, none, true</td>
<td></td>
<td>0</td>
<td>com.arcapi.Buildingtestcases.CreateAssetBuildingV3APITest@2b6faea6</td></tr>
<tr>
<td title='com.arcapi.CompleteDataValidationNoPayloadTestcases.CreateAssetPOSTAPITest.CreateAssetPOSTAPI()'><b>CreateAssetPOSTAPI</b><br>Test class: com.arcapi.CompleteDataValidationNoPayloadTestcases.CreateAssetPOSTAPITest</td>
<td><div><pre>org.testng.TestNGException: 
Parameter &apos;SheetName&apos; is required by @Test on method CreateAssetPOSTAPI but has not been marked @Optional or defined
in D:\worksapceNew\TestArcAPI\src\main\resources\TestNGFiles\CompleteDataValidationNoPayloadTestng.xml
... Removed 23 stack frames</pre></div><a href='#' onClick='toggleBox("stack-trace229483317", this, "Click to show all stack frames", "Click to hide stack frames")'>Click to show all stack frames</a>
<div class='stack-trace' id='stack-trace229483317'><pre>org.testng.TestNGException: 
Parameter &apos;SheetName&apos; is required by @Test on method CreateAssetPOSTAPI but has not been marked @Optional or defined
in D:\worksapceNew\TestArcAPI\src\main\resources\TestNGFiles\CompleteDataValidationNoPayloadTestng.xml
	at org.testng.internal.Parameters.createParameters(Parameters.java:154)
	at org.testng.internal.Parameters.createParameters(Parameters.java:361)
	at org.testng.internal.Parameters.handleParameters(Parameters.java:451)
	at org.testng.internal.Invoker.handleParameters(Invoker.java:1274)
	at org.testng.internal.Invoker.createParameters(Invoker.java:989)
	at org.testng.internal.Invoker.invokeTestMethods(Invoker.java:1079)
	at org.testng.internal.TestMethodWorker.invokeTestMethods(TestMethodWorker.java:129)
	at org.testng.internal.TestMethodWorker.run(TestMethodWorker.java:112)
	at org.testng.TestRunner.privateRun(TestRunner.java:782)
	at org.testng.TestRunner.run(TestRunner.java:632)
	at org.testng.SuiteRunner.runTest(SuiteRunner.java:366)
	at org.testng.SuiteRunner.runSequentially(SuiteRunner.java:361)
	at org.testng.SuiteRunner.privateRun(SuiteRunner.java:319)
	at org.testng.SuiteRunner.run(SuiteRunner.java:268)
	at org.testng.SuiteRunnerWorker.runSuite(SuiteRunnerWorker.java:52)
	at org.testng.SuiteRunnerWorker.run(SuiteRunnerWorker.java:86)
	at org.testng.TestNG.runSuitesSequentially(TestNG.java:1244)
	at org.testng.TestNG.runSuitesSequentially(TestNG.java:1240)
	at org.testng.TestNG.runSuitesLocally(TestNG.java:1169)
	at org.testng.TestNG.run(TestNG.java:1064)
	at org.testng.remote.RemoteTestNG.run(RemoteTestNG.java:113)
	at org.testng.remote.RemoteTestNG.initAndRun(RemoteTestNG.java:206)
	at org.testng.remote.RemoteTestNG.main(RemoteTestNG.java:177)
</pre></div></td>
<td>0</td>
<td>com.arcapi.CompleteDataValidationNoPayloadTestcases.CreateAssetPOSTAPITest@1f0f1111</td></tr>
<tr>
<td title='com.arcapi.CompleteDataValidationNoPayloadTestcases.CreditFormUploadPOSTAPITest.CreditFormUploadPOSTAPI()'><b>CreditFormUploadPOSTAPI</b><br>Test class: com.arcapi.CompleteDataValidationNoPayloadTestcases.CreditFormUploadPOSTAPITest</td>
<td><div><pre>org.testng.TestNGException: 
Parameter &apos;SheetName&apos; is required by @Test on method CreditFormUploadPOSTAPI but has not been marked @Optional or defined
in D:\worksapceNew\TestArcAPI\src\main\resources\TestNGFiles\CompleteDataValidationNoPayloadTestng.xml
... Removed 23 stack frames</pre></div><a href='#' onClick='toggleBox("stack-trace1331441841", this, "Click to show all stack frames", "Click to hide stack frames")'>Click to show all stack frames</a>
<div class='stack-trace' id='stack-trace1331441841'><pre>org.testng.TestNGException: 
Parameter &apos;SheetName&apos; is required by @Test on method CreditFormUploadPOSTAPI but has not been marked @Optional or defined
in D:\worksapceNew\TestArcAPI\src\main\resources\TestNGFiles\CompleteDataValidationNoPayloadTestng.xml
	at org.testng.internal.Parameters.createParameters(Parameters.java:154)
	at org.testng.internal.Parameters.createParameters(Parameters.java:361)
	at org.testng.internal.Parameters.handleParameters(Parameters.java:451)
	at org.testng.internal.Invoker.handleParameters(Invoker.java:1274)
	at org.testng.internal.Invoker.createParameters(Invoker.java:989)
	at org.testng.internal.Invoker.invokeTestMethods(Invoker.java:1079)
	at org.testng.internal.TestMethodWorker.invokeTestMethods(TestMethodWorker.java:129)
	at org.testng.internal.TestMethodWorker.run(TestMethodWorker.java:112)
	at org.testng.TestRunner.privateRun(TestRunner.java:782)
	at org.testng.TestRunner.run(TestRunner.java:632)
	at org.testng.SuiteRunner.runTest(SuiteRunner.java:366)
	at org.testng.SuiteRunner.runSequentially(SuiteRunner.java:361)
	at org.testng.SuiteRunner.privateRun(SuiteRunner.java:319)
	at org.testng.SuiteRunner.run(SuiteRunner.java:268)
	at org.testng.SuiteRunnerWorker.runSuite(SuiteRunnerWorker.java:52)
	at org.testng.SuiteRunnerWorker.run(SuiteRunnerWorker.java:86)
	at org.testng.TestNG.runSuitesSequentially(TestNG.java:1244)
	at org.testng.TestNG.runSuitesSequentially(TestNG.java:1240)
	at org.testng.TestNG.runSuitesLocally(TestNG.java:1169)
	at org.testng.TestNG.run(TestNG.java:1064)
	at org.testng.remote.RemoteTestNG.run(RemoteTestNG.java:113)
	at org.testng.remote.RemoteTestNG.initAndRun(RemoteTestNG.java:206)
	at org.testng.remote.RemoteTestNG.main(RemoteTestNG.java:177)
</pre></div></td>
<td>0</td>
<td>com.arcapi.CompleteDataValidationNoPayloadTestcases.CreditFormUploadPOSTAPITest@96def03</td></tr>
<tr>
<td title='com.arcapi.Buildingtestcases.CreditGetAPITest.CreditGetAPI()'><b>CreditGetAPI</b><br>Test class: com.arcapi.Buildingtestcases.CreditGetAPITest</td>
<td><div><pre>org.testng.TestNGException: 
Parameter &apos;SheetName&apos; is required by @Test on method CreditGetAPI but has not been marked @Optional or defined
in D:\worksapceNew\TestArcAPI\src\main\resources\TestNGFiles\CompleteDataValidationNoPayloadTestng.xml
... Removed 23 stack frames</pre></div><a href='#' onClick='toggleBox("stack-trace1438764761", this, "Click to show all stack frames", "Click to hide stack frames")'>Click to show all stack frames</a>
<div class='stack-trace' id='stack-trace1438764761'><pre>org.testng.TestNGException: 
Parameter &apos;SheetName&apos; is required by @Test on method CreditGetAPI but has not been marked @Optional or defined
in D:\worksapceNew\TestArcAPI\src\main\resources\TestNGFiles\CompleteDataValidationNoPayloadTestng.xml
	at org.testng.internal.Parameters.createParameters(Parameters.java:154)
	at org.testng.internal.Parameters.createParameters(Parameters.java:361)
	at org.testng.internal.Parameters.handleParameters(Parameters.java:451)
	at org.testng.internal.Invoker.handleParameters(Invoker.java:1274)
	at org.testng.internal.Invoker.createParameters(Invoker.java:989)
	at org.testng.internal.Invoker.invokeTestMethods(Invoker.java:1079)
	at org.testng.internal.TestMethodWorker.invokeTestMethods(TestMethodWorker.java:129)
	at org.testng.internal.TestMethodWorker.run(TestMethodWorker.java:112)
	at org.testng.TestRunner.privateRun(TestRunner.java:782)
	at org.testng.TestRunner.run(TestRunner.java:632)
	at org.testng.SuiteRunner.runTest(SuiteRunner.java:366)
	at org.testng.SuiteRunner.runSequentially(SuiteRunner.java:361)
	at org.testng.SuiteRunner.privateRun(SuiteRunner.java:319)
	at org.testng.SuiteRunner.run(SuiteRunner.java:268)
	at org.testng.SuiteRunnerWorker.runSuite(SuiteRunnerWorker.java:52)
	at org.testng.SuiteRunnerWorker.run(SuiteRunnerWorker.java:86)
	at org.testng.TestNG.runSuitesSequentially(TestNG.java:1244)
	at org.testng.TestNG.runSuitesSequentially(TestNG.java:1240)
	at org.testng.TestNG.runSuitesLocally(TestNG.java:1169)
	at org.testng.TestNG.run(TestNG.java:1064)
	at org.testng.remote.RemoteTestNG.run(RemoteTestNG.java:113)
	at org.testng.remote.RemoteTestNG.initAndRun(RemoteTestNG.java:206)
	at org.testng.remote.RemoteTestNG.main(RemoteTestNG.java:177)
</pre></div></td>
<td>0</td>
<td>com.arcapi.Buildingtestcases.CreditGetAPITest@6e0dec4a</td></tr>
<tr>
<td title='com.arcapi.CompleteDataValidationNoPayloadTestcases.EnvironmentSurveyCreatePOSTAPITest.EnvironmentSurveyCreatePOSTAPI()'><b>EnvironmentSurveyCreatePOSTAPI</b><br>Test class: com.arcapi.CompleteDataValidationNoPayloadTestcases.EnvironmentSurveyCreatePOSTAPITest</td>
<td><div><pre>org.testng.TestNGException: 
Parameter &apos;SheetName&apos; is required by @Test on method EnvironmentSurveyCreatePOSTAPI but has not been marked @Optional or defined
in D:\worksapceNew\TestArcAPI\src\main\resources\TestNGFiles\CompleteDataValidationNoPayloadTestng.xml
... Removed 23 stack frames</pre></div><a href='#' onClick='toggleBox("stack-trace1573848946", this, "Click to show all stack frames", "Click to hide stack frames")'>Click to show all stack frames</a>
<div class='stack-trace' id='stack-trace1573848946'><pre>org.testng.TestNGException: 
Parameter &apos;SheetName&apos; is required by @Test on method EnvironmentSurveyCreatePOSTAPI but has not been marked @Optional or defined
in D:\worksapceNew\TestArcAPI\src\main\resources\TestNGFiles\CompleteDataValidationNoPayloadTestng.xml
	at org.testng.internal.Parameters.createParameters(Parameters.java:154)
	at org.testng.internal.Parameters.createParameters(Parameters.java:361)
	at org.testng.internal.Parameters.handleParameters(Parameters.java:451)
	at org.testng.internal.Invoker.handleParameters(Invoker.java:1274)
	at org.testng.internal.Invoker.createParameters(Invoker.java:989)
	at org.testng.internal.Invoker.invokeTestMethods(Invoker.java:1079)
	at org.testng.internal.TestMethodWorker.invokeTestMethods(TestMethodWorker.java:129)
	at org.testng.internal.TestMethodWorker.run(TestMethodWorker.java:112)
	at org.testng.TestRunner.privateRun(TestRunner.java:782)
	at org.testng.TestRunner.run(TestRunner.java:632)
	at org.testng.SuiteRunner.runTest(SuiteRunner.java:366)
	at org.testng.SuiteRunner.runSequentially(SuiteRunner.java:361)
	at org.testng.SuiteRunner.privateRun(SuiteRunner.java:319)
	at org.testng.SuiteRunner.run(SuiteRunner.java:268)
	at org.testng.SuiteRunnerWorker.runSuite(SuiteRunnerWorker.java:52)
	at org.testng.SuiteRunnerWorker.run(SuiteRunnerWorker.java:86)
	at org.testng.TestNG.runSuitesSequentially(TestNG.java:1244)
	at org.testng.TestNG.runSuitesSequentially(TestNG.java:1240)
	at org.testng.TestNG.runSuitesLocally(TestNG.java:1169)
	at org.testng.TestNG.run(TestNG.java:1064)
	at org.testng.remote.RemoteTestNG.run(RemoteTestNG.java:113)
	at org.testng.remote.RemoteTestNG.initAndRun(RemoteTestNG.java:206)
	at org.testng.remote.RemoteTestNG.main(RemoteTestNG.java:177)
</pre></div></td>
<td>0</td>
<td>com.arcapi.CompleteDataValidationNoPayloadTestcases.EnvironmentSurveyCreatePOSTAPITest@7c0c77c7</td></tr>
<tr>
<td title='com.arcapi.CompleteDataValidationNoPayloadTestcases.ExcelUploadTemplatePOSTAPITest.ExcelUploadTemplatePOSTAPI()'><b>ExcelUploadTemplatePOSTAPI</b><br>Test class: com.arcapi.CompleteDataValidationNoPayloadTestcases.ExcelUploadTemplatePOSTAPITest</td>
<td><div><pre>org.testng.TestNGException: 
Parameter &apos;SheetName&apos; is required by @Test on method ExcelUploadTemplatePOSTAPI but has not been marked @Optional or defined
in D:\worksapceNew\TestArcAPI\src\main\resources\TestNGFiles\CompleteDataValidationNoPayloadTestng.xml
... Removed 23 stack frames</pre></div><a href='#' onClick='toggleBox("stack-trace181025925", this, "Click to show all stack frames", "Click to hide stack frames")'>Click to show all stack frames</a>
<div class='stack-trace' id='stack-trace181025925'><pre>org.testng.TestNGException: 
Parameter &apos;SheetName&apos; is required by @Test on method ExcelUploadTemplatePOSTAPI but has not been marked @Optional or defined
in D:\worksapceNew\TestArcAPI\src\main\resources\TestNGFiles\CompleteDataValidationNoPayloadTestng.xml
	at org.testng.internal.Parameters.createParameters(Parameters.java:154)
	at org.testng.internal.Parameters.createParameters(Parameters.java:361)
	at org.testng.internal.Parameters.handleParameters(Parameters.java:451)
	at org.testng.internal.Invoker.handleParameters(Invoker.java:1274)
	at org.testng.internal.Invoker.createParameters(Invoker.java:989)
	at org.testng.internal.Invoker.invokeTestMethods(Invoker.java:1079)
	at org.testng.internal.TestMethodWorker.invokeTestMethods(TestMethodWorker.java:129)
	at org.testng.internal.TestMethodWorker.run(TestMethodWorker.java:112)
	at org.testng.TestRunner.privateRun(TestRunner.java:782)
	at org.testng.TestRunner.run(TestRunner.java:632)
	at org.testng.SuiteRunner.runTest(SuiteRunner.java:366)
	at org.testng.SuiteRunner.runSequentially(SuiteRunner.java:361)
	at org.testng.SuiteRunner.privateRun(SuiteRunner.java:319)
	at org.testng.SuiteRunner.run(SuiteRunner.java:268)
	at org.testng.SuiteRunnerWorker.runSuite(SuiteRunnerWorker.java:52)
	at org.testng.SuiteRunnerWorker.run(SuiteRunnerWorker.java:86)
	at org.testng.TestNG.runSuitesSequentially(TestNG.java:1244)
	at org.testng.TestNG.runSuitesSequentially(TestNG.java:1240)
	at org.testng.TestNG.runSuitesLocally(TestNG.java:1169)
	at org.testng.TestNG.run(TestNG.java:1064)
	at org.testng.remote.RemoteTestNG.run(RemoteTestNG.java:113)
	at org.testng.remote.RemoteTestNG.initAndRun(RemoteTestNG.java:206)
	at org.testng.remote.RemoteTestNG.main(RemoteTestNG.java:177)
</pre></div></td>
<td>0</td>
<td>com.arcapi.CompleteDataValidationNoPayloadTestcases.ExcelUploadTemplatePOSTAPITest@4ddced80</td></tr>
<tr>
<td title='com.arcapi.CompleteDataValidationNoPayloadTestcases.FeedbackSubmitPostAPITest.FeedbackSubmitPostAPI()'><b>FeedbackSubmitPostAPI</b><br>Test class: com.arcapi.CompleteDataValidationNoPayloadTestcases.FeedbackSubmitPostAPITest</td>
<td><div><pre>org.testng.TestNGException: 
Parameter &apos;SheetName&apos; is required by @Test on method FeedbackSubmitPostAPI but has not been marked @Optional or defined
in D:\worksapceNew\TestArcAPI\src\main\resources\TestNGFiles\CompleteDataValidationNoPayloadTestng.xml
... Removed 23 stack frames</pre></div><a href='#' onClick='toggleBox("stack-trace657820185", this, "Click to show all stack frames", "Click to hide stack frames")'>Click to show all stack frames</a>
<div class='stack-trace' id='stack-trace657820185'><pre>org.testng.TestNGException: 
Parameter &apos;SheetName&apos; is required by @Test on method FeedbackSubmitPostAPI but has not been marked @Optional or defined
in D:\worksapceNew\TestArcAPI\src\main\resources\TestNGFiles\CompleteDataValidationNoPayloadTestng.xml
	at org.testng.internal.Parameters.createParameters(Parameters.java:154)
	at org.testng.internal.Parameters.createParameters(Parameters.java:361)
	at org.testng.internal.Parameters.handleParameters(Parameters.java:451)
	at org.testng.internal.Invoker.handleParameters(Invoker.java:1274)
	at org.testng.internal.Invoker.createParameters(Invoker.java:989)
	at org.testng.internal.Invoker.invokeTestMethods(Invoker.java:1079)
	at org.testng.internal.TestMethodWorker.invokeTestMethods(TestMethodWorker.java:129)
	at org.testng.internal.TestMethodWorker.run(TestMethodWorker.java:112)
	at org.testng.TestRunner.privateRun(TestRunner.java:782)
	at org.testng.TestRunner.run(TestRunner.java:632)
	at org.testng.SuiteRunner.runTest(SuiteRunner.java:366)
	at org.testng.SuiteRunner.runSequentially(SuiteRunner.java:361)
	at org.testng.SuiteRunner.privateRun(SuiteRunner.java:319)
	at org.testng.SuiteRunner.run(SuiteRunner.java:268)
	at org.testng.SuiteRunnerWorker.runSuite(SuiteRunnerWorker.java:52)
	at org.testng.SuiteRunnerWorker.run(SuiteRunnerWorker.java:86)
	at org.testng.TestNG.runSuitesSequentially(TestNG.java:1244)
	at org.testng.TestNG.runSuitesSequentially(TestNG.java:1240)
	at org.testng.TestNG.runSuitesLocally(TestNG.java:1169)
	at org.testng.TestNG.run(TestNG.java:1064)
	at org.testng.remote.RemoteTestNG.run(RemoteTestNG.java:113)
	at org.testng.remote.RemoteTestNG.initAndRun(RemoteTestNG.java:206)
	at org.testng.remote.RemoteTestNG.main(RemoteTestNG.java:177)
</pre></div></td>
<td>0</td>
<td>com.arcapi.CompleteDataValidationNoPayloadTestcases.FeedbackSubmitPostAPITest@7f552bd3</td></tr>
<tr>
<td title='com.arcapi.Common.LoginAPITest.LoginAPI()'><b>LoginAPI</b><br>Test class: com.arcapi.Common.LoginAPITest</td>
<td></td>
<td>0</td>
<td>com.arcapi.Common.LoginAPITest@1e802ef9</td></tr>
<tr>
<td title='com.arcapi.CompleteDataValidationNoPayloadTestcases.MeterBulkConsumptionPOSTAPITest.MeterBulkConsumptionPOSTAPI()'><b>MeterBulkConsumptionPOSTAPI</b><br>Test class: com.arcapi.CompleteDataValidationNoPayloadTestcases.MeterBulkConsumptionPOSTAPITest</td>
<td><div><pre>org.testng.TestNGException: 
Parameter &apos;SheetName&apos; is required by @Test on method MeterBulkConsumptionPOSTAPI but has not been marked @Optional or defined
in D:\worksapceNew\TestArcAPI\src\main\resources\TestNGFiles\CompleteDataValidationNoPayloadTestng.xml
... Removed 23 stack frames</pre></div><a href='#' onClick='toggleBox("stack-trace645919967", this, "Click to show all stack frames", "Click to hide stack frames")'>Click to show all stack frames</a>
<div class='stack-trace' id='stack-trace645919967'><pre>org.testng.TestNGException: 
Parameter &apos;SheetName&apos; is required by @Test on method MeterBulkConsumptionPOSTAPI but has not been marked @Optional or defined
in D:\worksapceNew\TestArcAPI\src\main\resources\TestNGFiles\CompleteDataValidationNoPayloadTestng.xml
	at org.testng.internal.Parameters.createParameters(Parameters.java:154)
	at org.testng.internal.Parameters.createParameters(Parameters.java:361)
	at org.testng.internal.Parameters.handleParameters(Parameters.java:451)
	at org.testng.internal.Invoker.handleParameters(Invoker.java:1274)
	at org.testng.internal.Invoker.createParameters(Invoker.java:989)
	at org.testng.internal.Invoker.invokeTestMethods(Invoker.java:1079)
	at org.testng.internal.TestMethodWorker.invokeTestMethods(TestMethodWorker.java:129)
	at org.testng.internal.TestMethodWorker.run(TestMethodWorker.java:112)
	at org.testng.TestRunner.privateRun(TestRunner.java:782)
	at org.testng.TestRunner.run(TestRunner.java:632)
	at org.testng.SuiteRunner.runTest(SuiteRunner.java:366)
	at org.testng.SuiteRunner.runSequentially(SuiteRunner.java:361)
	at org.testng.SuiteRunner.privateRun(SuiteRunner.java:319)
	at org.testng.SuiteRunner.run(SuiteRunner.java:268)
	at org.testng.SuiteRunnerWorker.runSuite(SuiteRunnerWorker.java:52)
	at org.testng.SuiteRunnerWorker.run(SuiteRunnerWorker.java:86)
	at org.testng.TestNG.runSuitesSequentially(TestNG.java:1244)
	at org.testng.TestNG.runSuitesSequentially(TestNG.java:1240)
	at org.testng.TestNG.runSuitesLocally(TestNG.java:1169)
	at org.testng.TestNG.run(TestNG.java:1064)
	at org.testng.remote.RemoteTestNG.run(RemoteTestNG.java:113)
	at org.testng.remote.RemoteTestNG.initAndRun(RemoteTestNG.java:206)
	at org.testng.remote.RemoteTestNG.main(RemoteTestNG.java:177)
</pre></div></td>
<td>0</td>
<td>com.arcapi.CompleteDataValidationNoPayloadTestcases.MeterBulkConsumptionPOSTAPITest@794cb805</td></tr>
<tr>
<td title='com.arcapi.Buildingtestcases.MeterCreatePOSTAPITest.MeterCreatePOSTAPI()'><b>MeterCreatePOSTAPI</b><br>Test class: com.arcapi.Buildingtestcases.MeterCreatePOSTAPITest</td>
<td><div><pre>org.testng.TestNGException: 
Parameter &apos;SheetName&apos; is required by @Test on method MeterCreatePOSTAPI but has not been marked @Optional or defined
in D:\worksapceNew\TestArcAPI\src\main\resources\TestNGFiles\CompleteDataValidationNoPayloadTestng.xml
... Removed 23 stack frames</pre></div><a href='#' onClick='toggleBox("stack-trace1589370464", this, "Click to show all stack frames", "Click to hide stack frames")'>Click to show all stack frames</a>
<div class='stack-trace' id='stack-trace1589370464'><pre>org.testng.TestNGException: 
Parameter &apos;SheetName&apos; is required by @Test on method MeterCreatePOSTAPI but has not been marked @Optional or defined
in D:\worksapceNew\TestArcAPI\src\main\resources\TestNGFiles\CompleteDataValidationNoPayloadTestng.xml
	at org.testng.internal.Parameters.createParameters(Parameters.java:154)
	at org.testng.internal.Parameters.createParameters(Parameters.java:361)
	at org.testng.internal.Parameters.handleParameters(Parameters.java:451)
	at org.testng.internal.Invoker.handleParameters(Invoker.java:1274)
	at org.testng.internal.Invoker.createParameters(Invoker.java:989)
	at org.testng.internal.Invoker.invokeTestMethods(Invoker.java:1079)
	at org.testng.internal.TestMethodWorker.invokeTestMethods(TestMethodWorker.java:129)
	at org.testng.internal.TestMethodWorker.run(TestMethodWorker.java:112)
	at org.testng.TestRunner.privateRun(TestRunner.java:782)
	at org.testng.TestRunner.run(TestRunner.java:632)
	at org.testng.SuiteRunner.runTest(SuiteRunner.java:366)
	at org.testng.SuiteRunner.runSequentially(SuiteRunner.java:361)
	at org.testng.SuiteRunner.privateRun(SuiteRunner.java:319)
	at org.testng.SuiteRunner.run(SuiteRunner.java:268)
	at org.testng.SuiteRunnerWorker.runSuite(SuiteRunnerWorker.java:52)
	at org.testng.SuiteRunnerWorker.run(SuiteRunnerWorker.java:86)
	at org.testng.TestNG.runSuitesSequentially(TestNG.java:1244)
	at org.testng.TestNG.runSuitesSequentially(TestNG.java:1240)
	at org.testng.TestNG.runSuitesLocally(TestNG.java:1169)
	at org.testng.TestNG.run(TestNG.java:1064)
	at org.testng.remote.RemoteTestNG.run(RemoteTestNG.java:113)
	at org.testng.remote.RemoteTestNG.initAndRun(RemoteTestNG.java:206)
	at org.testng.remote.RemoteTestNG.main(RemoteTestNG.java:177)
</pre></div></td>
<td>0</td>
<td>com.arcapi.Buildingtestcases.MeterCreatePOSTAPITest@5ccddd20</td></tr>
<tr>
<td title='com.arcapi.CompleteDataValidationNoPayloadTestcases.MeterCreatePOSTAPITest.MeterCreatePOSTAPI()'><b>MeterCreatePOSTAPI</b><br>Test class: com.arcapi.CompleteDataValidationNoPayloadTestcases.MeterCreatePOSTAPITest</td>
<td><div><pre>org.testng.TestNGException: 
Parameter &apos;SheetName&apos; is required by @Test on method MeterCreatePOSTAPI but has not been marked @Optional or defined
in D:\worksapceNew\TestArcAPI\src\main\resources\TestNGFiles\CompleteDataValidationNoPayloadTestng.xml
... Removed 23 stack frames</pre></div><a href='#' onClick='toggleBox("stack-trace1406340387", this, "Click to show all stack frames", "Click to hide stack frames")'>Click to show all stack frames</a>
<div class='stack-trace' id='stack-trace1406340387'><pre>org.testng.TestNGException: 
Parameter &apos;SheetName&apos; is required by @Test on method MeterCreatePOSTAPI but has not been marked @Optional or defined
in D:\worksapceNew\TestArcAPI\src\main\resources\TestNGFiles\CompleteDataValidationNoPayloadTestng.xml
	at org.testng.internal.Parameters.createParameters(Parameters.java:154)
	at org.testng.internal.Parameters.createParameters(Parameters.java:361)
	at org.testng.internal.Parameters.handleParameters(Parameters.java:451)
	at org.testng.internal.Invoker.handleParameters(Invoker.java:1274)
	at org.testng.internal.Invoker.createParameters(Invoker.java:989)
	at org.testng.internal.Invoker.invokeTestMethods(Invoker.java:1079)
	at org.testng.internal.TestMethodWorker.invokeTestMethods(TestMethodWorker.java:129)
	at org.testng.internal.TestMethodWorker.run(TestMethodWorker.java:112)
	at org.testng.TestRunner.privateRun(TestRunner.java:782)
	at org.testng.TestRunner.run(TestRunner.java:632)
	at org.testng.SuiteRunner.runTest(SuiteRunner.java:366)
	at org.testng.SuiteRunner.runSequentially(SuiteRunner.java:361)
	at org.testng.SuiteRunner.privateRun(SuiteRunner.java:319)
	at org.testng.SuiteRunner.run(SuiteRunner.java:268)
	at org.testng.SuiteRunnerWorker.runSuite(SuiteRunnerWorker.java:52)
	at org.testng.SuiteRunnerWorker.run(SuiteRunnerWorker.java:86)
	at org.testng.TestNG.runSuitesSequentially(TestNG.java:1244)
	at org.testng.TestNG.runSuitesSequentially(TestNG.java:1240)
	at org.testng.TestNG.runSuitesLocally(TestNG.java:1169)
	at org.testng.TestNG.run(TestNG.java:1064)
	at org.testng.remote.RemoteTestNG.run(RemoteTestNG.java:113)
	at org.testng.remote.RemoteTestNG.initAndRun(RemoteTestNG.java:206)
	at org.testng.remote.RemoteTestNG.main(RemoteTestNG.java:177)
</pre></div></td>
<td>0</td>
<td>com.arcapi.CompleteDataValidationNoPayloadTestcases.MeterCreatePOSTAPITest@1ed1993a</td></tr>
<tr>
<td title='com.arcapi.CompleteDataValidationNoPayloadTestcases.MeterUpdatePUTAPITest.MeterUpdatePUTAPI()'><b>MeterUpdatePUTAPI</b><br>Test class: com.arcapi.CompleteDataValidationNoPayloadTestcases.MeterUpdatePUTAPITest</td>
<td><div><pre>org.testng.TestNGException: 
Parameter &apos;SheetName&apos; is required by @Test on method MeterUpdatePUTAPI but has not been marked @Optional or defined
in D:\worksapceNew\TestArcAPI\src\main\resources\TestNGFiles\CompleteDataValidationNoPayloadTestng.xml
... Removed 23 stack frames</pre></div><a href='#' onClick='toggleBox("stack-trace395752148", this, "Click to show all stack frames", "Click to hide stack frames")'>Click to show all stack frames</a>
<div class='stack-trace' id='stack-trace395752148'><pre>org.testng.TestNGException: 
Parameter &apos;SheetName&apos; is required by @Test on method MeterUpdatePUTAPI but has not been marked @Optional or defined
in D:\worksapceNew\TestArcAPI\src\main\resources\TestNGFiles\CompleteDataValidationNoPayloadTestng.xml
	at org.testng.internal.Parameters.createParameters(Parameters.java:154)
	at org.testng.internal.Parameters.createParameters(Parameters.java:361)
	at org.testng.internal.Parameters.handleParameters(Parameters.java:451)
	at org.testng.internal.Invoker.handleParameters(Invoker.java:1274)
	at org.testng.internal.Invoker.createParameters(Invoker.java:989)
	at org.testng.internal.Invoker.invokeTestMethods(Invoker.java:1079)
	at org.testng.internal.TestMethodWorker.invokeTestMethods(TestMethodWorker.java:129)
	at org.testng.internal.TestMethodWorker.run(TestMethodWorker.java:112)
	at org.testng.TestRunner.privateRun(TestRunner.java:782)
	at org.testng.TestRunner.run(TestRunner.java:632)
	at org.testng.SuiteRunner.runTest(SuiteRunner.java:366)
	at org.testng.SuiteRunner.runSequentially(SuiteRunner.java:361)
	at org.testng.SuiteRunner.privateRun(SuiteRunner.java:319)
	at org.testng.SuiteRunner.run(SuiteRunner.java:268)
	at org.testng.SuiteRunnerWorker.runSuite(SuiteRunnerWorker.java:52)
	at org.testng.SuiteRunnerWorker.run(SuiteRunnerWorker.java:86)
	at org.testng.TestNG.runSuitesSequentially(TestNG.java:1244)
	at org.testng.TestNG.runSuitesSequentially(TestNG.java:1240)
	at org.testng.TestNG.runSuitesLocally(TestNG.java:1169)
	at org.testng.TestNG.run(TestNG.java:1064)
	at org.testng.remote.RemoteTestNG.run(RemoteTestNG.java:113)
	at org.testng.remote.RemoteTestNG.initAndRun(RemoteTestNG.java:206)
	at org.testng.remote.RemoteTestNG.main(RemoteTestNG.java:177)
</pre></div></td>
<td>0</td>
<td>com.arcapi.CompleteDataValidationNoPayloadTestcases.MeterUpdatePUTAPITest@1f3f4916</td></tr>
<tr>
<td title='com.arcapi.CompleteDataValidationNoPayloadTestcases.NotificationCreatePOSTAPITest.NotificationCreatePOSTAPI()'><b>NotificationCreatePOSTAPI</b><br>Test class: com.arcapi.CompleteDataValidationNoPayloadTestcases.NotificationCreatePOSTAPITest</td>
<td><div><pre>org.testng.TestNGException: 
Parameter &apos;SheetName&apos; is required by @Test on method NotificationCreatePOSTAPI but has not been marked @Optional or defined
in D:\worksapceNew\TestArcAPI\src\main\resources\TestNGFiles\CompleteDataValidationNoPayloadTestng.xml
... Removed 23 stack frames</pre></div><a href='#' onClick='toggleBox("stack-trace1566578738", this, "Click to show all stack frames", "Click to hide stack frames")'>Click to show all stack frames</a>
<div class='stack-trace' id='stack-trace1566578738'><pre>org.testng.TestNGException: 
Parameter &apos;SheetName&apos; is required by @Test on method NotificationCreatePOSTAPI but has not been marked @Optional or defined
in D:\worksapceNew\TestArcAPI\src\main\resources\TestNGFiles\CompleteDataValidationNoPayloadTestng.xml
	at org.testng.internal.Parameters.createParameters(Parameters.java:154)
	at org.testng.internal.Parameters.createParameters(Parameters.java:361)
	at org.testng.internal.Parameters.handleParameters(Parameters.java:451)
	at org.testng.internal.Invoker.handleParameters(Invoker.java:1274)
	at org.testng.internal.Invoker.createParameters(Invoker.java:989)
	at org.testng.internal.Invoker.invokeTestMethods(Invoker.java:1079)
	at org.testng.internal.TestMethodWorker.invokeTestMethods(TestMethodWorker.java:129)
	at org.testng.internal.TestMethodWorker.run(TestMethodWorker.java:112)
	at org.testng.TestRunner.privateRun(TestRunner.java:782)
	at org.testng.TestRunner.run(TestRunner.java:632)
	at org.testng.SuiteRunner.runTest(SuiteRunner.java:366)
	at org.testng.SuiteRunner.runSequentially(SuiteRunner.java:361)
	at org.testng.SuiteRunner.privateRun(SuiteRunner.java:319)
	at org.testng.SuiteRunner.run(SuiteRunner.java:268)
	at org.testng.SuiteRunnerWorker.runSuite(SuiteRunnerWorker.java:52)
	at org.testng.SuiteRunnerWorker.run(SuiteRunnerWorker.java:86)
	at org.testng.TestNG.runSuitesSequentially(TestNG.java:1244)
	at org.testng.TestNG.runSuitesSequentially(TestNG.java:1240)
	at org.testng.TestNG.runSuitesLocally(TestNG.java:1169)
	at org.testng.TestNG.run(TestNG.java:1064)
	at org.testng.remote.RemoteTestNG.run(RemoteTestNG.java:113)
	at org.testng.remote.RemoteTestNG.initAndRun(RemoteTestNG.java:206)
	at org.testng.remote.RemoteTestNG.main(RemoteTestNG.java:177)
</pre></div></td>
<td>0</td>
<td>com.arcapi.CompleteDataValidationNoPayloadTestcases.NotificationCreatePOSTAPITest@79b06cab</td></tr>
<tr>
<td title='com.arcapi.CompleteDataValidationNoPayloadTestcases.NotificationDeleteAPITest.NotificationDeleteAPI()'><b>NotificationDeleteAPI</b><br>Test class: com.arcapi.CompleteDataValidationNoPayloadTestcases.NotificationDeleteAPITest</td>
<td><div><pre>org.testng.TestNGException: 
Parameter &apos;SheetName&apos; is required by @Test on method NotificationDeleteAPI but has not been marked @Optional or defined
in D:\worksapceNew\TestArcAPI\src\main\resources\TestNGFiles\CompleteDataValidationNoPayloadTestng.xml
... Removed 23 stack frames</pre></div><a href='#' onClick='toggleBox("stack-trace230816477", this, "Click to show all stack frames", "Click to hide stack frames")'>Click to show all stack frames</a>
<div class='stack-trace' id='stack-trace230816477'><pre>org.testng.TestNGException: 
Parameter &apos;SheetName&apos; is required by @Test on method NotificationDeleteAPI but has not been marked @Optional or defined
in D:\worksapceNew\TestArcAPI\src\main\resources\TestNGFiles\CompleteDataValidationNoPayloadTestng.xml
	at org.testng.internal.Parameters.createParameters(Parameters.java:154)
	at org.testng.internal.Parameters.createParameters(Parameters.java:361)
	at org.testng.internal.Parameters.handleParameters(Parameters.java:451)
	at org.testng.internal.Invoker.handleParameters(Invoker.java:1274)
	at org.testng.internal.Invoker.createParameters(Invoker.java:989)
	at org.testng.internal.Invoker.invokeTestMethods(Invoker.java:1079)
	at org.testng.internal.TestMethodWorker.invokeTestMethods(TestMethodWorker.java:129)
	at org.testng.internal.TestMethodWorker.run(TestMethodWorker.java:112)
	at org.testng.TestRunner.privateRun(TestRunner.java:782)
	at org.testng.TestRunner.run(TestRunner.java:632)
	at org.testng.SuiteRunner.runTest(SuiteRunner.java:366)
	at org.testng.SuiteRunner.runSequentially(SuiteRunner.java:361)
	at org.testng.SuiteRunner.privateRun(SuiteRunner.java:319)
	at org.testng.SuiteRunner.run(SuiteRunner.java:268)
	at org.testng.SuiteRunnerWorker.runSuite(SuiteRunnerWorker.java:52)
	at org.testng.SuiteRunnerWorker.run(SuiteRunnerWorker.java:86)
	at org.testng.TestNG.runSuitesSequentially(TestNG.java:1244)
	at org.testng.TestNG.runSuitesSequentially(TestNG.java:1240)
	at org.testng.TestNG.runSuitesLocally(TestNG.java:1169)
	at org.testng.TestNG.run(TestNG.java:1064)
	at org.testng.remote.RemoteTestNG.run(RemoteTestNG.java:113)
	at org.testng.remote.RemoteTestNG.initAndRun(RemoteTestNG.java:206)
	at org.testng.remote.RemoteTestNG.main(RemoteTestNG.java:177)
</pre></div></td>
<td>0</td>
<td>com.arcapi.CompleteDataValidationNoPayloadTestcases.NotificationDeleteAPITest@3eb7fc54</td></tr>
<tr>
<td title='com.arcapi.CompleteDataValidationNoPayloadTestcases.NotificationSubscriptionDetailPutTest.NotificationSubscriptionDetail()'><b>NotificationSubscriptionDetail</b><br>Test class: com.arcapi.CompleteDataValidationNoPayloadTestcases.NotificationSubscriptionDetailPutTest</td>
<td><div><pre>org.testng.TestNGException: 
Parameter &apos;SheetName&apos; is required by @Test on method NotificationSubscriptionDetail but has not been marked @Optional or defined
in D:\worksapceNew\TestArcAPI\src\main\resources\TestNGFiles\CompleteDataValidationNoPayloadTestng.xml
... Removed 23 stack frames</pre></div><a href='#' onClick='toggleBox("stack-trace768413249", this, "Click to show all stack frames", "Click to hide stack frames")'>Click to show all stack frames</a>
<div class='stack-trace' id='stack-trace768413249'><pre>org.testng.TestNGException: 
Parameter &apos;SheetName&apos; is required by @Test on method NotificationSubscriptionDetail but has not been marked @Optional or defined
in D:\worksapceNew\TestArcAPI\src\main\resources\TestNGFiles\CompleteDataValidationNoPayloadTestng.xml
	at org.testng.internal.Parameters.createParameters(Parameters.java:154)
	at org.testng.internal.Parameters.createParameters(Parameters.java:361)
	at org.testng.internal.Parameters.handleParameters(Parameters.java:451)
	at org.testng.internal.Invoker.handleParameters(Invoker.java:1274)
	at org.testng.internal.Invoker.createParameters(Invoker.java:989)
	at org.testng.internal.Invoker.invokeTestMethods(Invoker.java:1079)
	at org.testng.internal.TestMethodWorker.invokeTestMethods(TestMethodWorker.java:129)
	at org.testng.internal.TestMethodWorker.run(TestMethodWorker.java:112)
	at org.testng.TestRunner.privateRun(TestRunner.java:782)
	at org.testng.TestRunner.run(TestRunner.java:632)
	at org.testng.SuiteRunner.runTest(SuiteRunner.java:366)
	at org.testng.SuiteRunner.runSequentially(SuiteRunner.java:361)
	at org.testng.SuiteRunner.privateRun(SuiteRunner.java:319)
	at org.testng.SuiteRunner.run(SuiteRunner.java:268)
	at org.testng.SuiteRunnerWorker.runSuite(SuiteRunnerWorker.java:52)
	at org.testng.SuiteRunnerWorker.run(SuiteRunnerWorker.java:86)
	at org.testng.TestNG.runSuitesSequentially(TestNG.java:1244)
	at org.testng.TestNG.runSuitesSequentially(TestNG.java:1240)
	at org.testng.TestNG.runSuitesLocally(TestNG.java:1169)
	at org.testng.TestNG.run(TestNG.java:1064)
	at org.testng.remote.RemoteTestNG.run(RemoteTestNG.java:113)
	at org.testng.remote.RemoteTestNG.initAndRun(RemoteTestNG.java:206)
	at org.testng.remote.RemoteTestNG.main(RemoteTestNG.java:177)
</pre></div></td>
<td>0</td>
<td>com.arcapi.CompleteDataValidationNoPayloadTestcases.NotificationSubscriptionDetailPutTest@4386f16</td></tr>
<tr>
<td title='com.arcapi.CompleteDataValidationNoPayloadTestcases.NotificationSubscriptionDetailDeleteTest.NotificationSubscriptionDetailDelete()'><b>NotificationSubscriptionDetailDelete</b><br>Test class: com.arcapi.CompleteDataValidationNoPayloadTestcases.NotificationSubscriptionDetailDeleteTest</td>
<td><div><pre>org.testng.TestNGException: 
Parameter &apos;SheetName&apos; is required by @Test on method NotificationSubscriptionDetailDelete but has not been marked @Optional or defined
in D:\worksapceNew\TestArcAPI\src\main\resources\TestNGFiles\CompleteDataValidationNoPayloadTestng.xml
... Removed 23 stack frames</pre></div><a href='#' onClick='toggleBox("stack-trace676678344", this, "Click to show all stack frames", "Click to hide stack frames")'>Click to show all stack frames</a>
<div class='stack-trace' id='stack-trace676678344'><pre>org.testng.TestNGException: 
Parameter &apos;SheetName&apos; is required by @Test on method NotificationSubscriptionDetailDelete but has not been marked @Optional or defined
in D:\worksapceNew\TestArcAPI\src\main\resources\TestNGFiles\CompleteDataValidationNoPayloadTestng.xml
	at org.testng.internal.Parameters.createParameters(Parameters.java:154)
	at org.testng.internal.Parameters.createParameters(Parameters.java:361)
	at org.testng.internal.Parameters.handleParameters(Parameters.java:451)
	at org.testng.internal.Invoker.handleParameters(Invoker.java:1274)
	at org.testng.internal.Invoker.createParameters(Invoker.java:989)
	at org.testng.internal.Invoker.invokeTestMethods(Invoker.java:1079)
	at org.testng.internal.TestMethodWorker.invokeTestMethods(TestMethodWorker.java:129)
	at org.testng.internal.TestMethodWorker.run(TestMethodWorker.java:112)
	at org.testng.TestRunner.privateRun(TestRunner.java:782)
	at org.testng.TestRunner.run(TestRunner.java:632)
	at org.testng.SuiteRunner.runTest(SuiteRunner.java:366)
	at org.testng.SuiteRunner.runSequentially(SuiteRunner.java:361)
	at org.testng.SuiteRunner.privateRun(SuiteRunner.java:319)
	at org.testng.SuiteRunner.run(SuiteRunner.java:268)
	at org.testng.SuiteRunnerWorker.runSuite(SuiteRunnerWorker.java:52)
	at org.testng.SuiteRunnerWorker.run(SuiteRunnerWorker.java:86)
	at org.testng.TestNG.runSuitesSequentially(TestNG.java:1244)
	at org.testng.TestNG.runSuitesSequentially(TestNG.java:1240)
	at org.testng.TestNG.runSuitesLocally(TestNG.java:1169)
	at org.testng.TestNG.run(TestNG.java:1064)
	at org.testng.remote.RemoteTestNG.run(RemoteTestNG.java:113)
	at org.testng.remote.RemoteTestNG.initAndRun(RemoteTestNG.java:206)
	at org.testng.remote.RemoteTestNG.main(RemoteTestNG.java:177)
</pre></div></td>
<td>0</td>
<td>com.arcapi.CompleteDataValidationNoPayloadTestcases.NotificationSubscriptionDetailDeleteTest@363ee3a2</td></tr>
<tr>
<td title='com.arcapi.CompleteDataValidationNoPayloadTestcases.PaymentOrderSubmitPOSTAPITest.PaymentOrderSubmitPOSTAPI()'><b>PaymentOrderSubmitPOSTAPI</b><br>Test class: com.arcapi.CompleteDataValidationNoPayloadTestcases.PaymentOrderSubmitPOSTAPITest</td>
<td><div><pre>org.testng.TestNGException: 
Parameter &apos;SheetName&apos; is required by @Test on method PaymentOrderSubmitPOSTAPI but has not been marked @Optional or defined
in D:\worksapceNew\TestArcAPI\src\main\resources\TestNGFiles\CompleteDataValidationNoPayloadTestng.xml
... Removed 23 stack frames</pre></div><a href='#' onClick='toggleBox("stack-trace1221439830", this, "Click to show all stack frames", "Click to hide stack frames")'>Click to show all stack frames</a>
<div class='stack-trace' id='stack-trace1221439830'><pre>org.testng.TestNGException: 
Parameter &apos;SheetName&apos; is required by @Test on method PaymentOrderSubmitPOSTAPI but has not been marked @Optional or defined
in D:\worksapceNew\TestArcAPI\src\main\resources\TestNGFiles\CompleteDataValidationNoPayloadTestng.xml
	at org.testng.internal.Parameters.createParameters(Parameters.java:154)
	at org.testng.internal.Parameters.createParameters(Parameters.java:361)
	at org.testng.internal.Parameters.handleParameters(Parameters.java:451)
	at org.testng.internal.Invoker.handleParameters(Invoker.java:1274)
	at org.testng.internal.Invoker.createParameters(Invoker.java:989)
	at org.testng.internal.Invoker.invokeTestMethods(Invoker.java:1079)
	at org.testng.internal.TestMethodWorker.invokeTestMethods(TestMethodWorker.java:129)
	at org.testng.internal.TestMethodWorker.run(TestMethodWorker.java:112)
	at org.testng.TestRunner.privateRun(TestRunner.java:782)
	at org.testng.TestRunner.run(TestRunner.java:632)
	at org.testng.SuiteRunner.runTest(SuiteRunner.java:366)
	at org.testng.SuiteRunner.runSequentially(SuiteRunner.java:361)
	at org.testng.SuiteRunner.privateRun(SuiteRunner.java:319)
	at org.testng.SuiteRunner.run(SuiteRunner.java:268)
	at org.testng.SuiteRunnerWorker.runSuite(SuiteRunnerWorker.java:52)
	at org.testng.SuiteRunnerWorker.run(SuiteRunnerWorker.java:86)
	at org.testng.TestNG.runSuitesSequentially(TestNG.java:1244)
	at org.testng.TestNG.runSuitesSequentially(TestNG.java:1240)
	at org.testng.TestNG.runSuitesLocally(TestNG.java:1169)
	at org.testng.TestNG.run(TestNG.java:1064)
	at org.testng.remote.RemoteTestNG.run(RemoteTestNG.java:113)
	at org.testng.remote.RemoteTestNG.initAndRun(RemoteTestNG.java:206)
	at org.testng.remote.RemoteTestNG.main(RemoteTestNG.java:177)
</pre></div></td>
<td>0</td>
<td>com.arcapi.CompleteDataValidationNoPayloadTestcases.PaymentOrderSubmitPOSTAPITest@49c386c8</td></tr>
<tr>
<td title='com.arcapi.CompleteDataValidationNoPayloadTestcases.S3DocumentRemoveAPITest.S3DocumentRemoveAPI()'><b>S3DocumentRemoveAPI</b><br>Test class: com.arcapi.CompleteDataValidationNoPayloadTestcases.S3DocumentRemoveAPITest</td>
<td><div><pre>org.testng.TestNGException: 
Parameter &apos;SheetName&apos; is required by @Test on method S3DocumentRemoveAPI but has not been marked @Optional or defined
in D:\worksapceNew\TestArcAPI\src\main\resources\TestNGFiles\CompleteDataValidationNoPayloadTestng.xml
... Removed 23 stack frames</pre></div><a href='#' onClick='toggleBox("stack-trace332011199", this, "Click to show all stack frames", "Click to hide stack frames")'>Click to show all stack frames</a>
<div class='stack-trace' id='stack-trace332011199'><pre>org.testng.TestNGException: 
Parameter &apos;SheetName&apos; is required by @Test on method S3DocumentRemoveAPI but has not been marked @Optional or defined
in D:\worksapceNew\TestArcAPI\src\main\resources\TestNGFiles\CompleteDataValidationNoPayloadTestng.xml
	at org.testng.internal.Parameters.createParameters(Parameters.java:154)
	at org.testng.internal.Parameters.createParameters(Parameters.java:361)
	at org.testng.internal.Parameters.handleParameters(Parameters.java:451)
	at org.testng.internal.Invoker.handleParameters(Invoker.java:1274)
	at org.testng.internal.Invoker.createParameters(Invoker.java:989)
	at org.testng.internal.Invoker.invokeTestMethods(Invoker.java:1079)
	at org.testng.internal.TestMethodWorker.invokeTestMethods(TestMethodWorker.java:129)
	at org.testng.internal.TestMethodWorker.run(TestMethodWorker.java:112)
	at org.testng.TestRunner.privateRun(TestRunner.java:782)
	at org.testng.TestRunner.run(TestRunner.java:632)
	at org.testng.SuiteRunner.runTest(SuiteRunner.java:366)
	at org.testng.SuiteRunner.runSequentially(SuiteRunner.java:361)
	at org.testng.SuiteRunner.privateRun(SuiteRunner.java:319)
	at org.testng.SuiteRunner.run(SuiteRunner.java:268)
	at org.testng.SuiteRunnerWorker.runSuite(SuiteRunnerWorker.java:52)
	at org.testng.SuiteRunnerWorker.run(SuiteRunnerWorker.java:86)
	at org.testng.TestNG.runSuitesSequentially(TestNG.java:1244)
	at org.testng.TestNG.runSuitesSequentially(TestNG.java:1240)
	at org.testng.TestNG.runSuitesLocally(TestNG.java:1169)
	at org.testng.TestNG.run(TestNG.java:1064)
	at org.testng.remote.RemoteTestNG.run(RemoteTestNG.java:113)
	at org.testng.remote.RemoteTestNG.initAndRun(RemoteTestNG.java:206)
	at org.testng.remote.RemoteTestNG.main(RemoteTestNG.java:177)
</pre></div></td>
<td>0</td>
<td>com.arcapi.CompleteDataValidationNoPayloadTestcases.S3DocumentRemoveAPITest@65466a6a</td></tr>
<tr>
<td title='com.arcapi.CompleteDataValidationNoPayloadTestcases.S3DocumentUploadPOSTAPITest.S3DocumentUploadPOSTAPI()'><b>S3DocumentUploadPOSTAPI</b><br>Test class: com.arcapi.CompleteDataValidationNoPayloadTestcases.S3DocumentUploadPOSTAPITest</td>
<td><div><pre>org.testng.TestNGException: 
Parameter &apos;SheetName&apos; is required by @Test on method S3DocumentUploadPOSTAPI but has not been marked @Optional or defined
in D:\worksapceNew\TestArcAPI\src\main\resources\TestNGFiles\CompleteDataValidationNoPayloadTestng.xml
... Removed 23 stack frames</pre></div><a href='#' onClick='toggleBox("stack-trace1712003741", this, "Click to show all stack frames", "Click to hide stack frames")'>Click to show all stack frames</a>
<div class='stack-trace' id='stack-trace1712003741'><pre>org.testng.TestNGException: 
Parameter &apos;SheetName&apos; is required by @Test on method S3DocumentUploadPOSTAPI but has not been marked @Optional or defined
in D:\worksapceNew\TestArcAPI\src\main\resources\TestNGFiles\CompleteDataValidationNoPayloadTestng.xml
	at org.testng.internal.Parameters.createParameters(Parameters.java:154)
	at org.testng.internal.Parameters.createParameters(Parameters.java:361)
	at org.testng.internal.Parameters.handleParameters(Parameters.java:451)
	at org.testng.internal.Invoker.handleParameters(Invoker.java:1274)
	at org.testng.internal.Invoker.createParameters(Invoker.java:989)
	at org.testng.internal.Invoker.invokeTestMethods(Invoker.java:1079)
	at org.testng.internal.TestMethodWorker.invokeTestMethods(TestMethodWorker.java:129)
	at org.testng.internal.TestMethodWorker.run(TestMethodWorker.java:112)
	at org.testng.TestRunner.privateRun(TestRunner.java:782)
	at org.testng.TestRunner.run(TestRunner.java:632)
	at org.testng.SuiteRunner.runTest(SuiteRunner.java:366)
	at org.testng.SuiteRunner.runSequentially(SuiteRunner.java:361)
	at org.testng.SuiteRunner.privateRun(SuiteRunner.java:319)
	at org.testng.SuiteRunner.run(SuiteRunner.java:268)
	at org.testng.SuiteRunnerWorker.runSuite(SuiteRunnerWorker.java:52)
	at org.testng.SuiteRunnerWorker.run(SuiteRunnerWorker.java:86)
	at org.testng.TestNG.runSuitesSequentially(TestNG.java:1244)
	at org.testng.TestNG.runSuitesSequentially(TestNG.java:1240)
	at org.testng.TestNG.runSuitesLocally(TestNG.java:1169)
	at org.testng.TestNG.run(TestNG.java:1064)
	at org.testng.remote.RemoteTestNG.run(RemoteTestNG.java:113)
	at org.testng.remote.RemoteTestNG.initAndRun(RemoteTestNG.java:206)
	at org.testng.remote.RemoteTestNG.main(RemoteTestNG.java:177)
</pre></div></td>
<td>0</td>
<td>com.arcapi.CompleteDataValidationNoPayloadTestcases.S3DocumentUploadPOSTAPITest@4b14c583</td></tr>
<tr>
<td title='com.arcapi.CompleteDataValidationNoPayloadTestcases.SubmitReviewPOSTAPITest.SubmitReviewPOSTAPI()'><b>SubmitReviewPOSTAPI</b><br>Test class: com.arcapi.CompleteDataValidationNoPayloadTestcases.SubmitReviewPOSTAPITest</td>
<td><div><pre>org.testng.TestNGException: 
Parameter &apos;SheetName&apos; is required by @Test on method SubmitReviewPOSTAPI but has not been marked @Optional or defined
in D:\worksapceNew\TestArcAPI\src\main\resources\TestNGFiles\CompleteDataValidationNoPayloadTestng.xml
... Removed 23 stack frames</pre></div><a href='#' onClick='toggleBox("stack-trace1252142274", this, "Click to show all stack frames", "Click to hide stack frames")'>Click to show all stack frames</a>
<div class='stack-trace' id='stack-trace1252142274'><pre>org.testng.TestNGException: 
Parameter &apos;SheetName&apos; is required by @Test on method SubmitReviewPOSTAPI but has not been marked @Optional or defined
in D:\worksapceNew\TestArcAPI\src\main\resources\TestNGFiles\CompleteDataValidationNoPayloadTestng.xml
	at org.testng.internal.Parameters.createParameters(Parameters.java:154)
	at org.testng.internal.Parameters.createParameters(Parameters.java:361)
	at org.testng.internal.Parameters.handleParameters(Parameters.java:451)
	at org.testng.internal.Invoker.handleParameters(Invoker.java:1274)
	at org.testng.internal.Invoker.createParameters(Invoker.java:989)
	at org.testng.internal.Invoker.invokeTestMethods(Invoker.java:1079)
	at org.testng.internal.TestMethodWorker.invokeTestMethods(TestMethodWorker.java:129)
	at org.testng.internal.TestMethodWorker.run(TestMethodWorker.java:112)
	at org.testng.TestRunner.privateRun(TestRunner.java:782)
	at org.testng.TestRunner.run(TestRunner.java:632)
	at org.testng.SuiteRunner.runTest(SuiteRunner.java:366)
	at org.testng.SuiteRunner.runSequentially(SuiteRunner.java:361)
	at org.testng.SuiteRunner.privateRun(SuiteRunner.java:319)
	at org.testng.SuiteRunner.run(SuiteRunner.java:268)
	at org.testng.SuiteRunnerWorker.runSuite(SuiteRunnerWorker.java:52)
	at org.testng.SuiteRunnerWorker.run(SuiteRunnerWorker.java:86)
	at org.testng.TestNG.runSuitesSequentially(TestNG.java:1244)
	at org.testng.TestNG.runSuitesSequentially(TestNG.java:1240)
	at org.testng.TestNG.runSuitesLocally(TestNG.java:1169)
	at org.testng.TestNG.run(TestNG.java:1064)
	at org.testng.remote.RemoteTestNG.run(RemoteTestNG.java:113)
	at org.testng.remote.RemoteTestNG.initAndRun(RemoteTestNG.java:206)
	at org.testng.remote.RemoteTestNG.main(RemoteTestNG.java:177)
</pre></div></td>
<td>0</td>
<td>com.arcapi.CompleteDataValidationNoPayloadTestcases.SubmitReviewPOSTAPITest@4690b489</td></tr>
<tr>
<td title='com.arcapi.CompleteDataValidationNoPayloadTestcases.TransitSurveyCreatePOSTAPITest.TransitSurveyCreatePOSTAPI()'><b>TransitSurveyCreatePOSTAPI</b><br>Test class: com.arcapi.CompleteDataValidationNoPayloadTestcases.TransitSurveyCreatePOSTAPITest</td>
<td><div><pre>org.testng.TestNGException: 
Parameter &apos;SheetName&apos; is required by @Test on method TransitSurveyCreatePOSTAPI but has not been marked @Optional or defined
in D:\worksapceNew\TestArcAPI\src\main\resources\TestNGFiles\CompleteDataValidationNoPayloadTestng.xml
... Removed 23 stack frames</pre></div><a href='#' onClick='toggleBox("stack-trace427615079", this, "Click to show all stack frames", "Click to hide stack frames")'>Click to show all stack frames</a>
<div class='stack-trace' id='stack-trace427615079'><pre>org.testng.TestNGException: 
Parameter &apos;SheetName&apos; is required by @Test on method TransitSurveyCreatePOSTAPI but has not been marked @Optional or defined
in D:\worksapceNew\TestArcAPI\src\main\resources\TestNGFiles\CompleteDataValidationNoPayloadTestng.xml
	at org.testng.internal.Parameters.createParameters(Parameters.java:154)
	at org.testng.internal.Parameters.createParameters(Parameters.java:361)
	at org.testng.internal.Parameters.handleParameters(Parameters.java:451)
	at org.testng.internal.Invoker.handleParameters(Invoker.java:1274)
	at org.testng.internal.Invoker.createParameters(Invoker.java:989)
	at org.testng.internal.Invoker.invokeTestMethods(Invoker.java:1079)
	at org.testng.internal.TestMethodWorker.invokeTestMethods(TestMethodWorker.java:129)
	at org.testng.internal.TestMethodWorker.run(TestMethodWorker.java:112)
	at org.testng.TestRunner.privateRun(TestRunner.java:782)
	at org.testng.TestRunner.run(TestRunner.java:632)
	at org.testng.SuiteRunner.runTest(SuiteRunner.java:366)
	at org.testng.SuiteRunner.runSequentially(SuiteRunner.java:361)
	at org.testng.SuiteRunner.privateRun(SuiteRunner.java:319)
	at org.testng.SuiteRunner.run(SuiteRunner.java:268)
	at org.testng.SuiteRunnerWorker.runSuite(SuiteRunnerWorker.java:52)
	at org.testng.SuiteRunnerWorker.run(SuiteRunnerWorker.java:86)
	at org.testng.TestNG.runSuitesSequentially(TestNG.java:1244)
	at org.testng.TestNG.runSuitesSequentially(TestNG.java:1240)
	at org.testng.TestNG.runSuitesLocally(TestNG.java:1169)
	at org.testng.TestNG.run(TestNG.java:1064)
	at org.testng.remote.RemoteTestNG.run(RemoteTestNG.java:113)
	at org.testng.remote.RemoteTestNG.initAndRun(RemoteTestNG.java:206)
	at org.testng.remote.RemoteTestNG.main(RemoteTestNG.java:177)
</pre></div></td>
<td>0</td>
<td>com.arcapi.CompleteDataValidationNoPayloadTestcases.TransitSurveyCreatePOSTAPITest@48aaecc3</td></tr>
<tr>
<td title='com.arcapi.CompleteDataValidationNoPayloadTestcases.WasteCreatePOSTAPITest.WasteCreatePOSTAPI()'><b>WasteCreatePOSTAPI</b><br>Test class: com.arcapi.CompleteDataValidationNoPayloadTestcases.WasteCreatePOSTAPITest</td>
<td><div><pre>org.testng.TestNGException: 
Parameter &apos;SheetName&apos; is required by @Test on method WasteCreatePOSTAPI but has not been marked @Optional or defined
in D:\worksapceNew\TestArcAPI\src\main\resources\TestNGFiles\CompleteDataValidationNoPayloadTestng.xml
... Removed 23 stack frames</pre></div><a href='#' onClick='toggleBox("stack-trace1024266763", this, "Click to show all stack frames", "Click to hide stack frames")'>Click to show all stack frames</a>
<div class='stack-trace' id='stack-trace1024266763'><pre>org.testng.TestNGException: 
Parameter &apos;SheetName&apos; is required by @Test on method WasteCreatePOSTAPI but has not been marked @Optional or defined
in D:\worksapceNew\TestArcAPI\src\main\resources\TestNGFiles\CompleteDataValidationNoPayloadTestng.xml
	at org.testng.internal.Parameters.createParameters(Parameters.java:154)
	at org.testng.internal.Parameters.createParameters(Parameters.java:361)
	at org.testng.internal.Parameters.handleParameters(Parameters.java:451)
	at org.testng.internal.Invoker.handleParameters(Invoker.java:1274)
	at org.testng.internal.Invoker.createParameters(Invoker.java:989)
	at org.testng.internal.Invoker.invokeTestMethods(Invoker.java:1079)
	at org.testng.internal.TestMethodWorker.invokeTestMethods(TestMethodWorker.java:129)
	at org.testng.internal.TestMethodWorker.run(TestMethodWorker.java:112)
	at org.testng.TestRunner.privateRun(TestRunner.java:782)
	at org.testng.TestRunner.run(TestRunner.java:632)
	at org.testng.SuiteRunner.runTest(SuiteRunner.java:366)
	at org.testng.SuiteRunner.runSequentially(SuiteRunner.java:361)
	at org.testng.SuiteRunner.privateRun(SuiteRunner.java:319)
	at org.testng.SuiteRunner.run(SuiteRunner.java:268)
	at org.testng.SuiteRunnerWorker.runSuite(SuiteRunnerWorker.java:52)
	at org.testng.SuiteRunnerWorker.run(SuiteRunnerWorker.java:86)
	at org.testng.TestNG.runSuitesSequentially(TestNG.java:1244)
	at org.testng.TestNG.runSuitesSequentially(TestNG.java:1240)
	at org.testng.TestNG.runSuitesLocally(TestNG.java:1169)
	at org.testng.TestNG.run(TestNG.java:1064)
	at org.testng.remote.RemoteTestNG.run(RemoteTestNG.java:113)
	at org.testng.remote.RemoteTestNG.initAndRun(RemoteTestNG.java:206)
	at org.testng.remote.RemoteTestNG.main(RemoteTestNG.java:177)
</pre></div></td>
<td>0</td>
<td>com.arcapi.CompleteDataValidationNoPayloadTestcases.WasteCreatePOSTAPITest@3967e60c</td></tr>
<tr>
<td title='com.arcapi.CompleteDataValidationNoPayloadTestcases.WasteDivertedBulkDataPostTest.WasteDivertedBulkDataPost()'><b>WasteDivertedBulkDataPost</b><br>Test class: com.arcapi.CompleteDataValidationNoPayloadTestcases.WasteDivertedBulkDataPostTest</td>
<td><div><pre>org.testng.TestNGException: 
Parameter &apos;SheetName&apos; is required by @Test on method WasteDivertedBulkDataPost but has not been marked @Optional or defined
in D:\worksapceNew\TestArcAPI\src\main\resources\TestNGFiles\CompleteDataValidationNoPayloadTestng.xml
... Removed 23 stack frames</pre></div><a href='#' onClick='toggleBox("stack-trace289262328", this, "Click to show all stack frames", "Click to hide stack frames")'>Click to show all stack frames</a>
<div class='stack-trace' id='stack-trace289262328'><pre>org.testng.TestNGException: 
Parameter &apos;SheetName&apos; is required by @Test on method WasteDivertedBulkDataPost but has not been marked @Optional or defined
in D:\worksapceNew\TestArcAPI\src\main\resources\TestNGFiles\CompleteDataValidationNoPayloadTestng.xml
	at org.testng.internal.Parameters.createParameters(Parameters.java:154)
	at org.testng.internal.Parameters.createParameters(Parameters.java:361)
	at org.testng.internal.Parameters.handleParameters(Parameters.java:451)
	at org.testng.internal.Invoker.handleParameters(Invoker.java:1274)
	at org.testng.internal.Invoker.createParameters(Invoker.java:989)
	at org.testng.internal.Invoker.invokeTestMethods(Invoker.java:1079)
	at org.testng.internal.TestMethodWorker.invokeTestMethods(TestMethodWorker.java:129)
	at org.testng.internal.TestMethodWorker.run(TestMethodWorker.java:112)
	at org.testng.TestRunner.privateRun(TestRunner.java:782)
	at org.testng.TestRunner.run(TestRunner.java:632)
	at org.testng.SuiteRunner.runTest(SuiteRunner.java:366)
	at org.testng.SuiteRunner.runSequentially(SuiteRunner.java:361)
	at org.testng.SuiteRunner.privateRun(SuiteRunner.java:319)
	at org.testng.SuiteRunner.run(SuiteRunner.java:268)
	at org.testng.SuiteRunnerWorker.runSuite(SuiteRunnerWorker.java:52)
	at org.testng.SuiteRunnerWorker.run(SuiteRunnerWorker.java:86)
	at org.testng.TestNG.runSuitesSequentially(TestNG.java:1244)
	at org.testng.TestNG.runSuitesSequentially(TestNG.java:1240)
	at org.testng.TestNG.runSuitesLocally(TestNG.java:1169)
	at org.testng.TestNG.run(TestNG.java:1064)
	at org.testng.remote.RemoteTestNG.run(RemoteTestNG.java:113)
	at org.testng.remote.RemoteTestNG.initAndRun(RemoteTestNG.java:206)
	at org.testng.remote.RemoteTestNG.main(RemoteTestNG.java:177)
</pre></div></td>
<td>0</td>
<td>com.arcapi.CompleteDataValidationNoPayloadTestcases.WasteDivertedBulkDataPostTest@20d28811</td></tr>
<tr>
<td title='com.arcapi.CompleteDataValidationNoPayloadTestcases.WasteGeneratedBulkDataPostTest.WasteGeneratedBulkDataPost()'><b>WasteGeneratedBulkDataPost</b><br>Test class: com.arcapi.CompleteDataValidationNoPayloadTestcases.WasteGeneratedBulkDataPostTest</td>
<td><div><pre>org.testng.TestNGException: 
Parameter &apos;SheetName&apos; is required by @Test on method WasteGeneratedBulkDataPost but has not been marked @Optional or defined
in D:\worksapceNew\TestArcAPI\src\main\resources\TestNGFiles\CompleteDataValidationNoPayloadTestng.xml
... Removed 23 stack frames</pre></div><a href='#' onClick='toggleBox("stack-trace387410712", this, "Click to show all stack frames", "Click to hide stack frames")'>Click to show all stack frames</a>
<div class='stack-trace' id='stack-trace387410712'><pre>org.testng.TestNGException: 
Parameter &apos;SheetName&apos; is required by @Test on method WasteGeneratedBulkDataPost but has not been marked @Optional or defined
in D:\worksapceNew\TestArcAPI\src\main\resources\TestNGFiles\CompleteDataValidationNoPayloadTestng.xml
	at org.testng.internal.Parameters.createParameters(Parameters.java:154)
	at org.testng.internal.Parameters.createParameters(Parameters.java:361)
	at org.testng.internal.Parameters.handleParameters(Parameters.java:451)
	at org.testng.internal.Invoker.handleParameters(Invoker.java:1274)
	at org.testng.internal.Invoker.createParameters(Invoker.java:989)
	at org.testng.internal.Invoker.invokeTestMethods(Invoker.java:1079)
	at org.testng.internal.TestMethodWorker.invokeTestMethods(TestMethodWorker.java:129)
	at org.testng.internal.TestMethodWorker.run(TestMethodWorker.java:112)
	at org.testng.TestRunner.privateRun(TestRunner.java:782)
	at org.testng.TestRunner.run(TestRunner.java:632)
	at org.testng.SuiteRunner.runTest(SuiteRunner.java:366)
	at org.testng.SuiteRunner.runSequentially(SuiteRunner.java:361)
	at org.testng.SuiteRunner.privateRun(SuiteRunner.java:319)
	at org.testng.SuiteRunner.run(SuiteRunner.java:268)
	at org.testng.SuiteRunnerWorker.runSuite(SuiteRunnerWorker.java:52)
	at org.testng.SuiteRunnerWorker.run(SuiteRunnerWorker.java:86)
	at org.testng.TestNG.runSuitesSequentially(TestNG.java:1244)
	at org.testng.TestNG.runSuitesSequentially(TestNG.java:1240)
	at org.testng.TestNG.runSuitesLocally(TestNG.java:1169)
	at org.testng.TestNG.run(TestNG.java:1064)
	at org.testng.remote.RemoteTestNG.run(RemoteTestNG.java:113)
	at org.testng.remote.RemoteTestNG.initAndRun(RemoteTestNG.java:206)
	at org.testng.remote.RemoteTestNG.main(RemoteTestNG.java:177)
</pre></div></td>
<td>0</td>
<td>com.arcapi.CompleteDataValidationNoPayloadTestcases.WasteGeneratedBulkDataPostTest@3cc2931c</td></tr>
<tr>
<td title='com.arcapi.CompleteDataValidationNoPayloadTestcases.WasteUpdatePUTAPITest.WasteUpdatePUTAPI()'><b>WasteUpdatePUTAPI</b><br>Test class: com.arcapi.CompleteDataValidationNoPayloadTestcases.WasteUpdatePUTAPITest</td>
<td><div><pre>org.testng.TestNGException: 
Parameter &apos;SheetName&apos; is required by @Test on method WasteUpdatePUTAPI but has not been marked @Optional or defined
in D:\worksapceNew\TestArcAPI\src\main\resources\TestNGFiles\CompleteDataValidationNoPayloadTestng.xml
... Removed 23 stack frames</pre></div><a href='#' onClick='toggleBox("stack-trace1522494105", this, "Click to show all stack frames", "Click to hide stack frames")'>Click to show all stack frames</a>
<div class='stack-trace' id='stack-trace1522494105'><pre>org.testng.TestNGException: 
Parameter &apos;SheetName&apos; is required by @Test on method WasteUpdatePUTAPI but has not been marked @Optional or defined
in D:\worksapceNew\TestArcAPI\src\main\resources\TestNGFiles\CompleteDataValidationNoPayloadTestng.xml
	at org.testng.internal.Parameters.createParameters(Parameters.java:154)
	at org.testng.internal.Parameters.createParameters(Parameters.java:361)
	at org.testng.internal.Parameters.handleParameters(Parameters.java:451)
	at org.testng.internal.Invoker.handleParameters(Invoker.java:1274)
	at org.testng.internal.Invoker.createParameters(Invoker.java:989)
	at org.testng.internal.Invoker.invokeTestMethods(Invoker.java:1079)
	at org.testng.internal.TestMethodWorker.invokeTestMethods(TestMethodWorker.java:129)
	at org.testng.internal.TestMethodWorker.run(TestMethodWorker.java:112)
	at org.testng.TestRunner.privateRun(TestRunner.java:782)
	at org.testng.TestRunner.run(TestRunner.java:632)
	at org.testng.SuiteRunner.runTest(SuiteRunner.java:366)
	at org.testng.SuiteRunner.runSequentially(SuiteRunner.java:361)
	at org.testng.SuiteRunner.privateRun(SuiteRunner.java:319)
	at org.testng.SuiteRunner.run(SuiteRunner.java:268)
	at org.testng.SuiteRunnerWorker.runSuite(SuiteRunnerWorker.java:52)
	at org.testng.SuiteRunnerWorker.run(SuiteRunnerWorker.java:86)
	at org.testng.TestNG.runSuitesSequentially(TestNG.java:1244)
	at org.testng.TestNG.runSuitesSequentially(TestNG.java:1240)
	at org.testng.TestNG.runSuitesLocally(TestNG.java:1169)
	at org.testng.TestNG.run(TestNG.java:1064)
	at org.testng.remote.RemoteTestNG.run(RemoteTestNG.java:113)
	at org.testng.remote.RemoteTestNG.initAndRun(RemoteTestNG.java:206)
	at org.testng.remote.RemoteTestNG.main(RemoteTestNG.java:177)
</pre></div></td>
<td>0</td>
<td>com.arcapi.CompleteDataValidationNoPayloadTestcases.WasteUpdatePUTAPITest@60d8c9b7</td></tr>
</table><p>
</body>
</html>