<?xml version="1.0" encoding="UTF-8"?>
<!-- Generated by org.testng.reporters.JUnitXMLReporter -->
<testsuite hostname="G10GGNLT052" name="DataValidationTest-City" tests="9" failures="0" timestamp="28 Nov 2019 04:56:32 GMT" time="0.0" errors="0">
  <testcase name="@BeforeClass setBaseUri" time="0.0" classname="com.arcapi.Common.LoginAPITest">
    <failure type="org.testng.TestNGException" message="
Parameter &amp;apos;environment&amp;apos; is required by @Configuration on method setBaseUri but has not been marked @Optional or defined
in D:\worksapceNew\TestArcAPI\src\main\resources\TestNGFiles\CompleteDataValidationNoPayloadTestng.xml">
      <![CDATA[org.testng.TestNGException: 
Parameter 'environment' is required by @Configuration on method setBaseUri but has not been marked @Optional or defined
in D:\worksapceNew\TestArcAPI\src\main\resources\TestNGFiles\CompleteDataValidationNoPayloadTestng.xml
... Removed 22 stack frames]]>
    </failure>
  </testcase> <!-- @BeforeClass setBaseUri -->
  <testcase name="@BeforeMethod ExtentReportConfig" time="0.0" classname="com.arcapi.Common.LoginAPITest">
    <skipped/>
  </testcase> <!-- @BeforeMethod ExtentReportConfig -->
  <testcase name="@BeforeMethod start" time="0.0" classname="com.arcapi.Common.LoginAPITest">
    <skipped/>
  </testcase> <!-- @BeforeMethod start -->
  <testcase name="@AfterMethod teardown" time="0.0" classname="com.arcapi.Common.LoginAPITest">
    <skipped/>
  </testcase> <!-- @AfterMethod teardown -->
  <testcase name="@AfterClass end" time="0.0" classname="com.arcapi.Common.LoginAPITest">
    <skipped/>
  </testcase> <!-- @AfterClass end -->
  <testcase name="@BeforeClass getSuiteName" time="0.0" classname="com.arcapi.Common.CityCom.CreateNewProjectAPITest">
    <skipped/>
  </testcase> <!-- @BeforeClass getSuiteName -->
  <testcase name="@BeforeClass setBaseUri" time="0.0" classname="com.arcapi.Common.CityCom.CreateNewProjectAPITest">
    <skipped/>
  </testcase> <!-- @BeforeClass setBaseUri -->
  <testcase name="@AfterClass end" time="0.0" classname="com.arcapi.Common.CityCom.CreateNewProjectAPITest">
    <skipped/>
  </testcase> <!-- @AfterClass end -->
  <testcase name="@BeforeClass getSuiteName" time="0.0" classname="com.arcapi.Common.SignAgreementRegistrationAPITest">
    <skipped/>
  </testcase> <!-- @BeforeClass getSuiteName -->
  <testcase name="@BeforeClass setBaseUri" time="0.0" classname="com.arcapi.Common.SignAgreementRegistrationAPITest">
    <skipped/>
  </testcase> <!-- @BeforeClass setBaseUri -->
  <testcase name="@AfterClass end" time="0.0" classname="com.arcapi.Common.SignAgreementRegistrationAPITest">
    <skipped/>
  </testcase> <!-- @AfterClass end -->
  <testcase name="@BeforeClass getSuiteName" time="0.0" classname="com.arcapi.Common.RegistrationPaymentPricingGetAPITest">
    <skipped/>
  </testcase> <!-- @BeforeClass getSuiteName -->
  <testcase name="@BeforeClass setBaseUri" time="0.0" classname="com.arcapi.Common.RegistrationPaymentPricingGetAPITest">
    <skipped/>
  </testcase> <!-- @BeforeClass setBaseUri -->
  <testcase name="@AfterClass end" time="0.0" classname="com.arcapi.Common.RegistrationPaymentPricingGetAPITest">
    <skipped/>
  </testcase> <!-- @AfterClass end -->
  <testcase name="@BeforeClass getSuiteName" time="0.0" classname="com.arcapi.Common.PaymentOrderSubmitPOSTAPITest">
    <skipped/>
  </testcase> <!-- @BeforeClass getSuiteName -->
  <testcase name="@BeforeClass setBaseUri" time="0.0" classname="com.arcapi.Common.PaymentOrderSubmitPOSTAPITest">
    <skipped/>
  </testcase> <!-- @BeforeClass setBaseUri -->
  <testcase name="@AfterClass end" time="0.0" classname="com.arcapi.Common.PaymentOrderSubmitPOSTAPITest">
    <skipped/>
  </testcase> <!-- @AfterClass end -->
  <testcase name="@BeforeClass getSuiteName" time="0.0" classname="com.arcapi.Common.AddAssestTimelinePOSTAPITest">
    <skipped/>
  </testcase> <!-- @BeforeClass getSuiteName -->
  <testcase name="@BeforeClass setBaseUri" time="0.0" classname="com.arcapi.Common.AddAssestTimelinePOSTAPITest">
    <skipped/>
  </testcase> <!-- @BeforeClass setBaseUri -->
  <testcase name="@AfterClass end" time="0.0" classname="com.arcapi.Common.AddAssestTimelinePOSTAPITest">
    <skipped/>
  </testcase> <!-- @AfterClass end -->
  <testcase name="@BeforeClass getSuiteName" time="0.0" classname="com.arcapi.CompleteDataValidationNoPayloadTestcases.CreditAddTeamPOSTAPITest">
    <skipped/>
  </testcase> <!-- @BeforeClass getSuiteName -->
  <testcase name="@BeforeClass setBaseUri" time="0.0" classname="com.arcapi.CompleteDataValidationNoPayloadTestcases.CreditAddTeamPOSTAPITest">
    <skipped/>
  </testcase> <!-- @BeforeClass setBaseUri -->
  <testcase name="@AfterClass end" time="0.0" classname="com.arcapi.CompleteDataValidationNoPayloadTestcases.CreditAddTeamPOSTAPITest">
    <skipped/>
  </testcase> <!-- @AfterClass end -->
  <testcase name="@BeforeClass getSuiteName" time="0.0" classname="com.arcapi.CompleteDataValidationNoPayloadTestcases.MeasuresPostAPITest">
    <skipped/>
  </testcase> <!-- @BeforeClass getSuiteName -->
  <testcase name="@BeforeClass setBaseUri" time="0.0" classname="com.arcapi.CompleteDataValidationNoPayloadTestcases.MeasuresPostAPITest">
    <skipped/>
  </testcase> <!-- @BeforeClass setBaseUri -->
  <testcase name="@AfterClass end" time="0.0" classname="com.arcapi.CompleteDataValidationNoPayloadTestcases.MeasuresPostAPITest">
    <skipped/>
  </testcase> <!-- @AfterClass end -->
  <testcase name="@BeforeClass getSuiteName" time="0.0" classname="com.arcapi.CompleteDataValidationNoPayloadTestcases.MeasuresUpdateAPITest">
    <skipped/>
  </testcase> <!-- @BeforeClass getSuiteName -->
  <testcase name="@BeforeClass setBaseUri" time="0.0" classname="com.arcapi.CompleteDataValidationNoPayloadTestcases.MeasuresUpdateAPITest">
    <skipped/>
  </testcase> <!-- @BeforeClass setBaseUri -->
  <testcase name="@AfterClass end" time="0.0" classname="com.arcapi.CompleteDataValidationNoPayloadTestcases.MeasuresUpdateAPITest">
    <skipped/>
  </testcase> <!-- @AfterClass end -->
  <testcase name="LoginAPI" time="0.0" classname="com.arcapi.Common.LoginAPITest">
    <skipped/>
  </testcase> <!-- LoginAPI -->
  <testcase name="CreateAssetPOSTAPI" time="0.0" classname="com.arcapi.Common.CityCom.CreateNewProjectAPITest">
    <skipped/>
  </testcase> <!-- CreateAssetPOSTAPI -->
  <testcase name="SignAgreementRegistrationAPI" time="0.0" classname="com.arcapi.Common.SignAgreementRegistrationAPITest">
    <skipped/>
  </testcase> <!-- SignAgreementRegistrationAPI -->
  <testcase name="RegistrationPaymentPricingGetAPI" time="0.0" classname="com.arcapi.Common.RegistrationPaymentPricingGetAPITest">
    <skipped/>
  </testcase> <!-- RegistrationPaymentPricingGetAPI -->
  <testcase name="PaymentOrderSubmitPOSTAPI" time="0.0" classname="com.arcapi.Common.PaymentOrderSubmitPOSTAPITest">
    <skipped/>
  </testcase> <!-- PaymentOrderSubmitPOSTAPI -->
  <testcase name="AddAssestTimeline" time="0.0" classname="com.arcapi.Common.AddAssestTimelinePOSTAPITest">
    <skipped/>
  </testcase> <!-- AddAssestTimeline -->
  <testcase name="CreditAddTeamPOSTAPI" time="0.0" classname="com.arcapi.CompleteDataValidationNoPayloadTestcases.CreditAddTeamPOSTAPITest">
    <skipped/>
  </testcase> <!-- CreditAddTeamPOSTAPI -->
  <testcase name="MeasuresPostAPI" time="0.0" classname="com.arcapi.CompleteDataValidationNoPayloadTestcases.MeasuresPostAPITest">
    <skipped/>
  </testcase> <!-- MeasuresPostAPI -->
  <testcase name="MeasuresUpdateAPI" time="0.0" classname="com.arcapi.CompleteDataValidationNoPayloadTestcases.MeasuresUpdateAPITest">
    <skipped/>
  </testcase> <!-- MeasuresUpdateAPI -->
</testsuite> <!-- DataValidationTest-City -->
