<html>
<head>
<title>TestNG:  DataValidationTest-Portfolios</title>
<link href="../testng.css" rel="stylesheet" type="text/css" />
<link href="../my-testng.css" rel="stylesheet" type="text/css" />

<style type="text/css">
.log { display: none;} 
.stack-trace { display: none;} 
</style>
<script type="text/javascript">
<!--
function flip(e) {
  current = e.style.display;
  if (current == 'block') {
    e.style.display = 'none';
    return 0;
  }
  else {
    e.style.display = 'block';
    return 1;
  }
}

function toggleBox(szDivId, elem, msg1, msg2)
{
  var res = -1;  if (document.getElementById) {
    res = flip(document.getElementById(szDivId));
  }
  else if (document.all) {
    // this is the way old msie versions work
    res = flip(document.all[szDivId]);
  }
  if(elem) {
    if(res == 0) elem.innerHTML = msg1; else elem.innerHTML = msg2;
  }

}

function toggleAllBoxes() {
  if (document.getElementsByTagName) {
    d = document.getElementsByTagName('div');
    for (i = 0; i < d.length; i++) {
      if (d[i].className == 'log') {
        flip(d[i]);
      }
    }
  }
}

// -->
</script>

</head>
<body>
<h2 align='center'>DataValidationTest-Portfolios</h2><table border='1' align="center">
<tr>
<td>Tests passed/Failed/Skipped:</td><td>0/0/12</td>
</tr><tr>
<td>Started on:</td><td>Thu Nov 28 10:26:32 IST 2019</td>
</tr>
<tr><td>Total time:</td><td>0 seconds (16 ms)</td>
</tr><tr>
<td>Included groups:</td><td></td>
</tr><tr>
<td>Excluded groups:</td><td></td>
</tr>
</table><p/>
<small><i>(Hover the method name to see the test class name)</i></small><p/>
<table width='100%' border='1' class='invocation-failed'>
<tr><td colspan='4' align='center'><b>FAILED CONFIGURATIONS</b></td></tr>
<tr><td><b>Test method</b></td>
<td width="30%"><b>Exception</b></td>
<td width="10%"><b>Time (seconds)</b></td>
<td><b>Instance</b></td>
</tr>
<tr>
<td title='com.arcapi.Common.LoginAPITest.setBaseUri()'><b>setBaseUri</b><br>Test class: com.arcapi.Common.LoginAPITest</td>
<td><div><pre>org.testng.TestNGException: 
Parameter &apos;environment&apos; is required by @Configuration on method setBaseUri but has not been marked @Optional or defined
in D:\worksapceNew\TestArcAPI\src\main\resources\TestNGFiles\CompleteDataValidationNoPayloadTestng.xml
... Removed 22 stack frames</pre></div><a href='#' onClick='toggleBox("stack-trace962058379", this, "Click to show all stack frames", "Click to hide stack frames")'>Click to show all stack frames</a>
<div class='stack-trace' id='stack-trace962058379'><pre>org.testng.TestNGException: 
Parameter &apos;environment&apos; is required by @Configuration on method setBaseUri but has not been marked @Optional or defined
in D:\worksapceNew\TestArcAPI\src\main\resources\TestNGFiles\CompleteDataValidationNoPayloadTestng.xml
	at org.testng.internal.Parameters.createParameters(Parameters.java:154)
	at org.testng.internal.Parameters.createParameters(Parameters.java:361)
	at org.testng.internal.Parameters.createConfigurationParameters(Parameters.java:84)
	at org.testng.internal.Invoker.invokeConfigurations(Invoker.java:201)
	at org.testng.internal.Invoker.invokeConfigurations(Invoker.java:142)
	at org.testng.internal.TestMethodWorker.invokeBeforeClassMethods(TestMethodWorker.java:178)
	at org.testng.internal.TestMethodWorker.run(TestMethodWorker.java:108)
	at org.testng.TestRunner.privateRun(TestRunner.java:782)
	at org.testng.TestRunner.run(TestRunner.java:632)
	at org.testng.SuiteRunner.runTest(SuiteRunner.java:366)
	at org.testng.SuiteRunner.runSequentially(SuiteRunner.java:361)
	at org.testng.SuiteRunner.privateRun(SuiteRunner.java:319)
	at org.testng.SuiteRunner.run(SuiteRunner.java:268)
	at org.testng.SuiteRunnerWorker.runSuite(SuiteRunnerWorker.java:52)
	at org.testng.SuiteRunnerWorker.run(SuiteRunnerWorker.java:86)
	at org.testng.TestNG.runSuitesSequentially(TestNG.java:1244)
	at org.testng.TestNG.runSuitesSequentially(TestNG.java:1240)
	at org.testng.TestNG.runSuitesLocally(TestNG.java:1169)
	at org.testng.TestNG.run(TestNG.java:1064)
	at org.testng.remote.RemoteTestNG.run(RemoteTestNG.java:113)
	at org.testng.remote.RemoteTestNG.initAndRun(RemoteTestNG.java:206)
	at org.testng.remote.RemoteTestNG.main(RemoteTestNG.java:177)
</pre></div></td>
<td>0</td>
<td>com.arcapi.Common.LoginAPITest@35047d03</td></tr>
</table><p>
<table width='100%' border='1' class='invocation-skipped'>
<tr><td colspan='4' align='center'><b>SKIPPED CONFIGURATIONS</b></td></tr>
<tr><td><b>Test method</b></td>
<td width="30%"><b>Exception</b></td>
<td width="10%"><b>Time (seconds)</b></td>
<td><b>Instance</b></td>
</tr>
<tr>
<td title='com.arcapi.Portfoliostestcases.PortfoliosPostAPITest.getSuiteName()'><b>getSuiteName</b><br>Test class: com.arcapi.Portfoliostestcases.PortfoliosPostAPITest</td>
<td></td>
<td>0</td>
<td>com.arcapi.Portfoliostestcases.PortfoliosPostAPITest@49b0b76</td></tr>
<tr>
<td title='com.arcapi.Portfoliostestcases.PortfoliosPostAPITest.setBaseUri()'><b>setBaseUri</b><br>Test class: com.arcapi.Portfoliostestcases.PortfoliosPostAPITest</td>
<td></td>
<td>0</td>
<td>com.arcapi.Portfoliostestcases.PortfoliosPostAPITest@49b0b76</td></tr>
<tr>
<td title='com.arcapi.CompleteDataValidationNoPayloadTestcases.PortfoliosPostAPITest.getSuiteName()'><b>getSuiteName</b><br>Test class: com.arcapi.CompleteDataValidationNoPayloadTestcases.PortfoliosPostAPITest</td>
<td></td>
<td>0</td>
<td>com.arcapi.CompleteDataValidationNoPayloadTestcases.PortfoliosPostAPITest@769f71a9</td></tr>
<tr>
<td title='com.arcapi.CompleteDataValidationNoPayloadTestcases.PortfoliosPostAPITest.setBaseUri()'><b>setBaseUri</b><br>Test class: com.arcapi.CompleteDataValidationNoPayloadTestcases.PortfoliosPostAPITest</td>
<td></td>
<td>0</td>
<td>com.arcapi.CompleteDataValidationNoPayloadTestcases.PortfoliosPostAPITest@769f71a9</td></tr>
<tr>
<td title='com.arcapi.CompleteDataValidationNoPayloadTestcases.PortfoliosDetailPUTAPITest.getSuiteName()'><b>getSuiteName</b><br>Test class: com.arcapi.CompleteDataValidationNoPayloadTestcases.PortfoliosDetailPUTAPITest</td>
<td></td>
<td>0</td>
<td>com.arcapi.CompleteDataValidationNoPayloadTestcases.PortfoliosDetailPUTAPITest@4c9f8c13</td></tr>
<tr>
<td title='com.arcapi.CompleteDataValidationNoPayloadTestcases.PortfoliosDetailPUTAPITest.setBaseUri()'><b>setBaseUri</b><br>Test class: com.arcapi.CompleteDataValidationNoPayloadTestcases.PortfoliosDetailPUTAPITest</td>
<td></td>
<td>0</td>
<td>com.arcapi.CompleteDataValidationNoPayloadTestcases.PortfoliosDetailPUTAPITest@4c9f8c13</td></tr>
<tr>
<td title='com.arcapi.Portfoliostestcases.PortfoliosAssetPostAPITest.getSuiteName()'><b>getSuiteName</b><br>Test class: com.arcapi.Portfoliostestcases.PortfoliosAssetPostAPITest</td>
<td></td>
<td>0</td>
<td>com.arcapi.Portfoliostestcases.PortfoliosAssetPostAPITest@5ae50ce6</td></tr>
<tr>
<td title='com.arcapi.Portfoliostestcases.PortfoliosAssetPostAPITest.setBaseUri()'><b>setBaseUri</b><br>Test class: com.arcapi.Portfoliostestcases.PortfoliosAssetPostAPITest</td>
<td></td>
<td>0</td>
<td>com.arcapi.Portfoliostestcases.PortfoliosAssetPostAPITest@5ae50ce6</td></tr>
<tr>
<td title='com.arcapi.CompleteDataValidationNoPayloadTestcases.PortfoliosAssetPostAPITest.getSuiteName()'><b>getSuiteName</b><br>Test class: com.arcapi.CompleteDataValidationNoPayloadTestcases.PortfoliosAssetPostAPITest</td>
<td></td>
<td>0</td>
<td>com.arcapi.CompleteDataValidationNoPayloadTestcases.PortfoliosAssetPostAPITest@6f96c77</td></tr>
<tr>
<td title='com.arcapi.CompleteDataValidationNoPayloadTestcases.PortfoliosAssetPostAPITest.setBaseUri()'><b>setBaseUri</b><br>Test class: com.arcapi.CompleteDataValidationNoPayloadTestcases.PortfoliosAssetPostAPITest</td>
<td></td>
<td>0</td>
<td>com.arcapi.CompleteDataValidationNoPayloadTestcases.PortfoliosAssetPostAPITest@6f96c77</td></tr>
<tr>
<td title='com.arcapi.CompleteDataValidationNoPayloadTestcases.PortfoliosAssetDetailPUTAPITest.getSuiteName()'><b>getSuiteName</b><br>Test class: com.arcapi.CompleteDataValidationNoPayloadTestcases.PortfoliosAssetDetailPUTAPITest</td>
<td></td>
<td>0</td>
<td>com.arcapi.CompleteDataValidationNoPayloadTestcases.PortfoliosAssetDetailPUTAPITest@be64738</td></tr>
<tr>
<td title='com.arcapi.CompleteDataValidationNoPayloadTestcases.PortfoliosAssetDetailPUTAPITest.setBaseUri()'><b>setBaseUri</b><br>Test class: com.arcapi.CompleteDataValidationNoPayloadTestcases.PortfoliosAssetDetailPUTAPITest</td>
<td></td>
<td>0</td>
<td>com.arcapi.CompleteDataValidationNoPayloadTestcases.PortfoliosAssetDetailPUTAPITest@be64738</td></tr>
<tr>
<td title='com.arcapi.CompleteDataValidationNoPayloadTestcases.PortfoliosGoalsUpdateAPITest.getSuiteName()'><b>getSuiteName</b><br>Test class: com.arcapi.CompleteDataValidationNoPayloadTestcases.PortfoliosGoalsUpdateAPITest</td>
<td></td>
<td>0</td>
<td>com.arcapi.CompleteDataValidationNoPayloadTestcases.PortfoliosGoalsUpdateAPITest@3ba9ad43</td></tr>
<tr>
<td title='com.arcapi.CompleteDataValidationNoPayloadTestcases.PortfoliosGoalsUpdateAPITest.setBaseUri()'><b>setBaseUri</b><br>Test class: com.arcapi.CompleteDataValidationNoPayloadTestcases.PortfoliosGoalsUpdateAPITest</td>
<td></td>
<td>0</td>
<td>com.arcapi.CompleteDataValidationNoPayloadTestcases.PortfoliosGoalsUpdateAPITest@3ba9ad43</td></tr>
<tr>
<td title='com.arcapi.CompleteDataValidationNoPayloadTestcases.PortfoliosTeamsPostAPITest.getSuiteName()'><b>getSuiteName</b><br>Test class: com.arcapi.CompleteDataValidationNoPayloadTestcases.PortfoliosTeamsPostAPITest</td>
<td></td>
<td>0</td>
<td>com.arcapi.CompleteDataValidationNoPayloadTestcases.PortfoliosTeamsPostAPITest@49d904ec</td></tr>
<tr>
<td title='com.arcapi.CompleteDataValidationNoPayloadTestcases.PortfoliosTeamsPostAPITest.setBaseUri()'><b>setBaseUri</b><br>Test class: com.arcapi.CompleteDataValidationNoPayloadTestcases.PortfoliosTeamsPostAPITest</td>
<td></td>
<td>0</td>
<td>com.arcapi.CompleteDataValidationNoPayloadTestcases.PortfoliosTeamsPostAPITest@49d904ec</td></tr>
<tr>
<td title='com.arcapi.CompleteDataValidationNoPayloadTestcases.PortfoliosTeamsPUTAPITest.getSuiteName()'><b>getSuiteName</b><br>Test class: com.arcapi.CompleteDataValidationNoPayloadTestcases.PortfoliosTeamsPUTAPITest</td>
<td></td>
<td>0</td>
<td>com.arcapi.CompleteDataValidationNoPayloadTestcases.PortfoliosTeamsPUTAPITest@48e4374</td></tr>
<tr>
<td title='com.arcapi.CompleteDataValidationNoPayloadTestcases.PortfoliosTeamsPUTAPITest.setBaseUri()'><b>setBaseUri</b><br>Test class: com.arcapi.CompleteDataValidationNoPayloadTestcases.PortfoliosTeamsPUTAPITest</td>
<td></td>
<td>0</td>
<td>com.arcapi.CompleteDataValidationNoPayloadTestcases.PortfoliosTeamsPUTAPITest@48e4374</td></tr>
<tr>
<td title='com.arcapi.CompleteDataValidationNoPayloadTestcases.PortfoliosTeamsDELETEAPITest.getSuiteName()'><b>getSuiteName</b><br>Test class: com.arcapi.CompleteDataValidationNoPayloadTestcases.PortfoliosTeamsDELETEAPITest</td>
<td></td>
<td>0</td>
<td>com.arcapi.CompleteDataValidationNoPayloadTestcases.PortfoliosTeamsDELETEAPITest@3d680b5a</td></tr>
<tr>
<td title='com.arcapi.CompleteDataValidationNoPayloadTestcases.PortfoliosTeamsDELETEAPITest.setBaseUri()'><b>setBaseUri</b><br>Test class: com.arcapi.CompleteDataValidationNoPayloadTestcases.PortfoliosTeamsDELETEAPITest</td>
<td></td>
<td>0</td>
<td>com.arcapi.CompleteDataValidationNoPayloadTestcases.PortfoliosTeamsDELETEAPITest@3d680b5a</td></tr>
<tr>
<td title='com.arcapi.Common.LoginAPITest.ExtentReportConfig()'><b>ExtentReportConfig</b><br>Test class: com.arcapi.Common.LoginAPITest</td>
<td></td>
<td>0</td>
<td>com.arcapi.Common.LoginAPITest@35047d03</td></tr>
<tr>
<td title='com.arcapi.Common.LoginAPITest.start()'><b>start</b><br>Test class: com.arcapi.Common.LoginAPITest</td>
<td></td>
<td>0</td>
<td>com.arcapi.Common.LoginAPITest@35047d03</td></tr>
<tr>
<td title='com.arcapi.Portfoliostestcases.PortfoliosAssetPostAPITest.ExtentReportConfig()'><b>ExtentReportConfig</b><br>Test class: com.arcapi.Portfoliostestcases.PortfoliosAssetPostAPITest</td>
<td></td>
<td>0</td>
<td>com.arcapi.Portfoliostestcases.PortfoliosAssetPostAPITest@5ae50ce6</td></tr>
<tr>
<td title='com.arcapi.Portfoliostestcases.PortfoliosAssetPostAPITest.start()'><b>start</b><br>Test class: com.arcapi.Portfoliostestcases.PortfoliosAssetPostAPITest</td>
<td></td>
<td>0</td>
<td>com.arcapi.Portfoliostestcases.PortfoliosAssetPostAPITest@5ae50ce6</td></tr>
<tr>
<td title='com.arcapi.Portfoliostestcases.PortfoliosAssetPostAPITest.ExtentReportConfig()'><b>ExtentReportConfig</b><br>Test class: com.arcapi.Portfoliostestcases.PortfoliosAssetPostAPITest</td>
<td></td>
<td>0</td>
<td>com.arcapi.Portfoliostestcases.PortfoliosAssetPostAPITest@5ae50ce6</td></tr>
<tr>
<td title='com.arcapi.Portfoliostestcases.PortfoliosAssetPostAPITest.start()'><b>start</b><br>Test class: com.arcapi.Portfoliostestcases.PortfoliosAssetPostAPITest</td>
<td></td>
<td>0</td>
<td>com.arcapi.Portfoliostestcases.PortfoliosAssetPostAPITest@5ae50ce6</td></tr>
<tr>
<td title='com.arcapi.Common.LoginAPITest.teardown()'><b>teardown</b><br>Test class: com.arcapi.Common.LoginAPITest</td>
<td></td>
<td>0</td>
<td>com.arcapi.Common.LoginAPITest@35047d03</td></tr>
<tr>
<td title='com.arcapi.Portfoliostestcases.PortfoliosAssetPostAPITest.teardown()'><b>teardown</b><br>Test class: com.arcapi.Portfoliostestcases.PortfoliosAssetPostAPITest</td>
<td></td>
<td>0</td>
<td>com.arcapi.Portfoliostestcases.PortfoliosAssetPostAPITest@5ae50ce6</td></tr>
<tr>
<td title='com.arcapi.Portfoliostestcases.PortfoliosAssetPostAPITest.teardown()'><b>teardown</b><br>Test class: com.arcapi.Portfoliostestcases.PortfoliosAssetPostAPITest</td>
<td></td>
<td>0</td>
<td>com.arcapi.Portfoliostestcases.PortfoliosAssetPostAPITest@5ae50ce6</td></tr>
<tr>
<td title='com.arcapi.Common.LoginAPITest.end()'><b>end</b><br>Test class: com.arcapi.Common.LoginAPITest</td>
<td></td>
<td>0</td>
<td>com.arcapi.Common.LoginAPITest@35047d03</td></tr>
<tr>
<td title='com.arcapi.Portfoliostestcases.PortfoliosPostAPITest.end()'><b>end</b><br>Test class: com.arcapi.Portfoliostestcases.PortfoliosPostAPITest</td>
<td></td>
<td>0</td>
<td>com.arcapi.Portfoliostestcases.PortfoliosPostAPITest@49b0b76</td></tr>
<tr>
<td title='com.arcapi.CompleteDataValidationNoPayloadTestcases.PortfoliosPostAPITest.end()'><b>end</b><br>Test class: com.arcapi.CompleteDataValidationNoPayloadTestcases.PortfoliosPostAPITest</td>
<td></td>
<td>0</td>
<td>com.arcapi.CompleteDataValidationNoPayloadTestcases.PortfoliosPostAPITest@769f71a9</td></tr>
<tr>
<td title='com.arcapi.CompleteDataValidationNoPayloadTestcases.PortfoliosDetailPUTAPITest.end()'><b>end</b><br>Test class: com.arcapi.CompleteDataValidationNoPayloadTestcases.PortfoliosDetailPUTAPITest</td>
<td></td>
<td>0</td>
<td>com.arcapi.CompleteDataValidationNoPayloadTestcases.PortfoliosDetailPUTAPITest@4c9f8c13</td></tr>
<tr>
<td title='com.arcapi.Portfoliostestcases.PortfoliosAssetPostAPITest.end()'><b>end</b><br>Test class: com.arcapi.Portfoliostestcases.PortfoliosAssetPostAPITest</td>
<td></td>
<td>0</td>
<td>com.arcapi.Portfoliostestcases.PortfoliosAssetPostAPITest@5ae50ce6</td></tr>
<tr>
<td title='com.arcapi.CompleteDataValidationNoPayloadTestcases.PortfoliosAssetPostAPITest.end()'><b>end</b><br>Test class: com.arcapi.CompleteDataValidationNoPayloadTestcases.PortfoliosAssetPostAPITest</td>
<td></td>
<td>0</td>
<td>com.arcapi.CompleteDataValidationNoPayloadTestcases.PortfoliosAssetPostAPITest@6f96c77</td></tr>
<tr>
<td title='com.arcapi.CompleteDataValidationNoPayloadTestcases.PortfoliosAssetDetailPUTAPITest.end()'><b>end</b><br>Test class: com.arcapi.CompleteDataValidationNoPayloadTestcases.PortfoliosAssetDetailPUTAPITest</td>
<td></td>
<td>0</td>
<td>com.arcapi.CompleteDataValidationNoPayloadTestcases.PortfoliosAssetDetailPUTAPITest@be64738</td></tr>
<tr>
<td title='com.arcapi.CompleteDataValidationNoPayloadTestcases.PortfoliosGoalsUpdateAPITest.end()'><b>end</b><br>Test class: com.arcapi.CompleteDataValidationNoPayloadTestcases.PortfoliosGoalsUpdateAPITest</td>
<td></td>
<td>0</td>
<td>com.arcapi.CompleteDataValidationNoPayloadTestcases.PortfoliosGoalsUpdateAPITest@3ba9ad43</td></tr>
<tr>
<td title='com.arcapi.CompleteDataValidationNoPayloadTestcases.PortfoliosTeamsPostAPITest.end()'><b>end</b><br>Test class: com.arcapi.CompleteDataValidationNoPayloadTestcases.PortfoliosTeamsPostAPITest</td>
<td></td>
<td>0</td>
<td>com.arcapi.CompleteDataValidationNoPayloadTestcases.PortfoliosTeamsPostAPITest@49d904ec</td></tr>
<tr>
<td title='com.arcapi.CompleteDataValidationNoPayloadTestcases.PortfoliosTeamsPUTAPITest.end()'><b>end</b><br>Test class: com.arcapi.CompleteDataValidationNoPayloadTestcases.PortfoliosTeamsPUTAPITest</td>
<td></td>
<td>0</td>
<td>com.arcapi.CompleteDataValidationNoPayloadTestcases.PortfoliosTeamsPUTAPITest@48e4374</td></tr>
<tr>
<td title='com.arcapi.CompleteDataValidationNoPayloadTestcases.PortfoliosTeamsDELETEAPITest.end()'><b>end</b><br>Test class: com.arcapi.CompleteDataValidationNoPayloadTestcases.PortfoliosTeamsDELETEAPITest</td>
<td></td>
<td>0</td>
<td>com.arcapi.CompleteDataValidationNoPayloadTestcases.PortfoliosTeamsDELETEAPITest@3d680b5a</td></tr>
</table><p>
<table width='100%' border='1' class='invocation-skipped'>
<tr><td colspan='4' align='center'><b>SKIPPED TESTS</b></td></tr>
<tr><td><b>Test method</b></td>
<td width="30%"><b>Exception</b></td>
<td width="10%"><b>Time (seconds)</b></td>
<td><b>Instance</b></td>
</tr>
<tr>
<td title='com.arcapi.Portfoliostestcases.PortfoliosAssetPostAPITest.CreatePortfoliosAsset2PostAPI()'><b>CreatePortfoliosAsset2PostAPI</b><br>Test class: com.arcapi.Portfoliostestcases.PortfoliosAssetPostAPITest</td>
<td></td>
<td>0</td>
<td>com.arcapi.Portfoliostestcases.PortfoliosAssetPostAPITest@5ae50ce6</td></tr>
<tr>
<td title='com.arcapi.Common.LoginAPITest.LoginAPI()'><b>LoginAPI</b><br>Test class: com.arcapi.Common.LoginAPITest</td>
<td></td>
<td>0</td>
<td>com.arcapi.Common.LoginAPITest@35047d03</td></tr>
<tr>
<td title='com.arcapi.CompleteDataValidationNoPayloadTestcases.PortfoliosAssetDetailPUTAPITest.PortfoliosAssetDetailPUTAPI()'><b>PortfoliosAssetDetailPUTAPI</b><br>Test class: com.arcapi.CompleteDataValidationNoPayloadTestcases.PortfoliosAssetDetailPUTAPITest</td>
<td><div><pre>org.testng.TestNGException: 
Parameter &apos;SheetName&apos; is required by @Test on method PortfoliosAssetDetailPUTAPI but has not been marked @Optional or defined
in D:\worksapceNew\TestArcAPI\src\main\resources\TestNGFiles\CompleteDataValidationNoPayloadTestng.xml
... Removed 23 stack frames</pre></div><a href='#' onClick='toggleBox("stack-trace1739940094", this, "Click to show all stack frames", "Click to hide stack frames")'>Click to show all stack frames</a>
<div class='stack-trace' id='stack-trace1739940094'><pre>org.testng.TestNGException: 
Parameter &apos;SheetName&apos; is required by @Test on method PortfoliosAssetDetailPUTAPI but has not been marked @Optional or defined
in D:\worksapceNew\TestArcAPI\src\main\resources\TestNGFiles\CompleteDataValidationNoPayloadTestng.xml
	at org.testng.internal.Parameters.createParameters(Parameters.java:154)
	at org.testng.internal.Parameters.createParameters(Parameters.java:361)
	at org.testng.internal.Parameters.handleParameters(Parameters.java:451)
	at org.testng.internal.Invoker.handleParameters(Invoker.java:1274)
	at org.testng.internal.Invoker.createParameters(Invoker.java:989)
	at org.testng.internal.Invoker.invokeTestMethods(Invoker.java:1079)
	at org.testng.internal.TestMethodWorker.invokeTestMethods(TestMethodWorker.java:129)
	at org.testng.internal.TestMethodWorker.run(TestMethodWorker.java:112)
	at org.testng.TestRunner.privateRun(TestRunner.java:782)
	at org.testng.TestRunner.run(TestRunner.java:632)
	at org.testng.SuiteRunner.runTest(SuiteRunner.java:366)
	at org.testng.SuiteRunner.runSequentially(SuiteRunner.java:361)
	at org.testng.SuiteRunner.privateRun(SuiteRunner.java:319)
	at org.testng.SuiteRunner.run(SuiteRunner.java:268)
	at org.testng.SuiteRunnerWorker.runSuite(SuiteRunnerWorker.java:52)
	at org.testng.SuiteRunnerWorker.run(SuiteRunnerWorker.java:86)
	at org.testng.TestNG.runSuitesSequentially(TestNG.java:1244)
	at org.testng.TestNG.runSuitesSequentially(TestNG.java:1240)
	at org.testng.TestNG.runSuitesLocally(TestNG.java:1169)
	at org.testng.TestNG.run(TestNG.java:1064)
	at org.testng.remote.RemoteTestNG.run(RemoteTestNG.java:113)
	at org.testng.remote.RemoteTestNG.initAndRun(RemoteTestNG.java:206)
	at org.testng.remote.RemoteTestNG.main(RemoteTestNG.java:177)
</pre></div></td>
<td>0</td>
<td>com.arcapi.CompleteDataValidationNoPayloadTestcases.PortfoliosAssetDetailPUTAPITest@be64738</td></tr>
<tr>
<td title='com.arcapi.Portfoliostestcases.PortfoliosAssetPostAPITest.PortfoliosAssetPostAPI()'><b>PortfoliosAssetPostAPI</b><br>Test class: com.arcapi.Portfoliostestcases.PortfoliosAssetPostAPITest</td>
<td></td>
<td>0</td>
<td>com.arcapi.Portfoliostestcases.PortfoliosAssetPostAPITest@5ae50ce6</td></tr>
<tr>
<td title='com.arcapi.CompleteDataValidationNoPayloadTestcases.PortfoliosAssetPostAPITest.PortfoliosAssetPostAPI()'><b>PortfoliosAssetPostAPI</b><br>Test class: com.arcapi.CompleteDataValidationNoPayloadTestcases.PortfoliosAssetPostAPITest</td>
<td><div><pre>org.testng.TestNGException: 
Parameter &apos;SheetName&apos; is required by @Test on method PortfoliosAssetPostAPI but has not been marked @Optional or defined
in D:\worksapceNew\TestArcAPI\src\main\resources\TestNGFiles\CompleteDataValidationNoPayloadTestng.xml
... Removed 23 stack frames</pre></div><a href='#' onClick='toggleBox("stack-trace920320548", this, "Click to show all stack frames", "Click to hide stack frames")'>Click to show all stack frames</a>
<div class='stack-trace' id='stack-trace920320548'><pre>org.testng.TestNGException: 
Parameter &apos;SheetName&apos; is required by @Test on method PortfoliosAssetPostAPI but has not been marked @Optional or defined
in D:\worksapceNew\TestArcAPI\src\main\resources\TestNGFiles\CompleteDataValidationNoPayloadTestng.xml
	at org.testng.internal.Parameters.createParameters(Parameters.java:154)
	at org.testng.internal.Parameters.createParameters(Parameters.java:361)
	at org.testng.internal.Parameters.handleParameters(Parameters.java:451)
	at org.testng.internal.Invoker.handleParameters(Invoker.java:1274)
	at org.testng.internal.Invoker.createParameters(Invoker.java:989)
	at org.testng.internal.Invoker.invokeTestMethods(Invoker.java:1079)
	at org.testng.internal.TestMethodWorker.invokeTestMethods(TestMethodWorker.java:129)
	at org.testng.internal.TestMethodWorker.run(TestMethodWorker.java:112)
	at org.testng.TestRunner.privateRun(TestRunner.java:782)
	at org.testng.TestRunner.run(TestRunner.java:632)
	at org.testng.SuiteRunner.runTest(SuiteRunner.java:366)
	at org.testng.SuiteRunner.runSequentially(SuiteRunner.java:361)
	at org.testng.SuiteRunner.privateRun(SuiteRunner.java:319)
	at org.testng.SuiteRunner.run(SuiteRunner.java:268)
	at org.testng.SuiteRunnerWorker.runSuite(SuiteRunnerWorker.java:52)
	at org.testng.SuiteRunnerWorker.run(SuiteRunnerWorker.java:86)
	at org.testng.TestNG.runSuitesSequentially(TestNG.java:1244)
	at org.testng.TestNG.runSuitesSequentially(TestNG.java:1240)
	at org.testng.TestNG.runSuitesLocally(TestNG.java:1169)
	at org.testng.TestNG.run(TestNG.java:1064)
	at org.testng.remote.RemoteTestNG.run(RemoteTestNG.java:113)
	at org.testng.remote.RemoteTestNG.initAndRun(RemoteTestNG.java:206)
	at org.testng.remote.RemoteTestNG.main(RemoteTestNG.java:177)
</pre></div></td>
<td>0</td>
<td>com.arcapi.CompleteDataValidationNoPayloadTestcases.PortfoliosAssetPostAPITest@6f96c77</td></tr>
<tr>
<td title='com.arcapi.CompleteDataValidationNoPayloadTestcases.PortfoliosDetailPUTAPITest.PortfoliosDetailPUTAPI()'><b>PortfoliosDetailPUTAPI</b><br>Test class: com.arcapi.CompleteDataValidationNoPayloadTestcases.PortfoliosDetailPUTAPITest</td>
<td><div><pre>org.testng.TestNGException: 
Parameter &apos;SheetName&apos; is required by @Test on method PortfoliosDetailPUTAPI but has not been marked @Optional or defined
in D:\worksapceNew\TestArcAPI\src\main\resources\TestNGFiles\CompleteDataValidationNoPayloadTestng.xml
... Removed 23 stack frames</pre></div><a href='#' onClick='toggleBox("stack-trace1425202985", this, "Click to show all stack frames", "Click to hide stack frames")'>Click to show all stack frames</a>
<div class='stack-trace' id='stack-trace1425202985'><pre>org.testng.TestNGException: 
Parameter &apos;SheetName&apos; is required by @Test on method PortfoliosDetailPUTAPI but has not been marked @Optional or defined
in D:\worksapceNew\TestArcAPI\src\main\resources\TestNGFiles\CompleteDataValidationNoPayloadTestng.xml
	at org.testng.internal.Parameters.createParameters(Parameters.java:154)
	at org.testng.internal.Parameters.createParameters(Parameters.java:361)
	at org.testng.internal.Parameters.handleParameters(Parameters.java:451)
	at org.testng.internal.Invoker.handleParameters(Invoker.java:1274)
	at org.testng.internal.Invoker.createParameters(Invoker.java:989)
	at org.testng.internal.Invoker.invokeTestMethods(Invoker.java:1079)
	at org.testng.internal.TestMethodWorker.invokeTestMethods(TestMethodWorker.java:129)
	at org.testng.internal.TestMethodWorker.run(TestMethodWorker.java:112)
	at org.testng.TestRunner.privateRun(TestRunner.java:782)
	at org.testng.TestRunner.run(TestRunner.java:632)
	at org.testng.SuiteRunner.runTest(SuiteRunner.java:366)
	at org.testng.SuiteRunner.runSequentially(SuiteRunner.java:361)
	at org.testng.SuiteRunner.privateRun(SuiteRunner.java:319)
	at org.testng.SuiteRunner.run(SuiteRunner.java:268)
	at org.testng.SuiteRunnerWorker.runSuite(SuiteRunnerWorker.java:52)
	at org.testng.SuiteRunnerWorker.run(SuiteRunnerWorker.java:86)
	at org.testng.TestNG.runSuitesSequentially(TestNG.java:1244)
	at org.testng.TestNG.runSuitesSequentially(TestNG.java:1240)
	at org.testng.TestNG.runSuitesLocally(TestNG.java:1169)
	at org.testng.TestNG.run(TestNG.java:1064)
	at org.testng.remote.RemoteTestNG.run(RemoteTestNG.java:113)
	at org.testng.remote.RemoteTestNG.initAndRun(RemoteTestNG.java:206)
	at org.testng.remote.RemoteTestNG.main(RemoteTestNG.java:177)
</pre></div></td>
<td>0</td>
<td>com.arcapi.CompleteDataValidationNoPayloadTestcases.PortfoliosDetailPUTAPITest@4c9f8c13</td></tr>
<tr>
<td title='com.arcapi.CompleteDataValidationNoPayloadTestcases.PortfoliosGoalsUpdateAPITest.PortfoliosGoalsUpdateAPI()'><b>PortfoliosGoalsUpdateAPI</b><br>Test class: com.arcapi.CompleteDataValidationNoPayloadTestcases.PortfoliosGoalsUpdateAPITest</td>
<td><div><pre>org.testng.TestNGException: 
Parameter &apos;SheetName&apos; is required by @Test on method PortfoliosGoalsUpdateAPI but has not been marked @Optional or defined
in D:\worksapceNew\TestArcAPI\src\main\resources\TestNGFiles\CompleteDataValidationNoPayloadTestng.xml
... Removed 23 stack frames</pre></div><a href='#' onClick='toggleBox("stack-trace1218405027", this, "Click to show all stack frames", "Click to hide stack frames")'>Click to show all stack frames</a>
<div class='stack-trace' id='stack-trace1218405027'><pre>org.testng.TestNGException: 
Parameter &apos;SheetName&apos; is required by @Test on method PortfoliosGoalsUpdateAPI but has not been marked @Optional or defined
in D:\worksapceNew\TestArcAPI\src\main\resources\TestNGFiles\CompleteDataValidationNoPayloadTestng.xml
	at org.testng.internal.Parameters.createParameters(Parameters.java:154)
	at org.testng.internal.Parameters.createParameters(Parameters.java:361)
	at org.testng.internal.Parameters.handleParameters(Parameters.java:451)
	at org.testng.internal.Invoker.handleParameters(Invoker.java:1274)
	at org.testng.internal.Invoker.createParameters(Invoker.java:989)
	at org.testng.internal.Invoker.invokeTestMethods(Invoker.java:1079)
	at org.testng.internal.TestMethodWorker.invokeTestMethods(TestMethodWorker.java:129)
	at org.testng.internal.TestMethodWorker.run(TestMethodWorker.java:112)
	at org.testng.TestRunner.privateRun(TestRunner.java:782)
	at org.testng.TestRunner.run(TestRunner.java:632)
	at org.testng.SuiteRunner.runTest(SuiteRunner.java:366)
	at org.testng.SuiteRunner.runSequentially(SuiteRunner.java:361)
	at org.testng.SuiteRunner.privateRun(SuiteRunner.java:319)
	at org.testng.SuiteRunner.run(SuiteRunner.java:268)
	at org.testng.SuiteRunnerWorker.runSuite(SuiteRunnerWorker.java:52)
	at org.testng.SuiteRunnerWorker.run(SuiteRunnerWorker.java:86)
	at org.testng.TestNG.runSuitesSequentially(TestNG.java:1244)
	at org.testng.TestNG.runSuitesSequentially(TestNG.java:1240)
	at org.testng.TestNG.runSuitesLocally(TestNG.java:1169)
	at org.testng.TestNG.run(TestNG.java:1064)
	at org.testng.remote.RemoteTestNG.run(RemoteTestNG.java:113)
	at org.testng.remote.RemoteTestNG.initAndRun(RemoteTestNG.java:206)
	at org.testng.remote.RemoteTestNG.main(RemoteTestNG.java:177)
</pre></div></td>
<td>0</td>
<td>com.arcapi.CompleteDataValidationNoPayloadTestcases.PortfoliosGoalsUpdateAPITest@3ba9ad43</td></tr>
<tr>
<td title='com.arcapi.Portfoliostestcases.PortfoliosPostAPITest.PortfoliosPostAPI()'><b>PortfoliosPostAPI</b><br>Test class: com.arcapi.Portfoliostestcases.PortfoliosPostAPITest</td>
<td><div><pre>org.testng.TestNGException: 
Parameter &apos;SheetName&apos; is required by @Test on method PortfoliosPostAPI but has not been marked @Optional or defined
in D:\worksapceNew\TestArcAPI\src\main\resources\TestNGFiles\CompleteDataValidationNoPayloadTestng.xml
... Removed 23 stack frames</pre></div><a href='#' onClick='toggleBox("stack-trace2009915092", this, "Click to show all stack frames", "Click to hide stack frames")'>Click to show all stack frames</a>
<div class='stack-trace' id='stack-trace2009915092'><pre>org.testng.TestNGException: 
Parameter &apos;SheetName&apos; is required by @Test on method PortfoliosPostAPI but has not been marked @Optional or defined
in D:\worksapceNew\TestArcAPI\src\main\resources\TestNGFiles\CompleteDataValidationNoPayloadTestng.xml
	at org.testng.internal.Parameters.createParameters(Parameters.java:154)
	at org.testng.internal.Parameters.createParameters(Parameters.java:361)
	at org.testng.internal.Parameters.handleParameters(Parameters.java:451)
	at org.testng.internal.Invoker.handleParameters(Invoker.java:1274)
	at org.testng.internal.Invoker.createParameters(Invoker.java:989)
	at org.testng.internal.Invoker.invokeTestMethods(Invoker.java:1079)
	at org.testng.internal.TestMethodWorker.invokeTestMethods(TestMethodWorker.java:129)
	at org.testng.internal.TestMethodWorker.run(TestMethodWorker.java:112)
	at org.testng.TestRunner.privateRun(TestRunner.java:782)
	at org.testng.TestRunner.run(TestRunner.java:632)
	at org.testng.SuiteRunner.runTest(SuiteRunner.java:366)
	at org.testng.SuiteRunner.runSequentially(SuiteRunner.java:361)
	at org.testng.SuiteRunner.privateRun(SuiteRunner.java:319)
	at org.testng.SuiteRunner.run(SuiteRunner.java:268)
	at org.testng.SuiteRunnerWorker.runSuite(SuiteRunnerWorker.java:52)
	at org.testng.SuiteRunnerWorker.run(SuiteRunnerWorker.java:86)
	at org.testng.TestNG.runSuitesSequentially(TestNG.java:1244)
	at org.testng.TestNG.runSuitesSequentially(TestNG.java:1240)
	at org.testng.TestNG.runSuitesLocally(TestNG.java:1169)
	at org.testng.TestNG.run(TestNG.java:1064)
	at org.testng.remote.RemoteTestNG.run(RemoteTestNG.java:113)
	at org.testng.remote.RemoteTestNG.initAndRun(RemoteTestNG.java:206)
	at org.testng.remote.RemoteTestNG.main(RemoteTestNG.java:177)
</pre></div></td>
<td>0</td>
<td>com.arcapi.Portfoliostestcases.PortfoliosPostAPITest@49b0b76</td></tr>
<tr>
<td title='com.arcapi.CompleteDataValidationNoPayloadTestcases.PortfoliosPostAPITest.PortfoliosPostAPI()'><b>PortfoliosPostAPI</b><br>Test class: com.arcapi.CompleteDataValidationNoPayloadTestcases.PortfoliosPostAPITest</td>
<td><div><pre>org.testng.TestNGException: 
Parameter &apos;SheetName&apos; is required by @Test on method PortfoliosPostAPI but has not been marked @Optional or defined
in D:\worksapceNew\TestArcAPI\src\main\resources\TestNGFiles\CompleteDataValidationNoPayloadTestng.xml
... Removed 23 stack frames</pre></div><a href='#' onClick='toggleBox("stack-trace1060469917", this, "Click to show all stack frames", "Click to hide stack frames")'>Click to show all stack frames</a>
<div class='stack-trace' id='stack-trace1060469917'><pre>org.testng.TestNGException: 
Parameter &apos;SheetName&apos; is required by @Test on method PortfoliosPostAPI but has not been marked @Optional or defined
in D:\worksapceNew\TestArcAPI\src\main\resources\TestNGFiles\CompleteDataValidationNoPayloadTestng.xml
	at org.testng.internal.Parameters.createParameters(Parameters.java:154)
	at org.testng.internal.Parameters.createParameters(Parameters.java:361)
	at org.testng.internal.Parameters.handleParameters(Parameters.java:451)
	at org.testng.internal.Invoker.handleParameters(Invoker.java:1274)
	at org.testng.internal.Invoker.createParameters(Invoker.java:989)
	at org.testng.internal.Invoker.invokeTestMethods(Invoker.java:1079)
	at org.testng.internal.TestMethodWorker.invokeTestMethods(TestMethodWorker.java:129)
	at org.testng.internal.TestMethodWorker.run(TestMethodWorker.java:112)
	at org.testng.TestRunner.privateRun(TestRunner.java:782)
	at org.testng.TestRunner.run(TestRunner.java:632)
	at org.testng.SuiteRunner.runTest(SuiteRunner.java:366)
	at org.testng.SuiteRunner.runSequentially(SuiteRunner.java:361)
	at org.testng.SuiteRunner.privateRun(SuiteRunner.java:319)
	at org.testng.SuiteRunner.run(SuiteRunner.java:268)
	at org.testng.SuiteRunnerWorker.runSuite(SuiteRunnerWorker.java:52)
	at org.testng.SuiteRunnerWorker.run(SuiteRunnerWorker.java:86)
	at org.testng.TestNG.runSuitesSequentially(TestNG.java:1244)
	at org.testng.TestNG.runSuitesSequentially(TestNG.java:1240)
	at org.testng.TestNG.runSuitesLocally(TestNG.java:1169)
	at org.testng.TestNG.run(TestNG.java:1064)
	at org.testng.remote.RemoteTestNG.run(RemoteTestNG.java:113)
	at org.testng.remote.RemoteTestNG.initAndRun(RemoteTestNG.java:206)
	at org.testng.remote.RemoteTestNG.main(RemoteTestNG.java:177)
</pre></div></td>
<td>0</td>
<td>com.arcapi.CompleteDataValidationNoPayloadTestcases.PortfoliosPostAPITest@769f71a9</td></tr>
<tr>
<td title='com.arcapi.CompleteDataValidationNoPayloadTestcases.PortfoliosTeamsDELETEAPITest.PortfoliosTeamsDELETEAPI()'><b>PortfoliosTeamsDELETEAPI</b><br>Test class: com.arcapi.CompleteDataValidationNoPayloadTestcases.PortfoliosTeamsDELETEAPITest</td>
<td><div><pre>org.testng.TestNGException: 
Parameter &apos;SheetName&apos; is required by @Test on method PortfoliosTeamsDELETEAPI but has not been marked @Optional or defined
in D:\worksapceNew\TestArcAPI\src\main\resources\TestNGFiles\CompleteDataValidationNoPayloadTestng.xml
... Removed 23 stack frames</pre></div><a href='#' onClick='toggleBox("stack-trace1159206653", this, "Click to show all stack frames", "Click to hide stack frames")'>Click to show all stack frames</a>
<div class='stack-trace' id='stack-trace1159206653'><pre>org.testng.TestNGException: 
Parameter &apos;SheetName&apos; is required by @Test on method PortfoliosTeamsDELETEAPI but has not been marked @Optional or defined
in D:\worksapceNew\TestArcAPI\src\main\resources\TestNGFiles\CompleteDataValidationNoPayloadTestng.xml
	at org.testng.internal.Parameters.createParameters(Parameters.java:154)
	at org.testng.internal.Parameters.createParameters(Parameters.java:361)
	at org.testng.internal.Parameters.handleParameters(Parameters.java:451)
	at org.testng.internal.Invoker.handleParameters(Invoker.java:1274)
	at org.testng.internal.Invoker.createParameters(Invoker.java:989)
	at org.testng.internal.Invoker.invokeTestMethods(Invoker.java:1079)
	at org.testng.internal.TestMethodWorker.invokeTestMethods(TestMethodWorker.java:129)
	at org.testng.internal.TestMethodWorker.run(TestMethodWorker.java:112)
	at org.testng.TestRunner.privateRun(TestRunner.java:782)
	at org.testng.TestRunner.run(TestRunner.java:632)
	at org.testng.SuiteRunner.runTest(SuiteRunner.java:366)
	at org.testng.SuiteRunner.runSequentially(SuiteRunner.java:361)
	at org.testng.SuiteRunner.privateRun(SuiteRunner.java:319)
	at org.testng.SuiteRunner.run(SuiteRunner.java:268)
	at org.testng.SuiteRunnerWorker.runSuite(SuiteRunnerWorker.java:52)
	at org.testng.SuiteRunnerWorker.run(SuiteRunnerWorker.java:86)
	at org.testng.TestNG.runSuitesSequentially(TestNG.java:1244)
	at org.testng.TestNG.runSuitesSequentially(TestNG.java:1240)
	at org.testng.TestNG.runSuitesLocally(TestNG.java:1169)
	at org.testng.TestNG.run(TestNG.java:1064)
	at org.testng.remote.RemoteTestNG.run(RemoteTestNG.java:113)
	at org.testng.remote.RemoteTestNG.initAndRun(RemoteTestNG.java:206)
	at org.testng.remote.RemoteTestNG.main(RemoteTestNG.java:177)
</pre></div></td>
<td>0</td>
<td>com.arcapi.CompleteDataValidationNoPayloadTestcases.PortfoliosTeamsDELETEAPITest@3d680b5a</td></tr>
<tr>
<td title='com.arcapi.CompleteDataValidationNoPayloadTestcases.PortfoliosTeamsPUTAPITest.PortfoliosTeamsPUTAPI()'><b>PortfoliosTeamsPUTAPI</b><br>Test class: com.arcapi.CompleteDataValidationNoPayloadTestcases.PortfoliosTeamsPUTAPITest</td>
<td><div><pre>org.testng.TestNGException: 
Parameter &apos;SheetName&apos; is required by @Test on method PortfoliosTeamsPUTAPI but has not been marked @Optional or defined
in D:\worksapceNew\TestArcAPI\src\main\resources\TestNGFiles\CompleteDataValidationNoPayloadTestng.xml
... Removed 23 stack frames</pre></div><a href='#' onClick='toggleBox("stack-trace1906057135", this, "Click to show all stack frames", "Click to hide stack frames")'>Click to show all stack frames</a>
<div class='stack-trace' id='stack-trace1906057135'><pre>org.testng.TestNGException: 
Parameter &apos;SheetName&apos; is required by @Test on method PortfoliosTeamsPUTAPI but has not been marked @Optional or defined
in D:\worksapceNew\TestArcAPI\src\main\resources\TestNGFiles\CompleteDataValidationNoPayloadTestng.xml
	at org.testng.internal.Parameters.createParameters(Parameters.java:154)
	at org.testng.internal.Parameters.createParameters(Parameters.java:361)
	at org.testng.internal.Parameters.handleParameters(Parameters.java:451)
	at org.testng.internal.Invoker.handleParameters(Invoker.java:1274)
	at org.testng.internal.Invoker.createParameters(Invoker.java:989)
	at org.testng.internal.Invoker.invokeTestMethods(Invoker.java:1079)
	at org.testng.internal.TestMethodWorker.invokeTestMethods(TestMethodWorker.java:129)
	at org.testng.internal.TestMethodWorker.run(TestMethodWorker.java:112)
	at org.testng.TestRunner.privateRun(TestRunner.java:782)
	at org.testng.TestRunner.run(TestRunner.java:632)
	at org.testng.SuiteRunner.runTest(SuiteRunner.java:366)
	at org.testng.SuiteRunner.runSequentially(SuiteRunner.java:361)
	at org.testng.SuiteRunner.privateRun(SuiteRunner.java:319)
	at org.testng.SuiteRunner.run(SuiteRunner.java:268)
	at org.testng.SuiteRunnerWorker.runSuite(SuiteRunnerWorker.java:52)
	at org.testng.SuiteRunnerWorker.run(SuiteRunnerWorker.java:86)
	at org.testng.TestNG.runSuitesSequentially(TestNG.java:1244)
	at org.testng.TestNG.runSuitesSequentially(TestNG.java:1240)
	at org.testng.TestNG.runSuitesLocally(TestNG.java:1169)
	at org.testng.TestNG.run(TestNG.java:1064)
	at org.testng.remote.RemoteTestNG.run(RemoteTestNG.java:113)
	at org.testng.remote.RemoteTestNG.initAndRun(RemoteTestNG.java:206)
	at org.testng.remote.RemoteTestNG.main(RemoteTestNG.java:177)
</pre></div></td>
<td>0</td>
<td>com.arcapi.CompleteDataValidationNoPayloadTestcases.PortfoliosTeamsPUTAPITest@48e4374</td></tr>
<tr>
<td title='com.arcapi.CompleteDataValidationNoPayloadTestcases.PortfoliosTeamsPostAPITest.PortfoliosTeamsPostAPI()'><b>PortfoliosTeamsPostAPI</b><br>Test class: com.arcapi.CompleteDataValidationNoPayloadTestcases.PortfoliosTeamsPostAPITest</td>
<td><div><pre>org.testng.TestNGException: 
Parameter &apos;SheetName&apos; is required by @Test on method PortfoliosTeamsPostAPI but has not been marked @Optional or defined
in D:\worksapceNew\TestArcAPI\src\main\resources\TestNGFiles\CompleteDataValidationNoPayloadTestng.xml
... Removed 23 stack frames</pre></div><a href='#' onClick='toggleBox("stack-trace2065764471", this, "Click to show all stack frames", "Click to hide stack frames")'>Click to show all stack frames</a>
<div class='stack-trace' id='stack-trace2065764471'><pre>org.testng.TestNGException: 
Parameter &apos;SheetName&apos; is required by @Test on method PortfoliosTeamsPostAPI but has not been marked @Optional or defined
in D:\worksapceNew\TestArcAPI\src\main\resources\TestNGFiles\CompleteDataValidationNoPayloadTestng.xml
	at org.testng.internal.Parameters.createParameters(Parameters.java:154)
	at org.testng.internal.Parameters.createParameters(Parameters.java:361)
	at org.testng.internal.Parameters.handleParameters(Parameters.java:451)
	at org.testng.internal.Invoker.handleParameters(Invoker.java:1274)
	at org.testng.internal.Invoker.createParameters(Invoker.java:989)
	at org.testng.internal.Invoker.invokeTestMethods(Invoker.java:1079)
	at org.testng.internal.TestMethodWorker.invokeTestMethods(TestMethodWorker.java:129)
	at org.testng.internal.TestMethodWorker.run(TestMethodWorker.java:112)
	at org.testng.TestRunner.privateRun(TestRunner.java:782)
	at org.testng.TestRunner.run(TestRunner.java:632)
	at org.testng.SuiteRunner.runTest(SuiteRunner.java:366)
	at org.testng.SuiteRunner.runSequentially(SuiteRunner.java:361)
	at org.testng.SuiteRunner.privateRun(SuiteRunner.java:319)
	at org.testng.SuiteRunner.run(SuiteRunner.java:268)
	at org.testng.SuiteRunnerWorker.runSuite(SuiteRunnerWorker.java:52)
	at org.testng.SuiteRunnerWorker.run(SuiteRunnerWorker.java:86)
	at org.testng.TestNG.runSuitesSequentially(TestNG.java:1244)
	at org.testng.TestNG.runSuitesSequentially(TestNG.java:1240)
	at org.testng.TestNG.runSuitesLocally(TestNG.java:1169)
	at org.testng.TestNG.run(TestNG.java:1064)
	at org.testng.remote.RemoteTestNG.run(RemoteTestNG.java:113)
	at org.testng.remote.RemoteTestNG.initAndRun(RemoteTestNG.java:206)
	at org.testng.remote.RemoteTestNG.main(RemoteTestNG.java:177)
</pre></div></td>
<td>0</td>
<td>com.arcapi.CompleteDataValidationNoPayloadTestcases.PortfoliosTeamsPostAPITest@49d904ec</td></tr>
</table><p>
</body>
</html>