<html>
<head>
<title>TestNG:  CompleteFlowTest-Building-None</title>
<link href="../testng.css" rel="stylesheet" type="text/css" />
<link href="../my-testng.css" rel="stylesheet" type="text/css" />

<style type="text/css">
.log { display: none;} 
.stack-trace { display: none;} 
</style>
<script type="text/javascript">
<!--
function flip(e) {
  current = e.style.display;
  if (current == 'block') {
    e.style.display = 'none';
    return 0;
  }
  else {
    e.style.display = 'block';
    return 1;
  }
}

function toggleBox(szDivId, elem, msg1, msg2)
{
  var res = -1;  if (document.getElementById) {
    res = flip(document.getElementById(szDivId));
  }
  else if (document.all) {
    // this is the way old msie versions work
    res = flip(document.all[szDivId]);
  }
  if(elem) {
    if(res == 0) elem.innerHTML = msg1; else elem.innerHTML = msg2;
  }

}

function toggleAllBoxes() {
  if (document.getElementsByTagName) {
    d = document.getElementsByTagName('div');
    for (i = 0; i < d.length; i++) {
      if (d[i].className == 'log') {
        flip(d[i]);
      }
    }
  }
}

// -->
</script>

</head>
<body>
<h2 align='center'>CompleteFlowTest-Building-None</h2><table border='1' align="center">
<tr>
<td>Tests passed/Failed/Skipped:</td><td>0/0/17</td>
</tr><tr>
<td>Started on:</td><td>Thu Nov 28 10:26:31 IST 2019</td>
</tr>
<tr><td>Total time:</td><td>0 seconds (13 ms)</td>
</tr><tr>
<td>Included groups:</td><td></td>
</tr><tr>
<td>Excluded groups:</td><td></td>
</tr>
</table><p/>
<small><i>(Hover the method name to see the test class name)</i></small><p/>
<table width='100%' border='1' class='invocation-failed'>
<tr><td colspan='4' align='center'><b>FAILED CONFIGURATIONS</b></td></tr>
<tr><td><b>Test method</b></td>
<td width="30%"><b>Exception</b></td>
<td width="10%"><b>Time (seconds)</b></td>
<td><b>Instance</b></td>
</tr>
<tr>
<td title='com.arcapi.Common.LoginAPITest.setBaseUri()'><b>setBaseUri</b><br>Test class: com.arcapi.Common.LoginAPITest</td>
<td><div><pre>org.testng.TestNGException: 
Parameter &apos;environment&apos; is required by @Configuration on method setBaseUri but has not been marked @Optional or defined
in D:\worksapceNew\TestArcAPI\src\main\resources\TestNGFiles\V2EmissionFactor.xml
... Removed 22 stack frames</pre></div><a href='#' onClick='toggleBox("stack-trace908218259", this, "Click to show all stack frames", "Click to hide stack frames")'>Click to show all stack frames</a>
<div class='stack-trace' id='stack-trace908218259'><pre>org.testng.TestNGException: 
Parameter &apos;environment&apos; is required by @Configuration on method setBaseUri but has not been marked @Optional or defined
in D:\worksapceNew\TestArcAPI\src\main\resources\TestNGFiles\V2EmissionFactor.xml
	at org.testng.internal.Parameters.createParameters(Parameters.java:154)
	at org.testng.internal.Parameters.createParameters(Parameters.java:361)
	at org.testng.internal.Parameters.createConfigurationParameters(Parameters.java:84)
	at org.testng.internal.Invoker.invokeConfigurations(Invoker.java:201)
	at org.testng.internal.Invoker.invokeConfigurations(Invoker.java:142)
	at org.testng.internal.TestMethodWorker.invokeBeforeClassMethods(TestMethodWorker.java:178)
	at org.testng.internal.TestMethodWorker.run(TestMethodWorker.java:108)
	at org.testng.TestRunner.privateRun(TestRunner.java:782)
	at org.testng.TestRunner.run(TestRunner.java:632)
	at org.testng.SuiteRunner.runTest(SuiteRunner.java:366)
	at org.testng.SuiteRunner.runSequentially(SuiteRunner.java:361)
	at org.testng.SuiteRunner.privateRun(SuiteRunner.java:319)
	at org.testng.SuiteRunner.run(SuiteRunner.java:268)
	at org.testng.SuiteRunnerWorker.runSuite(SuiteRunnerWorker.java:52)
	at org.testng.SuiteRunnerWorker.run(SuiteRunnerWorker.java:86)
	at org.testng.TestNG.runSuitesSequentially(TestNG.java:1244)
	at org.testng.TestNG.runSuitesSequentially(TestNG.java:1240)
	at org.testng.TestNG.runSuitesLocally(TestNG.java:1169)
	at org.testng.TestNG.run(TestNG.java:1064)
	at org.testng.remote.RemoteTestNG.run(RemoteTestNG.java:113)
	at org.testng.remote.RemoteTestNG.initAndRun(RemoteTestNG.java:206)
	at org.testng.remote.RemoteTestNG.main(RemoteTestNG.java:177)
</pre></div></td>
<td>0</td>
<td>com.arcapi.Common.LoginAPITest@11a9e7c8</td></tr>
</table><p>
<table width='100%' border='1' class='invocation-skipped'>
<tr><td colspan='4' align='center'><b>SKIPPED CONFIGURATIONS</b></td></tr>
<tr><td><b>Test method</b></td>
<td width="30%"><b>Exception</b></td>
<td width="10%"><b>Time (seconds)</b></td>
<td><b>Instance</b></td>
</tr>
<tr>
<td title='com.arcapi.Buildingtestcases.CreateAssetBuildingV3APITest.getSuiteName()'><b>getSuiteName</b><br>Test class: com.arcapi.Buildingtestcases.CreateAssetBuildingV3APITest</td>
<td></td>
<td>0</td>
<td>com.arcapi.Buildingtestcases.CreateAssetBuildingV3APITest@3901d134</td></tr>
<tr>
<td title='com.arcapi.Buildingtestcases.CreateAssetBuildingV3APITest.setBaseUri()'><b>setBaseUri</b><br>Test class: com.arcapi.Buildingtestcases.CreateAssetBuildingV3APITest</td>
<td></td>
<td>0</td>
<td>com.arcapi.Buildingtestcases.CreateAssetBuildingV3APITest@3901d134</td></tr>
<tr>
<td title='com.arcapi.Buildingtestcases.AssetDetailEmissionFactorTest.getSuiteName()'><b>getSuiteName</b><br>Test class: com.arcapi.Buildingtestcases.AssetDetailEmissionFactorTest</td>
<td></td>
<td>0</td>
<td>com.arcapi.Buildingtestcases.AssetDetailEmissionFactorTest@14d3bc22</td></tr>
<tr>
<td title='com.arcapi.Buildingtestcases.AssetDetailEmissionFactorTest.setBaseUri()'><b>setBaseUri</b><br>Test class: com.arcapi.Buildingtestcases.AssetDetailEmissionFactorTest</td>
<td></td>
<td>0</td>
<td>com.arcapi.Buildingtestcases.AssetDetailEmissionFactorTest@14d3bc22</td></tr>
<tr>
<td title='com.arcapi.Buildingtestcases.MeterCreatePOSTEmissionTest.getSuiteName()'><b>getSuiteName</b><br>Test class: com.arcapi.Buildingtestcases.MeterCreatePOSTEmissionTest</td>
<td></td>
<td>0</td>
<td>com.arcapi.Buildingtestcases.MeterCreatePOSTEmissionTest@12d4bf7e</td></tr>
<tr>
<td title='com.arcapi.Buildingtestcases.MeterCreatePOSTEmissionTest.setBaseUri()'><b>setBaseUri</b><br>Test class: com.arcapi.Buildingtestcases.MeterCreatePOSTEmissionTest</td>
<td></td>
<td>0</td>
<td>com.arcapi.Buildingtestcases.MeterCreatePOSTEmissionTest@12d4bf7e</td></tr>
<tr>
<td title='com.arcapi.Buildingtestcases.EnergyMeterBulkConsumptionPOSTEmissionTest.getSuiteName()'><b>getSuiteName</b><br>Test class: com.arcapi.Buildingtestcases.EnergyMeterBulkConsumptionPOSTEmissionTest</td>
<td></td>
<td>0</td>
<td>com.arcapi.Buildingtestcases.EnergyMeterBulkConsumptionPOSTEmissionTest@4c1d9d4b</td></tr>
<tr>
<td title='com.arcapi.Buildingtestcases.EnergyMeterBulkConsumptionPOSTEmissionTest.setBaseUri()'><b>setBaseUri</b><br>Test class: com.arcapi.Buildingtestcases.EnergyMeterBulkConsumptionPOSTEmissionTest</td>
<td></td>
<td>0</td>
<td>com.arcapi.Buildingtestcases.EnergyMeterBulkConsumptionPOSTEmissionTest@4c1d9d4b</td></tr>
<tr>
<td title='com.arcapi.Buildingtestcases.GhgMeanEmissionTest.getSuiteName()'><b>getSuiteName</b><br>Test class: com.arcapi.Buildingtestcases.GhgMeanEmissionTest</td>
<td></td>
<td>0</td>
<td>com.arcapi.Buildingtestcases.GhgMeanEmissionTest@7b227d8d</td></tr>
<tr>
<td title='com.arcapi.Buildingtestcases.GhgMeanEmissionTest.setBaseUri()'><b>setBaseUri</b><br>Test class: com.arcapi.Buildingtestcases.GhgMeanEmissionTest</td>
<td></td>
<td>0</td>
<td>com.arcapi.Buildingtestcases.GhgMeanEmissionTest@7b227d8d</td></tr>
<tr>
<td title='com.arcapi.Buildingtestcases.AssetUpdateBuildingEmissionTest.getSuiteName()'><b>getSuiteName</b><br>Test class: com.arcapi.Buildingtestcases.AssetUpdateBuildingEmissionTest</td>
<td></td>
<td>0</td>
<td>com.arcapi.Buildingtestcases.AssetUpdateBuildingEmissionTest@7219ec67</td></tr>
<tr>
<td title='com.arcapi.Buildingtestcases.AssetUpdateBuildingEmissionTest.setBaseUri()'><b>setBaseUri</b><br>Test class: com.arcapi.Buildingtestcases.AssetUpdateBuildingEmissionTest</td>
<td></td>
<td>0</td>
<td>com.arcapi.Buildingtestcases.AssetUpdateBuildingEmissionTest@7219ec67</td></tr>
<tr>
<td title='com.arcapi.Buildingtestcases.MetersListEmissionTest.getSuiteName()'><b>getSuiteName</b><br>Test class: com.arcapi.Buildingtestcases.MetersListEmissionTest</td>
<td></td>
<td>0</td>
<td>com.arcapi.Buildingtestcases.MetersListEmissionTest@45018215</td></tr>
<tr>
<td title='com.arcapi.Buildingtestcases.MetersListEmissionTest.setBaseUri()'><b>setBaseUri</b><br>Test class: com.arcapi.Buildingtestcases.MetersListEmissionTest</td>
<td></td>
<td>0</td>
<td>com.arcapi.Buildingtestcases.MetersListEmissionTest@45018215</td></tr>
<tr>
<td title='com.arcapi.Buildingtestcases.ConsumptionCreatePOSTEmissionTest.getSuiteName()'><b>getSuiteName</b><br>Test class: com.arcapi.Buildingtestcases.ConsumptionCreatePOSTEmissionTest</td>
<td></td>
<td>0</td>
<td>com.arcapi.Buildingtestcases.ConsumptionCreatePOSTEmissionTest@65d6b83b</td></tr>
<tr>
<td title='com.arcapi.Buildingtestcases.ConsumptionCreatePOSTEmissionTest.setBaseUri()'><b>setBaseUri</b><br>Test class: com.arcapi.Buildingtestcases.ConsumptionCreatePOSTEmissionTest</td>
<td></td>
<td>0</td>
<td>com.arcapi.Buildingtestcases.ConsumptionCreatePOSTEmissionTest@65d6b83b</td></tr>
<tr>
<td title='com.arcapi.Buildingtestcases.GhgMeanEmissionAfterUpdateTest.getSuiteName()'><b>getSuiteName</b><br>Test class: com.arcapi.Buildingtestcases.GhgMeanEmissionAfterUpdateTest</td>
<td></td>
<td>0</td>
<td>com.arcapi.Buildingtestcases.GhgMeanEmissionAfterUpdateTest@d706f19</td></tr>
<tr>
<td title='com.arcapi.Buildingtestcases.GhgMeanEmissionAfterUpdateTest.setBaseUri()'><b>setBaseUri</b><br>Test class: com.arcapi.Buildingtestcases.GhgMeanEmissionAfterUpdateTest</td>
<td></td>
<td>0</td>
<td>com.arcapi.Buildingtestcases.GhgMeanEmissionAfterUpdateTest@d706f19</td></tr>
<tr>
<td title='com.arcapi.Buildingtestcases.AnalysisDataEmissionAPITest.getSuiteName()'><b>getSuiteName</b><br>Test class: com.arcapi.Buildingtestcases.AnalysisDataEmissionAPITest</td>
<td></td>
<td>0</td>
<td>com.arcapi.Buildingtestcases.AnalysisDataEmissionAPITest@30b7c004</td></tr>
<tr>
<td title='com.arcapi.Buildingtestcases.AnalysisDataEmissionAPITest.setBaseUri()'><b>setBaseUri</b><br>Test class: com.arcapi.Buildingtestcases.AnalysisDataEmissionAPITest</td>
<td></td>
<td>0</td>
<td>com.arcapi.Buildingtestcases.AnalysisDataEmissionAPITest@30b7c004</td></tr>
<tr>
<td title='com.arcapi.Buildingtestcases.ConsumptionUpdateEmissionAPITest.getSuiteName()'><b>getSuiteName</b><br>Test class: com.arcapi.Buildingtestcases.ConsumptionUpdateEmissionAPITest</td>
<td></td>
<td>0</td>
<td>com.arcapi.Buildingtestcases.ConsumptionUpdateEmissionAPITest@79efed2d</td></tr>
<tr>
<td title='com.arcapi.Buildingtestcases.ConsumptionUpdateEmissionAPITest.setBaseUri()'><b>setBaseUri</b><br>Test class: com.arcapi.Buildingtestcases.ConsumptionUpdateEmissionAPITest</td>
<td></td>
<td>0</td>
<td>com.arcapi.Buildingtestcases.ConsumptionUpdateEmissionAPITest@79efed2d</td></tr>
<tr>
<td title='com.arcapi.Buildingtestcases.GhgMeanEmissionAfterIncreaseTest.getSuiteName()'><b>getSuiteName</b><br>Test class: com.arcapi.Buildingtestcases.GhgMeanEmissionAfterIncreaseTest</td>
<td></td>
<td>0</td>
<td>com.arcapi.Buildingtestcases.GhgMeanEmissionAfterIncreaseTest@2928854b</td></tr>
<tr>
<td title='com.arcapi.Buildingtestcases.GhgMeanEmissionAfterIncreaseTest.setBaseUri()'><b>setBaseUri</b><br>Test class: com.arcapi.Buildingtestcases.GhgMeanEmissionAfterIncreaseTest</td>
<td></td>
<td>0</td>
<td>com.arcapi.Buildingtestcases.GhgMeanEmissionAfterIncreaseTest@2928854b</td></tr>
<tr>
<td title='com.arcapi.Buildingtestcases.AnalysisDataEmissionAfterIncreaseTest.getSuiteName()'><b>getSuiteName</b><br>Test class: com.arcapi.Buildingtestcases.AnalysisDataEmissionAfterIncreaseTest</td>
<td></td>
<td>0</td>
<td>com.arcapi.Buildingtestcases.AnalysisDataEmissionAfterIncreaseTest@27ae2fd0</td></tr>
<tr>
<td title='com.arcapi.Buildingtestcases.AnalysisDataEmissionAfterIncreaseTest.setBaseUri()'><b>setBaseUri</b><br>Test class: com.arcapi.Buildingtestcases.AnalysisDataEmissionAfterIncreaseTest</td>
<td></td>
<td>0</td>
<td>com.arcapi.Buildingtestcases.AnalysisDataEmissionAfterIncreaseTest@27ae2fd0</td></tr>
<tr>
<td title='com.arcapi.Buildingtestcases.ConsumptionUpdateEmissionDecreaseAPITest.getSuiteName()'><b>getSuiteName</b><br>Test class: com.arcapi.Buildingtestcases.ConsumptionUpdateEmissionDecreaseAPITest</td>
<td></td>
<td>0</td>
<td>com.arcapi.Buildingtestcases.ConsumptionUpdateEmissionDecreaseAPITest@29176cc1</td></tr>
<tr>
<td title='com.arcapi.Buildingtestcases.ConsumptionUpdateEmissionDecreaseAPITest.setBaseUri()'><b>setBaseUri</b><br>Test class: com.arcapi.Buildingtestcases.ConsumptionUpdateEmissionDecreaseAPITest</td>
<td></td>
<td>0</td>
<td>com.arcapi.Buildingtestcases.ConsumptionUpdateEmissionDecreaseAPITest@29176cc1</td></tr>
<tr>
<td title='com.arcapi.Buildingtestcases.GhgMeanEmissionAfterDecreaseTest.getSuiteName()'><b>getSuiteName</b><br>Test class: com.arcapi.Buildingtestcases.GhgMeanEmissionAfterDecreaseTest</td>
<td></td>
<td>0</td>
<td>com.arcapi.Buildingtestcases.GhgMeanEmissionAfterDecreaseTest@2f177a4b</td></tr>
<tr>
<td title='com.arcapi.Buildingtestcases.GhgMeanEmissionAfterDecreaseTest.setBaseUri()'><b>setBaseUri</b><br>Test class: com.arcapi.Buildingtestcases.GhgMeanEmissionAfterDecreaseTest</td>
<td></td>
<td>0</td>
<td>com.arcapi.Buildingtestcases.GhgMeanEmissionAfterDecreaseTest@2f177a4b</td></tr>
<tr>
<td title='com.arcapi.Buildingtestcases.AnalysisDataEmissionAfterDecreaseTest.getSuiteName()'><b>getSuiteName</b><br>Test class: com.arcapi.Buildingtestcases.AnalysisDataEmissionAfterDecreaseTest</td>
<td></td>
<td>0</td>
<td>com.arcapi.Buildingtestcases.AnalysisDataEmissionAfterDecreaseTest@4278a03f</td></tr>
<tr>
<td title='com.arcapi.Buildingtestcases.AnalysisDataEmissionAfterDecreaseTest.setBaseUri()'><b>setBaseUri</b><br>Test class: com.arcapi.Buildingtestcases.AnalysisDataEmissionAfterDecreaseTest</td>
<td></td>
<td>0</td>
<td>com.arcapi.Buildingtestcases.AnalysisDataEmissionAfterDecreaseTest@4278a03f</td></tr>
<tr>
<td title='com.arcapi.Common.LoginAPITest.ExtentReportConfig()'><b>ExtentReportConfig</b><br>Test class: com.arcapi.Common.LoginAPITest</td>
<td></td>
<td>0</td>
<td>com.arcapi.Common.LoginAPITest@11a9e7c8</td></tr>
<tr>
<td title='com.arcapi.Common.LoginAPITest.start()'><b>start</b><br>Test class: com.arcapi.Common.LoginAPITest</td>
<td></td>
<td>0</td>
<td>com.arcapi.Common.LoginAPITest@11a9e7c8</td></tr>
<tr>
<td title='com.arcapi.Buildingtestcases.CreateAssetBuildingV3APITest.ExtentReportConfig()'><b>ExtentReportConfig</b><br>Test class: com.arcapi.Buildingtestcases.CreateAssetBuildingV3APITest</td>
<td></td>
<td>0</td>
<td>com.arcapi.Buildingtestcases.CreateAssetBuildingV3APITest@3901d134</td></tr>
<tr>
<td title='com.arcapi.Buildingtestcases.CreateAssetBuildingV3APITest.start()'><b>start</b><br>Test class: com.arcapi.Buildingtestcases.CreateAssetBuildingV3APITest</td>
<td></td>
<td>0</td>
<td>com.arcapi.Buildingtestcases.CreateAssetBuildingV3APITest@3901d134</td></tr>
<tr>
<td title='com.arcapi.Common.LoginAPITest.teardown()'><b>teardown</b><br>Test class: com.arcapi.Common.LoginAPITest</td>
<td></td>
<td>0</td>
<td>com.arcapi.Common.LoginAPITest@11a9e7c8</td></tr>
<tr>
<td title='com.arcapi.Buildingtestcases.CreateAssetBuildingV3APITest.teardown()'><b>teardown</b><br>Test class: com.arcapi.Buildingtestcases.CreateAssetBuildingV3APITest</td>
<td></td>
<td>0</td>
<td>com.arcapi.Buildingtestcases.CreateAssetBuildingV3APITest@3901d134</td></tr>
<tr>
<td title='com.arcapi.Common.LoginAPITest.end()'><b>end</b><br>Test class: com.arcapi.Common.LoginAPITest</td>
<td></td>
<td>0</td>
<td>com.arcapi.Common.LoginAPITest@11a9e7c8</td></tr>
<tr>
<td title='com.arcapi.Buildingtestcases.CreateAssetBuildingV3APITest.end()'><b>end</b><br>Test class: com.arcapi.Buildingtestcases.CreateAssetBuildingV3APITest</td>
<td></td>
<td>0</td>
<td>com.arcapi.Buildingtestcases.CreateAssetBuildingV3APITest@3901d134</td></tr>
<tr>
<td title='com.arcapi.Buildingtestcases.AssetDetailEmissionFactorTest.end()'><b>end</b><br>Test class: com.arcapi.Buildingtestcases.AssetDetailEmissionFactorTest</td>
<td></td>
<td>0</td>
<td>com.arcapi.Buildingtestcases.AssetDetailEmissionFactorTest@14d3bc22</td></tr>
<tr>
<td title='com.arcapi.Buildingtestcases.MeterCreatePOSTEmissionTest.end()'><b>end</b><br>Test class: com.arcapi.Buildingtestcases.MeterCreatePOSTEmissionTest</td>
<td></td>
<td>0</td>
<td>com.arcapi.Buildingtestcases.MeterCreatePOSTEmissionTest@12d4bf7e</td></tr>
<tr>
<td title='com.arcapi.Buildingtestcases.EnergyMeterBulkConsumptionPOSTEmissionTest.end()'><b>end</b><br>Test class: com.arcapi.Buildingtestcases.EnergyMeterBulkConsumptionPOSTEmissionTest</td>
<td></td>
<td>0</td>
<td>com.arcapi.Buildingtestcases.EnergyMeterBulkConsumptionPOSTEmissionTest@4c1d9d4b</td></tr>
<tr>
<td title='com.arcapi.Buildingtestcases.GhgMeanEmissionTest.end()'><b>end</b><br>Test class: com.arcapi.Buildingtestcases.GhgMeanEmissionTest</td>
<td></td>
<td>0</td>
<td>com.arcapi.Buildingtestcases.GhgMeanEmissionTest@7b227d8d</td></tr>
<tr>
<td title='com.arcapi.Buildingtestcases.AssetUpdateBuildingEmissionTest.end()'><b>end</b><br>Test class: com.arcapi.Buildingtestcases.AssetUpdateBuildingEmissionTest</td>
<td></td>
<td>0</td>
<td>com.arcapi.Buildingtestcases.AssetUpdateBuildingEmissionTest@7219ec67</td></tr>
<tr>
<td title='com.arcapi.Buildingtestcases.MetersListEmissionTest.end()'><b>end</b><br>Test class: com.arcapi.Buildingtestcases.MetersListEmissionTest</td>
<td></td>
<td>0</td>
<td>com.arcapi.Buildingtestcases.MetersListEmissionTest@45018215</td></tr>
<tr>
<td title='com.arcapi.Buildingtestcases.ConsumptionCreatePOSTEmissionTest.end()'><b>end</b><br>Test class: com.arcapi.Buildingtestcases.ConsumptionCreatePOSTEmissionTest</td>
<td></td>
<td>0</td>
<td>com.arcapi.Buildingtestcases.ConsumptionCreatePOSTEmissionTest@65d6b83b</td></tr>
<tr>
<td title='com.arcapi.Buildingtestcases.GhgMeanEmissionAfterUpdateTest.end()'><b>end</b><br>Test class: com.arcapi.Buildingtestcases.GhgMeanEmissionAfterUpdateTest</td>
<td></td>
<td>0</td>
<td>com.arcapi.Buildingtestcases.GhgMeanEmissionAfterUpdateTest@d706f19</td></tr>
<tr>
<td title='com.arcapi.Buildingtestcases.AnalysisDataEmissionAPITest.end()'><b>end</b><br>Test class: com.arcapi.Buildingtestcases.AnalysisDataEmissionAPITest</td>
<td></td>
<td>0</td>
<td>com.arcapi.Buildingtestcases.AnalysisDataEmissionAPITest@30b7c004</td></tr>
<tr>
<td title='com.arcapi.Buildingtestcases.ConsumptionUpdateEmissionAPITest.end()'><b>end</b><br>Test class: com.arcapi.Buildingtestcases.ConsumptionUpdateEmissionAPITest</td>
<td></td>
<td>0</td>
<td>com.arcapi.Buildingtestcases.ConsumptionUpdateEmissionAPITest@79efed2d</td></tr>
<tr>
<td title='com.arcapi.Buildingtestcases.GhgMeanEmissionAfterIncreaseTest.end()'><b>end</b><br>Test class: com.arcapi.Buildingtestcases.GhgMeanEmissionAfterIncreaseTest</td>
<td></td>
<td>0</td>
<td>com.arcapi.Buildingtestcases.GhgMeanEmissionAfterIncreaseTest@2928854b</td></tr>
<tr>
<td title='com.arcapi.Buildingtestcases.AnalysisDataEmissionAfterIncreaseTest.end()'><b>end</b><br>Test class: com.arcapi.Buildingtestcases.AnalysisDataEmissionAfterIncreaseTest</td>
<td></td>
<td>0</td>
<td>com.arcapi.Buildingtestcases.AnalysisDataEmissionAfterIncreaseTest@27ae2fd0</td></tr>
<tr>
<td title='com.arcapi.Buildingtestcases.ConsumptionUpdateEmissionDecreaseAPITest.end()'><b>end</b><br>Test class: com.arcapi.Buildingtestcases.ConsumptionUpdateEmissionDecreaseAPITest</td>
<td></td>
<td>0</td>
<td>com.arcapi.Buildingtestcases.ConsumptionUpdateEmissionDecreaseAPITest@29176cc1</td></tr>
<tr>
<td title='com.arcapi.Buildingtestcases.GhgMeanEmissionAfterDecreaseTest.end()'><b>end</b><br>Test class: com.arcapi.Buildingtestcases.GhgMeanEmissionAfterDecreaseTest</td>
<td></td>
<td>0</td>
<td>com.arcapi.Buildingtestcases.GhgMeanEmissionAfterDecreaseTest@2f177a4b</td></tr>
<tr>
<td title='com.arcapi.Buildingtestcases.AnalysisDataEmissionAfterDecreaseTest.end()'><b>end</b><br>Test class: com.arcapi.Buildingtestcases.AnalysisDataEmissionAfterDecreaseTest</td>
<td></td>
<td>0</td>
<td>com.arcapi.Buildingtestcases.AnalysisDataEmissionAfterDecreaseTest@4278a03f</td></tr>
</table><p>
<table width='100%' border='1' class='invocation-skipped'>
<tr><td colspan='4' align='center'><b>SKIPPED TESTS</b></td></tr>
<tr><td><b>Test method</b></td>
<td width="30%"><b>Exception</b></td>
<td width="10%"><b>Time (seconds)</b></td>
<td><b>Instance</b></td>
</tr>
<tr>
<td title='com.arcapi.Buildingtestcases.AnalysisDataEmissionAPITest.AnalysisDataEmissionAPI()'><b>AnalysisDataEmissionAPI</b><br>Test class: com.arcapi.Buildingtestcases.AnalysisDataEmissionAPITest</td>
<td><div><pre>org.testng.TestNGException: 
Parameter &apos;SheetName&apos; is required by @Test on method AnalysisDataEmissionAPI but has not been marked @Optional or defined
in D:\worksapceNew\TestArcAPI\src\main\resources\TestNGFiles\V2EmissionFactor.xml
... Removed 23 stack frames</pre></div><a href='#' onClick='toggleBox("stack-trace445726857", this, "Click to show all stack frames", "Click to hide stack frames")'>Click to show all stack frames</a>
<div class='stack-trace' id='stack-trace445726857'><pre>org.testng.TestNGException: 
Parameter &apos;SheetName&apos; is required by @Test on method AnalysisDataEmissionAPI but has not been marked @Optional or defined
in D:\worksapceNew\TestArcAPI\src\main\resources\TestNGFiles\V2EmissionFactor.xml
	at org.testng.internal.Parameters.createParameters(Parameters.java:154)
	at org.testng.internal.Parameters.createParameters(Parameters.java:361)
	at org.testng.internal.Parameters.handleParameters(Parameters.java:451)
	at org.testng.internal.Invoker.handleParameters(Invoker.java:1274)
	at org.testng.internal.Invoker.createParameters(Invoker.java:989)
	at org.testng.internal.Invoker.invokeTestMethods(Invoker.java:1079)
	at org.testng.internal.TestMethodWorker.invokeTestMethods(TestMethodWorker.java:129)
	at org.testng.internal.TestMethodWorker.run(TestMethodWorker.java:112)
	at org.testng.TestRunner.privateRun(TestRunner.java:782)
	at org.testng.TestRunner.run(TestRunner.java:632)
	at org.testng.SuiteRunner.runTest(SuiteRunner.java:366)
	at org.testng.SuiteRunner.runSequentially(SuiteRunner.java:361)
	at org.testng.SuiteRunner.privateRun(SuiteRunner.java:319)
	at org.testng.SuiteRunner.run(SuiteRunner.java:268)
	at org.testng.SuiteRunnerWorker.runSuite(SuiteRunnerWorker.java:52)
	at org.testng.SuiteRunnerWorker.run(SuiteRunnerWorker.java:86)
	at org.testng.TestNG.runSuitesSequentially(TestNG.java:1244)
	at org.testng.TestNG.runSuitesSequentially(TestNG.java:1240)
	at org.testng.TestNG.runSuitesLocally(TestNG.java:1169)
	at org.testng.TestNG.run(TestNG.java:1064)
	at org.testng.remote.RemoteTestNG.run(RemoteTestNG.java:113)
	at org.testng.remote.RemoteTestNG.initAndRun(RemoteTestNG.java:206)
	at org.testng.remote.RemoteTestNG.main(RemoteTestNG.java:177)
</pre></div></td>
<td>0</td>
<td>com.arcapi.Buildingtestcases.AnalysisDataEmissionAPITest@30b7c004</td></tr>
<tr>
<td title='com.arcapi.Buildingtestcases.AnalysisDataEmissionAfterDecreaseTest.AnalysisDataEmissionAfterDecrease()'><b>AnalysisDataEmissionAfterDecrease</b><br>Test class: com.arcapi.Buildingtestcases.AnalysisDataEmissionAfterDecreaseTest</td>
<td><div><pre>org.testng.TestNGException: 
Parameter &apos;SheetName&apos; is required by @Test on method AnalysisDataEmissionAfterDecrease but has not been marked @Optional or defined
in D:\worksapceNew\TestArcAPI\src\main\resources\TestNGFiles\V2EmissionFactor.xml
... Removed 23 stack frames</pre></div><a href='#' onClick='toggleBox("stack-trace1002380301", this, "Click to show all stack frames", "Click to hide stack frames")'>Click to show all stack frames</a>
<div class='stack-trace' id='stack-trace1002380301'><pre>org.testng.TestNGException: 
Parameter &apos;SheetName&apos; is required by @Test on method AnalysisDataEmissionAfterDecrease but has not been marked @Optional or defined
in D:\worksapceNew\TestArcAPI\src\main\resources\TestNGFiles\V2EmissionFactor.xml
	at org.testng.internal.Parameters.createParameters(Parameters.java:154)
	at org.testng.internal.Parameters.createParameters(Parameters.java:361)
	at org.testng.internal.Parameters.handleParameters(Parameters.java:451)
	at org.testng.internal.Invoker.handleParameters(Invoker.java:1274)
	at org.testng.internal.Invoker.createParameters(Invoker.java:989)
	at org.testng.internal.Invoker.invokeTestMethods(Invoker.java:1079)
	at org.testng.internal.TestMethodWorker.invokeTestMethods(TestMethodWorker.java:129)
	at org.testng.internal.TestMethodWorker.run(TestMethodWorker.java:112)
	at org.testng.TestRunner.privateRun(TestRunner.java:782)
	at org.testng.TestRunner.run(TestRunner.java:632)
	at org.testng.SuiteRunner.runTest(SuiteRunner.java:366)
	at org.testng.SuiteRunner.runSequentially(SuiteRunner.java:361)
	at org.testng.SuiteRunner.privateRun(SuiteRunner.java:319)
	at org.testng.SuiteRunner.run(SuiteRunner.java:268)
	at org.testng.SuiteRunnerWorker.runSuite(SuiteRunnerWorker.java:52)
	at org.testng.SuiteRunnerWorker.run(SuiteRunnerWorker.java:86)
	at org.testng.TestNG.runSuitesSequentially(TestNG.java:1244)
	at org.testng.TestNG.runSuitesSequentially(TestNG.java:1240)
	at org.testng.TestNG.runSuitesLocally(TestNG.java:1169)
	at org.testng.TestNG.run(TestNG.java:1064)
	at org.testng.remote.RemoteTestNG.run(RemoteTestNG.java:113)
	at org.testng.remote.RemoteTestNG.initAndRun(RemoteTestNG.java:206)
	at org.testng.remote.RemoteTestNG.main(RemoteTestNG.java:177)
</pre></div></td>
<td>0</td>
<td>com.arcapi.Buildingtestcases.AnalysisDataEmissionAfterDecreaseTest@4278a03f</td></tr>
<tr>
<td title='com.arcapi.Buildingtestcases.AnalysisDataEmissionAfterIncreaseTest.AnalysisDataEmissionAfterIncrease()'><b>AnalysisDataEmissionAfterIncrease</b><br>Test class: com.arcapi.Buildingtestcases.AnalysisDataEmissionAfterIncreaseTest</td>
<td><div><pre>org.testng.TestNGException: 
Parameter &apos;SheetName&apos; is required by @Test on method AnalysisDataEmissionAfterIncrease but has not been marked @Optional or defined
in D:\worksapceNew\TestArcAPI\src\main\resources\TestNGFiles\V2EmissionFactor.xml
... Removed 23 stack frames</pre></div><a href='#' onClick='toggleBox("stack-trace651828130", this, "Click to show all stack frames", "Click to hide stack frames")'>Click to show all stack frames</a>
<div class='stack-trace' id='stack-trace651828130'><pre>org.testng.TestNGException: 
Parameter &apos;SheetName&apos; is required by @Test on method AnalysisDataEmissionAfterIncrease but has not been marked @Optional or defined
in D:\worksapceNew\TestArcAPI\src\main\resources\TestNGFiles\V2EmissionFactor.xml
	at org.testng.internal.Parameters.createParameters(Parameters.java:154)
	at org.testng.internal.Parameters.createParameters(Parameters.java:361)
	at org.testng.internal.Parameters.handleParameters(Parameters.java:451)
	at org.testng.internal.Invoker.handleParameters(Invoker.java:1274)
	at org.testng.internal.Invoker.createParameters(Invoker.java:989)
	at org.testng.internal.Invoker.invokeTestMethods(Invoker.java:1079)
	at org.testng.internal.TestMethodWorker.invokeTestMethods(TestMethodWorker.java:129)
	at org.testng.internal.TestMethodWorker.run(TestMethodWorker.java:112)
	at org.testng.TestRunner.privateRun(TestRunner.java:782)
	at org.testng.TestRunner.run(TestRunner.java:632)
	at org.testng.SuiteRunner.runTest(SuiteRunner.java:366)
	at org.testng.SuiteRunner.runSequentially(SuiteRunner.java:361)
	at org.testng.SuiteRunner.privateRun(SuiteRunner.java:319)
	at org.testng.SuiteRunner.run(SuiteRunner.java:268)
	at org.testng.SuiteRunnerWorker.runSuite(SuiteRunnerWorker.java:52)
	at org.testng.SuiteRunnerWorker.run(SuiteRunnerWorker.java:86)
	at org.testng.TestNG.runSuitesSequentially(TestNG.java:1244)
	at org.testng.TestNG.runSuitesSequentially(TestNG.java:1240)
	at org.testng.TestNG.runSuitesLocally(TestNG.java:1169)
	at org.testng.TestNG.run(TestNG.java:1064)
	at org.testng.remote.RemoteTestNG.run(RemoteTestNG.java:113)
	at org.testng.remote.RemoteTestNG.initAndRun(RemoteTestNG.java:206)
	at org.testng.remote.RemoteTestNG.main(RemoteTestNG.java:177)
</pre></div></td>
<td>0</td>
<td>com.arcapi.Buildingtestcases.AnalysisDataEmissionAfterIncreaseTest@27ae2fd0</td></tr>
<tr>
<td title='com.arcapi.Buildingtestcases.AssetDetailEmissionFactorTest.AssetDetailAPI()'><b>AssetDetailAPI</b><br>Test class: com.arcapi.Buildingtestcases.AssetDetailEmissionFactorTest</td>
<td><div><pre>org.testng.TestNGException: 
Parameter &apos;SheetName&apos; is required by @Test on method AssetDetailAPI but has not been marked @Optional or defined
in D:\worksapceNew\TestArcAPI\src\main\resources\TestNGFiles\V2EmissionFactor.xml
... Removed 23 stack frames</pre></div><a href='#' onClick='toggleBox("stack-trace1798299644", this, "Click to show all stack frames", "Click to hide stack frames")'>Click to show all stack frames</a>
<div class='stack-trace' id='stack-trace1798299644'><pre>org.testng.TestNGException: 
Parameter &apos;SheetName&apos; is required by @Test on method AssetDetailAPI but has not been marked @Optional or defined
in D:\worksapceNew\TestArcAPI\src\main\resources\TestNGFiles\V2EmissionFactor.xml
	at org.testng.internal.Parameters.createParameters(Parameters.java:154)
	at org.testng.internal.Parameters.createParameters(Parameters.java:361)
	at org.testng.internal.Parameters.handleParameters(Parameters.java:451)
	at org.testng.internal.Invoker.handleParameters(Invoker.java:1274)
	at org.testng.internal.Invoker.createParameters(Invoker.java:989)
	at org.testng.internal.Invoker.invokeTestMethods(Invoker.java:1079)
	at org.testng.internal.TestMethodWorker.invokeTestMethods(TestMethodWorker.java:129)
	at org.testng.internal.TestMethodWorker.run(TestMethodWorker.java:112)
	at org.testng.TestRunner.privateRun(TestRunner.java:782)
	at org.testng.TestRunner.run(TestRunner.java:632)
	at org.testng.SuiteRunner.runTest(SuiteRunner.java:366)
	at org.testng.SuiteRunner.runSequentially(SuiteRunner.java:361)
	at org.testng.SuiteRunner.privateRun(SuiteRunner.java:319)
	at org.testng.SuiteRunner.run(SuiteRunner.java:268)
	at org.testng.SuiteRunnerWorker.runSuite(SuiteRunnerWorker.java:52)
	at org.testng.SuiteRunnerWorker.run(SuiteRunnerWorker.java:86)
	at org.testng.TestNG.runSuitesSequentially(TestNG.java:1244)
	at org.testng.TestNG.runSuitesSequentially(TestNG.java:1240)
	at org.testng.TestNG.runSuitesLocally(TestNG.java:1169)
	at org.testng.TestNG.run(TestNG.java:1064)
	at org.testng.remote.RemoteTestNG.run(RemoteTestNG.java:113)
	at org.testng.remote.RemoteTestNG.initAndRun(RemoteTestNG.java:206)
	at org.testng.remote.RemoteTestNG.main(RemoteTestNG.java:177)
</pre></div></td>
<td>0</td>
<td>com.arcapi.Buildingtestcases.AssetDetailEmissionFactorTest@14d3bc22</td></tr>
<tr>
<td title='com.arcapi.Buildingtestcases.AssetUpdateBuildingEmissionTest.AssetUpdateforNewAssetPUTAPI()'><b>AssetUpdateforNewAssetPUTAPI</b><br>Test class: com.arcapi.Buildingtestcases.AssetUpdateBuildingEmissionTest</td>
<td><div><pre>org.testng.TestNGException: 
Parameter &apos;SheetName&apos; is required by @Test on method AssetUpdateforNewAssetPUTAPI but has not been marked @Optional or defined
in D:\worksapceNew\TestArcAPI\src\main\resources\TestNGFiles\V2EmissionFactor.xml
... Removed 23 stack frames</pre></div><a href='#' onClick='toggleBox("stack-trace1646410010", this, "Click to show all stack frames", "Click to hide stack frames")'>Click to show all stack frames</a>
<div class='stack-trace' id='stack-trace1646410010'><pre>org.testng.TestNGException: 
Parameter &apos;SheetName&apos; is required by @Test on method AssetUpdateforNewAssetPUTAPI but has not been marked @Optional or defined
in D:\worksapceNew\TestArcAPI\src\main\resources\TestNGFiles\V2EmissionFactor.xml
	at org.testng.internal.Parameters.createParameters(Parameters.java:154)
	at org.testng.internal.Parameters.createParameters(Parameters.java:361)
	at org.testng.internal.Parameters.handleParameters(Parameters.java:451)
	at org.testng.internal.Invoker.handleParameters(Invoker.java:1274)
	at org.testng.internal.Invoker.createParameters(Invoker.java:989)
	at org.testng.internal.Invoker.invokeTestMethods(Invoker.java:1079)
	at org.testng.internal.TestMethodWorker.invokeTestMethods(TestMethodWorker.java:129)
	at org.testng.internal.TestMethodWorker.run(TestMethodWorker.java:112)
	at org.testng.TestRunner.privateRun(TestRunner.java:782)
	at org.testng.TestRunner.run(TestRunner.java:632)
	at org.testng.SuiteRunner.runTest(SuiteRunner.java:366)
	at org.testng.SuiteRunner.runSequentially(SuiteRunner.java:361)
	at org.testng.SuiteRunner.privateRun(SuiteRunner.java:319)
	at org.testng.SuiteRunner.run(SuiteRunner.java:268)
	at org.testng.SuiteRunnerWorker.runSuite(SuiteRunnerWorker.java:52)
	at org.testng.SuiteRunnerWorker.run(SuiteRunnerWorker.java:86)
	at org.testng.TestNG.runSuitesSequentially(TestNG.java:1244)
	at org.testng.TestNG.runSuitesSequentially(TestNG.java:1240)
	at org.testng.TestNG.runSuitesLocally(TestNG.java:1169)
	at org.testng.TestNG.run(TestNG.java:1064)
	at org.testng.remote.RemoteTestNG.run(RemoteTestNG.java:113)
	at org.testng.remote.RemoteTestNG.initAndRun(RemoteTestNG.java:206)
	at org.testng.remote.RemoteTestNG.main(RemoteTestNG.java:177)
</pre></div></td>
<td>0</td>
<td>com.arcapi.Buildingtestcases.AssetUpdateBuildingEmissionTest@7219ec67</td></tr>
<tr>
<td title='com.arcapi.Buildingtestcases.ConsumptionCreatePOSTEmissionTest.ConsumptionCreatePOSTEmission()'><b>ConsumptionCreatePOSTEmission</b><br>Test class: com.arcapi.Buildingtestcases.ConsumptionCreatePOSTEmissionTest</td>
<td><div><pre>org.testng.TestNGException: 
Parameter &apos;SheetName&apos; is required by @Test on method ConsumptionCreatePOSTEmission but has not been marked @Optional or defined
in D:\worksapceNew\TestArcAPI\src\main\resources\TestNGFiles\V2EmissionFactor.xml
... Removed 23 stack frames</pre></div><a href='#' onClick='toggleBox("stack-trace735639515", this, "Click to show all stack frames", "Click to hide stack frames")'>Click to show all stack frames</a>
<div class='stack-trace' id='stack-trace735639515'><pre>org.testng.TestNGException: 
Parameter &apos;SheetName&apos; is required by @Test on method ConsumptionCreatePOSTEmission but has not been marked @Optional or defined
in D:\worksapceNew\TestArcAPI\src\main\resources\TestNGFiles\V2EmissionFactor.xml
	at org.testng.internal.Parameters.createParameters(Parameters.java:154)
	at org.testng.internal.Parameters.createParameters(Parameters.java:361)
	at org.testng.internal.Parameters.handleParameters(Parameters.java:451)
	at org.testng.internal.Invoker.handleParameters(Invoker.java:1274)
	at org.testng.internal.Invoker.createParameters(Invoker.java:989)
	at org.testng.internal.Invoker.invokeTestMethods(Invoker.java:1079)
	at org.testng.internal.TestMethodWorker.invokeTestMethods(TestMethodWorker.java:129)
	at org.testng.internal.TestMethodWorker.run(TestMethodWorker.java:112)
	at org.testng.TestRunner.privateRun(TestRunner.java:782)
	at org.testng.TestRunner.run(TestRunner.java:632)
	at org.testng.SuiteRunner.runTest(SuiteRunner.java:366)
	at org.testng.SuiteRunner.runSequentially(SuiteRunner.java:361)
	at org.testng.SuiteRunner.privateRun(SuiteRunner.java:319)
	at org.testng.SuiteRunner.run(SuiteRunner.java:268)
	at org.testng.SuiteRunnerWorker.runSuite(SuiteRunnerWorker.java:52)
	at org.testng.SuiteRunnerWorker.run(SuiteRunnerWorker.java:86)
	at org.testng.TestNG.runSuitesSequentially(TestNG.java:1244)
	at org.testng.TestNG.runSuitesSequentially(TestNG.java:1240)
	at org.testng.TestNG.runSuitesLocally(TestNG.java:1169)
	at org.testng.TestNG.run(TestNG.java:1064)
	at org.testng.remote.RemoteTestNG.run(RemoteTestNG.java:113)
	at org.testng.remote.RemoteTestNG.initAndRun(RemoteTestNG.java:206)
	at org.testng.remote.RemoteTestNG.main(RemoteTestNG.java:177)
</pre></div></td>
<td>0</td>
<td>com.arcapi.Buildingtestcases.ConsumptionCreatePOSTEmissionTest@65d6b83b</td></tr>
<tr>
<td title='com.arcapi.Buildingtestcases.ConsumptionUpdateEmissionAPITest.ConsumptionUpdateEmissionAPI()'><b>ConsumptionUpdateEmissionAPI</b><br>Test class: com.arcapi.Buildingtestcases.ConsumptionUpdateEmissionAPITest</td>
<td><div><pre>org.testng.TestNGException: 
Parameter &apos;SheetName&apos; is required by @Test on method ConsumptionUpdateEmissionAPI but has not been marked @Optional or defined
in D:\worksapceNew\TestArcAPI\src\main\resources\TestNGFiles\V2EmissionFactor.xml
... Removed 23 stack frames</pre></div><a href='#' onClick='toggleBox("stack-trace2107760645", this, "Click to show all stack frames", "Click to hide stack frames")'>Click to show all stack frames</a>
<div class='stack-trace' id='stack-trace2107760645'><pre>org.testng.TestNGException: 
Parameter &apos;SheetName&apos; is required by @Test on method ConsumptionUpdateEmissionAPI but has not been marked @Optional or defined
in D:\worksapceNew\TestArcAPI\src\main\resources\TestNGFiles\V2EmissionFactor.xml
	at org.testng.internal.Parameters.createParameters(Parameters.java:154)
	at org.testng.internal.Parameters.createParameters(Parameters.java:361)
	at org.testng.internal.Parameters.handleParameters(Parameters.java:451)
	at org.testng.internal.Invoker.handleParameters(Invoker.java:1274)
	at org.testng.internal.Invoker.createParameters(Invoker.java:989)
	at org.testng.internal.Invoker.invokeTestMethods(Invoker.java:1079)
	at org.testng.internal.TestMethodWorker.invokeTestMethods(TestMethodWorker.java:129)
	at org.testng.internal.TestMethodWorker.run(TestMethodWorker.java:112)
	at org.testng.TestRunner.privateRun(TestRunner.java:782)
	at org.testng.TestRunner.run(TestRunner.java:632)
	at org.testng.SuiteRunner.runTest(SuiteRunner.java:366)
	at org.testng.SuiteRunner.runSequentially(SuiteRunner.java:361)
	at org.testng.SuiteRunner.privateRun(SuiteRunner.java:319)
	at org.testng.SuiteRunner.run(SuiteRunner.java:268)
	at org.testng.SuiteRunnerWorker.runSuite(SuiteRunnerWorker.java:52)
	at org.testng.SuiteRunnerWorker.run(SuiteRunnerWorker.java:86)
	at org.testng.TestNG.runSuitesSequentially(TestNG.java:1244)
	at org.testng.TestNG.runSuitesSequentially(TestNG.java:1240)
	at org.testng.TestNG.runSuitesLocally(TestNG.java:1169)
	at org.testng.TestNG.run(TestNG.java:1064)
	at org.testng.remote.RemoteTestNG.run(RemoteTestNG.java:113)
	at org.testng.remote.RemoteTestNG.initAndRun(RemoteTestNG.java:206)
	at org.testng.remote.RemoteTestNG.main(RemoteTestNG.java:177)
</pre></div></td>
<td>0</td>
<td>com.arcapi.Buildingtestcases.ConsumptionUpdateEmissionAPITest@79efed2d</td></tr>
<tr>
<td title='com.arcapi.Buildingtestcases.ConsumptionUpdateEmissionDecreaseAPITest.ConsumptionUpdateEmissionDecreaseAPI()'><b>ConsumptionUpdateEmissionDecreaseAPI</b><br>Test class: com.arcapi.Buildingtestcases.ConsumptionUpdateEmissionDecreaseAPITest</td>
<td><div><pre>org.testng.TestNGException: 
Parameter &apos;SheetName&apos; is required by @Test on method ConsumptionUpdateEmissionDecreaseAPI but has not been marked @Optional or defined
in D:\worksapceNew\TestArcAPI\src\main\resources\TestNGFiles\V2EmissionFactor.xml
... Removed 23 stack frames</pre></div><a href='#' onClick='toggleBox("stack-trace1589146424", this, "Click to show all stack frames", "Click to hide stack frames")'>Click to show all stack frames</a>
<div class='stack-trace' id='stack-trace1589146424'><pre>org.testng.TestNGException: 
Parameter &apos;SheetName&apos; is required by @Test on method ConsumptionUpdateEmissionDecreaseAPI but has not been marked @Optional or defined
in D:\worksapceNew\TestArcAPI\src\main\resources\TestNGFiles\V2EmissionFactor.xml
	at org.testng.internal.Parameters.createParameters(Parameters.java:154)
	at org.testng.internal.Parameters.createParameters(Parameters.java:361)
	at org.testng.internal.Parameters.handleParameters(Parameters.java:451)
	at org.testng.internal.Invoker.handleParameters(Invoker.java:1274)
	at org.testng.internal.Invoker.createParameters(Invoker.java:989)
	at org.testng.internal.Invoker.invokeTestMethods(Invoker.java:1079)
	at org.testng.internal.TestMethodWorker.invokeTestMethods(TestMethodWorker.java:129)
	at org.testng.internal.TestMethodWorker.run(TestMethodWorker.java:112)
	at org.testng.TestRunner.privateRun(TestRunner.java:782)
	at org.testng.TestRunner.run(TestRunner.java:632)
	at org.testng.SuiteRunner.runTest(SuiteRunner.java:366)
	at org.testng.SuiteRunner.runSequentially(SuiteRunner.java:361)
	at org.testng.SuiteRunner.privateRun(SuiteRunner.java:319)
	at org.testng.SuiteRunner.run(SuiteRunner.java:268)
	at org.testng.SuiteRunnerWorker.runSuite(SuiteRunnerWorker.java:52)
	at org.testng.SuiteRunnerWorker.run(SuiteRunnerWorker.java:86)
	at org.testng.TestNG.runSuitesSequentially(TestNG.java:1244)
	at org.testng.TestNG.runSuitesSequentially(TestNG.java:1240)
	at org.testng.TestNG.runSuitesLocally(TestNG.java:1169)
	at org.testng.TestNG.run(TestNG.java:1064)
	at org.testng.remote.RemoteTestNG.run(RemoteTestNG.java:113)
	at org.testng.remote.RemoteTestNG.initAndRun(RemoteTestNG.java:206)
	at org.testng.remote.RemoteTestNG.main(RemoteTestNG.java:177)
</pre></div></td>
<td>0</td>
<td>com.arcapi.Buildingtestcases.ConsumptionUpdateEmissionDecreaseAPITest@29176cc1</td></tr>
<tr>
<td title='com.arcapi.Buildingtestcases.CreateAssetBuildingV3APITest.CreateAssetPOSTAPI()'><b>CreateAssetPOSTAPI</b><br>Test class: com.arcapi.Buildingtestcases.CreateAssetBuildingV3APITest<br>Parameters: building, ProjectIDBuildingNone, US, none, true</td>
<td></td>
<td>0</td>
<td>com.arcapi.Buildingtestcases.CreateAssetBuildingV3APITest@3901d134</td></tr>
<tr>
<td title='com.arcapi.Buildingtestcases.GhgMeanEmissionTest.GhgGetTestAPI()'><b>GhgGetTestAPI</b><br>Test class: com.arcapi.Buildingtestcases.GhgMeanEmissionTest</td>
<td><div><pre>org.testng.TestNGException: 
Parameter &apos;SheetName&apos; is required by @Test on method GhgGetTestAPI but has not been marked @Optional or defined
in D:\worksapceNew\TestArcAPI\src\main\resources\TestNGFiles\V2EmissionFactor.xml
... Removed 23 stack frames</pre></div><a href='#' onClick='toggleBox("stack-trace677007331", this, "Click to show all stack frames", "Click to hide stack frames")'>Click to show all stack frames</a>
<div class='stack-trace' id='stack-trace677007331'><pre>org.testng.TestNGException: 
Parameter &apos;SheetName&apos; is required by @Test on method GhgGetTestAPI but has not been marked @Optional or defined
in D:\worksapceNew\TestArcAPI\src\main\resources\TestNGFiles\V2EmissionFactor.xml
	at org.testng.internal.Parameters.createParameters(Parameters.java:154)
	at org.testng.internal.Parameters.createParameters(Parameters.java:361)
	at org.testng.internal.Parameters.handleParameters(Parameters.java:451)
	at org.testng.internal.Invoker.handleParameters(Invoker.java:1274)
	at org.testng.internal.Invoker.createParameters(Invoker.java:989)
	at org.testng.internal.Invoker.invokeTestMethods(Invoker.java:1079)
	at org.testng.internal.TestMethodWorker.invokeTestMethods(TestMethodWorker.java:129)
	at org.testng.internal.TestMethodWorker.run(TestMethodWorker.java:112)
	at org.testng.TestRunner.privateRun(TestRunner.java:782)
	at org.testng.TestRunner.run(TestRunner.java:632)
	at org.testng.SuiteRunner.runTest(SuiteRunner.java:366)
	at org.testng.SuiteRunner.runSequentially(SuiteRunner.java:361)
	at org.testng.SuiteRunner.privateRun(SuiteRunner.java:319)
	at org.testng.SuiteRunner.run(SuiteRunner.java:268)
	at org.testng.SuiteRunnerWorker.runSuite(SuiteRunnerWorker.java:52)
	at org.testng.SuiteRunnerWorker.run(SuiteRunnerWorker.java:86)
	at org.testng.TestNG.runSuitesSequentially(TestNG.java:1244)
	at org.testng.TestNG.runSuitesSequentially(TestNG.java:1240)
	at org.testng.TestNG.runSuitesLocally(TestNG.java:1169)
	at org.testng.TestNG.run(TestNG.java:1064)
	at org.testng.remote.RemoteTestNG.run(RemoteTestNG.java:113)
	at org.testng.remote.RemoteTestNG.initAndRun(RemoteTestNG.java:206)
	at org.testng.remote.RemoteTestNG.main(RemoteTestNG.java:177)
</pre></div></td>
<td>0</td>
<td>com.arcapi.Buildingtestcases.GhgMeanEmissionTest@7b227d8d</td></tr>
<tr>
<td title='com.arcapi.Buildingtestcases.GhgMeanEmissionAfterUpdateTest.GhgGetTestAPI()'><b>GhgGetTestAPI</b><br>Test class: com.arcapi.Buildingtestcases.GhgMeanEmissionAfterUpdateTest</td>
<td><div><pre>org.testng.TestNGException: 
Parameter &apos;SheetName&apos; is required by @Test on method GhgGetTestAPI but has not been marked @Optional or defined
in D:\worksapceNew\TestArcAPI\src\main\resources\TestNGFiles\V2EmissionFactor.xml
... Removed 23 stack frames</pre></div><a href='#' onClick='toggleBox("stack-trace280541440", this, "Click to show all stack frames", "Click to hide stack frames")'>Click to show all stack frames</a>
<div class='stack-trace' id='stack-trace280541440'><pre>org.testng.TestNGException: 
Parameter &apos;SheetName&apos; is required by @Test on method GhgGetTestAPI but has not been marked @Optional or defined
in D:\worksapceNew\TestArcAPI\src\main\resources\TestNGFiles\V2EmissionFactor.xml
	at org.testng.internal.Parameters.createParameters(Parameters.java:154)
	at org.testng.internal.Parameters.createParameters(Parameters.java:361)
	at org.testng.internal.Parameters.handleParameters(Parameters.java:451)
	at org.testng.internal.Invoker.handleParameters(Invoker.java:1274)
	at org.testng.internal.Invoker.createParameters(Invoker.java:989)
	at org.testng.internal.Invoker.invokeTestMethods(Invoker.java:1079)
	at org.testng.internal.TestMethodWorker.invokeTestMethods(TestMethodWorker.java:129)
	at org.testng.internal.TestMethodWorker.run(TestMethodWorker.java:112)
	at org.testng.TestRunner.privateRun(TestRunner.java:782)
	at org.testng.TestRunner.run(TestRunner.java:632)
	at org.testng.SuiteRunner.runTest(SuiteRunner.java:366)
	at org.testng.SuiteRunner.runSequentially(SuiteRunner.java:361)
	at org.testng.SuiteRunner.privateRun(SuiteRunner.java:319)
	at org.testng.SuiteRunner.run(SuiteRunner.java:268)
	at org.testng.SuiteRunnerWorker.runSuite(SuiteRunnerWorker.java:52)
	at org.testng.SuiteRunnerWorker.run(SuiteRunnerWorker.java:86)
	at org.testng.TestNG.runSuitesSequentially(TestNG.java:1244)
	at org.testng.TestNG.runSuitesSequentially(TestNG.java:1240)
	at org.testng.TestNG.runSuitesLocally(TestNG.java:1169)
	at org.testng.TestNG.run(TestNG.java:1064)
	at org.testng.remote.RemoteTestNG.run(RemoteTestNG.java:113)
	at org.testng.remote.RemoteTestNG.initAndRun(RemoteTestNG.java:206)
	at org.testng.remote.RemoteTestNG.main(RemoteTestNG.java:177)
</pre></div></td>
<td>0</td>
<td>com.arcapi.Buildingtestcases.GhgMeanEmissionAfterUpdateTest@d706f19</td></tr>
<tr>
<td title='com.arcapi.Buildingtestcases.GhgMeanEmissionAfterDecreaseTest.GhgMeanEmissionAfterDecrease()'><b>GhgMeanEmissionAfterDecrease</b><br>Test class: com.arcapi.Buildingtestcases.GhgMeanEmissionAfterDecreaseTest</td>
<td><div><pre>org.testng.TestNGException: 
Parameter &apos;SheetName&apos; is required by @Test on method GhgMeanEmissionAfterDecrease but has not been marked @Optional or defined
in D:\worksapceNew\TestArcAPI\src\main\resources\TestNGFiles\V2EmissionFactor.xml
... Removed 23 stack frames</pre></div><a href='#' onClick='toggleBox("stack-trace462073515", this, "Click to show all stack frames", "Click to hide stack frames")'>Click to show all stack frames</a>
<div class='stack-trace' id='stack-trace462073515'><pre>org.testng.TestNGException: 
Parameter &apos;SheetName&apos; is required by @Test on method GhgMeanEmissionAfterDecrease but has not been marked @Optional or defined
in D:\worksapceNew\TestArcAPI\src\main\resources\TestNGFiles\V2EmissionFactor.xml
	at org.testng.internal.Parameters.createParameters(Parameters.java:154)
	at org.testng.internal.Parameters.createParameters(Parameters.java:361)
	at org.testng.internal.Parameters.handleParameters(Parameters.java:451)
	at org.testng.internal.Invoker.handleParameters(Invoker.java:1274)
	at org.testng.internal.Invoker.createParameters(Invoker.java:989)
	at org.testng.internal.Invoker.invokeTestMethods(Invoker.java:1079)
	at org.testng.internal.TestMethodWorker.invokeTestMethods(TestMethodWorker.java:129)
	at org.testng.internal.TestMethodWorker.run(TestMethodWorker.java:112)
	at org.testng.TestRunner.privateRun(TestRunner.java:782)
	at org.testng.TestRunner.run(TestRunner.java:632)
	at org.testng.SuiteRunner.runTest(SuiteRunner.java:366)
	at org.testng.SuiteRunner.runSequentially(SuiteRunner.java:361)
	at org.testng.SuiteRunner.privateRun(SuiteRunner.java:319)
	at org.testng.SuiteRunner.run(SuiteRunner.java:268)
	at org.testng.SuiteRunnerWorker.runSuite(SuiteRunnerWorker.java:52)
	at org.testng.SuiteRunnerWorker.run(SuiteRunnerWorker.java:86)
	at org.testng.TestNG.runSuitesSequentially(TestNG.java:1244)
	at org.testng.TestNG.runSuitesSequentially(TestNG.java:1240)
	at org.testng.TestNG.runSuitesLocally(TestNG.java:1169)
	at org.testng.TestNG.run(TestNG.java:1064)
	at org.testng.remote.RemoteTestNG.run(RemoteTestNG.java:113)
	at org.testng.remote.RemoteTestNG.initAndRun(RemoteTestNG.java:206)
	at org.testng.remote.RemoteTestNG.main(RemoteTestNG.java:177)
</pre></div></td>
<td>0</td>
<td>com.arcapi.Buildingtestcases.GhgMeanEmissionAfterDecreaseTest@2f177a4b</td></tr>
<tr>
<td title='com.arcapi.Buildingtestcases.GhgMeanEmissionAfterIncreaseTest.GhgMeanEmissionAfterIncrease()'><b>GhgMeanEmissionAfterIncrease</b><br>Test class: com.arcapi.Buildingtestcases.GhgMeanEmissionAfterIncreaseTest</td>
<td><div><pre>org.testng.TestNGException: 
Parameter &apos;SheetName&apos; is required by @Test on method GhgMeanEmissionAfterIncrease but has not been marked @Optional or defined
in D:\worksapceNew\TestArcAPI\src\main\resources\TestNGFiles\V2EmissionFactor.xml
... Removed 23 stack frames</pre></div><a href='#' onClick='toggleBox("stack-trace321795476", this, "Click to show all stack frames", "Click to hide stack frames")'>Click to show all stack frames</a>
<div class='stack-trace' id='stack-trace321795476'><pre>org.testng.TestNGException: 
Parameter &apos;SheetName&apos; is required by @Test on method GhgMeanEmissionAfterIncrease but has not been marked @Optional or defined
in D:\worksapceNew\TestArcAPI\src\main\resources\TestNGFiles\V2EmissionFactor.xml
	at org.testng.internal.Parameters.createParameters(Parameters.java:154)
	at org.testng.internal.Parameters.createParameters(Parameters.java:361)
	at org.testng.internal.Parameters.handleParameters(Parameters.java:451)
	at org.testng.internal.Invoker.handleParameters(Invoker.java:1274)
	at org.testng.internal.Invoker.createParameters(Invoker.java:989)
	at org.testng.internal.Invoker.invokeTestMethods(Invoker.java:1079)
	at org.testng.internal.TestMethodWorker.invokeTestMethods(TestMethodWorker.java:129)
	at org.testng.internal.TestMethodWorker.run(TestMethodWorker.java:112)
	at org.testng.TestRunner.privateRun(TestRunner.java:782)
	at org.testng.TestRunner.run(TestRunner.java:632)
	at org.testng.SuiteRunner.runTest(SuiteRunner.java:366)
	at org.testng.SuiteRunner.runSequentially(SuiteRunner.java:361)
	at org.testng.SuiteRunner.privateRun(SuiteRunner.java:319)
	at org.testng.SuiteRunner.run(SuiteRunner.java:268)
	at org.testng.SuiteRunnerWorker.runSuite(SuiteRunnerWorker.java:52)
	at org.testng.SuiteRunnerWorker.run(SuiteRunnerWorker.java:86)
	at org.testng.TestNG.runSuitesSequentially(TestNG.java:1244)
	at org.testng.TestNG.runSuitesSequentially(TestNG.java:1240)
	at org.testng.TestNG.runSuitesLocally(TestNG.java:1169)
	at org.testng.TestNG.run(TestNG.java:1064)
	at org.testng.remote.RemoteTestNG.run(RemoteTestNG.java:113)
	at org.testng.remote.RemoteTestNG.initAndRun(RemoteTestNG.java:206)
	at org.testng.remote.RemoteTestNG.main(RemoteTestNG.java:177)
</pre></div></td>
<td>0</td>
<td>com.arcapi.Buildingtestcases.GhgMeanEmissionAfterIncreaseTest@2928854b</td></tr>
<tr>
<td title='com.arcapi.Common.LoginAPITest.LoginAPI()'><b>LoginAPI</b><br>Test class: com.arcapi.Common.LoginAPITest</td>
<td></td>
<td>0</td>
<td>com.arcapi.Common.LoginAPITest@11a9e7c8</td></tr>
<tr>
<td title='com.arcapi.Buildingtestcases.EnergyMeterBulkConsumptionPOSTEmissionTest.MeterBulkConsumptionPOSTAPI()'><b>MeterBulkConsumptionPOSTAPI</b><br>Test class: com.arcapi.Buildingtestcases.EnergyMeterBulkConsumptionPOSTEmissionTest</td>
<td><div><pre>org.testng.TestNGException: 
Parameter &apos;SheetName&apos; is required by @Test on method MeterBulkConsumptionPOSTAPI but has not been marked @Optional or defined
in D:\worksapceNew\TestArcAPI\src\main\resources\TestNGFiles\V2EmissionFactor.xml
... Removed 23 stack frames</pre></div><a href='#' onClick='toggleBox("stack-trace350099713", this, "Click to show all stack frames", "Click to hide stack frames")'>Click to show all stack frames</a>
<div class='stack-trace' id='stack-trace350099713'><pre>org.testng.TestNGException: 
Parameter &apos;SheetName&apos; is required by @Test on method MeterBulkConsumptionPOSTAPI but has not been marked @Optional or defined
in D:\worksapceNew\TestArcAPI\src\main\resources\TestNGFiles\V2EmissionFactor.xml
	at org.testng.internal.Parameters.createParameters(Parameters.java:154)
	at org.testng.internal.Parameters.createParameters(Parameters.java:361)
	at org.testng.internal.Parameters.handleParameters(Parameters.java:451)
	at org.testng.internal.Invoker.handleParameters(Invoker.java:1274)
	at org.testng.internal.Invoker.createParameters(Invoker.java:989)
	at org.testng.internal.Invoker.invokeTestMethods(Invoker.java:1079)
	at org.testng.internal.TestMethodWorker.invokeTestMethods(TestMethodWorker.java:129)
	at org.testng.internal.TestMethodWorker.run(TestMethodWorker.java:112)
	at org.testng.TestRunner.privateRun(TestRunner.java:782)
	at org.testng.TestRunner.run(TestRunner.java:632)
	at org.testng.SuiteRunner.runTest(SuiteRunner.java:366)
	at org.testng.SuiteRunner.runSequentially(SuiteRunner.java:361)
	at org.testng.SuiteRunner.privateRun(SuiteRunner.java:319)
	at org.testng.SuiteRunner.run(SuiteRunner.java:268)
	at org.testng.SuiteRunnerWorker.runSuite(SuiteRunnerWorker.java:52)
	at org.testng.SuiteRunnerWorker.run(SuiteRunnerWorker.java:86)
	at org.testng.TestNG.runSuitesSequentially(TestNG.java:1244)
	at org.testng.TestNG.runSuitesSequentially(TestNG.java:1240)
	at org.testng.TestNG.runSuitesLocally(TestNG.java:1169)
	at org.testng.TestNG.run(TestNG.java:1064)
	at org.testng.remote.RemoteTestNG.run(RemoteTestNG.java:113)
	at org.testng.remote.RemoteTestNG.initAndRun(RemoteTestNG.java:206)
	at org.testng.remote.RemoteTestNG.main(RemoteTestNG.java:177)
</pre></div></td>
<td>0</td>
<td>com.arcapi.Buildingtestcases.EnergyMeterBulkConsumptionPOSTEmissionTest@4c1d9d4b</td></tr>
<tr>
<td title='com.arcapi.Buildingtestcases.MeterCreatePOSTEmissionTest.MeterCreatePOSTAPI()'><b>MeterCreatePOSTAPI</b><br>Test class: com.arcapi.Buildingtestcases.MeterCreatePOSTEmissionTest</td>
<td><div><pre>org.testng.TestNGException: 
Parameter &apos;SheetName&apos; is required by @Test on method MeterCreatePOSTAPI but has not been marked @Optional or defined
in D:\worksapceNew\TestArcAPI\src\main\resources\TestNGFiles\V2EmissionFactor.xml
... Removed 23 stack frames</pre></div><a href='#' onClick='toggleBox("stack-trace2120344156", this, "Click to show all stack frames", "Click to hide stack frames")'>Click to show all stack frames</a>
<div class='stack-trace' id='stack-trace2120344156'><pre>org.testng.TestNGException: 
Parameter &apos;SheetName&apos; is required by @Test on method MeterCreatePOSTAPI but has not been marked @Optional or defined
in D:\worksapceNew\TestArcAPI\src\main\resources\TestNGFiles\V2EmissionFactor.xml
	at org.testng.internal.Parameters.createParameters(Parameters.java:154)
	at org.testng.internal.Parameters.createParameters(Parameters.java:361)
	at org.testng.internal.Parameters.handleParameters(Parameters.java:451)
	at org.testng.internal.Invoker.handleParameters(Invoker.java:1274)
	at org.testng.internal.Invoker.createParameters(Invoker.java:989)
	at org.testng.internal.Invoker.invokeTestMethods(Invoker.java:1079)
	at org.testng.internal.TestMethodWorker.invokeTestMethods(TestMethodWorker.java:129)
	at org.testng.internal.TestMethodWorker.run(TestMethodWorker.java:112)
	at org.testng.TestRunner.privateRun(TestRunner.java:782)
	at org.testng.TestRunner.run(TestRunner.java:632)
	at org.testng.SuiteRunner.runTest(SuiteRunner.java:366)
	at org.testng.SuiteRunner.runSequentially(SuiteRunner.java:361)
	at org.testng.SuiteRunner.privateRun(SuiteRunner.java:319)
	at org.testng.SuiteRunner.run(SuiteRunner.java:268)
	at org.testng.SuiteRunnerWorker.runSuite(SuiteRunnerWorker.java:52)
	at org.testng.SuiteRunnerWorker.run(SuiteRunnerWorker.java:86)
	at org.testng.TestNG.runSuitesSequentially(TestNG.java:1244)
	at org.testng.TestNG.runSuitesSequentially(TestNG.java:1240)
	at org.testng.TestNG.runSuitesLocally(TestNG.java:1169)
	at org.testng.TestNG.run(TestNG.java:1064)
	at org.testng.remote.RemoteTestNG.run(RemoteTestNG.java:113)
	at org.testng.remote.RemoteTestNG.initAndRun(RemoteTestNG.java:206)
	at org.testng.remote.RemoteTestNG.main(RemoteTestNG.java:177)
</pre></div></td>
<td>0</td>
<td>com.arcapi.Buildingtestcases.MeterCreatePOSTEmissionTest@12d4bf7e</td></tr>
<tr>
<td title='com.arcapi.Buildingtestcases.MetersListEmissionTest.MetersAPI()'><b>MetersAPI</b><br>Test class: com.arcapi.Buildingtestcases.MetersListEmissionTest</td>
<td><div><pre>org.testng.TestNGException: 
Parameter &apos;SheetName&apos; is required by @Test on method MetersAPI but has not been marked @Optional or defined
in D:\worksapceNew\TestArcAPI\src\main\resources\TestNGFiles\V2EmissionFactor.xml
... Removed 23 stack frames</pre></div><a href='#' onClick='toggleBox("stack-trace1190608890", this, "Click to show all stack frames", "Click to hide stack frames")'>Click to show all stack frames</a>
<div class='stack-trace' id='stack-trace1190608890'><pre>org.testng.TestNGException: 
Parameter &apos;SheetName&apos; is required by @Test on method MetersAPI but has not been marked @Optional or defined
in D:\worksapceNew\TestArcAPI\src\main\resources\TestNGFiles\V2EmissionFactor.xml
	at org.testng.internal.Parameters.createParameters(Parameters.java:154)
	at org.testng.internal.Parameters.createParameters(Parameters.java:361)
	at org.testng.internal.Parameters.handleParameters(Parameters.java:451)
	at org.testng.internal.Invoker.handleParameters(Invoker.java:1274)
	at org.testng.internal.Invoker.createParameters(Invoker.java:989)
	at org.testng.internal.Invoker.invokeTestMethods(Invoker.java:1079)
	at org.testng.internal.TestMethodWorker.invokeTestMethods(TestMethodWorker.java:129)
	at org.testng.internal.TestMethodWorker.run(TestMethodWorker.java:112)
	at org.testng.TestRunner.privateRun(TestRunner.java:782)
	at org.testng.TestRunner.run(TestRunner.java:632)
	at org.testng.SuiteRunner.runTest(SuiteRunner.java:366)
	at org.testng.SuiteRunner.runSequentially(SuiteRunner.java:361)
	at org.testng.SuiteRunner.privateRun(SuiteRunner.java:319)
	at org.testng.SuiteRunner.run(SuiteRunner.java:268)
	at org.testng.SuiteRunnerWorker.runSuite(SuiteRunnerWorker.java:52)
	at org.testng.SuiteRunnerWorker.run(SuiteRunnerWorker.java:86)
	at org.testng.TestNG.runSuitesSequentially(TestNG.java:1244)
	at org.testng.TestNG.runSuitesSequentially(TestNG.java:1240)
	at org.testng.TestNG.runSuitesLocally(TestNG.java:1169)
	at org.testng.TestNG.run(TestNG.java:1064)
	at org.testng.remote.RemoteTestNG.run(RemoteTestNG.java:113)
	at org.testng.remote.RemoteTestNG.initAndRun(RemoteTestNG.java:206)
	at org.testng.remote.RemoteTestNG.main(RemoteTestNG.java:177)
</pre></div></td>
<td>0</td>
<td>com.arcapi.Buildingtestcases.MetersListEmissionTest@45018215</td></tr>
</table><p>
</body>
</html>