<html>
<head>
<title>TestNG:  CompleteFlowTest-Transit-AboveV2</title>
<link href="../testng.css" rel="stylesheet" type="text/css" />
<link href="../my-testng.css" rel="stylesheet" type="text/css" />

<style type="text/css">
.log { display: none;} 
.stack-trace { display: none;} 
</style>
<script type="text/javascript">
<!--
function flip(e) {
  current = e.style.display;
  if (current == 'block') {
    e.style.display = 'none';
    return 0;
  }
  else {
    e.style.display = 'block';
    return 1;
  }
}

function toggleBox(szDivId, elem, msg1, msg2)
{
  var res = -1;  if (document.getElementById) {
    res = flip(document.getElementById(szDivId));
  }
  else if (document.all) {
    // this is the way old msie versions work
    res = flip(document.all[szDivId]);
  }
  if(elem) {
    if(res == 0) elem.innerHTML = msg1; else elem.innerHTML = msg2;
  }

}

function toggleAllBoxes() {
  if (document.getElementsByTagName) {
    d = document.getElementsByTagName('div');
    for (i = 0; i < d.length; i++) {
      if (d[i].className == 'log') {
        flip(d[i]);
      }
    }
  }
}

// -->
</script>

</head>
<body>
<h2 align='center'>CompleteFlowTest-Transit-AboveV2</h2><table border='1' align="center">
<tr>
<td>Tests passed/Failed/Skipped:</td><td>0/0/20</td>
</tr><tr>
<td>Started on:</td><td>Thu Nov 28 10:26:31 IST 2019</td>
</tr>
<tr><td>Total time:</td><td>0 seconds (14 ms)</td>
</tr><tr>
<td>Included groups:</td><td></td>
</tr><tr>
<td>Excluded groups:</td><td></td>
</tr>
</table><p/>
<small><i>(Hover the method name to see the test class name)</i></small><p/>
<table width='100%' border='1' class='invocation-failed'>
<tr><td colspan='4' align='center'><b>FAILED CONFIGURATIONS</b></td></tr>
<tr><td><b>Test method</b></td>
<td width="30%"><b>Exception</b></td>
<td width="10%"><b>Time (seconds)</b></td>
<td><b>Instance</b></td>
</tr>
<tr>
<td title='com.arcapi.Transittestcases.CreateAssetTransitAPITest.setBaseUri()'><b>setBaseUri</b><br>Test class: com.arcapi.Transittestcases.CreateAssetTransitAPITest</td>
<td><div><pre>org.testng.TestNGException: 
Parameter &apos;environment&apos; is required by @Configuration on method setBaseUri but has not been marked @Optional or defined
in D:\worksapceNew\TestArcAPI\src\main\resources\TestNGFiles\V2EmissionFactor.xml
... Removed 22 stack frames</pre></div><a href='#' onClick='toggleBox("stack-trace678858277", this, "Click to show all stack frames", "Click to hide stack frames")'>Click to show all stack frames</a>
<div class='stack-trace' id='stack-trace678858277'><pre>org.testng.TestNGException: 
Parameter &apos;environment&apos; is required by @Configuration on method setBaseUri but has not been marked @Optional or defined
in D:\worksapceNew\TestArcAPI\src\main\resources\TestNGFiles\V2EmissionFactor.xml
	at org.testng.internal.Parameters.createParameters(Parameters.java:154)
	at org.testng.internal.Parameters.createParameters(Parameters.java:361)
	at org.testng.internal.Parameters.createConfigurationParameters(Parameters.java:84)
	at org.testng.internal.Invoker.invokeConfigurations(Invoker.java:201)
	at org.testng.internal.Invoker.invokeConfigurations(Invoker.java:142)
	at org.testng.internal.TestMethodWorker.invokeBeforeClassMethods(TestMethodWorker.java:178)
	at org.testng.internal.TestMethodWorker.run(TestMethodWorker.java:108)
	at org.testng.TestRunner.privateRun(TestRunner.java:782)
	at org.testng.TestRunner.run(TestRunner.java:632)
	at org.testng.SuiteRunner.runTest(SuiteRunner.java:366)
	at org.testng.SuiteRunner.runSequentially(SuiteRunner.java:361)
	at org.testng.SuiteRunner.privateRun(SuiteRunner.java:319)
	at org.testng.SuiteRunner.run(SuiteRunner.java:268)
	at org.testng.SuiteRunnerWorker.runSuite(SuiteRunnerWorker.java:52)
	at org.testng.SuiteRunnerWorker.run(SuiteRunnerWorker.java:86)
	at org.testng.TestNG.runSuitesSequentially(TestNG.java:1244)
	at org.testng.TestNG.runSuitesSequentially(TestNG.java:1240)
	at org.testng.TestNG.runSuitesLocally(TestNG.java:1169)
	at org.testng.TestNG.run(TestNG.java:1064)
	at org.testng.remote.RemoteTestNG.run(RemoteTestNG.java:113)
	at org.testng.remote.RemoteTestNG.initAndRun(RemoteTestNG.java:206)
	at org.testng.remote.RemoteTestNG.main(RemoteTestNG.java:177)
</pre></div></td>
<td>0</td>
<td>com.arcapi.Transittestcases.CreateAssetTransitAPITest@2ddc8ecb</td></tr>
</table><p>
<table width='100%' border='1' class='invocation-skipped'>
<tr><td colspan='4' align='center'><b>SKIPPED CONFIGURATIONS</b></td></tr>
<tr><td><b>Test method</b></td>
<td width="30%"><b>Exception</b></td>
<td width="10%"><b>Time (seconds)</b></td>
<td><b>Instance</b></td>
</tr>
<tr>
<td title='com.arcapi.Common.SignAgreementRegistrationAPITest.getSuiteName()'><b>getSuiteName</b><br>Test class: com.arcapi.Common.SignAgreementRegistrationAPITest</td>
<td></td>
<td>0</td>
<td>com.arcapi.Common.SignAgreementRegistrationAPITest@229d10bd</td></tr>
<tr>
<td title='com.arcapi.Common.SignAgreementRegistrationAPITest.setBaseUri()'><b>setBaseUri</b><br>Test class: com.arcapi.Common.SignAgreementRegistrationAPITest</td>
<td></td>
<td>0</td>
<td>com.arcapi.Common.SignAgreementRegistrationAPITest@229d10bd</td></tr>
<tr>
<td title='com.arcapi.Common.PaymentOrderSubmitPOSTAPITest.getSuiteName()'><b>getSuiteName</b><br>Test class: com.arcapi.Common.PaymentOrderSubmitPOSTAPITest</td>
<td></td>
<td>0</td>
<td>com.arcapi.Common.PaymentOrderSubmitPOSTAPITest@47542153</td></tr>
<tr>
<td title='com.arcapi.Common.PaymentOrderSubmitPOSTAPITest.setBaseUri()'><b>setBaseUri</b><br>Test class: com.arcapi.Common.PaymentOrderSubmitPOSTAPITest</td>
<td></td>
<td>0</td>
<td>com.arcapi.Common.PaymentOrderSubmitPOSTAPITest@47542153</td></tr>
<tr>
<td title='com.arcapi.Common.AddAssestTimelinePOSTAPITest.getSuiteName()'><b>getSuiteName</b><br>Test class: com.arcapi.Common.AddAssestTimelinePOSTAPITest</td>
<td></td>
<td>0</td>
<td>com.arcapi.Common.AddAssestTimelinePOSTAPITest@33afa13b</td></tr>
<tr>
<td title='com.arcapi.Common.AddAssestTimelinePOSTAPITest.setBaseUri()'><b>setBaseUri</b><br>Test class: com.arcapi.Common.AddAssestTimelinePOSTAPITest</td>
<td></td>
<td>0</td>
<td>com.arcapi.Common.AddAssestTimelinePOSTAPITest@33afa13b</td></tr>
<tr>
<td title='com.arcapi.Buildingtestcases.AssetDetailEmissionFactorTest.getSuiteName()'><b>getSuiteName</b><br>Test class: com.arcapi.Buildingtestcases.AssetDetailEmissionFactorTest</td>
<td></td>
<td>0</td>
<td>com.arcapi.Buildingtestcases.AssetDetailEmissionFactorTest@7a4ccb53</td></tr>
<tr>
<td title='com.arcapi.Buildingtestcases.AssetDetailEmissionFactorTest.setBaseUri()'><b>setBaseUri</b><br>Test class: com.arcapi.Buildingtestcases.AssetDetailEmissionFactorTest</td>
<td></td>
<td>0</td>
<td>com.arcapi.Buildingtestcases.AssetDetailEmissionFactorTest@7a4ccb53</td></tr>
<tr>
<td title='com.arcapi.Buildingtestcases.MeterCreatePOSTEmissionTest.getSuiteName()'><b>getSuiteName</b><br>Test class: com.arcapi.Buildingtestcases.MeterCreatePOSTEmissionTest</td>
<td></td>
<td>0</td>
<td>com.arcapi.Buildingtestcases.MeterCreatePOSTEmissionTest@309e345f</td></tr>
<tr>
<td title='com.arcapi.Buildingtestcases.MeterCreatePOSTEmissionTest.setBaseUri()'><b>setBaseUri</b><br>Test class: com.arcapi.Buildingtestcases.MeterCreatePOSTEmissionTest</td>
<td></td>
<td>0</td>
<td>com.arcapi.Buildingtestcases.MeterCreatePOSTEmissionTest@309e345f</td></tr>
<tr>
<td title='com.arcapi.Buildingtestcases.EnergyMeterBulkConsumptionPOSTEmissionTest.getSuiteName()'><b>getSuiteName</b><br>Test class: com.arcapi.Buildingtestcases.EnergyMeterBulkConsumptionPOSTEmissionTest</td>
<td></td>
<td>0</td>
<td>com.arcapi.Buildingtestcases.EnergyMeterBulkConsumptionPOSTEmissionTest@56a6d5a6</td></tr>
<tr>
<td title='com.arcapi.Buildingtestcases.EnergyMeterBulkConsumptionPOSTEmissionTest.setBaseUri()'><b>setBaseUri</b><br>Test class: com.arcapi.Buildingtestcases.EnergyMeterBulkConsumptionPOSTEmissionTest</td>
<td></td>
<td>0</td>
<td>com.arcapi.Buildingtestcases.EnergyMeterBulkConsumptionPOSTEmissionTest@56a6d5a6</td></tr>
<tr>
<td title='com.arcapi.Buildingtestcases.GhgMeanEmissionTest.getSuiteName()'><b>getSuiteName</b><br>Test class: com.arcapi.Buildingtestcases.GhgMeanEmissionTest</td>
<td></td>
<td>0</td>
<td>com.arcapi.Buildingtestcases.GhgMeanEmissionTest@18ce0030</td></tr>
<tr>
<td title='com.arcapi.Buildingtestcases.GhgMeanEmissionTest.setBaseUri()'><b>setBaseUri</b><br>Test class: com.arcapi.Buildingtestcases.GhgMeanEmissionTest</td>
<td></td>
<td>0</td>
<td>com.arcapi.Buildingtestcases.GhgMeanEmissionTest@18ce0030</td></tr>
<tr>
<td title='com.arcapi.Buildingtestcases.AssetUpdateBuildingEmissionTest.getSuiteName()'><b>getSuiteName</b><br>Test class: com.arcapi.Buildingtestcases.AssetUpdateBuildingEmissionTest</td>
<td></td>
<td>0</td>
<td>com.arcapi.Buildingtestcases.AssetUpdateBuildingEmissionTest@4445629</td></tr>
<tr>
<td title='com.arcapi.Buildingtestcases.AssetUpdateBuildingEmissionTest.setBaseUri()'><b>setBaseUri</b><br>Test class: com.arcapi.Buildingtestcases.AssetUpdateBuildingEmissionTest</td>
<td></td>
<td>0</td>
<td>com.arcapi.Buildingtestcases.AssetUpdateBuildingEmissionTest@4445629</td></tr>
<tr>
<td title='com.arcapi.Buildingtestcases.MetersListEmissionTest.getSuiteName()'><b>getSuiteName</b><br>Test class: com.arcapi.Buildingtestcases.MetersListEmissionTest</td>
<td></td>
<td>0</td>
<td>com.arcapi.Buildingtestcases.MetersListEmissionTest@45b9a632</td></tr>
<tr>
<td title='com.arcapi.Buildingtestcases.MetersListEmissionTest.setBaseUri()'><b>setBaseUri</b><br>Test class: com.arcapi.Buildingtestcases.MetersListEmissionTest</td>
<td></td>
<td>0</td>
<td>com.arcapi.Buildingtestcases.MetersListEmissionTest@45b9a632</td></tr>
<tr>
<td title='com.arcapi.Buildingtestcases.ConsumptionCreatePOSTEmissionTest.getSuiteName()'><b>getSuiteName</b><br>Test class: com.arcapi.Buildingtestcases.ConsumptionCreatePOSTEmissionTest</td>
<td></td>
<td>0</td>
<td>com.arcapi.Buildingtestcases.ConsumptionCreatePOSTEmissionTest@25d250c6</td></tr>
<tr>
<td title='com.arcapi.Buildingtestcases.ConsumptionCreatePOSTEmissionTest.setBaseUri()'><b>setBaseUri</b><br>Test class: com.arcapi.Buildingtestcases.ConsumptionCreatePOSTEmissionTest</td>
<td></td>
<td>0</td>
<td>com.arcapi.Buildingtestcases.ConsumptionCreatePOSTEmissionTest@25d250c6</td></tr>
<tr>
<td title='com.arcapi.Buildingtestcases.RecomputePerformanceScoreBeforeTest.getSuiteName()'><b>getSuiteName</b><br>Test class: com.arcapi.Buildingtestcases.RecomputePerformanceScoreBeforeTest</td>
<td></td>
<td>0</td>
<td>com.arcapi.Buildingtestcases.RecomputePerformanceScoreBeforeTest@4df50bcc</td></tr>
<tr>
<td title='com.arcapi.Buildingtestcases.RecomputePerformanceScoreBeforeTest.setBaseUri()'><b>setBaseUri</b><br>Test class: com.arcapi.Buildingtestcases.RecomputePerformanceScoreBeforeTest</td>
<td></td>
<td>0</td>
<td>com.arcapi.Buildingtestcases.RecomputePerformanceScoreBeforeTest@4df50bcc</td></tr>
<tr>
<td title='com.arcapi.Buildingtestcases.GhgMeanEmissionAfterUpdateTest.getSuiteName()'><b>getSuiteName</b><br>Test class: com.arcapi.Buildingtestcases.GhgMeanEmissionAfterUpdateTest</td>
<td></td>
<td>0</td>
<td>com.arcapi.Buildingtestcases.GhgMeanEmissionAfterUpdateTest@6b26e945</td></tr>
<tr>
<td title='com.arcapi.Buildingtestcases.GhgMeanEmissionAfterUpdateTest.setBaseUri()'><b>setBaseUri</b><br>Test class: com.arcapi.Buildingtestcases.GhgMeanEmissionAfterUpdateTest</td>
<td></td>
<td>0</td>
<td>com.arcapi.Buildingtestcases.GhgMeanEmissionAfterUpdateTest@6b26e945</td></tr>
<tr>
<td title='com.arcapi.Buildingtestcases.AnalysisDataEmissionAPITest.getSuiteName()'><b>getSuiteName</b><br>Test class: com.arcapi.Buildingtestcases.AnalysisDataEmissionAPITest</td>
<td></td>
<td>0</td>
<td>com.arcapi.Buildingtestcases.AnalysisDataEmissionAPITest@63a65a25</td></tr>
<tr>
<td title='com.arcapi.Buildingtestcases.AnalysisDataEmissionAPITest.setBaseUri()'><b>setBaseUri</b><br>Test class: com.arcapi.Buildingtestcases.AnalysisDataEmissionAPITest</td>
<td></td>
<td>0</td>
<td>com.arcapi.Buildingtestcases.AnalysisDataEmissionAPITest@63a65a25</td></tr>
<tr>
<td title='com.arcapi.Buildingtestcases.ConsumptionUpdateEmissionAPITest.getSuiteName()'><b>getSuiteName</b><br>Test class: com.arcapi.Buildingtestcases.ConsumptionUpdateEmissionAPITest</td>
<td></td>
<td>0</td>
<td>com.arcapi.Buildingtestcases.ConsumptionUpdateEmissionAPITest@54c562f7</td></tr>
<tr>
<td title='com.arcapi.Buildingtestcases.ConsumptionUpdateEmissionAPITest.setBaseUri()'><b>setBaseUri</b><br>Test class: com.arcapi.Buildingtestcases.ConsumptionUpdateEmissionAPITest</td>
<td></td>
<td>0</td>
<td>com.arcapi.Buildingtestcases.ConsumptionUpdateEmissionAPITest@54c562f7</td></tr>
<tr>
<td title='com.arcapi.Buildingtestcases.GhgMeanEmissionAfterIncreaseTest.getSuiteName()'><b>getSuiteName</b><br>Test class: com.arcapi.Buildingtestcases.GhgMeanEmissionAfterIncreaseTest</td>
<td></td>
<td>0</td>
<td>com.arcapi.Buildingtestcases.GhgMeanEmissionAfterIncreaseTest@318ba8c8</td></tr>
<tr>
<td title='com.arcapi.Buildingtestcases.GhgMeanEmissionAfterIncreaseTest.setBaseUri()'><b>setBaseUri</b><br>Test class: com.arcapi.Buildingtestcases.GhgMeanEmissionAfterIncreaseTest</td>
<td></td>
<td>0</td>
<td>com.arcapi.Buildingtestcases.GhgMeanEmissionAfterIncreaseTest@318ba8c8</td></tr>
<tr>
<td title='com.arcapi.Buildingtestcases.AnalysisDataEmissionAfterIncreaseTest.getSuiteName()'><b>getSuiteName</b><br>Test class: com.arcapi.Buildingtestcases.AnalysisDataEmissionAfterIncreaseTest</td>
<td></td>
<td>0</td>
<td>com.arcapi.Buildingtestcases.AnalysisDataEmissionAfterIncreaseTest@6dbb137d</td></tr>
<tr>
<td title='com.arcapi.Buildingtestcases.AnalysisDataEmissionAfterIncreaseTest.setBaseUri()'><b>setBaseUri</b><br>Test class: com.arcapi.Buildingtestcases.AnalysisDataEmissionAfterIncreaseTest</td>
<td></td>
<td>0</td>
<td>com.arcapi.Buildingtestcases.AnalysisDataEmissionAfterIncreaseTest@6dbb137d</td></tr>
<tr>
<td title='com.arcapi.Buildingtestcases.ConsumptionUpdateEmissionDecreaseAPITest.getSuiteName()'><b>getSuiteName</b><br>Test class: com.arcapi.Buildingtestcases.ConsumptionUpdateEmissionDecreaseAPITest</td>
<td></td>
<td>0</td>
<td>com.arcapi.Buildingtestcases.ConsumptionUpdateEmissionDecreaseAPITest@3c9d0b9d</td></tr>
<tr>
<td title='com.arcapi.Buildingtestcases.ConsumptionUpdateEmissionDecreaseAPITest.setBaseUri()'><b>setBaseUri</b><br>Test class: com.arcapi.Buildingtestcases.ConsumptionUpdateEmissionDecreaseAPITest</td>
<td></td>
<td>0</td>
<td>com.arcapi.Buildingtestcases.ConsumptionUpdateEmissionDecreaseAPITest@3c9d0b9d</td></tr>
<tr>
<td title='com.arcapi.Buildingtestcases.GhgMeanEmissionAfterDecreaseTest.getSuiteName()'><b>getSuiteName</b><br>Test class: com.arcapi.Buildingtestcases.GhgMeanEmissionAfterDecreaseTest</td>
<td></td>
<td>0</td>
<td>com.arcapi.Buildingtestcases.GhgMeanEmissionAfterDecreaseTest@43301423</td></tr>
<tr>
<td title='com.arcapi.Buildingtestcases.GhgMeanEmissionAfterDecreaseTest.setBaseUri()'><b>setBaseUri</b><br>Test class: com.arcapi.Buildingtestcases.GhgMeanEmissionAfterDecreaseTest</td>
<td></td>
<td>0</td>
<td>com.arcapi.Buildingtestcases.GhgMeanEmissionAfterDecreaseTest@43301423</td></tr>
<tr>
<td title='com.arcapi.Buildingtestcases.AnalysisDataEmissionAfterDecreaseTest.getSuiteName()'><b>getSuiteName</b><br>Test class: com.arcapi.Buildingtestcases.AnalysisDataEmissionAfterDecreaseTest</td>
<td></td>
<td>0</td>
<td>com.arcapi.Buildingtestcases.AnalysisDataEmissionAfterDecreaseTest@2f112965</td></tr>
<tr>
<td title='com.arcapi.Buildingtestcases.AnalysisDataEmissionAfterDecreaseTest.setBaseUri()'><b>setBaseUri</b><br>Test class: com.arcapi.Buildingtestcases.AnalysisDataEmissionAfterDecreaseTest</td>
<td></td>
<td>0</td>
<td>com.arcapi.Buildingtestcases.AnalysisDataEmissionAfterDecreaseTest@2f112965</td></tr>
<tr>
<td title='com.arcapi.Transittestcases.CreateAssetTransitAPITest.ExtentReportConfig()'><b>ExtentReportConfig</b><br>Test class: com.arcapi.Transittestcases.CreateAssetTransitAPITest</td>
<td></td>
<td>0</td>
<td>com.arcapi.Transittestcases.CreateAssetTransitAPITest@2ddc8ecb</td></tr>
<tr>
<td title='com.arcapi.Transittestcases.CreateAssetTransitAPITest.start()'><b>start</b><br>Test class: com.arcapi.Transittestcases.CreateAssetTransitAPITest</td>
<td></td>
<td>0</td>
<td>com.arcapi.Transittestcases.CreateAssetTransitAPITest@2ddc8ecb</td></tr>
<tr>
<td title='com.arcapi.Transittestcases.CreateAssetTransitAPITest.teardown()'><b>teardown</b><br>Test class: com.arcapi.Transittestcases.CreateAssetTransitAPITest</td>
<td></td>
<td>0</td>
<td>com.arcapi.Transittestcases.CreateAssetTransitAPITest@2ddc8ecb</td></tr>
<tr>
<td title='com.arcapi.Transittestcases.CreateAssetTransitAPITest.end()'><b>end</b><br>Test class: com.arcapi.Transittestcases.CreateAssetTransitAPITest</td>
<td></td>
<td>0</td>
<td>com.arcapi.Transittestcases.CreateAssetTransitAPITest@2ddc8ecb</td></tr>
<tr>
<td title='com.arcapi.Common.SignAgreementRegistrationAPITest.end()'><b>end</b><br>Test class: com.arcapi.Common.SignAgreementRegistrationAPITest</td>
<td></td>
<td>0</td>
<td>com.arcapi.Common.SignAgreementRegistrationAPITest@229d10bd</td></tr>
<tr>
<td title='com.arcapi.Common.PaymentOrderSubmitPOSTAPITest.end()'><b>end</b><br>Test class: com.arcapi.Common.PaymentOrderSubmitPOSTAPITest</td>
<td></td>
<td>0</td>
<td>com.arcapi.Common.PaymentOrderSubmitPOSTAPITest@47542153</td></tr>
<tr>
<td title='com.arcapi.Common.AddAssestTimelinePOSTAPITest.end()'><b>end</b><br>Test class: com.arcapi.Common.AddAssestTimelinePOSTAPITest</td>
<td></td>
<td>0</td>
<td>com.arcapi.Common.AddAssestTimelinePOSTAPITest@33afa13b</td></tr>
<tr>
<td title='com.arcapi.Buildingtestcases.AssetDetailEmissionFactorTest.end()'><b>end</b><br>Test class: com.arcapi.Buildingtestcases.AssetDetailEmissionFactorTest</td>
<td></td>
<td>0</td>
<td>com.arcapi.Buildingtestcases.AssetDetailEmissionFactorTest@7a4ccb53</td></tr>
<tr>
<td title='com.arcapi.Buildingtestcases.MeterCreatePOSTEmissionTest.end()'><b>end</b><br>Test class: com.arcapi.Buildingtestcases.MeterCreatePOSTEmissionTest</td>
<td></td>
<td>0</td>
<td>com.arcapi.Buildingtestcases.MeterCreatePOSTEmissionTest@309e345f</td></tr>
<tr>
<td title='com.arcapi.Buildingtestcases.EnergyMeterBulkConsumptionPOSTEmissionTest.end()'><b>end</b><br>Test class: com.arcapi.Buildingtestcases.EnergyMeterBulkConsumptionPOSTEmissionTest</td>
<td></td>
<td>0</td>
<td>com.arcapi.Buildingtestcases.EnergyMeterBulkConsumptionPOSTEmissionTest@56a6d5a6</td></tr>
<tr>
<td title='com.arcapi.Buildingtestcases.GhgMeanEmissionTest.end()'><b>end</b><br>Test class: com.arcapi.Buildingtestcases.GhgMeanEmissionTest</td>
<td></td>
<td>0</td>
<td>com.arcapi.Buildingtestcases.GhgMeanEmissionTest@18ce0030</td></tr>
<tr>
<td title='com.arcapi.Buildingtestcases.AssetUpdateBuildingEmissionTest.end()'><b>end</b><br>Test class: com.arcapi.Buildingtestcases.AssetUpdateBuildingEmissionTest</td>
<td></td>
<td>0</td>
<td>com.arcapi.Buildingtestcases.AssetUpdateBuildingEmissionTest@4445629</td></tr>
<tr>
<td title='com.arcapi.Buildingtestcases.MetersListEmissionTest.end()'><b>end</b><br>Test class: com.arcapi.Buildingtestcases.MetersListEmissionTest</td>
<td></td>
<td>0</td>
<td>com.arcapi.Buildingtestcases.MetersListEmissionTest@45b9a632</td></tr>
<tr>
<td title='com.arcapi.Buildingtestcases.ConsumptionCreatePOSTEmissionTest.end()'><b>end</b><br>Test class: com.arcapi.Buildingtestcases.ConsumptionCreatePOSTEmissionTest</td>
<td></td>
<td>0</td>
<td>com.arcapi.Buildingtestcases.ConsumptionCreatePOSTEmissionTest@25d250c6</td></tr>
<tr>
<td title='com.arcapi.Buildingtestcases.RecomputePerformanceScoreBeforeTest.end()'><b>end</b><br>Test class: com.arcapi.Buildingtestcases.RecomputePerformanceScoreBeforeTest</td>
<td></td>
<td>0</td>
<td>com.arcapi.Buildingtestcases.RecomputePerformanceScoreBeforeTest@4df50bcc</td></tr>
<tr>
<td title='com.arcapi.Buildingtestcases.GhgMeanEmissionAfterUpdateTest.end()'><b>end</b><br>Test class: com.arcapi.Buildingtestcases.GhgMeanEmissionAfterUpdateTest</td>
<td></td>
<td>0</td>
<td>com.arcapi.Buildingtestcases.GhgMeanEmissionAfterUpdateTest@6b26e945</td></tr>
<tr>
<td title='com.arcapi.Buildingtestcases.AnalysisDataEmissionAPITest.end()'><b>end</b><br>Test class: com.arcapi.Buildingtestcases.AnalysisDataEmissionAPITest</td>
<td></td>
<td>0</td>
<td>com.arcapi.Buildingtestcases.AnalysisDataEmissionAPITest@63a65a25</td></tr>
<tr>
<td title='com.arcapi.Buildingtestcases.ConsumptionUpdateEmissionAPITest.end()'><b>end</b><br>Test class: com.arcapi.Buildingtestcases.ConsumptionUpdateEmissionAPITest</td>
<td></td>
<td>0</td>
<td>com.arcapi.Buildingtestcases.ConsumptionUpdateEmissionAPITest@54c562f7</td></tr>
<tr>
<td title='com.arcapi.Buildingtestcases.GhgMeanEmissionAfterIncreaseTest.end()'><b>end</b><br>Test class: com.arcapi.Buildingtestcases.GhgMeanEmissionAfterIncreaseTest</td>
<td></td>
<td>0</td>
<td>com.arcapi.Buildingtestcases.GhgMeanEmissionAfterIncreaseTest@318ba8c8</td></tr>
<tr>
<td title='com.arcapi.Buildingtestcases.AnalysisDataEmissionAfterIncreaseTest.end()'><b>end</b><br>Test class: com.arcapi.Buildingtestcases.AnalysisDataEmissionAfterIncreaseTest</td>
<td></td>
<td>0</td>
<td>com.arcapi.Buildingtestcases.AnalysisDataEmissionAfterIncreaseTest@6dbb137d</td></tr>
<tr>
<td title='com.arcapi.Buildingtestcases.ConsumptionUpdateEmissionDecreaseAPITest.end()'><b>end</b><br>Test class: com.arcapi.Buildingtestcases.ConsumptionUpdateEmissionDecreaseAPITest</td>
<td></td>
<td>0</td>
<td>com.arcapi.Buildingtestcases.ConsumptionUpdateEmissionDecreaseAPITest@3c9d0b9d</td></tr>
<tr>
<td title='com.arcapi.Buildingtestcases.GhgMeanEmissionAfterDecreaseTest.end()'><b>end</b><br>Test class: com.arcapi.Buildingtestcases.GhgMeanEmissionAfterDecreaseTest</td>
<td></td>
<td>0</td>
<td>com.arcapi.Buildingtestcases.GhgMeanEmissionAfterDecreaseTest@43301423</td></tr>
<tr>
<td title='com.arcapi.Buildingtestcases.AnalysisDataEmissionAfterDecreaseTest.end()'><b>end</b><br>Test class: com.arcapi.Buildingtestcases.AnalysisDataEmissionAfterDecreaseTest</td>
<td></td>
<td>0</td>
<td>com.arcapi.Buildingtestcases.AnalysisDataEmissionAfterDecreaseTest@2f112965</td></tr>
</table><p>
<table width='100%' border='1' class='invocation-skipped'>
<tr><td colspan='4' align='center'><b>SKIPPED TESTS</b></td></tr>
<tr><td><b>Test method</b></td>
<td width="30%"><b>Exception</b></td>
<td width="10%"><b>Time (seconds)</b></td>
<td><b>Instance</b></td>
</tr>
<tr>
<td title='com.arcapi.Common.AddAssestTimelinePOSTAPITest.AddAssestTimeline()'><b>AddAssestTimeline</b><br>Test class: com.arcapi.Common.AddAssestTimelinePOSTAPITest</td>
<td><div><pre>org.testng.TestNGException: 
Parameter &apos;SheetName&apos; is required by @Test on method AddAssestTimeline but has not been marked @Optional or defined
in D:\worksapceNew\TestArcAPI\src\main\resources\TestNGFiles\V2EmissionFactor.xml
... Removed 23 stack frames</pre></div><a href='#' onClick='toggleBox("stack-trace789367604", this, "Click to show all stack frames", "Click to hide stack frames")'>Click to show all stack frames</a>
<div class='stack-trace' id='stack-trace789367604'><pre>org.testng.TestNGException: 
Parameter &apos;SheetName&apos; is required by @Test on method AddAssestTimeline but has not been marked @Optional or defined
in D:\worksapceNew\TestArcAPI\src\main\resources\TestNGFiles\V2EmissionFactor.xml
	at org.testng.internal.Parameters.createParameters(Parameters.java:154)
	at org.testng.internal.Parameters.createParameters(Parameters.java:361)
	at org.testng.internal.Parameters.handleParameters(Parameters.java:451)
	at org.testng.internal.Invoker.handleParameters(Invoker.java:1274)
	at org.testng.internal.Invoker.createParameters(Invoker.java:989)
	at org.testng.internal.Invoker.invokeTestMethods(Invoker.java:1079)
	at org.testng.internal.TestMethodWorker.invokeTestMethods(TestMethodWorker.java:129)
	at org.testng.internal.TestMethodWorker.run(TestMethodWorker.java:112)
	at org.testng.TestRunner.privateRun(TestRunner.java:782)
	at org.testng.TestRunner.run(TestRunner.java:632)
	at org.testng.SuiteRunner.runTest(SuiteRunner.java:366)
	at org.testng.SuiteRunner.runSequentially(SuiteRunner.java:361)
	at org.testng.SuiteRunner.privateRun(SuiteRunner.java:319)
	at org.testng.SuiteRunner.run(SuiteRunner.java:268)
	at org.testng.SuiteRunnerWorker.runSuite(SuiteRunnerWorker.java:52)
	at org.testng.SuiteRunnerWorker.run(SuiteRunnerWorker.java:86)
	at org.testng.TestNG.runSuitesSequentially(TestNG.java:1244)
	at org.testng.TestNG.runSuitesSequentially(TestNG.java:1240)
	at org.testng.TestNG.runSuitesLocally(TestNG.java:1169)
	at org.testng.TestNG.run(TestNG.java:1064)
	at org.testng.remote.RemoteTestNG.run(RemoteTestNG.java:113)
	at org.testng.remote.RemoteTestNG.initAndRun(RemoteTestNG.java:206)
	at org.testng.remote.RemoteTestNG.main(RemoteTestNG.java:177)
</pre></div></td>
<td>0</td>
<td>com.arcapi.Common.AddAssestTimelinePOSTAPITest@33afa13b</td></tr>
<tr>
<td title='com.arcapi.Buildingtestcases.AnalysisDataEmissionAPITest.AnalysisDataEmissionAPI()'><b>AnalysisDataEmissionAPI</b><br>Test class: com.arcapi.Buildingtestcases.AnalysisDataEmissionAPITest</td>
<td><div><pre>org.testng.TestNGException: 
Parameter &apos;SheetName&apos; is required by @Test on method AnalysisDataEmissionAPI but has not been marked @Optional or defined
in D:\worksapceNew\TestArcAPI\src\main\resources\TestNGFiles\V2EmissionFactor.xml
... Removed 23 stack frames</pre></div><a href='#' onClick='toggleBox("stack-trace430290487", this, "Click to show all stack frames", "Click to hide stack frames")'>Click to show all stack frames</a>
<div class='stack-trace' id='stack-trace430290487'><pre>org.testng.TestNGException: 
Parameter &apos;SheetName&apos; is required by @Test on method AnalysisDataEmissionAPI but has not been marked @Optional or defined
in D:\worksapceNew\TestArcAPI\src\main\resources\TestNGFiles\V2EmissionFactor.xml
	at org.testng.internal.Parameters.createParameters(Parameters.java:154)
	at org.testng.internal.Parameters.createParameters(Parameters.java:361)
	at org.testng.internal.Parameters.handleParameters(Parameters.java:451)
	at org.testng.internal.Invoker.handleParameters(Invoker.java:1274)
	at org.testng.internal.Invoker.createParameters(Invoker.java:989)
	at org.testng.internal.Invoker.invokeTestMethods(Invoker.java:1079)
	at org.testng.internal.TestMethodWorker.invokeTestMethods(TestMethodWorker.java:129)
	at org.testng.internal.TestMethodWorker.run(TestMethodWorker.java:112)
	at org.testng.TestRunner.privateRun(TestRunner.java:782)
	at org.testng.TestRunner.run(TestRunner.java:632)
	at org.testng.SuiteRunner.runTest(SuiteRunner.java:366)
	at org.testng.SuiteRunner.runSequentially(SuiteRunner.java:361)
	at org.testng.SuiteRunner.privateRun(SuiteRunner.java:319)
	at org.testng.SuiteRunner.run(SuiteRunner.java:268)
	at org.testng.SuiteRunnerWorker.runSuite(SuiteRunnerWorker.java:52)
	at org.testng.SuiteRunnerWorker.run(SuiteRunnerWorker.java:86)
	at org.testng.TestNG.runSuitesSequentially(TestNG.java:1244)
	at org.testng.TestNG.runSuitesSequentially(TestNG.java:1240)
	at org.testng.TestNG.runSuitesLocally(TestNG.java:1169)
	at org.testng.TestNG.run(TestNG.java:1064)
	at org.testng.remote.RemoteTestNG.run(RemoteTestNG.java:113)
	at org.testng.remote.RemoteTestNG.initAndRun(RemoteTestNG.java:206)
	at org.testng.remote.RemoteTestNG.main(RemoteTestNG.java:177)
</pre></div></td>
<td>0</td>
<td>com.arcapi.Buildingtestcases.AnalysisDataEmissionAPITest@63a65a25</td></tr>
<tr>
<td title='com.arcapi.Buildingtestcases.AnalysisDataEmissionAfterDecreaseTest.AnalysisDataEmissionAfterDecrease()'><b>AnalysisDataEmissionAfterDecrease</b><br>Test class: com.arcapi.Buildingtestcases.AnalysisDataEmissionAfterDecreaseTest</td>
<td><div><pre>org.testng.TestNGException: 
Parameter &apos;SheetName&apos; is required by @Test on method AnalysisDataEmissionAfterDecrease but has not been marked @Optional or defined
in D:\worksapceNew\TestArcAPI\src\main\resources\TestNGFiles\V2EmissionFactor.xml
... Removed 23 stack frames</pre></div><a href='#' onClick='toggleBox("stack-trace793588415", this, "Click to show all stack frames", "Click to hide stack frames")'>Click to show all stack frames</a>
<div class='stack-trace' id='stack-trace793588415'><pre>org.testng.TestNGException: 
Parameter &apos;SheetName&apos; is required by @Test on method AnalysisDataEmissionAfterDecrease but has not been marked @Optional or defined
in D:\worksapceNew\TestArcAPI\src\main\resources\TestNGFiles\V2EmissionFactor.xml
	at org.testng.internal.Parameters.createParameters(Parameters.java:154)
	at org.testng.internal.Parameters.createParameters(Parameters.java:361)
	at org.testng.internal.Parameters.handleParameters(Parameters.java:451)
	at org.testng.internal.Invoker.handleParameters(Invoker.java:1274)
	at org.testng.internal.Invoker.createParameters(Invoker.java:989)
	at org.testng.internal.Invoker.invokeTestMethods(Invoker.java:1079)
	at org.testng.internal.TestMethodWorker.invokeTestMethods(TestMethodWorker.java:129)
	at org.testng.internal.TestMethodWorker.run(TestMethodWorker.java:112)
	at org.testng.TestRunner.privateRun(TestRunner.java:782)
	at org.testng.TestRunner.run(TestRunner.java:632)
	at org.testng.SuiteRunner.runTest(SuiteRunner.java:366)
	at org.testng.SuiteRunner.runSequentially(SuiteRunner.java:361)
	at org.testng.SuiteRunner.privateRun(SuiteRunner.java:319)
	at org.testng.SuiteRunner.run(SuiteRunner.java:268)
	at org.testng.SuiteRunnerWorker.runSuite(SuiteRunnerWorker.java:52)
	at org.testng.SuiteRunnerWorker.run(SuiteRunnerWorker.java:86)
	at org.testng.TestNG.runSuitesSequentially(TestNG.java:1244)
	at org.testng.TestNG.runSuitesSequentially(TestNG.java:1240)
	at org.testng.TestNG.runSuitesLocally(TestNG.java:1169)
	at org.testng.TestNG.run(TestNG.java:1064)
	at org.testng.remote.RemoteTestNG.run(RemoteTestNG.java:113)
	at org.testng.remote.RemoteTestNG.initAndRun(RemoteTestNG.java:206)
	at org.testng.remote.RemoteTestNG.main(RemoteTestNG.java:177)
</pre></div></td>
<td>0</td>
<td>com.arcapi.Buildingtestcases.AnalysisDataEmissionAfterDecreaseTest@2f112965</td></tr>
<tr>
<td title='com.arcapi.Buildingtestcases.AnalysisDataEmissionAfterIncreaseTest.AnalysisDataEmissionAfterIncrease()'><b>AnalysisDataEmissionAfterIncrease</b><br>Test class: com.arcapi.Buildingtestcases.AnalysisDataEmissionAfterIncreaseTest</td>
<td><div><pre>org.testng.TestNGException: 
Parameter &apos;SheetName&apos; is required by @Test on method AnalysisDataEmissionAfterIncrease but has not been marked @Optional or defined
in D:\worksapceNew\TestArcAPI\src\main\resources\TestNGFiles\V2EmissionFactor.xml
... Removed 23 stack frames</pre></div><a href='#' onClick='toggleBox("stack-trace88094983", this, "Click to show all stack frames", "Click to hide stack frames")'>Click to show all stack frames</a>
<div class='stack-trace' id='stack-trace88094983'><pre>org.testng.TestNGException: 
Parameter &apos;SheetName&apos; is required by @Test on method AnalysisDataEmissionAfterIncrease but has not been marked @Optional or defined
in D:\worksapceNew\TestArcAPI\src\main\resources\TestNGFiles\V2EmissionFactor.xml
	at org.testng.internal.Parameters.createParameters(Parameters.java:154)
	at org.testng.internal.Parameters.createParameters(Parameters.java:361)
	at org.testng.internal.Parameters.handleParameters(Parameters.java:451)
	at org.testng.internal.Invoker.handleParameters(Invoker.java:1274)
	at org.testng.internal.Invoker.createParameters(Invoker.java:989)
	at org.testng.internal.Invoker.invokeTestMethods(Invoker.java:1079)
	at org.testng.internal.TestMethodWorker.invokeTestMethods(TestMethodWorker.java:129)
	at org.testng.internal.TestMethodWorker.run(TestMethodWorker.java:112)
	at org.testng.TestRunner.privateRun(TestRunner.java:782)
	at org.testng.TestRunner.run(TestRunner.java:632)
	at org.testng.SuiteRunner.runTest(SuiteRunner.java:366)
	at org.testng.SuiteRunner.runSequentially(SuiteRunner.java:361)
	at org.testng.SuiteRunner.privateRun(SuiteRunner.java:319)
	at org.testng.SuiteRunner.run(SuiteRunner.java:268)
	at org.testng.SuiteRunnerWorker.runSuite(SuiteRunnerWorker.java:52)
	at org.testng.SuiteRunnerWorker.run(SuiteRunnerWorker.java:86)
	at org.testng.TestNG.runSuitesSequentially(TestNG.java:1244)
	at org.testng.TestNG.runSuitesSequentially(TestNG.java:1240)
	at org.testng.TestNG.runSuitesLocally(TestNG.java:1169)
	at org.testng.TestNG.run(TestNG.java:1064)
	at org.testng.remote.RemoteTestNG.run(RemoteTestNG.java:113)
	at org.testng.remote.RemoteTestNG.initAndRun(RemoteTestNG.java:206)
	at org.testng.remote.RemoteTestNG.main(RemoteTestNG.java:177)
</pre></div></td>
<td>0</td>
<td>com.arcapi.Buildingtestcases.AnalysisDataEmissionAfterIncreaseTest@6dbb137d</td></tr>
<tr>
<td title='com.arcapi.Buildingtestcases.AssetDetailEmissionFactorTest.AssetDetailAPI()'><b>AssetDetailAPI</b><br>Test class: com.arcapi.Buildingtestcases.AssetDetailEmissionFactorTest</td>
<td><div><pre>org.testng.TestNGException: 
Parameter &apos;SheetName&apos; is required by @Test on method AssetDetailAPI but has not been marked @Optional or defined
in D:\worksapceNew\TestArcAPI\src\main\resources\TestNGFiles\V2EmissionFactor.xml
... Removed 23 stack frames</pre></div><a href='#' onClick='toggleBox("stack-trace1331644236", this, "Click to show all stack frames", "Click to hide stack frames")'>Click to show all stack frames</a>
<div class='stack-trace' id='stack-trace1331644236'><pre>org.testng.TestNGException: 
Parameter &apos;SheetName&apos; is required by @Test on method AssetDetailAPI but has not been marked @Optional or defined
in D:\worksapceNew\TestArcAPI\src\main\resources\TestNGFiles\V2EmissionFactor.xml
	at org.testng.internal.Parameters.createParameters(Parameters.java:154)
	at org.testng.internal.Parameters.createParameters(Parameters.java:361)
	at org.testng.internal.Parameters.handleParameters(Parameters.java:451)
	at org.testng.internal.Invoker.handleParameters(Invoker.java:1274)
	at org.testng.internal.Invoker.createParameters(Invoker.java:989)
	at org.testng.internal.Invoker.invokeTestMethods(Invoker.java:1079)
	at org.testng.internal.TestMethodWorker.invokeTestMethods(TestMethodWorker.java:129)
	at org.testng.internal.TestMethodWorker.run(TestMethodWorker.java:112)
	at org.testng.TestRunner.privateRun(TestRunner.java:782)
	at org.testng.TestRunner.run(TestRunner.java:632)
	at org.testng.SuiteRunner.runTest(SuiteRunner.java:366)
	at org.testng.SuiteRunner.runSequentially(SuiteRunner.java:361)
	at org.testng.SuiteRunner.privateRun(SuiteRunner.java:319)
	at org.testng.SuiteRunner.run(SuiteRunner.java:268)
	at org.testng.SuiteRunnerWorker.runSuite(SuiteRunnerWorker.java:52)
	at org.testng.SuiteRunnerWorker.run(SuiteRunnerWorker.java:86)
	at org.testng.TestNG.runSuitesSequentially(TestNG.java:1244)
	at org.testng.TestNG.runSuitesSequentially(TestNG.java:1240)
	at org.testng.TestNG.runSuitesLocally(TestNG.java:1169)
	at org.testng.TestNG.run(TestNG.java:1064)
	at org.testng.remote.RemoteTestNG.run(RemoteTestNG.java:113)
	at org.testng.remote.RemoteTestNG.initAndRun(RemoteTestNG.java:206)
	at org.testng.remote.RemoteTestNG.main(RemoteTestNG.java:177)
</pre></div></td>
<td>0</td>
<td>com.arcapi.Buildingtestcases.AssetDetailEmissionFactorTest@7a4ccb53</td></tr>
<tr>
<td title='com.arcapi.Buildingtestcases.AssetUpdateBuildingEmissionTest.AssetUpdateforNewAssetPUTAPI()'><b>AssetUpdateforNewAssetPUTAPI</b><br>Test class: com.arcapi.Buildingtestcases.AssetUpdateBuildingEmissionTest</td>
<td><div><pre>org.testng.TestNGException: 
Parameter &apos;SheetName&apos; is required by @Test on method AssetUpdateforNewAssetPUTAPI but has not been marked @Optional or defined
in D:\worksapceNew\TestArcAPI\src\main\resources\TestNGFiles\V2EmissionFactor.xml
... Removed 23 stack frames</pre></div><a href='#' onClick='toggleBox("stack-trace2017574192", this, "Click to show all stack frames", "Click to hide stack frames")'>Click to show all stack frames</a>
<div class='stack-trace' id='stack-trace2017574192'><pre>org.testng.TestNGException: 
Parameter &apos;SheetName&apos; is required by @Test on method AssetUpdateforNewAssetPUTAPI but has not been marked @Optional or defined
in D:\worksapceNew\TestArcAPI\src\main\resources\TestNGFiles\V2EmissionFactor.xml
	at org.testng.internal.Parameters.createParameters(Parameters.java:154)
	at org.testng.internal.Parameters.createParameters(Parameters.java:361)
	at org.testng.internal.Parameters.handleParameters(Parameters.java:451)
	at org.testng.internal.Invoker.handleParameters(Invoker.java:1274)
	at org.testng.internal.Invoker.createParameters(Invoker.java:989)
	at org.testng.internal.Invoker.invokeTestMethods(Invoker.java:1079)
	at org.testng.internal.TestMethodWorker.invokeTestMethods(TestMethodWorker.java:129)
	at org.testng.internal.TestMethodWorker.run(TestMethodWorker.java:112)
	at org.testng.TestRunner.privateRun(TestRunner.java:782)
	at org.testng.TestRunner.run(TestRunner.java:632)
	at org.testng.SuiteRunner.runTest(SuiteRunner.java:366)
	at org.testng.SuiteRunner.runSequentially(SuiteRunner.java:361)
	at org.testng.SuiteRunner.privateRun(SuiteRunner.java:319)
	at org.testng.SuiteRunner.run(SuiteRunner.java:268)
	at org.testng.SuiteRunnerWorker.runSuite(SuiteRunnerWorker.java:52)
	at org.testng.SuiteRunnerWorker.run(SuiteRunnerWorker.java:86)
	at org.testng.TestNG.runSuitesSequentially(TestNG.java:1244)
	at org.testng.TestNG.runSuitesSequentially(TestNG.java:1240)
	at org.testng.TestNG.runSuitesLocally(TestNG.java:1169)
	at org.testng.TestNG.run(TestNG.java:1064)
	at org.testng.remote.RemoteTestNG.run(RemoteTestNG.java:113)
	at org.testng.remote.RemoteTestNG.initAndRun(RemoteTestNG.java:206)
	at org.testng.remote.RemoteTestNG.main(RemoteTestNG.java:177)
</pre></div></td>
<td>0</td>
<td>com.arcapi.Buildingtestcases.AssetUpdateBuildingEmissionTest@4445629</td></tr>
<tr>
<td title='com.arcapi.Buildingtestcases.ConsumptionCreatePOSTEmissionTest.ConsumptionCreatePOSTEmission()'><b>ConsumptionCreatePOSTEmission</b><br>Test class: com.arcapi.Buildingtestcases.ConsumptionCreatePOSTEmissionTest</td>
<td><div><pre>org.testng.TestNGException: 
Parameter &apos;SheetName&apos; is required by @Test on method ConsumptionCreatePOSTEmission but has not been marked @Optional or defined
in D:\worksapceNew\TestArcAPI\src\main\resources\TestNGFiles\V2EmissionFactor.xml
... Removed 23 stack frames</pre></div><a href='#' onClick='toggleBox("stack-trace17222024", this, "Click to show all stack frames", "Click to hide stack frames")'>Click to show all stack frames</a>
<div class='stack-trace' id='stack-trace17222024'><pre>org.testng.TestNGException: 
Parameter &apos;SheetName&apos; is required by @Test on method ConsumptionCreatePOSTEmission but has not been marked @Optional or defined
in D:\worksapceNew\TestArcAPI\src\main\resources\TestNGFiles\V2EmissionFactor.xml
	at org.testng.internal.Parameters.createParameters(Parameters.java:154)
	at org.testng.internal.Parameters.createParameters(Parameters.java:361)
	at org.testng.internal.Parameters.handleParameters(Parameters.java:451)
	at org.testng.internal.Invoker.handleParameters(Invoker.java:1274)
	at org.testng.internal.Invoker.createParameters(Invoker.java:989)
	at org.testng.internal.Invoker.invokeTestMethods(Invoker.java:1079)
	at org.testng.internal.TestMethodWorker.invokeTestMethods(TestMethodWorker.java:129)
	at org.testng.internal.TestMethodWorker.run(TestMethodWorker.java:112)
	at org.testng.TestRunner.privateRun(TestRunner.java:782)
	at org.testng.TestRunner.run(TestRunner.java:632)
	at org.testng.SuiteRunner.runTest(SuiteRunner.java:366)
	at org.testng.SuiteRunner.runSequentially(SuiteRunner.java:361)
	at org.testng.SuiteRunner.privateRun(SuiteRunner.java:319)
	at org.testng.SuiteRunner.run(SuiteRunner.java:268)
	at org.testng.SuiteRunnerWorker.runSuite(SuiteRunnerWorker.java:52)
	at org.testng.SuiteRunnerWorker.run(SuiteRunnerWorker.java:86)
	at org.testng.TestNG.runSuitesSequentially(TestNG.java:1244)
	at org.testng.TestNG.runSuitesSequentially(TestNG.java:1240)
	at org.testng.TestNG.runSuitesLocally(TestNG.java:1169)
	at org.testng.TestNG.run(TestNG.java:1064)
	at org.testng.remote.RemoteTestNG.run(RemoteTestNG.java:113)
	at org.testng.remote.RemoteTestNG.initAndRun(RemoteTestNG.java:206)
	at org.testng.remote.RemoteTestNG.main(RemoteTestNG.java:177)
</pre></div></td>
<td>0</td>
<td>com.arcapi.Buildingtestcases.ConsumptionCreatePOSTEmissionTest@25d250c6</td></tr>
<tr>
<td title='com.arcapi.Buildingtestcases.ConsumptionUpdateEmissionAPITest.ConsumptionUpdateEmissionAPI()'><b>ConsumptionUpdateEmissionAPI</b><br>Test class: com.arcapi.Buildingtestcases.ConsumptionUpdateEmissionAPITest</td>
<td><div><pre>org.testng.TestNGException: 
Parameter &apos;SheetName&apos; is required by @Test on method ConsumptionUpdateEmissionAPI but has not been marked @Optional or defined
in D:\worksapceNew\TestArcAPI\src\main\resources\TestNGFiles\V2EmissionFactor.xml
... Removed 23 stack frames</pre></div><a href='#' onClick='toggleBox("stack-trace1211071216", this, "Click to show all stack frames", "Click to hide stack frames")'>Click to show all stack frames</a>
<div class='stack-trace' id='stack-trace1211071216'><pre>org.testng.TestNGException: 
Parameter &apos;SheetName&apos; is required by @Test on method ConsumptionUpdateEmissionAPI but has not been marked @Optional or defined
in D:\worksapceNew\TestArcAPI\src\main\resources\TestNGFiles\V2EmissionFactor.xml
	at org.testng.internal.Parameters.createParameters(Parameters.java:154)
	at org.testng.internal.Parameters.createParameters(Parameters.java:361)
	at org.testng.internal.Parameters.handleParameters(Parameters.java:451)
	at org.testng.internal.Invoker.handleParameters(Invoker.java:1274)
	at org.testng.internal.Invoker.createParameters(Invoker.java:989)
	at org.testng.internal.Invoker.invokeTestMethods(Invoker.java:1079)
	at org.testng.internal.TestMethodWorker.invokeTestMethods(TestMethodWorker.java:129)
	at org.testng.internal.TestMethodWorker.run(TestMethodWorker.java:112)
	at org.testng.TestRunner.privateRun(TestRunner.java:782)
	at org.testng.TestRunner.run(TestRunner.java:632)
	at org.testng.SuiteRunner.runTest(SuiteRunner.java:366)
	at org.testng.SuiteRunner.runSequentially(SuiteRunner.java:361)
	at org.testng.SuiteRunner.privateRun(SuiteRunner.java:319)
	at org.testng.SuiteRunner.run(SuiteRunner.java:268)
	at org.testng.SuiteRunnerWorker.runSuite(SuiteRunnerWorker.java:52)
	at org.testng.SuiteRunnerWorker.run(SuiteRunnerWorker.java:86)
	at org.testng.TestNG.runSuitesSequentially(TestNG.java:1244)
	at org.testng.TestNG.runSuitesSequentially(TestNG.java:1240)
	at org.testng.TestNG.runSuitesLocally(TestNG.java:1169)
	at org.testng.TestNG.run(TestNG.java:1064)
	at org.testng.remote.RemoteTestNG.run(RemoteTestNG.java:113)
	at org.testng.remote.RemoteTestNG.initAndRun(RemoteTestNG.java:206)
	at org.testng.remote.RemoteTestNG.main(RemoteTestNG.java:177)
</pre></div></td>
<td>0</td>
<td>com.arcapi.Buildingtestcases.ConsumptionUpdateEmissionAPITest@54c562f7</td></tr>
<tr>
<td title='com.arcapi.Buildingtestcases.ConsumptionUpdateEmissionDecreaseAPITest.ConsumptionUpdateEmissionDecreaseAPI()'><b>ConsumptionUpdateEmissionDecreaseAPI</b><br>Test class: com.arcapi.Buildingtestcases.ConsumptionUpdateEmissionDecreaseAPITest</td>
<td><div><pre>org.testng.TestNGException: 
Parameter &apos;SheetName&apos; is required by @Test on method ConsumptionUpdateEmissionDecreaseAPI but has not been marked @Optional or defined
in D:\worksapceNew\TestArcAPI\src\main\resources\TestNGFiles\V2EmissionFactor.xml
... Removed 23 stack frames</pre></div><a href='#' onClick='toggleBox("stack-trace936000680", this, "Click to show all stack frames", "Click to hide stack frames")'>Click to show all stack frames</a>
<div class='stack-trace' id='stack-trace936000680'><pre>org.testng.TestNGException: 
Parameter &apos;SheetName&apos; is required by @Test on method ConsumptionUpdateEmissionDecreaseAPI but has not been marked @Optional or defined
in D:\worksapceNew\TestArcAPI\src\main\resources\TestNGFiles\V2EmissionFactor.xml
	at org.testng.internal.Parameters.createParameters(Parameters.java:154)
	at org.testng.internal.Parameters.createParameters(Parameters.java:361)
	at org.testng.internal.Parameters.handleParameters(Parameters.java:451)
	at org.testng.internal.Invoker.handleParameters(Invoker.java:1274)
	at org.testng.internal.Invoker.createParameters(Invoker.java:989)
	at org.testng.internal.Invoker.invokeTestMethods(Invoker.java:1079)
	at org.testng.internal.TestMethodWorker.invokeTestMethods(TestMethodWorker.java:129)
	at org.testng.internal.TestMethodWorker.run(TestMethodWorker.java:112)
	at org.testng.TestRunner.privateRun(TestRunner.java:782)
	at org.testng.TestRunner.run(TestRunner.java:632)
	at org.testng.SuiteRunner.runTest(SuiteRunner.java:366)
	at org.testng.SuiteRunner.runSequentially(SuiteRunner.java:361)
	at org.testng.SuiteRunner.privateRun(SuiteRunner.java:319)
	at org.testng.SuiteRunner.run(SuiteRunner.java:268)
	at org.testng.SuiteRunnerWorker.runSuite(SuiteRunnerWorker.java:52)
	at org.testng.SuiteRunnerWorker.run(SuiteRunnerWorker.java:86)
	at org.testng.TestNG.runSuitesSequentially(TestNG.java:1244)
	at org.testng.TestNG.runSuitesSequentially(TestNG.java:1240)
	at org.testng.TestNG.runSuitesLocally(TestNG.java:1169)
	at org.testng.TestNG.run(TestNG.java:1064)
	at org.testng.remote.RemoteTestNG.run(RemoteTestNG.java:113)
	at org.testng.remote.RemoteTestNG.initAndRun(RemoteTestNG.java:206)
	at org.testng.remote.RemoteTestNG.main(RemoteTestNG.java:177)
</pre></div></td>
<td>0</td>
<td>com.arcapi.Buildingtestcases.ConsumptionUpdateEmissionDecreaseAPITest@3c9d0b9d</td></tr>
<tr>
<td title='com.arcapi.Transittestcases.CreateAssetTransitAPITest.CreateAssetTransitAPI()'><b>CreateAssetTransitAPI</b><br>Test class: com.arcapi.Transittestcases.CreateAssetTransitAPITest<br>Parameters: transit, ProjectIDTransitAbove, US, aboveground</td>
<td></td>
<td>0</td>
<td>com.arcapi.Transittestcases.CreateAssetTransitAPITest@2ddc8ecb</td></tr>
<tr>
<td title='com.arcapi.Buildingtestcases.GhgMeanEmissionTest.GhgGetTestAPI()'><b>GhgGetTestAPI</b><br>Test class: com.arcapi.Buildingtestcases.GhgMeanEmissionTest</td>
<td><div><pre>org.testng.TestNGException: 
Parameter &apos;SheetName&apos; is required by @Test on method GhgGetTestAPI but has not been marked @Optional or defined
in D:\worksapceNew\TestArcAPI\src\main\resources\TestNGFiles\V2EmissionFactor.xml
... Removed 23 stack frames</pre></div><a href='#' onClick='toggleBox("stack-trace1753607449", this, "Click to show all stack frames", "Click to hide stack frames")'>Click to show all stack frames</a>
<div class='stack-trace' id='stack-trace1753607449'><pre>org.testng.TestNGException: 
Parameter &apos;SheetName&apos; is required by @Test on method GhgGetTestAPI but has not been marked @Optional or defined
in D:\worksapceNew\TestArcAPI\src\main\resources\TestNGFiles\V2EmissionFactor.xml
	at org.testng.internal.Parameters.createParameters(Parameters.java:154)
	at org.testng.internal.Parameters.createParameters(Parameters.java:361)
	at org.testng.internal.Parameters.handleParameters(Parameters.java:451)
	at org.testng.internal.Invoker.handleParameters(Invoker.java:1274)
	at org.testng.internal.Invoker.createParameters(Invoker.java:989)
	at org.testng.internal.Invoker.invokeTestMethods(Invoker.java:1079)
	at org.testng.internal.TestMethodWorker.invokeTestMethods(TestMethodWorker.java:129)
	at org.testng.internal.TestMethodWorker.run(TestMethodWorker.java:112)
	at org.testng.TestRunner.privateRun(TestRunner.java:782)
	at org.testng.TestRunner.run(TestRunner.java:632)
	at org.testng.SuiteRunner.runTest(SuiteRunner.java:366)
	at org.testng.SuiteRunner.runSequentially(SuiteRunner.java:361)
	at org.testng.SuiteRunner.privateRun(SuiteRunner.java:319)
	at org.testng.SuiteRunner.run(SuiteRunner.java:268)
	at org.testng.SuiteRunnerWorker.runSuite(SuiteRunnerWorker.java:52)
	at org.testng.SuiteRunnerWorker.run(SuiteRunnerWorker.java:86)
	at org.testng.TestNG.runSuitesSequentially(TestNG.java:1244)
	at org.testng.TestNG.runSuitesSequentially(TestNG.java:1240)
	at org.testng.TestNG.runSuitesLocally(TestNG.java:1169)
	at org.testng.TestNG.run(TestNG.java:1064)
	at org.testng.remote.RemoteTestNG.run(RemoteTestNG.java:113)
	at org.testng.remote.RemoteTestNG.initAndRun(RemoteTestNG.java:206)
	at org.testng.remote.RemoteTestNG.main(RemoteTestNG.java:177)
</pre></div></td>
<td>0</td>
<td>com.arcapi.Buildingtestcases.GhgMeanEmissionTest@18ce0030</td></tr>
<tr>
<td title='com.arcapi.Buildingtestcases.GhgMeanEmissionAfterUpdateTest.GhgGetTestAPI()'><b>GhgGetTestAPI</b><br>Test class: com.arcapi.Buildingtestcases.GhgMeanEmissionAfterUpdateTest</td>
<td><div><pre>org.testng.TestNGException: 
Parameter &apos;SheetName&apos; is required by @Test on method GhgGetTestAPI but has not been marked @Optional or defined
in D:\worksapceNew\TestArcAPI\src\main\resources\TestNGFiles\V2EmissionFactor.xml
... Removed 23 stack frames</pre></div><a href='#' onClick='toggleBox("stack-trace2101891021", this, "Click to show all stack frames", "Click to hide stack frames")'>Click to show all stack frames</a>
<div class='stack-trace' id='stack-trace2101891021'><pre>org.testng.TestNGException: 
Parameter &apos;SheetName&apos; is required by @Test on method GhgGetTestAPI but has not been marked @Optional or defined
in D:\worksapceNew\TestArcAPI\src\main\resources\TestNGFiles\V2EmissionFactor.xml
	at org.testng.internal.Parameters.createParameters(Parameters.java:154)
	at org.testng.internal.Parameters.createParameters(Parameters.java:361)
	at org.testng.internal.Parameters.handleParameters(Parameters.java:451)
	at org.testng.internal.Invoker.handleParameters(Invoker.java:1274)
	at org.testng.internal.Invoker.createParameters(Invoker.java:989)
	at org.testng.internal.Invoker.invokeTestMethods(Invoker.java:1079)
	at org.testng.internal.TestMethodWorker.invokeTestMethods(TestMethodWorker.java:129)
	at org.testng.internal.TestMethodWorker.run(TestMethodWorker.java:112)
	at org.testng.TestRunner.privateRun(TestRunner.java:782)
	at org.testng.TestRunner.run(TestRunner.java:632)
	at org.testng.SuiteRunner.runTest(SuiteRunner.java:366)
	at org.testng.SuiteRunner.runSequentially(SuiteRunner.java:361)
	at org.testng.SuiteRunner.privateRun(SuiteRunner.java:319)
	at org.testng.SuiteRunner.run(SuiteRunner.java:268)
	at org.testng.SuiteRunnerWorker.runSuite(SuiteRunnerWorker.java:52)
	at org.testng.SuiteRunnerWorker.run(SuiteRunnerWorker.java:86)
	at org.testng.TestNG.runSuitesSequentially(TestNG.java:1244)
	at org.testng.TestNG.runSuitesSequentially(TestNG.java:1240)
	at org.testng.TestNG.runSuitesLocally(TestNG.java:1169)
	at org.testng.TestNG.run(TestNG.java:1064)
	at org.testng.remote.RemoteTestNG.run(RemoteTestNG.java:113)
	at org.testng.remote.RemoteTestNG.initAndRun(RemoteTestNG.java:206)
	at org.testng.remote.RemoteTestNG.main(RemoteTestNG.java:177)
</pre></div></td>
<td>0</td>
<td>com.arcapi.Buildingtestcases.GhgMeanEmissionAfterUpdateTest@6b26e945</td></tr>
<tr>
<td title='com.arcapi.Buildingtestcases.GhgMeanEmissionAfterDecreaseTest.GhgMeanEmissionAfterDecrease()'><b>GhgMeanEmissionAfterDecrease</b><br>Test class: com.arcapi.Buildingtestcases.GhgMeanEmissionAfterDecreaseTest</td>
<td><div><pre>org.testng.TestNGException: 
Parameter &apos;SheetName&apos; is required by @Test on method GhgMeanEmissionAfterDecrease but has not been marked @Optional or defined
in D:\worksapceNew\TestArcAPI\src\main\resources\TestNGFiles\V2EmissionFactor.xml
... Removed 23 stack frames</pre></div><a href='#' onClick='toggleBox("stack-trace1950158148", this, "Click to show all stack frames", "Click to hide stack frames")'>Click to show all stack frames</a>
<div class='stack-trace' id='stack-trace1950158148'><pre>org.testng.TestNGException: 
Parameter &apos;SheetName&apos; is required by @Test on method GhgMeanEmissionAfterDecrease but has not been marked @Optional or defined
in D:\worksapceNew\TestArcAPI\src\main\resources\TestNGFiles\V2EmissionFactor.xml
	at org.testng.internal.Parameters.createParameters(Parameters.java:154)
	at org.testng.internal.Parameters.createParameters(Parameters.java:361)
	at org.testng.internal.Parameters.handleParameters(Parameters.java:451)
	at org.testng.internal.Invoker.handleParameters(Invoker.java:1274)
	at org.testng.internal.Invoker.createParameters(Invoker.java:989)
	at org.testng.internal.Invoker.invokeTestMethods(Invoker.java:1079)
	at org.testng.internal.TestMethodWorker.invokeTestMethods(TestMethodWorker.java:129)
	at org.testng.internal.TestMethodWorker.run(TestMethodWorker.java:112)
	at org.testng.TestRunner.privateRun(TestRunner.java:782)
	at org.testng.TestRunner.run(TestRunner.java:632)
	at org.testng.SuiteRunner.runTest(SuiteRunner.java:366)
	at org.testng.SuiteRunner.runSequentially(SuiteRunner.java:361)
	at org.testng.SuiteRunner.privateRun(SuiteRunner.java:319)
	at org.testng.SuiteRunner.run(SuiteRunner.java:268)
	at org.testng.SuiteRunnerWorker.runSuite(SuiteRunnerWorker.java:52)
	at org.testng.SuiteRunnerWorker.run(SuiteRunnerWorker.java:86)
	at org.testng.TestNG.runSuitesSequentially(TestNG.java:1244)
	at org.testng.TestNG.runSuitesSequentially(TestNG.java:1240)
	at org.testng.TestNG.runSuitesLocally(TestNG.java:1169)
	at org.testng.TestNG.run(TestNG.java:1064)
	at org.testng.remote.RemoteTestNG.run(RemoteTestNG.java:113)
	at org.testng.remote.RemoteTestNG.initAndRun(RemoteTestNG.java:206)
	at org.testng.remote.RemoteTestNG.main(RemoteTestNG.java:177)
</pre></div></td>
<td>0</td>
<td>com.arcapi.Buildingtestcases.GhgMeanEmissionAfterDecreaseTest@43301423</td></tr>
<tr>
<td title='com.arcapi.Buildingtestcases.GhgMeanEmissionAfterIncreaseTest.GhgMeanEmissionAfterIncrease()'><b>GhgMeanEmissionAfterIncrease</b><br>Test class: com.arcapi.Buildingtestcases.GhgMeanEmissionAfterIncreaseTest</td>
<td><div><pre>org.testng.TestNGException: 
Parameter &apos;SheetName&apos; is required by @Test on method GhgMeanEmissionAfterIncrease but has not been marked @Optional or defined
in D:\worksapceNew\TestArcAPI\src\main\resources\TestNGFiles\V2EmissionFactor.xml
... Removed 23 stack frames</pre></div><a href='#' onClick='toggleBox("stack-trace2132961406", this, "Click to show all stack frames", "Click to hide stack frames")'>Click to show all stack frames</a>
<div class='stack-trace' id='stack-trace2132961406'><pre>org.testng.TestNGException: 
Parameter &apos;SheetName&apos; is required by @Test on method GhgMeanEmissionAfterIncrease but has not been marked @Optional or defined
in D:\worksapceNew\TestArcAPI\src\main\resources\TestNGFiles\V2EmissionFactor.xml
	at org.testng.internal.Parameters.createParameters(Parameters.java:154)
	at org.testng.internal.Parameters.createParameters(Parameters.java:361)
	at org.testng.internal.Parameters.handleParameters(Parameters.java:451)
	at org.testng.internal.Invoker.handleParameters(Invoker.java:1274)
	at org.testng.internal.Invoker.createParameters(Invoker.java:989)
	at org.testng.internal.Invoker.invokeTestMethods(Invoker.java:1079)
	at org.testng.internal.TestMethodWorker.invokeTestMethods(TestMethodWorker.java:129)
	at org.testng.internal.TestMethodWorker.run(TestMethodWorker.java:112)
	at org.testng.TestRunner.privateRun(TestRunner.java:782)
	at org.testng.TestRunner.run(TestRunner.java:632)
	at org.testng.SuiteRunner.runTest(SuiteRunner.java:366)
	at org.testng.SuiteRunner.runSequentially(SuiteRunner.java:361)
	at org.testng.SuiteRunner.privateRun(SuiteRunner.java:319)
	at org.testng.SuiteRunner.run(SuiteRunner.java:268)
	at org.testng.SuiteRunnerWorker.runSuite(SuiteRunnerWorker.java:52)
	at org.testng.SuiteRunnerWorker.run(SuiteRunnerWorker.java:86)
	at org.testng.TestNG.runSuitesSequentially(TestNG.java:1244)
	at org.testng.TestNG.runSuitesSequentially(TestNG.java:1240)
	at org.testng.TestNG.runSuitesLocally(TestNG.java:1169)
	at org.testng.TestNG.run(TestNG.java:1064)
	at org.testng.remote.RemoteTestNG.run(RemoteTestNG.java:113)
	at org.testng.remote.RemoteTestNG.initAndRun(RemoteTestNG.java:206)
	at org.testng.remote.RemoteTestNG.main(RemoteTestNG.java:177)
</pre></div></td>
<td>0</td>
<td>com.arcapi.Buildingtestcases.GhgMeanEmissionAfterIncreaseTest@318ba8c8</td></tr>
<tr>
<td title='com.arcapi.Buildingtestcases.EnergyMeterBulkConsumptionPOSTEmissionTest.MeterBulkConsumptionPOSTAPI()'><b>MeterBulkConsumptionPOSTAPI</b><br>Test class: com.arcapi.Buildingtestcases.EnergyMeterBulkConsumptionPOSTEmissionTest</td>
<td><div><pre>org.testng.TestNGException: 
Parameter &apos;SheetName&apos; is required by @Test on method MeterBulkConsumptionPOSTAPI but has not been marked @Optional or defined
in D:\worksapceNew\TestArcAPI\src\main\resources\TestNGFiles\V2EmissionFactor.xml
... Removed 23 stack frames</pre></div><a href='#' onClick='toggleBox("stack-trace171751994", this, "Click to show all stack frames", "Click to hide stack frames")'>Click to show all stack frames</a>
<div class='stack-trace' id='stack-trace171751994'><pre>org.testng.TestNGException: 
Parameter &apos;SheetName&apos; is required by @Test on method MeterBulkConsumptionPOSTAPI but has not been marked @Optional or defined
in D:\worksapceNew\TestArcAPI\src\main\resources\TestNGFiles\V2EmissionFactor.xml
	at org.testng.internal.Parameters.createParameters(Parameters.java:154)
	at org.testng.internal.Parameters.createParameters(Parameters.java:361)
	at org.testng.internal.Parameters.handleParameters(Parameters.java:451)
	at org.testng.internal.Invoker.handleParameters(Invoker.java:1274)
	at org.testng.internal.Invoker.createParameters(Invoker.java:989)
	at org.testng.internal.Invoker.invokeTestMethods(Invoker.java:1079)
	at org.testng.internal.TestMethodWorker.invokeTestMethods(TestMethodWorker.java:129)
	at org.testng.internal.TestMethodWorker.run(TestMethodWorker.java:112)
	at org.testng.TestRunner.privateRun(TestRunner.java:782)
	at org.testng.TestRunner.run(TestRunner.java:632)
	at org.testng.SuiteRunner.runTest(SuiteRunner.java:366)
	at org.testng.SuiteRunner.runSequentially(SuiteRunner.java:361)
	at org.testng.SuiteRunner.privateRun(SuiteRunner.java:319)
	at org.testng.SuiteRunner.run(SuiteRunner.java:268)
	at org.testng.SuiteRunnerWorker.runSuite(SuiteRunnerWorker.java:52)
	at org.testng.SuiteRunnerWorker.run(SuiteRunnerWorker.java:86)
	at org.testng.TestNG.runSuitesSequentially(TestNG.java:1244)
	at org.testng.TestNG.runSuitesSequentially(TestNG.java:1240)
	at org.testng.TestNG.runSuitesLocally(TestNG.java:1169)
	at org.testng.TestNG.run(TestNG.java:1064)
	at org.testng.remote.RemoteTestNG.run(RemoteTestNG.java:113)
	at org.testng.remote.RemoteTestNG.initAndRun(RemoteTestNG.java:206)
	at org.testng.remote.RemoteTestNG.main(RemoteTestNG.java:177)
</pre></div></td>
<td>0</td>
<td>com.arcapi.Buildingtestcases.EnergyMeterBulkConsumptionPOSTEmissionTest@56a6d5a6</td></tr>
<tr>
<td title='com.arcapi.Buildingtestcases.MeterCreatePOSTEmissionTest.MeterCreatePOSTAPI()'><b>MeterCreatePOSTAPI</b><br>Test class: com.arcapi.Buildingtestcases.MeterCreatePOSTEmissionTest</td>
<td><div><pre>org.testng.TestNGException: 
Parameter &apos;SheetName&apos; is required by @Test on method MeterCreatePOSTAPI but has not been marked @Optional or defined
in D:\worksapceNew\TestArcAPI\src\main\resources\TestNGFiles\V2EmissionFactor.xml
... Removed 23 stack frames</pre></div><a href='#' onClick='toggleBox("stack-trace1244785938", this, "Click to show all stack frames", "Click to hide stack frames")'>Click to show all stack frames</a>
<div class='stack-trace' id='stack-trace1244785938'><pre>org.testng.TestNGException: 
Parameter &apos;SheetName&apos; is required by @Test on method MeterCreatePOSTAPI but has not been marked @Optional or defined
in D:\worksapceNew\TestArcAPI\src\main\resources\TestNGFiles\V2EmissionFactor.xml
	at org.testng.internal.Parameters.createParameters(Parameters.java:154)
	at org.testng.internal.Parameters.createParameters(Parameters.java:361)
	at org.testng.internal.Parameters.handleParameters(Parameters.java:451)
	at org.testng.internal.Invoker.handleParameters(Invoker.java:1274)
	at org.testng.internal.Invoker.createParameters(Invoker.java:989)
	at org.testng.internal.Invoker.invokeTestMethods(Invoker.java:1079)
	at org.testng.internal.TestMethodWorker.invokeTestMethods(TestMethodWorker.java:129)
	at org.testng.internal.TestMethodWorker.run(TestMethodWorker.java:112)
	at org.testng.TestRunner.privateRun(TestRunner.java:782)
	at org.testng.TestRunner.run(TestRunner.java:632)
	at org.testng.SuiteRunner.runTest(SuiteRunner.java:366)
	at org.testng.SuiteRunner.runSequentially(SuiteRunner.java:361)
	at org.testng.SuiteRunner.privateRun(SuiteRunner.java:319)
	at org.testng.SuiteRunner.run(SuiteRunner.java:268)
	at org.testng.SuiteRunnerWorker.runSuite(SuiteRunnerWorker.java:52)
	at org.testng.SuiteRunnerWorker.run(SuiteRunnerWorker.java:86)
	at org.testng.TestNG.runSuitesSequentially(TestNG.java:1244)
	at org.testng.TestNG.runSuitesSequentially(TestNG.java:1240)
	at org.testng.TestNG.runSuitesLocally(TestNG.java:1169)
	at org.testng.TestNG.run(TestNG.java:1064)
	at org.testng.remote.RemoteTestNG.run(RemoteTestNG.java:113)
	at org.testng.remote.RemoteTestNG.initAndRun(RemoteTestNG.java:206)
	at org.testng.remote.RemoteTestNG.main(RemoteTestNG.java:177)
</pre></div></td>
<td>0</td>
<td>com.arcapi.Buildingtestcases.MeterCreatePOSTEmissionTest@309e345f</td></tr>
<tr>
<td title='com.arcapi.Buildingtestcases.MetersListEmissionTest.MetersAPI()'><b>MetersAPI</b><br>Test class: com.arcapi.Buildingtestcases.MetersListEmissionTest</td>
<td><div><pre>org.testng.TestNGException: 
Parameter &apos;SheetName&apos; is required by @Test on method MetersAPI but has not been marked @Optional or defined
in D:\worksapceNew\TestArcAPI\src\main\resources\TestNGFiles\V2EmissionFactor.xml
... Removed 23 stack frames</pre></div><a href='#' onClick='toggleBox("stack-trace885481831", this, "Click to show all stack frames", "Click to hide stack frames")'>Click to show all stack frames</a>
<div class='stack-trace' id='stack-trace885481831'><pre>org.testng.TestNGException: 
Parameter &apos;SheetName&apos; is required by @Test on method MetersAPI but has not been marked @Optional or defined
in D:\worksapceNew\TestArcAPI\src\main\resources\TestNGFiles\V2EmissionFactor.xml
	at org.testng.internal.Parameters.createParameters(Parameters.java:154)
	at org.testng.internal.Parameters.createParameters(Parameters.java:361)
	at org.testng.internal.Parameters.handleParameters(Parameters.java:451)
	at org.testng.internal.Invoker.handleParameters(Invoker.java:1274)
	at org.testng.internal.Invoker.createParameters(Invoker.java:989)
	at org.testng.internal.Invoker.invokeTestMethods(Invoker.java:1079)
	at org.testng.internal.TestMethodWorker.invokeTestMethods(TestMethodWorker.java:129)
	at org.testng.internal.TestMethodWorker.run(TestMethodWorker.java:112)
	at org.testng.TestRunner.privateRun(TestRunner.java:782)
	at org.testng.TestRunner.run(TestRunner.java:632)
	at org.testng.SuiteRunner.runTest(SuiteRunner.java:366)
	at org.testng.SuiteRunner.runSequentially(SuiteRunner.java:361)
	at org.testng.SuiteRunner.privateRun(SuiteRunner.java:319)
	at org.testng.SuiteRunner.run(SuiteRunner.java:268)
	at org.testng.SuiteRunnerWorker.runSuite(SuiteRunnerWorker.java:52)
	at org.testng.SuiteRunnerWorker.run(SuiteRunnerWorker.java:86)
	at org.testng.TestNG.runSuitesSequentially(TestNG.java:1244)
	at org.testng.TestNG.runSuitesSequentially(TestNG.java:1240)
	at org.testng.TestNG.runSuitesLocally(TestNG.java:1169)
	at org.testng.TestNG.run(TestNG.java:1064)
	at org.testng.remote.RemoteTestNG.run(RemoteTestNG.java:113)
	at org.testng.remote.RemoteTestNG.initAndRun(RemoteTestNG.java:206)
	at org.testng.remote.RemoteTestNG.main(RemoteTestNG.java:177)
</pre></div></td>
<td>0</td>
<td>com.arcapi.Buildingtestcases.MetersListEmissionTest@45b9a632</td></tr>
<tr>
<td title='com.arcapi.Common.PaymentOrderSubmitPOSTAPITest.PaymentOrderSubmitPOSTAPI()'><b>PaymentOrderSubmitPOSTAPI</b><br>Test class: com.arcapi.Common.PaymentOrderSubmitPOSTAPITest</td>
<td><div><pre>org.testng.TestNGException: 
Parameter &apos;SheetName&apos; is required by @Test on method PaymentOrderSubmitPOSTAPI but has not been marked @Optional or defined
in D:\worksapceNew\TestArcAPI\src\main\resources\TestNGFiles\V2EmissionFactor.xml
... Removed 23 stack frames</pre></div><a href='#' onClick='toggleBox("stack-trace2024814472", this, "Click to show all stack frames", "Click to hide stack frames")'>Click to show all stack frames</a>
<div class='stack-trace' id='stack-trace2024814472'><pre>org.testng.TestNGException: 
Parameter &apos;SheetName&apos; is required by @Test on method PaymentOrderSubmitPOSTAPI but has not been marked @Optional or defined
in D:\worksapceNew\TestArcAPI\src\main\resources\TestNGFiles\V2EmissionFactor.xml
	at org.testng.internal.Parameters.createParameters(Parameters.java:154)
	at org.testng.internal.Parameters.createParameters(Parameters.java:361)
	at org.testng.internal.Parameters.handleParameters(Parameters.java:451)
	at org.testng.internal.Invoker.handleParameters(Invoker.java:1274)
	at org.testng.internal.Invoker.createParameters(Invoker.java:989)
	at org.testng.internal.Invoker.invokeTestMethods(Invoker.java:1079)
	at org.testng.internal.TestMethodWorker.invokeTestMethods(TestMethodWorker.java:129)
	at org.testng.internal.TestMethodWorker.run(TestMethodWorker.java:112)
	at org.testng.TestRunner.privateRun(TestRunner.java:782)
	at org.testng.TestRunner.run(TestRunner.java:632)
	at org.testng.SuiteRunner.runTest(SuiteRunner.java:366)
	at org.testng.SuiteRunner.runSequentially(SuiteRunner.java:361)
	at org.testng.SuiteRunner.privateRun(SuiteRunner.java:319)
	at org.testng.SuiteRunner.run(SuiteRunner.java:268)
	at org.testng.SuiteRunnerWorker.runSuite(SuiteRunnerWorker.java:52)
	at org.testng.SuiteRunnerWorker.run(SuiteRunnerWorker.java:86)
	at org.testng.TestNG.runSuitesSequentially(TestNG.java:1244)
	at org.testng.TestNG.runSuitesSequentially(TestNG.java:1240)
	at org.testng.TestNG.runSuitesLocally(TestNG.java:1169)
	at org.testng.TestNG.run(TestNG.java:1064)
	at org.testng.remote.RemoteTestNG.run(RemoteTestNG.java:113)
	at org.testng.remote.RemoteTestNG.initAndRun(RemoteTestNG.java:206)
	at org.testng.remote.RemoteTestNG.main(RemoteTestNG.java:177)
</pre></div></td>
<td>0</td>
<td>com.arcapi.Common.PaymentOrderSubmitPOSTAPITest@47542153</td></tr>
<tr>
<td title='com.arcapi.Buildingtestcases.RecomputePerformanceScoreBeforeTest.RecomputePerformanceScoreGet()'><b>RecomputePerformanceScoreGet</b><br>Test class: com.arcapi.Buildingtestcases.RecomputePerformanceScoreBeforeTest</td>
<td><div><pre>org.testng.TestNGException: 
Parameter &apos;SheetName&apos; is required by @Test on method RecomputePerformanceScoreGet but has not been marked @Optional or defined
in D:\worksapceNew\TestArcAPI\src\main\resources\TestNGFiles\V2EmissionFactor.xml
... Removed 23 stack frames</pre></div><a href='#' onClick='toggleBox("stack-trace873134840", this, "Click to show all stack frames", "Click to hide stack frames")'>Click to show all stack frames</a>
<div class='stack-trace' id='stack-trace873134840'><pre>org.testng.TestNGException: 
Parameter &apos;SheetName&apos; is required by @Test on method RecomputePerformanceScoreGet but has not been marked @Optional or defined
in D:\worksapceNew\TestArcAPI\src\main\resources\TestNGFiles\V2EmissionFactor.xml
	at org.testng.internal.Parameters.createParameters(Parameters.java:154)
	at org.testng.internal.Parameters.createParameters(Parameters.java:361)
	at org.testng.internal.Parameters.handleParameters(Parameters.java:451)
	at org.testng.internal.Invoker.handleParameters(Invoker.java:1274)
	at org.testng.internal.Invoker.createParameters(Invoker.java:989)
	at org.testng.internal.Invoker.invokeTestMethods(Invoker.java:1079)
	at org.testng.internal.TestMethodWorker.invokeTestMethods(TestMethodWorker.java:129)
	at org.testng.internal.TestMethodWorker.run(TestMethodWorker.java:112)
	at org.testng.TestRunner.privateRun(TestRunner.java:782)
	at org.testng.TestRunner.run(TestRunner.java:632)
	at org.testng.SuiteRunner.runTest(SuiteRunner.java:366)
	at org.testng.SuiteRunner.runSequentially(SuiteRunner.java:361)
	at org.testng.SuiteRunner.privateRun(SuiteRunner.java:319)
	at org.testng.SuiteRunner.run(SuiteRunner.java:268)
	at org.testng.SuiteRunnerWorker.runSuite(SuiteRunnerWorker.java:52)
	at org.testng.SuiteRunnerWorker.run(SuiteRunnerWorker.java:86)
	at org.testng.TestNG.runSuitesSequentially(TestNG.java:1244)
	at org.testng.TestNG.runSuitesSequentially(TestNG.java:1240)
	at org.testng.TestNG.runSuitesLocally(TestNG.java:1169)
	at org.testng.TestNG.run(TestNG.java:1064)
	at org.testng.remote.RemoteTestNG.run(RemoteTestNG.java:113)
	at org.testng.remote.RemoteTestNG.initAndRun(RemoteTestNG.java:206)
	at org.testng.remote.RemoteTestNG.main(RemoteTestNG.java:177)
</pre></div></td>
<td>0</td>
<td>com.arcapi.Buildingtestcases.RecomputePerformanceScoreBeforeTest@4df50bcc</td></tr>
<tr>
<td title='com.arcapi.Common.SignAgreementRegistrationAPITest.SignAgreementRegistrationAPI()'><b>SignAgreementRegistrationAPI</b><br>Test class: com.arcapi.Common.SignAgreementRegistrationAPITest</td>
<td><div><pre>org.testng.TestNGException: 
Parameter &apos;SheetName&apos; is required by @Test on method SignAgreementRegistrationAPI but has not been marked @Optional or defined
in D:\worksapceNew\TestArcAPI\src\main\resources\TestNGFiles\V2EmissionFactor.xml
... Removed 23 stack frames</pre></div><a href='#' onClick='toggleBox("stack-trace2053425932", this, "Click to show all stack frames", "Click to hide stack frames")'>Click to show all stack frames</a>
<div class='stack-trace' id='stack-trace2053425932'><pre>org.testng.TestNGException: 
Parameter &apos;SheetName&apos; is required by @Test on method SignAgreementRegistrationAPI but has not been marked @Optional or defined
in D:\worksapceNew\TestArcAPI\src\main\resources\TestNGFiles\V2EmissionFactor.xml
	at org.testng.internal.Parameters.createParameters(Parameters.java:154)
	at org.testng.internal.Parameters.createParameters(Parameters.java:361)
	at org.testng.internal.Parameters.handleParameters(Parameters.java:451)
	at org.testng.internal.Invoker.handleParameters(Invoker.java:1274)
	at org.testng.internal.Invoker.createParameters(Invoker.java:989)
	at org.testng.internal.Invoker.invokeTestMethods(Invoker.java:1079)
	at org.testng.internal.TestMethodWorker.invokeTestMethods(TestMethodWorker.java:129)
	at org.testng.internal.TestMethodWorker.run(TestMethodWorker.java:112)
	at org.testng.TestRunner.privateRun(TestRunner.java:782)
	at org.testng.TestRunner.run(TestRunner.java:632)
	at org.testng.SuiteRunner.runTest(SuiteRunner.java:366)
	at org.testng.SuiteRunner.runSequentially(SuiteRunner.java:361)
	at org.testng.SuiteRunner.privateRun(SuiteRunner.java:319)
	at org.testng.SuiteRunner.run(SuiteRunner.java:268)
	at org.testng.SuiteRunnerWorker.runSuite(SuiteRunnerWorker.java:52)
	at org.testng.SuiteRunnerWorker.run(SuiteRunnerWorker.java:86)
	at org.testng.TestNG.runSuitesSequentially(TestNG.java:1244)
	at org.testng.TestNG.runSuitesSequentially(TestNG.java:1240)
	at org.testng.TestNG.runSuitesLocally(TestNG.java:1169)
	at org.testng.TestNG.run(TestNG.java:1064)
	at org.testng.remote.RemoteTestNG.run(RemoteTestNG.java:113)
	at org.testng.remote.RemoteTestNG.initAndRun(RemoteTestNG.java:206)
	at org.testng.remote.RemoteTestNG.main(RemoteTestNG.java:177)
</pre></div></td>
<td>0</td>
<td>com.arcapi.Common.SignAgreementRegistrationAPITest@229d10bd</td></tr>
</table><p>
</body>
</html>