<?xml version="1.0" encoding="UTF-8"?>
<!-- Generated by org.testng.reporters.JUnitXMLReporter -->
<testsuite hostname="G10GGNLT052" name="CompleteFlowTest-Building-None" tests="18" failures="1" timestamp="9 Oct 2019 04:27:14 GMT" time="171.442" errors="0">
  <testcase name="LoginAPI" time="10.29" classname="com.arcapi.Common.LoginAPITest"/>
  <testcase name="CreateAssetPOSTAPI" time="6.391" classname="com.arcapi.Buildingtestcases.CreateAssetBuildingV3APITest"/>
  <testcase name="PaymentOrderSubmitPOSTAPI" time="1.754" classname="com.arcapi.Common.PaymentOrderSubmitPOSTAPITest">
    <failure type="java.lang.AssertionError" message="expected [200] but found [403]">
      <![CDATA[java.lang.AssertionError: expected [200] but found [403]
	at com.Utill.Controller.Assertion.verifyStatusCode(Assertion.java:22)
	at com.arcapi.Common.PaymentOrderSubmitPOSTAPITest.PaymentOrderSubmitPOSTAPI(PaymentOrderSubmitPOSTAPITest.java:30)
... Removed 31 stack frames]]>
    </failure>
  </testcase> <!-- PaymentOrderSubmitPOSTAPI -->
  <testcase name="AssetDetailAPI" time="2.352" classname="com.arcapi.Buildingtestcases.AssetDetailEmissionFactorTest"/>
  <testcase name="MeterCreatePOSTAPI" time="1.753" classname="com.arcapi.Buildingtestcases.MeterCreatePOSTEmissionTest"/>
  <testcase name="MeterBulkConsumptionPOSTAPI" time="1.537" classname="com.arcapi.Buildingtestcases.EnergyMeterBulkConsumptionPOSTEmissionTest"/>
  <testcase name="GhgGetTestAPI" time="2.661" classname="com.arcapi.Buildingtestcases.GhgMeanEmissionTest"/>
  <testcase name="AssetUpdateforNewAssetPUTAPI" time="2.794" classname="com.arcapi.Buildingtestcases.AssetUpdateBuildingEmissionTest"/>
  <testcase name="MetersAPI" time="2.14" classname="com.arcapi.Buildingtestcases.MetersListEmissionTest"/>
  <testcase name="ConsumptionCreatePOSTAPI" time="2.152" classname="com.arcapi.Buildingtestcases.ConsumptionCreatePOSTEmissionTest"/>
  <testcase name="GhgGetTestAPI" time="12.249" classname="com.arcapi.Buildingtestcases.GhgMeanEmissionAfterUpdateTest"/>
  <testcase name="AnalysisDataEmissionAPI" time="22.429" classname="com.arcapi.Buildingtestcases.AnalysisDataEmissionAPITest"/>
  <testcase name="ConsumptionUpdateEmissionAPI" time="1.496" classname="com.arcapi.Buildingtestcases.ConsumptionUpdateEmissionAPITest"/>
  <testcase name="GhgMeanEmissionAfterIncrease" time="11.973" classname="com.arcapi.Buildingtestcases.GhgMeanEmissionAfterIncreaseTest"/>
  <testcase name="AnalysisDataEmissionAfterIncrease" time="35.801" classname="com.arcapi.Buildingtestcases.AnalysisDataEmissionAfterIncreaseTest"/>
  <testcase name="ConsumptionUpdateEmissionDecreaseAPI" time="8.269" classname="com.arcapi.Buildingtestcases.ConsumptionUpdateEmissionDecreaseAPITest"/>
  <testcase name="GhgMeanEmissionAfterDecrease" time="3.655" classname="com.arcapi.Buildingtestcases.GhgMeanEmissionAfterDecreaseTest"/>
  <testcase name="AnalysisDataEmissionAfterDecrease" time="35.588" classname="com.arcapi.Buildingtestcases.AnalysisDataEmissionAfterDecreaseTest"/>
</testsuite> <!-- CompleteFlowTest-Building-None -->
