<html>
<head>
<title>TestNG:  CustomExecutionArcRelease1_18</title>
<link href="../testng.css" rel="stylesheet" type="text/css" />
<link href="../my-testng.css" rel="stylesheet" type="text/css" />

<style type="text/css">
.log { display: none;} 
.stack-trace { display: none;} 
</style>
<script type="text/javascript">
<!--
function flip(e) {
  current = e.style.display;
  if (current == 'block') {
    e.style.display = 'none';
    return 0;
  }
  else {
    e.style.display = 'block';
    return 1;
  }
}

function toggleBox(szDivId, elem, msg1, msg2)
{
  var res = -1;  if (document.getElementById) {
    res = flip(document.getElementById(szDivId));
  }
  else if (document.all) {
    // this is the way old msie versions work
    res = flip(document.all[szDivId]);
  }
  if(elem) {
    if(res == 0) elem.innerHTML = msg1; else elem.innerHTML = msg2;
  }

}

function toggleAllBoxes() {
  if (document.getElementsByTagName) {
    d = document.getElementsByTagName('div');
    for (i = 0; i < d.length; i++) {
      if (d[i].className == 'log') {
        flip(d[i]);
      }
    }
  }
}

// -->
</script>

</head>
<body>
<h2 align='center'>CustomExecutionArcRelease1_18</h2><table border='1' align="center">
<tr>
<td>Tests passed/Failed/Skipped:</td><td>0/0/8</td>
</tr><tr>
<td>Started on:</td><td>Thu Nov 28 10:26:31 IST 2019</td>
</tr>
<tr><td>Total time:</td><td>0 seconds (16 ms)</td>
</tr><tr>
<td>Included groups:</td><td></td>
</tr><tr>
<td>Excluded groups:</td><td></td>
</tr>
</table><p/>
<small><i>(Hover the method name to see the test class name)</i></small><p/>
<table width='100%' border='1' class='invocation-failed'>
<tr><td colspan='4' align='center'><b>FAILED CONFIGURATIONS</b></td></tr>
<tr><td><b>Test method</b></td>
<td width="30%"><b>Exception</b></td>
<td width="10%"><b>Time (seconds)</b></td>
<td><b>Instance</b></td>
</tr>
<tr>
<td title='com.arcapi.Buildingtestcases.CreateAssetBuildingV3APITest.setBaseUri()'><b>setBaseUri</b><br>Test class: com.arcapi.Buildingtestcases.CreateAssetBuildingV3APITest</td>
<td><div><pre>org.testng.TestNGException: 
Parameter &apos;environment&apos; is required by @Configuration on method setBaseUri but has not been marked @Optional or defined
in D:\worksapceNew\TestArcAPI\src\main\resources\TestNGFiles\V2EmissionFactor.xml
... Removed 22 stack frames</pre></div><a href='#' onClick='toggleBox("stack-trace875293430", this, "Click to show all stack frames", "Click to hide stack frames")'>Click to show all stack frames</a>
<div class='stack-trace' id='stack-trace875293430'><pre>org.testng.TestNGException: 
Parameter &apos;environment&apos; is required by @Configuration on method setBaseUri but has not been marked @Optional or defined
in D:\worksapceNew\TestArcAPI\src\main\resources\TestNGFiles\V2EmissionFactor.xml
	at org.testng.internal.Parameters.createParameters(Parameters.java:154)
	at org.testng.internal.Parameters.createParameters(Parameters.java:361)
	at org.testng.internal.Parameters.createConfigurationParameters(Parameters.java:84)
	at org.testng.internal.Invoker.invokeConfigurations(Invoker.java:201)
	at org.testng.internal.Invoker.invokeConfigurations(Invoker.java:142)
	at org.testng.internal.TestMethodWorker.invokeBeforeClassMethods(TestMethodWorker.java:178)
	at org.testng.internal.TestMethodWorker.run(TestMethodWorker.java:108)
	at org.testng.TestRunner.privateRun(TestRunner.java:782)
	at org.testng.TestRunner.run(TestRunner.java:632)
	at org.testng.SuiteRunner.runTest(SuiteRunner.java:366)
	at org.testng.SuiteRunner.runSequentially(SuiteRunner.java:361)
	at org.testng.SuiteRunner.privateRun(SuiteRunner.java:319)
	at org.testng.SuiteRunner.run(SuiteRunner.java:268)
	at org.testng.SuiteRunnerWorker.runSuite(SuiteRunnerWorker.java:52)
	at org.testng.SuiteRunnerWorker.run(SuiteRunnerWorker.java:86)
	at org.testng.TestNG.runSuitesSequentially(TestNG.java:1244)
	at org.testng.TestNG.runSuitesSequentially(TestNG.java:1240)
	at org.testng.TestNG.runSuitesLocally(TestNG.java:1169)
	at org.testng.TestNG.run(TestNG.java:1064)
	at org.testng.remote.RemoteTestNG.run(RemoteTestNG.java:113)
	at org.testng.remote.RemoteTestNG.initAndRun(RemoteTestNG.java:206)
	at org.testng.remote.RemoteTestNG.main(RemoteTestNG.java:177)
</pre></div></td>
<td>0</td>
<td>com.arcapi.Buildingtestcases.CreateAssetBuildingV3APITest@159f197</td></tr>
</table><p>
<table width='100%' border='1' class='invocation-skipped'>
<tr><td colspan='4' align='center'><b>SKIPPED CONFIGURATIONS</b></td></tr>
<tr><td><b>Test method</b></td>
<td width="30%"><b>Exception</b></td>
<td width="10%"><b>Time (seconds)</b></td>
<td><b>Instance</b></td>
</tr>
<tr>
<td title='com.arcapi.release1_18testcases.AssetUpdateExcludeSpacesTest.getSuiteName()'><b>getSuiteName</b><br>Test class: com.arcapi.release1_18testcases.AssetUpdateExcludeSpacesTest</td>
<td></td>
<td>0</td>
<td>com.arcapi.release1_18testcases.AssetUpdateExcludeSpacesTest@78aab498</td></tr>
<tr>
<td title='com.arcapi.release1_18testcases.AssetUpdateExcludeSpacesTest.setBaseUri()'><b>setBaseUri</b><br>Test class: com.arcapi.release1_18testcases.AssetUpdateExcludeSpacesTest</td>
<td></td>
<td>0</td>
<td>com.arcapi.release1_18testcases.AssetUpdateExcludeSpacesTest@78aab498</td></tr>
<tr>
<td title='com.arcapi.release1_18testcases.MetersAPIAreaTest.getSuiteName()'><b>getSuiteName</b><br>Test class: com.arcapi.release1_18testcases.MetersAPIAreaTest</td>
<td></td>
<td>0</td>
<td>com.arcapi.release1_18testcases.MetersAPIAreaTest@5dd6264</td></tr>
<tr>
<td title='com.arcapi.release1_18testcases.MetersAPIAreaTest.setBaseUri()'><b>setBaseUri</b><br>Test class: com.arcapi.release1_18testcases.MetersAPIAreaTest</td>
<td></td>
<td>0</td>
<td>com.arcapi.release1_18testcases.MetersAPIAreaTest@5dd6264</td></tr>
<tr>
<td title='com.arcapi.release1_18testcases.OccupantPostAPITest.getSuiteName()'><b>getSuiteName</b><br>Test class: com.arcapi.release1_18testcases.OccupantPostAPITest</td>
<td></td>
<td>0</td>
<td>com.arcapi.release1_18testcases.OccupantPostAPITest@1ffe63b9</td></tr>
<tr>
<td title='com.arcapi.release1_18testcases.OccupantPostAPITest.setBaseUri()'><b>setBaseUri</b><br>Test class: com.arcapi.release1_18testcases.OccupantPostAPITest</td>
<td></td>
<td>0</td>
<td>com.arcapi.release1_18testcases.OccupantPostAPITest@1ffe63b9</td></tr>
<tr>
<td title='com.arcapi.release1_18testcases.OccupantGetAPITest.getSuiteName()'><b>getSuiteName</b><br>Test class: com.arcapi.release1_18testcases.OccupantGetAPITest</td>
<td></td>
<td>0</td>
<td>com.arcapi.release1_18testcases.OccupantGetAPITest@51e5fc98</td></tr>
<tr>
<td title='com.arcapi.release1_18testcases.OccupantGetAPITest.setBaseUri()'><b>setBaseUri</b><br>Test class: com.arcapi.release1_18testcases.OccupantGetAPITest</td>
<td></td>
<td>0</td>
<td>com.arcapi.release1_18testcases.OccupantGetAPITest@51e5fc98</td></tr>
<tr>
<td title='com.arcapi.release1_18testcases.OccupantDeleteAPITest.getSuiteName()'><b>getSuiteName</b><br>Test class: com.arcapi.release1_18testcases.OccupantDeleteAPITest</td>
<td></td>
<td>0</td>
<td>com.arcapi.release1_18testcases.OccupantDeleteAPITest@7c469c48</td></tr>
<tr>
<td title='com.arcapi.release1_18testcases.OccupantDeleteAPITest.setBaseUri()'><b>setBaseUri</b><br>Test class: com.arcapi.release1_18testcases.OccupantDeleteAPITest</td>
<td></td>
<td>0</td>
<td>com.arcapi.release1_18testcases.OccupantDeleteAPITest@7c469c48</td></tr>
<tr>
<td title='com.arcapi.release1_18testcases.AssetDetailQueryParamTrackerDateAPITest.getSuiteName()'><b>getSuiteName</b><br>Test class: com.arcapi.release1_18testcases.AssetDetailQueryParamTrackerDateAPITest</td>
<td></td>
<td>0</td>
<td>com.arcapi.release1_18testcases.AssetDetailQueryParamTrackerDateAPITest@12e61fe6</td></tr>
<tr>
<td title='com.arcapi.release1_18testcases.AssetDetailQueryParamTrackerDateAPITest.setBaseUri()'><b>setBaseUri</b><br>Test class: com.arcapi.release1_18testcases.AssetDetailQueryParamTrackerDateAPITest</td>
<td></td>
<td>0</td>
<td>com.arcapi.release1_18testcases.AssetDetailQueryParamTrackerDateAPITest@12e61fe6</td></tr>
<tr>
<td title='com.arcapi.release1_18testcases.AssetDetailQueryParamCategoryAPITest.getSuiteName()'><b>getSuiteName</b><br>Test class: com.arcapi.release1_18testcases.AssetDetailQueryParamCategoryAPITest</td>
<td></td>
<td>0</td>
<td>com.arcapi.release1_18testcases.AssetDetailQueryParamCategoryAPITest@7ee955a8</td></tr>
<tr>
<td title='com.arcapi.release1_18testcases.AssetDetailQueryParamCategoryAPITest.setBaseUri()'><b>setBaseUri</b><br>Test class: com.arcapi.release1_18testcases.AssetDetailQueryParamCategoryAPITest</td>
<td></td>
<td>0</td>
<td>com.arcapi.release1_18testcases.AssetDetailQueryParamCategoryAPITest@7ee955a8</td></tr>
<tr>
<td title='com.arcapi.Buildingtestcases.CreateAssetBuildingV3APITest.ExtentReportConfig()'><b>ExtentReportConfig</b><br>Test class: com.arcapi.Buildingtestcases.CreateAssetBuildingV3APITest</td>
<td></td>
<td>0</td>
<td>com.arcapi.Buildingtestcases.CreateAssetBuildingV3APITest@159f197</td></tr>
<tr>
<td title='com.arcapi.Buildingtestcases.CreateAssetBuildingV3APITest.start()'><b>start</b><br>Test class: com.arcapi.Buildingtestcases.CreateAssetBuildingV3APITest</td>
<td></td>
<td>0</td>
<td>com.arcapi.Buildingtestcases.CreateAssetBuildingV3APITest@159f197</td></tr>
<tr>
<td title='com.arcapi.Buildingtestcases.CreateAssetBuildingV3APITest.teardown()'><b>teardown</b><br>Test class: com.arcapi.Buildingtestcases.CreateAssetBuildingV3APITest</td>
<td></td>
<td>0</td>
<td>com.arcapi.Buildingtestcases.CreateAssetBuildingV3APITest@159f197</td></tr>
<tr>
<td title='com.arcapi.Buildingtestcases.CreateAssetBuildingV3APITest.end()'><b>end</b><br>Test class: com.arcapi.Buildingtestcases.CreateAssetBuildingV3APITest</td>
<td></td>
<td>0</td>
<td>com.arcapi.Buildingtestcases.CreateAssetBuildingV3APITest@159f197</td></tr>
<tr>
<td title='com.arcapi.release1_18testcases.AssetUpdateExcludeSpacesTest.end()'><b>end</b><br>Test class: com.arcapi.release1_18testcases.AssetUpdateExcludeSpacesTest</td>
<td></td>
<td>0</td>
<td>com.arcapi.release1_18testcases.AssetUpdateExcludeSpacesTest@78aab498</td></tr>
<tr>
<td title='com.arcapi.release1_18testcases.MetersAPIAreaTest.end()'><b>end</b><br>Test class: com.arcapi.release1_18testcases.MetersAPIAreaTest</td>
<td></td>
<td>0</td>
<td>com.arcapi.release1_18testcases.MetersAPIAreaTest@5dd6264</td></tr>
<tr>
<td title='com.arcapi.release1_18testcases.OccupantPostAPITest.end()'><b>end</b><br>Test class: com.arcapi.release1_18testcases.OccupantPostAPITest</td>
<td></td>
<td>0</td>
<td>com.arcapi.release1_18testcases.OccupantPostAPITest@1ffe63b9</td></tr>
<tr>
<td title='com.arcapi.release1_18testcases.OccupantGetAPITest.end()'><b>end</b><br>Test class: com.arcapi.release1_18testcases.OccupantGetAPITest</td>
<td></td>
<td>0</td>
<td>com.arcapi.release1_18testcases.OccupantGetAPITest@51e5fc98</td></tr>
<tr>
<td title='com.arcapi.release1_18testcases.OccupantDeleteAPITest.end()'><b>end</b><br>Test class: com.arcapi.release1_18testcases.OccupantDeleteAPITest</td>
<td></td>
<td>0</td>
<td>com.arcapi.release1_18testcases.OccupantDeleteAPITest@7c469c48</td></tr>
<tr>
<td title='com.arcapi.release1_18testcases.AssetDetailQueryParamTrackerDateAPITest.end()'><b>end</b><br>Test class: com.arcapi.release1_18testcases.AssetDetailQueryParamTrackerDateAPITest</td>
<td></td>
<td>0</td>
<td>com.arcapi.release1_18testcases.AssetDetailQueryParamTrackerDateAPITest@12e61fe6</td></tr>
<tr>
<td title='com.arcapi.release1_18testcases.AssetDetailQueryParamCategoryAPITest.end()'><b>end</b><br>Test class: com.arcapi.release1_18testcases.AssetDetailQueryParamCategoryAPITest</td>
<td></td>
<td>0</td>
<td>com.arcapi.release1_18testcases.AssetDetailQueryParamCategoryAPITest@7ee955a8</td></tr>
</table><p>
<table width='100%' border='1' class='invocation-skipped'>
<tr><td colspan='4' align='center'><b>SKIPPED TESTS</b></td></tr>
<tr><td><b>Test method</b></td>
<td width="30%"><b>Exception</b></td>
<td width="10%"><b>Time (seconds)</b></td>
<td><b>Instance</b></td>
</tr>
<tr>
<td title='com.arcapi.release1_18testcases.AssetDetailQueryParamTrackerDateAPITest.AssetDetailQueryParamAPI()'><b>AssetDetailQueryParamAPI</b><br>Test class: com.arcapi.release1_18testcases.AssetDetailQueryParamTrackerDateAPITest</td>
<td><div><pre>org.testng.TestNGException: 
Parameter &apos;SheetName&apos; is required by @Test on method AssetDetailQueryParamAPI but has not been marked @Optional or defined
in D:\worksapceNew\TestArcAPI\src\main\resources\TestNGFiles\V2EmissionFactor.xml
... Removed 23 stack frames</pre></div><a href='#' onClick='toggleBox("stack-trace319086807", this, "Click to show all stack frames", "Click to hide stack frames")'>Click to show all stack frames</a>
<div class='stack-trace' id='stack-trace319086807'><pre>org.testng.TestNGException: 
Parameter &apos;SheetName&apos; is required by @Test on method AssetDetailQueryParamAPI but has not been marked @Optional or defined
in D:\worksapceNew\TestArcAPI\src\main\resources\TestNGFiles\V2EmissionFactor.xml
	at org.testng.internal.Parameters.createParameters(Parameters.java:154)
	at org.testng.internal.Parameters.createParameters(Parameters.java:361)
	at org.testng.internal.Parameters.handleParameters(Parameters.java:451)
	at org.testng.internal.Invoker.handleParameters(Invoker.java:1274)
	at org.testng.internal.Invoker.createParameters(Invoker.java:989)
	at org.testng.internal.Invoker.invokeTestMethods(Invoker.java:1079)
	at org.testng.internal.TestMethodWorker.invokeTestMethods(TestMethodWorker.java:129)
	at org.testng.internal.TestMethodWorker.run(TestMethodWorker.java:112)
	at org.testng.TestRunner.privateRun(TestRunner.java:782)
	at org.testng.TestRunner.run(TestRunner.java:632)
	at org.testng.SuiteRunner.runTest(SuiteRunner.java:366)
	at org.testng.SuiteRunner.runSequentially(SuiteRunner.java:361)
	at org.testng.SuiteRunner.privateRun(SuiteRunner.java:319)
	at org.testng.SuiteRunner.run(SuiteRunner.java:268)
	at org.testng.SuiteRunnerWorker.runSuite(SuiteRunnerWorker.java:52)
	at org.testng.SuiteRunnerWorker.run(SuiteRunnerWorker.java:86)
	at org.testng.TestNG.runSuitesSequentially(TestNG.java:1244)
	at org.testng.TestNG.runSuitesSequentially(TestNG.java:1240)
	at org.testng.TestNG.runSuitesLocally(TestNG.java:1169)
	at org.testng.TestNG.run(TestNG.java:1064)
	at org.testng.remote.RemoteTestNG.run(RemoteTestNG.java:113)
	at org.testng.remote.RemoteTestNG.initAndRun(RemoteTestNG.java:206)
	at org.testng.remote.RemoteTestNG.main(RemoteTestNG.java:177)
</pre></div></td>
<td>0</td>
<td>com.arcapi.release1_18testcases.AssetDetailQueryParamTrackerDateAPITest@12e61fe6</td></tr>
<tr>
<td title='com.arcapi.release1_18testcases.AssetDetailQueryParamCategoryAPITest.AssetDetailQueryParamCategoryAPI()'><b>AssetDetailQueryParamCategoryAPI</b><br>Test class: com.arcapi.release1_18testcases.AssetDetailQueryParamCategoryAPITest</td>
<td><div><pre>org.testng.TestNGException: 
Parameter &apos;SheetName&apos; is required by @Test on method AssetDetailQueryParamCategoryAPI but has not been marked @Optional or defined
in D:\worksapceNew\TestArcAPI\src\main\resources\TestNGFiles\V2EmissionFactor.xml
... Removed 23 stack frames</pre></div><a href='#' onClick='toggleBox("stack-trace384916201", this, "Click to show all stack frames", "Click to hide stack frames")'>Click to show all stack frames</a>
<div class='stack-trace' id='stack-trace384916201'><pre>org.testng.TestNGException: 
Parameter &apos;SheetName&apos; is required by @Test on method AssetDetailQueryParamCategoryAPI but has not been marked @Optional or defined
in D:\worksapceNew\TestArcAPI\src\main\resources\TestNGFiles\V2EmissionFactor.xml
	at org.testng.internal.Parameters.createParameters(Parameters.java:154)
	at org.testng.internal.Parameters.createParameters(Parameters.java:361)
	at org.testng.internal.Parameters.handleParameters(Parameters.java:451)
	at org.testng.internal.Invoker.handleParameters(Invoker.java:1274)
	at org.testng.internal.Invoker.createParameters(Invoker.java:989)
	at org.testng.internal.Invoker.invokeTestMethods(Invoker.java:1079)
	at org.testng.internal.TestMethodWorker.invokeTestMethods(TestMethodWorker.java:129)
	at org.testng.internal.TestMethodWorker.run(TestMethodWorker.java:112)
	at org.testng.TestRunner.privateRun(TestRunner.java:782)
	at org.testng.TestRunner.run(TestRunner.java:632)
	at org.testng.SuiteRunner.runTest(SuiteRunner.java:366)
	at org.testng.SuiteRunner.runSequentially(SuiteRunner.java:361)
	at org.testng.SuiteRunner.privateRun(SuiteRunner.java:319)
	at org.testng.SuiteRunner.run(SuiteRunner.java:268)
	at org.testng.SuiteRunnerWorker.runSuite(SuiteRunnerWorker.java:52)
	at org.testng.SuiteRunnerWorker.run(SuiteRunnerWorker.java:86)
	at org.testng.TestNG.runSuitesSequentially(TestNG.java:1244)
	at org.testng.TestNG.runSuitesSequentially(TestNG.java:1240)
	at org.testng.TestNG.runSuitesLocally(TestNG.java:1169)
	at org.testng.TestNG.run(TestNG.java:1064)
	at org.testng.remote.RemoteTestNG.run(RemoteTestNG.java:113)
	at org.testng.remote.RemoteTestNG.initAndRun(RemoteTestNG.java:206)
	at org.testng.remote.RemoteTestNG.main(RemoteTestNG.java:177)
</pre></div></td>
<td>0</td>
<td>com.arcapi.release1_18testcases.AssetDetailQueryParamCategoryAPITest@7ee955a8</td></tr>
<tr>
<td title='com.arcapi.release1_18testcases.AssetUpdateExcludeSpacesTest.AssetUpdateExcludeSpaces()'><b>AssetUpdateExcludeSpaces</b><br>Test class: com.arcapi.release1_18testcases.AssetUpdateExcludeSpacesTest</td>
<td><div><pre>org.testng.TestNGException: 
Parameter &apos;SheetName&apos; is required by @Test on method AssetUpdateExcludeSpaces but has not been marked @Optional or defined
in D:\worksapceNew\TestArcAPI\src\main\resources\TestNGFiles\V2EmissionFactor.xml
... Removed 23 stack frames</pre></div><a href='#' onClick='toggleBox("stack-trace178371348", this, "Click to show all stack frames", "Click to hide stack frames")'>Click to show all stack frames</a>
<div class='stack-trace' id='stack-trace178371348'><pre>org.testng.TestNGException: 
Parameter &apos;SheetName&apos; is required by @Test on method AssetUpdateExcludeSpaces but has not been marked @Optional or defined
in D:\worksapceNew\TestArcAPI\src\main\resources\TestNGFiles\V2EmissionFactor.xml
	at org.testng.internal.Parameters.createParameters(Parameters.java:154)
	at org.testng.internal.Parameters.createParameters(Parameters.java:361)
	at org.testng.internal.Parameters.handleParameters(Parameters.java:451)
	at org.testng.internal.Invoker.handleParameters(Invoker.java:1274)
	at org.testng.internal.Invoker.createParameters(Invoker.java:989)
	at org.testng.internal.Invoker.invokeTestMethods(Invoker.java:1079)
	at org.testng.internal.TestMethodWorker.invokeTestMethods(TestMethodWorker.java:129)
	at org.testng.internal.TestMethodWorker.run(TestMethodWorker.java:112)
	at org.testng.TestRunner.privateRun(TestRunner.java:782)
	at org.testng.TestRunner.run(TestRunner.java:632)
	at org.testng.SuiteRunner.runTest(SuiteRunner.java:366)
	at org.testng.SuiteRunner.runSequentially(SuiteRunner.java:361)
	at org.testng.SuiteRunner.privateRun(SuiteRunner.java:319)
	at org.testng.SuiteRunner.run(SuiteRunner.java:268)
	at org.testng.SuiteRunnerWorker.runSuite(SuiteRunnerWorker.java:52)
	at org.testng.SuiteRunnerWorker.run(SuiteRunnerWorker.java:86)
	at org.testng.TestNG.runSuitesSequentially(TestNG.java:1244)
	at org.testng.TestNG.runSuitesSequentially(TestNG.java:1240)
	at org.testng.TestNG.runSuitesLocally(TestNG.java:1169)
	at org.testng.TestNG.run(TestNG.java:1064)
	at org.testng.remote.RemoteTestNG.run(RemoteTestNG.java:113)
	at org.testng.remote.RemoteTestNG.initAndRun(RemoteTestNG.java:206)
	at org.testng.remote.RemoteTestNG.main(RemoteTestNG.java:177)
</pre></div></td>
<td>0</td>
<td>com.arcapi.release1_18testcases.AssetUpdateExcludeSpacesTest@78aab498</td></tr>
<tr>
<td title='com.arcapi.Buildingtestcases.CreateAssetBuildingV3APITest.CreateAssetPOSTAPI()'><b>CreateAssetPOSTAPI</b><br>Test class: com.arcapi.Buildingtestcases.CreateAssetBuildingV3APITest<br>Parameters: building, ProjectIDBuildingNone, US, none, true</td>
<td></td>
<td>0</td>
<td>com.arcapi.Buildingtestcases.CreateAssetBuildingV3APITest@159f197</td></tr>
<tr>
<td title='com.arcapi.release1_18testcases.MetersAPIAreaTest.MetersAPI()'><b>MetersAPI</b><br>Test class: com.arcapi.release1_18testcases.MetersAPIAreaTest</td>
<td><div><pre>org.testng.TestNGException: 
Parameter &apos;SheetName&apos; is required by @Test on method MetersAPI but has not been marked @Optional or defined
in D:\worksapceNew\TestArcAPI\src\main\resources\TestNGFiles\V2EmissionFactor.xml
... Removed 23 stack frames</pre></div><a href='#' onClick='toggleBox("stack-trace1632909815", this, "Click to show all stack frames", "Click to hide stack frames")'>Click to show all stack frames</a>
<div class='stack-trace' id='stack-trace1632909815'><pre>org.testng.TestNGException: 
Parameter &apos;SheetName&apos; is required by @Test on method MetersAPI but has not been marked @Optional or defined
in D:\worksapceNew\TestArcAPI\src\main\resources\TestNGFiles\V2EmissionFactor.xml
	at org.testng.internal.Parameters.createParameters(Parameters.java:154)
	at org.testng.internal.Parameters.createParameters(Parameters.java:361)
	at org.testng.internal.Parameters.handleParameters(Parameters.java:451)
	at org.testng.internal.Invoker.handleParameters(Invoker.java:1274)
	at org.testng.internal.Invoker.createParameters(Invoker.java:989)
	at org.testng.internal.Invoker.invokeTestMethods(Invoker.java:1079)
	at org.testng.internal.TestMethodWorker.invokeTestMethods(TestMethodWorker.java:129)
	at org.testng.internal.TestMethodWorker.run(TestMethodWorker.java:112)
	at org.testng.TestRunner.privateRun(TestRunner.java:782)
	at org.testng.TestRunner.run(TestRunner.java:632)
	at org.testng.SuiteRunner.runTest(SuiteRunner.java:366)
	at org.testng.SuiteRunner.runSequentially(SuiteRunner.java:361)
	at org.testng.SuiteRunner.privateRun(SuiteRunner.java:319)
	at org.testng.SuiteRunner.run(SuiteRunner.java:268)
	at org.testng.SuiteRunnerWorker.runSuite(SuiteRunnerWorker.java:52)
	at org.testng.SuiteRunnerWorker.run(SuiteRunnerWorker.java:86)
	at org.testng.TestNG.runSuitesSequentially(TestNG.java:1244)
	at org.testng.TestNG.runSuitesSequentially(TestNG.java:1240)
	at org.testng.TestNG.runSuitesLocally(TestNG.java:1169)
	at org.testng.TestNG.run(TestNG.java:1064)
	at org.testng.remote.RemoteTestNG.run(RemoteTestNG.java:113)
	at org.testng.remote.RemoteTestNG.initAndRun(RemoteTestNG.java:206)
	at org.testng.remote.RemoteTestNG.main(RemoteTestNG.java:177)
</pre></div></td>
<td>0</td>
<td>com.arcapi.release1_18testcases.MetersAPIAreaTest@5dd6264</td></tr>
<tr>
<td title='com.arcapi.release1_18testcases.OccupantGetAPITest.OccupantGetAPI()'><b>OccupantGetAPI</b><br>Test class: com.arcapi.release1_18testcases.OccupantGetAPITest</td>
<td><div><pre>org.testng.TestNGException: 
Parameter &apos;SheetName&apos; is required by @Test on method OccupantGetAPI but has not been marked @Optional or defined
in D:\worksapceNew\TestArcAPI\src\main\resources\TestNGFiles\V2EmissionFactor.xml
... Removed 23 stack frames</pre></div><a href='#' onClick='toggleBox("stack-trace1288230669", this, "Click to show all stack frames", "Click to hide stack frames")'>Click to show all stack frames</a>
<div class='stack-trace' id='stack-trace1288230669'><pre>org.testng.TestNGException: 
Parameter &apos;SheetName&apos; is required by @Test on method OccupantGetAPI but has not been marked @Optional or defined
in D:\worksapceNew\TestArcAPI\src\main\resources\TestNGFiles\V2EmissionFactor.xml
	at org.testng.internal.Parameters.createParameters(Parameters.java:154)
	at org.testng.internal.Parameters.createParameters(Parameters.java:361)
	at org.testng.internal.Parameters.handleParameters(Parameters.java:451)
	at org.testng.internal.Invoker.handleParameters(Invoker.java:1274)
	at org.testng.internal.Invoker.createParameters(Invoker.java:989)
	at org.testng.internal.Invoker.invokeTestMethods(Invoker.java:1079)
	at org.testng.internal.TestMethodWorker.invokeTestMethods(TestMethodWorker.java:129)
	at org.testng.internal.TestMethodWorker.run(TestMethodWorker.java:112)
	at org.testng.TestRunner.privateRun(TestRunner.java:782)
	at org.testng.TestRunner.run(TestRunner.java:632)
	at org.testng.SuiteRunner.runTest(SuiteRunner.java:366)
	at org.testng.SuiteRunner.runSequentially(SuiteRunner.java:361)
	at org.testng.SuiteRunner.privateRun(SuiteRunner.java:319)
	at org.testng.SuiteRunner.run(SuiteRunner.java:268)
	at org.testng.SuiteRunnerWorker.runSuite(SuiteRunnerWorker.java:52)
	at org.testng.SuiteRunnerWorker.run(SuiteRunnerWorker.java:86)
	at org.testng.TestNG.runSuitesSequentially(TestNG.java:1244)
	at org.testng.TestNG.runSuitesSequentially(TestNG.java:1240)
	at org.testng.TestNG.runSuitesLocally(TestNG.java:1169)
	at org.testng.TestNG.run(TestNG.java:1064)
	at org.testng.remote.RemoteTestNG.run(RemoteTestNG.java:113)
	at org.testng.remote.RemoteTestNG.initAndRun(RemoteTestNG.java:206)
	at org.testng.remote.RemoteTestNG.main(RemoteTestNG.java:177)
</pre></div></td>
<td>0</td>
<td>com.arcapi.release1_18testcases.OccupantGetAPITest@51e5fc98</td></tr>
<tr>
<td title='com.arcapi.release1_18testcases.OccupantPostAPITest.OccupantPostAPI()'><b>OccupantPostAPI</b><br>Test class: com.arcapi.release1_18testcases.OccupantPostAPITest</td>
<td><div><pre>org.testng.TestNGException: 
Parameter &apos;SheetName&apos; is required by @Test on method OccupantPostAPI but has not been marked @Optional or defined
in D:\worksapceNew\TestArcAPI\src\main\resources\TestNGFiles\V2EmissionFactor.xml
... Removed 23 stack frames</pre></div><a href='#' onClick='toggleBox("stack-trace1196855655", this, "Click to show all stack frames", "Click to hide stack frames")'>Click to show all stack frames</a>
<div class='stack-trace' id='stack-trace1196855655'><pre>org.testng.TestNGException: 
Parameter &apos;SheetName&apos; is required by @Test on method OccupantPostAPI but has not been marked @Optional or defined
in D:\worksapceNew\TestArcAPI\src\main\resources\TestNGFiles\V2EmissionFactor.xml
	at org.testng.internal.Parameters.createParameters(Parameters.java:154)
	at org.testng.internal.Parameters.createParameters(Parameters.java:361)
	at org.testng.internal.Parameters.handleParameters(Parameters.java:451)
	at org.testng.internal.Invoker.handleParameters(Invoker.java:1274)
	at org.testng.internal.Invoker.createParameters(Invoker.java:989)
	at org.testng.internal.Invoker.invokeTestMethods(Invoker.java:1079)
	at org.testng.internal.TestMethodWorker.invokeTestMethods(TestMethodWorker.java:129)
	at org.testng.internal.TestMethodWorker.run(TestMethodWorker.java:112)
	at org.testng.TestRunner.privateRun(TestRunner.java:782)
	at org.testng.TestRunner.run(TestRunner.java:632)
	at org.testng.SuiteRunner.runTest(SuiteRunner.java:366)
	at org.testng.SuiteRunner.runSequentially(SuiteRunner.java:361)
	at org.testng.SuiteRunner.privateRun(SuiteRunner.java:319)
	at org.testng.SuiteRunner.run(SuiteRunner.java:268)
	at org.testng.SuiteRunnerWorker.runSuite(SuiteRunnerWorker.java:52)
	at org.testng.SuiteRunnerWorker.run(SuiteRunnerWorker.java:86)
	at org.testng.TestNG.runSuitesSequentially(TestNG.java:1244)
	at org.testng.TestNG.runSuitesSequentially(TestNG.java:1240)
	at org.testng.TestNG.runSuitesLocally(TestNG.java:1169)
	at org.testng.TestNG.run(TestNG.java:1064)
	at org.testng.remote.RemoteTestNG.run(RemoteTestNG.java:113)
	at org.testng.remote.RemoteTestNG.initAndRun(RemoteTestNG.java:206)
	at org.testng.remote.RemoteTestNG.main(RemoteTestNG.java:177)
</pre></div></td>
<td>0</td>
<td>com.arcapi.release1_18testcases.OccupantPostAPITest@1ffe63b9</td></tr>
<tr>
<td title='com.arcapi.release1_18testcases.OccupantDeleteAPITest.OccupantPostAPI()'><b>OccupantPostAPI</b><br>Test class: com.arcapi.release1_18testcases.OccupantDeleteAPITest</td>
<td><div><pre>org.testng.TestNGException: 
Parameter &apos;SheetName&apos; is required by @Test on method OccupantPostAPI but has not been marked @Optional or defined
in D:\worksapceNew\TestArcAPI\src\main\resources\TestNGFiles\V2EmissionFactor.xml
... Removed 23 stack frames</pre></div><a href='#' onClick='toggleBox("stack-trace1749870412", this, "Click to show all stack frames", "Click to hide stack frames")'>Click to show all stack frames</a>
<div class='stack-trace' id='stack-trace1749870412'><pre>org.testng.TestNGException: 
Parameter &apos;SheetName&apos; is required by @Test on method OccupantPostAPI but has not been marked @Optional or defined
in D:\worksapceNew\TestArcAPI\src\main\resources\TestNGFiles\V2EmissionFactor.xml
	at org.testng.internal.Parameters.createParameters(Parameters.java:154)
	at org.testng.internal.Parameters.createParameters(Parameters.java:361)
	at org.testng.internal.Parameters.handleParameters(Parameters.java:451)
	at org.testng.internal.Invoker.handleParameters(Invoker.java:1274)
	at org.testng.internal.Invoker.createParameters(Invoker.java:989)
	at org.testng.internal.Invoker.invokeTestMethods(Invoker.java:1079)
	at org.testng.internal.TestMethodWorker.invokeTestMethods(TestMethodWorker.java:129)
	at org.testng.internal.TestMethodWorker.run(TestMethodWorker.java:112)
	at org.testng.TestRunner.privateRun(TestRunner.java:782)
	at org.testng.TestRunner.run(TestRunner.java:632)
	at org.testng.SuiteRunner.runTest(SuiteRunner.java:366)
	at org.testng.SuiteRunner.runSequentially(SuiteRunner.java:361)
	at org.testng.SuiteRunner.privateRun(SuiteRunner.java:319)
	at org.testng.SuiteRunner.run(SuiteRunner.java:268)
	at org.testng.SuiteRunnerWorker.runSuite(SuiteRunnerWorker.java:52)
	at org.testng.SuiteRunnerWorker.run(SuiteRunnerWorker.java:86)
	at org.testng.TestNG.runSuitesSequentially(TestNG.java:1244)
	at org.testng.TestNG.runSuitesSequentially(TestNG.java:1240)
	at org.testng.TestNG.runSuitesLocally(TestNG.java:1169)
	at org.testng.TestNG.run(TestNG.java:1064)
	at org.testng.remote.RemoteTestNG.run(RemoteTestNG.java:113)
	at org.testng.remote.RemoteTestNG.initAndRun(RemoteTestNG.java:206)
	at org.testng.remote.RemoteTestNG.main(RemoteTestNG.java:177)
</pre></div></td>
<td>0</td>
<td>com.arcapi.release1_18testcases.OccupantDeleteAPITest@7c469c48</td></tr>
</table><p>
</body>
</html>