<?xml version="1.0" encoding="UTF-8"?>
<!-- Generated by org.testng.reporters.JUnitXMLReporter -->
<testsuite hostname="G10GGNLT052" name="CustomExecutionArcRelease1_18" tests="9" failures="1" timestamp="9 Oct 2019 04:36:41 GMT" time="137.572" errors="0">
  <testcase name="LoginAPI" time="5.871" classname="com.arcapi.Common.LoginAPITest"/>
  <testcase name="CreateAssetPOSTAPI" time="4.927" classname="com.arcapi.Buildingtestcases.CreateAssetBuildingV3APITest"/>
  <testcase name="PaymentOrderSubmitPOSTAPI" time="12.811" classname="com.arcapi.Common.PaymentOrderSubmitPOSTAPITest">
    <failure type="java.lang.AssertionError" message="expected [200] but found [403]">
      <![CDATA[java.lang.AssertionError: expected [200] but found [403]
	at com.Utill.Controller.Assertion.verifyStatusCode(Assertion.java:22)
	at com.arcapi.Common.PaymentOrderSubmitPOSTAPITest.PaymentOrderSubmitPOSTAPI(PaymentOrderSubmitPOSTAPITest.java:30)
... Removed 31 stack frames]]>
    </failure>
  </testcase> <!-- PaymentOrderSubmitPOSTAPI -->
  <testcase name="AssetUpdateExcludeSpaces" time="2.388" classname="com.arcapi.release1_18testcases.AssetUpdateExcludeSpacesTest"/>
  <testcase name="MetersAPI" time="3.782" classname="com.arcapi.release1_18testcases.MetersAPIAreaTest"/>
  <testcase name="OccupantPostAPI" time="43.49" classname="com.arcapi.release1_18testcases.OccupantPostAPITest"/>
  <testcase name="OccupantGetAPI" time="6.142" classname="com.arcapi.release1_18testcases.OccupantGetAPITest"/>
  <testcase name="AssetDetailQueryParamAPI" time="16.332" classname="com.arcapi.release1_18testcases.AssetDetailQueryParamTrackerDateAPITest"/>
  <testcase name="AssetDetailQueryParamCategoryAPI" time="39.796" classname="com.arcapi.release1_18testcases.AssetDetailQueryParamCategoryAPITest"/>
</testsuite> <!-- CustomExecutionArcRelease1_18 -->
