<?xml version="1.0" encoding="UTF-8"?>
<!-- Generated by org.testng.reporters.JUnitXMLReporter -->
<testsuite hostname="G10GGNLT052" name="CompleteFlowTest-Building-Other" tests="18" failures="4" timestamp="20 Sep 2019 07:21:53 GMT" time="77.636" errors="0">
  <testcase name="LoginAPI" time="10.522" classname="com.arcapi.Common.LoginAPITest"/>
  <testcase name="CreateAssetPOSTAPI" time="8.827" classname="com.arcapi.Buildingtestcases.CreateAssetBuildingV3APITest"/>
  <testcase name="SignAgreementRegistrationAPI" time="4.762" classname="com.arcapi.Common.SignAgreementRegistrationAPITest"/>
  <testcase name="PaymentOrderSubmitPOSTAPI" time="11.88" classname="com.arcapi.Common.PaymentOrderSubmitPOSTAPITest"/>
  <testcase name="AddAssestTimeline" time="6.967" classname="com.arcapi.Common.AddAssestTimelinePOSTAPITest"/>
  <testcase name="AssetDetailAPI" time="2.645" classname="com.arcapi.Common.AssetDetailAPITest"/>
  <testcase name="SurveyAllRoutesFeedbackRegularAPI" time="2.033" classname="com.arcapi.Buildingtestcases.SurveyAllRoutesFeedbackRegularAPIPOSTAPITest"/>
  <testcase name="SurveyAllRoutesFeedbackVisitorAPI" time="2.079" classname="com.arcapi.Buildingtestcases.SurveyAllRoutesFeedbackVisitorAPIPOSTAPITest"/>
  <testcase name="CO2MeterCreateAPI" time="2.264" classname="com.arcapi.Buildingtestcases.CO2MeterCreateAPITest"/>
  <testcase name="CO2ConsumptionCreateAPI" time="1.783" classname="com.arcapi.Buildingtestcases.CO2ConsumptionCreateAPITest">
    <failure type="java.lang.AssertionError" message="expected [201] but found [404]">
      <![CDATA[java.lang.AssertionError: expected [201] but found [404]
	at com.Utill.Controller.Assertion.verifyStatusCode(Assertion.java:20)
	at com.arcapi.Buildingtestcases.CO2ConsumptionCreateAPITest.CO2ConsumptionCreateAPI(CO2ConsumptionCreateAPITest.java:27)
... Removed 31 stack frames]]>
    </failure>
  </testcase> <!-- CO2ConsumptionCreateAPI -->
  <testcase name="CO2ConsumptionUpdateAPI" time="1.985" classname="com.arcapi.Buildingtestcases.CO2ConsumptionUpdateAPITest">
    <failure type="java.lang.AssertionError" message="expected [200] but found [404]">
      <![CDATA[java.lang.AssertionError: expected [200] but found [404]
	at com.Utill.Controller.Assertion.verifyStatusCode(Assertion.java:20)
	at com.arcapi.Buildingtestcases.CO2ConsumptionUpdateAPITest.CO2ConsumptionUpdateAPI(CO2ConsumptionUpdateAPITest.java:28)
... Removed 31 stack frames]]>
    </failure>
  </testcase> <!-- CO2ConsumptionUpdateAPI -->
  <testcase name="CO2ConsumptionDeleteAPI" time="2.008" classname="com.arcapi.Buildingtestcases.CO2ConsumptionDeleteAPITest">
    <failure type="java.lang.AssertionError" message="expected [200] but found [404]">
      <![CDATA[java.lang.AssertionError: expected [200] but found [404]
	at com.Utill.Controller.Assertion.verifyStatusCode(Assertion.java:20)
	at com.arcapi.Buildingtestcases.CO2ConsumptionDeleteAPITest.CO2ConsumptionDeleteAPI(CO2ConsumptionDeleteAPITest.java:24)
... Removed 31 stack frames]]>
    </failure>
  </testcase> <!-- CO2ConsumptionDeleteAPI -->
  <testcase name="CO2MeterDeleteAPI" time="1.83" classname="com.arcapi.Buildingtestcases.CO2MeterDeleteAPITest">
    <failure type="java.lang.AssertionError" message="expected [403] but found [404]">
      <![CDATA[java.lang.AssertionError: expected [403] but found [404]
	at com.Utill.Controller.Assertion.verifyStatusCode(Assertion.java:20)
	at com.arcapi.Buildingtestcases.CO2MeterDeleteAPITest.CO2MeterDeleteAPI(CO2MeterDeleteAPITest.java:25)
... Removed 31 stack frames]]>
    </failure>
  </testcase> <!-- CO2MeterDeleteAPI -->
  <testcase name="VOCMeterCreateAPI" time="2.255" classname="com.arcapi.Buildingtestcases.VOCMeterCreateAPITest"/>
  <testcase name="VOCConsumptionCreateAPI" time="3.066" classname="com.arcapi.Buildingtestcases.VOCConsumptionCreateAPITest"/>
  <testcase name="VOCConsumptionUpdateAPI" time="2.489" classname="com.arcapi.Buildingtestcases.VOCConsumptionUpdateAPITest"/>
  <testcase name="VOCConsumptionDeleteAPI" time="1.999" classname="com.arcapi.Buildingtestcases.VOCConsumptionDeleteAPITest"/>
  <testcase name="VOCMeterDeleteAPI" time="1.818" classname="com.arcapi.Buildingtestcases.VOCMeterDeleteAPITest"/>
</testsuite> <!-- CompleteFlowTest-Building-Other -->
