<?xml version="1.0" encoding="UTF-8"?>
<!-- Generated by org.testng.reporters.JUnitXMLReporter -->
<testsuite hostname="G10GNLT041" ignored="0" name="DataInput-Building-Other" tests="28" failures="5" timestamp="20 Dec 2018 09:54:59 GMT" time="913.191" errors="0">
  <testcase name="LoginAPI" time="4.578" classname="com.arcapi.Buildingtestcases.LoginAPITest"/>
  <testcase name="CreateAssetPOSTAPI" time="20.644" classname="com.arcapi.Buildingtestcases.CreateAssetBuildingOtherAPITest"/>
  <testcase name="SignAgreementRegistrationAPI" time="5.23" classname="com.arcapi.Buildingtestcases.SignAgreementRegistrationAPITest"/>
  <testcase name="RegistrationPaymentPricingGetAPI" time="4.09" classname="com.arcapi.Buildingtestcases.RegistrationPaymentPricingGetAPITest"/>
  <testcase name="PaymentOrderSubmitPOSTAPI" time="10.376" classname="com.arcapi.Buildingtestcases.PaymentOrderSubmitPOSTAPITest"/>
  <testcase name="AddAssestTimeline" time="6.147" classname="com.arcapi.Buildingtestcases.AddAssestTimelinePOSTAPITest"/>
  <testcase name="ElectricityMeterCreateAPI" time="30.212" classname="com.arcapi.Buildingtestcases.ElectricityMeterCreateAPITest"/>
  <testcase name="ConsumptionCreatePOSTAPI" time="23.012" classname="com.arcapi.Buildingtestcases.ElectricityConsumptionCreateAPITest"/>
  <testcase name="ConsumptionUpdatePUTAPI" time="17.972" classname="com.arcapi.Buildingtestcases.ElectricityConsumptionUpdateAPITest"/>
  <testcase name="ConsumptionDeleteAPI" time="17.918" classname="com.arcapi.Buildingtestcases.ElectricityConsumptionDeleteAPITest"/>
  <testcase name="MeterDeleteAPI" time="18.191" classname="com.arcapi.Buildingtestcases.ElectricityMeterDeleteAPITest"/>
  <testcase name="WaterMeterCreateAPI" time="136.202" classname="com.arcapi.Buildingtestcases.WaterMeterCreateAPITest"/>
  <testcase name="WaterConsumptionCreateAPI" time="27.105" classname="com.arcapi.Buildingtestcases.WaterConsumptionCreateAPITest"/>
  <testcase name="WaterMeterDeleteAPI" time="20.872" classname="com.arcapi.Buildingtestcases.WaterMeterDeleteAPITest"/>
  <testcase name="OtherFuelMeterCreateAPI" time="452.066" classname="com.arcapi.Buildingtestcases.OtherFuelMeterCreateAPITest">
    <failure type="com.jayway.restassured.path.json.exception.JsonPathException" message="Failed to parse the JSON document">
      <![CDATA[com.jayway.restassured.path.json.exception.JsonPathException: Failed to parse the JSON documentat com.jayway.restassured.path.json.JsonPath$ExceptionCatcher.invoke(JsonPath.java:928)at com.jayway.restassured.path.json.JsonPath$4.doParseWith(JsonPath.java:893)at com.jayway.restassured.path.json.JsonPath$JsonParser.parseWith(JsonPath.java:972)at com.jayway.restassured.path.json.JsonPath.get(JsonPath.java:201)at com.jayway.restassured.path.json.JsonPath$get$0.call(Unknown Source)at com.jayway.restassured.internal.RestAssuredResponseOptionsGroovyImpl.path(RestAssuredResponseOptionsGroovyImpl.groovy:392)at com.jayway.restassured.internal.RestAssuredResponseOptionsImpl.path(RestAssuredResponseOptionsImpl.java:195)at com.arcapi.Buildingtestcases.OtherFuelMeterCreateAPITest.OtherFuelMeterCreateAPI(OtherFuelMeterCreateAPITest.java:80)Caused by: groovy.json.JsonException: Lexing failed on line: 1, column: 1, while reading '<', no possible valid JSON value or punctuation could be recognized.at groovy.json.JsonLexer.nextToken(JsonLexer.java:85)at groovy.json.JsonLexer$nextToken.call(Unknown Source)at com.jayway.restassured.internal.path.json.ConfigurableJsonSlurper.parse(ConfigurableJsonSlurper.groovy:96)at com.jayway.restassured.internal.path.json.ConfigurableJsonSlurper$parse.callCurrent(Unknown Source)at com.jayway.restassured.internal.path.json.ConfigurableJsonSlurper.parseText(ConfigurableJsonSlurper.groovy:82)at com.jayway.restassured.path.json.JsonPath$4$1.method(JsonPath.java:891)at com.jayway.restassured.path.json.JsonPath$ExceptionCatcher.invoke(JsonPath.java:926)... 33 more... Removed 26 stack frames]]>
    </failure>
  </testcase> <!-- OtherFuelMeterCreateAPI -->
  <testcase name="OtherFuelConsumptionCreateAPI" time="9.0" classname="com.arcapi.Buildingtestcases.OtherFuelConsumptionCreateAPITest">
    <failure type="java.lang.AssertionError" message="1 expectation failed.
Expected status code &amp;lt;201&amp;gt; doesn&amp;apos;t match actual status code &amp;lt;502&amp;gt;.
">
      <![CDATA[java.lang.AssertionError: 1 expectation failed.Expected status code <201> doesn't match actual status code <502>.at org.codehaus.groovy.runtime.callsite.ConstructorSite$ConstructorSiteNoUnwrap.callConstructor(ConstructorSite.java:84)at org.codehaus.groovy.runtime.callsite.AbstractCallSite.callConstructor(AbstractCallSite.java:247)at com.jayway.restassured.internal.ResponseSpecificationImpl$HamcrestAssertionClosure.validate(ResponseSpecificationImpl.groovy:598)at com.jayway.restassured.internal.ResponseSpecificationImpl$HamcrestAssertionClosure$validate$1.call(Unknown Source)at com.jayway.restassured.internal.ResponseSpecificationImpl.validateResponseIfRequired(ResponseSpecificationImpl.groovy:760)at org.codehaus.groovy.runtime.callsite.PogoMetaMethodSite$PogoCachedMethodSiteNoUnwrapNoCoerce.invoke(PogoMetaMethodSite.java:210)at org.codehaus.groovy.runtime.callsite.PogoMetaMethodSite.callCurrent(PogoMetaMethodSite.java:59)at org.codehaus.groovy.runtime.callsite.AbstractCallSite.callCurrent(AbstractCallSite.java:166)at com.jayway.restassured.internal.ResponseSpecificationImpl.statusCode(ResponseSpecificationImpl.groovy:120)at com.jayway.restassured.specification.ResponseSpecification$statusCode$0.callCurrent(Unknown Source)at com.jayway.restassured.internal.ResponseSpecificationImpl.statusCode(ResponseSpecificationImpl.groovy:128)at com.jayway.restassured.internal.ValidatableResponseOptionsImpl.statusCode(ValidatableResponseOptionsImpl.java:117)at com.arcapi.Buildingtestcases.OtherFuelConsumptionCreateAPITest.OtherFuelConsumptionCreateAPI(OtherFuelConsumptionCreateAPITest.java:61)... Removed 35 stack frames]]>
    </failure>
  </testcase> <!-- OtherFuelConsumptionCreateAPI -->
  <testcase name="OtherFuelConsumptionDeleteAPI" time="24.496" classname="com.arcapi.Buildingtestcases.OtherFuelConsumptionDeleteAPITest">
    <failure type="java.lang.AssertionError" message="1 expectation failed.
Expected status code &amp;lt;200&amp;gt; doesn&amp;apos;t match actual status code &amp;lt;404&amp;gt;.
">
      <![CDATA[java.lang.AssertionError: 1 expectation failed.Expected status code <200> doesn't match actual status code <404>.at org.codehaus.groovy.runtime.callsite.ConstructorSite$ConstructorSiteNoUnwrap.callConstructor(ConstructorSite.java:84)at org.codehaus.groovy.runtime.callsite.AbstractCallSite.callConstructor(AbstractCallSite.java:247)at com.jayway.restassured.internal.ResponseSpecificationImpl$HamcrestAssertionClosure.validate(ResponseSpecificationImpl.groovy:598)at com.jayway.restassured.internal.ResponseSpecificationImpl$HamcrestAssertionClosure$validate$1.call(Unknown Source)at com.jayway.restassured.internal.ResponseSpecificationImpl.validate(ResponseSpecificationImpl.groovy:86)at com.jayway.restassured.internal.ValidatableResponseOptionsImpl.specification(ValidatableResponseOptionsImpl.java:307)at com.jayway.restassured.internal.ValidatableResponseOptionsImpl.spec(ValidatableResponseOptionsImpl.java:288)at com.arcapi.Buildingtestcases.OtherFuelConsumptionDeleteAPITest.OtherFuelConsumptionDeleteAPI(OtherFuelConsumptionDeleteAPITest.java:61)... Removed 32 stack frames]]>
    </failure>
  </testcase> <!-- OtherFuelConsumptionDeleteAPI -->
  <testcase name="OtherFuelMeterDeleteAPI" time="22.139" classname="com.arcapi.Buildingtestcases.OtherFuelMeterDeleteAPITest"/>
  <testcase name="CO2MeterCreateAPI" time="4.287" classname="com.arcapi.Buildingtestcases.CO2MeterCreateAPITest"/>
  <testcase name="CO2ConsumptionCreateAPI" time="3.999" classname="com.arcapi.Buildingtestcases.CO2ConsumptionCreateAPITest"/>
  <testcase name="CO2ConsumptionUpdateAPI" time="2.889" classname="com.arcapi.Buildingtestcases.CO2ConsumptionUpdateAPITest"/>
  <testcase name="CO2ConsumptionDeleteAPI" time="4.018" classname="com.arcapi.Buildingtestcases.CO2ConsumptionDeleteAPITest"/>
  <testcase name="CO2MeterDeleteAPI" time="2.309" classname="com.arcapi.Buildingtestcases.CO2MeterDeleteAPITest">
    <failure type="java.lang.AssertionError" message="1 expectation failed.
Expected status code &amp;lt;200&amp;gt; doesn&amp;apos;t match actual status code &amp;lt;403&amp;gt;.
">
      <![CDATA[java.lang.AssertionError: 1 expectation failed.Expected status code <200> doesn't match actual status code <403>.at org.codehaus.groovy.runtime.callsite.ConstructorSite$ConstructorSiteNoUnwrap.callConstructor(ConstructorSite.java:84)at org.codehaus.groovy.runtime.callsite.AbstractCallSite.callConstructor(AbstractCallSite.java:247)at com.jayway.restassured.internal.ResponseSpecificationImpl$HamcrestAssertionClosure.validate(ResponseSpecificationImpl.groovy:598)at com.jayway.restassured.internal.ResponseSpecificationImpl$HamcrestAssertionClosure$validate$1.call(Unknown Source)at com.jayway.restassured.internal.ResponseSpecificationImpl.validate(ResponseSpecificationImpl.groovy:86)at com.jayway.restassured.internal.ValidatableResponseOptionsImpl.specification(ValidatableResponseOptionsImpl.java:307)at com.jayway.restassured.internal.ValidatableResponseOptionsImpl.spec(ValidatableResponseOptionsImpl.java:288)at com.arcapi.Buildingtestcases.CO2MeterDeleteAPITest.CO2MeterDeleteAPI(CO2MeterDeleteAPITest.java:54)... Removed 32 stack frames]]>
    </failure>
  </testcase> <!-- CO2MeterDeleteAPI -->
  <testcase name="VOCMeterCreateAPI" time="3.861" classname="com.arcapi.Buildingtestcases.VOCMeterCreateAPITest"/>
  <testcase name="VOCConsumptionCreateAPI" time="2.786" classname="com.arcapi.Buildingtestcases.VOCConsumptionCreateAPITest"/>
  <testcase name="VOCConsumptionUpdateAPI" time="2.861" classname="com.arcapi.Buildingtestcases.VOCConsumptionUpdateAPITest"/>
  <testcase name="VOCConsumptionDeleteAPI" time="2.714" classname="com.arcapi.Buildingtestcases.VOCConsumptionDeleteAPITest"/>
  <testcase name="VOCMeterDeleteAPI" time="2.298" classname="com.arcapi.Buildingtestcases.VOCMeterDeleteAPITest">
    <failure type="java.lang.AssertionError" message="1 expectation failed.
Expected status code &amp;lt;200&amp;gt; doesn&amp;apos;t match actual status code &amp;lt;403&amp;gt;.
">
      <![CDATA[java.lang.AssertionError: 1 expectation failed.Expected status code <200> doesn't match actual status code <403>.at org.codehaus.groovy.runtime.callsite.ConstructorSite$ConstructorSiteNoUnwrap.callConstructor(ConstructorSite.java:84)at org.codehaus.groovy.runtime.callsite.AbstractCallSite.callConstructor(AbstractCallSite.java:247)at com.jayway.restassured.internal.ResponseSpecificationImpl$HamcrestAssertionClosure.validate(ResponseSpecificationImpl.groovy:598)at com.jayway.restassured.internal.ResponseSpecificationImpl$HamcrestAssertionClosure$validate$1.call(Unknown Source)at com.jayway.restassured.internal.ResponseSpecificationImpl.validate(ResponseSpecificationImpl.groovy:86)at com.jayway.restassured.internal.ValidatableResponseOptionsImpl.specification(ValidatableResponseOptionsImpl.java:307)at com.jayway.restassured.internal.ValidatableResponseOptionsImpl.spec(ValidatableResponseOptionsImpl.java:288)at com.arcapi.Buildingtestcases.VOCMeterDeleteAPITest.VOCMeterDeleteAPI(VOCMeterDeleteAPITest.java:54)... Removed 32 stack frames]]>
    </failure>
  </testcase> <!-- VOCMeterDeleteAPI -->
</testsuite> <!-- DataInput-Building-Other -->
