<html>
<head>
<title>TestNG:  CompleteFlowTest-Transit-Below</title>
<link href="../testng.css" rel="stylesheet" type="text/css" />
<link href="../my-testng.css" rel="stylesheet" type="text/css" />

<style type="text/css">
.log { display: none;} 
.stack-trace { display: none;} 
</style>
<script type="text/javascript">
<!--
function flip(e) {
  current = e.style.display;
  if (current == 'block') {
    e.style.display = 'none';
    return 0;
  }
  else {
    e.style.display = 'block';
    return 1;
  }
}

function toggleBox(szDivId, elem, msg1, msg2)
{
  var res = -1;  if (document.getElementById) {
    res = flip(document.getElementById(szDivId));
  }
  else if (document.all) {
    // this is the way old msie versions work
    res = flip(document.all[szDivId]);
  }
  if(elem) {
    if(res == 0) elem.innerHTML = msg1; else elem.innerHTML = msg2;
  }

}

function toggleAllBoxes() {
  if (document.getElementsByTagName) {
    d = document.getElementsByTagName('div');
    for (i = 0; i < d.length; i++) {
      if (d[i].className == 'log') {
        flip(d[i]);
      }
    }
  }
}

// -->
</script>

</head>
<body>
<h2 align='center'>CompleteFlowTest-Transit-Below</h2><table border='1' align="center">
<tr>
<td>Tests passed/Failed/Skipped:</td><td>106/5/0</td>
</tr><tr>
<td>Started on:</td><td>Fri Sep 20 16:24:00 IST 2019</td>
</tr>
<tr><td>Total time:</td><td>905 seconds (905487 ms)</td>
</tr><tr>
<td>Included groups:</td><td></td>
</tr><tr>
<td>Excluded groups:</td><td></td>
</tr>
</table><p/>
<small><i>(Hover the method name to see the test class name)</i></small><p/>
<table width='100%' border='1' class='invocation-failed'>
<tr><td colspan='4' align='center'><b>FAILED TESTS</b></td></tr>
<tr><td><b>Test method</b></td>
<td width="30%"><b>Exception</b></td>
<td width="10%"><b>Time (seconds)</b></td>
<td><b>Instance</b></td>
</tr>
<tr>
<td title='com.arcapi.Common.AssetOwnerOrgPOSTAPITest.AssetOwnerOrgPOSTAPI()'><b>AssetOwnerOrgPOSTAPI</b><br>Test class: com.arcapi.Common.AssetOwnerOrgPOSTAPITest</td>
<td><div><pre>java.lang.AssertionError: expected [201] but found [200]
	at com.Utill.Controller.Assertion.verifyStatusCode(Assertion.java:20)
	at com.arcapi.Common.AssetOwnerOrgPOSTAPITest.AssetOwnerOrgPOSTAPI(AssetOwnerOrgPOSTAPITest.java:22)
... Removed 31 stack frames</pre></div><a href='#' onClick='toggleBox("stack-trace1342594281", this, "Click to show all stack frames", "Click to hide stack frames")'>Click to show all stack frames</a>
<div class='stack-trace' id='stack-trace1342594281'><pre>java.lang.AssertionError: expected [201] but found [200]
	at org.testng.Assert.fail(Assert.java:94)
	at org.testng.Assert.failNotEquals(Assert.java:513)
	at org.testng.Assert.assertEqualsImpl(Assert.java:135)
	at org.testng.Assert.assertEquals(Assert.java:116)
	at org.testng.Assert.assertEquals(Assert.java:389)
	at org.testng.Assert.assertEquals(Assert.java:399)
	at com.Utill.Controller.Assertion.verifyStatusCode(Assertion.java:20)
	at com.arcapi.Common.AssetOwnerOrgPOSTAPITest.AssetOwnerOrgPOSTAPI(AssetOwnerOrgPOSTAPITest.java:22)
	at sun.reflect.NativeMethodAccessorImpl.invoke0(Native Method)
	at sun.reflect.NativeMethodAccessorImpl.invoke(NativeMethodAccessorImpl.java:62)
	at sun.reflect.DelegatingMethodAccessorImpl.invoke(DelegatingMethodAccessorImpl.java:43)
	at java.lang.reflect.Method.invoke(Method.java:498)
	at org.testng.internal.MethodInvocationHelper.invokeMethod(MethodInvocationHelper.java:86)
	at org.testng.internal.Invoker.invokeMethod(Invoker.java:643)
	at org.testng.internal.Invoker.invokeTestMethod(Invoker.java:820)
	at org.testng.internal.Invoker.invokeTestMethods(Invoker.java:1128)
	at org.testng.internal.TestMethodWorker.invokeTestMethods(TestMethodWorker.java:129)
	at org.testng.internal.TestMethodWorker.run(TestMethodWorker.java:112)
	at org.testng.TestRunner.privateRun(TestRunner.java:782)
	at org.testng.TestRunner.run(TestRunner.java:632)
	at org.testng.SuiteRunner.runTest(SuiteRunner.java:366)
	at org.testng.SuiteRunner.runSequentially(SuiteRunner.java:361)
	at org.testng.SuiteRunner.privateRun(SuiteRunner.java:319)
	at org.testng.SuiteRunner.run(SuiteRunner.java:268)
	at org.testng.SuiteRunnerWorker.runSuite(SuiteRunnerWorker.java:52)
	at org.testng.SuiteRunnerWorker.run(SuiteRunnerWorker.java:86)
	at org.testng.TestNG.runSuitesSequentially(TestNG.java:1244)
	at org.testng.TestNG.runSuitesSequentially(TestNG.java:1240)
	at org.testng.TestNG.runSuitesLocally(TestNG.java:1169)
	at org.testng.TestNG.run(TestNG.java:1064)
	at org.testng.remote.RemoteTestNG.run(RemoteTestNG.java:113)
	at org.testng.remote.RemoteTestNG.initAndRun(RemoteTestNG.java:206)
	at org.testng.remote.RemoteTestNG.main(RemoteTestNG.java:177)
</pre></div></td>
<td>2</td>
<td>com.arcapi.Common.AssetOwnerOrgPOSTAPITest@78047b92</td></tr>
<tr>
<td title='com.arcapi.Common.AssetSnapshotDownloadAPITest.AssetSnapshotDownloadAPI()'><b>AssetSnapshotDownloadAPI</b><br>Test class: com.arcapi.Common.AssetSnapshotDownloadAPITest<br>Parameters: STG, ProjectIDTransitBelow, 2</td>
<td><div><pre>java.lang.AssertionError: expected [200] but found [404]
	at com.Utill.Controller.Assertion.verifyStatusCode(Assertion.java:20)
	at com.arcapi.Common.AssetSnapshotDownloadAPITest.AssetSnapshotDownloadAPI(AssetSnapshotDownloadAPITest.java:23)
... Removed 31 stack frames</pre></div><a href='#' onClick='toggleBox("stack-trace778758269", this, "Click to show all stack frames", "Click to hide stack frames")'>Click to show all stack frames</a>
<div class='stack-trace' id='stack-trace778758269'><pre>java.lang.AssertionError: expected [200] but found [404]
	at org.testng.Assert.fail(Assert.java:94)
	at org.testng.Assert.failNotEquals(Assert.java:513)
	at org.testng.Assert.assertEqualsImpl(Assert.java:135)
	at org.testng.Assert.assertEquals(Assert.java:116)
	at org.testng.Assert.assertEquals(Assert.java:389)
	at org.testng.Assert.assertEquals(Assert.java:399)
	at com.Utill.Controller.Assertion.verifyStatusCode(Assertion.java:20)
	at com.arcapi.Common.AssetSnapshotDownloadAPITest.AssetSnapshotDownloadAPI(AssetSnapshotDownloadAPITest.java:23)
	at sun.reflect.NativeMethodAccessorImpl.invoke0(Native Method)
	at sun.reflect.NativeMethodAccessorImpl.invoke(NativeMethodAccessorImpl.java:62)
	at sun.reflect.DelegatingMethodAccessorImpl.invoke(DelegatingMethodAccessorImpl.java:43)
	at java.lang.reflect.Method.invoke(Method.java:498)
	at org.testng.internal.MethodInvocationHelper.invokeMethod(MethodInvocationHelper.java:86)
	at org.testng.internal.Invoker.invokeMethod(Invoker.java:643)
	at org.testng.internal.Invoker.invokeTestMethod(Invoker.java:820)
	at org.testng.internal.Invoker.invokeTestMethods(Invoker.java:1128)
	at org.testng.internal.TestMethodWorker.invokeTestMethods(TestMethodWorker.java:129)
	at org.testng.internal.TestMethodWorker.run(TestMethodWorker.java:112)
	at org.testng.TestRunner.privateRun(TestRunner.java:782)
	at org.testng.TestRunner.run(TestRunner.java:632)
	at org.testng.SuiteRunner.runTest(SuiteRunner.java:366)
	at org.testng.SuiteRunner.runSequentially(SuiteRunner.java:361)
	at org.testng.SuiteRunner.privateRun(SuiteRunner.java:319)
	at org.testng.SuiteRunner.run(SuiteRunner.java:268)
	at org.testng.SuiteRunnerWorker.runSuite(SuiteRunnerWorker.java:52)
	at org.testng.SuiteRunnerWorker.run(SuiteRunnerWorker.java:86)
	at org.testng.TestNG.runSuitesSequentially(TestNG.java:1244)
	at org.testng.TestNG.runSuitesSequentially(TestNG.java:1240)
	at org.testng.TestNG.runSuitesLocally(TestNG.java:1169)
	at org.testng.TestNG.run(TestNG.java:1064)
	at org.testng.remote.RemoteTestNG.run(RemoteTestNG.java:113)
	at org.testng.remote.RemoteTestNG.initAndRun(RemoteTestNG.java:206)
	at org.testng.remote.RemoteTestNG.main(RemoteTestNG.java:177)
</pre></div></td>
<td>2</td>
<td>com.arcapi.Common.AssetSnapshotDownloadAPITest@6973bf95</td></tr>
<tr>
<td title='com.arcapi.Common.AssetTeamPermissionPutAPITest.AssetTeamPermissionPutAPI()'><b>AssetTeamPermissionPutAPI</b><br>Test class: com.arcapi.Common.AssetTeamPermissionPutAPITest<br>Parameters: STG, ProjectIDTransitBelow, 2</td>
<td><div><pre>java.lang.AssertionError: expected [200] but found [400]
	at com.Utill.Controller.Assertion.verifyStatusCode(Assertion.java:20)
	at com.arcapi.Common.AssetTeamPermissionPutAPITest.AssetTeamPermissionPutAPI(AssetTeamPermissionPutAPITest.java:22)
... Removed 31 stack frames</pre></div><a href='#' onClick='toggleBox("stack-trace1656063474", this, "Click to show all stack frames", "Click to hide stack frames")'>Click to show all stack frames</a>
<div class='stack-trace' id='stack-trace1656063474'><pre>java.lang.AssertionError: expected [200] but found [400]
	at org.testng.Assert.fail(Assert.java:94)
	at org.testng.Assert.failNotEquals(Assert.java:513)
	at org.testng.Assert.assertEqualsImpl(Assert.java:135)
	at org.testng.Assert.assertEquals(Assert.java:116)
	at org.testng.Assert.assertEquals(Assert.java:389)
	at org.testng.Assert.assertEquals(Assert.java:399)
	at com.Utill.Controller.Assertion.verifyStatusCode(Assertion.java:20)
	at com.arcapi.Common.AssetTeamPermissionPutAPITest.AssetTeamPermissionPutAPI(AssetTeamPermissionPutAPITest.java:22)
	at sun.reflect.NativeMethodAccessorImpl.invoke0(Native Method)
	at sun.reflect.NativeMethodAccessorImpl.invoke(NativeMethodAccessorImpl.java:62)
	at sun.reflect.DelegatingMethodAccessorImpl.invoke(DelegatingMethodAccessorImpl.java:43)
	at java.lang.reflect.Method.invoke(Method.java:498)
	at org.testng.internal.MethodInvocationHelper.invokeMethod(MethodInvocationHelper.java:86)
	at org.testng.internal.Invoker.invokeMethod(Invoker.java:643)
	at org.testng.internal.Invoker.invokeTestMethod(Invoker.java:820)
	at org.testng.internal.Invoker.invokeTestMethods(Invoker.java:1128)
	at org.testng.internal.TestMethodWorker.invokeTestMethods(TestMethodWorker.java:129)
	at org.testng.internal.TestMethodWorker.run(TestMethodWorker.java:112)
	at org.testng.TestRunner.privateRun(TestRunner.java:782)
	at org.testng.TestRunner.run(TestRunner.java:632)
	at org.testng.SuiteRunner.runTest(SuiteRunner.java:366)
	at org.testng.SuiteRunner.runSequentially(SuiteRunner.java:361)
	at org.testng.SuiteRunner.privateRun(SuiteRunner.java:319)
	at org.testng.SuiteRunner.run(SuiteRunner.java:268)
	at org.testng.SuiteRunnerWorker.runSuite(SuiteRunnerWorker.java:52)
	at org.testng.SuiteRunnerWorker.run(SuiteRunnerWorker.java:86)
	at org.testng.TestNG.runSuitesSequentially(TestNG.java:1244)
	at org.testng.TestNG.runSuitesSequentially(TestNG.java:1240)
	at org.testng.TestNG.runSuitesLocally(TestNG.java:1169)
	at org.testng.TestNG.run(TestNG.java:1064)
	at org.testng.remote.RemoteTestNG.run(RemoteTestNG.java:113)
	at org.testng.remote.RemoteTestNG.initAndRun(RemoteTestNG.java:206)
	at org.testng.remote.RemoteTestNG.main(RemoteTestNG.java:177)
</pre></div></td>
<td>2</td>
<td>com.arcapi.Common.AssetTeamPermissionPutAPITest@1e730495</td></tr>
<tr>
<td title='com.arcapi.Common.SubmitReviewPOSTAPITest.SubmitReviewPOSTAPI()'><b>SubmitReviewPOSTAPI</b><br>Test class: com.arcapi.Common.SubmitReviewPOSTAPITest<br>Parameters: STG, ProjectIDTransitBelow, 2, transit, review</td>
<td><div><pre>java.lang.AssertionError: expected [200] but found [400]
	at com.Utill.Controller.Assertion.verifyStatusCode(Assertion.java:20)
	at com.arcapi.Common.SubmitReviewPOSTAPITest.SubmitReviewPOSTAPI(SubmitReviewPOSTAPITest.java:24)
... Removed 31 stack frames</pre></div><a href='#' onClick='toggleBox("stack-trace96401232", this, "Click to show all stack frames", "Click to hide stack frames")'>Click to show all stack frames</a>
<div class='stack-trace' id='stack-trace96401232'><pre>java.lang.AssertionError: expected [200] but found [400]
	at org.testng.Assert.fail(Assert.java:94)
	at org.testng.Assert.failNotEquals(Assert.java:513)
	at org.testng.Assert.assertEqualsImpl(Assert.java:135)
	at org.testng.Assert.assertEquals(Assert.java:116)
	at org.testng.Assert.assertEquals(Assert.java:389)
	at org.testng.Assert.assertEquals(Assert.java:399)
	at com.Utill.Controller.Assertion.verifyStatusCode(Assertion.java:20)
	at com.arcapi.Common.SubmitReviewPOSTAPITest.SubmitReviewPOSTAPI(SubmitReviewPOSTAPITest.java:24)
	at sun.reflect.NativeMethodAccessorImpl.invoke0(Native Method)
	at sun.reflect.NativeMethodAccessorImpl.invoke(NativeMethodAccessorImpl.java:62)
	at sun.reflect.DelegatingMethodAccessorImpl.invoke(DelegatingMethodAccessorImpl.java:43)
	at java.lang.reflect.Method.invoke(Method.java:498)
	at org.testng.internal.MethodInvocationHelper.invokeMethod(MethodInvocationHelper.java:86)
	at org.testng.internal.Invoker.invokeMethod(Invoker.java:643)
	at org.testng.internal.Invoker.invokeTestMethod(Invoker.java:820)
	at org.testng.internal.Invoker.invokeTestMethods(Invoker.java:1128)
	at org.testng.internal.TestMethodWorker.invokeTestMethods(TestMethodWorker.java:129)
	at org.testng.internal.TestMethodWorker.run(TestMethodWorker.java:112)
	at org.testng.TestRunner.privateRun(TestRunner.java:782)
	at org.testng.TestRunner.run(TestRunner.java:632)
	at org.testng.SuiteRunner.runTest(SuiteRunner.java:366)
	at org.testng.SuiteRunner.runSequentially(SuiteRunner.java:361)
	at org.testng.SuiteRunner.privateRun(SuiteRunner.java:319)
	at org.testng.SuiteRunner.run(SuiteRunner.java:268)
	at org.testng.SuiteRunnerWorker.runSuite(SuiteRunnerWorker.java:52)
	at org.testng.SuiteRunnerWorker.run(SuiteRunnerWorker.java:86)
	at org.testng.TestNG.runSuitesSequentially(TestNG.java:1244)
	at org.testng.TestNG.runSuitesSequentially(TestNG.java:1240)
	at org.testng.TestNG.runSuitesLocally(TestNG.java:1169)
	at org.testng.TestNG.run(TestNG.java:1064)
	at org.testng.remote.RemoteTestNG.run(RemoteTestNG.java:113)
	at org.testng.remote.RemoteTestNG.initAndRun(RemoteTestNG.java:206)
	at org.testng.remote.RemoteTestNG.main(RemoteTestNG.java:177)
</pre></div></td>
<td>4</td>
<td>com.arcapi.Common.SubmitReviewPOSTAPITest@4fe767f3</td></tr>
<tr>
<td title='com.arcapi.Common.VerifyAdminRemoveAPITest.VerifyAdminRemoveAPI()'><b>VerifyAdminRemoveAPI</b><br>Test class: com.arcapi.Common.VerifyAdminRemoveAPITest<br>Parameters: STG, ProjectIDTransitBelow, 2</td>
<td><div><pre>java.lang.AssertionError: expected [403] but found [200]
	at com.Utill.Controller.Assertion.verifyStatusCode(Assertion.java:20)
	at com.arcapi.Common.VerifyAdminRemoveAPITest.VerifyAdminRemoveAPI(VerifyAdminRemoveAPITest.java:21)
... Removed 31 stack frames</pre></div><a href='#' onClick='toggleBox("stack-trace1104009082", this, "Click to show all stack frames", "Click to hide stack frames")'>Click to show all stack frames</a>
<div class='stack-trace' id='stack-trace1104009082'><pre>java.lang.AssertionError: expected [403] but found [200]
	at org.testng.Assert.fail(Assert.java:94)
	at org.testng.Assert.failNotEquals(Assert.java:513)
	at org.testng.Assert.assertEqualsImpl(Assert.java:135)
	at org.testng.Assert.assertEquals(Assert.java:116)
	at org.testng.Assert.assertEquals(Assert.java:389)
	at org.testng.Assert.assertEquals(Assert.java:399)
	at com.Utill.Controller.Assertion.verifyStatusCode(Assertion.java:20)
	at com.arcapi.Common.VerifyAdminRemoveAPITest.VerifyAdminRemoveAPI(VerifyAdminRemoveAPITest.java:21)
	at sun.reflect.NativeMethodAccessorImpl.invoke0(Native Method)
	at sun.reflect.NativeMethodAccessorImpl.invoke(NativeMethodAccessorImpl.java:62)
	at sun.reflect.DelegatingMethodAccessorImpl.invoke(DelegatingMethodAccessorImpl.java:43)
	at java.lang.reflect.Method.invoke(Method.java:498)
	at org.testng.internal.MethodInvocationHelper.invokeMethod(MethodInvocationHelper.java:86)
	at org.testng.internal.Invoker.invokeMethod(Invoker.java:643)
	at org.testng.internal.Invoker.invokeTestMethod(Invoker.java:820)
	at org.testng.internal.Invoker.invokeTestMethods(Invoker.java:1128)
	at org.testng.internal.TestMethodWorker.invokeTestMethods(TestMethodWorker.java:129)
	at org.testng.internal.TestMethodWorker.run(TestMethodWorker.java:112)
	at org.testng.TestRunner.privateRun(TestRunner.java:782)
	at org.testng.TestRunner.run(TestRunner.java:632)
	at org.testng.SuiteRunner.runTest(SuiteRunner.java:366)
	at org.testng.SuiteRunner.runSequentially(SuiteRunner.java:361)
	at org.testng.SuiteRunner.privateRun(SuiteRunner.java:319)
	at org.testng.SuiteRunner.run(SuiteRunner.java:268)
	at org.testng.SuiteRunnerWorker.runSuite(SuiteRunnerWorker.java:52)
	at org.testng.SuiteRunnerWorker.run(SuiteRunnerWorker.java:86)
	at org.testng.TestNG.runSuitesSequentially(TestNG.java:1244)
	at org.testng.TestNG.runSuitesSequentially(TestNG.java:1240)
	at org.testng.TestNG.runSuitesLocally(TestNG.java:1169)
	at org.testng.TestNG.run(TestNG.java:1064)
	at org.testng.remote.RemoteTestNG.run(RemoteTestNG.java:113)
	at org.testng.remote.RemoteTestNG.initAndRun(RemoteTestNG.java:206)
	at org.testng.remote.RemoteTestNG.main(RemoteTestNG.java:177)
</pre></div></td>
<td>6</td>
<td>com.arcapi.Common.VerifyAdminRemoveAPITest@7d3a22a9</td></tr>
</table><p>
<table width='100%' border='1' class='invocation-passed'>
<tr><td colspan='4' align='center'><b>PASSED TESTS</b></td></tr>
<tr><td><b>Test method</b></td>
<td width="30%"><b>Exception</b></td>
<td width="10%"><b>Time (seconds)</b></td>
<td><b>Instance</b></td>
</tr>
<tr>
<td title='com.arcapi.Transittestcases.AQIDataGetAPITest.AQIDataGetAPI()'><b>AQIDataGetAPI</b><br>Test class: com.arcapi.Transittestcases.AQIDataGetAPITest<br>Parameters: STG, ProjectIDTransitBelow, 2</td>
<td></td>
<td>2</td>
<td>com.arcapi.Transittestcases.AQIDataGetAPITest@4c1d9d4b</td></tr>
<tr>
<td title='com.arcapi.Common.AddAssestTimelinePOSTAPITest.AddAssestTimeline()'><b>AddAssestTimeline</b><br>Test class: com.arcapi.Common.AddAssestTimelinePOSTAPITest<br>Parameters: STG, ProjectIDTransitBelow, 2</td>
<td></td>
<td>83</td>
<td>com.arcapi.Common.AddAssestTimelinePOSTAPITest@1a0dcaa</td></tr>
<tr>
<td title='com.arcapi.Common.AnalysisDataGetAPITest.AnalysisDataGetAPI()'><b>AnalysisDataGetAPI</b><br>Test class: com.arcapi.Common.AnalysisDataGetAPITest<br>Parameters: STG, ProjectIDTransitBelow, 2</td>
<td></td>
<td>2</td>
<td>com.arcapi.Common.AnalysisDataGetAPITest@3d121db3</td></tr>
<tr>
<td title='com.arcapi.Common.AnalysisDataSubmitPOSTAPITest.AnalysisDataSubmitPOSTAPI()'><b>AnalysisDataSubmitPOSTAPI</b><br>Test class: com.arcapi.Common.AnalysisDataSubmitPOSTAPITest<br>Parameters: STG, ProjectIDTransitBelow, 2</td>
<td></td>
<td>0</td>
<td>com.arcapi.Common.AnalysisDataSubmitPOSTAPITest@16e7dcfd</td></tr>
<tr>
<td title='com.arcapi.Common.AppVersionDetailAPITest.AppVersionDetailAPI()'><b>AppVersionDetailAPI</b><br>Test class: com.arcapi.Common.AppVersionDetailAPITest</td>
<td></td>
<td>1</td>
<td>com.arcapi.Common.AppVersionDetailAPITest@4278a03f</td></tr>
<tr>
<td title='com.arcapi.Common.AssetCertificationListAPITest.AssetCertificationListAPI()'><b>AssetCertificationListAPI</b><br>Test class: com.arcapi.Common.AssetCertificationListAPITest<br>Parameters: STG, ProjectIDTransitBelow, 2</td>
<td></td>
<td>2</td>
<td>com.arcapi.Common.AssetCertificationListAPITest@d706f19</td></tr>
<tr>
<td title='com.arcapi.Common.AssetCertificationPOSTAPITest.AssetCertificationPOSTAPI()'><b>AssetCertificationPOSTAPI</b><br>Test class: com.arcapi.Common.AssetCertificationPOSTAPITest<br>Parameters: STG, ProjectIDTransitBelow, 2</td>
<td></td>
<td>1</td>
<td>com.arcapi.Common.AssetCertificationPOSTAPITest@30b7c004</td></tr>
<tr>
<td title='com.arcapi.Common.AssetDataExportAPITest.AssetDataExportAPI()'><b>AssetDataExportAPI</b><br>Test class: com.arcapi.Common.AssetDataExportAPITest<br>Parameters: STG, ProjectIDTransitBelow, 2</td>
<td></td>
<td>2</td>
<td>com.arcapi.Common.AssetDataExportAPITest@60dcc9fe</td></tr>
<tr>
<td title='com.arcapi.Common.AssetDataSnapshotAPITest.AssetDataSnapshotAPI()'><b>AssetDataSnapshotAPI</b><br>Test class: com.arcapi.Common.AssetDataSnapshotAPITest<br>Parameters: STG, ProjectIDTransitBelow, 2</td>
<td></td>
<td>12</td>
<td>com.arcapi.Common.AssetDataSnapshotAPITest@7f1302d6</td></tr>
<tr>
<td title='com.arcapi.Common.AssetDetailAPITest.AssetDetailAPI()'><b>AssetDetailAPI</b><br>Test class: com.arcapi.Common.AssetDetailAPITest<br>Parameters: STG, ProjectIDTransitBelow, 2</td>
<td></td>
<td>2</td>
<td>com.arcapi.Common.AssetDetailAPITest@11dc3715</td></tr>
<tr>
<td title='com.arcapi.Common.AssetDocumentAPITest.AssetDocumentAPI()'><b>AssetDocumentAPI</b><br>Test class: com.arcapi.Common.AssetDocumentAPITest<br>Parameters: STG, ProjectIDTransitBelow, 2</td>
<td></td>
<td>5</td>
<td>com.arcapi.Common.AssetDocumentAPITest@4387b79e</td></tr>
<tr>
<td title='com.arcapi.Common.AssetListAPITest.AssetListAPI()'><b>AssetListAPI</b><br>Test class: com.arcapi.Common.AssetListAPITest</td>
<td></td>
<td>2</td>
<td>com.arcapi.Common.AssetListAPITest@8909f18</td></tr>
<tr>
<td title='com.arcapi.Buildingtestcases.AssetMeterDetailAPITest.AssetMeterDetailAPI()'><b>AssetMeterDetailAPI</b><br>Test class: com.arcapi.Buildingtestcases.AssetMeterDetailAPITest<br>Parameters: STG, ProjectIDTransitBelow, 2</td>
<td></td>
<td>1</td>
<td>com.arcapi.Buildingtestcases.AssetMeterDetailAPITest@add0edd</td></tr>
<tr>
<td title='com.arcapi.Common.AssetNotificationSubscriptionListTest.AssetNotificationSubscriptionList()'><b>AssetNotificationSubscriptionList</b><br>Test class: com.arcapi.Common.AssetNotificationSubscriptionListTest<br>Parameters: STG, ProjectIDTransitBelow, 2</td>
<td></td>
<td>2</td>
<td>com.arcapi.Common.AssetNotificationSubscriptionListTest@60704c</td></tr>
<tr>
<td title='com.arcapi.Common.AssetNotificationSubscriptionPostTest.AssetNotificationSubscriptionPost()'><b>AssetNotificationSubscriptionPost</b><br>Test class: com.arcapi.Common.AssetNotificationSubscriptionPostTest<br>Parameters: STG, ProjectIDTransitBelow, 2</td>
<td></td>
<td>2</td>
<td>com.arcapi.Common.AssetNotificationSubscriptionPostTest@6b19b79</td></tr>
<tr>
<td title='com.arcapi.Common.AssetPerformanceScoreListAPITest.AssetPerformanceScoreListAPI()'><b>AssetPerformanceScoreListAPI</b><br>Test class: com.arcapi.Common.AssetPerformanceScoreListAPITest<br>Parameters: STG, ProjectIDTransitBelow, 2</td>
<td></td>
<td>2</td>
<td>com.arcapi.Common.AssetPerformanceScoreListAPITest@222114ba</td></tr>
<tr>
<td title='com.arcapi.Common.AssetRequiredFieldsAPITest.AssetRequiredFieldsAPI()'><b>AssetRequiredFieldsAPI</b><br>Test class: com.arcapi.Common.AssetRequiredFieldsAPITest<br>Parameters: STG, ProjectIDTransitBelow, 2</td>
<td></td>
<td>2</td>
<td>com.arcapi.Common.AssetRequiredFieldsAPITest@2928854b</td></tr>
<tr>
<td title='com.arcapi.Common.AssetSearchAPITest.AssetSearchAPI()'><b>AssetSearchAPI</b><br>Test class: com.arcapi.Common.AssetSearchAPITest<br>Parameters: STG, ProjectIDTransitBelow, 2</td>
<td></td>
<td>2</td>
<td>com.arcapi.Common.AssetSearchAPITest@a4102b8</td></tr>
<tr>
<td title='com.arcapi.Common.AssetSearchOwnerAPITest.AssetSearchOwnerAPI()'><b>AssetSearchOwnerAPI</b><br>Test class: com.arcapi.Common.AssetSearchOwnerAPITest<br>Parameters: STG, ProjectIDTransitBelow, 2</td>
<td></td>
<td>1</td>
<td>com.arcapi.Common.AssetSearchOwnerAPITest@7a52f2a2</td></tr>
<tr>
<td title='com.arcapi.Common.AssetSnapshotKeysAPITest.AssetSnapshotKeysAPI()'><b>AssetSnapshotKeysAPI</b><br>Test class: com.arcapi.Common.AssetSnapshotKeysAPITest<br>Parameters: STG, ProjectIDTransitBelow, 2</td>
<td></td>
<td>1</td>
<td>com.arcapi.Common.AssetSnapshotKeysAPITest@6ce139a4</td></tr>
<tr>
<td title='com.arcapi.Common.AssetTeamMemberAddPOSTAPITest.AssetTeamMemberAddPOSTAPI()'><b>AssetTeamMemberAddPOSTAPI</b><br>Test class: com.arcapi.Common.AssetTeamMemberAddPOSTAPITest<br>Parameters: STG, ProjectIDTransitBelow, 2</td>
<td></td>
<td>7</td>
<td>com.arcapi.Common.AssetTeamMemberAddPOSTAPITest@5a955565</td></tr>
<tr>
<td title='com.arcapi.Common.AssetArcProjectAdminAddPOSTAPITest.AssetTeamMemberAddPOSTAPI()'><b>AssetTeamMemberAddPOSTAPI</b><br>Test class: com.arcapi.Common.AssetArcProjectAdminAddPOSTAPITest<br>Parameters: STG, ProjectIDTransitBelow, 2</td>
<td></td>
<td>8</td>
<td>com.arcapi.Common.AssetArcProjectAdminAddPOSTAPITest@1d082e88</td></tr>
<tr>
<td title='com.arcapi.Common.AssetTeamMemberListAPITest.AssetTeamMemberListAPI()'><b>AssetTeamMemberListAPI</b><br>Test class: com.arcapi.Common.AssetTeamMemberListAPITest<br>Parameters: STG, ProjectIDTransitBelow, 2</td>
<td></td>
<td>5</td>
<td>com.arcapi.Common.AssetTeamMemberListAPITest@6a01e23</td></tr>
<tr>
<td title='com.arcapi.Common.AssetTeamMemberRemoveAPITest.AssetTeamMemberRemoveAPI()'><b>AssetTeamMemberRemoveAPI</b><br>Test class: com.arcapi.Common.AssetTeamMemberRemoveAPITest<br>Parameters: STG, ProjectIDTransitBelow, 2</td>
<td></td>
<td>7</td>
<td>com.arcapi.Common.AssetTeamMemberRemoveAPITest@7995092a</td></tr>
<tr>
<td title='com.arcapi.Common.AssetTeamMemberRoleAPITest.AssetTeamMemberRoleAPI()'><b>AssetTeamMemberRoleAPI</b><br>Test class: com.arcapi.Common.AssetTeamMemberRoleAPITest<br>Parameters: STG, ProjectIDTransitBelow, 2</td>
<td></td>
<td>3</td>
<td>com.arcapi.Common.AssetTeamMemberRoleAPITest@13c10b87</td></tr>
<tr>
<td title='com.arcapi.Common.AssetTeamMemberUpdateAPITest.AssetTeamMemberUpdateAPI()'><b>AssetTeamMemberUpdateAPI</b><br>Test class: com.arcapi.Common.AssetTeamMemberUpdateAPITest<br>Parameters: STG, ProjectIDTransitBelow, 2</td>
<td></td>
<td>7</td>
<td>com.arcapi.Common.AssetTeamMemberUpdateAPITest@6293abcc</td></tr>
<tr>
<td title='com.arcapi.Common.AssetTeamPermissionListAPITest.AssetTeamPermissionListAPI()'><b>AssetTeamPermissionListAPI</b><br>Test class: com.arcapi.Common.AssetTeamPermissionListAPITest<br>Parameters: STG, ProjectIDTransitBelow, 2</td>
<td></td>
<td>5</td>
<td>com.arcapi.Common.AssetTeamPermissionListAPITest@23986957</td></tr>
<tr>
<td title='com.arcapi.Common.AssetTeamPermissionPostAPITest.AssetTeamPermissionPostAPI()'><b>AssetTeamPermissionPostAPI</b><br>Test class: com.arcapi.Common.AssetTeamPermissionPostAPITest<br>Parameters: STG, ProjectIDTransitBelow, 2</td>
<td></td>
<td>4</td>
<td>com.arcapi.Common.AssetTeamPermissionPostAPITest@23f7d05d</td></tr>
<tr>
<td title='com.arcapi.Buildingtestcases.AssetUpdateBuildingAPITest.AssetUpdateforNewAssetPUTAPI()'><b>AssetUpdateforNewAssetPUTAPI</b><br>Test class: com.arcapi.Buildingtestcases.AssetUpdateBuildingAPITest<br>Parameters: STG, ProjectIDTransitBelow, 2</td>
<td></td>
<td>9</td>
<td>com.arcapi.Buildingtestcases.AssetUpdateBuildingAPITest@79ca92b9</td></tr>
<tr>
<td title='com.arcapi.Common.AssetValidationInfoPOSTAPITest.AssetValidationInfoPOSTAPI()'><b>AssetValidationInfoPOSTAPI</b><br>Test class: com.arcapi.Common.AssetValidationInfoPOSTAPITest</td>
<td></td>
<td>2</td>
<td>com.arcapi.Common.AssetValidationInfoPOSTAPITest@69930714</td></tr>
<tr>
<td title='com.arcapi.Common.AssociatedCategoriesAPITest.AssociatedCategoriesAPI()'><b>AssociatedCategoriesAPI</b><br>Test class: com.arcapi.Common.AssociatedCategoriesAPITest</td>
<td></td>
<td>2</td>
<td>com.arcapi.Common.AssociatedCategoriesAPITest@29176cc1</td></tr>
<tr>
<td title='com.arcapi.Common.AvgPerformaceListGetTest.AvgPerformaceList()'><b>AvgPerformaceList</b><br>Test class: com.arcapi.Common.AvgPerformaceListGetTest</td>
<td></td>
<td>2</td>
<td>com.arcapi.Common.AvgPerformaceListGetTest@1fe20588</td></tr>
<tr>
<td title='com.arcapi.Buildingtestcases.CO2GetTest.CO2GetTestAPI()'><b>CO2GetTestAPI</b><br>Test class: com.arcapi.Buildingtestcases.CO2GetTest<br>Parameters: STG, ProjectIDTransitBelow, 2</td>
<td></td>
<td>1</td>
<td>com.arcapi.Buildingtestcases.CO2GetTest@3b07a0d6</td></tr>
<tr>
<td title='com.arcapi.Buildingtestcases.ConsumptionCreatePOSTAPITest.ConsumptionCreatePOSTAPI()'><b>ConsumptionCreatePOSTAPI</b><br>Test class: com.arcapi.Buildingtestcases.ConsumptionCreatePOSTAPITest<br>Parameters: STG, ProjectIDTransitBelow, 2</td>
<td></td>
<td>2</td>
<td>com.arcapi.Buildingtestcases.ConsumptionCreatePOSTAPITest@290d210d</td></tr>
<tr>
<td title='com.arcapi.Buildingtestcases.ConsumptionDeleteAPITest.ConsumptionDeleteAPI()'><b>ConsumptionDeleteAPI</b><br>Test class: com.arcapi.Buildingtestcases.ConsumptionDeleteAPITest<br>Parameters: STG, ProjectIDTransitBelow, 2</td>
<td></td>
<td>1</td>
<td>com.arcapi.Buildingtestcases.ConsumptionDeleteAPITest@10db82ae</td></tr>
<tr>
<td title='com.arcapi.Buildingtestcases.ConsumptionDetailAPITest.ConsumptionDetailAPI()'><b>ConsumptionDetailAPI</b><br>Test class: com.arcapi.Buildingtestcases.ConsumptionDetailAPITest<br>Parameters: STG, ProjectIDTransitBelow, 2</td>
<td></td>
<td>1</td>
<td>com.arcapi.Buildingtestcases.ConsumptionDetailAPITest@1d76aeea</td></tr>
<tr>
<td title='com.arcapi.Buildingtestcases.ConsumptionListAPITest.ConsumptionListAPI()'><b>ConsumptionListAPI</b><br>Test class: com.arcapi.Buildingtestcases.ConsumptionListAPITest<br>Parameters: STG, ProjectIDTransitBelow, 2</td>
<td></td>
<td>2</td>
<td>com.arcapi.Buildingtestcases.ConsumptionListAPITest@4b44655e</td></tr>
<tr>
<td title='com.arcapi.Buildingtestcases.ConsumptionUpdatePUTAPITest.ConsumptionUpdatePUTAPI()'><b>ConsumptionUpdatePUTAPI</b><br>Test class: com.arcapi.Buildingtestcases.ConsumptionUpdatePUTAPITest<br>Parameters: STG, ProjectIDTransitBelow, 2</td>
<td></td>
<td>1</td>
<td>com.arcapi.Buildingtestcases.ConsumptionUpdatePUTAPITest@78dd667e</td></tr>
<tr>
<td title='com.arcapi.Common.CountryStatesJSONAPITest.CountryStatesJSONAPI()'><b>CountryStatesJSONAPI</b><br>Test class: com.arcapi.Common.CountryStatesJSONAPITest</td>
<td></td>
<td>2</td>
<td>com.arcapi.Common.CountryStatesJSONAPITest@27ae2fd0</td></tr>
<tr>
<td title='com.arcapi.Transittestcases.CreateAssetTransitAPITest.CreateAssetTransitAPI()'><b>CreateAssetTransitAPI</b><br>Test class: com.arcapi.Transittestcases.CreateAssetTransitAPITest<br>Parameters: transit, ProjectIDTransitBelow, US, underground</td>
<td></td>
<td>26</td>
<td>com.arcapi.Transittestcases.CreateAssetTransitAPITest@3745e5c6</td></tr>
<tr>
<td title='com.arcapi.Common.DeleteAllAppsAPITest.DeleteAllAppsAPI()'><b>DeleteAllAppsAPI</b><br>Test class: com.arcapi.Common.DeleteAllAppsAPITest<br>Parameters: STG, ProjectIDTransitBelow, 2</td>
<td></td>
<td>5</td>
<td>com.arcapi.Common.DeleteAllAppsAPITest@7fc2413d</td></tr>
<tr>
<td title='com.arcapi.Common.DownloadDocumentsAPITest.DownloadDocumentsAPI()'><b>DownloadDocumentsAPI</b><br>Test class: com.arcapi.Common.DownloadDocumentsAPITest<br>Parameters: STG, ProjectIDTransitBelow, 2</td>
<td></td>
<td>4</td>
<td>com.arcapi.Common.DownloadDocumentsAPITest@6e75aa0d</td></tr>
<tr>
<td title='com.arcapi.Transittestcases.EnvironmentSurveyCreatePOSTAPITest.EnvironmentSurveyCreatePOSTAPI()'><b>EnvironmentSurveyCreatePOSTAPI</b><br>Test class: com.arcapi.Transittestcases.EnvironmentSurveyCreatePOSTAPITest<br>Parameters: STG, ProjectIDTransitBelow, 2</td>
<td></td>
<td>2</td>
<td>com.arcapi.Transittestcases.EnvironmentSurveyCreatePOSTAPITest@78e94dcf</td></tr>
<tr>
<td title='com.arcapi.Common.EnvironmentSurveyExportAPITest.EnvironmentSurveyExportAPI()'><b>EnvironmentSurveyExportAPI</b><br>Test class: com.arcapi.Common.EnvironmentSurveyExportAPITest<br>Parameters: STG, ProjectIDTransitBelow, 2</td>
<td></td>
<td>1</td>
<td>com.arcapi.Common.EnvironmentSurveyExportAPITest@3c72f59f</td></tr>
<tr>
<td title='com.arcapi.Transittestcases.EnvironmentSurveyGetAPITest.EnvironmentSurveyGetAPI()'><b>EnvironmentSurveyGetAPI</b><br>Test class: com.arcapi.Transittestcases.EnvironmentSurveyGetAPITest<br>Parameters: STG, ProjectIDTransitBelow, 2</td>
<td></td>
<td>2</td>
<td>com.arcapi.Transittestcases.EnvironmentSurveyGetAPITest@233fe9b6</td></tr>
<tr>
<td title='com.arcapi.Transittestcases.EnvironmentSurveySummarizeAPITest.EnvironmentSurveySummarizeAPI()'><b>EnvironmentSurveySummarizeAPI</b><br>Test class: com.arcapi.Transittestcases.EnvironmentSurveySummarizeAPITest<br>Parameters: STG, ProjectIDTransitBelow, 2</td>
<td></td>
<td>1</td>
<td>com.arcapi.Transittestcases.EnvironmentSurveySummarizeAPITest@358ee631</td></tr>
<tr>
<td title='com.arcapi.Buildingtestcases.ExcelTemplateMetersAPITest.ExcelTemplateMetersAPI()'><b>ExcelTemplateMetersAPI</b><br>Test class: com.arcapi.Buildingtestcases.ExcelTemplateMetersAPITest<br>Parameters: STG, ProjectIDTransitBelow, 2</td>
<td></td>
<td>4</td>
<td>com.arcapi.Buildingtestcases.ExcelTemplateMetersAPITest@7219ec67</td></tr>
<tr>
<td title='com.arcapi.Buildingtestcases.ExcelUploadTemplatePOSTAPITest.ExcelUploadTemplatePOSTAPI()'><b>ExcelUploadTemplatePOSTAPI</b><br>Test class: com.arcapi.Buildingtestcases.ExcelUploadTemplatePOSTAPITest<br>Parameters: STG, ProjectIDTransitBelow, 2</td>
<td></td>
<td>3</td>
<td>com.arcapi.Buildingtestcases.ExcelUploadTemplatePOSTAPITest@22635ba0</td></tr>
<tr>
<td title='com.arcapi.Common.FeedbackSubmitPostAPITest.FeedbackSubmitPostAPI()'><b>FeedbackSubmitPostAPI</b><br>Test class: com.arcapi.Common.FeedbackSubmitPostAPITest<br>Parameters: STG, ProjectIDTransitBelow, 2</td>
<td></td>
<td>1</td>
<td>com.arcapi.Common.FeedbackSubmitPostAPITest@5db250b4</td></tr>
<tr>
<td title='com.arcapi.Common.FetchingAgreementDetailsAPITest.FetchingAgreementDetailsAPI()'><b>FetchingAgreementDetailsAPI</b><br>Test class: com.arcapi.Common.FetchingAgreementDetailsAPITest<br>Parameters: STG, ProjectIDTransitBelow, 2</td>
<td></td>
<td>5</td>
<td>com.arcapi.Common.FetchingAgreementDetailsAPITest@2cbb3d47</td></tr>
<tr>
<td title='com.arcapi.Common.FuelCategoryAPITest.FuelCategoryAPI()'><b>FuelCategoryAPI</b><br>Test class: com.arcapi.Common.FuelCategoryAPITest</td>
<td></td>
<td>1</td>
<td>com.arcapi.Common.FuelCategoryAPITest@147ed70f</td></tr>
<tr>
<td title='com.arcapi.Common.GetAllDocumentListAPITest.GetAllDocumentListAPI()'><b>GetAllDocumentListAPI</b><br>Test class: com.arcapi.Common.GetAllDocumentListAPITest<br>Parameters: STG, ProjectIDTransitBelow, 2</td>
<td></td>
<td>3</td>
<td>com.arcapi.Common.GetAllDocumentListAPITest@61dd025</td></tr>
<tr>
<td title='com.arcapi.Buildingtestcases.GhgCalcGetTest.GhgCalcGet()'><b>GhgCalcGet</b><br>Test class: com.arcapi.Buildingtestcases.GhgCalcGetTest<br>Parameters: STG, ProjectIDTransitBelow, 2</td>
<td></td>
<td>2</td>
<td>com.arcapi.Buildingtestcases.GhgCalcGetTest@3901d134</td></tr>
<tr>
<td title='com.arcapi.Buildingtestcases.GhgGetTest.GhgGetTestAPI()'><b>GhgGetTestAPI</b><br>Test class: com.arcapi.Buildingtestcases.GhgGetTest<br>Parameters: STG, ProjectIDTransitBelow, 2</td>
<td></td>
<td>1</td>
<td>com.arcapi.Buildingtestcases.GhgGetTest@11a9e7c8</td></tr>
<tr>
<td title='com.arcapi.Common.InstallAllAppsAfterDeleteAPITest.InstallAllAppsAfterDeleteAPI()'><b>InstallAllAppsAfterDeleteAPI</b><br>Test class: com.arcapi.Common.InstallAllAppsAfterDeleteAPITest<br>Parameters: STG, ProjectIDTransitBelow, 2</td>
<td></td>
<td>5</td>
<td>com.arcapi.Common.InstallAllAppsAfterDeleteAPITest@f8c1ddd</td></tr>
<tr>
<td title='com.arcapi.Common.LoginAPITest.LoginAPI()'><b>LoginAPI</b><br>Test class: com.arcapi.Common.LoginAPITest</td>
<td></td>
<td>6</td>
<td>com.arcapi.Common.LoginAPITest@327b636c</td></tr>
<tr>
<td title='com.arcapi.Buildingtestcases.MeterBulkConsumptionPOSTAPITest.MeterBulkConsumptionPOSTAPI()'><b>MeterBulkConsumptionPOSTAPI</b><br>Test class: com.arcapi.Buildingtestcases.MeterBulkConsumptionPOSTAPITest<br>Parameters: STG, ProjectIDTransitBelow, 2</td>
<td></td>
<td>2</td>
<td>com.arcapi.Buildingtestcases.MeterBulkConsumptionPOSTAPITest@7ea37dbf</td></tr>
<tr>
<td title='com.arcapi.Buildingtestcases.MeterCreatePOSTAPITest.MeterCreatePOSTAPI()'><b>MeterCreatePOSTAPI</b><br>Test class: com.arcapi.Buildingtestcases.MeterCreatePOSTAPITest<br>Parameters: STG, ProjectIDTransitBelow, 2</td>
<td></td>
<td>2</td>
<td>com.arcapi.Buildingtestcases.MeterCreatePOSTAPITest@7ff95560</td></tr>
<tr>
<td title='com.arcapi.Buildingtestcases.MeterDeleteAPITest.MeterDeleteAPI()'><b>MeterDeleteAPI</b><br>Test class: com.arcapi.Buildingtestcases.MeterDeleteAPITest<br>Parameters: STG, ProjectIDTransitBelow, 2</td>
<td></td>
<td>2</td>
<td>com.arcapi.Buildingtestcases.MeterDeleteAPITest@501edcf1</td></tr>
<tr>
<td title='com.arcapi.Buildingtestcases.MeterUpdatePUTAPITest.MeterUpdatePUTAPI()'><b>MeterUpdatePUTAPI</b><br>Test class: com.arcapi.Buildingtestcases.MeterUpdatePUTAPITest<br>Parameters: STG, ProjectIDTransitBelow, 2</td>
<td></td>
<td>2</td>
<td>com.arcapi.Buildingtestcases.MeterUpdatePUTAPITest@2aa3cd93</td></tr>
<tr>
<td title='com.arcapi.Buildingtestcases.MetersAPITest.MetersAPI()'><b>MetersAPI</b><br>Test class: com.arcapi.Buildingtestcases.MetersAPITest<br>Parameters: STG, ProjectIDTransitBelow, 2</td>
<td></td>
<td>2</td>
<td>com.arcapi.Buildingtestcases.MetersAPITest@1198b989</td></tr>
<tr>
<td title='com.arcapi.Common.NotificationCreatePOSTAPITest.NotificationCreatePOSTAPI()'><b>NotificationCreatePOSTAPI</b><br>Test class: com.arcapi.Common.NotificationCreatePOSTAPITest<br>Parameters: STG, ProjectIDTransitBelow, 2</td>
<td></td>
<td>2</td>
<td>com.arcapi.Common.NotificationCreatePOSTAPITest@184cf7cf</td></tr>
<tr>
<td title='com.arcapi.Common.NotificationDeleteAPITest.NotificationDeleteAPI()'><b>NotificationDeleteAPI</b><br>Test class: com.arcapi.Common.NotificationDeleteAPITest<br>Parameters: STG, ProjectIDTransitBelow, 2</td>
<td></td>
<td>2</td>
<td>com.arcapi.Common.NotificationDeleteAPITest@5bfa9431</td></tr>
<tr>
<td title='com.arcapi.Common.NotificationGetAPITest.NotificationGetAPI()'><b>NotificationGetAPI</b><br>Test class: com.arcapi.Common.NotificationGetAPITest<br>Parameters: STG, ProjectIDTransitBelow, 2</td>
<td></td>
<td>2</td>
<td>com.arcapi.Common.NotificationGetAPITest@2fd6b6c7</td></tr>
<tr>
<td title='com.arcapi.Common.NotificationSubscriptionDetailGetTest.NotificationSubscriptionDetail()'><b>NotificationSubscriptionDetail</b><br>Test class: com.arcapi.Common.NotificationSubscriptionDetailGetTest<br>Parameters: STG, ProjectIDTransitBelow, 2</td>
<td></td>
<td>1</td>
<td>com.arcapi.Common.NotificationSubscriptionDetailGetTest@2a32de6c</td></tr>
<tr>
<td title='com.arcapi.Common.NotificationSubscriptionDetailPutTest.NotificationSubscriptionDetail()'><b>NotificationSubscriptionDetail</b><br>Test class: com.arcapi.Common.NotificationSubscriptionDetailPutTest<br>Parameters: STG, ProjectIDTransitBelow, 2</td>
<td></td>
<td>1</td>
<td>com.arcapi.Common.NotificationSubscriptionDetailPutTest@7692d9cc</td></tr>
<tr>
<td title='com.arcapi.Common.NotificationSubscriptionDetailDeleteTest.NotificationSubscriptionDetailDelete()'><b>NotificationSubscriptionDetailDelete</b><br>Test class: com.arcapi.Common.NotificationSubscriptionDetailDeleteTest<br>Parameters: STG, ProjectIDTransitBelow, 2</td>
<td></td>
<td>2</td>
<td>com.arcapi.Common.NotificationSubscriptionDetailDeleteTest@75f32542</td></tr>
<tr>
<td title='com.arcapi.Common.PaymentHistoryAPITest.PaymentHistoryAPI()'><b>PaymentHistoryAPI</b><br>Test class: com.arcapi.Common.PaymentHistoryAPITest<br>Parameters: STG, ProjectIDTransitBelow, 2</td>
<td></td>
<td>2</td>
<td>com.arcapi.Common.PaymentHistoryAPITest@d83da2e</td></tr>
<tr>
<td title='com.arcapi.Common.PaymentOrderGetAPITest.PaymentOrderGetAPI()'><b>PaymentOrderGetAPI</b><br>Test class: com.arcapi.Common.PaymentOrderGetAPITest<br>Parameters: STG, ProjectIDTransitBelow, 2</td>
<td></td>
<td>3</td>
<td>com.arcapi.Common.PaymentOrderGetAPITest@3bd40a57</td></tr>
<tr>
<td title='com.arcapi.Common.PaymentOrderSubmitPOSTAPITest.PaymentOrderSubmitPOSTAPI()'><b>PaymentOrderSubmitPOSTAPI</b><br>Test class: com.arcapi.Common.PaymentOrderSubmitPOSTAPITest<br>Parameters: STG, ProjectIDTransitBelow, 2, CreditCardPayment</td>
<td></td>
<td>77</td>
<td>com.arcapi.Common.PaymentOrderSubmitPOSTAPITest@19d37183</td></tr>
<tr>
<td title='com.arcapi.Common.PaymentReceiptAPITest.PaymentReceiptAPI()'><b>PaymentReceiptAPI</b><br>Test class: com.arcapi.Common.PaymentReceiptAPITest<br>Parameters: STG, ProjectIDTransitBelow, 2</td>
<td></td>
<td>9</td>
<td>com.arcapi.Common.PaymentReceiptAPITest@fdefd3f</td></tr>
<tr>
<td title='com.arcapi.Common.PerformanceComparablesGetAPITest.PerformanceComparablesGetAPI()'><b>PerformanceComparablesGetAPI</b><br>Test class: com.arcapi.Common.PerformanceComparablesGetAPITest</td>
<td></td>
<td>1</td>
<td>com.arcapi.Common.PerformanceComparablesGetAPITest@124c278f</td></tr>
<tr>
<td title='com.arcapi.Common.RatingSystemListAPITest.RatingSystemListAPI()'><b>RatingSystemListAPI</b><br>Test class: com.arcapi.Common.RatingSystemListAPITest</td>
<td></td>
<td>1</td>
<td>com.arcapi.Common.RatingSystemListAPITest@2f177a4b</td></tr>
<tr>
<td title='com.arcapi.Common.RecomputePerformanceScoreGetTest.RecomputePerformanceScoreGet()'><b>RecomputePerformanceScoreGet</b><br>Test class: com.arcapi.Common.RecomputePerformanceScoreGetTest<br>Parameters: STG, ProjectIDTransitBelow, 2</td>
<td></td>
<td>6</td>
<td>com.arcapi.Common.RecomputePerformanceScoreGetTest@43ee72e6</td></tr>
<tr>
<td title='com.arcapi.Common.RegistrationPaymentPricingGetAPITest.RegistrationPaymentPricingGetAPI()'><b>RegistrationPaymentPricingGetAPI</b><br>Test class: com.arcapi.Common.RegistrationPaymentPricingGetAPITest<br>Parameters: STG, ProjectIDTransitBelow, 2</td>
<td></td>
<td>3</td>
<td>com.arcapi.Common.RegistrationPaymentPricingGetAPITest@71c8becc</td></tr>
<tr>
<td title='com.arcapi.Common.ReviewCertificationPricingAPITest.ReviewCertificationPricingAPI()'><b>ReviewCertificationPricingAPI</b><br>Test class: com.arcapi.Common.ReviewCertificationPricingAPITest<br>Parameters: STG, ProjectIDTransitBelow, 2, precertification review</td>
<td></td>
<td>9</td>
<td>com.arcapi.Common.ReviewCertificationPricingAPITest@23529fee</td></tr>
<tr>
<td title='com.arcapi.Transittestcases.RidershipDataGetAPITest.RidershipDataGetAPI()'><b>RidershipDataGetAPI</b><br>Test class: com.arcapi.Transittestcases.RidershipDataGetAPITest<br>Parameters: STG, ProjectIDTransitBelow, 2</td>
<td></td>
<td>1</td>
<td>com.arcapi.Transittestcases.RidershipDataGetAPITest@7b227d8d</td></tr>
<tr>
<td title='com.arcapi.Common.S3DocumentListAPITest.S3DocumentListAPI()'><b>S3DocumentListAPI</b><br>Test class: com.arcapi.Common.S3DocumentListAPITest<br>Parameters: STG, ProjectIDTransitBelow, 2</td>
<td></td>
<td>2</td>
<td>com.arcapi.Common.S3DocumentListAPITest@2133814f</td></tr>
<tr>
<td title='com.arcapi.Common.S3DocumentRemoveAPITest.S3DocumentRemoveAPI()'><b>S3DocumentRemoveAPI</b><br>Test class: com.arcapi.Common.S3DocumentRemoveAPITest<br>Parameters: STG, ProjectIDTransitBelow, 2</td>
<td></td>
<td>1</td>
<td>com.arcapi.Common.S3DocumentRemoveAPITest@4c15e7fd</td></tr>
<tr>
<td title='com.arcapi.Common.S3DocumentUploadPOSTAPITest.S3DocumentUploadPOSTAPI()'><b>S3DocumentUploadPOSTAPI</b><br>Test class: com.arcapi.Common.S3DocumentUploadPOSTAPITest<br>Parameters: STG, ProjectIDTransitBelow, 2</td>
<td></td>
<td>19</td>
<td>com.arcapi.Common.S3DocumentUploadPOSTAPITest@70be0a2b</td></tr>
<tr>
<td title='com.arcapi.Common.ScoreWeightsAPITest.ScoreWeightsAPI()'><b>ScoreWeightsAPI</b><br>Test class: com.arcapi.Common.ScoreWeightsAPITest<br>Parameters: STG, ProjectIDTransitBelow, 2</td>
<td></td>
<td>2</td>
<td>com.arcapi.Common.ScoreWeightsAPITest@15b204a1</td></tr>
<tr>
<td title='com.arcapi.Common.SignAgreementRegistrationAPITest.SignAgreementRegistrationAPI()'><b>SignAgreementRegistrationAPI</b><br>Test class: com.arcapi.Common.SignAgreementRegistrationAPITest<br>Parameters: STG, ProjectIDTransitBelow, 2</td>
<td></td>
<td>9</td>
<td>com.arcapi.Common.SignAgreementRegistrationAPITest@5e4c8041</td></tr>
<tr>
<td title='com.arcapi.Common.SubmitReviewGetAPITest.SubmitReviewGetAPI()'><b>SubmitReviewGetAPI</b><br>Test class: com.arcapi.Common.SubmitReviewGetAPITest<br>Parameters: STG, ProjectIDTransitBelow, 2</td>
<td></td>
<td>2</td>
<td>com.arcapi.Common.SubmitReviewGetAPITest@2805c96b</td></tr>
<tr>
<td title='com.arcapi.Common.TemperatureDataGetTest.TemperatureDataGet()'><b>TemperatureDataGet</b><br>Test class: com.arcapi.Common.TemperatureDataGetTest<br>Parameters: STG, ProjectIDTransitBelow, 2</td>
<td></td>
<td>1</td>
<td>com.arcapi.Common.TemperatureDataGetTest@79efed2d</td></tr>
<tr>
<td title='com.arcapi.Common.ThirdPartyListAppsAPITest.ThirdPartyListAppsAPI()'><b>ThirdPartyListAppsAPI</b><br>Test class: com.arcapi.Common.ThirdPartyListAppsAPITest</td>
<td></td>
<td>1</td>
<td>com.arcapi.Common.ThirdPartyListAppsAPITest@77167fb7</td></tr>
<tr>
<td title='com.arcapi.Transittestcases.TransitSurveyAPITest.TransitSurveyAPI()'><b>TransitSurveyAPI</b><br>Test class: com.arcapi.Transittestcases.TransitSurveyAPITest<br>Parameters: STG, ProjectIDTransitBelow, 2</td>
<td></td>
<td>2</td>
<td>com.arcapi.Transittestcases.TransitSurveyAPITest@38c5cc4c</td></tr>
<tr>
<td title='com.arcapi.Transittestcases.TransitSurveyCreatePOSTAPITest.TransitSurveyCreatePOSTAPI()'><b>TransitSurveyCreatePOSTAPI</b><br>Test class: com.arcapi.Transittestcases.TransitSurveyCreatePOSTAPITest<br>Parameters: STG, ProjectIDTransitBelow, 2</td>
<td></td>
<td>2</td>
<td>com.arcapi.Transittestcases.TransitSurveyCreatePOSTAPITest@223f3642</td></tr>
<tr>
<td title='com.arcapi.Common.TransitSurveyExportAPITest.TransitSurveyExportAPI()'><b>TransitSurveyExportAPI</b><br>Test class: com.arcapi.Common.TransitSurveyExportAPITest<br>Parameters: STG, ProjectIDTransitBelow, 2</td>
<td></td>
<td>1</td>
<td>com.arcapi.Common.TransitSurveyExportAPITest@ec756bd</td></tr>
<tr>
<td title='com.arcapi.Transittestcases.TransitSurveySummarizeSurveyAPITest.TransitSurveySummarizeSurveyAPI()'><b>TransitSurveySummarizeSurveyAPI</b><br>Test class: com.arcapi.Transittestcases.TransitSurveySummarizeSurveyAPITest<br>Parameters: STG, ProjectIDTransitBelow, 2</td>
<td></td>
<td>1</td>
<td>com.arcapi.Transittestcases.TransitSurveySummarizeSurveyAPITest@37918c79</td></tr>
<tr>
<td title='com.arcapi.Common.UserAccessLevelSAPGetTest.UserAccessLevelSAPGet()'><b>UserAccessLevelSAPGet</b><br>Test class: com.arcapi.Common.UserAccessLevelSAPGetTest</td>
<td></td>
<td>2</td>
<td>com.arcapi.Common.UserAccessLevelSAPGetTest@60611244</td></tr>
<tr>
<td title='com.arcapi.Common.UserDetailAPITest.UserDetailAPI()'><b>UserDetailAPI</b><br>Test class: com.arcapi.Common.UserDetailAPITest<br>Parameters: STG, 2</td>
<td></td>
<td>4</td>
<td>com.arcapi.Common.UserDetailAPITest@45dd4eda</td></tr>
<tr>
<td title='com.arcapi.Buildingtestcases.VOCGetTest.VOCGet()'><b>VOCGet</b><br>Test class: com.arcapi.Buildingtestcases.VOCGetTest<br>Parameters: STG, ProjectIDTransitBelow, 2</td>
<td></td>
<td>1</td>
<td>com.arcapi.Buildingtestcases.VOCGetTest@14d3bc22</td></tr>
<tr>
<td title='com.arcapi.Common.VerifyAgreementDeleteAPITest.VerifyAgreementDeleteAPI()'><b>VerifyAgreementDeleteAPI</b><br>Test class: com.arcapi.Common.VerifyAgreementDeleteAPITest<br>Parameters: STG, ProjectIDTransitBelow, 2</td>
<td></td>
<td>1</td>
<td>com.arcapi.Common.VerifyAgreementDeleteAPITest@527e5409</td></tr>
<tr>
<td title='com.arcapi.Common.VerifyAgreementPresentAPITest.VerifyAgreementPresentAPI()'><b>VerifyAgreementPresentAPI</b><br>Test class: com.arcapi.Common.VerifyAgreementPresentAPITest<br>Parameters: STG, ProjectIDTransitBelow, 2</td>
<td></td>
<td>3</td>
<td>com.arcapi.Common.VerifyAgreementPresentAPITest@7fc229ab</td></tr>
<tr>
<td title='com.arcapi.Transittestcases.VerifyAssetDetailAPITest.VerifyAssetDetailAPI()'><b>VerifyAssetDetailAPI</b><br>Test class: com.arcapi.Transittestcases.VerifyAssetDetailAPITest<br>Parameters: STG, ProjectIDTransitBelow, 2</td>
<td></td>
<td>2</td>
<td>com.arcapi.Transittestcases.VerifyAssetDetailAPITest@1460a8c0</td></tr>
<tr>
<td title='com.arcapi.Buildingtestcases.VerifyExcelTemplateConsumptionAPITest.VerifyExcelTemplateConsumptionAPI()'><b>VerifyExcelTemplateConsumptionAPI</b><br>Test class: com.arcapi.Buildingtestcases.VerifyExcelTemplateConsumptionAPITest<br>Parameters: STG, ProjectIDTransitBelow, 2</td>
<td></td>
<td>12</td>
<td>com.arcapi.Buildingtestcases.VerifyExcelTemplateConsumptionAPITest@45018215</td></tr>
<tr>
<td title='com.arcapi.Common.VerifyProjectRegisteredAssetListTest.VerifyProjectRegisteredAssetList()'><b>VerifyProjectRegisteredAssetList</b><br>Test class: com.arcapi.Common.VerifyProjectRegisteredAssetListTest<br>Parameters: STG, ProjectIDTransitBelow, 2</td>
<td></td>
<td>2</td>
<td>com.arcapi.Common.VerifyProjectRegisteredAssetListTest@4f638935</td></tr>
<tr>
<td title='com.arcapi.Buildingtestcases.VerifyWasteDataExcelAPITest.VerifyWasteDataExcelAPI()'><b>VerifyWasteDataExcelAPI</b><br>Test class: com.arcapi.Buildingtestcases.VerifyWasteDataExcelAPITest<br>Parameters: STG, ProjectIDTransitBelow, 2</td>
<td></td>
<td>3</td>
<td>com.arcapi.Buildingtestcases.VerifyWasteDataExcelAPITest@65d6b83b</td></tr>
<tr>
<td title='com.arcapi.Buildingtestcases.WasteCreatePOSTAPITest.WasteCreatePOSTAPI()'><b>WasteCreatePOSTAPI</b><br>Test class: com.arcapi.Buildingtestcases.WasteCreatePOSTAPITest<br>Parameters: STG, ProjectIDTransitBelow, 2</td>
<td></td>
<td>1</td>
<td>com.arcapi.Buildingtestcases.WasteCreatePOSTAPITest@27c86f2d</td></tr>
<tr>
<td title='com.arcapi.Buildingtestcases.WasteDetailAPITest.WasteDetailAPI()'><b>WasteDetailAPI</b><br>Test class: com.arcapi.Buildingtestcases.WasteDetailAPITest<br>Parameters: STG, ProjectIDTransitBelow, 2</td>
<td></td>
<td>2</td>
<td>com.arcapi.Buildingtestcases.WasteDetailAPITest@402e37bc</td></tr>
<tr>
<td title='com.arcapi.Buildingtestcases.WasteDetailDeleteAPITest.WasteDetailDeleteAPI()'><b>WasteDetailDeleteAPI</b><br>Test class: com.arcapi.Buildingtestcases.WasteDetailDeleteAPITest<br>Parameters: STG, ProjectIDTransitBelow, 2</td>
<td></td>
<td>2</td>
<td>com.arcapi.Buildingtestcases.WasteDetailDeleteAPITest@1df82230</td></tr>
<tr>
<td title='com.arcapi.Buildingtestcases.WasteDivertedBulkDataPostTest.WasteDivertedBulkDataPost()'><b>WasteDivertedBulkDataPost</b><br>Test class: com.arcapi.Buildingtestcases.WasteDivertedBulkDataPostTest<br>Parameters: STG, ProjectIDTransitBelow, 2</td>
<td></td>
<td>1</td>
<td>com.arcapi.Buildingtestcases.WasteDivertedBulkDataPostTest@6b4a4e18</td></tr>
<tr>
<td title='com.arcapi.Buildingtestcases.WasteGeneratedBulkDataPostTest.WasteGeneratedBulkDataPost()'><b>WasteGeneratedBulkDataPost</b><br>Test class: com.arcapi.Buildingtestcases.WasteGeneratedBulkDataPostTest<br>Parameters: STG, ProjectIDTransitBelow, 2</td>
<td></td>
<td>2</td>
<td>com.arcapi.Buildingtestcases.WasteGeneratedBulkDataPostTest@78b729e6</td></tr>
<tr>
<td title='com.arcapi.Buildingtestcases.WasteGetAPITest.WasteGetAPI()'><b>WasteGetAPI</b><br>Test class: com.arcapi.Buildingtestcases.WasteGetAPITest<br>Parameters: STG, ProjectIDTransitBelow, 2</td>
<td></td>
<td>1</td>
<td>com.arcapi.Buildingtestcases.WasteGetAPITest@197d671</td></tr>
<tr>
<td title='com.arcapi.Buildingtestcases.WasteUpdatePUTAPITest.WasteUpdatePUTAPI()'><b>WasteUpdatePUTAPI</b><br>Test class: com.arcapi.Buildingtestcases.WasteUpdatePUTAPITest<br>Parameters: STG, ProjectIDTransitBelow, 2</td>
<td></td>
<td>2</td>
<td>com.arcapi.Buildingtestcases.WasteUpdatePUTAPITest@79ad8b2f</td></tr>
<tr>
<td title='com.arcapi.Buildingtestcases.WaterGetTest.WaterGet()'><b>WaterGet</b><br>Test class: com.arcapi.Buildingtestcases.WaterGetTest<br>Parameters: STG, ProjectIDTransitBelow, 2</td>
<td></td>
<td>2</td>
<td>com.arcapi.Buildingtestcases.WaterGetTest@12d4bf7e</td></tr>
</table><p>
</body>
</html>