<?xml version="1.0" encoding="UTF-8"?>
<!-- Generated by org.testng.reporters.JUnitXMLReporter -->
<testsuite hostname="G10GGNLT052" name="CompleteFlowTest-Transit-Below" tests="111" failures="5" timestamp="20 Sep 2019 11:09:06 GMT" time="905.487" errors="0">
  <testcase name="LoginAPI" time="6.475" classname="com.arcapi.Common.LoginAPITest"/>
  <testcase name="UserDetailAPI" time="4.682" classname="com.arcapi.Common.UserDetailAPITest"/>
  <testcase name="UserAccessLevelSAPGet" time="2.516" classname="com.arcapi.Common.UserAccessLevelSAPGetTest"/>
  <testcase name="CreateAssetTransitAPI" time="26.58" classname="com.arcapi.Transittestcases.CreateAssetTransitAPITest"/>
  <testcase name="SignAgreementRegistrationAPI" time="9.253" classname="com.arcapi.Common.SignAgreementRegistrationAPITest"/>
  <testcase name="RegistrationPaymentPricingGetAPI" time="3.96" classname="com.arcapi.Common.RegistrationPaymentPricingGetAPITest"/>
  <testcase name="PaymentOrderSubmitPOSTAPI" time="77.874" classname="com.arcapi.Common.PaymentOrderSubmitPOSTAPITest"/>
  <testcase name="AddAssestTimeline" time="83.356" classname="com.arcapi.Common.AddAssestTimelinePOSTAPITest"/>
  <testcase name="PaymentOrderGetAPI" time="3.049" classname="com.arcapi.Common.PaymentOrderGetAPITest"/>
  <testcase name="PaymentReceiptAPI" time="9.947" classname="com.arcapi.Common.PaymentReceiptAPITest"/>
  <testcase name="PaymentHistoryAPI" time="2.064" classname="com.arcapi.Common.PaymentHistoryAPITest"/>
  <testcase name="AssetSearchAPI" time="2.17" classname="com.arcapi.Common.AssetSearchAPITest"/>
  <testcase name="AssetDetailAPI" time="2.957" classname="com.arcapi.Common.AssetDetailAPITest"/>
  <testcase name="AssetValidationInfoPOSTAPI" time="2.785" classname="com.arcapi.Common.AssetValidationInfoPOSTAPITest"/>
  <testcase name="AssetSearchOwnerAPI" time="1.784" classname="com.arcapi.Common.AssetSearchOwnerAPITest"/>
  <testcase name="AssetOwnerOrgPOSTAPI" time="2.961" classname="com.arcapi.Common.AssetOwnerOrgPOSTAPITest">
    <failure type="java.lang.AssertionError" message="expected [201] but found [200]">
      <![CDATA[java.lang.AssertionError: expected [201] but found [200]
	at com.Utill.Controller.Assertion.verifyStatusCode(Assertion.java:20)
	at com.arcapi.Common.AssetOwnerOrgPOSTAPITest.AssetOwnerOrgPOSTAPI(AssetOwnerOrgPOSTAPITest.java:22)
... Removed 31 stack frames]]>
    </failure>
  </testcase> <!-- AssetOwnerOrgPOSTAPI -->
  <testcase name="AssetListAPI" time="2.727" classname="com.arcapi.Common.AssetListAPITest"/>
  <testcase name="AssetUpdateforNewAssetPUTAPI" time="9.722" classname="com.arcapi.Buildingtestcases.AssetUpdateBuildingAPITest"/>
  <testcase name="VerifyAssetDetailAPI" time="2.317" classname="com.arcapi.Transittestcases.VerifyAssetDetailAPITest"/>
  <testcase name="VerifyProjectRegisteredAssetList" time="2.042" classname="com.arcapi.Common.VerifyProjectRegisteredAssetListTest"/>
  <testcase name="AssetDocumentAPI" time="5.241" classname="com.arcapi.Common.AssetDocumentAPITest"/>
  <testcase name="DownloadDocumentsAPI" time="4.936" classname="com.arcapi.Common.DownloadDocumentsAPITest"/>
  <testcase name="VerifyAgreementPresentAPI" time="3.713" classname="com.arcapi.Common.VerifyAgreementPresentAPITest"/>
  <testcase name="FetchingAgreementDetailsAPI" time="5.023" classname="com.arcapi.Common.FetchingAgreementDetailsAPITest"/>
  <testcase name="VerifyAgreementDeleteAPI" time="1.717" classname="com.arcapi.Common.VerifyAgreementDeleteAPITest"/>
  <testcase name="MetersAPI" time="2.073" classname="com.arcapi.Buildingtestcases.MetersAPITest"/>
  <testcase name="MeterCreatePOSTAPI" time="2.235" classname="com.arcapi.Buildingtestcases.MeterCreatePOSTAPITest"/>
  <testcase name="AssetMeterDetailAPI" time="1.849" classname="com.arcapi.Buildingtestcases.AssetMeterDetailAPITest"/>
  <testcase name="MeterUpdatePUTAPI" time="2.379" classname="com.arcapi.Buildingtestcases.MeterUpdatePUTAPITest"/>
  <testcase name="MeterBulkConsumptionPOSTAPI" time="2.282" classname="com.arcapi.Buildingtestcases.MeterBulkConsumptionPOSTAPITest"/>
  <testcase name="ConsumptionListAPI" time="2.186" classname="com.arcapi.Buildingtestcases.ConsumptionListAPITest"/>
  <testcase name="ConsumptionCreatePOSTAPI" time="2.403" classname="com.arcapi.Buildingtestcases.ConsumptionCreatePOSTAPITest"/>
  <testcase name="ConsumptionDetailAPI" time="1.495" classname="com.arcapi.Buildingtestcases.ConsumptionDetailAPITest"/>
  <testcase name="ConsumptionUpdatePUTAPI" time="1.891" classname="com.arcapi.Buildingtestcases.ConsumptionUpdatePUTAPITest"/>
  <testcase name="ConsumptionDeleteAPI" time="1.971" classname="com.arcapi.Buildingtestcases.ConsumptionDeleteAPITest"/>
  <testcase name="MeterDeleteAPI" time="2.277" classname="com.arcapi.Buildingtestcases.MeterDeleteAPITest"/>
  <testcase name="WasteGeneratedBulkDataPost" time="2.276" classname="com.arcapi.Buildingtestcases.WasteGeneratedBulkDataPostTest"/>
  <testcase name="WasteDivertedBulkDataPost" time="1.984" classname="com.arcapi.Buildingtestcases.WasteDivertedBulkDataPostTest"/>
  <testcase name="WasteCreatePOSTAPI" time="1.98" classname="com.arcapi.Buildingtestcases.WasteCreatePOSTAPITest"/>
  <testcase name="WasteGetAPI" time="1.782" classname="com.arcapi.Buildingtestcases.WasteGetAPITest"/>
  <testcase name="WasteDetailAPI" time="2.124" classname="com.arcapi.Buildingtestcases.WasteDetailAPITest"/>
  <testcase name="WasteUpdatePUTAPI" time="2.177" classname="com.arcapi.Buildingtestcases.WasteUpdatePUTAPITest"/>
  <testcase name="WasteDetailDeleteAPI" time="2.615" classname="com.arcapi.Buildingtestcases.WasteDetailDeleteAPITest"/>
  <testcase name="ExcelUploadTemplatePOSTAPI" time="3.763" classname="com.arcapi.Buildingtestcases.ExcelUploadTemplatePOSTAPITest"/>
  <testcase name="AssetTeamMemberRoleAPI" time="3.751" classname="com.arcapi.Common.AssetTeamMemberRoleAPITest"/>
  <testcase name="AssetTeamMemberListAPI" time="5.059" classname="com.arcapi.Common.AssetTeamMemberListAPITest"/>
  <testcase name="AssetTeamMemberAddPOSTAPI" time="7.201" classname="com.arcapi.Common.AssetTeamMemberAddPOSTAPITest"/>
  <testcase name="AssetTeamMemberUpdateAPI" time="7.594" classname="com.arcapi.Common.AssetTeamMemberUpdateAPITest"/>
  <testcase name="AssetTeamMemberRemoveAPI" time="7.351" classname="com.arcapi.Common.AssetTeamMemberRemoveAPITest"/>
  <testcase name="DeleteAllAppsAPI" time="5.77" classname="com.arcapi.Common.DeleteAllAppsAPITest"/>
  <testcase name="InstallAllAppsAfterDeleteAPI" time="5.035" classname="com.arcapi.Common.InstallAllAppsAfterDeleteAPITest"/>
  <testcase name="S3DocumentUploadPOSTAPI" time="19.173" classname="com.arcapi.Common.S3DocumentUploadPOSTAPITest"/>
  <testcase name="S3DocumentListAPI" time="2.074" classname="com.arcapi.Common.S3DocumentListAPITest"/>
  <testcase name="S3DocumentRemoveAPI" time="1.786" classname="com.arcapi.Common.S3DocumentRemoveAPITest"/>
  <testcase name="AssetTeamPermissionListAPI" time="5.211" classname="com.arcapi.Common.AssetTeamPermissionListAPITest"/>
  <testcase name="AssetTeamPermissionPostAPI" time="4.702" classname="com.arcapi.Common.AssetTeamPermissionPostAPITest"/>
  <testcase name="AssetTeamPermissionPutAPI" time="2.6" classname="com.arcapi.Common.AssetTeamPermissionPutAPITest">
    <failure type="java.lang.AssertionError" message="expected [200] but found [400]">
      <![CDATA[java.lang.AssertionError: expected [200] but found [400]
	at com.Utill.Controller.Assertion.verifyStatusCode(Assertion.java:20)
	at com.arcapi.Common.AssetTeamPermissionPutAPITest.AssetTeamPermissionPutAPI(AssetTeamPermissionPutAPITest.java:22)
... Removed 31 stack frames]]>
    </failure>
  </testcase> <!-- AssetTeamPermissionPutAPI -->
  <testcase name="VerifyAdminRemoveAPI" time="6.855" classname="com.arcapi.Common.VerifyAdminRemoveAPITest">
    <failure type="java.lang.AssertionError" message="expected [403] but found [200]">
      <![CDATA[java.lang.AssertionError: expected [403] but found [200]
	at com.Utill.Controller.Assertion.verifyStatusCode(Assertion.java:20)
	at com.arcapi.Common.VerifyAdminRemoveAPITest.VerifyAdminRemoveAPI(VerifyAdminRemoveAPITest.java:21)
... Removed 31 stack frames]]>
    </failure>
  </testcase> <!-- VerifyAdminRemoveAPI -->
  <testcase name="AssetTeamMemberAddPOSTAPI" time="8.334" classname="com.arcapi.Common.AssetArcProjectAdminAddPOSTAPITest"/>
  <testcase name="AssetNotificationSubscriptionList" time="2.331" classname="com.arcapi.Common.AssetNotificationSubscriptionListTest"/>
  <testcase name="AssetNotificationSubscriptionPost" time="2.102" classname="com.arcapi.Common.AssetNotificationSubscriptionPostTest"/>
  <testcase name="NotificationSubscriptionDetail" time="1.861" classname="com.arcapi.Common.NotificationSubscriptionDetailGetTest"/>
  <testcase name="NotificationSubscriptionDetail" time="1.843" classname="com.arcapi.Common.NotificationSubscriptionDetailPutTest"/>
  <testcase name="NotificationSubscriptionDetailDelete" time="2.056" classname="com.arcapi.Common.NotificationSubscriptionDetailDeleteTest"/>
  <testcase name="AssetDataSnapshotAPI" time="12.068" classname="com.arcapi.Common.AssetDataSnapshotAPITest"/>
  <testcase name="RecomputePerformanceScoreGet" time="6.081" classname="com.arcapi.Common.RecomputePerformanceScoreGetTest"/>
  <testcase name="ReviewCertificationPricingAPI" time="9.156" classname="com.arcapi.Common.ReviewCertificationPricingAPITest"/>
  <testcase name="SubmitReviewPOSTAPI" time="4.64" classname="com.arcapi.Common.SubmitReviewPOSTAPITest">
    <failure type="java.lang.AssertionError" message="expected [200] but found [400]">
      <![CDATA[java.lang.AssertionError: expected [200] but found [400]
	at com.Utill.Controller.Assertion.verifyStatusCode(Assertion.java:20)
	at com.arcapi.Common.SubmitReviewPOSTAPITest.SubmitReviewPOSTAPI(SubmitReviewPOSTAPITest.java:24)
... Removed 31 stack frames]]>
    </failure>
  </testcase> <!-- SubmitReviewPOSTAPI -->
  <testcase name="SubmitReviewGetAPI" time="2.058" classname="com.arcapi.Common.SubmitReviewGetAPITest"/>
  <testcase name="NotificationCreatePOSTAPI" time="2.048" classname="com.arcapi.Common.NotificationCreatePOSTAPITest"/>
  <testcase name="NotificationGetAPI" time="2.18" classname="com.arcapi.Common.NotificationGetAPITest"/>
  <testcase name="NotificationDeleteAPI" time="2.431" classname="com.arcapi.Common.NotificationDeleteAPITest"/>
  <testcase name="FeedbackSubmitPostAPI" time="1.923" classname="com.arcapi.Common.FeedbackSubmitPostAPITest"/>
  <testcase name="TransitSurveyCreatePOSTAPI" time="2.139" classname="com.arcapi.Transittestcases.TransitSurveyCreatePOSTAPITest"/>
  <testcase name="TransitSurveyAPI" time="2.012" classname="com.arcapi.Transittestcases.TransitSurveyAPITest"/>
  <testcase name="TransitSurveySummarizeSurveyAPI" time="1.648" classname="com.arcapi.Transittestcases.TransitSurveySummarizeSurveyAPITest"/>
  <testcase name="EnvironmentSurveyCreatePOSTAPI" time="2.057" classname="com.arcapi.Transittestcases.EnvironmentSurveyCreatePOSTAPITest"/>
  <testcase name="EnvironmentSurveyGetAPI" time="2.143" classname="com.arcapi.Transittestcases.EnvironmentSurveyGetAPITest"/>
  <testcase name="EnvironmentSurveySummarizeAPI" time="1.783" classname="com.arcapi.Transittestcases.EnvironmentSurveySummarizeAPITest"/>
  <testcase name="TransitSurveyExportAPI" time="1.647" classname="com.arcapi.Common.TransitSurveyExportAPITest"/>
  <testcase name="EnvironmentSurveyExportAPI" time="1.72" classname="com.arcapi.Common.EnvironmentSurveyExportAPITest"/>
  <testcase name="AssetDataExportAPI" time="2.546" classname="com.arcapi.Common.AssetDataExportAPITest"/>
  <testcase name="AssetPerformanceScoreListAPI" time="2.196" classname="com.arcapi.Common.AssetPerformanceScoreListAPITest"/>
  <testcase name="AnalysisDataSubmitPOSTAPI" time="0.002" classname="com.arcapi.Common.AnalysisDataSubmitPOSTAPITest"/>
  <testcase name="AnalysisDataGetAPI" time="2.183" classname="com.arcapi.Common.AnalysisDataGetAPITest"/>
  <testcase name="CO2GetTestAPI" time="1.977" classname="com.arcapi.Buildingtestcases.CO2GetTest"/>
  <testcase name="GhgGetTestAPI" time="1.983" classname="com.arcapi.Buildingtestcases.GhgGetTest"/>
  <testcase name="GhgCalcGet" time="2.036" classname="com.arcapi.Buildingtestcases.GhgCalcGetTest"/>
  <testcase name="VOCGet" time="1.667" classname="com.arcapi.Buildingtestcases.VOCGetTest"/>
  <testcase name="WaterGet" time="2.081" classname="com.arcapi.Buildingtestcases.WaterGetTest"/>
  <testcase name="AQIDataGetAPI" time="2.196" classname="com.arcapi.Transittestcases.AQIDataGetAPITest"/>
  <testcase name="RidershipDataGetAPI" time="1.726" classname="com.arcapi.Transittestcases.RidershipDataGetAPITest"/>
  <testcase name="ExcelTemplateMetersAPI" time="4.527" classname="com.arcapi.Buildingtestcases.ExcelTemplateMetersAPITest"/>
  <testcase name="VerifyExcelTemplateConsumptionAPI" time="12.071" classname="com.arcapi.Buildingtestcases.VerifyExcelTemplateConsumptionAPITest"/>
  <testcase name="VerifyWasteDataExcelAPI" time="3.321" classname="com.arcapi.Buildingtestcases.VerifyWasteDataExcelAPITest"/>
  <testcase name="AssetCertificationListAPI" time="2.063" classname="com.arcapi.Common.AssetCertificationListAPITest"/>
  <testcase name="AssetCertificationPOSTAPI" time="1.938" classname="com.arcapi.Common.AssetCertificationPOSTAPITest"/>
  <testcase name="TemperatureDataGet" time="1.839" classname="com.arcapi.Common.TemperatureDataGetTest"/>
  <testcase name="AssetRequiredFieldsAPI" time="2.098" classname="com.arcapi.Common.AssetRequiredFieldsAPITest"/>
  <testcase name="CountryStatesJSONAPI" time="2.265" classname="com.arcapi.Common.CountryStatesJSONAPITest"/>
  <testcase name="AssociatedCategoriesAPI" time="2.18" classname="com.arcapi.Common.AssociatedCategoriesAPITest"/>
  <testcase name="RatingSystemListAPI" time="1.672" classname="com.arcapi.Common.RatingSystemListAPITest"/>
  <testcase name="AppVersionDetailAPI" time="1.862" classname="com.arcapi.Common.AppVersionDetailAPITest"/>
  <testcase name="FuelCategoryAPI" time="1.957" classname="com.arcapi.Common.FuelCategoryAPITest"/>
  <testcase name="GetAllDocumentListAPI" time="3.343" classname="com.arcapi.Common.GetAllDocumentListAPITest"/>
  <testcase name="PerformanceComparablesGetAPI" time="1.698" classname="com.arcapi.Common.PerformanceComparablesGetAPITest"/>
  <testcase name="ScoreWeightsAPI" time="2.072" classname="com.arcapi.Common.ScoreWeightsAPITest"/>
  <testcase name="ThirdPartyListAppsAPI" time="1.851" classname="com.arcapi.Common.ThirdPartyListAppsAPITest"/>
  <testcase name="AvgPerformaceList" time="2.182" classname="com.arcapi.Common.AvgPerformaceListGetTest"/>
  <testcase name="AssetSnapshotKeysAPI" time="1.573" classname="com.arcapi.Common.AssetSnapshotKeysAPITest"/>
  <testcase name="AssetSnapshotDownloadAPI" time="2.071" classname="com.arcapi.Common.AssetSnapshotDownloadAPITest">
    <failure type="java.lang.AssertionError" message="expected [200] but found [404]">
      <![CDATA[java.lang.AssertionError: expected [200] but found [404]
	at com.Utill.Controller.Assertion.verifyStatusCode(Assertion.java:20)
	at com.arcapi.Common.AssetSnapshotDownloadAPITest.AssetSnapshotDownloadAPI(AssetSnapshotDownloadAPITest.java:23)
... Removed 31 stack frames]]>
    </failure>
  </testcase> <!-- AssetSnapshotDownloadAPI -->
</testsuite> <!-- CompleteFlowTest-Transit-Below -->
