<html>
<head>
<title>TestNG:  CompleteFlowTest-Transit-Below</title>
<link href="../testng.css" rel="stylesheet" type="text/css" />
<link href="../my-testng.css" rel="stylesheet" type="text/css" />

<style type="text/css">
.log { display: none;} 
.stack-trace { display: none;} 
</style>
<script type="text/javascript">
<!--
function flip(e) {
  current = e.style.display;
  if (current == 'block') {
    e.style.display = 'none';
    return 0;
  }
  else {
    e.style.display = 'block';
    return 1;
  }
}

function toggleBox(szDivId, elem, msg1, msg2)
{
  var res = -1;  if (document.getElementById) {
    res = flip(document.getElementById(szDivId));
  }
  else if (document.all) {
    // this is the way old msie versions work
    res = flip(document.all[szDivId]);
  }
  if(elem) {
    if(res == 0) elem.innerHTML = msg1; else elem.innerHTML = msg2;
  }

}

function toggleAllBoxes() {
  if (document.getElementsByTagName) {
    d = document.getElementsByTagName('div');
    for (i = 0; i < d.length; i++) {
      if (d[i].className == 'log') {
        flip(d[i]);
      }
    }
  }
}

// -->
</script>

</head>
<body>
<h2 align='center'>CompleteFlowTest-Transit-Below</h2><table border='1' align="center">
<tr>
<td>Tests passed/Failed/Skipped:</td><td>79/5/0</td>
</tr><tr>
<td>Started on:</td><td>Thu May 02 11:59:21 IST 2019</td>
</tr>
<tr><td>Total time:</td><td>804 seconds (804601 ms)</td>
</tr><tr>
<td>Included groups:</td><td></td>
</tr><tr>
<td>Excluded groups:</td><td></td>
</tr>
</table><p/>
<small><i>(Hover the method name to see the test class name)</i></small><p/>
<table width='100%' border='1' class='invocation-failed'>
<tr><td colspan='4' align='center'><b>FAILED TESTS</b></td></tr>
<tr><td><b>Test method</b></td>
<td width="30%"><b>Exception</b></td>
<td width="10%"><b>Time (seconds)</b></td>
<td><b>Instance</b></td>
</tr>
<tr>
<td title='com.arcapi.Transittestcases.AssetSnapshotDownloadAPITest.AssetSnapshotDownloadAPI()'><b>AssetSnapshotDownloadAPI</b><br>Test class: com.arcapi.Transittestcases.AssetSnapshotDownloadAPITest<br>Parameters: DEV, ProjectIDTransitBelow, 2</td>
<td><div><pre>java.lang.AssertionError: 1 expectation failed.
Expected status code &lt;200&gt; doesn&apos;t match actual status code &lt;404&gt;.

	at org.codehaus.groovy.runtime.callsite.ConstructorSite$ConstructorSiteNoUnwrap.callConstructor(ConstructorSite.java:84)
	at org.codehaus.groovy.runtime.callsite.AbstractCallSite.callConstructor(AbstractCallSite.java:247)
	at com.jayway.restassured.internal.ResponseSpecificationImpl$HamcrestAssertionClosure.validate(ResponseSpecificationImpl.groovy:598)
	at com.jayway.restassured.internal.ResponseSpecificationImpl$HamcrestAssertionClosure$validate$1.call(Unknown Source)
	at com.jayway.restassured.internal.ResponseSpecificationImpl.validate(ResponseSpecificationImpl.groovy:86)
	at com.jayway.restassured.internal.ValidatableResponseOptionsImpl.specification(ValidatableResponseOptionsImpl.java:307)
	at com.jayway.restassured.internal.ValidatableResponseOptionsImpl.spec(ValidatableResponseOptionsImpl.java:288)
	at com.arcapi.Transittestcases.AssetSnapshotDownloadAPITest.AssetSnapshotDownloadAPI(AssetSnapshotDownloadAPITest.java:51)
... Removed 32 stack frames</pre></div><a href='#' onClick='toggleBox("stack-trace1656169097", this, "Click to show all stack frames", "Click to hide stack frames")'>Click to show all stack frames</a>
<div class='stack-trace' id='stack-trace1656169097'><pre>java.lang.AssertionError: 1 expectation failed.
Expected status code &lt;200&gt; doesn&apos;t match actual status code &lt;404&gt;.

	at sun.reflect.NativeConstructorAccessorImpl.newInstance0(Native Method)
	at sun.reflect.NativeConstructorAccessorImpl.newInstance(Unknown Source)
	at sun.reflect.DelegatingConstructorAccessorImpl.newInstance(Unknown Source)
	at java.lang.reflect.Constructor.newInstance(Unknown Source)
	at org.codehaus.groovy.reflection.CachedConstructor.invoke(CachedConstructor.java:80)
	at org.codehaus.groovy.reflection.CachedConstructor.doConstructorInvoke(CachedConstructor.java:74)
	at org.codehaus.groovy.runtime.callsite.ConstructorSite$ConstructorSiteNoUnwrap.callConstructor(ConstructorSite.java:84)
	at org.codehaus.groovy.runtime.callsite.AbstractCallSite.callConstructor(AbstractCallSite.java:247)
	at com.jayway.restassured.internal.ResponseSpecificationImpl$HamcrestAssertionClosure.validate(ResponseSpecificationImpl.groovy:598)
	at com.jayway.restassured.internal.ResponseSpecificationImpl$HamcrestAssertionClosure$validate$1.call(Unknown Source)
	at com.jayway.restassured.internal.ResponseSpecificationImpl.validate(ResponseSpecificationImpl.groovy:86)
	at com.jayway.restassured.internal.ValidatableResponseOptionsImpl.specification(ValidatableResponseOptionsImpl.java:307)
	at com.jayway.restassured.internal.ValidatableResponseOptionsImpl.spec(ValidatableResponseOptionsImpl.java:288)
	at com.arcapi.Transittestcases.AssetSnapshotDownloadAPITest.AssetSnapshotDownloadAPI(AssetSnapshotDownloadAPITest.java:51)
	at sun.reflect.NativeMethodAccessorImpl.invoke0(Native Method)
	at sun.reflect.NativeMethodAccessorImpl.invoke(Unknown Source)
	at sun.reflect.DelegatingMethodAccessorImpl.invoke(Unknown Source)
	at java.lang.reflect.Method.invoke(Unknown Source)
	at org.testng.internal.MethodInvocationHelper.invokeMethod(MethodInvocationHelper.java:124)
	at org.testng.internal.Invoker.invokeMethod(Invoker.java:571)
	at org.testng.internal.Invoker.invokeTestMethod(Invoker.java:707)
	at org.testng.internal.Invoker.invokeTestMethods(Invoker.java:979)
	at org.testng.internal.TestMethodWorker.invokeTestMethods(TestMethodWorker.java:125)
	at org.testng.internal.TestMethodWorker.run(TestMethodWorker.java:109)
	at org.testng.TestRunner.privateRun(TestRunner.java:648)
	at org.testng.TestRunner.run(TestRunner.java:505)
	at org.testng.SuiteRunner.runTest(SuiteRunner.java:455)
	at org.testng.SuiteRunner.runSequentially(SuiteRunner.java:450)
	at org.testng.SuiteRunner.privateRun(SuiteRunner.java:415)
	at org.testng.SuiteRunner.run(SuiteRunner.java:364)
	at org.testng.SuiteRunnerWorker.runSuite(SuiteRunnerWorker.java:52)
	at org.testng.SuiteRunnerWorker.run(SuiteRunnerWorker.java:84)
	at org.testng.TestNG.runSuitesSequentially(TestNG.java:1187)
	at org.testng.TestNG.runSuitesSequentially(TestNG.java:1183)
	at org.testng.TestNG.runSuitesLocally(TestNG.java:1116)
	at org.testng.TestNG.runSuites(TestNG.java:1028)
	at org.testng.TestNG.run(TestNG.java:996)
	at org.testng.remote.AbstractRemoteTestNG.run(AbstractRemoteTestNG.java:114)
	at org.testng.remote.RemoteTestNG.initAndRun(RemoteTestNG.java:251)
	at org.testng.remote.RemoteTestNG.main(RemoteTestNG.java:77)
</pre></div></td>
<td>2</td>
<td>com.arcapi.Transittestcases.AssetSnapshotDownloadAPITest@6cc7b4de</td></tr>
<tr>
<td title='com.arcapi.Transittestcases.PaymentReceiptAPITest.PaymentReceiptAPI()'><b>PaymentReceiptAPI</b><br>Test class: com.arcapi.Transittestcases.PaymentReceiptAPITest<br>Parameters: DEV, ProjectIDTransitBelow, 2</td>
<td><div><pre>java.lang.AssertionError: 1 expectation failed.
Expected status code &lt;200&gt; doesn&apos;t match actual status code &lt;400&gt;.

	at org.codehaus.groovy.runtime.callsite.ConstructorSite$ConstructorSiteNoUnwrap.callConstructor(ConstructorSite.java:84)
	at org.codehaus.groovy.runtime.callsite.CallSiteArray.defaultCallConstructor(CallSiteArray.java:60)
	at org.codehaus.groovy.runtime.callsite.AbstractCallSite.callConstructor(AbstractCallSite.java:235)
	at org.codehaus.groovy.runtime.callsite.AbstractCallSite.callConstructor(AbstractCallSite.java:247)
	at com.jayway.restassured.internal.ResponseSpecificationImpl$HamcrestAssertionClosure.validate(ResponseSpecificationImpl.groovy:598)
	at com.jayway.restassured.internal.ResponseSpecificationImpl$HamcrestAssertionClosure$validate$1.call(Unknown Source)
	at com.jayway.restassured.internal.ResponseSpecificationImpl.validate(ResponseSpecificationImpl.groovy:86)
	at com.jayway.restassured.internal.ValidatableResponseOptionsImpl.specification(ValidatableResponseOptionsImpl.java:307)
	at com.jayway.restassured.internal.ValidatableResponseOptionsImpl.spec(ValidatableResponseOptionsImpl.java:288)
	at com.arcapi.Transittestcases.PaymentReceiptAPITest.PaymentReceiptAPI(PaymentReceiptAPITest.java:46)
... Removed 32 stack frames</pre></div><a href='#' onClick='toggleBox("stack-trace1233805613", this, "Click to show all stack frames", "Click to hide stack frames")'>Click to show all stack frames</a>
<div class='stack-trace' id='stack-trace1233805613'><pre>java.lang.AssertionError: 1 expectation failed.
Expected status code &lt;200&gt; doesn&apos;t match actual status code &lt;400&gt;.

	at sun.reflect.NativeConstructorAccessorImpl.newInstance0(Native Method)
	at sun.reflect.NativeConstructorAccessorImpl.newInstance(Unknown Source)
	at sun.reflect.DelegatingConstructorAccessorImpl.newInstance(Unknown Source)
	at java.lang.reflect.Constructor.newInstance(Unknown Source)
	at org.codehaus.groovy.reflection.CachedConstructor.invoke(CachedConstructor.java:80)
	at org.codehaus.groovy.reflection.CachedConstructor.doConstructorInvoke(CachedConstructor.java:74)
	at org.codehaus.groovy.runtime.callsite.ConstructorSite$ConstructorSiteNoUnwrap.callConstructor(ConstructorSite.java:84)
	at org.codehaus.groovy.runtime.callsite.CallSiteArray.defaultCallConstructor(CallSiteArray.java:60)
	at org.codehaus.groovy.runtime.callsite.AbstractCallSite.callConstructor(AbstractCallSite.java:235)
	at org.codehaus.groovy.runtime.callsite.AbstractCallSite.callConstructor(AbstractCallSite.java:247)
	at com.jayway.restassured.internal.ResponseSpecificationImpl$HamcrestAssertionClosure.validate(ResponseSpecificationImpl.groovy:598)
	at com.jayway.restassured.internal.ResponseSpecificationImpl$HamcrestAssertionClosure$validate$1.call(Unknown Source)
	at com.jayway.restassured.internal.ResponseSpecificationImpl.validate(ResponseSpecificationImpl.groovy:86)
	at com.jayway.restassured.internal.ValidatableResponseOptionsImpl.specification(ValidatableResponseOptionsImpl.java:307)
	at com.jayway.restassured.internal.ValidatableResponseOptionsImpl.spec(ValidatableResponseOptionsImpl.java:288)
	at com.arcapi.Transittestcases.PaymentReceiptAPITest.PaymentReceiptAPI(PaymentReceiptAPITest.java:46)
	at sun.reflect.NativeMethodAccessorImpl.invoke0(Native Method)
	at sun.reflect.NativeMethodAccessorImpl.invoke(Unknown Source)
	at sun.reflect.DelegatingMethodAccessorImpl.invoke(Unknown Source)
	at java.lang.reflect.Method.invoke(Unknown Source)
	at org.testng.internal.MethodInvocationHelper.invokeMethod(MethodInvocationHelper.java:124)
	at org.testng.internal.Invoker.invokeMethod(Invoker.java:571)
	at org.testng.internal.Invoker.invokeTestMethod(Invoker.java:707)
	at org.testng.internal.Invoker.invokeTestMethods(Invoker.java:979)
	at org.testng.internal.TestMethodWorker.invokeTestMethods(TestMethodWorker.java:125)
	at org.testng.internal.TestMethodWorker.run(TestMethodWorker.java:109)
	at org.testng.TestRunner.privateRun(TestRunner.java:648)
	at org.testng.TestRunner.run(TestRunner.java:505)
	at org.testng.SuiteRunner.runTest(SuiteRunner.java:455)
	at org.testng.SuiteRunner.runSequentially(SuiteRunner.java:450)
	at org.testng.SuiteRunner.privateRun(SuiteRunner.java:415)
	at org.testng.SuiteRunner.run(SuiteRunner.java:364)
	at org.testng.SuiteRunnerWorker.runSuite(SuiteRunnerWorker.java:52)
	at org.testng.SuiteRunnerWorker.run(SuiteRunnerWorker.java:84)
	at org.testng.TestNG.runSuitesSequentially(TestNG.java:1187)
	at org.testng.TestNG.runSuitesSequentially(TestNG.java:1183)
	at org.testng.TestNG.runSuitesLocally(TestNG.java:1116)
	at org.testng.TestNG.runSuites(TestNG.java:1028)
	at org.testng.TestNG.run(TestNG.java:996)
	at org.testng.remote.AbstractRemoteTestNG.run(AbstractRemoteTestNG.java:114)
	at org.testng.remote.RemoteTestNG.initAndRun(RemoteTestNG.java:251)
	at org.testng.remote.RemoteTestNG.main(RemoteTestNG.java:77)
</pre></div></td>
<td>2</td>
<td>com.arcapi.Transittestcases.PaymentReceiptAPITest@15bfd87</td></tr>
<tr>
<td title='com.arcapi.Transittestcases.SubmitReviewPOSTAPITest.SubmitReviewPOSTAPI()'><b>SubmitReviewPOSTAPI</b><br>Test class: com.arcapi.Transittestcases.SubmitReviewPOSTAPITest<br>Parameters: DEV, ProjectIDTransitBelow, 2, transit, review</td>
<td><div><pre>java.lang.AssertionError: 1 expectation failed.
Expected status code &lt;200&gt; doesn&apos;t match actual status code &lt;400&gt;.

	at org.codehaus.groovy.runtime.callsite.ConstructorSite$ConstructorSiteNoUnwrap.callConstructor(ConstructorSite.java:84)
	at org.codehaus.groovy.runtime.callsite.AbstractCallSite.callConstructor(AbstractCallSite.java:247)
	at com.jayway.restassured.internal.ResponseSpecificationImpl$HamcrestAssertionClosure.validate(ResponseSpecificationImpl.groovy:598)
	at com.jayway.restassured.internal.ResponseSpecificationImpl$HamcrestAssertionClosure$validate$1.call(Unknown Source)
	at com.jayway.restassured.internal.ResponseSpecificationImpl.validate(ResponseSpecificationImpl.groovy:86)
	at com.jayway.restassured.internal.ValidatableResponseOptionsImpl.specification(ValidatableResponseOptionsImpl.java:307)
	at com.jayway.restassured.internal.ValidatableResponseOptionsImpl.spec(ValidatableResponseOptionsImpl.java:288)
	at com.arcapi.Transittestcases.SubmitReviewPOSTAPITest.SubmitReviewPOSTAPI(SubmitReviewPOSTAPITest.java:140)
... Removed 32 stack frames</pre></div><a href='#' onClick='toggleBox("stack-trace1218081325", this, "Click to show all stack frames", "Click to hide stack frames")'>Click to show all stack frames</a>
<div class='stack-trace' id='stack-trace1218081325'><pre>java.lang.AssertionError: 1 expectation failed.
Expected status code &lt;200&gt; doesn&apos;t match actual status code &lt;400&gt;.

	at sun.reflect.NativeConstructorAccessorImpl.newInstance0(Native Method)
	at sun.reflect.NativeConstructorAccessorImpl.newInstance(Unknown Source)
	at sun.reflect.DelegatingConstructorAccessorImpl.newInstance(Unknown Source)
	at java.lang.reflect.Constructor.newInstance(Unknown Source)
	at org.codehaus.groovy.reflection.CachedConstructor.invoke(CachedConstructor.java:80)
	at org.codehaus.groovy.reflection.CachedConstructor.doConstructorInvoke(CachedConstructor.java:74)
	at org.codehaus.groovy.runtime.callsite.ConstructorSite$ConstructorSiteNoUnwrap.callConstructor(ConstructorSite.java:84)
	at org.codehaus.groovy.runtime.callsite.AbstractCallSite.callConstructor(AbstractCallSite.java:247)
	at com.jayway.restassured.internal.ResponseSpecificationImpl$HamcrestAssertionClosure.validate(ResponseSpecificationImpl.groovy:598)
	at com.jayway.restassured.internal.ResponseSpecificationImpl$HamcrestAssertionClosure$validate$1.call(Unknown Source)
	at com.jayway.restassured.internal.ResponseSpecificationImpl.validate(ResponseSpecificationImpl.groovy:86)
	at com.jayway.restassured.internal.ValidatableResponseOptionsImpl.specification(ValidatableResponseOptionsImpl.java:307)
	at com.jayway.restassured.internal.ValidatableResponseOptionsImpl.spec(ValidatableResponseOptionsImpl.java:288)
	at com.arcapi.Transittestcases.SubmitReviewPOSTAPITest.SubmitReviewPOSTAPI(SubmitReviewPOSTAPITest.java:140)
	at sun.reflect.NativeMethodAccessorImpl.invoke0(Native Method)
	at sun.reflect.NativeMethodAccessorImpl.invoke(Unknown Source)
	at sun.reflect.DelegatingMethodAccessorImpl.invoke(Unknown Source)
	at java.lang.reflect.Method.invoke(Unknown Source)
	at org.testng.internal.MethodInvocationHelper.invokeMethod(MethodInvocationHelper.java:124)
	at org.testng.internal.Invoker.invokeMethod(Invoker.java:571)
	at org.testng.internal.Invoker.invokeTestMethod(Invoker.java:707)
	at org.testng.internal.Invoker.invokeTestMethods(Invoker.java:979)
	at org.testng.internal.TestMethodWorker.invokeTestMethods(TestMethodWorker.java:125)
	at org.testng.internal.TestMethodWorker.run(TestMethodWorker.java:109)
	at org.testng.TestRunner.privateRun(TestRunner.java:648)
	at org.testng.TestRunner.run(TestRunner.java:505)
	at org.testng.SuiteRunner.runTest(SuiteRunner.java:455)
	at org.testng.SuiteRunner.runSequentially(SuiteRunner.java:450)
	at org.testng.SuiteRunner.privateRun(SuiteRunner.java:415)
	at org.testng.SuiteRunner.run(SuiteRunner.java:364)
	at org.testng.SuiteRunnerWorker.runSuite(SuiteRunnerWorker.java:52)
	at org.testng.SuiteRunnerWorker.run(SuiteRunnerWorker.java:84)
	at org.testng.TestNG.runSuitesSequentially(TestNG.java:1187)
	at org.testng.TestNG.runSuitesSequentially(TestNG.java:1183)
	at org.testng.TestNG.runSuitesLocally(TestNG.java:1116)
	at org.testng.TestNG.runSuites(TestNG.java:1028)
	at org.testng.TestNG.run(TestNG.java:996)
	at org.testng.remote.AbstractRemoteTestNG.run(AbstractRemoteTestNG.java:114)
	at org.testng.remote.RemoteTestNG.initAndRun(RemoteTestNG.java:251)
	at org.testng.remote.RemoteTestNG.main(RemoteTestNG.java:77)
</pre></div></td>
<td>1</td>
<td>com.arcapi.Transittestcases.SubmitReviewPOSTAPITest@1efee8e7</td></tr>
<tr>
<td title='com.arcapi.Transittestcases.VerifyAdminRemoveAPITest.VerifyAdminRemoveAPI()'><b>VerifyAdminRemoveAPI</b><br>Test class: com.arcapi.Transittestcases.VerifyAdminRemoveAPITest<br>Parameters: DEV, ProjectIDTransitBelow, 2</td>
<td><div><pre>java.lang.AssertionError: 1 expectation failed.
Expected status code &lt;403&gt; doesn&apos;t match actual status code &lt;200&gt;.

	at org.codehaus.groovy.runtime.callsite.ConstructorSite$ConstructorSiteNoUnwrap.callConstructor(ConstructorSite.java:84)
	at org.codehaus.groovy.runtime.callsite.AbstractCallSite.callConstructor(AbstractCallSite.java:247)
	at com.jayway.restassured.internal.ResponseSpecificationImpl$HamcrestAssertionClosure.validate(ResponseSpecificationImpl.groovy:598)
	at com.jayway.restassured.internal.ResponseSpecificationImpl$HamcrestAssertionClosure$validate$1.call(Unknown Source)
	at com.jayway.restassured.internal.ResponseSpecificationImpl.validateResponseIfRequired(ResponseSpecificationImpl.groovy:760)
	at org.codehaus.groovy.runtime.callsite.PogoMetaMethodSite$PogoCachedMethodSiteNoUnwrapNoCoerce.invoke(PogoMetaMethodSite.java:210)
	at org.codehaus.groovy.runtime.callsite.PogoMetaMethodSite.callCurrent(PogoMetaMethodSite.java:59)
	at org.codehaus.groovy.runtime.callsite.AbstractCallSite.callCurrent(AbstractCallSite.java:166)
	at com.jayway.restassured.internal.ResponseSpecificationImpl.statusCode(ResponseSpecificationImpl.groovy:120)
	at com.jayway.restassured.specification.ResponseSpecification$statusCode$0.callCurrent(Unknown Source)
	at com.jayway.restassured.internal.ResponseSpecificationImpl.statusCode(ResponseSpecificationImpl.groovy:128)
	at com.jayway.restassured.internal.ValidatableResponseOptionsImpl.statusCode(ValidatableResponseOptionsImpl.java:117)
	at com.arcapi.Transittestcases.VerifyAdminRemoveAPITest.VerifyAdminRemoveAPI(VerifyAdminRemoveAPITest.java:65)
... Removed 35 stack frames</pre></div><a href='#' onClick='toggleBox("stack-trace457951161", this, "Click to show all stack frames", "Click to hide stack frames")'>Click to show all stack frames</a>
<div class='stack-trace' id='stack-trace457951161'><pre>java.lang.AssertionError: 1 expectation failed.
Expected status code &lt;403&gt; doesn&apos;t match actual status code &lt;200&gt;.

	at sun.reflect.NativeConstructorAccessorImpl.newInstance0(Native Method)
	at sun.reflect.NativeConstructorAccessorImpl.newInstance(Unknown Source)
	at sun.reflect.DelegatingConstructorAccessorImpl.newInstance(Unknown Source)
	at java.lang.reflect.Constructor.newInstance(Unknown Source)
	at org.codehaus.groovy.reflection.CachedConstructor.invoke(CachedConstructor.java:80)
	at org.codehaus.groovy.reflection.CachedConstructor.doConstructorInvoke(CachedConstructor.java:74)
	at org.codehaus.groovy.runtime.callsite.ConstructorSite$ConstructorSiteNoUnwrap.callConstructor(ConstructorSite.java:84)
	at org.codehaus.groovy.runtime.callsite.AbstractCallSite.callConstructor(AbstractCallSite.java:247)
	at com.jayway.restassured.internal.ResponseSpecificationImpl$HamcrestAssertionClosure.validate(ResponseSpecificationImpl.groovy:598)
	at com.jayway.restassured.internal.ResponseSpecificationImpl$HamcrestAssertionClosure$validate$1.call(Unknown Source)
	at com.jayway.restassured.internal.ResponseSpecificationImpl.validateResponseIfRequired(ResponseSpecificationImpl.groovy:760)
	at sun.reflect.GeneratedMethodAccessor108.invoke(Unknown Source)
	at sun.reflect.DelegatingMethodAccessorImpl.invoke(Unknown Source)
	at java.lang.reflect.Method.invoke(Unknown Source)
	at org.codehaus.groovy.runtime.callsite.PogoMetaMethodSite$PogoCachedMethodSiteNoUnwrapNoCoerce.invoke(PogoMetaMethodSite.java:210)
	at org.codehaus.groovy.runtime.callsite.PogoMetaMethodSite.callCurrent(PogoMetaMethodSite.java:59)
	at org.codehaus.groovy.runtime.callsite.AbstractCallSite.callCurrent(AbstractCallSite.java:166)
	at com.jayway.restassured.internal.ResponseSpecificationImpl.statusCode(ResponseSpecificationImpl.groovy:120)
	at com.jayway.restassured.specification.ResponseSpecification$statusCode$0.callCurrent(Unknown Source)
	at com.jayway.restassured.internal.ResponseSpecificationImpl.statusCode(ResponseSpecificationImpl.groovy:128)
	at com.jayway.restassured.internal.ValidatableResponseOptionsImpl.statusCode(ValidatableResponseOptionsImpl.java:117)
	at com.arcapi.Transittestcases.VerifyAdminRemoveAPITest.VerifyAdminRemoveAPI(VerifyAdminRemoveAPITest.java:65)
	at sun.reflect.NativeMethodAccessorImpl.invoke0(Native Method)
	at sun.reflect.NativeMethodAccessorImpl.invoke(Unknown Source)
	at sun.reflect.DelegatingMethodAccessorImpl.invoke(Unknown Source)
	at java.lang.reflect.Method.invoke(Unknown Source)
	at org.testng.internal.MethodInvocationHelper.invokeMethod(MethodInvocationHelper.java:124)
	at org.testng.internal.Invoker.invokeMethod(Invoker.java:571)
	at org.testng.internal.Invoker.invokeTestMethod(Invoker.java:707)
	at org.testng.internal.Invoker.invokeTestMethods(Invoker.java:979)
	at org.testng.internal.TestMethodWorker.invokeTestMethods(TestMethodWorker.java:125)
	at org.testng.internal.TestMethodWorker.run(TestMethodWorker.java:109)
	at org.testng.TestRunner.privateRun(TestRunner.java:648)
	at org.testng.TestRunner.run(TestRunner.java:505)
	at org.testng.SuiteRunner.runTest(SuiteRunner.java:455)
	at org.testng.SuiteRunner.runSequentially(SuiteRunner.java:450)
	at org.testng.SuiteRunner.privateRun(SuiteRunner.java:415)
	at org.testng.SuiteRunner.run(SuiteRunner.java:364)
	at org.testng.SuiteRunnerWorker.runSuite(SuiteRunnerWorker.java:52)
	at org.testng.SuiteRunnerWorker.run(SuiteRunnerWorker.java:84)
	at org.testng.TestNG.runSuitesSequentially(TestNG.java:1187)
	at org.testng.TestNG.runSuitesSequentially(TestNG.java:1183)
	at org.testng.TestNG.runSuitesLocally(TestNG.java:1116)
	at org.testng.TestNG.runSuites(TestNG.java:1028)
	at org.testng.TestNG.run(TestNG.java:996)
	at org.testng.remote.AbstractRemoteTestNG.run(AbstractRemoteTestNG.java:114)
	at org.testng.remote.RemoteTestNG.initAndRun(RemoteTestNG.java:251)
	at org.testng.remote.RemoteTestNG.main(RemoteTestNG.java:77)
</pre></div></td>
<td>7</td>
<td>com.arcapi.Transittestcases.VerifyAdminRemoveAPITest@588df31b</td></tr>
<tr>
<td title='com.arcapi.Transittestcases.VerifyAssetDetailAPITest.VerifyAssetDetailAPI()'><b>VerifyAssetDetailAPI</b><br>Test class: com.arcapi.Transittestcases.VerifyAssetDetailAPITest<br>Parameters: DEV, ProjectIDTransitBelow, 2</td>
<td><div><pre>java.lang.AssertionError: 1 expectation failed.
JSON path owner_email doesn&apos;t match.
Expected: test-01@gmail.com
  Actual: stg-01@gmail.com

	at org.codehaus.groovy.runtime.callsite.ConstructorSite$ConstructorSiteNoUnwrap.callConstructor(ConstructorSite.java:84)
	at org.codehaus.groovy.runtime.callsite.AbstractCallSite.callConstructor(AbstractCallSite.java:247)
	at com.jayway.restassured.internal.ResponseSpecificationImpl$HamcrestAssertionClosure.validate(ResponseSpecificationImpl.groovy:598)
	at com.jayway.restassured.internal.ResponseSpecificationImpl$HamcrestAssertionClosure$validate$1.call(Unknown Source)
	at com.jayway.restassured.internal.ResponseSpecificationImpl.validateResponseIfRequired(ResponseSpecificationImpl.groovy:760)
	at org.codehaus.groovy.runtime.callsite.PogoMetaMethodSite$PogoCachedMethodSiteNoUnwrapNoCoerce.invoke(PogoMetaMethodSite.java:210)
	at org.codehaus.groovy.runtime.callsite.PogoMetaMethodSite.callCurrent(PogoMetaMethodSite.java:59)
	at org.codehaus.groovy.runtime.callsite.AbstractCallSite.callCurrent(AbstractCallSite.java:166)
	at com.jayway.restassured.internal.ResponseSpecificationImpl.content(ResponseSpecificationImpl.groovy:251)
	at com.jayway.restassured.specification.ResponseSpecification$content$1.callCurrent(Unknown Source)
	at com.jayway.restassured.internal.ResponseSpecificationImpl.body(ResponseSpecificationImpl.groovy:234)
	at com.jayway.restassured.internal.ValidatableResponseOptionsImpl.body(ValidatableResponseOptionsImpl.java:264)
	at com.arcapi.Transittestcases.VerifyAssetDetailAPITest.VerifyAssetDetailAPI(VerifyAssetDetailAPITest.java:71)
... Removed 35 stack frames</pre></div><a href='#' onClick='toggleBox("stack-trace1243705012", this, "Click to show all stack frames", "Click to hide stack frames")'>Click to show all stack frames</a>
<div class='stack-trace' id='stack-trace1243705012'><pre>java.lang.AssertionError: 1 expectation failed.
JSON path owner_email doesn&apos;t match.
Expected: test-01@gmail.com
  Actual: stg-01@gmail.com

	at sun.reflect.NativeConstructorAccessorImpl.newInstance0(Native Method)
	at sun.reflect.NativeConstructorAccessorImpl.newInstance(Unknown Source)
	at sun.reflect.DelegatingConstructorAccessorImpl.newInstance(Unknown Source)
	at java.lang.reflect.Constructor.newInstance(Unknown Source)
	at org.codehaus.groovy.reflection.CachedConstructor.invoke(CachedConstructor.java:80)
	at org.codehaus.groovy.reflection.CachedConstructor.doConstructorInvoke(CachedConstructor.java:74)
	at org.codehaus.groovy.runtime.callsite.ConstructorSite$ConstructorSiteNoUnwrap.callConstructor(ConstructorSite.java:84)
	at org.codehaus.groovy.runtime.callsite.AbstractCallSite.callConstructor(AbstractCallSite.java:247)
	at com.jayway.restassured.internal.ResponseSpecificationImpl$HamcrestAssertionClosure.validate(ResponseSpecificationImpl.groovy:598)
	at com.jayway.restassured.internal.ResponseSpecificationImpl$HamcrestAssertionClosure$validate$1.call(Unknown Source)
	at com.jayway.restassured.internal.ResponseSpecificationImpl.validateResponseIfRequired(ResponseSpecificationImpl.groovy:760)
	at sun.reflect.GeneratedMethodAccessor108.invoke(Unknown Source)
	at sun.reflect.DelegatingMethodAccessorImpl.invoke(Unknown Source)
	at java.lang.reflect.Method.invoke(Unknown Source)
	at org.codehaus.groovy.runtime.callsite.PogoMetaMethodSite$PogoCachedMethodSiteNoUnwrapNoCoerce.invoke(PogoMetaMethodSite.java:210)
	at org.codehaus.groovy.runtime.callsite.PogoMetaMethodSite.callCurrent(PogoMetaMethodSite.java:59)
	at org.codehaus.groovy.runtime.callsite.AbstractCallSite.callCurrent(AbstractCallSite.java:166)
	at com.jayway.restassured.internal.ResponseSpecificationImpl.content(ResponseSpecificationImpl.groovy:251)
	at com.jayway.restassured.specification.ResponseSpecification$content$1.callCurrent(Unknown Source)
	at com.jayway.restassured.internal.ResponseSpecificationImpl.body(ResponseSpecificationImpl.groovy:234)
	at com.jayway.restassured.internal.ValidatableResponseOptionsImpl.body(ValidatableResponseOptionsImpl.java:264)
	at com.arcapi.Transittestcases.VerifyAssetDetailAPITest.VerifyAssetDetailAPI(VerifyAssetDetailAPITest.java:71)
	at sun.reflect.NativeMethodAccessorImpl.invoke0(Native Method)
	at sun.reflect.NativeMethodAccessorImpl.invoke(Unknown Source)
	at sun.reflect.DelegatingMethodAccessorImpl.invoke(Unknown Source)
	at java.lang.reflect.Method.invoke(Unknown Source)
	at org.testng.internal.MethodInvocationHelper.invokeMethod(MethodInvocationHelper.java:124)
	at org.testng.internal.Invoker.invokeMethod(Invoker.java:571)
	at org.testng.internal.Invoker.invokeTestMethod(Invoker.java:707)
	at org.testng.internal.Invoker.invokeTestMethods(Invoker.java:979)
	at org.testng.internal.TestMethodWorker.invokeTestMethods(TestMethodWorker.java:125)
	at org.testng.internal.TestMethodWorker.run(TestMethodWorker.java:109)
	at org.testng.TestRunner.privateRun(TestRunner.java:648)
	at org.testng.TestRunner.run(TestRunner.java:505)
	at org.testng.SuiteRunner.runTest(SuiteRunner.java:455)
	at org.testng.SuiteRunner.runSequentially(SuiteRunner.java:450)
	at org.testng.SuiteRunner.privateRun(SuiteRunner.java:415)
	at org.testng.SuiteRunner.run(SuiteRunner.java:364)
	at org.testng.SuiteRunnerWorker.runSuite(SuiteRunnerWorker.java:52)
	at org.testng.SuiteRunnerWorker.run(SuiteRunnerWorker.java:84)
	at org.testng.TestNG.runSuitesSequentially(TestNG.java:1187)
	at org.testng.TestNG.runSuitesSequentially(TestNG.java:1183)
	at org.testng.TestNG.runSuitesLocally(TestNG.java:1116)
	at org.testng.TestNG.runSuites(TestNG.java:1028)
	at org.testng.TestNG.run(TestNG.java:996)
	at org.testng.remote.AbstractRemoteTestNG.run(AbstractRemoteTestNG.java:114)
	at org.testng.remote.RemoteTestNG.initAndRun(RemoteTestNG.java:251)
	at org.testng.remote.RemoteTestNG.main(RemoteTestNG.java:77)
</pre></div></td>
<td>2</td>
<td>com.arcapi.Transittestcases.VerifyAssetDetailAPITest@6366ebe0</td></tr>
</table><p>
<table width='100%' border='1' class='invocation-passed'>
<tr><td colspan='4' align='center'><b>PASSED TESTS</b></td></tr>
<tr><td><b>Test method</b></td>
<td width="30%"><b>Exception</b></td>
<td width="10%"><b>Time (seconds)</b></td>
<td><b>Instance</b></td>
</tr>
<tr>
<td title='com.arcapi.Transittestcases.AddAssestTimelinePOSTAPITest.AddAssestTimeline()'><b>AddAssestTimeline</b><br>Test class: com.arcapi.Transittestcases.AddAssestTimelinePOSTAPITest<br>Parameters: DEV, ProjectIDTransitBelow, 2</td>
<td></td>
<td>40</td>
<td>com.arcapi.Transittestcases.AddAssestTimelinePOSTAPITest@80169cf</td></tr>
<tr>
<td title='com.arcapi.Transittestcases.AssetAppListAPITest.AssetAppListAPI()'><b>AssetAppListAPI</b><br>Test class: com.arcapi.Transittestcases.AssetAppListAPITest<br>Parameters: DEV, ProjectIDTransitBelow, 2</td>
<td></td>
<td>1</td>
<td>com.arcapi.Transittestcases.AssetAppListAPITest@70a9f84e</td></tr>
<tr>
<td title='com.arcapi.Transittestcases.AssetDataSnapshotAPITest.AssetDataSnapshotAPI()'><b>AssetDataSnapshotAPI</b><br>Test class: com.arcapi.Transittestcases.AssetDataSnapshotAPITest<br>Parameters: DEV, ProjectIDTransitBelow, 2</td>
<td></td>
<td>13</td>
<td>com.arcapi.Transittestcases.AssetDataSnapshotAPITest@32464a14</td></tr>
<tr>
<td title='com.arcapi.Transittestcases.AssetDetailAPITest.AssetDetailAPI()'><b>AssetDetailAPI</b><br>Test class: com.arcapi.Transittestcases.AssetDetailAPITest<br>Parameters: DEV, ProjectIDTransitBelow, 2</td>
<td></td>
<td>2</td>
<td>com.arcapi.Transittestcases.AssetDetailAPITest@57f23557</td></tr>
<tr>
<td title='com.arcapi.Transittestcases.AssetDocumentAPITest.AssetDocumentAPI()'><b>AssetDocumentAPI</b><br>Test class: com.arcapi.Transittestcases.AssetDocumentAPITest<br>Parameters: DEV, ProjectIDTransitBelow, 2</td>
<td></td>
<td>5</td>
<td>com.arcapi.Transittestcases.AssetDocumentAPITest@2698dc7</td></tr>
<tr>
<td title='com.arcapi.Transittestcases.AssetListAPITest.AssetListAPI()'><b>AssetListAPI</b><br>Test class: com.arcapi.Transittestcases.AssetListAPITest</td>
<td></td>
<td>2</td>
<td>com.arcapi.Transittestcases.AssetListAPITest@8b87145</td></tr>
<tr>
<td title='com.arcapi.Transittestcases.AssetMeterDetailAPITest.AssetMeterDetailAPI()'><b>AssetMeterDetailAPI</b><br>Test class: com.arcapi.Transittestcases.AssetMeterDetailAPITest<br>Parameters: DEV, ProjectIDTransitBelow, 2</td>
<td></td>
<td>1</td>
<td>com.arcapi.Transittestcases.AssetMeterDetailAPITest@5e57643e</td></tr>
<tr>
<td title='com.arcapi.Transittestcases.AssetNotificationSubscriptionListTest.AssetNotificationSubscriptionList()'><b>AssetNotificationSubscriptionList</b><br>Test class: com.arcapi.Transittestcases.AssetNotificationSubscriptionListTest<br>Parameters: DEV, ProjectIDTransitBelow, 2</td>
<td></td>
<td>1</td>
<td>com.arcapi.Transittestcases.AssetNotificationSubscriptionListTest@33b37288</td></tr>
<tr>
<td title='com.arcapi.Transittestcases.AssetNotificationSubscriptionPostTest.AssetNotificationSubscriptionPost()'><b>AssetNotificationSubscriptionPost</b><br>Test class: com.arcapi.Transittestcases.AssetNotificationSubscriptionPostTest<br>Parameters: DEV, ProjectIDTransitBelow, 2</td>
<td></td>
<td>2</td>
<td>com.arcapi.Transittestcases.AssetNotificationSubscriptionPostTest@77a57272</td></tr>
<tr>
<td title='com.arcapi.Transittestcases.AssetOwnerOrgPOSTAPITest.AssetOwnerOrgPOSTAPI()'><b>AssetOwnerOrgPOSTAPI</b><br>Test class: com.arcapi.Transittestcases.AssetOwnerOrgPOSTAPITest</td>
<td></td>
<td>3</td>
<td>com.arcapi.Transittestcases.AssetOwnerOrgPOSTAPITest@5fcd892a</td></tr>
<tr>
<td title='com.arcapi.Transittestcases.AssetSearchAPITest.AssetSearchAPI()'><b>AssetSearchAPI</b><br>Test class: com.arcapi.Transittestcases.AssetSearchAPITest<br>Parameters: DEV, ProjectIDTransitBelow, 2</td>
<td></td>
<td>2</td>
<td>com.arcapi.Transittestcases.AssetSearchAPITest@1068e947</td></tr>
<tr>
<td title='com.arcapi.Transittestcases.AssetSearchOwnerAPITest.AssetSearchOwnerAPI()'><b>AssetSearchOwnerAPI</b><br>Test class: com.arcapi.Transittestcases.AssetSearchOwnerAPITest<br>Parameters: DEV, ProjectIDTransitBelow, 2</td>
<td></td>
<td>2</td>
<td>com.arcapi.Transittestcases.AssetSearchOwnerAPITest@aecb35a</td></tr>
<tr>
<td title='com.arcapi.Transittestcases.AssetSnapshotKeysAPITest.AssetSnapshotKeysAPI()'><b>AssetSnapshotKeysAPI</b><br>Test class: com.arcapi.Transittestcases.AssetSnapshotKeysAPITest<br>Parameters: DEV, ProjectIDTransitBelow, 2</td>
<td></td>
<td>1</td>
<td>com.arcapi.Transittestcases.AssetSnapshotKeysAPITest@517cd4b</td></tr>
<tr>
<td title='com.arcapi.Transittestcases.AssetTeamMemberAddPOSTAPITest.AssetTeamMemberAddPOSTAPI()'><b>AssetTeamMemberAddPOSTAPI</b><br>Test class: com.arcapi.Transittestcases.AssetTeamMemberAddPOSTAPITest<br>Parameters: DEV, ProjectIDTransitBelow, 2</td>
<td></td>
<td>7</td>
<td>com.arcapi.Transittestcases.AssetTeamMemberAddPOSTAPITest@2a40cd94</td></tr>
<tr>
<td title='com.arcapi.Transittestcases.AssetTeamMemberListAPITest.AssetTeamMemberListAPI()'><b>AssetTeamMemberListAPI</b><br>Test class: com.arcapi.Transittestcases.AssetTeamMemberListAPITest<br>Parameters: DEV, ProjectIDTransitBelow, 2</td>
<td></td>
<td>4</td>
<td>com.arcapi.Transittestcases.AssetTeamMemberListAPITest@530612ba</td></tr>
<tr>
<td title='com.arcapi.Transittestcases.AssetTeamMemberRemoveAPITest.AssetTeamMemberRemoveAPI()'><b>AssetTeamMemberRemoveAPI</b><br>Test class: com.arcapi.Transittestcases.AssetTeamMemberRemoveAPITest<br>Parameters: DEV, ProjectIDTransitBelow, 2</td>
<td></td>
<td>7</td>
<td>com.arcapi.Transittestcases.AssetTeamMemberRemoveAPITest@3bd94634</td></tr>
<tr>
<td title='com.arcapi.Transittestcases.AssetTeamMemberRoleAPITest.AssetTeamMemberRoleAPI()'><b>AssetTeamMemberRoleAPI</b><br>Test class: com.arcapi.Transittestcases.AssetTeamMemberRoleAPITest<br>Parameters: DEV, ProjectIDTransitBelow, 2</td>
<td></td>
<td>4</td>
<td>com.arcapi.Transittestcases.AssetTeamMemberRoleAPITest@2df32bf7</td></tr>
<tr>
<td title='com.arcapi.Transittestcases.AssetTeamMemberUpdateAPITest.AssetTeamMemberUpdateAPI()'><b>AssetTeamMemberUpdateAPI</b><br>Test class: com.arcapi.Transittestcases.AssetTeamMemberUpdateAPITest<br>Parameters: DEV, ProjectIDTransitBelow, 2</td>
<td></td>
<td>7</td>
<td>com.arcapi.Transittestcases.AssetTeamMemberUpdateAPITest@f4168b8</td></tr>
<tr>
<td title='com.arcapi.Transittestcases.AssetTeamPermissionListAPITest.AssetTeamPermissionListAPI()'><b>AssetTeamPermissionListAPI</b><br>Test class: com.arcapi.Transittestcases.AssetTeamPermissionListAPITest<br>Parameters: DEV, ProjectIDTransitBelow, 2</td>
<td></td>
<td>4</td>
<td>com.arcapi.Transittestcases.AssetTeamPermissionListAPITest@166fa74d</td></tr>
<tr>
<td title='com.arcapi.Transittestcases.AssetTeamPermissionPostAPITest.AssetTeamPermissionPostAPI()'><b>AssetTeamPermissionPostAPI</b><br>Test class: com.arcapi.Transittestcases.AssetTeamPermissionPostAPITest<br>Parameters: DEV, ProjectIDTransitBelow, 2</td>
<td></td>
<td>4</td>
<td>com.arcapi.Transittestcases.AssetTeamPermissionPostAPITest@40f08448</td></tr>
<tr>
<td title='com.arcapi.Transittestcases.AssetTeamPermissionPutAPITest.AssetTeamPermissionPutAPI()'><b>AssetTeamPermissionPutAPI</b><br>Test class: com.arcapi.Transittestcases.AssetTeamPermissionPutAPITest<br>Parameters: DEV, ProjectIDTransitBelow, 2</td>
<td></td>
<td>5</td>
<td>com.arcapi.Transittestcases.AssetTeamPermissionPutAPITest@276438c9</td></tr>
<tr>
<td title='com.arcapi.Transittestcases.AssetUpdateTransitBelowAPITest.AssetUpdateforNewAssetPUTAPI()'><b>AssetUpdateforNewAssetPUTAPI</b><br>Test class: com.arcapi.Transittestcases.AssetUpdateTransitBelowAPITest<br>Parameters: DEV, ProjectIDTransitBelow, 2</td>
<td></td>
<td>6</td>
<td>com.arcapi.Transittestcases.AssetUpdateTransitBelowAPITest@3d0f8e03</td></tr>
<tr>
<td title='com.arcapi.Transittestcases.AssetValidationInfoPOSTAPITest.AssetValidationInfoPOSTAPI()'><b>AssetValidationInfoPOSTAPI</b><br>Test class: com.arcapi.Transittestcases.AssetValidationInfoPOSTAPITest</td>
<td></td>
<td>4</td>
<td>com.arcapi.Transittestcases.AssetValidationInfoPOSTAPITest@7dc222ae</td></tr>
<tr>
<td title='com.arcapi.Transittestcases.AvgPerformaceListGetTest.AvgPerformaceList()'><b>AvgPerformaceList</b><br>Test class: com.arcapi.Transittestcases.AvgPerformaceListGetTest</td>
<td></td>
<td>2</td>
<td>com.arcapi.Transittestcases.AvgPerformaceListGetTest@76a4d6c</td></tr>
<tr>
<td title='com.arcapi.Transittestcases.ConsumptionCreatePOSTAPITest.ConsumptionCreatePOSTAPI()'><b>ConsumptionCreatePOSTAPI</b><br>Test class: com.arcapi.Transittestcases.ConsumptionCreatePOSTAPITest<br>Parameters: DEV, ProjectIDTransitBelow, 2</td>
<td></td>
<td>2</td>
<td>com.arcapi.Transittestcases.ConsumptionCreatePOSTAPITest@7f416310</td></tr>
<tr>
<td title='com.arcapi.Transittestcases.ConsumptionDeleteAPITest.ConsumptionDeleteAPI()'><b>ConsumptionDeleteAPI</b><br>Test class: com.arcapi.Transittestcases.ConsumptionDeleteAPITest<br>Parameters: DEV, ProjectIDTransitBelow, 2</td>
<td></td>
<td>2</td>
<td>com.arcapi.Transittestcases.ConsumptionDeleteAPITest@50de0926</td></tr>
<tr>
<td title='com.arcapi.Transittestcases.ConsumptionDetailAPITest.ConsumptionDetailAPI()'><b>ConsumptionDetailAPI</b><br>Test class: com.arcapi.Transittestcases.ConsumptionDetailAPITest<br>Parameters: DEV, ProjectIDTransitBelow, 2</td>
<td></td>
<td>1</td>
<td>com.arcapi.Transittestcases.ConsumptionDetailAPITest@1cab0bfb</td></tr>
<tr>
<td title='com.arcapi.Transittestcases.ConsumptionListAPITest.ConsumptionListAPI()'><b>ConsumptionListAPI</b><br>Test class: com.arcapi.Transittestcases.ConsumptionListAPITest<br>Parameters: DEV, ProjectIDTransitBelow, 2</td>
<td></td>
<td>2</td>
<td>com.arcapi.Transittestcases.ConsumptionListAPITest@1ad282e0</td></tr>
<tr>
<td title='com.arcapi.Transittestcases.ConsumptionUpdatePUTAPITest.ConsumptionUpdatePUTAPI()'><b>ConsumptionUpdatePUTAPI</b><br>Test class: com.arcapi.Transittestcases.ConsumptionUpdatePUTAPITest<br>Parameters: DEV, ProjectIDTransitBelow, 2</td>
<td></td>
<td>2</td>
<td>com.arcapi.Transittestcases.ConsumptionUpdatePUTAPITest@5e955596</td></tr>
<tr>
<td title='com.arcapi.Transittestcases.CreateAssetTransitBelowAPITest.CreateAssetPOSTAPI()'><b>CreateAssetPOSTAPI</b><br>Test class: com.arcapi.Transittestcases.CreateAssetTransitBelowAPITest<br>Parameters: DEV, transit, ProjectIDTransitBelow, 2, US</td>
<td></td>
<td>26</td>
<td>com.arcapi.Transittestcases.CreateAssetTransitBelowAPITest@6483f5ae</td></tr>
<tr>
<td title='com.arcapi.Transittestcases.CreditAddTeamPOSTAPITest.CreditAddTeamPOSTAPI()'><b>CreditAddTeamPOSTAPI</b><br>Test class: com.arcapi.Transittestcases.CreditAddTeamPOSTAPITest<br>Parameters: DEV, ProjectIDTransitBelow, 2, TransitBelowCredit, 3</td>
<td></td>
<td>196</td>
<td>com.arcapi.Transittestcases.CreditAddTeamPOSTAPITest@1e4a7dd4</td></tr>
<tr>
<td title='com.arcapi.Transittestcases.CreditFormDownloadAPITest.CreditFormDownloadAPI()'><b>CreditFormDownloadAPI</b><br>Test class: com.arcapi.Transittestcases.CreditFormDownloadAPITest<br>Parameters: DEV, ProjectIDTransitBelow, 2, TransitBelowCredit</td>
<td></td>
<td>10</td>
<td>com.arcapi.Transittestcases.CreditFormDownloadAPITest@48a242ce</td></tr>
<tr>
<td title='com.arcapi.Transittestcases.CreditGetAPITest.CreditGetAPI()'><b>CreditGetAPI</b><br>Test class: com.arcapi.Transittestcases.CreditGetAPITest<br>Parameters: DEV, ProjectIDTransitBelow, 2, TransitBelowCredit</td>
<td></td>
<td>18</td>
<td>com.arcapi.Transittestcases.CreditGetAPITest@5f71c76a</td></tr>
<tr>
<td title='com.arcapi.Transittestcases.CreditUpdatePUTAPITest.CreditUpdatePUTAPI()'><b>CreditUpdatePUTAPI</b><br>Test class: com.arcapi.Transittestcases.CreditUpdatePUTAPITest<br>Parameters: DEV, ProjectIDTransitBelow, 2, transit, TransitBelowCredit, 3</td>
<td></td>
<td>129</td>
<td>com.arcapi.Transittestcases.CreditUpdatePUTAPITest@1d7acb34</td></tr>
<tr>
<td title='com.arcapi.Transittestcases.DeleteAllAppsAPITest.DeleteAllAppsAPI()'><b>DeleteAllAppsAPI</b><br>Test class: com.arcapi.Transittestcases.DeleteAllAppsAPITest<br>Parameters: DEV, ProjectIDTransitBelow, 2</td>
<td></td>
<td>5</td>
<td>com.arcapi.Transittestcases.DeleteAllAppsAPITest@58a90037</td></tr>
<tr>
<td title='com.arcapi.Transittestcases.DownloadDocumentsAPITest.DownloadDocumentsAPI()'><b>DownloadDocumentsAPI</b><br>Test class: com.arcapi.Transittestcases.DownloadDocumentsAPITest<br>Parameters: DEV, ProjectIDTransitBelow, 2</td>
<td></td>
<td>5</td>
<td>com.arcapi.Transittestcases.DownloadDocumentsAPITest@43d7741f</td></tr>
<tr>
<td title='com.arcapi.Transittestcases.EnvironmentSurveyCreatePOSTAPITest.EnvironmentSurveyCreatePOSTAPI()'><b>EnvironmentSurveyCreatePOSTAPI</b><br>Test class: com.arcapi.Transittestcases.EnvironmentSurveyCreatePOSTAPITest<br>Parameters: DEV, ProjectIDTransitBelow, 2</td>
<td></td>
<td>2</td>
<td>com.arcapi.Transittestcases.EnvironmentSurveyCreatePOSTAPITest@76b10754</td></tr>
<tr>
<td title='com.arcapi.Transittestcases.EnvironmentSurveyGetAPITest.EnvironmentSurveyGetAPI()'><b>EnvironmentSurveyGetAPI</b><br>Test class: com.arcapi.Transittestcases.EnvironmentSurveyGetAPITest<br>Parameters: DEV, ProjectIDTransitBelow, 2</td>
<td></td>
<td>2</td>
<td>com.arcapi.Transittestcases.EnvironmentSurveyGetAPITest@2bea5ab4</td></tr>
<tr>
<td title='com.arcapi.Transittestcases.EnvironmentSurveySummarizeAPITest.EnvironmentSurveySummarizeAPI()'><b>EnvironmentSurveySummarizeAPI</b><br>Test class: com.arcapi.Transittestcases.EnvironmentSurveySummarizeAPITest<br>Parameters: DEV, ProjectIDTransitBelow, 2</td>
<td></td>
<td>2</td>
<td>com.arcapi.Transittestcases.EnvironmentSurveySummarizeAPITest@3d8314f0</td></tr>
<tr>
<td title='com.arcapi.Transittestcases.ExcelUploadTemplatePOSTAPITest.ExcelUploadTemplatePOSTAPI()'><b>ExcelUploadTemplatePOSTAPI</b><br>Test class: com.arcapi.Transittestcases.ExcelUploadTemplatePOSTAPITest<br>Parameters: DEV, ProjectIDTransitBelow, 2</td>
<td></td>
<td>3</td>
<td>com.arcapi.Transittestcases.ExcelUploadTemplatePOSTAPITest@101df177</td></tr>
<tr>
<td title='com.arcapi.Transittestcases.FetchingAgreementDetailsAPITest.FetchingAgreementDetailsAPI()'><b>FetchingAgreementDetailsAPI</b><br>Test class: com.arcapi.Transittestcases.FetchingAgreementDetailsAPITest<br>Parameters: DEV, ProjectIDTransitBelow, 2</td>
<td></td>
<td>4</td>
<td>com.arcapi.Transittestcases.FetchingAgreementDetailsAPITest@69379752</td></tr>
<tr>
<td title='com.arcapi.Transittestcases.InstallAllAppsAfterDeleteAPITest.InstallAllAppsAfterDeleteAPI()'><b>InstallAllAppsAfterDeleteAPI</b><br>Test class: com.arcapi.Transittestcases.InstallAllAppsAfterDeleteAPITest<br>Parameters: DEV, ProjectIDTransitBelow, 2</td>
<td></td>
<td>5</td>
<td>com.arcapi.Transittestcases.InstallAllAppsAfterDeleteAPITest@74294adb</td></tr>
<tr>
<td title='com.arcapi.Transittestcases.LOTokenAPITest.LOTokenAPI()'><b>LOTokenAPI</b><br>Test class: com.arcapi.Transittestcases.LOTokenAPITest<br>Parameters: DEV, 2</td>
<td></td>
<td>2</td>
<td>com.arcapi.Transittestcases.LOTokenAPITest@2f8f5f62</td></tr>
<tr>
<td title='com.arcapi.Transittestcases.LoginAPITest.LoginAPI()'><b>LoginAPI</b><br>Test class: com.arcapi.Transittestcases.LoginAPITest<br>Parameters: DEV, 2</td>
<td></td>
<td>20</td>
<td>com.arcapi.Transittestcases.LoginAPITest@134593bf</td></tr>
<tr>
<td title='com.arcapi.Transittestcases.MeterBulkConsumptionPOSTAPITest.MeterBulkConsumptionPOSTAPI()'><b>MeterBulkConsumptionPOSTAPI</b><br>Test class: com.arcapi.Transittestcases.MeterBulkConsumptionPOSTAPITest<br>Parameters: DEV, ProjectIDTransitBelow, 2</td>
<td></td>
<td>2</td>
<td>com.arcapi.Transittestcases.MeterBulkConsumptionPOSTAPITest@51b279c9</td></tr>
<tr>
<td title='com.arcapi.Transittestcases.MeterCreatePOSTAPITest.MeterCreatePOSTAPI()'><b>MeterCreatePOSTAPI</b><br>Test class: com.arcapi.Transittestcases.MeterCreatePOSTAPITest<br>Parameters: DEV, ProjectIDTransitBelow, 2</td>
<td></td>
<td>2</td>
<td>com.arcapi.Transittestcases.MeterCreatePOSTAPITest@4b9e255</td></tr>
<tr>
<td title='com.arcapi.Transittestcases.MeterDeleteAPITest.MeterDeleteAPI()'><b>MeterDeleteAPI</b><br>Test class: com.arcapi.Transittestcases.MeterDeleteAPITest<br>Parameters: DEV, ProjectIDTransitBelow, 2</td>
<td></td>
<td>2</td>
<td>com.arcapi.Transittestcases.MeterDeleteAPITest@2473b9ce</td></tr>
<tr>
<td title='com.arcapi.Transittestcases.MeterUpdatePUTAPITest.MeterUpdatePUTAPI()'><b>MeterUpdatePUTAPI</b><br>Test class: com.arcapi.Transittestcases.MeterUpdatePUTAPITest<br>Parameters: DEV, ProjectIDTransitBelow, 2</td>
<td></td>
<td>2</td>
<td>com.arcapi.Transittestcases.MeterUpdatePUTAPITest@133e16fd</td></tr>
<tr>
<td title='com.arcapi.Transittestcases.MetersAPITest.MetersAPI()'><b>MetersAPI</b><br>Test class: com.arcapi.Transittestcases.MetersAPITest<br>Parameters: DEV, ProjectIDTransitBelow, 2</td>
<td></td>
<td>2</td>
<td>com.arcapi.Transittestcases.MetersAPITest@4f51b3e0</td></tr>
<tr>
<td title='com.arcapi.Transittestcases.ExcelTemplateMetersAPITest.MetersAPI()'><b>MetersAPI</b><br>Test class: com.arcapi.Transittestcases.ExcelTemplateMetersAPITest<br>Parameters: DEV, ProjectIDTransitBelow, 2</td>
<td></td>
<td>3</td>
<td>com.arcapi.Transittestcases.ExcelTemplateMetersAPITest@32cf48b7</td></tr>
<tr>
<td title='com.arcapi.Transittestcases.NotificationSubscriptionDetailGetTest.NotificationSubscriptionDetail()'><b>NotificationSubscriptionDetail</b><br>Test class: com.arcapi.Transittestcases.NotificationSubscriptionDetailGetTest<br>Parameters: DEV, ProjectIDTransitBelow, 2</td>
<td></td>
<td>1</td>
<td>com.arcapi.Transittestcases.NotificationSubscriptionDetailGetTest@7181ae3f</td></tr>
<tr>
<td title='com.arcapi.Transittestcases.NotificationSubscriptionDetailPutTest.NotificationSubscriptionDetail()'><b>NotificationSubscriptionDetail</b><br>Test class: com.arcapi.Transittestcases.NotificationSubscriptionDetailPutTest<br>Parameters: DEV, ProjectIDTransitBelow, 2</td>
<td></td>
<td>2</td>
<td>com.arcapi.Transittestcases.NotificationSubscriptionDetailPutTest@46238e3f</td></tr>
<tr>
<td title='com.arcapi.Transittestcases.NotificationSubscriptionDetailDeleteTest.NotificationSubscriptionDetailDelete()'><b>NotificationSubscriptionDetailDelete</b><br>Test class: com.arcapi.Transittestcases.NotificationSubscriptionDetailDeleteTest<br>Parameters: DEV, ProjectIDTransitBelow, 2</td>
<td></td>
<td>2</td>
<td>com.arcapi.Transittestcases.NotificationSubscriptionDetailDeleteTest@6e2c9341</td></tr>
<tr>
<td title='com.arcapi.Transittestcases.PaymentHistoryAPITest.PaymentHistoryAPI()'><b>PaymentHistoryAPI</b><br>Test class: com.arcapi.Transittestcases.PaymentHistoryAPITest<br>Parameters: DEV, ProjectIDTransitBelow, 2</td>
<td></td>
<td>7</td>
<td>com.arcapi.Transittestcases.PaymentHistoryAPITest@543e710e</td></tr>
<tr>
<td title='com.arcapi.Transittestcases.PaymentOrderGetAPITest.PaymentOrderGetAPI()'><b>PaymentOrderGetAPI</b><br>Test class: com.arcapi.Transittestcases.PaymentOrderGetAPITest<br>Parameters: DEV, ProjectIDTransitBelow, 2</td>
<td></td>
<td>3</td>
<td>com.arcapi.Transittestcases.PaymentOrderGetAPITest@5427c60c</td></tr>
<tr>
<td title='com.arcapi.Transittestcases.PaymentOrderSubmitPOSTAPITest.PaymentOrderSubmitPOSTAPI()'><b>PaymentOrderSubmitPOSTAPI</b><br>Test class: com.arcapi.Transittestcases.PaymentOrderSubmitPOSTAPITest<br>Parameters: DEV, ProjectIDTransitBelow, 2, CreditCardPayment</td>
<td></td>
<td>41</td>
<td>com.arcapi.Transittestcases.PaymentOrderSubmitPOSTAPITest@73d4cc9e</td></tr>
<tr>
<td title='com.arcapi.Transittestcases.RecomputePerformanceScoreGetTest.RecomputePerformanceScoreGet()'><b>RecomputePerformanceScoreGet</b><br>Test class: com.arcapi.Transittestcases.RecomputePerformanceScoreGetTest<br>Parameters: DEV, ProjectIDTransitBelow, 2</td>
<td></td>
<td>8</td>
<td>com.arcapi.Transittestcases.RecomputePerformanceScoreGetTest@4e4aea35</td></tr>
<tr>
<td title='com.arcapi.Transittestcases.RegistrationPaymentPricingGetAPITest.RegistrationPaymentPricingGetAPI()'><b>RegistrationPaymentPricingGetAPI</b><br>Test class: com.arcapi.Transittestcases.RegistrationPaymentPricingGetAPITest<br>Parameters: DEV, ProjectIDTransitBelow, 2</td>
<td></td>
<td>3</td>
<td>com.arcapi.Transittestcases.RegistrationPaymentPricingGetAPITest@382db087</td></tr>
<tr>
<td title='com.arcapi.Transittestcases.ReviewCertificationPricingAPITest.ReviewCertificationPricingAPI()'><b>ReviewCertificationPricingAPI</b><br>Test class: com.arcapi.Transittestcases.ReviewCertificationPricingAPITest<br>Parameters: DEV, ProjectIDTransitBelow, 2, precertification review</td>
<td></td>
<td>4</td>
<td>com.arcapi.Transittestcases.ReviewCertificationPricingAPITest@1442d7b5</td></tr>
<tr>
<td title='com.arcapi.Transittestcases.S3DocumentListAPITest.S3DocumentListAPI()'><b>S3DocumentListAPI</b><br>Test class: com.arcapi.Transittestcases.S3DocumentListAPITest<br>Parameters: DEV, ProjectIDTransitBelow, 2</td>
<td></td>
<td>2</td>
<td>com.arcapi.Transittestcases.S3DocumentListAPITest@1188e820</td></tr>
<tr>
<td title='com.arcapi.Transittestcases.S3DocumentRemoveAPITest.S3DocumentRemoveAPI()'><b>S3DocumentRemoveAPI</b><br>Test class: com.arcapi.Transittestcases.S3DocumentRemoveAPITest<br>Parameters: DEV, ProjectIDTransitBelow, 2</td>
<td></td>
<td>2</td>
<td>com.arcapi.Transittestcases.S3DocumentRemoveAPITest@2f490758</td></tr>
<tr>
<td title='com.arcapi.Transittestcases.S3DocumentUploadPOSTAPITest.S3DocumentUploadPOSTAPI()'><b>S3DocumentUploadPOSTAPI</b><br>Test class: com.arcapi.Transittestcases.S3DocumentUploadPOSTAPITest<br>Parameters: DEV, ProjectIDTransitBelow, 2</td>
<td></td>
<td>22</td>
<td>com.arcapi.Transittestcases.S3DocumentUploadPOSTAPITest@130f889</td></tr>
<tr>
<td title='com.arcapi.Transittestcases.SignAgreementRegistrationAPITest.SignAgreementRegistrationAPI()'><b>SignAgreementRegistrationAPI</b><br>Test class: com.arcapi.Transittestcases.SignAgreementRegistrationAPITest<br>Parameters: DEV, ProjectIDTransitBelow, 2</td>
<td></td>
<td>8</td>
<td>com.arcapi.Transittestcases.SignAgreementRegistrationAPITest@b9afc07</td></tr>
<tr>
<td title='com.arcapi.Transittestcases.SubmitReviewGetAPITest.SubmitReviewGetAPI()'><b>SubmitReviewGetAPI</b><br>Test class: com.arcapi.Transittestcases.SubmitReviewGetAPITest<br>Parameters: DEV, ProjectIDTransitBelow, 2</td>
<td></td>
<td>2</td>
<td>com.arcapi.Transittestcases.SubmitReviewGetAPITest@1ee807c6</td></tr>
<tr>
<td title='com.arcapi.Transittestcases.TransitSurveyAPITest.TransitSurveyAPI()'><b>TransitSurveyAPI</b><br>Test class: com.arcapi.Transittestcases.TransitSurveyAPITest<br>Parameters: DEV, ProjectIDTransitBelow, 2</td>
<td></td>
<td>2</td>
<td>com.arcapi.Transittestcases.TransitSurveyAPITest@6c9f5c0d</td></tr>
<tr>
<td title='com.arcapi.Transittestcases.TransitSurveyCreatePOSTAPITest.TransitSurveyCreatePOSTAPI()'><b>TransitSurveyCreatePOSTAPI</b><br>Test class: com.arcapi.Transittestcases.TransitSurveyCreatePOSTAPITest<br>Parameters: DEV, ProjectIDTransitBelow, 2</td>
<td></td>
<td>2</td>
<td>com.arcapi.Transittestcases.TransitSurveyCreatePOSTAPITest@17695df3</td></tr>
<tr>
<td title='com.arcapi.Transittestcases.TransitSurveySummarizeSurveyAPITest.TransitSurveySummarizeSurveyAPI()'><b>TransitSurveySummarizeSurveyAPI</b><br>Test class: com.arcapi.Transittestcases.TransitSurveySummarizeSurveyAPITest<br>Parameters: DEV, ProjectIDTransitBelow, 2</td>
<td></td>
<td>2</td>
<td>com.arcapi.Transittestcases.TransitSurveySummarizeSurveyAPITest@de3a06f</td></tr>
<tr>
<td title='com.arcapi.Transittestcases.UserAccessLevelSAPGetTest.UserAccessLevelSAPGet()'><b>UserAccessLevelSAPGet</b><br>Test class: com.arcapi.Transittestcases.UserAccessLevelSAPGetTest</td>
<td></td>
<td>2</td>
<td>com.arcapi.Transittestcases.UserAccessLevelSAPGetTest@7ba18f1b</td></tr>
<tr>
<td title='com.arcapi.Transittestcases.UserDetailAPITest.UserDetailAPI()'><b>UserDetailAPI</b><br>Test class: com.arcapi.Transittestcases.UserDetailAPITest<br>Parameters: DEV, 2</td>
<td></td>
<td>3</td>
<td>com.arcapi.Transittestcases.UserDetailAPITest@4bb4de6a</td></tr>
<tr>
<td title='com.arcapi.Transittestcases.VerifyAgreementDeleteAPITest.VerifyAgreementDeleteAPI()'><b>VerifyAgreementDeleteAPI</b><br>Test class: com.arcapi.Transittestcases.VerifyAgreementDeleteAPITest<br>Parameters: DEV, ProjectIDTransitBelow, 2</td>
<td></td>
<td>1</td>
<td>com.arcapi.Transittestcases.VerifyAgreementDeleteAPITest@27fe3806</td></tr>
<tr>
<td title='com.arcapi.Transittestcases.VerifyAgreementPresentAPITest.VerifyAgreementPresentAPI()'><b>VerifyAgreementPresentAPI</b><br>Test class: com.arcapi.Transittestcases.VerifyAgreementPresentAPITest<br>Parameters: DEV, ProjectIDTransitBelow, 2</td>
<td></td>
<td>4</td>
<td>com.arcapi.Transittestcases.VerifyAgreementPresentAPITest@17baae6e</td></tr>
<tr>
<td title='com.arcapi.Transittestcases.VerifyExcelTemplateConsumptionAPITest.VerifyExcelTemplateConsumptionAPI()'><b>VerifyExcelTemplateConsumptionAPI</b><br>Test class: com.arcapi.Transittestcases.VerifyExcelTemplateConsumptionAPITest<br>Parameters: DEV, ProjectIDTransitBelow, 2</td>
<td></td>
<td>11</td>
<td>com.arcapi.Transittestcases.VerifyExcelTemplateConsumptionAPITest@679b62af</td></tr>
<tr>
<td title='com.arcapi.Transittestcases.VerifyProjectRegisteredAssetListTest.VerifyProjectRegisteredAssetList()'><b>VerifyProjectRegisteredAssetList</b><br>Test class: com.arcapi.Transittestcases.VerifyProjectRegisteredAssetListTest<br>Parameters: DEV, ProjectIDTransitBelow, 2</td>
<td></td>
<td>2</td>
<td>com.arcapi.Transittestcases.VerifyProjectRegisteredAssetListTest@44f75083</td></tr>
<tr>
<td title='com.arcapi.Transittestcases.VerifyWasteDataExcelAPITest.VerifyWasteDataExcelAPI()'><b>VerifyWasteDataExcelAPI</b><br>Test class: com.arcapi.Transittestcases.VerifyWasteDataExcelAPITest<br>Parameters: DEV, ProjectIDTransitBelow, 2</td>
<td></td>
<td>2</td>
<td>com.arcapi.Transittestcases.VerifyWasteDataExcelAPITest@5cdd8682</td></tr>
<tr>
<td title='com.arcapi.Transittestcases.WasteCreatePOSTAPITest.WasteCreatePOSTAPI()'><b>WasteCreatePOSTAPI</b><br>Test class: com.arcapi.Transittestcases.WasteCreatePOSTAPITest<br>Parameters: DEV, ProjectIDTransitBelow, 2</td>
<td></td>
<td>2</td>
<td>com.arcapi.Transittestcases.WasteCreatePOSTAPITest@60438a68</td></tr>
<tr>
<td title='com.arcapi.Transittestcases.WasteDetailAPITest.WasteDetailAPI()'><b>WasteDetailAPI</b><br>Test class: com.arcapi.Transittestcases.WasteDetailAPITest<br>Parameters: DEV, ProjectIDTransitBelow, 2</td>
<td></td>
<td>2</td>
<td>com.arcapi.Transittestcases.WasteDetailAPITest@3439f68d</td></tr>
<tr>
<td title='com.arcapi.Transittestcases.WasteDetailDeleteAPITest.WasteDetailDeleteAPI()'><b>WasteDetailDeleteAPI</b><br>Test class: com.arcapi.Transittestcases.WasteDetailDeleteAPITest<br>Parameters: DEV, ProjectIDTransitBelow, 2</td>
<td></td>
<td>2</td>
<td>com.arcapi.Transittestcases.WasteDetailDeleteAPITest@71d15f18</td></tr>
<tr>
<td title='com.arcapi.Transittestcases.WasteGetAPITest.WasteGetAPI()'><b>WasteGetAPI</b><br>Test class: com.arcapi.Transittestcases.WasteGetAPITest<br>Parameters: DEV, ProjectIDTransitBelow, 2</td>
<td></td>
<td>2</td>
<td>com.arcapi.Transittestcases.WasteGetAPITest@140e5a13</td></tr>
<tr>
<td title='com.arcapi.Transittestcases.WasteUpdatePUTAPITest.WasteUpdatePUTAPI()'><b>WasteUpdatePUTAPI</b><br>Test class: com.arcapi.Transittestcases.WasteUpdatePUTAPITest<br>Parameters: DEV, ProjectIDTransitBelow, 2</td>
<td></td>
<td>2</td>
<td>com.arcapi.Transittestcases.WasteUpdatePUTAPITest@dbd940d</td></tr>
</table><p>
</body>
</html>