<?xml version="1.0" encoding="UTF-8"?>
<!-- Generated by org.testng.reporters.JUnitXMLReporter -->
<testsuite hostname="G10GNLT041" ignored="0" name="CompleteFlowTest-Community-None" tests="82" failures="3" timestamp="01 May 2019 06:44:32 GMT" time="817.867" errors="0">
  <testcase name="LoginAPI" time="19.121" classname="com.arcapi.Communitytestcases.LoginAPITest"/>
  <testcase name="UserDetailAPI" time="5.764" classname="com.arcapi.Communitytestcases.UserDetailAPITest"/>
  <testcase name="UserAccessLevelSAPGet" time="4.21" classname="com.arcapi.Communitytestcases.UserAccessLevelSAPGetTest"/>
  <testcase name="LOTokenAPI" time="4.205" classname="com.arcapi.Communitytestcases.LOTokenAPITest"/>
  <testcase name="AssetSearchAPI" time="3.199" classname="com.arcapi.Communitytestcases.AssetSearchAPITest"/>
  <testcase name="AssetValidationInfoPOSTAPI" time="5.548" classname="com.arcapi.Communitytestcases.AssetValidationInfoPOSTAPITest"/>
  <testcase name="AssetSearchOwnerAPI" time="2.967" classname="com.arcapi.Communitytestcases.AssetSearchOwnerAPITest"/>
  <testcase name="AssetOwnerOrgPOSTAPI" time="7.177" classname="com.arcapi.Communitytestcases.AssetOwnerOrgPOSTAPITest"/>
  <testcase name="AssetListAPI" time="3.655" classname="com.arcapi.Communitytestcases.AssetListAPITest"/>
  <testcase name="CreateAssetPOSTAPI" time="26.749" classname="com.arcapi.Communitytestcases.CreateAssetCommunityNoneAPITest"/>
  <testcase name="SignAgreementRegistrationAPI" time="9.4" classname="com.arcapi.Communitytestcases.SignAgreementRegistrationAPITest"/>
  <testcase name="RegistrationPaymentPricingGetAPI" time="5.445" classname="com.arcapi.Communitytestcases.RegistrationPaymentPricingGetAPITest"/>
  <testcase name="PaymentOrderSubmitPOSTAPI" time="48.046" classname="com.arcapi.Communitytestcases.PaymentOrderSubmitPOSTAPITest"/>
  <testcase name="AddAssestTimeline" time="20.014" classname="com.arcapi.Communitytestcases.AddAssestTimelinePOSTAPITest"/>
  <testcase name="PaymentOrderGetAPI" time="4.088" classname="com.arcapi.Communitytestcases.PaymentOrderGetAPITest"/>
  <testcase name="PaymentReceiptAPI" time="3.524" classname="com.arcapi.Communitytestcases.PaymentReceiptAPITest">
    <failure type="java.lang.AssertionError" message="1 expectation failed.
Expected status code &amp;lt;200&amp;gt; doesn&amp;apos;t match actual status code &amp;lt;400&amp;gt;.
">
      <![CDATA[java.lang.AssertionError: 1 expectation failed.Expected status code <200> doesn't match actual status code <400>.at org.codehaus.groovy.runtime.callsite.ConstructorSite$ConstructorSiteNoUnwrap.callConstructor(ConstructorSite.java:84)at org.codehaus.groovy.runtime.callsite.CallSiteArray.defaultCallConstructor(CallSiteArray.java:60)at org.codehaus.groovy.runtime.callsite.AbstractCallSite.callConstructor(AbstractCallSite.java:235)at org.codehaus.groovy.runtime.callsite.AbstractCallSite.callConstructor(AbstractCallSite.java:247)at com.jayway.restassured.internal.ResponseSpecificationImpl$HamcrestAssertionClosure.validate(ResponseSpecificationImpl.groovy:598)at com.jayway.restassured.internal.ResponseSpecificationImpl$HamcrestAssertionClosure$validate$1.call(Unknown Source)at com.jayway.restassured.internal.ResponseSpecificationImpl.validate(ResponseSpecificationImpl.groovy:86)at com.jayway.restassured.internal.ValidatableResponseOptionsImpl.specification(ValidatableResponseOptionsImpl.java:307)at com.jayway.restassured.internal.ValidatableResponseOptionsImpl.spec(ValidatableResponseOptionsImpl.java:288)at com.arcapi.Communitytestcases.PaymentReceiptAPITest.PaymentReceiptAPI(PaymentReceiptAPITest.java:46)... Removed 32 stack frames]]>
    </failure>
  </testcase> <!-- PaymentReceiptAPI -->
  <testcase name="PaymentHistoryAPI" time="4.085" classname="com.arcapi.Communitytestcases.PaymentHistoryAPITest"/>
  <testcase name="AssetDetailAPI" time="3.706" classname="com.arcapi.Communitytestcases.AssetDetailAPITest"/>
  <testcase name="AssetUpdateforNewAssetPUTAPI" time="8.484" classname="com.arcapi.Communitytestcases.AssetUpdateCommunityNoneAPITest"/>
  <testcase name="AssetDetailAPI" time="3.463" classname="com.arcapi.Communitytestcases.VerifyAssetDetailAPITest"/>
  <testcase name="VerifyProjectRegisteredAssetList" time="3.43" classname="com.arcapi.Communitytestcases.VerifyProjectRegisteredAssetListTest"/>
  <testcase name="AssetDocumentAPI" time="7.724" classname="com.arcapi.Communitytestcases.AssetDocumentAPITest"/>
  <testcase name="DownloadDocumentsAPI" time="8.835" classname="com.arcapi.Communitytestcases.DownloadDocumentsAPITest"/>
  <testcase name="VerifyAgreementPresentAPI" time="6.314" classname="com.arcapi.Communitytestcases.VerifyAgreementPresentAPITest"/>
  <testcase name="FetchingAgreementDetailsAPI" time="7.157" classname="com.arcapi.Communitytestcases.FetchingAgreementDetailsAPITest"/>
  <testcase name="VerifyAgreementDeleteAPI" time="3.469" classname="com.arcapi.Communitytestcases.VerifyAgreementDeleteAPITest">
    <failure type="java.lang.AssertionError" message="1 expectation failed.
Expected status code &amp;lt;403&amp;gt; doesn&amp;apos;t match actual status code &amp;lt;404&amp;gt;.
">
      <![CDATA[java.lang.AssertionError: 1 expectation failed.Expected status code <403> doesn't match actual status code <404>.at org.codehaus.groovy.runtime.callsite.ConstructorSite$ConstructorSiteNoUnwrap.callConstructor(ConstructorSite.java:84)at org.codehaus.groovy.runtime.callsite.AbstractCallSite.callConstructor(AbstractCallSite.java:247)at com.jayway.restassured.internal.ResponseSpecificationImpl$HamcrestAssertionClosure.validate(ResponseSpecificationImpl.groovy:598)at com.jayway.restassured.internal.ResponseSpecificationImpl$HamcrestAssertionClosure$validate$1.call(Unknown Source)at com.jayway.restassured.internal.ResponseSpecificationImpl.validateResponseIfRequired(ResponseSpecificationImpl.groovy:760)at org.codehaus.groovy.runtime.callsite.PogoMetaMethodSite$PogoCachedMethodSiteNoUnwrapNoCoerce.invoke(PogoMetaMethodSite.java:210)at org.codehaus.groovy.runtime.callsite.PogoMetaMethodSite.callCurrent(PogoMetaMethodSite.java:59)at org.codehaus.groovy.runtime.callsite.AbstractCallSite.callCurrent(AbstractCallSite.java:166)at com.jayway.restassured.internal.ResponseSpecificationImpl.statusCode(ResponseSpecificationImpl.groovy:120)at com.jayway.restassured.specification.ResponseSpecification$statusCode$0.callCurrent(Unknown Source)at com.jayway.restassured.internal.ResponseSpecificationImpl.statusCode(ResponseSpecificationImpl.groovy:128)at com.jayway.restassured.internal.ValidatableResponseOptionsImpl.statusCode(ValidatableResponseOptionsImpl.java:117)at com.arcapi.Communitytestcases.VerifyAgreementDeleteAPITest.VerifyAgreementDeleteAPI(VerifyAgreementDeleteAPITest.java:69)... Removed 35 stack frames]]>
    </failure>
  </testcase> <!-- VerifyAgreementDeleteAPI -->
  <testcase name="CreditGetAPI" time="16.254" classname="com.arcapi.Communitytestcases.CreditGetAPITest"/>
  <testcase name="CreditAddTeamPOSTAPI" time="35.029" classname="com.arcapi.Communitytestcases.CreditAddTeamPOSTAPITest"/>
  <testcase name="MeasuresListAPI" time="5.952" classname="com.arcapi.Communitytestcases.MeasuresListAPITest"/>
  <testcase name="MeasuresDetailAPI" time="3.51" classname="com.arcapi.Communitytestcases.MeasuresDetailAPITest"/>
  <testcase name="MeasuresPostAPI" time="26.355" classname="com.arcapi.Communitytestcases.MeasuresPostAPITest"/>
  <testcase name="MeasuresUpdateAPI" time="6.953" classname="com.arcapi.Communitytestcases.MeasuresUpdateAPITest"/>
  <testcase name="MeasuresVersionListAPI" time="3.125" classname="com.arcapi.Communitytestcases.MeasuresVersionListAPITest"/>
  <testcase name="MeasuresVersionDetailAPI" time="3.273" classname="com.arcapi.Communitytestcases.MeasuresVersionDetailAPITest"/>
  <testcase name="MeasuresVersionPostAPI" time="3.288" classname="com.arcapi.Communitytestcases.MeasuresVersionPostAPITest"/>
  <testcase name="MeterCreatePOSTAPI" time="33.363" classname="com.arcapi.Communitytestcases.MeterCreateAPICityCommTest"/>
  <testcase name="ConsumptionCreatePOSTAPI" time="35.23" classname="com.arcapi.Communitytestcases.CityCommConsumptionCreateAPITest"/>
  <testcase name="AssetTeamMemberRoleAPI" time="5.852" classname="com.arcapi.Communitytestcases.AssetTeamMemberRoleAPITest"/>
  <testcase name="AssetTeamMemberListAPI" time="6.111" classname="com.arcapi.Communitytestcases.AssetTeamMemberListAPITest"/>
  <testcase name="AssetTeamMemberAddPOSTAPI" time="9.092" classname="com.arcapi.Communitytestcases.AssetTeamMemberAddPOSTAPITest"/>
  <testcase name="AssetTeamMemberUpdateAPI" time="8.567" classname="com.arcapi.Communitytestcases.AssetTeamMemberUpdateAPITest"/>
  <testcase name="AssetTeamMemberRemoveAPI" time="10.036" classname="com.arcapi.Communitytestcases.AssetTeamMemberRemoveAPITest"/>
  <testcase name="DeleteAllAppsAPI" time="6.856" classname="com.arcapi.Communitytestcases.DeleteAllAppsAPITest"/>
  <testcase name="InstallAllAppsAfterDeleteAPI" time="6.89" classname="com.arcapi.Communitytestcases.InstallAllAppsAfterDeleteAPITest"/>
  <testcase name="VerifyAdminRemoveAPI" time="4.07" classname="com.arcapi.Communitytestcases.VerifyAdminRemoveAPITest">
    <failure type="java.lang.AssertionError" message="1 expectation failed.
Expected status code &amp;lt;200&amp;gt; doesn&amp;apos;t match actual status code &amp;lt;400&amp;gt;.
">
      <![CDATA[java.lang.AssertionError: 1 expectation failed.Expected status code <200> doesn't match actual status code <400>.at org.codehaus.groovy.runtime.callsite.ConstructorSite$ConstructorSiteNoUnwrap.callConstructor(ConstructorSite.java:84)at org.codehaus.groovy.runtime.callsite.AbstractCallSite.callConstructor(AbstractCallSite.java:247)at com.jayway.restassured.internal.ResponseSpecificationImpl$HamcrestAssertionClosure.validate(ResponseSpecificationImpl.groovy:598)at com.jayway.restassured.internal.ResponseSpecificationImpl$HamcrestAssertionClosure$validate$1.call(Unknown Source)at com.jayway.restassured.internal.RequestSpecificationImpl.applyPathParamsAndSendRequest(RequestSpecificationImpl.groovy:1597)at groovy.lang.MetaMethod.doMethodInvoke(MetaMethod.java:325)at groovy.lang.MetaClassImpl.invokeMethod(MetaClassImpl.java:1210)at groovy.lang.MetaClassImpl.invokeMethod(MetaClassImpl.java:1019)at groovy.lang.MetaClassImpl.invokeMethod(MetaClassImpl.java:810)at com.jayway.restassured.internal.RequestSpecificationImpl.invokeMethod(RequestSpecificationImpl.groovy)at org.codehaus.groovy.runtime.callsite.PogoInterceptableSite.call(PogoInterceptableSite.java:48)at org.codehaus.groovy.runtime.callsite.PogoInterceptableSite.callCurrent(PogoInterceptableSite.java:58)at org.codehaus.groovy.runtime.callsite.AbstractCallSite.callCurrent(AbstractCallSite.java:182)at com.jayway.restassured.internal.RequestSpecificationImpl.post(RequestSpecificationImpl.groovy:164)at com.jayway.restassured.internal.RequestSpecificationImpl.post(RequestSpecificationImpl.groovy)at groovy.lang.MetaMethod.doMethodInvoke(MetaMethod.java:325)at groovy.lang.MetaClassImpl.invokeMethod(MetaClassImpl.java:1210)at groovy.lang.MetaClassImpl.invokeMethod(MetaClassImpl.java:1019)at groovy.lang.MetaClassImpl.invokeMethod(MetaClassImpl.java:810)at com.jayway.restassured.internal.RequestSpecificationImpl.invokeMethod(RequestSpecificationImpl.groovy)at org.codehaus.groovy.runtime.callsite.PogoInterceptableSite.call(PogoInterceptableSite.java:48)at org.codehaus.groovy.runtime.callsite.AbstractCallSite.call(AbstractCallSite.java:133)at com.jayway.restassured.internal.ResponseSpecificationImpl.post(ResponseSpecificationImpl.groovy:293)at com.jayway.restassured.internal.ResponseSpecificationImpl.post(ResponseSpecificationImpl.groovy)at com.arc.driver.CommonMethod.GeneratingAuthCodeForLOUser(CommonMethod.java:81)at com.arcapi.Communitytestcases.VerifyAdminRemoveAPITest.VerifyAdminRemoveAPI(VerifyAdminRemoveAPITest.java:27)... Removed 41 stack frames]]>
    </failure>
  </testcase> <!-- VerifyAdminRemoveAPI -->
  <testcase name="S3DocumentUploadPOSTAPI" time="23.48" classname="com.arcapi.Communitytestcases.S3DocumentUploadPOSTAPITest"/>
  <testcase name="S3DocumentListAPI" time="3.641" classname="com.arcapi.Communitytestcases.S3DocumentListAPITest"/>
  <testcase name="S3DocumentRemoveAPI" time="3.945" classname="com.arcapi.Communitytestcases.S3DocumentRemoveAPITest"/>
  <testcase name="AssetTeamPermissionListAPI" time="5.985" classname="com.arcapi.Communitytestcases.AssetTeamPermissionListAPITest"/>
  <testcase name="AssetTeamPermissionPostAPI" time="6.233" classname="com.arcapi.Communitytestcases.AssetTeamPermissionPostAPITest"/>
  <testcase name="AssetTeamPermissionPutAPI" time="6.278" classname="com.arcapi.Communitytestcases.AssetTeamPermissionPutAPITest"/>
  <testcase name="AssetNotificationSubscriptionList" time="3.267" classname="com.arcapi.Communitytestcases.AssetNotificationSubscriptionListTest"/>
  <testcase name="AssetNotificationSubscriptionPost" time="3.453" classname="com.arcapi.Communitytestcases.AssetNotificationSubscriptionPostTest"/>
  <testcase name="NotificationSubscriptionDetail" time="2.969" classname="com.arcapi.Communitytestcases.NotificationSubscriptionDetailGetTest"/>
  <testcase name="NotificationSubscriptionDetail" time="3.311" classname="com.arcapi.Communitytestcases.NotificationSubscriptionDetailPutTest"/>
  <testcase name="NotificationSubscriptionDetailDelete" time="2.877" classname="com.arcapi.Communitytestcases.NotificationSubscriptionDetailDeleteTest"/>
  <testcase name="AssetDataSnapshotAPI" time="14.972" classname="com.arcapi.Communitytestcases.AssetDataSnapshotAPITest"/>
  <testcase name="RecomputePerformanceScoreGet" time="11.351" classname="com.arcapi.Communitytestcases.RecomputePerformanceScoreGetTest"/>
  <testcase name="ReviewCertificationPricingAPI" time="5.555" classname="com.arcapi.Communitytestcases.ReviewCertificationPricingAPITest"/>
  <testcase name="SubmitReviewPOSTAPI" time="6.161" classname="com.arcapi.Communitytestcases.SubmitReviewPOSTAPITest"/>
  <testcase name="SubmitReviewGetAPI" time="3.292" classname="com.arcapi.Communitytestcases.SubmitReviewGetAPITest"/>
  <testcase name="NotificationCreatePOSTAPI" time="3.176" classname="com.arcapi.Communitytestcases.NotificationCreatePOSTAPITest"/>
  <testcase name="NotificationGetAPI" time="3.412" classname="com.arcapi.Communitytestcases.NotificationGetAPITest"/>
  <testcase name="NotificationDeleteAPI" time="2.984" classname="com.arcapi.Communitytestcases.NotificationDeleteAPITest"/>
  <testcase name="FeedbackSubmitPostAPI" time="3.194" classname="com.arcapi.Communitytestcases.FeedbackSubmitPostAPITest"/>
  <testcase name="AssetDataExportAPI" time="3.739" classname="com.arcapi.Communitytestcases.AssetDataExportAPITest"/>
  <testcase name="AssetPerformanceScoreListAPI" time="3.368" classname="com.arcapi.Communitytestcases.AssetPerformanceScoreListAPITest"/>
  <testcase name="AnalysisDataSubmitPOSTAPI" time="13.673" classname="com.arcapi.Communitytestcases.AnalysisDataSubmitPOSTAPITest"/>
  <testcase name="AnalysisDataGetAPI" time="3.139" classname="com.arcapi.Communitytestcases.AnalysisDataGetAPITest"/>
  <testcase name="AssetRequiredFieldsAPI" time="5.531" classname="com.arcapi.Communitytestcases.AssetRequiredFieldsAPITest"/>
  <testcase name="CountryStatesJSONAPI" time="3.535" classname="com.arcapi.Communitytestcases.CountryStatesJSONAPITest"/>
  <testcase name="AssociatedCategoriesAPI" time="4.016" classname="com.arcapi.Communitytestcases.AssociatedCategoriesAPITest"/>
  <testcase name="RatingSystemListAPI" time="3.185" classname="com.arcapi.Communitytestcases.RatingSystemListAPITest"/>
  <testcase name="AppVersionDetailAPI" time="3.223" classname="com.arcapi.Communitytestcases.AppVersionDetailAPITest"/>
  <testcase name="FuelCategoryAPI" time="3.598" classname="com.arcapi.Communitytestcases.FuelCategoryAPITest"/>
  <testcase name="GetAllDocumentListAPI" time="6.415" classname="com.arcapi.Communitytestcases.GetAllDocumentListAPITest"/>
  <testcase name="PerformanceComparablesGetAPI" time="3.098" classname="com.arcapi.Communitytestcases.PerformanceComparablesGetAPITest"/>
  <testcase name="ScoreWeightsAPI" time="3.602" classname="com.arcapi.Communitytestcases.ScoreWeightsAPITest"/>
  <testcase name="ThirdPartyListAppsAPI" time="3.209" classname="com.arcapi.Communitytestcases.ThirdPartyListAppsAPITest"/>
  <testcase name="AvgPerformaceList" time="3.313" classname="com.arcapi.Communitytestcases.AvgPerformaceListGetTest"/>
  <testcase name="AssetSnapshotKeysAPI" time="3.384" classname="com.arcapi.Communitytestcases.AssetSnapshotKeysAPITest"/>
  <testcase name="AssetSnapshotDownloadAPI" time="22.207" classname="com.arcapi.Communitytestcases.AssetSnapshotDownloadAPITest"/>
</testsuite> <!-- CompleteFlowTest-Community-None -->
