<?xml version="1.0" encoding="UTF-8"?>
<!-- Generated by org.testng.reporters.JUnitXMLReporter -->
<testsuite hostname="G10GNLT041" ignored="0" name="CompleteFlowTest-Transit-Above" tests="19" failures="1" timestamp="21 Jun 2019 04:40:32 GMT" time="232.494" errors="0">
  <testcase name="CreateAssetPOSTAPI" time="23.974" classname="com.arcapi.Buildingtestcases.CreateAssetTransitAboveEmissionFactorTest"/>
  <testcase name="RegistrationPaymentPricingGetAPI" time="5.526" classname="com.arcapi.Buildingtestcases.RegistrationPaymentPricingGetEmissionTest"/>
  <testcase name="PaymentOrderSubmitPOSTAPI" time="9.783" classname="com.arcapi.Buildingtestcases.PaymentOrderSubmitPOSTEmissionTest"/>
  <testcase name="AddAssestTimeline" time="7.214" classname="com.arcapi.Buildingtestcases.AddAssestTimelinePOSTEmissionTest"/>
  <testcase name="AssetDetailAPI" time="5.483" classname="com.arcapi.Buildingtestcases.AssetDetailEmissionFactorTest">
    <failure type="java.lang.AssertionError" message="expected [0.834510484500588] but found [0.8345104845005875]">
      <![CDATA[java.lang.AssertionError: expected [0.834510484500588] but found [0.8345104845005875]at com.arcapi.Buildingtestcases.AssetDetailEmissionFactorTest.AssetDetailAPI(AssetDetailEmissionFactorTest.java:64)... Removed 32 stack frames]]>
    </failure>
  </testcase> <!-- AssetDetailAPI -->
  <testcase name="MeterCreatePOSTAPI" time="4.449" classname="com.arcapi.Buildingtestcases.MeterCreatePOSTEmissionTest"/>
  <testcase name="MeterBulkConsumptionPOSTAPI" time="4.509" classname="com.arcapi.Buildingtestcases.EnergyMeterBulkConsumptionPOSTEmissionTest"/>
  <testcase name="GhgGetTestAPI" time="8.287" classname="com.arcapi.Buildingtestcases.GhgMeanEmissionTest"/>
  <testcase name="AssetUpdateforNewAssetPUTAPI" time="4.795" classname="com.arcapi.Buildingtestcases.AssetUpdateBuildingEmissionTest"/>
  <testcase name="MetersAPI" time="16.73" classname="com.arcapi.Buildingtestcases.MetersListEmissionTest"/>
  <testcase name="ConsumptionCreatePOSTAPI" time="13.411" classname="com.arcapi.Buildingtestcases.ConsumptionCreatePOSTEmissionTest"/>
  <testcase name="GhgGetTestAPI" time="3.259" classname="com.arcapi.Buildingtestcases.GhgMeanEmissionAfterUpdateTest"/>
  <testcase name="AnalysisDataGetAPI" time="16.214" classname="com.arcapi.Buildingtestcases.AnalysisDataEmissionAPITest"/>
  <testcase name="ConsumptionUpdatePUTAPI" time="5.728" classname="com.arcapi.Buildingtestcases.ConsumptionUpdateEmissionAPITest"/>
  <testcase name="GhgGetTestAPI" time="3.036" classname="com.arcapi.Buildingtestcases.GhgMeanEmissionAfterIncreaseTest"/>
  <testcase name="AnalysisDataGetAPI" time="33.441" classname="com.arcapi.Buildingtestcases.AnalysisDataEmissionAfterIncreaseTest"/>
  <testcase name="ConsumptionUpdatePUTAPI" time="5.422" classname="com.arcapi.Buildingtestcases.ConsumptionUpdateEmissionDecreaseAPITest"/>
  <testcase name="GhgGetTestAPI" time="5.134" classname="com.arcapi.Buildingtestcases.GhgMeanEmissionAfterDecreaseTest"/>
  <testcase name="AnalysisDataGetAPI" time="25.906" classname="com.arcapi.Buildingtestcases.AnalysisDataEmissionAfterDecreaseTest"/>
</testsuite> <!-- CompleteFlowTest-Transit-Above -->
