<html>
<head>
<title>TestNG:  CompleteFlowTest-Community-Other</title>
<link href="../testng.css" rel="stylesheet" type="text/css" />
<link href="../my-testng.css" rel="stylesheet" type="text/css" />

<style type="text/css">
.log { display: none;} 
.stack-trace { display: none;} 
</style>
<script type="text/javascript">
<!--
function flip(e) {
  current = e.style.display;
  if (current == 'block') {
    e.style.display = 'none';
    return 0;
  }
  else {
    e.style.display = 'block';
    return 1;
  }
}

function toggleBox(szDivId, elem, msg1, msg2)
{
  var res = -1;  if (document.getElementById) {
    res = flip(document.getElementById(szDivId));
  }
  else if (document.all) {
    // this is the way old msie versions work
    res = flip(document.all[szDivId]);
  }
  if(elem) {
    if(res == 0) elem.innerHTML = msg1; else elem.innerHTML = msg2;
  }

}

function toggleAllBoxes() {
  if (document.getElementsByTagName) {
    d = document.getElementsByTagName('div');
    for (i = 0; i < d.length; i++) {
      if (d[i].className == 'log') {
        flip(d[i]);
      }
    }
  }
}

// -->
</script>

</head>
<body>
<h2 align='center'>CompleteFlowTest-Community-Other</h2><table border='1' align="center">
<tr>
<td>Tests passed/Failed/Skipped:</td><td>78/4/0</td>
</tr><tr>
<td>Started on:</td><td>Wed May 01 10:59:06 IST 2019</td>
</tr>
<tr><td>Total time:</td><td>877 seconds (877958 ms)</td>
</tr><tr>
<td>Included groups:</td><td></td>
</tr><tr>
<td>Excluded groups:</td><td></td>
</tr>
</table><p/>
<small><i>(Hover the method name to see the test class name)</i></small><p/>
<table width='100%' border='1' class='invocation-failed'>
<tr><td colspan='4' align='center'><b>FAILED TESTS</b></td></tr>
<tr><td><b>Test method</b></td>
<td width="30%"><b>Exception</b></td>
<td width="10%"><b>Time (seconds)</b></td>
<td><b>Instance</b></td>
</tr>
<tr>
<td title='com.arcapi.Communitytestcases.VerifyAssetDetailAPITest.AssetDetailAPI()'><b>AssetDetailAPI</b><br>Test class: com.arcapi.Communitytestcases.VerifyAssetDetailAPITest<br>Parameters: DEV, ProjectIDCommunityOther, 2</td>
<td><div><pre>java.lang.AssertionError: 1 expectation failed.
JSON path owner_email doesn&apos;t match.
Expected: test-01@gmail.com
  Actual: stg-01@gmail.com

	at org.codehaus.groovy.runtime.callsite.ConstructorSite$ConstructorSiteNoUnwrap.callConstructor(ConstructorSite.java:84)
	at org.codehaus.groovy.runtime.callsite.AbstractCallSite.callConstructor(AbstractCallSite.java:247)
	at com.jayway.restassured.internal.ResponseSpecificationImpl$HamcrestAssertionClosure.validate(ResponseSpecificationImpl.groovy:598)
	at com.jayway.restassured.internal.ResponseSpecificationImpl$HamcrestAssertionClosure$validate$1.call(Unknown Source)
	at com.jayway.restassured.internal.ResponseSpecificationImpl.validateResponseIfRequired(ResponseSpecificationImpl.groovy:760)
	at org.codehaus.groovy.runtime.callsite.PogoMetaMethodSite$PogoCachedMethodSiteNoUnwrapNoCoerce.invoke(PogoMetaMethodSite.java:210)
	at org.codehaus.groovy.runtime.callsite.PogoMetaMethodSite.callCurrent(PogoMetaMethodSite.java:59)
	at org.codehaus.groovy.runtime.callsite.AbstractCallSite.callCurrent(AbstractCallSite.java:166)
	at com.jayway.restassured.internal.ResponseSpecificationImpl.content(ResponseSpecificationImpl.groovy:251)
	at com.jayway.restassured.specification.ResponseSpecification$content$1.callCurrent(Unknown Source)
	at com.jayway.restassured.internal.ResponseSpecificationImpl.body(ResponseSpecificationImpl.groovy:234)
	at com.jayway.restassured.internal.ValidatableResponseOptionsImpl.body(ValidatableResponseOptionsImpl.java:264)
	at com.arcapi.Communitytestcases.VerifyAssetDetailAPITest.AssetDetailAPI(VerifyAssetDetailAPITest.java:66)
... Removed 35 stack frames</pre></div><a href='#' onClick='toggleBox("stack-trace801634926", this, "Click to show all stack frames", "Click to hide stack frames")'>Click to show all stack frames</a>
<div class='stack-trace' id='stack-trace801634926'><pre>java.lang.AssertionError: 1 expectation failed.
JSON path owner_email doesn&apos;t match.
Expected: test-01@gmail.com
  Actual: stg-01@gmail.com

	at sun.reflect.NativeConstructorAccessorImpl.newInstance0(Native Method)
	at sun.reflect.NativeConstructorAccessorImpl.newInstance(Unknown Source)
	at sun.reflect.DelegatingConstructorAccessorImpl.newInstance(Unknown Source)
	at java.lang.reflect.Constructor.newInstance(Unknown Source)
	at org.codehaus.groovy.reflection.CachedConstructor.invoke(CachedConstructor.java:80)
	at org.codehaus.groovy.reflection.CachedConstructor.doConstructorInvoke(CachedConstructor.java:74)
	at org.codehaus.groovy.runtime.callsite.ConstructorSite$ConstructorSiteNoUnwrap.callConstructor(ConstructorSite.java:84)
	at org.codehaus.groovy.runtime.callsite.AbstractCallSite.callConstructor(AbstractCallSite.java:247)
	at com.jayway.restassured.internal.ResponseSpecificationImpl$HamcrestAssertionClosure.validate(ResponseSpecificationImpl.groovy:598)
	at com.jayway.restassured.internal.ResponseSpecificationImpl$HamcrestAssertionClosure$validate$1.call(Unknown Source)
	at com.jayway.restassured.internal.ResponseSpecificationImpl.validateResponseIfRequired(ResponseSpecificationImpl.groovy:760)
	at sun.reflect.GeneratedMethodAccessor110.invoke(Unknown Source)
	at sun.reflect.DelegatingMethodAccessorImpl.invoke(Unknown Source)
	at java.lang.reflect.Method.invoke(Unknown Source)
	at org.codehaus.groovy.runtime.callsite.PogoMetaMethodSite$PogoCachedMethodSiteNoUnwrapNoCoerce.invoke(PogoMetaMethodSite.java:210)
	at org.codehaus.groovy.runtime.callsite.PogoMetaMethodSite.callCurrent(PogoMetaMethodSite.java:59)
	at org.codehaus.groovy.runtime.callsite.AbstractCallSite.callCurrent(AbstractCallSite.java:166)
	at com.jayway.restassured.internal.ResponseSpecificationImpl.content(ResponseSpecificationImpl.groovy:251)
	at com.jayway.restassured.specification.ResponseSpecification$content$1.callCurrent(Unknown Source)
	at com.jayway.restassured.internal.ResponseSpecificationImpl.body(ResponseSpecificationImpl.groovy:234)
	at com.jayway.restassured.internal.ValidatableResponseOptionsImpl.body(ValidatableResponseOptionsImpl.java:264)
	at com.arcapi.Communitytestcases.VerifyAssetDetailAPITest.AssetDetailAPI(VerifyAssetDetailAPITest.java:66)
	at sun.reflect.NativeMethodAccessorImpl.invoke0(Native Method)
	at sun.reflect.NativeMethodAccessorImpl.invoke(Unknown Source)
	at sun.reflect.DelegatingMethodAccessorImpl.invoke(Unknown Source)
	at java.lang.reflect.Method.invoke(Unknown Source)
	at org.testng.internal.MethodInvocationHelper.invokeMethod(MethodInvocationHelper.java:124)
	at org.testng.internal.Invoker.invokeMethod(Invoker.java:571)
	at org.testng.internal.Invoker.invokeTestMethod(Invoker.java:707)
	at org.testng.internal.Invoker.invokeTestMethods(Invoker.java:979)
	at org.testng.internal.TestMethodWorker.invokeTestMethods(TestMethodWorker.java:125)
	at org.testng.internal.TestMethodWorker.run(TestMethodWorker.java:109)
	at org.testng.TestRunner.privateRun(TestRunner.java:648)
	at org.testng.TestRunner.run(TestRunner.java:505)
	at org.testng.SuiteRunner.runTest(SuiteRunner.java:455)
	at org.testng.SuiteRunner.runSequentially(SuiteRunner.java:450)
	at org.testng.SuiteRunner.privateRun(SuiteRunner.java:415)
	at org.testng.SuiteRunner.run(SuiteRunner.java:364)
	at org.testng.SuiteRunnerWorker.runSuite(SuiteRunnerWorker.java:52)
	at org.testng.SuiteRunnerWorker.run(SuiteRunnerWorker.java:84)
	at org.testng.TestNG.runSuitesSequentially(TestNG.java:1187)
	at org.testng.TestNG.runSuitesSequentially(TestNG.java:1183)
	at org.testng.TestNG.runSuitesLocally(TestNG.java:1116)
	at org.testng.TestNG.runSuites(TestNG.java:1028)
	at org.testng.TestNG.run(TestNG.java:996)
	at org.testng.remote.AbstractRemoteTestNG.run(AbstractRemoteTestNG.java:114)
	at org.testng.remote.RemoteTestNG.initAndRun(RemoteTestNG.java:251)
	at org.testng.remote.RemoteTestNG.main(RemoteTestNG.java:77)
</pre></div></td>
<td>4</td>
<td>com.arcapi.Communitytestcases.VerifyAssetDetailAPITest@57f23557</td></tr>
<tr>
<td title='com.arcapi.Communitytestcases.PaymentReceiptAPITest.PaymentReceiptAPI()'><b>PaymentReceiptAPI</b><br>Test class: com.arcapi.Communitytestcases.PaymentReceiptAPITest<br>Parameters: DEV, ProjectIDCommunityOther, 2</td>
<td><div><pre>java.lang.AssertionError: 1 expectation failed.
Expected status code &lt;200&gt; doesn&apos;t match actual status code &lt;400&gt;.

	at org.codehaus.groovy.runtime.callsite.ConstructorSite$ConstructorSiteNoUnwrap.callConstructor(ConstructorSite.java:84)
	at org.codehaus.groovy.runtime.callsite.CallSiteArray.defaultCallConstructor(CallSiteArray.java:60)
	at org.codehaus.groovy.runtime.callsite.AbstractCallSite.callConstructor(AbstractCallSite.java:235)
	at org.codehaus.groovy.runtime.callsite.AbstractCallSite.callConstructor(AbstractCallSite.java:247)
	at com.jayway.restassured.internal.ResponseSpecificationImpl$HamcrestAssertionClosure.validate(ResponseSpecificationImpl.groovy:598)
	at com.jayway.restassured.internal.ResponseSpecificationImpl$HamcrestAssertionClosure$validate$1.call(Unknown Source)
	at com.jayway.restassured.internal.ResponseSpecificationImpl.validate(ResponseSpecificationImpl.groovy:86)
	at com.jayway.restassured.internal.ValidatableResponseOptionsImpl.specification(ValidatableResponseOptionsImpl.java:307)
	at com.jayway.restassured.internal.ValidatableResponseOptionsImpl.spec(ValidatableResponseOptionsImpl.java:288)
	at com.arcapi.Communitytestcases.PaymentReceiptAPITest.PaymentReceiptAPI(PaymentReceiptAPITest.java:46)
... Removed 32 stack frames</pre></div><a href='#' onClick='toggleBox("stack-trace2004013670", this, "Click to show all stack frames", "Click to hide stack frames")'>Click to show all stack frames</a>
<div class='stack-trace' id='stack-trace2004013670'><pre>java.lang.AssertionError: 1 expectation failed.
Expected status code &lt;200&gt; doesn&apos;t match actual status code &lt;400&gt;.

	at sun.reflect.NativeConstructorAccessorImpl.newInstance0(Native Method)
	at sun.reflect.NativeConstructorAccessorImpl.newInstance(Unknown Source)
	at sun.reflect.DelegatingConstructorAccessorImpl.newInstance(Unknown Source)
	at java.lang.reflect.Constructor.newInstance(Unknown Source)
	at org.codehaus.groovy.reflection.CachedConstructor.invoke(CachedConstructor.java:80)
	at org.codehaus.groovy.reflection.CachedConstructor.doConstructorInvoke(CachedConstructor.java:74)
	at org.codehaus.groovy.runtime.callsite.ConstructorSite$ConstructorSiteNoUnwrap.callConstructor(ConstructorSite.java:84)
	at org.codehaus.groovy.runtime.callsite.CallSiteArray.defaultCallConstructor(CallSiteArray.java:60)
	at org.codehaus.groovy.runtime.callsite.AbstractCallSite.callConstructor(AbstractCallSite.java:235)
	at org.codehaus.groovy.runtime.callsite.AbstractCallSite.callConstructor(AbstractCallSite.java:247)
	at com.jayway.restassured.internal.ResponseSpecificationImpl$HamcrestAssertionClosure.validate(ResponseSpecificationImpl.groovy:598)
	at com.jayway.restassured.internal.ResponseSpecificationImpl$HamcrestAssertionClosure$validate$1.call(Unknown Source)
	at com.jayway.restassured.internal.ResponseSpecificationImpl.validate(ResponseSpecificationImpl.groovy:86)
	at com.jayway.restassured.internal.ValidatableResponseOptionsImpl.specification(ValidatableResponseOptionsImpl.java:307)
	at com.jayway.restassured.internal.ValidatableResponseOptionsImpl.spec(ValidatableResponseOptionsImpl.java:288)
	at com.arcapi.Communitytestcases.PaymentReceiptAPITest.PaymentReceiptAPI(PaymentReceiptAPITest.java:46)
	at sun.reflect.NativeMethodAccessorImpl.invoke0(Native Method)
	at sun.reflect.NativeMethodAccessorImpl.invoke(Unknown Source)
	at sun.reflect.DelegatingMethodAccessorImpl.invoke(Unknown Source)
	at java.lang.reflect.Method.invoke(Unknown Source)
	at org.testng.internal.MethodInvocationHelper.invokeMethod(MethodInvocationHelper.java:124)
	at org.testng.internal.Invoker.invokeMethod(Invoker.java:571)
	at org.testng.internal.Invoker.invokeTestMethod(Invoker.java:707)
	at org.testng.internal.Invoker.invokeTestMethods(Invoker.java:979)
	at org.testng.internal.TestMethodWorker.invokeTestMethods(TestMethodWorker.java:125)
	at org.testng.internal.TestMethodWorker.run(TestMethodWorker.java:109)
	at org.testng.TestRunner.privateRun(TestRunner.java:648)
	at org.testng.TestRunner.run(TestRunner.java:505)
	at org.testng.SuiteRunner.runTest(SuiteRunner.java:455)
	at org.testng.SuiteRunner.runSequentially(SuiteRunner.java:450)
	at org.testng.SuiteRunner.privateRun(SuiteRunner.java:415)
	at org.testng.SuiteRunner.run(SuiteRunner.java:364)
	at org.testng.SuiteRunnerWorker.runSuite(SuiteRunnerWorker.java:52)
	at org.testng.SuiteRunnerWorker.run(SuiteRunnerWorker.java:84)
	at org.testng.TestNG.runSuitesSequentially(TestNG.java:1187)
	at org.testng.TestNG.runSuitesSequentially(TestNG.java:1183)
	at org.testng.TestNG.runSuitesLocally(TestNG.java:1116)
	at org.testng.TestNG.runSuites(TestNG.java:1028)
	at org.testng.TestNG.run(TestNG.java:996)
	at org.testng.remote.AbstractRemoteTestNG.run(AbstractRemoteTestNG.java:114)
	at org.testng.remote.RemoteTestNG.initAndRun(RemoteTestNG.java:251)
	at org.testng.remote.RemoteTestNG.main(RemoteTestNG.java:77)
</pre></div></td>
<td>4</td>
<td>com.arcapi.Communitytestcases.PaymentReceiptAPITest@80169cf</td></tr>
<tr>
<td title='com.arcapi.Communitytestcases.VerifyAdminRemoveAPITest.VerifyAdminRemoveAPI()'><b>VerifyAdminRemoveAPI</b><br>Test class: com.arcapi.Communitytestcases.VerifyAdminRemoveAPITest<br>Parameters: DEV, ProjectIDCommunityOther, 2</td>
<td><div><pre>java.lang.AssertionError: 1 expectation failed.
Expected status code &lt;200&gt; doesn&apos;t match actual status code &lt;400&gt;.

	at org.codehaus.groovy.runtime.callsite.ConstructorSite$ConstructorSiteNoUnwrap.callConstructor(ConstructorSite.java:84)
	at org.codehaus.groovy.runtime.callsite.AbstractCallSite.callConstructor(AbstractCallSite.java:247)
	at com.jayway.restassured.internal.ResponseSpecificationImpl$HamcrestAssertionClosure.validate(ResponseSpecificationImpl.groovy:598)
	at com.jayway.restassured.internal.ResponseSpecificationImpl$HamcrestAssertionClosure$validate$1.call(Unknown Source)
	at com.jayway.restassured.internal.RequestSpecificationImpl.applyPathParamsAndSendRequest(RequestSpecificationImpl.groovy:1597)
	at groovy.lang.MetaMethod.doMethodInvoke(MetaMethod.java:325)
	at groovy.lang.MetaClassImpl.invokeMethod(MetaClassImpl.java:1210)
	at groovy.lang.MetaClassImpl.invokeMethod(MetaClassImpl.java:1019)
	at groovy.lang.MetaClassImpl.invokeMethod(MetaClassImpl.java:810)
	at com.jayway.restassured.internal.RequestSpecificationImpl.invokeMethod(RequestSpecificationImpl.groovy)
	at org.codehaus.groovy.runtime.callsite.PogoInterceptableSite.call(PogoInterceptableSite.java:48)
	at org.codehaus.groovy.runtime.callsite.PogoInterceptableSite.callCurrent(PogoInterceptableSite.java:58)
	at org.codehaus.groovy.runtime.callsite.AbstractCallSite.callCurrent(AbstractCallSite.java:182)
	at com.jayway.restassured.internal.RequestSpecificationImpl.post(RequestSpecificationImpl.groovy:164)
	at com.jayway.restassured.internal.RequestSpecificationImpl.post(RequestSpecificationImpl.groovy)
	at groovy.lang.MetaMethod.doMethodInvoke(MetaMethod.java:325)
	at groovy.lang.MetaClassImpl.invokeMethod(MetaClassImpl.java:1210)
	at groovy.lang.MetaClassImpl.invokeMethod(MetaClassImpl.java:1019)
	at groovy.lang.MetaClassImpl.invokeMethod(MetaClassImpl.java:810)
	at com.jayway.restassured.internal.RequestSpecificationImpl.invokeMethod(RequestSpecificationImpl.groovy)
	at org.codehaus.groovy.runtime.callsite.PogoInterceptableSite.call(PogoInterceptableSite.java:48)
	at org.codehaus.groovy.runtime.callsite.AbstractCallSite.call(AbstractCallSite.java:133)
	at com.jayway.restassured.internal.ResponseSpecificationImpl.post(ResponseSpecificationImpl.groovy:293)
	at com.jayway.restassured.internal.ResponseSpecificationImpl.post(ResponseSpecificationImpl.groovy)
	at com.arc.driver.CommonMethod.GeneratingAuthCodeForLOUser(CommonMethod.java:81)
	at com.arcapi.Communitytestcases.VerifyAdminRemoveAPITest.VerifyAdminRemoveAPI(VerifyAdminRemoveAPITest.java:27)
... Removed 41 stack frames</pre></div><a href='#' onClick='toggleBox("stack-trace542263318", this, "Click to show all stack frames", "Click to hide stack frames")'>Click to show all stack frames</a>
<div class='stack-trace' id='stack-trace542263318'><pre>java.lang.AssertionError: 1 expectation failed.
Expected status code &lt;200&gt; doesn&apos;t match actual status code &lt;400&gt;.

	at sun.reflect.NativeConstructorAccessorImpl.newInstance0(Native Method)
	at sun.reflect.NativeConstructorAccessorImpl.newInstance(Unknown Source)
	at sun.reflect.DelegatingConstructorAccessorImpl.newInstance(Unknown Source)
	at java.lang.reflect.Constructor.newInstance(Unknown Source)
	at org.codehaus.groovy.reflection.CachedConstructor.invoke(CachedConstructor.java:80)
	at org.codehaus.groovy.reflection.CachedConstructor.doConstructorInvoke(CachedConstructor.java:74)
	at org.codehaus.groovy.runtime.callsite.ConstructorSite$ConstructorSiteNoUnwrap.callConstructor(ConstructorSite.java:84)
	at org.codehaus.groovy.runtime.callsite.AbstractCallSite.callConstructor(AbstractCallSite.java:247)
	at com.jayway.restassured.internal.ResponseSpecificationImpl$HamcrestAssertionClosure.validate(ResponseSpecificationImpl.groovy:598)
	at com.jayway.restassured.internal.ResponseSpecificationImpl$HamcrestAssertionClosure$validate$1.call(Unknown Source)
	at com.jayway.restassured.internal.RequestSpecificationImpl.applyPathParamsAndSendRequest(RequestSpecificationImpl.groovy:1597)
	at sun.reflect.GeneratedMethodAccessor146.invoke(Unknown Source)
	at sun.reflect.DelegatingMethodAccessorImpl.invoke(Unknown Source)
	at java.lang.reflect.Method.invoke(Unknown Source)
	at org.codehaus.groovy.reflection.CachedMethod.invoke(CachedMethod.java:93)
	at groovy.lang.MetaMethod.doMethodInvoke(MetaMethod.java:325)
	at groovy.lang.MetaClassImpl.invokeMethod(MetaClassImpl.java:1210)
	at groovy.lang.MetaClassImpl.invokeMethod(MetaClassImpl.java:1019)
	at groovy.lang.MetaClassImpl.invokeMethod(MetaClassImpl.java:810)
	at com.jayway.restassured.internal.RequestSpecificationImpl.invokeMethod(RequestSpecificationImpl.groovy)
	at org.codehaus.groovy.runtime.callsite.PogoInterceptableSite.call(PogoInterceptableSite.java:48)
	at org.codehaus.groovy.runtime.callsite.PogoInterceptableSite.callCurrent(PogoInterceptableSite.java:58)
	at org.codehaus.groovy.runtime.callsite.AbstractCallSite.callCurrent(AbstractCallSite.java:182)
	at com.jayway.restassured.internal.RequestSpecificationImpl.post(RequestSpecificationImpl.groovy:164)
	at com.jayway.restassured.internal.RequestSpecificationImpl.post(RequestSpecificationImpl.groovy)
	at sun.reflect.NativeMethodAccessorImpl.invoke0(Native Method)
	at sun.reflect.NativeMethodAccessorImpl.invoke(Unknown Source)
	at sun.reflect.DelegatingMethodAccessorImpl.invoke(Unknown Source)
	at java.lang.reflect.Method.invoke(Unknown Source)
	at org.codehaus.groovy.reflection.CachedMethod.invoke(CachedMethod.java:93)
	at groovy.lang.MetaMethod.doMethodInvoke(MetaMethod.java:325)
	at groovy.lang.MetaClassImpl.invokeMethod(MetaClassImpl.java:1210)
	at groovy.lang.MetaClassImpl.invokeMethod(MetaClassImpl.java:1019)
	at groovy.lang.MetaClassImpl.invokeMethod(MetaClassImpl.java:810)
	at com.jayway.restassured.internal.RequestSpecificationImpl.invokeMethod(RequestSpecificationImpl.groovy)
	at org.codehaus.groovy.runtime.callsite.PogoInterceptableSite.call(PogoInterceptableSite.java:48)
	at org.codehaus.groovy.runtime.callsite.AbstractCallSite.call(AbstractCallSite.java:133)
	at com.jayway.restassured.internal.ResponseSpecificationImpl.post(ResponseSpecificationImpl.groovy:293)
	at com.jayway.restassured.internal.ResponseSpecificationImpl.post(ResponseSpecificationImpl.groovy)
	at com.arc.driver.CommonMethod.GeneratingAuthCodeForLOUser(CommonMethod.java:81)
	at com.arcapi.Communitytestcases.VerifyAdminRemoveAPITest.VerifyAdminRemoveAPI(VerifyAdminRemoveAPITest.java:27)
	at sun.reflect.NativeMethodAccessorImpl.invoke0(Native Method)
	at sun.reflect.NativeMethodAccessorImpl.invoke(Unknown Source)
	at sun.reflect.DelegatingMethodAccessorImpl.invoke(Unknown Source)
	at java.lang.reflect.Method.invoke(Unknown Source)
	at org.testng.internal.MethodInvocationHelper.invokeMethod(MethodInvocationHelper.java:124)
	at org.testng.internal.Invoker.invokeMethod(Invoker.java:571)
	at org.testng.internal.Invoker.invokeTestMethod(Invoker.java:707)
	at org.testng.internal.Invoker.invokeTestMethods(Invoker.java:979)
	at org.testng.internal.TestMethodWorker.invokeTestMethods(TestMethodWorker.java:125)
	at org.testng.internal.TestMethodWorker.run(TestMethodWorker.java:109)
	at org.testng.TestRunner.privateRun(TestRunner.java:648)
	at org.testng.TestRunner.run(TestRunner.java:505)
	at org.testng.SuiteRunner.runTest(SuiteRunner.java:455)
	at org.testng.SuiteRunner.runSequentially(SuiteRunner.java:450)
	at org.testng.SuiteRunner.privateRun(SuiteRunner.java:415)
	at org.testng.SuiteRunner.run(SuiteRunner.java:364)
	at org.testng.SuiteRunnerWorker.runSuite(SuiteRunnerWorker.java:52)
	at org.testng.SuiteRunnerWorker.run(SuiteRunnerWorker.java:84)
	at org.testng.TestNG.runSuitesSequentially(TestNG.java:1187)
	at org.testng.TestNG.runSuitesSequentially(TestNG.java:1183)
	at org.testng.TestNG.runSuitesLocally(TestNG.java:1116)
	at org.testng.TestNG.runSuites(TestNG.java:1028)
	at org.testng.TestNG.run(TestNG.java:996)
	at org.testng.remote.AbstractRemoteTestNG.run(AbstractRemoteTestNG.java:114)
	at org.testng.remote.RemoteTestNG.initAndRun(RemoteTestNG.java:251)
	at org.testng.remote.RemoteTestNG.main(RemoteTestNG.java:77)
</pre></div></td>
<td>2</td>
<td>com.arcapi.Communitytestcases.VerifyAdminRemoveAPITest@140e5a13</td></tr>
<tr>
<td title='com.arcapi.Communitytestcases.VerifyAgreementDeleteAPITest.VerifyAgreementDeleteAPI()'><b>VerifyAgreementDeleteAPI</b><br>Test class: com.arcapi.Communitytestcases.VerifyAgreementDeleteAPITest<br>Parameters: DEV, ProjectIDCommunityOther, 2</td>
<td><div><pre>java.lang.AssertionError: 1 expectation failed.
Expected status code &lt;403&gt; doesn&apos;t match actual status code &lt;404&gt;.

	at org.codehaus.groovy.runtime.callsite.ConstructorSite$ConstructorSiteNoUnwrap.callConstructor(ConstructorSite.java:84)
	at org.codehaus.groovy.runtime.callsite.AbstractCallSite.callConstructor(AbstractCallSite.java:247)
	at com.jayway.restassured.internal.ResponseSpecificationImpl$HamcrestAssertionClosure.validate(ResponseSpecificationImpl.groovy:598)
	at com.jayway.restassured.internal.ResponseSpecificationImpl$HamcrestAssertionClosure$validate$1.call(Unknown Source)
	at com.jayway.restassured.internal.ResponseSpecificationImpl.validateResponseIfRequired(ResponseSpecificationImpl.groovy:760)
	at org.codehaus.groovy.runtime.callsite.PogoMetaMethodSite$PogoCachedMethodSiteNoUnwrapNoCoerce.invoke(PogoMetaMethodSite.java:210)
	at org.codehaus.groovy.runtime.callsite.PogoMetaMethodSite.callCurrent(PogoMetaMethodSite.java:59)
	at org.codehaus.groovy.runtime.callsite.AbstractCallSite.callCurrent(AbstractCallSite.java:166)
	at com.jayway.restassured.internal.ResponseSpecificationImpl.statusCode(ResponseSpecificationImpl.groovy:120)
	at com.jayway.restassured.specification.ResponseSpecification$statusCode$0.callCurrent(Unknown Source)
	at com.jayway.restassured.internal.ResponseSpecificationImpl.statusCode(ResponseSpecificationImpl.groovy:128)
	at com.jayway.restassured.internal.ValidatableResponseOptionsImpl.statusCode(ValidatableResponseOptionsImpl.java:117)
	at com.arcapi.Communitytestcases.VerifyAgreementDeleteAPITest.VerifyAgreementDeleteAPI(VerifyAgreementDeleteAPITest.java:69)
... Removed 35 stack frames</pre></div><a href='#' onClick='toggleBox("stack-trace216197799", this, "Click to show all stack frames", "Click to hide stack frames")'>Click to show all stack frames</a>
<div class='stack-trace' id='stack-trace216197799'><pre>java.lang.AssertionError: 1 expectation failed.
Expected status code &lt;403&gt; doesn&apos;t match actual status code &lt;404&gt;.

	at sun.reflect.NativeConstructorAccessorImpl.newInstance0(Native Method)
	at sun.reflect.NativeConstructorAccessorImpl.newInstance(Unknown Source)
	at sun.reflect.DelegatingConstructorAccessorImpl.newInstance(Unknown Source)
	at java.lang.reflect.Constructor.newInstance(Unknown Source)
	at org.codehaus.groovy.reflection.CachedConstructor.invoke(CachedConstructor.java:80)
	at org.codehaus.groovy.reflection.CachedConstructor.doConstructorInvoke(CachedConstructor.java:74)
	at org.codehaus.groovy.runtime.callsite.ConstructorSite$ConstructorSiteNoUnwrap.callConstructor(ConstructorSite.java:84)
	at org.codehaus.groovy.runtime.callsite.AbstractCallSite.callConstructor(AbstractCallSite.java:247)
	at com.jayway.restassured.internal.ResponseSpecificationImpl$HamcrestAssertionClosure.validate(ResponseSpecificationImpl.groovy:598)
	at com.jayway.restassured.internal.ResponseSpecificationImpl$HamcrestAssertionClosure$validate$1.call(Unknown Source)
	at com.jayway.restassured.internal.ResponseSpecificationImpl.validateResponseIfRequired(ResponseSpecificationImpl.groovy:760)
	at sun.reflect.GeneratedMethodAccessor110.invoke(Unknown Source)
	at sun.reflect.DelegatingMethodAccessorImpl.invoke(Unknown Source)
	at java.lang.reflect.Method.invoke(Unknown Source)
	at org.codehaus.groovy.runtime.callsite.PogoMetaMethodSite$PogoCachedMethodSiteNoUnwrapNoCoerce.invoke(PogoMetaMethodSite.java:210)
	at org.codehaus.groovy.runtime.callsite.PogoMetaMethodSite.callCurrent(PogoMetaMethodSite.java:59)
	at org.codehaus.groovy.runtime.callsite.AbstractCallSite.callCurrent(AbstractCallSite.java:166)
	at com.jayway.restassured.internal.ResponseSpecificationImpl.statusCode(ResponseSpecificationImpl.groovy:120)
	at com.jayway.restassured.specification.ResponseSpecification$statusCode$0.callCurrent(Unknown Source)
	at com.jayway.restassured.internal.ResponseSpecificationImpl.statusCode(ResponseSpecificationImpl.groovy:128)
	at com.jayway.restassured.internal.ValidatableResponseOptionsImpl.statusCode(ValidatableResponseOptionsImpl.java:117)
	at com.arcapi.Communitytestcases.VerifyAgreementDeleteAPITest.VerifyAgreementDeleteAPI(VerifyAgreementDeleteAPITest.java:69)
	at sun.reflect.NativeMethodAccessorImpl.invoke0(Native Method)
	at sun.reflect.NativeMethodAccessorImpl.invoke(Unknown Source)
	at sun.reflect.DelegatingMethodAccessorImpl.invoke(Unknown Source)
	at java.lang.reflect.Method.invoke(Unknown Source)
	at org.testng.internal.MethodInvocationHelper.invokeMethod(MethodInvocationHelper.java:124)
	at org.testng.internal.Invoker.invokeMethod(Invoker.java:571)
	at org.testng.internal.Invoker.invokeTestMethod(Invoker.java:707)
	at org.testng.internal.Invoker.invokeTestMethods(Invoker.java:979)
	at org.testng.internal.TestMethodWorker.invokeTestMethods(TestMethodWorker.java:125)
	at org.testng.internal.TestMethodWorker.run(TestMethodWorker.java:109)
	at org.testng.TestRunner.privateRun(TestRunner.java:648)
	at org.testng.TestRunner.run(TestRunner.java:505)
	at org.testng.SuiteRunner.runTest(SuiteRunner.java:455)
	at org.testng.SuiteRunner.runSequentially(SuiteRunner.java:450)
	at org.testng.SuiteRunner.privateRun(SuiteRunner.java:415)
	at org.testng.SuiteRunner.run(SuiteRunner.java:364)
	at org.testng.SuiteRunnerWorker.runSuite(SuiteRunnerWorker.java:52)
	at org.testng.SuiteRunnerWorker.run(SuiteRunnerWorker.java:84)
	at org.testng.TestNG.runSuitesSequentially(TestNG.java:1187)
	at org.testng.TestNG.runSuitesSequentially(TestNG.java:1183)
	at org.testng.TestNG.runSuitesLocally(TestNG.java:1116)
	at org.testng.TestNG.runSuites(TestNG.java:1028)
	at org.testng.TestNG.run(TestNG.java:996)
	at org.testng.remote.AbstractRemoteTestNG.run(AbstractRemoteTestNG.java:114)
	at org.testng.remote.RemoteTestNG.initAndRun(RemoteTestNG.java:251)
	at org.testng.remote.RemoteTestNG.main(RemoteTestNG.java:77)
</pre></div></td>
<td>3</td>
<td>com.arcapi.Communitytestcases.VerifyAgreementDeleteAPITest@17baae6e</td></tr>
</table><p>
<table width='100%' border='1' class='invocation-passed'>
<tr><td colspan='4' align='center'><b>PASSED TESTS</b></td></tr>
<tr><td><b>Test method</b></td>
<td width="30%"><b>Exception</b></td>
<td width="10%"><b>Time (seconds)</b></td>
<td><b>Instance</b></td>
</tr>
<tr>
<td title='com.arcapi.Communitytestcases.AddAssestTimelinePOSTAPITest.AddAssestTimeline()'><b>AddAssestTimeline</b><br>Test class: com.arcapi.Communitytestcases.AddAssestTimelinePOSTAPITest<br>Parameters: DEV, ProjectIDCommunityOther, 2</td>
<td></td>
<td>20</td>
<td>com.arcapi.Communitytestcases.AddAssestTimelinePOSTAPITest@382db087</td></tr>
<tr>
<td title='com.arcapi.Communitytestcases.AnalysisDataGetAPITest.AnalysisDataGetAPI()'><b>AnalysisDataGetAPI</b><br>Test class: com.arcapi.Communitytestcases.AnalysisDataGetAPITest<br>Parameters: DEV, ProjectIDCommunityOther, 2</td>
<td></td>
<td>3</td>
<td>com.arcapi.Communitytestcases.AnalysisDataGetAPITest@276438c9</td></tr>
<tr>
<td title='com.arcapi.Communitytestcases.AnalysisDataSubmitPOSTAPITest.AnalysisDataSubmitPOSTAPI()'><b>AnalysisDataSubmitPOSTAPI</b><br>Test class: com.arcapi.Communitytestcases.AnalysisDataSubmitPOSTAPITest<br>Parameters: DEV, ProjectIDCommunityOther, 2</td>
<td></td>
<td>16</td>
<td>com.arcapi.Communitytestcases.AnalysisDataSubmitPOSTAPITest@40f08448</td></tr>
<tr>
<td title='com.arcapi.Communitytestcases.AppVersionDetailAPITest.AppVersionDetailAPI()'><b>AppVersionDetailAPI</b><br>Test class: com.arcapi.Communitytestcases.AppVersionDetailAPITest</td>
<td></td>
<td>3</td>
<td>com.arcapi.Communitytestcases.AppVersionDetailAPITest@46238e3f</td></tr>
<tr>
<td title='com.arcapi.Communitytestcases.AssetDataExportAPITest.AssetDataExportAPI()'><b>AssetDataExportAPI</b><br>Test class: com.arcapi.Communitytestcases.AssetDataExportAPITest<br>Parameters: DEV, ProjectIDCommunityOther, 2</td>
<td></td>
<td>3</td>
<td>com.arcapi.Communitytestcases.AssetDataExportAPITest@101df177</td></tr>
<tr>
<td title='com.arcapi.Communitytestcases.AssetDataSnapshotAPITest.AssetDataSnapshotAPI()'><b>AssetDataSnapshotAPI</b><br>Test class: com.arcapi.Communitytestcases.AssetDataSnapshotAPITest<br>Parameters: DEV, ProjectIDCommunityOther, 2</td>
<td></td>
<td>27</td>
<td>com.arcapi.Communitytestcases.AssetDataSnapshotAPITest@2a40cd94</td></tr>
<tr>
<td title='com.arcapi.Communitytestcases.AssetDetailAPITest.AssetDetailAPI()'><b>AssetDetailAPI</b><br>Test class: com.arcapi.Communitytestcases.AssetDetailAPITest<br>Parameters: DEV, ProjectIDCommunityOther, 2</td>
<td></td>
<td>3</td>
<td>com.arcapi.Communitytestcases.AssetDetailAPITest@15bfd87</td></tr>
<tr>
<td title='com.arcapi.Communitytestcases.AssetDocumentAPITest.AssetDocumentAPI()'><b>AssetDocumentAPI</b><br>Test class: com.arcapi.Communitytestcases.AssetDocumentAPITest<br>Parameters: DEV, ProjectIDCommunityOther, 2</td>
<td></td>
<td>7</td>
<td>com.arcapi.Communitytestcases.AssetDocumentAPITest@6366ebe0</td></tr>
<tr>
<td title='com.arcapi.Communitytestcases.AssetListAPITest.AssetListAPI()'><b>AssetListAPI</b><br>Test class: com.arcapi.Communitytestcases.AssetListAPITest</td>
<td></td>
<td>3</td>
<td>com.arcapi.Communitytestcases.AssetListAPITest@aecb35a</td></tr>
<tr>
<td title='com.arcapi.Communitytestcases.AssetNotificationSubscriptionListTest.AssetNotificationSubscriptionList()'><b>AssetNotificationSubscriptionList</b><br>Test class: com.arcapi.Communitytestcases.AssetNotificationSubscriptionListTest<br>Parameters: DEV, ProjectIDCommunityOther, 2</td>
<td></td>
<td>3</td>
<td>com.arcapi.Communitytestcases.AssetNotificationSubscriptionListTest@76b10754</td></tr>
<tr>
<td title='com.arcapi.Communitytestcases.AssetNotificationSubscriptionPostTest.AssetNotificationSubscriptionPost()'><b>AssetNotificationSubscriptionPost</b><br>Test class: com.arcapi.Communitytestcases.AssetNotificationSubscriptionPostTest<br>Parameters: DEV, ProjectIDCommunityOther, 2</td>
<td></td>
<td>2</td>
<td>com.arcapi.Communitytestcases.AssetNotificationSubscriptionPostTest@2bea5ab4</td></tr>
<tr>
<td title='com.arcapi.Communitytestcases.AssetOwnerOrgPOSTAPITest.AssetOwnerOrgPOSTAPI()'><b>AssetOwnerOrgPOSTAPI</b><br>Test class: com.arcapi.Communitytestcases.AssetOwnerOrgPOSTAPITest</td>
<td></td>
<td>5</td>
<td>com.arcapi.Communitytestcases.AssetOwnerOrgPOSTAPITest@7dc222ae</td></tr>
<tr>
<td title='com.arcapi.Communitytestcases.AssetPerformanceScoreListAPITest.AssetPerformanceScoreListAPI()'><b>AssetPerformanceScoreListAPI</b><br>Test class: com.arcapi.Communitytestcases.AssetPerformanceScoreListAPITest<br>Parameters: DEV, ProjectIDCommunityOther, 2</td>
<td></td>
<td>3</td>
<td>com.arcapi.Communitytestcases.AssetPerformanceScoreListAPITest@166fa74d</td></tr>
<tr>
<td title='com.arcapi.Communitytestcases.AssetRequiredFieldsAPITest.AssetRequiredFieldsAPI()'><b>AssetRequiredFieldsAPI</b><br>Test class: com.arcapi.Communitytestcases.AssetRequiredFieldsAPITest<br>Parameters: DEV, ProjectIDCommunityOther, 2</td>
<td></td>
<td>3</td>
<td>com.arcapi.Communitytestcases.AssetRequiredFieldsAPITest@588df31b</td></tr>
<tr>
<td title='com.arcapi.Communitytestcases.AssetSearchAPITest.AssetSearchAPI()'><b>AssetSearchAPI</b><br>Test class: com.arcapi.Communitytestcases.AssetSearchAPITest<br>Parameters: DEV, ProjectIDCommunityOther, 2</td>
<td></td>
<td>3</td>
<td>com.arcapi.Communitytestcases.AssetSearchAPITest@7ba18f1b</td></tr>
<tr>
<td title='com.arcapi.Communitytestcases.AssetSearchOwnerAPITest.AssetSearchOwnerAPI()'><b>AssetSearchOwnerAPI</b><br>Test class: com.arcapi.Communitytestcases.AssetSearchOwnerAPITest<br>Parameters: DEV, ProjectIDCommunityOther, 2</td>
<td></td>
<td>4</td>
<td>com.arcapi.Communitytestcases.AssetSearchOwnerAPITest@1068e947</td></tr>
<tr>
<td title='com.arcapi.Communitytestcases.AssetSnapshotDownloadAPITest.AssetSnapshotDownloadAPI()'><b>AssetSnapshotDownloadAPI</b><br>Test class: com.arcapi.Communitytestcases.AssetSnapshotDownloadAPITest<br>Parameters: DEV, ProjectIDCommunityOther, 2</td>
<td></td>
<td>79</td>
<td>com.arcapi.Communitytestcases.AssetSnapshotDownloadAPITest@517cd4b</td></tr>
<tr>
<td title='com.arcapi.Communitytestcases.AssetSnapshotKeysAPITest.AssetSnapshotKeysAPI()'><b>AssetSnapshotKeysAPI</b><br>Test class: com.arcapi.Communitytestcases.AssetSnapshotKeysAPITest<br>Parameters: DEV, ProjectIDCommunityOther, 2</td>
<td></td>
<td>3</td>
<td>com.arcapi.Communitytestcases.AssetSnapshotKeysAPITest@76a4d6c</td></tr>
<tr>
<td title='com.arcapi.Communitytestcases.AssetTeamMemberAddPOSTAPITest.AssetTeamMemberAddPOSTAPI()'><b>AssetTeamMemberAddPOSTAPI</b><br>Test class: com.arcapi.Communitytestcases.AssetTeamMemberAddPOSTAPITest<br>Parameters: DEV, ProjectIDCommunityOther, 2</td>
<td></td>
<td>8</td>
<td>com.arcapi.Communitytestcases.AssetTeamMemberAddPOSTAPITest@1cab0bfb</td></tr>
<tr>
<td title='com.arcapi.Communitytestcases.AssetTeamMemberListAPITest.AssetTeamMemberListAPI()'><b>AssetTeamMemberListAPI</b><br>Test class: com.arcapi.Communitytestcases.AssetTeamMemberListAPITest<br>Parameters: DEV, ProjectIDCommunityOther, 2</td>
<td></td>
<td>5</td>
<td>com.arcapi.Communitytestcases.AssetTeamMemberListAPITest@7f416310</td></tr>
<tr>
<td title='com.arcapi.Communitytestcases.AssetTeamMemberRemoveAPITest.AssetTeamMemberRemoveAPI()'><b>AssetTeamMemberRemoveAPI</b><br>Test class: com.arcapi.Communitytestcases.AssetTeamMemberRemoveAPITest<br>Parameters: DEV, ProjectIDCommunityOther, 2</td>
<td></td>
<td>9</td>
<td>com.arcapi.Communitytestcases.AssetTeamMemberRemoveAPITest@50de0926</td></tr>
<tr>
<td title='com.arcapi.Communitytestcases.AssetTeamMemberRoleAPITest.AssetTeamMemberRoleAPI()'><b>AssetTeamMemberRoleAPI</b><br>Test class: com.arcapi.Communitytestcases.AssetTeamMemberRoleAPITest<br>Parameters: DEV, ProjectIDCommunityOther, 2</td>
<td></td>
<td>5</td>
<td>com.arcapi.Communitytestcases.AssetTeamMemberRoleAPITest@1ad282e0</td></tr>
<tr>
<td title='com.arcapi.Communitytestcases.AssetTeamMemberUpdateAPITest.AssetTeamMemberUpdateAPI()'><b>AssetTeamMemberUpdateAPI</b><br>Test class: com.arcapi.Communitytestcases.AssetTeamMemberUpdateAPITest<br>Parameters: DEV, ProjectIDCommunityOther, 2</td>
<td></td>
<td>9</td>
<td>com.arcapi.Communitytestcases.AssetTeamMemberUpdateAPITest@5e955596</td></tr>
<tr>
<td title='com.arcapi.Communitytestcases.AssetTeamPermissionListAPITest.AssetTeamPermissionListAPI()'><b>AssetTeamPermissionListAPI</b><br>Test class: com.arcapi.Communitytestcases.AssetTeamPermissionListAPITest<br>Parameters: DEV, ProjectIDCommunityOther, 2</td>
<td></td>
<td>6</td>
<td>com.arcapi.Communitytestcases.AssetTeamPermissionListAPITest@17695df3</td></tr>
<tr>
<td title='com.arcapi.Communitytestcases.AssetTeamPermissionPostAPITest.AssetTeamPermissionPostAPI()'><b>AssetTeamPermissionPostAPI</b><br>Test class: com.arcapi.Communitytestcases.AssetTeamPermissionPostAPITest<br>Parameters: DEV, ProjectIDCommunityOther, 2</td>
<td></td>
<td>6</td>
<td>com.arcapi.Communitytestcases.AssetTeamPermissionPostAPITest@6c9f5c0d</td></tr>
<tr>
<td title='com.arcapi.Communitytestcases.AssetTeamPermissionPutAPITest.AssetTeamPermissionPutAPI()'><b>AssetTeamPermissionPutAPI</b><br>Test class: com.arcapi.Communitytestcases.AssetTeamPermissionPutAPITest<br>Parameters: DEV, ProjectIDCommunityOther, 2</td>
<td></td>
<td>6</td>
<td>com.arcapi.Communitytestcases.AssetTeamPermissionPutAPITest@de3a06f</td></tr>
<tr>
<td title='com.arcapi.Communitytestcases.AssetUpdateCommunityOtherAPITest.AssetUpdateforNewAssetPUTAPI()'><b>AssetUpdateforNewAssetPUTAPI</b><br>Test class: com.arcapi.Communitytestcases.AssetUpdateCommunityOtherAPITest<br>Parameters: DEV, ProjectIDCommunityOther, 2</td>
<td></td>
<td>9</td>
<td>com.arcapi.Communitytestcases.AssetUpdateCommunityOtherAPITest@543e710e</td></tr>
<tr>
<td title='com.arcapi.Communitytestcases.AssetValidationInfoPOSTAPITest.AssetValidationInfoPOSTAPI()'><b>AssetValidationInfoPOSTAPI</b><br>Test class: com.arcapi.Communitytestcases.AssetValidationInfoPOSTAPITest</td>
<td></td>
<td>4</td>
<td>com.arcapi.Communitytestcases.AssetValidationInfoPOSTAPITest@2f8f5f62</td></tr>
<tr>
<td title='com.arcapi.Communitytestcases.AssociatedCategoriesAPITest.AssociatedCategoriesAPI()'><b>AssociatedCategoriesAPI</b><br>Test class: com.arcapi.Communitytestcases.AssociatedCategoriesAPITest</td>
<td></td>
<td>3</td>
<td>com.arcapi.Communitytestcases.AssociatedCategoriesAPITest@77a57272</td></tr>
<tr>
<td title='com.arcapi.Communitytestcases.AvgPerformaceListGetTest.AvgPerformaceList()'><b>AvgPerformaceList</b><br>Test class: com.arcapi.Communitytestcases.AvgPerformaceListGetTest</td>
<td></td>
<td>5</td>
<td>com.arcapi.Communitytestcases.AvgPerformaceListGetTest@1ee807c6</td></tr>
<tr>
<td title='com.arcapi.Communitytestcases.CityCommConsumptionCreateAPITest.ConsumptionCreatePOSTAPI()'><b>ConsumptionCreatePOSTAPI</b><br>Test class: com.arcapi.Communitytestcases.CityCommConsumptionCreateAPITest<br>Parameters: DEV, ProjectIDCommunityOther, 2</td>
<td></td>
<td>28</td>
<td>com.arcapi.Communitytestcases.CityCommConsumptionCreateAPITest@51b279c9</td></tr>
<tr>
<td title='com.arcapi.Communitytestcases.CountryStatesJSONAPITest.CountryStatesJSONAPI()'><b>CountryStatesJSONAPI</b><br>Test class: com.arcapi.Communitytestcases.CountryStatesJSONAPITest</td>
<td></td>
<td>3</td>
<td>com.arcapi.Communitytestcases.CountryStatesJSONAPITest@33b37288</td></tr>
<tr>
<td title='com.arcapi.Communitytestcases.CreateAssetCommunityOtherAPITest.CreateAssetPOSTAPI()'><b>CreateAssetPOSTAPI</b><br>Test class: com.arcapi.Communitytestcases.CreateAssetCommunityOtherAPITest<br>Parameters: DEV, community, ProjectIDCommunityOther, 2, US</td>
<td></td>
<td>29</td>
<td>com.arcapi.Communitytestcases.CreateAssetCommunityOtherAPITest@5fcd892a</td></tr>
<tr>
<td title='com.arcapi.Communitytestcases.CreditAddTeamPOSTAPITest.CreditAddTeamPOSTAPI()'><b>CreditAddTeamPOSTAPI</b><br>Test class: com.arcapi.Communitytestcases.CreditAddTeamPOSTAPITest<br>Parameters: DEV, ProjectIDCommunityOther, 2, CommunityOtherNoneCredit, 6</td>
<td></td>
<td>1</td>
<td>com.arcapi.Communitytestcases.CreditAddTeamPOSTAPITest@27fe3806</td></tr>
<tr>
<td title='com.arcapi.Communitytestcases.CreditGetAPITest.CreditGetAPI()'><b>CreditGetAPI</b><br>Test class: com.arcapi.Communitytestcases.CreditGetAPITest<br>Parameters: DEV, ProjectIDCommunityOther, 2, CommunityOtherNoneCredit</td>
<td></td>
<td>16</td>
<td>com.arcapi.Communitytestcases.CreditGetAPITest@69379752</td></tr>
<tr>
<td title='com.arcapi.Communitytestcases.DeleteAllAppsAPITest.DeleteAllAppsAPI()'><b>DeleteAllAppsAPI</b><br>Test class: com.arcapi.Communitytestcases.DeleteAllAppsAPITest<br>Parameters: DEV, ProjectIDCommunityOther, 2</td>
<td></td>
<td>8</td>
<td>com.arcapi.Communitytestcases.DeleteAllAppsAPITest@2473b9ce</td></tr>
<tr>
<td title='com.arcapi.Communitytestcases.DownloadDocumentsAPITest.DownloadDocumentsAPI()'><b>DownloadDocumentsAPI</b><br>Test class: com.arcapi.Communitytestcases.DownloadDocumentsAPITest<br>Parameters: DEV, ProjectIDCommunityOther, 2</td>
<td></td>
<td>5</td>
<td>com.arcapi.Communitytestcases.DownloadDocumentsAPITest@44f75083</td></tr>
<tr>
<td title='com.arcapi.Communitytestcases.FeedbackSubmitPostAPITest.FeedbackSubmitPostAPI()'><b>FeedbackSubmitPostAPI</b><br>Test class: com.arcapi.Communitytestcases.FeedbackSubmitPostAPITest<br>Parameters: DEV, ProjectIDCommunityOther, 2</td>
<td></td>
<td>3</td>
<td>com.arcapi.Communitytestcases.FeedbackSubmitPostAPITest@2f490758</td></tr>
<tr>
<td title='com.arcapi.Communitytestcases.FetchingAgreementDetailsAPITest.FetchingAgreementDetailsAPI()'><b>FetchingAgreementDetailsAPI</b><br>Test class: com.arcapi.Communitytestcases.FetchingAgreementDetailsAPITest<br>Parameters: DEV, ProjectIDCommunityOther, 2</td>
<td></td>
<td>6</td>
<td>com.arcapi.Communitytestcases.FetchingAgreementDetailsAPITest@43d7741f</td></tr>
<tr>
<td title='com.arcapi.Communitytestcases.FuelCategoryAPITest.FuelCategoryAPI()'><b>FuelCategoryAPI</b><br>Test class: com.arcapi.Communitytestcases.FuelCategoryAPITest</td>
<td></td>
<td>3</td>
<td>com.arcapi.Communitytestcases.FuelCategoryAPITest@6e2c9341</td></tr>
<tr>
<td title='com.arcapi.Communitytestcases.GetAllDocumentListAPITest.GetAllDocumentListAPI()'><b>GetAllDocumentListAPI</b><br>Test class: com.arcapi.Communitytestcases.GetAllDocumentListAPITest<br>Parameters: DEV, ProjectIDCommunityOther, 2</td>
<td></td>
<td>6</td>
<td>com.arcapi.Communitytestcases.GetAllDocumentListAPITest@32464a14</td></tr>
<tr>
<td title='com.arcapi.Communitytestcases.InstallAllAppsAfterDeleteAPITest.InstallAllAppsAfterDeleteAPI()'><b>InstallAllAppsAfterDeleteAPI</b><br>Test class: com.arcapi.Communitytestcases.InstallAllAppsAfterDeleteAPITest<br>Parameters: DEV, ProjectIDCommunityOther, 2</td>
<td></td>
<td>7</td>
<td>com.arcapi.Communitytestcases.InstallAllAppsAfterDeleteAPITest@60438a68</td></tr>
<tr>
<td title='com.arcapi.Communitytestcases.LOTokenAPITest.LOTokenAPI()'><b>LOTokenAPI</b><br>Test class: com.arcapi.Communitytestcases.LOTokenAPITest<br>Parameters: DEV, 2</td>
<td></td>
<td>3</td>
<td>com.arcapi.Communitytestcases.LOTokenAPITest@4bb4de6a</td></tr>
<tr>
<td title='com.arcapi.Communitytestcases.LoginAPITest.LoginAPI()'><b>LoginAPI</b><br>Test class: com.arcapi.Communitytestcases.LoginAPITest<br>Parameters: DEV, 2</td>
<td></td>
<td>15</td>
<td>com.arcapi.Communitytestcases.LoginAPITest@61ca2dfa</td></tr>
<tr>
<td title='com.arcapi.Communitytestcases.MeasuresDetailAPITest.MeasuresDetailAPI()'><b>MeasuresDetailAPI</b><br>Test class: com.arcapi.Communitytestcases.MeasuresDetailAPITest<br>Parameters: DEV, ProjectIDCommunityOther, 2</td>
<td></td>
<td>3</td>
<td>com.arcapi.Communitytestcases.MeasuresDetailAPITest@1d7acb34</td></tr>
<tr>
<td title='com.arcapi.Communitytestcases.MeasuresListAPITest.MeasuresListAPI()'><b>MeasuresListAPI</b><br>Test class: com.arcapi.Communitytestcases.MeasuresListAPITest<br>Parameters: DEV, ProjectIDCommunityOther, 2</td>
<td></td>
<td>3</td>
<td>com.arcapi.Communitytestcases.MeasuresListAPITest@5f71c76a</td></tr>
<tr>
<td title='com.arcapi.Communitytestcases.MeasuresPostAPITest.MeasuresPostAPI()'><b>MeasuresPostAPI</b><br>Test class: com.arcapi.Communitytestcases.MeasuresPostAPITest<br>Parameters: DEV, ProjectIDCommunityOther, 2</td>
<td></td>
<td>24</td>
<td>com.arcapi.Communitytestcases.MeasuresPostAPITest@48a242ce</td></tr>
<tr>
<td title='com.arcapi.Communitytestcases.MeasuresUpdateAPITest.MeasuresUpdateAPI()'><b>MeasuresUpdateAPI</b><br>Test class: com.arcapi.Communitytestcases.MeasuresUpdateAPITest<br>Parameters: DEV, ProjectIDCommunityOther, 2</td>
<td></td>
<td>3</td>
<td>com.arcapi.Communitytestcases.MeasuresUpdateAPITest@1e4a7dd4</td></tr>
<tr>
<td title='com.arcapi.Communitytestcases.MeasuresVersionDetailAPITest.MeasuresVersionDetailAPI()'><b>MeasuresVersionDetailAPI</b><br>Test class: com.arcapi.Communitytestcases.MeasuresVersionDetailAPITest<br>Parameters: DEV, ProjectIDCommunityOther, 2</td>
<td></td>
<td>2</td>
<td>com.arcapi.Communitytestcases.MeasuresVersionDetailAPITest@4b9e255</td></tr>
<tr>
<td title='com.arcapi.Communitytestcases.MeasuresVersionListAPITest.MeasuresVersionListAPI()'><b>MeasuresVersionListAPI</b><br>Test class: com.arcapi.Communitytestcases.MeasuresVersionListAPITest<br>Parameters: DEV, ProjectIDCommunityOther, 2</td>
<td></td>
<td>3</td>
<td>com.arcapi.Communitytestcases.MeasuresVersionListAPITest@4f51b3e0</td></tr>
<tr>
<td title='com.arcapi.Communitytestcases.MeasuresVersionPostAPITest.MeasuresVersionPostAPI()'><b>MeasuresVersionPostAPI</b><br>Test class: com.arcapi.Communitytestcases.MeasuresVersionPostAPITest<br>Parameters: DEV, ProjectIDCommunityOther, 2</td>
<td></td>
<td>3</td>
<td>com.arcapi.Communitytestcases.MeasuresVersionPostAPITest@5e57643e</td></tr>
<tr>
<td title='com.arcapi.Communitytestcases.MeterCreateAPICityCommTest.MeterCreatePOSTAPI()'><b>MeterCreatePOSTAPI</b><br>Test class: com.arcapi.Communitytestcases.MeterCreateAPICityCommTest<br>Parameters: DEV, ProjectIDCommunityOther, 2</td>
<td></td>
<td>33</td>
<td>com.arcapi.Communitytestcases.MeterCreateAPICityCommTest@133e16fd</td></tr>
<tr>
<td title='com.arcapi.Communitytestcases.NotificationCreatePOSTAPITest.NotificationCreatePOSTAPI()'><b>NotificationCreatePOSTAPI</b><br>Test class: com.arcapi.Communitytestcases.NotificationCreatePOSTAPITest<br>Parameters: DEV, ProjectIDCommunityOther, 2</td>
<td></td>
<td>3</td>
<td>com.arcapi.Communitytestcases.NotificationCreatePOSTAPITest@70a9f84e</td></tr>
<tr>
<td title='com.arcapi.Communitytestcases.NotificationDeleteAPITest.NotificationDeleteAPI()'><b>NotificationDeleteAPI</b><br>Test class: com.arcapi.Communitytestcases.NotificationDeleteAPITest<br>Parameters: DEV, ProjectIDCommunityOther, 2</td>
<td></td>
<td>3</td>
<td>com.arcapi.Communitytestcases.NotificationDeleteAPITest@1188e820</td></tr>
<tr>
<td title='com.arcapi.Communitytestcases.NotificationGetAPITest.NotificationGetAPI()'><b>NotificationGetAPI</b><br>Test class: com.arcapi.Communitytestcases.NotificationGetAPITest<br>Parameters: DEV, ProjectIDCommunityOther, 2</td>
<td></td>
<td>3</td>
<td>com.arcapi.Communitytestcases.NotificationGetAPITest@130f889</td></tr>
<tr>
<td title='com.arcapi.Communitytestcases.NotificationSubscriptionDetailGetTest.NotificationSubscriptionDetail()'><b>NotificationSubscriptionDetail</b><br>Test class: com.arcapi.Communitytestcases.NotificationSubscriptionDetailGetTest<br>Parameters: DEV, ProjectIDCommunityOther, 2</td>
<td></td>
<td>3</td>
<td>com.arcapi.Communitytestcases.NotificationSubscriptionDetailGetTest@3d8314f0</td></tr>
<tr>
<td title='com.arcapi.Communitytestcases.NotificationSubscriptionDetailPutTest.NotificationSubscriptionDetail()'><b>NotificationSubscriptionDetail</b><br>Test class: com.arcapi.Communitytestcases.NotificationSubscriptionDetailPutTest<br>Parameters: DEV, ProjectIDCommunityOther, 2</td>
<td></td>
<td>5</td>
<td>com.arcapi.Communitytestcases.NotificationSubscriptionDetailPutTest@2df32bf7</td></tr>
<tr>
<td title='com.arcapi.Communitytestcases.NotificationSubscriptionDetailDeleteTest.NotificationSubscriptionDetailDelete()'><b>NotificationSubscriptionDetailDelete</b><br>Test class: com.arcapi.Communitytestcases.NotificationSubscriptionDetailDeleteTest<br>Parameters: DEV, ProjectIDCommunityOther, 2</td>
<td></td>
<td>3</td>
<td>com.arcapi.Communitytestcases.NotificationSubscriptionDetailDeleteTest@530612ba</td></tr>
<tr>
<td title='com.arcapi.Communitytestcases.PaymentHistoryAPITest.PaymentHistoryAPI()'><b>PaymentHistoryAPI</b><br>Test class: com.arcapi.Communitytestcases.PaymentHistoryAPITest<br>Parameters: DEV, ProjectIDCommunityOther, 2</td>
<td></td>
<td>2</td>
<td>com.arcapi.Communitytestcases.PaymentHistoryAPITest@5427c60c</td></tr>
<tr>
<td title='com.arcapi.Communitytestcases.PaymentOrderGetAPITest.PaymentOrderGetAPI()'><b>PaymentOrderGetAPI</b><br>Test class: com.arcapi.Communitytestcases.PaymentOrderGetAPITest<br>Parameters: DEV, ProjectIDCommunityOther, 2</td>
<td></td>
<td>4</td>
<td>com.arcapi.Communitytestcases.PaymentOrderGetAPITest@73d4cc9e</td></tr>
<tr>
<td title='com.arcapi.Communitytestcases.PaymentOrderSubmitPOSTAPITest.PaymentOrderSubmitPOSTAPI()'><b>PaymentOrderSubmitPOSTAPI</b><br>Test class: com.arcapi.Communitytestcases.PaymentOrderSubmitPOSTAPITest<br>Parameters: DEV, ProjectIDCommunityOther, 2, CreditCardPayment</td>
<td></td>
<td>48</td>
<td>com.arcapi.Communitytestcases.PaymentOrderSubmitPOSTAPITest@b9afc07</td></tr>
<tr>
<td title='com.arcapi.Communitytestcases.PerformanceComparablesGetAPITest.PerformanceComparablesGetAPI()'><b>PerformanceComparablesGetAPI</b><br>Test class: com.arcapi.Communitytestcases.PerformanceComparablesGetAPITest</td>
<td></td>
<td>3</td>
<td>com.arcapi.Communitytestcases.PerformanceComparablesGetAPITest@4e4aea35</td></tr>
<tr>
<td title='com.arcapi.Communitytestcases.RatingSystemListAPITest.RatingSystemListAPI()'><b>RatingSystemListAPI</b><br>Test class: com.arcapi.Communitytestcases.RatingSystemListAPITest</td>
<td></td>
<td>3</td>
<td>com.arcapi.Communitytestcases.RatingSystemListAPITest@7181ae3f</td></tr>
<tr>
<td title='com.arcapi.Communitytestcases.RecomputePerformanceScoreGetTest.RecomputePerformanceScoreGet()'><b>RecomputePerformanceScoreGet</b><br>Test class: com.arcapi.Communitytestcases.RecomputePerformanceScoreGetTest<br>Parameters: DEV, ProjectIDCommunityOther, 2</td>
<td></td>
<td>11</td>
<td>com.arcapi.Communitytestcases.RecomputePerformanceScoreGetTest@f4168b8</td></tr>
<tr>
<td title='com.arcapi.Communitytestcases.RegistrationPaymentPricingGetAPITest.RegistrationPaymentPricingGetAPI()'><b>RegistrationPaymentPricingGetAPI</b><br>Test class: com.arcapi.Communitytestcases.RegistrationPaymentPricingGetAPITest<br>Parameters: DEV, ProjectIDCommunityOther, 2</td>
<td></td>
<td>50</td>
<td>com.arcapi.Communitytestcases.RegistrationPaymentPricingGetAPITest@6483f5ae</td></tr>
<tr>
<td title='com.arcapi.Communitytestcases.ReviewCertificationPricingAPITest.ReviewCertificationPricingAPI()'><b>ReviewCertificationPricingAPI</b><br>Test class: com.arcapi.Communitytestcases.ReviewCertificationPricingAPITest<br>Parameters: DEV, ProjectIDCommunityOther, 2, performance score</td>
<td></td>
<td>5</td>
<td>com.arcapi.Communitytestcases.ReviewCertificationPricingAPITest@3bd94634</td></tr>
<tr>
<td title='com.arcapi.Communitytestcases.S3DocumentListAPITest.S3DocumentListAPI()'><b>S3DocumentListAPI</b><br>Test class: com.arcapi.Communitytestcases.S3DocumentListAPITest<br>Parameters: DEV, ProjectIDCommunityOther, 2</td>
<td></td>
<td>3</td>
<td>com.arcapi.Communitytestcases.S3DocumentListAPITest@dbd940d</td></tr>
<tr>
<td title='com.arcapi.Communitytestcases.S3DocumentRemoveAPITest.S3DocumentRemoveAPI()'><b>S3DocumentRemoveAPI</b><br>Test class: com.arcapi.Communitytestcases.S3DocumentRemoveAPITest<br>Parameters: DEV, ProjectIDCommunityOther, 2</td>
<td></td>
<td>2</td>
<td>com.arcapi.Communitytestcases.S3DocumentRemoveAPITest@71d15f18</td></tr>
<tr>
<td title='com.arcapi.Communitytestcases.S3DocumentUploadPOSTAPITest.S3DocumentUploadPOSTAPI()'><b>S3DocumentUploadPOSTAPI</b><br>Test class: com.arcapi.Communitytestcases.S3DocumentUploadPOSTAPITest<br>Parameters: DEV, ProjectIDCommunityOther, 2</td>
<td></td>
<td>28</td>
<td>com.arcapi.Communitytestcases.S3DocumentUploadPOSTAPITest@3439f68d</td></tr>
<tr>
<td title='com.arcapi.Communitytestcases.ScoreWeightsAPITest.ScoreWeightsAPI()'><b>ScoreWeightsAPI</b><br>Test class: com.arcapi.Communitytestcases.ScoreWeightsAPITest</td>
<td></td>
<td>3</td>
<td>com.arcapi.Communitytestcases.ScoreWeightsAPITest@1442d7b5</td></tr>
<tr>
<td title='com.arcapi.Communitytestcases.SignAgreementRegistrationAPITest.SignAgreementRegistrationAPI()'><b>SignAgreementRegistrationAPI</b><br>Test class: com.arcapi.Communitytestcases.SignAgreementRegistrationAPITest<br>Parameters: DEV, ProjectIDCommunityOther, 2</td>
<td></td>
<td>9</td>
<td>com.arcapi.Communitytestcases.SignAgreementRegistrationAPITest@8b87145</td></tr>
<tr>
<td title='com.arcapi.Communitytestcases.SubmitReviewGetAPITest.SubmitReviewGetAPI()'><b>SubmitReviewGetAPI</b><br>Test class: com.arcapi.Communitytestcases.SubmitReviewGetAPITest<br>Parameters: DEV, ProjectIDCommunityOther, 2</td>
<td></td>
<td>7</td>
<td>com.arcapi.Communitytestcases.SubmitReviewGetAPITest@74294adb</td></tr>
<tr>
<td title='com.arcapi.Communitytestcases.SubmitReviewPOSTAPITest.SubmitReviewPOSTAPI()'><b>SubmitReviewPOSTAPI</b><br>Test class: com.arcapi.Communitytestcases.SubmitReviewPOSTAPITest<br>Parameters: DEV, ProjectIDCommunityOther, 2, community, performance score</td>
<td></td>
<td>9</td>
<td>com.arcapi.Communitytestcases.SubmitReviewPOSTAPITest@58a90037</td></tr>
<tr>
<td title='com.arcapi.Communitytestcases.ThirdPartyListAppsAPITest.ThirdPartyListAppsAPI()'><b>ThirdPartyListAppsAPI</b><br>Test class: com.arcapi.Communitytestcases.ThirdPartyListAppsAPITest</td>
<td></td>
<td>3</td>
<td>com.arcapi.Communitytestcases.ThirdPartyListAppsAPITest@1efee8e7</td></tr>
<tr>
<td title='com.arcapi.Communitytestcases.UserAccessLevelSAPGetTest.UserAccessLevelSAPGet()'><b>UserAccessLevelSAPGet</b><br>Test class: com.arcapi.Communitytestcases.UserAccessLevelSAPGetTest</td>
<td></td>
<td>3</td>
<td>com.arcapi.Communitytestcases.UserAccessLevelSAPGetTest@134593bf</td></tr>
<tr>
<td title='com.arcapi.Communitytestcases.UserDetailAPITest.UserDetailAPI()'><b>UserDetailAPI</b><br>Test class: com.arcapi.Communitytestcases.UserDetailAPITest<br>Parameters: DEV, 2</td>
<td></td>
<td>6</td>
<td>com.arcapi.Communitytestcases.UserDetailAPITest@4b53f538</td></tr>
<tr>
<td title='com.arcapi.Communitytestcases.VerifyAgreementPresentAPITest.VerifyAgreementPresentAPI()'><b>VerifyAgreementPresentAPI</b><br>Test class: com.arcapi.Communitytestcases.VerifyAgreementPresentAPITest<br>Parameters: DEV, ProjectIDCommunityOther, 2</td>
<td></td>
<td>6</td>
<td>com.arcapi.Communitytestcases.VerifyAgreementPresentAPITest@2698dc7</td></tr>
<tr>
<td title='com.arcapi.Communitytestcases.VerifyProjectRegisteredAssetListTest.VerifyProjectRegisteredAssetList()'><b>VerifyProjectRegisteredAssetList</b><br>Test class: com.arcapi.Communitytestcases.VerifyProjectRegisteredAssetListTest<br>Parameters: DEV, ProjectIDCommunityOther, 2</td>
<td></td>
<td>3</td>
<td>com.arcapi.Communitytestcases.VerifyProjectRegisteredAssetListTest@3d0f8e03</td></tr>
</table><p>
</body>
</html>