<?xml version="1.0" encoding="UTF-8"?>
<!-- Generated by org.testng.reporters.JUnitXMLReporter -->
<testsuite hostname="G10GNLT041" ignored="0" name="CompleteFlowTest-City-None" tests="83" failures="6" timestamp="30 Apr 2019 09:33:06 GMT" time="1144.954" errors="0">
  <testcase name="LoginAPI" time="15.772" classname="com.arcapi.Citytestcases.LoginAPITest"/>
  <testcase name="UserDetailAPI" time="5.202" classname="com.arcapi.Citytestcases.UserDetailAPITest"/>
  <testcase name="UserAccessLevelSAPGet" time="3.528" classname="com.arcapi.Citytestcases.UserAccessLevelSAPGetTest"/>
  <testcase name="LOTokenAPI" time="3.259" classname="com.arcapi.Citytestcases.LOTokenAPITest"/>
  <testcase name="AssetSearchAPI" time="3.316" classname="com.arcapi.Citytestcases.AssetSearchAPITest"/>
  <testcase name="AssetValidationInfoPOSTAPI" time="4.518" classname="com.arcapi.Citytestcases.AssetValidationInfoPOSTAPITest"/>
  <testcase name="AssetSearchOwnerAPI" time="2.824" classname="com.arcapi.Citytestcases.AssetSearchOwnerAPITest"/>
  <testcase name="AssetOwnerOrgPOSTAPI" time="4.917" classname="com.arcapi.Citytestcases.AssetOwnerOrgPOSTAPITest"/>
  <testcase name="AssetListAPI" time="4.22" classname="com.arcapi.Citytestcases.AssetListAPITest"/>
  <testcase name="CreateAssetPOSTAPI" time="27.273" classname="com.arcapi.Citytestcases.CreateAssetCityNoneAPITest"/>
  <testcase name="SignAgreementRegistrationAPI" time="9.7" classname="com.arcapi.Citytestcases.SignAgreementRegistrationAPITest"/>
  <testcase name="RegistrationPaymentPricingGetAPI" time="5.144" classname="com.arcapi.Citytestcases.RegistrationPaymentPricingGetAPITest"/>
  <testcase name="PaymentOrderSubmitPOSTAPI" time="49.528" classname="com.arcapi.Citytestcases.PaymentOrderSubmitPOSTAPITest"/>
  <testcase name="AddAssestTimeline" time="21.23" classname="com.arcapi.Citytestcases.AddAssestTimelinePOSTAPITest"/>
  <testcase name="PaymentOrderGetAPI" time="4.219" classname="com.arcapi.Citytestcases.PaymentOrderGetAPITest"/>
  <testcase name="PaymentReceiptAPI" time="3.344" classname="com.arcapi.Citytestcases.PaymentReceiptAPITest">
    <failure type="java.lang.AssertionError" message="1 expectation failed.
Expected status code &amp;lt;200&amp;gt; doesn&amp;apos;t match actual status code &amp;lt;400&amp;gt;.
">
      <![CDATA[java.lang.AssertionError: 1 expectation failed.Expected status code <200> doesn't match actual status code <400>.at org.codehaus.groovy.runtime.callsite.ConstructorSite$ConstructorSiteNoUnwrap.callConstructor(ConstructorSite.java:84)at org.codehaus.groovy.runtime.callsite.CallSiteArray.defaultCallConstructor(CallSiteArray.java:60)at org.codehaus.groovy.runtime.callsite.AbstractCallSite.callConstructor(AbstractCallSite.java:235)at org.codehaus.groovy.runtime.callsite.AbstractCallSite.callConstructor(AbstractCallSite.java:247)at com.jayway.restassured.internal.ResponseSpecificationImpl$HamcrestAssertionClosure.validate(ResponseSpecificationImpl.groovy:598)at com.jayway.restassured.internal.ResponseSpecificationImpl$HamcrestAssertionClosure$validate$1.call(Unknown Source)at com.jayway.restassured.internal.ResponseSpecificationImpl.validate(ResponseSpecificationImpl.groovy:86)at com.jayway.restassured.internal.ValidatableResponseOptionsImpl.specification(ValidatableResponseOptionsImpl.java:307)at com.jayway.restassured.internal.ValidatableResponseOptionsImpl.spec(ValidatableResponseOptionsImpl.java:288)at com.arcapi.Citytestcases.PaymentReceiptAPITest.PaymentReceiptAPI(PaymentReceiptAPITest.java:46)... Removed 32 stack frames]]>
    </failure>
  </testcase> <!-- PaymentReceiptAPI -->
  <testcase name="PaymentHistoryAPI" time="3.333" classname="com.arcapi.Citytestcases.PaymentHistoryAPITest"/>
  <testcase name="AssetDetailAPI" time="3.273" classname="com.arcapi.Citytestcases.AssetDetailAPITest"/>
  <testcase name="AssetUpdateforNewAssetPUTAPI" time="8.09" classname="com.arcapi.Citytestcases.AssetUpdateCityNoneAPITest"/>
  <testcase name="AssetDetailAPI" time="3.292" classname="com.arcapi.Citytestcases.VerifyAssetDetailCityAPITest">
    <failure type="java.lang.AssertionError" message="expected [100] but found [10000]">
      <![CDATA[java.lang.AssertionError: expected [100] but found [10000]at com.arcapi.Citytestcases.VerifyAssetDetailCityAPITest.AssetDetailAPI(VerifyAssetDetailCityAPITest.java:72)... Removed 32 stack frames]]>
    </failure>
  </testcase> <!-- AssetDetailAPI -->
  <testcase name="VerifyProjectRegisteredAssetList" time="3.916" classname="com.arcapi.Citytestcases.VerifyProjectRegisteredAssetListTest"/>
  <testcase name="AssetDocumentAPI" time="6.906" classname="com.arcapi.Citytestcases.AssetDocumentAPITest"/>
  <testcase name="DownloadDocumentsAPI" time="6.246" classname="com.arcapi.Citytestcases.DownloadDocumentsAPITest"/>
  <testcase name="VerifyAgreementPresentAPI" time="5.935" classname="com.arcapi.Citytestcases.VerifyAgreementPresentAPITest"/>
  <testcase name="FetchingAgreementDetailsAPI" time="7.486" classname="com.arcapi.Citytestcases.FetchingAgreementDetailsAPITest"/>
  <testcase name="VerifyAgreementDeleteAPI" time="2.833" classname="com.arcapi.Citytestcases.VerifyAgreementDeleteAPITest">
    <failure type="java.lang.AssertionError" message="1 expectation failed.
Expected status code &amp;lt;403&amp;gt; doesn&amp;apos;t match actual status code &amp;lt;404&amp;gt;.
">
      <![CDATA[java.lang.AssertionError: 1 expectation failed.Expected status code <403> doesn't match actual status code <404>.at org.codehaus.groovy.runtime.callsite.ConstructorSite$ConstructorSiteNoUnwrap.callConstructor(ConstructorSite.java:84)at org.codehaus.groovy.runtime.callsite.AbstractCallSite.callConstructor(AbstractCallSite.java:247)at com.jayway.restassured.internal.ResponseSpecificationImpl$HamcrestAssertionClosure.validate(ResponseSpecificationImpl.groovy:598)at com.jayway.restassured.internal.ResponseSpecificationImpl$HamcrestAssertionClosure$validate$1.call(Unknown Source)at com.jayway.restassured.internal.ResponseSpecificationImpl.validateResponseIfRequired(ResponseSpecificationImpl.groovy:760)at org.codehaus.groovy.runtime.callsite.PogoMetaMethodSite$PogoCachedMethodSiteNoUnwrapNoCoerce.invoke(PogoMetaMethodSite.java:210)at org.codehaus.groovy.runtime.callsite.PogoMetaMethodSite.callCurrent(PogoMetaMethodSite.java:59)at org.codehaus.groovy.runtime.callsite.AbstractCallSite.callCurrent(AbstractCallSite.java:166)at com.jayway.restassured.internal.ResponseSpecificationImpl.statusCode(ResponseSpecificationImpl.groovy:120)at com.jayway.restassured.specification.ResponseSpecification$statusCode$0.callCurrent(Unknown Source)at com.jayway.restassured.internal.ResponseSpecificationImpl.statusCode(ResponseSpecificationImpl.groovy:128)at com.jayway.restassured.internal.ValidatableResponseOptionsImpl.statusCode(ValidatableResponseOptionsImpl.java:117)at com.arcapi.Citytestcases.VerifyAgreementDeleteAPITest.VerifyAgreementDeleteAPI(VerifyAgreementDeleteAPITest.java:69)... Removed 35 stack frames]]>
    </failure>
  </testcase> <!-- VerifyAgreementDeleteAPI -->
  <testcase name="CreditGetAPI" time="16.901" classname="com.arcapi.Citytestcases.CreditGetAPITest"/>
  <testcase name="CreditAddTeamPOSTAPI" time="34.164" classname="com.arcapi.Citytestcases.CreditAddTeamPOSTAPITest"/>
  <testcase name="MeasuresListAPI" time="3.631" classname="com.arcapi.Citytestcases.MeasuresListAPITest"/>
  <testcase name="MeasuresDetailAPI" time="3.157" classname="com.arcapi.Citytestcases.MeasuresDetailAPITest"/>
  <testcase name="MeasuresPostAPI" time="23.06" classname="com.arcapi.Citytestcases.MeasuresPostAPITest"/>
  <testcase name="MeasuresUpdateAPI" time="3.017" classname="com.arcapi.Citytestcases.MeasuresUpdateAPITest"/>
  <testcase name="MeasuresVersionListAPI" time="3.147" classname="com.arcapi.Citytestcases.MeasuresVersionListAPITest"/>
  <testcase name="MeasuresVersionDetailAPI" time="2.825" classname="com.arcapi.Citytestcases.MeasuresVersionDetailAPITest"/>
  <testcase name="MeasuresVersionPostAPI" time="2.958" classname="com.arcapi.Citytestcases.MeasuresVersionPostAPITest"/>
  <testcase name="MeterCreatePOSTAPI" time="67.396" classname="com.arcapi.Citytestcases.MeterCreateAPICityCommTest"/>
  <testcase name="ConsumptionCreatePOSTAPI" time="66.692" classname="com.arcapi.Citytestcases.CityCommConsumptionCreateAPITest"/>
  <testcase name="AssetTeamMemberRoleAPI" time="5.342" classname="com.arcapi.Citytestcases.AssetTeamMemberRoleAPITest"/>
  <testcase name="AssetTeamMemberListAPI" time="5.7" classname="com.arcapi.Citytestcases.AssetTeamMemberListAPITest"/>
  <testcase name="AssetTeamMemberAddPOSTAPI" time="8.789" classname="com.arcapi.Citytestcases.AssetTeamMemberAddPOSTAPITest"/>
  <testcase name="AssetTeamMemberUpdateAPI" time="8.604" classname="com.arcapi.Citytestcases.AssetTeamMemberUpdateAPITest"/>
  <testcase name="AssetTeamMemberRemoveAPI" time="9.448" classname="com.arcapi.Citytestcases.AssetTeamMemberRemoveAPITest"/>
  <testcase name="DeleteAllAppsAPI" time="6.228" classname="com.arcapi.Citytestcases.DeleteAllAppsAPITest"/>
  <testcase name="InstallAllAppsAfterDeleteAPI" time="5.703" classname="com.arcapi.Citytestcases.InstallAllAppsAfterDeleteAPITest"/>
  <testcase name="VerifyAdminRemoveAPI" time="3.72" classname="com.arcapi.Citytestcases.VerifyAdminRemoveAPITest">
    <failure type="java.lang.AssertionError" message="1 expectation failed.
Expected status code &amp;lt;200&amp;gt; doesn&amp;apos;t match actual status code &amp;lt;400&amp;gt;.
">
      <![CDATA[java.lang.AssertionError: 1 expectation failed.Expected status code <200> doesn't match actual status code <400>.at org.codehaus.groovy.runtime.callsite.ConstructorSite$ConstructorSiteNoUnwrap.callConstructor(ConstructorSite.java:84)at org.codehaus.groovy.runtime.callsite.AbstractCallSite.callConstructor(AbstractCallSite.java:247)at com.jayway.restassured.internal.ResponseSpecificationImpl$HamcrestAssertionClosure.validate(ResponseSpecificationImpl.groovy:598)at com.jayway.restassured.internal.ResponseSpecificationImpl$HamcrestAssertionClosure$validate$1.call(Unknown Source)at com.jayway.restassured.internal.RequestSpecificationImpl.applyPathParamsAndSendRequest(RequestSpecificationImpl.groovy:1597)at groovy.lang.MetaMethod.doMethodInvoke(MetaMethod.java:325)at groovy.lang.MetaClassImpl.invokeMethod(MetaClassImpl.java:1210)at groovy.lang.MetaClassImpl.invokeMethod(MetaClassImpl.java:1019)at groovy.lang.MetaClassImpl.invokeMethod(MetaClassImpl.java:810)at com.jayway.restassured.internal.RequestSpecificationImpl.invokeMethod(RequestSpecificationImpl.groovy)at org.codehaus.groovy.runtime.callsite.PogoInterceptableSite.call(PogoInterceptableSite.java:48)at org.codehaus.groovy.runtime.callsite.PogoInterceptableSite.callCurrent(PogoInterceptableSite.java:58)at org.codehaus.groovy.runtime.callsite.AbstractCallSite.callCurrent(AbstractCallSite.java:182)at com.jayway.restassured.internal.RequestSpecificationImpl.post(RequestSpecificationImpl.groovy:164)at com.jayway.restassured.internal.RequestSpecificationImpl.post(RequestSpecificationImpl.groovy)at groovy.lang.MetaMethod.doMethodInvoke(MetaMethod.java:325)at groovy.lang.MetaClassImpl.invokeMethod(MetaClassImpl.java:1210)at groovy.lang.MetaClassImpl.invokeMethod(MetaClassImpl.java:1019)at groovy.lang.MetaClassImpl.invokeMethod(MetaClassImpl.java:810)at com.jayway.restassured.internal.RequestSpecificationImpl.invokeMethod(RequestSpecificationImpl.groovy)at org.codehaus.groovy.runtime.callsite.PogoInterceptableSite.call(PogoInterceptableSite.java:48)at org.codehaus.groovy.runtime.callsite.AbstractCallSite.call(AbstractCallSite.java:133)at com.jayway.restassured.internal.ResponseSpecificationImpl.post(ResponseSpecificationImpl.groovy:293)at com.jayway.restassured.internal.ResponseSpecificationImpl.post(ResponseSpecificationImpl.groovy)at com.arc.driver.CommonMethod.GeneratingAuthCodeForLOUser(CommonMethod.java:81)at com.arcapi.Citytestcases.VerifyAdminRemoveAPITest.VerifyAdminRemoveAPI(VerifyAdminRemoveAPITest.java:27)... Removed 41 stack frames]]>
    </failure>
  </testcase> <!-- VerifyAdminRemoveAPI -->
  <testcase name="S3DocumentUploadPOSTAPI" time="19.38" classname="com.arcapi.Citytestcases.S3DocumentUploadPOSTAPITest"/>
  <testcase name="S3DocumentListAPI" time="3.629" classname="com.arcapi.Citytestcases.S3DocumentListAPITest"/>
  <testcase name="S3DocumentRemoveAPI" time="3.114" classname="com.arcapi.Citytestcases.S3DocumentRemoveAPITest"/>
  <testcase name="AssetTeamPermissionListAPI" time="11.636" classname="com.arcapi.Citytestcases.AssetTeamPermissionListAPITest"/>
  <testcase name="AssetTeamPermissionPostAPI" time="6.559" classname="com.arcapi.Citytestcases.AssetTeamPermissionPostAPITest"/>
  <testcase name="AssetTeamPermissionPutAPI" time="7.79" classname="com.arcapi.Citytestcases.AssetTeamPermissionPutAPITest"/>
  <testcase name="AssetNotificationSubscriptionList" time="2.957" classname="com.arcapi.Citytestcases.AssetNotificationSubscriptionListTest"/>
  <testcase name="AssetNotificationSubscriptionPost" time="4.037" classname="com.arcapi.Citytestcases.AssetNotificationSubscriptionPostTest"/>
  <testcase name="NotificationSubscriptionDetail" time="3.337" classname="com.arcapi.Citytestcases.NotificationSubscriptionDetailGetTest"/>
  <testcase name="NotificationSubscriptionDetail" time="2.96" classname="com.arcapi.Citytestcases.NotificationSubscriptionDetailPutTest"/>
  <testcase name="NotificationSubscriptionDetailDelete" time="2.902" classname="com.arcapi.Citytestcases.NotificationSubscriptionDetailDeleteTest"/>
  <testcase name="AssetDataSnapshotAPI" time="10.177" classname="com.arcapi.Citytestcases.AssetDataSnapshotAPITest"/>
  <testcase name="RecomputePerformanceScoreGet" time="9.553" classname="com.arcapi.Citytestcases.RecomputePerformanceScoreGetTest"/>
  <testcase name="ReviewCertificationPricingAPI" time="5.614" classname="com.arcapi.Citytestcases.ReviewCertificationPricingAPITest"/>
  <testcase name="SubmitReviewPOSTAPI" time="303.251" classname="com.arcapi.Citytestcases.SubmitReviewPOSTAPITest">
    <failure type="java.lang.AssertionError" message="1 expectation failed.
Expected status code &amp;lt;200&amp;gt; doesn&amp;apos;t match actual status code &amp;lt;500&amp;gt;.
">
      <![CDATA[java.lang.AssertionError: 1 expectation failed.Expected status code <200> doesn't match actual status code <500>.at org.codehaus.groovy.runtime.callsite.ConstructorSite$ConstructorSiteNoUnwrap.callConstructor(ConstructorSite.java:84)at org.codehaus.groovy.runtime.callsite.AbstractCallSite.callConstructor(AbstractCallSite.java:247)at com.jayway.restassured.internal.ResponseSpecificationImpl$HamcrestAssertionClosure.validate(ResponseSpecificationImpl.groovy:598)at com.jayway.restassured.internal.ResponseSpecificationImpl$HamcrestAssertionClosure$validate$1.call(Unknown Source)at com.jayway.restassured.internal.ResponseSpecificationImpl.validate(ResponseSpecificationImpl.groovy:86)at com.jayway.restassured.internal.ValidatableResponseOptionsImpl.specification(ValidatableResponseOptionsImpl.java:307)at com.jayway.restassured.internal.ValidatableResponseOptionsImpl.spec(ValidatableResponseOptionsImpl.java:288)at com.arcapi.Citytestcases.SubmitReviewPOSTAPITest.SubmitReviewPOSTAPI(SubmitReviewPOSTAPITest.java:140)... Removed 32 stack frames]]>
    </failure>
  </testcase> <!-- SubmitReviewPOSTAPI -->
  <testcase name="SubmitReviewGetAPI" time="3.366" classname="com.arcapi.Citytestcases.SubmitReviewGetAPITest"/>
  <testcase name="NotificationCreatePOSTAPI" time="2.861" classname="com.arcapi.Citytestcases.NotificationCreatePOSTAPITest"/>
  <testcase name="NotificationGetAPI" time="5.848" classname="com.arcapi.Citytestcases.NotificationGetAPITest"/>
  <testcase name="NotificationDeleteAPI" time="2.734" classname="com.arcapi.Citytestcases.NotificationDeleteAPITest"/>
  <testcase name="FeedbackSubmitPostAPI" time="2.843" classname="com.arcapi.Citytestcases.FeedbackSubmitPostAPITest"/>
  <testcase name="AssetDataExportAPI" time="4.071" classname="com.arcapi.Citytestcases.AssetDataExportAPITest"/>
  <testcase name="AssetPerformanceScorePostAPI" time="3.901" classname="com.arcapi.Citytestcases.AssetPerformanceScorePostAPITest"/>
  <testcase name="AssetPerformanceScoreListAPI" time="3.233" classname="com.arcapi.Citytestcases.AssetPerformanceScoreListAPITest"/>
  <testcase name="AnalysisDataSubmitPOSTAPI" time="9.985" classname="com.arcapi.Citytestcases.AnalysisDataSubmitPOSTAPITest"/>
  <testcase name="AnalysisDataGetAPI" time="3.155" classname="com.arcapi.Citytestcases.AnalysisDataGetAPITest"/>
  <testcase name="AssetRequiredFieldsAPI" time="3.416" classname="com.arcapi.Citytestcases.AssetRequiredFieldsAPITest"/>
  <testcase name="CountryStatesJSONAPI" time="3.411" classname="com.arcapi.Citytestcases.CountryStatesJSONAPITest"/>
  <testcase name="AssociatedCategoriesAPI" time="3.01" classname="com.arcapi.Citytestcases.AssociatedCategoriesAPITest"/>
  <testcase name="RatingSystemListAPI" time="2.996" classname="com.arcapi.Citytestcases.RatingSystemListAPITest"/>
  <testcase name="AppVersionDetailAPI" time="3.118" classname="com.arcapi.Citytestcases.AppVersionDetailAPITest"/>
  <testcase name="FuelCategoryAPI" time="3.075" classname="com.arcapi.Citytestcases.FuelCategoryAPITest"/>
  <testcase name="GetAllDocumentListAPI" time="5.994" classname="com.arcapi.Citytestcases.GetAllDocumentListAPITest"/>
  <testcase name="PerformanceComparablesGetAPI" time="3.542" classname="com.arcapi.Citytestcases.PerformanceComparablesGetAPITest"/>
  <testcase name="ScoreWeightsAPI" time="2.821" classname="com.arcapi.Citytestcases.ScoreWeightsAPITest"/>
  <testcase name="ThirdPartyListAppsAPI" time="2.688" classname="com.arcapi.Citytestcases.ThirdPartyListAppsAPITest"/>
  <testcase name="AvgPerformaceList" time="2.871" classname="com.arcapi.Citytestcases.AvgPerformaceListGetTest"/>
  <testcase name="AssetSnapshotKeysAPI" time="2.966" classname="com.arcapi.Citytestcases.AssetSnapshotKeysAPITest"/>
  <testcase name="AssetSnapshotDownloadAPI" time="3.099" classname="com.arcapi.Citytestcases.AssetSnapshotDownloadAPITest">
    <failure type="java.lang.AssertionError" message="1 expectation failed.
Expected status code &amp;lt;200&amp;gt; doesn&amp;apos;t match actual status code &amp;lt;404&amp;gt;.
">
      <![CDATA[java.lang.AssertionError: 1 expectation failed.Expected status code <200> doesn't match actual status code <404>.at org.codehaus.groovy.runtime.callsite.ConstructorSite$ConstructorSiteNoUnwrap.callConstructor(ConstructorSite.java:84)at org.codehaus.groovy.runtime.callsite.AbstractCallSite.callConstructor(AbstractCallSite.java:247)at com.jayway.restassured.internal.ResponseSpecificationImpl$HamcrestAssertionClosure.validate(ResponseSpecificationImpl.groovy:598)at com.jayway.restassured.internal.ResponseSpecificationImpl$HamcrestAssertionClosure$validate$1.call(Unknown Source)at com.jayway.restassured.internal.ResponseSpecificationImpl.validate(ResponseSpecificationImpl.groovy:86)at com.jayway.restassured.internal.ValidatableResponseOptionsImpl.specification(ValidatableResponseOptionsImpl.java:307)at com.jayway.restassured.internal.ValidatableResponseOptionsImpl.spec(ValidatableResponseOptionsImpl.java:288)at com.arcapi.Citytestcases.AssetSnapshotDownloadAPITest.AssetSnapshotDownloadAPI(AssetSnapshotDownloadAPITest.java:51)... Removed 32 stack frames]]>
    </failure>
  </testcase> <!-- AssetSnapshotDownloadAPI -->
</testsuite> <!-- CompleteFlowTest-City-None -->
