<?xml version="1.0" encoding="UTF-8"?>
<!-- Generated by org.testng.reporters.JUnitXMLReporter -->
<testsuite hostname="G10GGNLT052" name="CompleteFlowTest-Parksmart" tests="5" failures="1" timestamp="19 Sep 2019 10:26:10 GMT" time="222.065" errors="0">
  <testcase name="LoginAPI" time="7.692" classname="com.arcapi.Common.LoginAPITest"/>
  <testcase name="CreateAssetPOSTAPI" time="67.96" classname="com.arcapi.Parksmarttestcases.CreateAssetParksmartManualReqTest"/>
  <testcase name="RegistrationPaymentPricingGetAPI" time="22.608" classname="com.arcapi.Parksmarttestcases.RegistrationPaymentPricingGetAPITest"/>
  <testcase name="PaymentOrderSubmitPOSTAPI" time="116.275" classname="com.arcapi.Parksmarttestcases.PaymentOrderSubmitManualTest"/>
  <testcase name="AddAssestTimeline" time="3.896" classname="com.arcapi.Parksmarttestcases.AddAssestTimelineManualTest">
    <failure type="java.lang.AssertionError" message="expected [200] but found [404]">
      <![CDATA[java.lang.AssertionError: expected [200] but found [404]
	at com.Utill.Controller.Assertion.verifyStatusCode(Assertion.java:20)
	at com.arcapi.Parksmarttestcases.AddAssestTimelineManualTest.AddAssestTimeline(AddAssestTimelineManualTest.java:32)
... Removed 31 stack frames]]>
    </failure>
  </testcase> <!-- AddAssestTimeline -->
</testsuite> <!-- CompleteFlowTest-Parksmart -->
