<?xml version="1.0" encoding="UTF-8"?>
<!-- Generated by org.testng.reporters.JUnitXMLReporter -->
<testsuite hostname="G10GGNLT052" name="CompleteFlowTest-Parksmart1" tests="6" failures="5" timestamp="19 Sep 2019 09:37:24 GMT" time="123.084" errors="0">
  <testcase name="LoginAPI" time="4.991" classname="com.arcapi.Common.LoginAPITest"/>
  <testcase name="CreateAssetPOSTAPI" time="31.363" classname="com.arcapi.Parksmarttestcases.CreateAssetParksmartManualReqTest">
    <failure type="java.lang.AssertionError" message="expected [201] but found [400]">
      <![CDATA[java.lang.AssertionError: expected [201] but found [400]
	at com.Utill.Controller.Assertion.verifyStatusCode(Assertion.java:20)
	at com.arcapi.Parksmarttestcases.CreateAssetParksmartManualReqTest.CreateAssetPOSTAPI(CreateAssetParksmartManualReqTest.java:72)
... Removed 31 stack frames]]>
    </failure>
  </testcase> <!-- CreateAssetPOSTAPI -->
  <testcase name="SignAgreementRegistrationAPI" time="24.554" classname="com.arcapi.Parksmarttestcases.SignAgreementRegistrationManualTest">
    <failure type="java.lang.AssertionError" message="expected [200] but found [403]">
      <![CDATA[java.lang.AssertionError: expected [200] but found [403]
	at com.Utill.Controller.Assertion.verifyStatusCode(Assertion.java:20)
	at com.arcapi.Parksmarttestcases.SignAgreementRegistrationManualTest.SignAgreementRegistrationAPI(SignAgreementRegistrationManualTest.java:35)
... Removed 31 stack frames]]>
    </failure>
  </testcase> <!-- SignAgreementRegistrationAPI -->
  <testcase name="RegistrationPaymentPricingGetAPI" time="1.976" classname="com.arcapi.Parksmarttestcases.RegistrationPaymentPricingGetAPITest">
    <failure type="java.lang.AssertionError" message="expected [200] but found [404]">
      <![CDATA[java.lang.AssertionError: expected [200] but found [404]
	at com.Utill.Controller.Assertion.verifyStatusCode(Assertion.java:20)
	at com.arcapi.Parksmarttestcases.RegistrationPaymentPricingGetAPITest.RegistrationPaymentPricingGetAPI(RegistrationPaymentPricingGetAPITest.java:25)
... Removed 31 stack frames]]>
    </failure>
  </testcase> <!-- RegistrationPaymentPricingGetAPI -->
  <testcase name="PaymentOrderSubmitPOSTAPI" time="54.232" classname="com.arcapi.Parksmarttestcases.PaymentOrderSubmitManualTest">
    <failure type="java.lang.AssertionError" message="expected [200] but found [403]">
      <![CDATA[java.lang.AssertionError: expected [200] but found [403]
	at com.Utill.Controller.Assertion.verifyStatusCode(Assertion.java:20)
	at com.arcapi.Parksmarttestcases.PaymentOrderSubmitManualTest.PaymentOrderSubmitPOSTAPI(PaymentOrderSubmitManualTest.java:32)
... Removed 31 stack frames]]>
    </failure>
  </testcase> <!-- PaymentOrderSubmitPOSTAPI -->
  <testcase name="AddAssestTimeline" time="4.466" classname="com.arcapi.Parksmarttestcases.AddAssestTimelineManualTest">
    <failure type="java.lang.AssertionError" message="expected [200] but found [404]">
      <![CDATA[java.lang.AssertionError: expected [200] but found [404]
	at com.Utill.Controller.Assertion.verifyStatusCode(Assertion.java:20)
	at com.arcapi.Parksmarttestcases.AddAssestTimelineManualTest.AddAssestTimeline(AddAssestTimelineManualTest.java:32)
... Removed 31 stack frames]]>
    </failure>
  </testcase> <!-- AddAssestTimeline -->
</testsuite> <!-- CompleteFlowTest-Parksmart1 -->
