<?xml version="1.0" encoding="UTF-8"?>
<!-- Generated by org.testng.reporters.JUnitXMLReporter -->
<testsuite hostname="G10GNLT041" ignored="0" name="CompleteFlowTest-Transit-Below" tests="84" failures="5" timestamp="02 May 2019 06:42:46 GMT" time="804.601" errors="0">
  <testcase name="LoginAPI" time="20.918" classname="com.arcapi.Transittestcases.LoginAPITest"/>
  <testcase name="UserDetailAPI" time="3.898" classname="com.arcapi.Transittestcases.UserDetailAPITest"/>
  <testcase name="UserAccessLevelSAPGet" time="2.949" classname="com.arcapi.Transittestcases.UserAccessLevelSAPGetTest"/>
  <testcase name="LOTokenAPI" time="2.289" classname="com.arcapi.Transittestcases.LOTokenAPITest"/>
  <testcase name="AssetSearchAPI" time="2.127" classname="com.arcapi.Transittestcases.AssetSearchAPITest"/>
  <testcase name="AssetValidationInfoPOSTAPI" time="4.172" classname="com.arcapi.Transittestcases.AssetValidationInfoPOSTAPITest"/>
  <testcase name="AssetSearchOwnerAPI" time="2.358" classname="com.arcapi.Transittestcases.AssetSearchOwnerAPITest"/>
  <testcase name="AssetOwnerOrgPOSTAPI" time="3.247" classname="com.arcapi.Transittestcases.AssetOwnerOrgPOSTAPITest"/>
  <testcase name="AssetListAPI" time="2.34" classname="com.arcapi.Transittestcases.AssetListAPITest"/>
  <testcase name="CreateAssetPOSTAPI" time="26.991" classname="com.arcapi.Transittestcases.CreateAssetTransitBelowAPITest"/>
  <testcase name="SignAgreementRegistrationAPI" time="8.37" classname="com.arcapi.Transittestcases.SignAgreementRegistrationAPITest"/>
  <testcase name="RegistrationPaymentPricingGetAPI" time="3.887" classname="com.arcapi.Transittestcases.RegistrationPaymentPricingGetAPITest"/>
  <testcase name="PaymentOrderSubmitPOSTAPI" time="41.199" classname="com.arcapi.Transittestcases.PaymentOrderSubmitPOSTAPITest"/>
  <testcase name="AddAssestTimeline" time="40.153" classname="com.arcapi.Transittestcases.AddAssestTimelinePOSTAPITest"/>
  <testcase name="PaymentOrderGetAPI" time="3.213" classname="com.arcapi.Transittestcases.PaymentOrderGetAPITest"/>
  <testcase name="PaymentReceiptAPI" time="2.489" classname="com.arcapi.Transittestcases.PaymentReceiptAPITest">
    <failure type="java.lang.AssertionError" message="1 expectation failed.
Expected status code &amp;lt;200&amp;gt; doesn&amp;apos;t match actual status code &amp;lt;400&amp;gt;.
">
      <![CDATA[java.lang.AssertionError: 1 expectation failed.Expected status code <200> doesn't match actual status code <400>.at org.codehaus.groovy.runtime.callsite.ConstructorSite$ConstructorSiteNoUnwrap.callConstructor(ConstructorSite.java:84)at org.codehaus.groovy.runtime.callsite.CallSiteArray.defaultCallConstructor(CallSiteArray.java:60)at org.codehaus.groovy.runtime.callsite.AbstractCallSite.callConstructor(AbstractCallSite.java:235)at org.codehaus.groovy.runtime.callsite.AbstractCallSite.callConstructor(AbstractCallSite.java:247)at com.jayway.restassured.internal.ResponseSpecificationImpl$HamcrestAssertionClosure.validate(ResponseSpecificationImpl.groovy:598)at com.jayway.restassured.internal.ResponseSpecificationImpl$HamcrestAssertionClosure$validate$1.call(Unknown Source)at com.jayway.restassured.internal.ResponseSpecificationImpl.validate(ResponseSpecificationImpl.groovy:86)at com.jayway.restassured.internal.ValidatableResponseOptionsImpl.specification(ValidatableResponseOptionsImpl.java:307)at com.jayway.restassured.internal.ValidatableResponseOptionsImpl.spec(ValidatableResponseOptionsImpl.java:288)at com.arcapi.Transittestcases.PaymentReceiptAPITest.PaymentReceiptAPI(PaymentReceiptAPITest.java:46)... Removed 32 stack frames]]>
    </failure>
  </testcase> <!-- PaymentReceiptAPI -->
  <testcase name="PaymentHistoryAPI" time="7.054" classname="com.arcapi.Transittestcases.PaymentHistoryAPITest"/>
  <testcase name="AssetDetailAPI" time="2.164" classname="com.arcapi.Transittestcases.AssetDetailAPITest"/>
  <testcase name="AssetUpdateforNewAssetPUTAPI" time="6.691" classname="com.arcapi.Transittestcases.AssetUpdateTransitBelowAPITest"/>
  <testcase name="VerifyAssetDetailAPI" time="2.793" classname="com.arcapi.Transittestcases.VerifyAssetDetailAPITest">
    <failure type="java.lang.AssertionError" message="1 expectation failed.
JSON path owner_email doesn&amp;apos;t match.
Expected: test-01@gmail.com
  Actual: stg-01@gmail.com
">
      <![CDATA[java.lang.AssertionError: 1 expectation failed.JSON path owner_email doesn't match.Expected: test-01@gmail.com  Actual: stg-01@gmail.comat org.codehaus.groovy.runtime.callsite.ConstructorSite$ConstructorSiteNoUnwrap.callConstructor(ConstructorSite.java:84)at org.codehaus.groovy.runtime.callsite.AbstractCallSite.callConstructor(AbstractCallSite.java:247)at com.jayway.restassured.internal.ResponseSpecificationImpl$HamcrestAssertionClosure.validate(ResponseSpecificationImpl.groovy:598)at com.jayway.restassured.internal.ResponseSpecificationImpl$HamcrestAssertionClosure$validate$1.call(Unknown Source)at com.jayway.restassured.internal.ResponseSpecificationImpl.validateResponseIfRequired(ResponseSpecificationImpl.groovy:760)at org.codehaus.groovy.runtime.callsite.PogoMetaMethodSite$PogoCachedMethodSiteNoUnwrapNoCoerce.invoke(PogoMetaMethodSite.java:210)at org.codehaus.groovy.runtime.callsite.PogoMetaMethodSite.callCurrent(PogoMetaMethodSite.java:59)at org.codehaus.groovy.runtime.callsite.AbstractCallSite.callCurrent(AbstractCallSite.java:166)at com.jayway.restassured.internal.ResponseSpecificationImpl.content(ResponseSpecificationImpl.groovy:251)at com.jayway.restassured.specification.ResponseSpecification$content$1.callCurrent(Unknown Source)at com.jayway.restassured.internal.ResponseSpecificationImpl.body(ResponseSpecificationImpl.groovy:234)at com.jayway.restassured.internal.ValidatableResponseOptionsImpl.body(ValidatableResponseOptionsImpl.java:264)at com.arcapi.Transittestcases.VerifyAssetDetailAPITest.VerifyAssetDetailAPI(VerifyAssetDetailAPITest.java:71)... Removed 35 stack frames]]>
    </failure>
  </testcase> <!-- VerifyAssetDetailAPI -->
  <testcase name="VerifyProjectRegisteredAssetList" time="2.895" classname="com.arcapi.Transittestcases.VerifyProjectRegisteredAssetListTest"/>
  <testcase name="AssetDocumentAPI" time="5.542" classname="com.arcapi.Transittestcases.AssetDocumentAPITest"/>
  <testcase name="DownloadDocumentsAPI" time="5.171" classname="com.arcapi.Transittestcases.DownloadDocumentsAPITest"/>
  <testcase name="VerifyAgreementPresentAPI" time="4.26" classname="com.arcapi.Transittestcases.VerifyAgreementPresentAPITest"/>
  <testcase name="FetchingAgreementDetailsAPI" time="4.848" classname="com.arcapi.Transittestcases.FetchingAgreementDetailsAPITest"/>
  <testcase name="VerifyAgreementDeleteAPI" time="1.937" classname="com.arcapi.Transittestcases.VerifyAgreementDeleteAPITest"/>
  <testcase name="CreditGetAPI" time="18.936" classname="com.arcapi.Transittestcases.CreditGetAPITest"/>
  <testcase name="CreditUpdatePUTAPI" time="129.158" classname="com.arcapi.Transittestcases.CreditUpdatePUTAPITest"/>
  <testcase name="CreditFormDownloadAPI" time="10.943" classname="com.arcapi.Transittestcases.CreditFormDownloadAPITest"/>
  <testcase name="CreditAddTeamPOSTAPI" time="196.788" classname="com.arcapi.Transittestcases.CreditAddTeamPOSTAPITest"/>
  <testcase name="MetersAPI" time="2.162" classname="com.arcapi.Transittestcases.MetersAPITest"/>
  <testcase name="MeterCreatePOSTAPI" time="2.758" classname="com.arcapi.Transittestcases.MeterCreatePOSTAPITest"/>
  <testcase name="AssetMeterDetailAPI" time="1.971" classname="com.arcapi.Transittestcases.AssetMeterDetailAPITest"/>
  <testcase name="MeterUpdatePUTAPI" time="2.162" classname="com.arcapi.Transittestcases.MeterUpdatePUTAPITest"/>
  <testcase name="MeterBulkConsumptionPOSTAPI" time="2.02" classname="com.arcapi.Transittestcases.MeterBulkConsumptionPOSTAPITest"/>
  <testcase name="ConsumptionListAPI" time="2.224" classname="com.arcapi.Transittestcases.ConsumptionListAPITest"/>
  <testcase name="ConsumptionCreatePOSTAPI" time="2.535" classname="com.arcapi.Transittestcases.ConsumptionCreatePOSTAPITest"/>
  <testcase name="ConsumptionDetailAPI" time="1.787" classname="com.arcapi.Transittestcases.ConsumptionDetailAPITest"/>
  <testcase name="ConsumptionUpdatePUTAPI" time="2.228" classname="com.arcapi.Transittestcases.ConsumptionUpdatePUTAPITest"/>
  <testcase name="ConsumptionDeleteAPI" time="2.059" classname="com.arcapi.Transittestcases.ConsumptionDeleteAPITest"/>
  <testcase name="MeterDeleteAPI" time="2.086" classname="com.arcapi.Transittestcases.MeterDeleteAPITest"/>
  <testcase name="WasteCreatePOSTAPI" time="2.636" classname="com.arcapi.Transittestcases.WasteCreatePOSTAPITest"/>
  <testcase name="WasteGetAPI" time="2.569" classname="com.arcapi.Transittestcases.WasteGetAPITest"/>
  <testcase name="WasteDetailAPI" time="2.109" classname="com.arcapi.Transittestcases.WasteDetailAPITest"/>
  <testcase name="WasteUpdatePUTAPI" time="2.444" classname="com.arcapi.Transittestcases.WasteUpdatePUTAPITest"/>
  <testcase name="WasteDetailDeleteAPI" time="2.899" classname="com.arcapi.Transittestcases.WasteDetailDeleteAPITest"/>
  <testcase name="TransitSurveyCreatePOSTAPI" time="2.466" classname="com.arcapi.Transittestcases.TransitSurveyCreatePOSTAPITest"/>
  <testcase name="TransitSurveyAPI" time="2.241" classname="com.arcapi.Transittestcases.TransitSurveyAPITest"/>
  <testcase name="TransitSurveySummarizeSurveyAPI" time="2.064" classname="com.arcapi.Transittestcases.TransitSurveySummarizeSurveyAPITest"/>
  <testcase name="EnvironmentSurveyCreatePOSTAPI" time="2.201" classname="com.arcapi.Transittestcases.EnvironmentSurveyCreatePOSTAPITest"/>
  <testcase name="EnvironmentSurveyGetAPI" time="2.132" classname="com.arcapi.Transittestcases.EnvironmentSurveyGetAPITest"/>
  <testcase name="EnvironmentSurveySummarizeAPI" time="2.257" classname="com.arcapi.Transittestcases.EnvironmentSurveySummarizeAPITest"/>
  <testcase name="AssetTeamMemberRoleAPI" time="4.12" classname="com.arcapi.Transittestcases.AssetTeamMemberRoleAPITest"/>
  <testcase name="AssetTeamMemberListAPI" time="4.738" classname="com.arcapi.Transittestcases.AssetTeamMemberListAPITest"/>
  <testcase name="AssetTeamMemberAddPOSTAPI" time="7.588" classname="com.arcapi.Transittestcases.AssetTeamMemberAddPOSTAPITest"/>
  <testcase name="AssetTeamMemberUpdateAPI" time="7.24" classname="com.arcapi.Transittestcases.AssetTeamMemberUpdateAPITest"/>
  <testcase name="AssetTeamMemberRemoveAPI" time="7.746" classname="com.arcapi.Transittestcases.AssetTeamMemberRemoveAPITest"/>
  <testcase name="DeleteAllAppsAPI" time="5.634" classname="com.arcapi.Transittestcases.DeleteAllAppsAPITest"/>
  <testcase name="InstallAllAppsAfterDeleteAPI" time="5.833" classname="com.arcapi.Transittestcases.InstallAllAppsAfterDeleteAPITest"/>
  <testcase name="AssetAppListAPI" time="1.837" classname="com.arcapi.Transittestcases.AssetAppListAPITest"/>
  <testcase name="S3DocumentUploadPOSTAPI" time="22.55" classname="com.arcapi.Transittestcases.S3DocumentUploadPOSTAPITest"/>
  <testcase name="S3DocumentListAPI" time="2.366" classname="com.arcapi.Transittestcases.S3DocumentListAPITest"/>
  <testcase name="S3DocumentRemoveAPI" time="2.264" classname="com.arcapi.Transittestcases.S3DocumentRemoveAPITest"/>
  <testcase name="ExcelUploadTemplatePOSTAPI" time="3.564" classname="com.arcapi.Transittestcases.ExcelUploadTemplatePOSTAPITest"/>
  <testcase name="AssetTeamPermissionListAPI" time="4.725" classname="com.arcapi.Transittestcases.AssetTeamPermissionListAPITest"/>
  <testcase name="AssetTeamPermissionPostAPI" time="4.903" classname="com.arcapi.Transittestcases.AssetTeamPermissionPostAPITest"/>
  <testcase name="AssetTeamPermissionPutAPI" time="5.136" classname="com.arcapi.Transittestcases.AssetTeamPermissionPutAPITest"/>
  <testcase name="VerifyAdminRemoveAPI" time="7.947" classname="com.arcapi.Transittestcases.VerifyAdminRemoveAPITest">
    <failure type="java.lang.AssertionError" message="1 expectation failed.
Expected status code &amp;lt;403&amp;gt; doesn&amp;apos;t match actual status code &amp;lt;200&amp;gt;.
">
      <![CDATA[java.lang.AssertionError: 1 expectation failed.Expected status code <403> doesn't match actual status code <200>.at org.codehaus.groovy.runtime.callsite.ConstructorSite$ConstructorSiteNoUnwrap.callConstructor(ConstructorSite.java:84)at org.codehaus.groovy.runtime.callsite.AbstractCallSite.callConstructor(AbstractCallSite.java:247)at com.jayway.restassured.internal.ResponseSpecificationImpl$HamcrestAssertionClosure.validate(ResponseSpecificationImpl.groovy:598)at com.jayway.restassured.internal.ResponseSpecificationImpl$HamcrestAssertionClosure$validate$1.call(Unknown Source)at com.jayway.restassured.internal.ResponseSpecificationImpl.validateResponseIfRequired(ResponseSpecificationImpl.groovy:760)at org.codehaus.groovy.runtime.callsite.PogoMetaMethodSite$PogoCachedMethodSiteNoUnwrapNoCoerce.invoke(PogoMetaMethodSite.java:210)at org.codehaus.groovy.runtime.callsite.PogoMetaMethodSite.callCurrent(PogoMetaMethodSite.java:59)at org.codehaus.groovy.runtime.callsite.AbstractCallSite.callCurrent(AbstractCallSite.java:166)at com.jayway.restassured.internal.ResponseSpecificationImpl.statusCode(ResponseSpecificationImpl.groovy:120)at com.jayway.restassured.specification.ResponseSpecification$statusCode$0.callCurrent(Unknown Source)at com.jayway.restassured.internal.ResponseSpecificationImpl.statusCode(ResponseSpecificationImpl.groovy:128)at com.jayway.restassured.internal.ValidatableResponseOptionsImpl.statusCode(ValidatableResponseOptionsImpl.java:117)at com.arcapi.Transittestcases.VerifyAdminRemoveAPITest.VerifyAdminRemoveAPI(VerifyAdminRemoveAPITest.java:65)... Removed 35 stack frames]]>
    </failure>
  </testcase> <!-- VerifyAdminRemoveAPI -->
  <testcase name="AssetNotificationSubscriptionList" time="1.853" classname="com.arcapi.Transittestcases.AssetNotificationSubscriptionListTest"/>
  <testcase name="AssetNotificationSubscriptionPost" time="2.026" classname="com.arcapi.Transittestcases.AssetNotificationSubscriptionPostTest"/>
  <testcase name="NotificationSubscriptionDetail" time="1.7" classname="com.arcapi.Transittestcases.NotificationSubscriptionDetailGetTest"/>
  <testcase name="NotificationSubscriptionDetail" time="2.181" classname="com.arcapi.Transittestcases.NotificationSubscriptionDetailPutTest"/>
  <testcase name="NotificationSubscriptionDetailDelete" time="2.173" classname="com.arcapi.Transittestcases.NotificationSubscriptionDetailDeleteTest"/>
  <testcase name="AssetDataSnapshotAPI" time="13.626" classname="com.arcapi.Transittestcases.AssetDataSnapshotAPITest"/>
  <testcase name="RecomputePerformanceScoreGet" time="8.147" classname="com.arcapi.Transittestcases.RecomputePerformanceScoreGetTest"/>
  <testcase name="ReviewCertificationPricingAPI" time="4.409" classname="com.arcapi.Transittestcases.ReviewCertificationPricingAPITest"/>
  <testcase name="SubmitReviewPOSTAPI" time="1.941" classname="com.arcapi.Transittestcases.SubmitReviewPOSTAPITest">
    <failure type="java.lang.AssertionError" message="1 expectation failed.
Expected status code &amp;lt;200&amp;gt; doesn&amp;apos;t match actual status code &amp;lt;400&amp;gt;.
">
      <![CDATA[java.lang.AssertionError: 1 expectation failed.Expected status code <200> doesn't match actual status code <400>.at org.codehaus.groovy.runtime.callsite.ConstructorSite$ConstructorSiteNoUnwrap.callConstructor(ConstructorSite.java:84)at org.codehaus.groovy.runtime.callsite.AbstractCallSite.callConstructor(AbstractCallSite.java:247)at com.jayway.restassured.internal.ResponseSpecificationImpl$HamcrestAssertionClosure.validate(ResponseSpecificationImpl.groovy:598)at com.jayway.restassured.internal.ResponseSpecificationImpl$HamcrestAssertionClosure$validate$1.call(Unknown Source)at com.jayway.restassured.internal.ResponseSpecificationImpl.validate(ResponseSpecificationImpl.groovy:86)at com.jayway.restassured.internal.ValidatableResponseOptionsImpl.specification(ValidatableResponseOptionsImpl.java:307)at com.jayway.restassured.internal.ValidatableResponseOptionsImpl.spec(ValidatableResponseOptionsImpl.java:288)at com.arcapi.Transittestcases.SubmitReviewPOSTAPITest.SubmitReviewPOSTAPI(SubmitReviewPOSTAPITest.java:140)... Removed 32 stack frames]]>
    </failure>
  </testcase> <!-- SubmitReviewPOSTAPI -->
  <testcase name="SubmitReviewGetAPI" time="2.014" classname="com.arcapi.Transittestcases.SubmitReviewGetAPITest"/>
  <testcase name="AvgPerformaceList" time="2.045" classname="com.arcapi.Transittestcases.AvgPerformaceListGetTest"/>
  <testcase name="AssetSnapshotKeysAPI" time="1.747" classname="com.arcapi.Transittestcases.AssetSnapshotKeysAPITest"/>
  <testcase name="AssetSnapshotDownloadAPI" time="2.048" classname="com.arcapi.Transittestcases.AssetSnapshotDownloadAPITest">
    <failure type="java.lang.AssertionError" message="1 expectation failed.
Expected status code &amp;lt;200&amp;gt; doesn&amp;apos;t match actual status code &amp;lt;404&amp;gt;.
">
      <![CDATA[java.lang.AssertionError: 1 expectation failed.Expected status code <200> doesn't match actual status code <404>.at org.codehaus.groovy.runtime.callsite.ConstructorSite$ConstructorSiteNoUnwrap.callConstructor(ConstructorSite.java:84)at org.codehaus.groovy.runtime.callsite.AbstractCallSite.callConstructor(AbstractCallSite.java:247)at com.jayway.restassured.internal.ResponseSpecificationImpl$HamcrestAssertionClosure.validate(ResponseSpecificationImpl.groovy:598)at com.jayway.restassured.internal.ResponseSpecificationImpl$HamcrestAssertionClosure$validate$1.call(Unknown Source)at com.jayway.restassured.internal.ResponseSpecificationImpl.validate(ResponseSpecificationImpl.groovy:86)at com.jayway.restassured.internal.ValidatableResponseOptionsImpl.specification(ValidatableResponseOptionsImpl.java:307)at com.jayway.restassured.internal.ValidatableResponseOptionsImpl.spec(ValidatableResponseOptionsImpl.java:288)at com.arcapi.Transittestcases.AssetSnapshotDownloadAPITest.AssetSnapshotDownloadAPI(AssetSnapshotDownloadAPITest.java:51)... Removed 32 stack frames]]>
    </failure>
  </testcase> <!-- AssetSnapshotDownloadAPI -->
  <testcase name="MetersAPI" time="3.776" classname="com.arcapi.Transittestcases.ExcelTemplateMetersAPITest"/>
  <testcase name="VerifyExcelTemplateConsumptionAPI" time="11.662" classname="com.arcapi.Transittestcases.VerifyExcelTemplateConsumptionAPITest"/>
  <testcase name="VerifyWasteDataExcelAPI" time="2.744" classname="com.arcapi.Transittestcases.VerifyWasteDataExcelAPITest"/>
</testsuite> <!-- CompleteFlowTest-Transit-Below -->
