<?xml version="1.0" encoding="UTF-8"?>
<!-- Generated by org.testng.reporters.JUnitXMLReporter -->
<testsuite hostname="G10GNLT041" ignored="0" name="CompleteFlowTest-Community-Other" tests="82" failures="4" timestamp="01 May 2019 05:43:44 GMT" time="877.958" errors="0">
  <testcase name="LoginAPI" time="15.027" classname="com.arcapi.Communitytestcases.LoginAPITest"/>
  <testcase name="UserDetailAPI" time="6.017" classname="com.arcapi.Communitytestcases.UserDetailAPITest"/>
  <testcase name="UserAccessLevelSAPGet" time="3.816" classname="com.arcapi.Communitytestcases.UserAccessLevelSAPGetTest"/>
  <testcase name="LOTokenAPI" time="3.233" classname="com.arcapi.Communitytestcases.LOTokenAPITest"/>
  <testcase name="AssetSearchAPI" time="3.292" classname="com.arcapi.Communitytestcases.AssetSearchAPITest"/>
  <testcase name="AssetValidationInfoPOSTAPI" time="4.912" classname="com.arcapi.Communitytestcases.AssetValidationInfoPOSTAPITest"/>
  <testcase name="AssetSearchOwnerAPI" time="4.493" classname="com.arcapi.Communitytestcases.AssetSearchOwnerAPITest"/>
  <testcase name="AssetOwnerOrgPOSTAPI" time="5.483" classname="com.arcapi.Communitytestcases.AssetOwnerOrgPOSTAPITest"/>
  <testcase name="AssetListAPI" time="3.047" classname="com.arcapi.Communitytestcases.AssetListAPITest"/>
  <testcase name="CreateAssetPOSTAPI" time="29.573" classname="com.arcapi.Communitytestcases.CreateAssetCommunityOtherAPITest"/>
  <testcase name="SignAgreementRegistrationAPI" time="9.819" classname="com.arcapi.Communitytestcases.SignAgreementRegistrationAPITest"/>
  <testcase name="RegistrationPaymentPricingGetAPI" time="50.195" classname="com.arcapi.Communitytestcases.RegistrationPaymentPricingGetAPITest"/>
  <testcase name="PaymentOrderSubmitPOSTAPI" time="48.804" classname="com.arcapi.Communitytestcases.PaymentOrderSubmitPOSTAPITest"/>
  <testcase name="AddAssestTimeline" time="20.652" classname="com.arcapi.Communitytestcases.AddAssestTimelinePOSTAPITest"/>
  <testcase name="PaymentOrderGetAPI" time="4.296" classname="com.arcapi.Communitytestcases.PaymentOrderGetAPITest"/>
  <testcase name="PaymentReceiptAPI" time="4.069" classname="com.arcapi.Communitytestcases.PaymentReceiptAPITest">
    <failure type="java.lang.AssertionError" message="1 expectation failed.
Expected status code &amp;lt;200&amp;gt; doesn&amp;apos;t match actual status code &amp;lt;400&amp;gt;.
">
      <![CDATA[java.lang.AssertionError: 1 expectation failed.Expected status code <200> doesn't match actual status code <400>.at org.codehaus.groovy.runtime.callsite.ConstructorSite$ConstructorSiteNoUnwrap.callConstructor(ConstructorSite.java:84)at org.codehaus.groovy.runtime.callsite.CallSiteArray.defaultCallConstructor(CallSiteArray.java:60)at org.codehaus.groovy.runtime.callsite.AbstractCallSite.callConstructor(AbstractCallSite.java:235)at org.codehaus.groovy.runtime.callsite.AbstractCallSite.callConstructor(AbstractCallSite.java:247)at com.jayway.restassured.internal.ResponseSpecificationImpl$HamcrestAssertionClosure.validate(ResponseSpecificationImpl.groovy:598)at com.jayway.restassured.internal.ResponseSpecificationImpl$HamcrestAssertionClosure$validate$1.call(Unknown Source)at com.jayway.restassured.internal.ResponseSpecificationImpl.validate(ResponseSpecificationImpl.groovy:86)at com.jayway.restassured.internal.ValidatableResponseOptionsImpl.specification(ValidatableResponseOptionsImpl.java:307)at com.jayway.restassured.internal.ValidatableResponseOptionsImpl.spec(ValidatableResponseOptionsImpl.java:288)at com.arcapi.Communitytestcases.PaymentReceiptAPITest.PaymentReceiptAPI(PaymentReceiptAPITest.java:46)... Removed 32 stack frames]]>
    </failure>
  </testcase> <!-- PaymentReceiptAPI -->
  <testcase name="PaymentHistoryAPI" time="2.967" classname="com.arcapi.Communitytestcases.PaymentHistoryAPITest"/>
  <testcase name="AssetDetailAPI" time="3.145" classname="com.arcapi.Communitytestcases.AssetDetailAPITest"/>
  <testcase name="AssetUpdateforNewAssetPUTAPI" time="9.831" classname="com.arcapi.Communitytestcases.AssetUpdateCommunityOtherAPITest"/>
  <testcase name="AssetDetailAPI" time="4.222" classname="com.arcapi.Communitytestcases.VerifyAssetDetailAPITest">
    <failure type="java.lang.AssertionError" message="1 expectation failed.
JSON path owner_email doesn&amp;apos;t match.
Expected: test-01@gmail.com
  Actual: stg-01@gmail.com
">
      <![CDATA[java.lang.AssertionError: 1 expectation failed.JSON path owner_email doesn't match.Expected: test-01@gmail.com  Actual: stg-01@gmail.comat org.codehaus.groovy.runtime.callsite.ConstructorSite$ConstructorSiteNoUnwrap.callConstructor(ConstructorSite.java:84)at org.codehaus.groovy.runtime.callsite.AbstractCallSite.callConstructor(AbstractCallSite.java:247)at com.jayway.restassured.internal.ResponseSpecificationImpl$HamcrestAssertionClosure.validate(ResponseSpecificationImpl.groovy:598)at com.jayway.restassured.internal.ResponseSpecificationImpl$HamcrestAssertionClosure$validate$1.call(Unknown Source)at com.jayway.restassured.internal.ResponseSpecificationImpl.validateResponseIfRequired(ResponseSpecificationImpl.groovy:760)at org.codehaus.groovy.runtime.callsite.PogoMetaMethodSite$PogoCachedMethodSiteNoUnwrapNoCoerce.invoke(PogoMetaMethodSite.java:210)at org.codehaus.groovy.runtime.callsite.PogoMetaMethodSite.callCurrent(PogoMetaMethodSite.java:59)at org.codehaus.groovy.runtime.callsite.AbstractCallSite.callCurrent(AbstractCallSite.java:166)at com.jayway.restassured.internal.ResponseSpecificationImpl.content(ResponseSpecificationImpl.groovy:251)at com.jayway.restassured.specification.ResponseSpecification$content$1.callCurrent(Unknown Source)at com.jayway.restassured.internal.ResponseSpecificationImpl.body(ResponseSpecificationImpl.groovy:234)at com.jayway.restassured.internal.ValidatableResponseOptionsImpl.body(ValidatableResponseOptionsImpl.java:264)at com.arcapi.Communitytestcases.VerifyAssetDetailAPITest.AssetDetailAPI(VerifyAssetDetailAPITest.java:66)... Removed 35 stack frames]]>
    </failure>
  </testcase> <!-- AssetDetailAPI -->
  <testcase name="VerifyProjectRegisteredAssetList" time="3.653" classname="com.arcapi.Communitytestcases.VerifyProjectRegisteredAssetListTest"/>
  <testcase name="AssetDocumentAPI" time="7.269" classname="com.arcapi.Communitytestcases.AssetDocumentAPITest"/>
  <testcase name="DownloadDocumentsAPI" time="5.593" classname="com.arcapi.Communitytestcases.DownloadDocumentsAPITest"/>
  <testcase name="VerifyAgreementPresentAPI" time="6.004" classname="com.arcapi.Communitytestcases.VerifyAgreementPresentAPITest"/>
  <testcase name="FetchingAgreementDetailsAPI" time="6.861" classname="com.arcapi.Communitytestcases.FetchingAgreementDetailsAPITest"/>
  <testcase name="VerifyAgreementDeleteAPI" time="3.171" classname="com.arcapi.Communitytestcases.VerifyAgreementDeleteAPITest">
    <failure type="java.lang.AssertionError" message="1 expectation failed.
Expected status code &amp;lt;403&amp;gt; doesn&amp;apos;t match actual status code &amp;lt;404&amp;gt;.
">
      <![CDATA[java.lang.AssertionError: 1 expectation failed.Expected status code <403> doesn't match actual status code <404>.at org.codehaus.groovy.runtime.callsite.ConstructorSite$ConstructorSiteNoUnwrap.callConstructor(ConstructorSite.java:84)at org.codehaus.groovy.runtime.callsite.AbstractCallSite.callConstructor(AbstractCallSite.java:247)at com.jayway.restassured.internal.ResponseSpecificationImpl$HamcrestAssertionClosure.validate(ResponseSpecificationImpl.groovy:598)at com.jayway.restassured.internal.ResponseSpecificationImpl$HamcrestAssertionClosure$validate$1.call(Unknown Source)at com.jayway.restassured.internal.ResponseSpecificationImpl.validateResponseIfRequired(ResponseSpecificationImpl.groovy:760)at org.codehaus.groovy.runtime.callsite.PogoMetaMethodSite$PogoCachedMethodSiteNoUnwrapNoCoerce.invoke(PogoMetaMethodSite.java:210)at org.codehaus.groovy.runtime.callsite.PogoMetaMethodSite.callCurrent(PogoMetaMethodSite.java:59)at org.codehaus.groovy.runtime.callsite.AbstractCallSite.callCurrent(AbstractCallSite.java:166)at com.jayway.restassured.internal.ResponseSpecificationImpl.statusCode(ResponseSpecificationImpl.groovy:120)at com.jayway.restassured.specification.ResponseSpecification$statusCode$0.callCurrent(Unknown Source)at com.jayway.restassured.internal.ResponseSpecificationImpl.statusCode(ResponseSpecificationImpl.groovy:128)at com.jayway.restassured.internal.ValidatableResponseOptionsImpl.statusCode(ValidatableResponseOptionsImpl.java:117)at com.arcapi.Communitytestcases.VerifyAgreementDeleteAPITest.VerifyAgreementDeleteAPI(VerifyAgreementDeleteAPITest.java:69)... Removed 35 stack frames]]>
    </failure>
  </testcase> <!-- VerifyAgreementDeleteAPI -->
  <testcase name="CreditGetAPI" time="16.128" classname="com.arcapi.Communitytestcases.CreditGetAPITest"/>
  <testcase name="CreditAddTeamPOSTAPI" time="1.23" classname="com.arcapi.Communitytestcases.CreditAddTeamPOSTAPITest"/>
  <testcase name="MeasuresListAPI" time="3.014" classname="com.arcapi.Communitytestcases.MeasuresListAPITest"/>
  <testcase name="MeasuresDetailAPI" time="3.149" classname="com.arcapi.Communitytestcases.MeasuresDetailAPITest"/>
  <testcase name="MeasuresPostAPI" time="24.89" classname="com.arcapi.Communitytestcases.MeasuresPostAPITest"/>
  <testcase name="MeasuresUpdateAPI" time="3.405" classname="com.arcapi.Communitytestcases.MeasuresUpdateAPITest"/>
  <testcase name="MeasuresVersionListAPI" time="3.338" classname="com.arcapi.Communitytestcases.MeasuresVersionListAPITest"/>
  <testcase name="MeasuresVersionDetailAPI" time="2.623" classname="com.arcapi.Communitytestcases.MeasuresVersionDetailAPITest"/>
  <testcase name="MeasuresVersionPostAPI" time="3.091" classname="com.arcapi.Communitytestcases.MeasuresVersionPostAPITest"/>
  <testcase name="MeterCreatePOSTAPI" time="33.071" classname="com.arcapi.Communitytestcases.MeterCreateAPICityCommTest"/>
  <testcase name="ConsumptionCreatePOSTAPI" time="28.834" classname="com.arcapi.Communitytestcases.CityCommConsumptionCreateAPITest"/>
  <testcase name="AssetTeamMemberRoleAPI" time="5.292" classname="com.arcapi.Communitytestcases.AssetTeamMemberRoleAPITest"/>
  <testcase name="AssetTeamMemberListAPI" time="5.941" classname="com.arcapi.Communitytestcases.AssetTeamMemberListAPITest"/>
  <testcase name="AssetTeamMemberAddPOSTAPI" time="8.519" classname="com.arcapi.Communitytestcases.AssetTeamMemberAddPOSTAPITest"/>
  <testcase name="AssetTeamMemberUpdateAPI" time="9.152" classname="com.arcapi.Communitytestcases.AssetTeamMemberUpdateAPITest"/>
  <testcase name="AssetTeamMemberRemoveAPI" time="9.123" classname="com.arcapi.Communitytestcases.AssetTeamMemberRemoveAPITest"/>
  <testcase name="DeleteAllAppsAPI" time="8.058" classname="com.arcapi.Communitytestcases.DeleteAllAppsAPITest"/>
  <testcase name="InstallAllAppsAfterDeleteAPI" time="7.28" classname="com.arcapi.Communitytestcases.InstallAllAppsAfterDeleteAPITest"/>
  <testcase name="VerifyAdminRemoveAPI" time="2.895" classname="com.arcapi.Communitytestcases.VerifyAdminRemoveAPITest">
    <failure type="java.lang.AssertionError" message="1 expectation failed.
Expected status code &amp;lt;200&amp;gt; doesn&amp;apos;t match actual status code &amp;lt;400&amp;gt;.
">
      <![CDATA[java.lang.AssertionError: 1 expectation failed.Expected status code <200> doesn't match actual status code <400>.at org.codehaus.groovy.runtime.callsite.ConstructorSite$ConstructorSiteNoUnwrap.callConstructor(ConstructorSite.java:84)at org.codehaus.groovy.runtime.callsite.AbstractCallSite.callConstructor(AbstractCallSite.java:247)at com.jayway.restassured.internal.ResponseSpecificationImpl$HamcrestAssertionClosure.validate(ResponseSpecificationImpl.groovy:598)at com.jayway.restassured.internal.ResponseSpecificationImpl$HamcrestAssertionClosure$validate$1.call(Unknown Source)at com.jayway.restassured.internal.RequestSpecificationImpl.applyPathParamsAndSendRequest(RequestSpecificationImpl.groovy:1597)at groovy.lang.MetaMethod.doMethodInvoke(MetaMethod.java:325)at groovy.lang.MetaClassImpl.invokeMethod(MetaClassImpl.java:1210)at groovy.lang.MetaClassImpl.invokeMethod(MetaClassImpl.java:1019)at groovy.lang.MetaClassImpl.invokeMethod(MetaClassImpl.java:810)at com.jayway.restassured.internal.RequestSpecificationImpl.invokeMethod(RequestSpecificationImpl.groovy)at org.codehaus.groovy.runtime.callsite.PogoInterceptableSite.call(PogoInterceptableSite.java:48)at org.codehaus.groovy.runtime.callsite.PogoInterceptableSite.callCurrent(PogoInterceptableSite.java:58)at org.codehaus.groovy.runtime.callsite.AbstractCallSite.callCurrent(AbstractCallSite.java:182)at com.jayway.restassured.internal.RequestSpecificationImpl.post(RequestSpecificationImpl.groovy:164)at com.jayway.restassured.internal.RequestSpecificationImpl.post(RequestSpecificationImpl.groovy)at groovy.lang.MetaMethod.doMethodInvoke(MetaMethod.java:325)at groovy.lang.MetaClassImpl.invokeMethod(MetaClassImpl.java:1210)at groovy.lang.MetaClassImpl.invokeMethod(MetaClassImpl.java:1019)at groovy.lang.MetaClassImpl.invokeMethod(MetaClassImpl.java:810)at com.jayway.restassured.internal.RequestSpecificationImpl.invokeMethod(RequestSpecificationImpl.groovy)at org.codehaus.groovy.runtime.callsite.PogoInterceptableSite.call(PogoInterceptableSite.java:48)at org.codehaus.groovy.runtime.callsite.AbstractCallSite.call(AbstractCallSite.java:133)at com.jayway.restassured.internal.ResponseSpecificationImpl.post(ResponseSpecificationImpl.groovy:293)at com.jayway.restassured.internal.ResponseSpecificationImpl.post(ResponseSpecificationImpl.groovy)at com.arc.driver.CommonMethod.GeneratingAuthCodeForLOUser(CommonMethod.java:81)at com.arcapi.Communitytestcases.VerifyAdminRemoveAPITest.VerifyAdminRemoveAPI(VerifyAdminRemoveAPITest.java:27)... Removed 41 stack frames]]>
    </failure>
  </testcase> <!-- VerifyAdminRemoveAPI -->
  <testcase name="S3DocumentUploadPOSTAPI" time="28.435" classname="com.arcapi.Communitytestcases.S3DocumentUploadPOSTAPITest"/>
  <testcase name="S3DocumentListAPI" time="3.312" classname="com.arcapi.Communitytestcases.S3DocumentListAPITest"/>
  <testcase name="S3DocumentRemoveAPI" time="2.904" classname="com.arcapi.Communitytestcases.S3DocumentRemoveAPITest"/>
  <testcase name="AssetTeamPermissionListAPI" time="6.121" classname="com.arcapi.Communitytestcases.AssetTeamPermissionListAPITest"/>
  <testcase name="AssetTeamPermissionPostAPI" time="6.203" classname="com.arcapi.Communitytestcases.AssetTeamPermissionPostAPITest"/>
  <testcase name="AssetTeamPermissionPutAPI" time="6.505" classname="com.arcapi.Communitytestcases.AssetTeamPermissionPutAPITest"/>
  <testcase name="AssetNotificationSubscriptionList" time="3.135" classname="com.arcapi.Communitytestcases.AssetNotificationSubscriptionListTest"/>
  <testcase name="AssetNotificationSubscriptionPost" time="2.823" classname="com.arcapi.Communitytestcases.AssetNotificationSubscriptionPostTest"/>
  <testcase name="NotificationSubscriptionDetail" time="3.041" classname="com.arcapi.Communitytestcases.NotificationSubscriptionDetailGetTest"/>
  <testcase name="NotificationSubscriptionDetail" time="5.094" classname="com.arcapi.Communitytestcases.NotificationSubscriptionDetailPutTest"/>
  <testcase name="NotificationSubscriptionDetailDelete" time="3.197" classname="com.arcapi.Communitytestcases.NotificationSubscriptionDetailDeleteTest"/>
  <testcase name="AssetDataSnapshotAPI" time="27.124" classname="com.arcapi.Communitytestcases.AssetDataSnapshotAPITest"/>
  <testcase name="RecomputePerformanceScoreGet" time="11.322" classname="com.arcapi.Communitytestcases.RecomputePerformanceScoreGetTest"/>
  <testcase name="ReviewCertificationPricingAPI" time="5.997" classname="com.arcapi.Communitytestcases.ReviewCertificationPricingAPITest"/>
  <testcase name="SubmitReviewPOSTAPI" time="9.143" classname="com.arcapi.Communitytestcases.SubmitReviewPOSTAPITest"/>
  <testcase name="SubmitReviewGetAPI" time="7.259" classname="com.arcapi.Communitytestcases.SubmitReviewGetAPITest"/>
  <testcase name="NotificationCreatePOSTAPI" time="3.329" classname="com.arcapi.Communitytestcases.NotificationCreatePOSTAPITest"/>
  <testcase name="NotificationGetAPI" time="3.414" classname="com.arcapi.Communitytestcases.NotificationGetAPITest"/>
  <testcase name="NotificationDeleteAPI" time="3.217" classname="com.arcapi.Communitytestcases.NotificationDeleteAPITest"/>
  <testcase name="FeedbackSubmitPostAPI" time="3.171" classname="com.arcapi.Communitytestcases.FeedbackSubmitPostAPITest"/>
  <testcase name="AssetDataExportAPI" time="3.487" classname="com.arcapi.Communitytestcases.AssetDataExportAPITest"/>
  <testcase name="AssetPerformanceScoreListAPI" time="3.433" classname="com.arcapi.Communitytestcases.AssetPerformanceScoreListAPITest"/>
  <testcase name="AnalysisDataSubmitPOSTAPI" time="16.963" classname="com.arcapi.Communitytestcases.AnalysisDataSubmitPOSTAPITest"/>
  <testcase name="AnalysisDataGetAPI" time="3.094" classname="com.arcapi.Communitytestcases.AnalysisDataGetAPITest"/>
  <testcase name="AssetRequiredFieldsAPI" time="3.345" classname="com.arcapi.Communitytestcases.AssetRequiredFieldsAPITest"/>
  <testcase name="CountryStatesJSONAPI" time="3.365" classname="com.arcapi.Communitytestcases.CountryStatesJSONAPITest"/>
  <testcase name="AssociatedCategoriesAPI" time="3.178" classname="com.arcapi.Communitytestcases.AssociatedCategoriesAPITest"/>
  <testcase name="RatingSystemListAPI" time="3.012" classname="com.arcapi.Communitytestcases.RatingSystemListAPITest"/>
  <testcase name="AppVersionDetailAPI" time="3.281" classname="com.arcapi.Communitytestcases.AppVersionDetailAPITest"/>
  <testcase name="FuelCategoryAPI" time="3.747" classname="com.arcapi.Communitytestcases.FuelCategoryAPITest"/>
  <testcase name="GetAllDocumentListAPI" time="6.446" classname="com.arcapi.Communitytestcases.GetAllDocumentListAPITest"/>
  <testcase name="PerformanceComparablesGetAPI" time="3.586" classname="com.arcapi.Communitytestcases.PerformanceComparablesGetAPITest"/>
  <testcase name="ScoreWeightsAPI" time="3.394" classname="com.arcapi.Communitytestcases.ScoreWeightsAPITest"/>
  <testcase name="ThirdPartyListAppsAPI" time="3.381" classname="com.arcapi.Communitytestcases.ThirdPartyListAppsAPITest"/>
  <testcase name="AvgPerformaceList" time="5.13" classname="com.arcapi.Communitytestcases.AvgPerformaceListGetTest"/>
  <testcase name="AssetSnapshotKeysAPI" time="3.876" classname="com.arcapi.Communitytestcases.AssetSnapshotKeysAPITest"/>
  <testcase name="AssetSnapshotDownloadAPI" time="79.765" classname="com.arcapi.Communitytestcases.AssetSnapshotDownloadAPITest"/>
</testsuite> <!-- CompleteFlowTest-Community-Other -->
