<?xml version="1.0" encoding="UTF-8"?>
<!-- Generated by org.testng.reporters.JUnitXMLReporter -->
<testsuite hostname="G10GNLT041" ignored="0" name="CompleteFlowTest-Building-Other" tests="106" failures="5" timestamp="30 Apr 2019 07:18:30 GMT" time="1626.555" errors="0">
  <testcase name="LoginAPI" time="13.159" classname="com.arcapi.Buildingtestcases.LoginAPITest"/>
  <testcase name="UserDetailAPI" time="5.055" classname="com.arcapi.Buildingtestcases.UserDetailAPITest"/>
  <testcase name="UserAccessLevelSAPGet" time="3.544" classname="com.arcapi.Buildingtestcases.UserAccessLevelSAPGetTest"/>
  <testcase name="LOTokenAPI" time="2.828" classname="com.arcapi.Buildingtestcases.LOTokenAPITest"/>
  <testcase name="AssetSearchAPI" time="2.759" classname="com.arcapi.Buildingtestcases.AssetSearchAPITest"/>
  <testcase name="AssetValidationInfoPOSTAPI" time="4.471" classname="com.arcapi.Buildingtestcases.AssetValidationInfoPOSTAPITest"/>
  <testcase name="AssetSearchOwnerAPI" time="3.118" classname="com.arcapi.Buildingtestcases.AssetSearchOwnerAPITest"/>
  <testcase name="AssetOwnerOrgPOSTAPI" time="3.983" classname="com.arcapi.Buildingtestcases.AssetOwnerOrgPOSTAPITest"/>
  <testcase name="AssetListAPI" time="3.549" classname="com.arcapi.Buildingtestcases.AssetListAPITest"/>
  <testcase name="CreateAssetPOSTAPI" time="22.278" classname="com.arcapi.Buildingtestcases.CreateAssetBuildingOtherAPITest"/>
  <testcase name="SignAgreementRegistrationAPI" time="9.367" classname="com.arcapi.Buildingtestcases.SignAgreementRegistrationAPITest"/>
  <testcase name="RegistrationPaymentPricingGetAPI" time="5.094" classname="com.arcapi.Buildingtestcases.RegistrationPaymentPricingGetAPITest"/>
  <testcase name="PaymentOrderSubmitPOSTAPI" time="51.005" classname="com.arcapi.Buildingtestcases.PaymentOrderSubmitPOSTAPITest"/>
  <testcase name="AddAssestTimeline" time="51.991" classname="com.arcapi.Buildingtestcases.AddAssestTimelinePOSTAPITest"/>
  <testcase name="PaymentOrderGetAPI" time="3.856" classname="com.arcapi.Buildingtestcases.PaymentOrderGetAPITest"/>
  <testcase name="PaymentReceiptAPI" time="3.1" classname="com.arcapi.Buildingtestcases.PaymentReceiptAPITest">
    <failure type="java.lang.AssertionError" message="1 expectation failed.
Expected status code &amp;lt;200&amp;gt; doesn&amp;apos;t match actual status code &amp;lt;400&amp;gt;.
">
      <![CDATA[java.lang.AssertionError: 1 expectation failed.Expected status code <200> doesn't match actual status code <400>.at org.codehaus.groovy.runtime.callsite.ConstructorSite$ConstructorSiteNoUnwrap.callConstructor(ConstructorSite.java:84)at org.codehaus.groovy.runtime.callsite.CallSiteArray.defaultCallConstructor(CallSiteArray.java:60)at org.codehaus.groovy.runtime.callsite.AbstractCallSite.callConstructor(AbstractCallSite.java:235)at org.codehaus.groovy.runtime.callsite.AbstractCallSite.callConstructor(AbstractCallSite.java:247)at com.jayway.restassured.internal.ResponseSpecificationImpl$HamcrestAssertionClosure.validate(ResponseSpecificationImpl.groovy:598)at com.jayway.restassured.internal.ResponseSpecificationImpl$HamcrestAssertionClosure$validate$1.call(Unknown Source)at com.jayway.restassured.internal.ResponseSpecificationImpl.validate(ResponseSpecificationImpl.groovy:86)at com.jayway.restassured.internal.ValidatableResponseOptionsImpl.specification(ValidatableResponseOptionsImpl.java:307)at com.jayway.restassured.internal.ValidatableResponseOptionsImpl.spec(ValidatableResponseOptionsImpl.java:288)at com.arcapi.Buildingtestcases.PaymentReceiptAPITest.PaymentReceiptAPI(PaymentReceiptAPITest.java:46)... Removed 32 stack frames]]>
    </failure>
  </testcase> <!-- PaymentReceiptAPI -->
  <testcase name="PaymentHistoryAPI" time="2.896" classname="com.arcapi.Buildingtestcases.PaymentHistoryAPITest"/>
  <testcase name="AssetDetailAPI" time="10.686" classname="com.arcapi.Buildingtestcases.AssetDetailAPITest"/>
  <testcase name="AssetUpdateforNewAssetPUTAPI" time="8.136" classname="com.arcapi.Buildingtestcases.AssetUpdateBuildingOtherAPITest"/>
  <testcase name="VerifyAssetDetailAPI" time="2.955" classname="com.arcapi.Buildingtestcases.VerifyAssetDetailAPITest"/>
  <testcase name="VerifyProjectRegisteredAssetList" time="3.017" classname="com.arcapi.Buildingtestcases.VerifyProjectRegisteredAssetListTest"/>
  <testcase name="AssetDocumentAPI" time="7.176" classname="com.arcapi.Buildingtestcases.AssetDocumentAPITest"/>
  <testcase name="DownloadDocumentsAPI" time="6.225" classname="com.arcapi.Buildingtestcases.DownloadDocumentsAPITest"/>
  <testcase name="VerifyAgreementPresentAPI" time="5.65" classname="com.arcapi.Buildingtestcases.VerifyAgreementPresentAPITest"/>
  <testcase name="FetchingAgreementDetailsAPI" time="7.169" classname="com.arcapi.Buildingtestcases.FetchingAgreementDetailsAPITest"/>
  <testcase name="VerifyAgreementDeleteAPI" time="2.719" classname="com.arcapi.Buildingtestcases.VerifyAgreementDeleteAPITest"/>
  <testcase name="MetersAPI" time="2.606" classname="com.arcapi.Buildingtestcases.MetersAPITest"/>
  <testcase name="MeterCreatePOSTAPI" time="3.242" classname="com.arcapi.Buildingtestcases.MeterCreatePOSTAPITest"/>
  <testcase name="AssetMeterDetailAPI" time="2.59" classname="com.arcapi.Buildingtestcases.AssetMeterDetailAPITest"/>
  <testcase name="MeterUpdatePUTAPI" time="2.744" classname="com.arcapi.Buildingtestcases.MeterUpdatePUTAPITest"/>
  <testcase name="MeterBulkConsumptionPOSTAPI" time="2.685" classname="com.arcapi.Buildingtestcases.MeterBulkConsumptionPOSTAPITest"/>
  <testcase name="ConsumptionListAPI" time="2.725" classname="com.arcapi.Buildingtestcases.ConsumptionListAPITest"/>
  <testcase name="ConsumptionCreatePOSTAPI" time="3.452" classname="com.arcapi.Buildingtestcases.ConsumptionCreatePOSTAPITest"/>
  <testcase name="ConsumptionDetailAPI" time="2.619" classname="com.arcapi.Buildingtestcases.ConsumptionDetailAPITest"/>
  <testcase name="ConsumptionUpdatePUTAPI" time="2.933" classname="com.arcapi.Buildingtestcases.ConsumptionUpdatePUTAPITest"/>
  <testcase name="ConsumptionDeleteAPI" time="2.801" classname="com.arcapi.Buildingtestcases.ConsumptionDeleteAPITest"/>
  <testcase name="MeterDeleteAPI" time="3.937" classname="com.arcapi.Buildingtestcases.MeterDeleteAPITest"/>
  <testcase name="WasteGeneratedBulkDataPost" time="2.664" classname="com.arcapi.Buildingtestcases.WasteGeneratedBulkDataPostTest"/>
  <testcase name="WasteDivertedBulkDataPost" time="2.956" classname="com.arcapi.Buildingtestcases.WasteDivertedBulkDataPostTest"/>
  <testcase name="WasteCreatePOSTAPI" time="4.215" classname="com.arcapi.Buildingtestcases.WasteCreatePOSTAPITest"/>
  <testcase name="WasteGetAPI" time="2.701" classname="com.arcapi.Buildingtestcases.WasteGetAPITest"/>
  <testcase name="WasteDetailAPI" time="2.743" classname="com.arcapi.Buildingtestcases.WasteDetailAPITest"/>
  <testcase name="WasteUpdatePUTAPI" time="3.061" classname="com.arcapi.Buildingtestcases.WasteUpdatePUTAPITest"/>
  <testcase name="WasteDetailDeleteAPI" time="3.733" classname="com.arcapi.Buildingtestcases.WasteDetailDeleteAPITest"/>
  <testcase name="SurveyCreatePOSTAPI" time="291.269" classname="com.arcapi.Buildingtestcases.SurveyCreatePOSTAPITest"/>
  <testcase name="AssetTeamMemberRoleAPI" time="8.022" classname="com.arcapi.Buildingtestcases.AssetTeamMemberRoleAPITest"/>
  <testcase name="AssetTeamMemberListAPI" time="5.701" classname="com.arcapi.Buildingtestcases.AssetTeamMemberListAPITest"/>
  <testcase name="AssetTeamMemberAddPOSTAPI" time="9.801" classname="com.arcapi.Buildingtestcases.AssetTeamMemberAddPOSTAPITest"/>
  <testcase name="AssetTeamMemberUpdateAPI" time="9.002" classname="com.arcapi.Buildingtestcases.AssetTeamMemberUpdateAPITest"/>
  <testcase name="AssetTeamMemberRemoveAPI" time="8.432" classname="com.arcapi.Buildingtestcases.AssetTeamMemberRemoveAPITest"/>
  <testcase name="DeleteAllAppsAPI" time="5.917" classname="com.arcapi.Buildingtestcases.DeleteAllAppsAPITest"/>
  <testcase name="InstallAllAppsAfterDeleteAPI" time="6.605" classname="com.arcapi.Buildingtestcases.InstallAllAppsAfterDeleteAPITest"/>
  <testcase name="AssetAppListAPI" time="2.551" classname="com.arcapi.Buildingtestcases.AssetAppListAPITest"/>
  <testcase name="AssetAppDeleteAPI" time="3.018" classname="com.arcapi.Buildingtestcases.AssetAppDeleteAPITest"/>
  <testcase name="S3DocumentUploadPOSTAPI" time="21.141" classname="com.arcapi.Buildingtestcases.S3DocumentUploadPOSTAPITest"/>
  <testcase name="S3DocumentListAPI" time="3.0" classname="com.arcapi.Buildingtestcases.S3DocumentListAPITest"/>
  <testcase name="S3DocumentRemoveAPI" time="2.937" classname="com.arcapi.Buildingtestcases.S3DocumentRemoveAPITest"/>
  <testcase name="ExcelUploadTemplatePOSTAPI" time="4.404" classname="com.arcapi.Buildingtestcases.ExcelUploadTemplatePOSTAPITest"/>
  <testcase name="AssetTeamPermissionListAPI" time="5.827" classname="com.arcapi.Buildingtestcases.AssetTeamPermissionListAPITest"/>
  <testcase name="AssetTeamPermissionPostAPI" time="5.602" classname="com.arcapi.Buildingtestcases.AssetTeamPermissionPostAPITest"/>
  <testcase name="AssetTeamPermissionPutAPI" time="6.112" classname="com.arcapi.Buildingtestcases.AssetTeamPermissionPutAPITest"/>
  <testcase name="VerifyAdminRemoveAPI" time="8.86" classname="com.arcapi.Buildingtestcases.VerifyAdminRemoveAPITest">
    <failure type="java.lang.AssertionError" message="1 expectation failed.
Expected status code &amp;lt;403&amp;gt; doesn&amp;apos;t match actual status code &amp;lt;200&amp;gt;.
">
      <![CDATA[java.lang.AssertionError: 1 expectation failed.Expected status code <403> doesn't match actual status code <200>.at org.codehaus.groovy.runtime.callsite.ConstructorSite$ConstructorSiteNoUnwrap.callConstructor(ConstructorSite.java:84)at org.codehaus.groovy.runtime.callsite.AbstractCallSite.callConstructor(AbstractCallSite.java:247)at com.jayway.restassured.internal.ResponseSpecificationImpl$HamcrestAssertionClosure.validate(ResponseSpecificationImpl.groovy:598)at com.jayway.restassured.internal.ResponseSpecificationImpl$HamcrestAssertionClosure$validate$1.call(Unknown Source)at com.jayway.restassured.internal.ResponseSpecificationImpl.validateResponseIfRequired(ResponseSpecificationImpl.groovy:760)at org.codehaus.groovy.runtime.callsite.PogoMetaMethodSite$PogoCachedMethodSiteNoUnwrapNoCoerce.invoke(PogoMetaMethodSite.java:210)at org.codehaus.groovy.runtime.callsite.PogoMetaMethodSite.callCurrent(PogoMetaMethodSite.java:59)at org.codehaus.groovy.runtime.callsite.AbstractCallSite.callCurrent(AbstractCallSite.java:166)at com.jayway.restassured.internal.ResponseSpecificationImpl.statusCode(ResponseSpecificationImpl.groovy:120)at com.jayway.restassured.specification.ResponseSpecification$statusCode$0.callCurrent(Unknown Source)at com.jayway.restassured.internal.ResponseSpecificationImpl.statusCode(ResponseSpecificationImpl.groovy:128)at com.jayway.restassured.internal.ValidatableResponseOptionsImpl.statusCode(ValidatableResponseOptionsImpl.java:117)at com.arcapi.Buildingtestcases.VerifyAdminRemoveAPITest.VerifyAdminRemoveAPI(VerifyAdminRemoveAPITest.java:65)... Removed 35 stack frames]]>
    </failure>
  </testcase> <!-- VerifyAdminRemoveAPI -->
  <testcase name="AssetNotificationSubscriptionList" time="2.551" classname="com.arcapi.Buildingtestcases.AssetNotificationSubscriptionListTest"/>
  <testcase name="AssetNotificationSubscriptionPost" time="2.991" classname="com.arcapi.Buildingtestcases.AssetNotificationSubscriptionPostTest"/>
  <testcase name="NotificationSubscriptionDetail" time="2.79" classname="com.arcapi.Buildingtestcases.NotificationSubscriptionDetailGetTest"/>
  <testcase name="NotificationSubscriptionDetail" time="2.744" classname="com.arcapi.Buildingtestcases.NotificationSubscriptionDetailPutTest"/>
  <testcase name="NotificationSubscriptionDetailDelete" time="2.515" classname="com.arcapi.Buildingtestcases.NotificationSubscriptionDetailDeleteTest"/>
  <testcase name="AssetDataSnapshotAPI" time="15.142" classname="com.arcapi.Buildingtestcases.AssetDataSnapshotAPITest"/>
  <testcase name="RecomputePerformanceScoreGet" time="304.007" classname="com.arcapi.Buildingtestcases.RecomputePerformanceScoreGetTest">
    <failure type="java.lang.AssertionError" message="1 expectation failed.
Expected status code &amp;lt;200&amp;gt; doesn&amp;apos;t match actual status code &amp;lt;500&amp;gt;.
">
      <![CDATA[java.lang.AssertionError: 1 expectation failed.Expected status code <200> doesn't match actual status code <500>.at org.codehaus.groovy.runtime.callsite.ConstructorSite$ConstructorSiteNoUnwrap.callConstructor(ConstructorSite.java:84)at org.codehaus.groovy.runtime.callsite.AbstractCallSite.callConstructor(AbstractCallSite.java:247)at com.jayway.restassured.internal.ResponseSpecificationImpl$HamcrestAssertionClosure.validate(ResponseSpecificationImpl.groovy:598)at com.jayway.restassured.internal.ResponseSpecificationImpl$HamcrestAssertionClosure$validate$1.call(Unknown Source)at com.jayway.restassured.internal.ResponseSpecificationImpl.validate(ResponseSpecificationImpl.groovy:86)at com.jayway.restassured.internal.ValidatableResponseOptionsImpl.specification(ValidatableResponseOptionsImpl.java:307)at com.jayway.restassured.internal.ValidatableResponseOptionsImpl.spec(ValidatableResponseOptionsImpl.java:288)at com.arcapi.Buildingtestcases.RecomputePerformanceScoreGetTest.RecomputePerformanceScoreGet(RecomputePerformanceScoreGetTest.java:51)... Removed 32 stack frames]]>
    </failure>
  </testcase> <!-- RecomputePerformanceScoreGet -->
  <testcase name="ReviewCertificationPricingAPI" time="5.243" classname="com.arcapi.Buildingtestcases.ReviewCertificationPricingAPITest"/>
  <testcase name="SubmitReviewPOSTAPI" time="302.82" classname="com.arcapi.Buildingtestcases.SubmitReviewPOSTAPITest">
    <failure type="java.lang.AssertionError" message="1 expectation failed.
Expected status code &amp;lt;200&amp;gt; doesn&amp;apos;t match actual status code &amp;lt;500&amp;gt;.
">
      <![CDATA[java.lang.AssertionError: 1 expectation failed.Expected status code <200> doesn't match actual status code <500>.at org.codehaus.groovy.runtime.callsite.ConstructorSite$ConstructorSiteNoUnwrap.callConstructor(ConstructorSite.java:84)at org.codehaus.groovy.runtime.callsite.AbstractCallSite.callConstructor(AbstractCallSite.java:247)at com.jayway.restassured.internal.ResponseSpecificationImpl$HamcrestAssertionClosure.validate(ResponseSpecificationImpl.groovy:598)at com.jayway.restassured.internal.ResponseSpecificationImpl$HamcrestAssertionClosure$validate$1.call(Unknown Source)at com.jayway.restassured.internal.ResponseSpecificationImpl.validate(ResponseSpecificationImpl.groovy:86)at com.jayway.restassured.internal.ValidatableResponseOptionsImpl.specification(ValidatableResponseOptionsImpl.java:307)at com.jayway.restassured.internal.ValidatableResponseOptionsImpl.spec(ValidatableResponseOptionsImpl.java:288)at com.arcapi.Buildingtestcases.SubmitReviewPOSTAPITest.SubmitReviewPOSTAPI(SubmitReviewPOSTAPITest.java:140)... Removed 32 stack frames]]>
    </failure>
  </testcase> <!-- SubmitReviewPOSTAPI -->
  <testcase name="SubmitReviewGetAPI" time="3.08" classname="com.arcapi.Buildingtestcases.SubmitReviewGetAPITest"/>
  <testcase name="NotificationCreatePOSTAPI" time="2.851" classname="com.arcapi.Buildingtestcases.NotificationCreatePOSTAPITest"/>
  <testcase name="NotificationGetAPI" time="2.707" classname="com.arcapi.Buildingtestcases.NotificationGetAPITest"/>
  <testcase name="NotificationDeleteAPI" time="3.224" classname="com.arcapi.Buildingtestcases.NotificationDeleteAPITest"/>
  <testcase name="FeedbackSubmitPostAPI" time="3.328" classname="com.arcapi.Buildingtestcases.FeedbackSubmitPostAPITest"/>
  <testcase name="TransitSurveyExportAPI" time="3.655" classname="com.arcapi.Buildingtestcases.TransitSurveyExportAPITest"/>
  <testcase name="EnvironmentSurveyExportAPI" time="3.987" classname="com.arcapi.Buildingtestcases.EnvironmentSurveyExportAPITest"/>
  <testcase name="AssetDataExportAPI" time="6.629" classname="com.arcapi.Buildingtestcases.AssetDataExportAPITest"/>
  <testcase name="AssetPerformanceScoreListAPI" time="5.903" classname="com.arcapi.Buildingtestcases.AssetPerformanceScoreListAPITest"/>
  <testcase name="AnalysisDataSubmitPOSTAPI" time="9.947" classname="com.arcapi.Buildingtestcases.AnalysisDataSubmitPOSTAPITest"/>
  <testcase name="AnalysisDataGetAPI" time="3.182" classname="com.arcapi.Buildingtestcases.AnalysisDataGetAPITest"/>
  <testcase name="CO2GetTestAPI" time="3.263" classname="com.arcapi.Buildingtestcases.CO2GetTest"/>
  <testcase name="GhgGetTestAPI" time="2.914" classname="com.arcapi.Buildingtestcases.GhgGetTest"/>
  <testcase name="GhgCalcGet" time="2.984" classname="com.arcapi.Buildingtestcases.GhgCalcGetTest"/>
  <testcase name="VOCGet" time="2.979" classname="com.arcapi.Buildingtestcases.VOCGetTest"/>
  <testcase name="WaterGet" time="3.094" classname="com.arcapi.Buildingtestcases.WaterGetTest"/>
  <testcase name="AssetCertificationListAPI" time="3.088" classname="com.arcapi.Buildingtestcases.AssetCertificationListAPITest"/>
  <testcase name="AssetCertificationPOSTAPI" time="8.658" classname="com.arcapi.Buildingtestcases.AssetCertificationPOSTAPITest"/>
  <testcase name="TemperatureDataGet" time="2.783" classname="com.arcapi.Buildingtestcases.TemperatureDataGetTest"/>
  <testcase name="AssetRequiredFieldsAPI" time="3.061" classname="com.arcapi.Buildingtestcases.AssetRequiredFieldsAPITest"/>
  <testcase name="CountryStatesJSONAPI" time="3.488" classname="com.arcapi.Buildingtestcases.CountryStatesJSONAPITest"/>
  <testcase name="AssociatedCategoriesAPI" time="2.798" classname="com.arcapi.Buildingtestcases.AssociatedCategoriesAPITest"/>
  <testcase name="RatingSystemListAPI" time="2.774" classname="com.arcapi.Buildingtestcases.RatingSystemListAPITest"/>
  <testcase name="AppVersionDetailAPI" time="2.829" classname="com.arcapi.Buildingtestcases.AppVersionDetailAPITest"/>
  <testcase name="FuelCategoryAPI" time="2.961" classname="com.arcapi.Buildingtestcases.FuelCategoryAPITest"/>
  <testcase name="GetAllDocumentListAPI" time="6.372" classname="com.arcapi.Buildingtestcases.GetAllDocumentListAPITest"/>
  <testcase name="PerformanceComparablesGetAPI" time="2.43" classname="com.arcapi.Buildingtestcases.PerformanceComparablesGetAPITest"/>
  <testcase name="ScoreWeightsAPI" time="2.796" classname="com.arcapi.Buildingtestcases.ScoreWeightsAPITest"/>
  <testcase name="ThirdPartyListAppsAPI" time="2.542" classname="com.arcapi.Buildingtestcases.ThirdPartyListAppsAPITest"/>
  <testcase name="AvgPerformaceList" time="2.518" classname="com.arcapi.Buildingtestcases.AvgPerformaceListGetTest"/>
  <testcase name="AssetSnapshotKeysAPI" time="2.794" classname="com.arcapi.Buildingtestcases.AssetSnapshotKeysAPITest"/>
  <testcase name="AssetSnapshotDownloadAPI" time="3.478" classname="com.arcapi.Buildingtestcases.AssetSnapshotDownloadAPITest">
    <failure type="java.lang.AssertionError" message="1 expectation failed.
Expected status code &amp;lt;200&amp;gt; doesn&amp;apos;t match actual status code &amp;lt;404&amp;gt;.
">
      <![CDATA[java.lang.AssertionError: 1 expectation failed.Expected status code <200> doesn't match actual status code <404>.at org.codehaus.groovy.runtime.callsite.ConstructorSite$ConstructorSiteNoUnwrap.callConstructor(ConstructorSite.java:84)at org.codehaus.groovy.runtime.callsite.AbstractCallSite.callConstructor(AbstractCallSite.java:247)at com.jayway.restassured.internal.ResponseSpecificationImpl$HamcrestAssertionClosure.validate(ResponseSpecificationImpl.groovy:598)at com.jayway.restassured.internal.ResponseSpecificationImpl$HamcrestAssertionClosure$validate$1.call(Unknown Source)at com.jayway.restassured.internal.ResponseSpecificationImpl.validate(ResponseSpecificationImpl.groovy:86)at com.jayway.restassured.internal.ValidatableResponseOptionsImpl.specification(ValidatableResponseOptionsImpl.java:307)at com.jayway.restassured.internal.ValidatableResponseOptionsImpl.spec(ValidatableResponseOptionsImpl.java:288)at com.arcapi.Buildingtestcases.AssetSnapshotDownloadAPITest.AssetSnapshotDownloadAPI(AssetSnapshotDownloadAPITest.java:51)... Removed 32 stack frames]]>
    </failure>
  </testcase> <!-- AssetSnapshotDownloadAPI -->
  <testcase name="ExcelTemplateMetersAPI" time="5.373" classname="com.arcapi.Buildingtestcases.ExcelTemplateMetersAPITest"/>
  <testcase name="VerifyExcelTemplateConsumptionAPI" time="11.288" classname="com.arcapi.Buildingtestcases.VerifyExcelTemplateConsumptionAPITest"/>
  <testcase name="VerifyWasteDataExcelAPI" time="4.193" classname="com.arcapi.Buildingtestcases.VerifyWasteDataExcelAPITest"/>
</testsuite> <!-- CompleteFlowTest-Building-Other -->
