<?xml version="1.0" encoding="UTF-8"?>
<!-- Generated by org.testng.reporters.JUnitXMLReporter -->
<testsuite hostname="G10GNLT041" ignored="0" name="V4.1-1" tests="44" failures="10" timestamp="20 Dec 2018 09:39:46 GMT" time="1666.657" errors="0">
  <testcase name="LOAuthenticateAPI" time="10.74" classname="com.arcapi.Leedv4Testcases.LOAuthenticateAPITest"/>
  <testcase name="LOProjectRegistration" time="15.087" classname="com.arcapi.Leedv4Testcases.LOProjectRegistrationEBTest"/>
  <testcase name="LOProjectSyncAPI" time="14.225" classname="com.arcapi.Leedv4Testcases.LOProjectSyncAPITest"/>
  <testcase name="SignAgreementRegistrationAPI" time="13.69" classname="com.arcapi.Leedv4Testcases.SignAgreementRegistrationAPITest"/>
  <testcase name="AssetUpdateforNewAssetPUTAPI" time="17.233" classname="com.arcapi.Leedv4Testcases.AssetUpdateforNewAssetPUTAPITest"/>
  <testcase name="VerifyAssetDetailAPI" time="10.553" classname="com.arcapi.Leedv4Testcases.VerifyAssetDetailAPITest"/>
  <testcase name="VerifyProjectRegisteredAssetList" time="11.715" classname="com.arcapi.Leedv4Testcases.VerifyProjectRegisteredAssetListTest"/>
  <testcase name="VerifyAgreementPresentAPI" time="11.147" classname="com.arcapi.Leedv4Testcases.VerifyAgreementPresentAPITest"/>
  <testcase name="FetchingAgreementDetailsAPI" time="17.793" classname="com.arcapi.Leedv4Testcases.FetchingAgreementDetailsAPITest"/>
  <testcase name="VerifyAgreementDeleteAPI" time="13.042" classname="com.arcapi.Leedv4Testcases.VerifyAgreementDeleteAPITest"/>
  <testcase name="MetersAPI" time="14.624" classname="com.arcapi.Leedv4Testcases.MetersAPITest"/>
  <testcase name="HumanExperienceConsumptionCreateAPI" time="39.822" classname="com.arcapi.Leedv4Testcases.HumanExperienceConsumptionCreateAPITest"/>
  <testcase name="HumanExperienceConsumptionUpdateAPI" time="33.623" classname="com.arcapi.Leedv4Testcases.HumanExperienceConsumptionUpdateAPITest"/>
  <testcase name="VerifyManualConsumptionAfterUpdateAPI" time="33.962" classname="com.arcapi.Leedv4Testcases.VerifyManualConsumptionAfterUpdateAPITest"/>
  <testcase name="HumanExperienceConsumptionDeleteAPI" time="35.224" classname="com.arcapi.Leedv4Testcases.HumanExperienceConsumptionDeleteAPITest"/>
  <testcase name="HumanExperienceConsumptionCreateAPI" time="43.475" classname="com.arcapi.Leedv4Testcases.HEConsumptionCreateAfterDeleteTest"/>
  <testcase name="VerifyManualConsumptionAPI" time="27.497" classname="com.arcapi.Leedv4Testcases.VerifyManualConsumptionAPITest"/>
  <testcase name="HumanExperienceMeterUpdateAPI" time="20.457" classname="com.arcapi.Leedv4Testcases.HumanExperienceMeterUpdateAPITest">
    <failure type="java.lang.AssertionError" message="1 expectation failed.
Expected status code &amp;lt;200&amp;gt; doesn&amp;apos;t match actual status code &amp;lt;400&amp;gt;.
">
      <![CDATA[java.lang.AssertionError: 1 expectation failed.Expected status code <200> doesn't match actual status code <400>.at org.codehaus.groovy.runtime.callsite.ConstructorSite$ConstructorSiteNoUnwrap.callConstructor(ConstructorSite.java:84)at org.codehaus.groovy.runtime.callsite.CallSiteArray.defaultCallConstructor(CallSiteArray.java:60)at org.codehaus.groovy.runtime.callsite.AbstractCallSite.callConstructor(AbstractCallSite.java:235)at org.codehaus.groovy.runtime.callsite.AbstractCallSite.callConstructor(AbstractCallSite.java:247)at com.jayway.restassured.internal.ResponseSpecificationImpl$HamcrestAssertionClosure.validate(ResponseSpecificationImpl.groovy:598)at com.jayway.restassured.internal.ResponseSpecificationImpl$HamcrestAssertionClosure$validate$1.call(Unknown Source)at com.jayway.restassured.internal.ResponseSpecificationImpl.validate(ResponseSpecificationImpl.groovy:86)at com.jayway.restassured.internal.ValidatableResponseOptionsImpl.specification(ValidatableResponseOptionsImpl.java:307)at com.jayway.restassured.internal.ValidatableResponseOptionsImpl.spec(ValidatableResponseOptionsImpl.java:288)at com.arcapi.Leedv4Testcases.HumanExperienceMeterUpdateAPITest.HumanExperienceMeterUpdateAPI(HumanExperienceMeterUpdateAPITest.java:103)... Removed 32 stack frames]]>
    </failure>
  </testcase> <!-- HumanExperienceMeterUpdateAPI -->
  <testcase name="MeterCommentPostGroup1API" time="29.256" classname="com.arcapi.Leedv4Testcases.MeterCommentPostGroup1APITest"/>
  <testcase name="MeterCommentPostGroup2API" time="14.154" classname="com.arcapi.Leedv4Testcases.MeterCommentPostGroup2APITest"/>
  <testcase name="MeterCommentPostGroup3API" time="24.138" classname="com.arcapi.Leedv4Testcases.MeterCommentPostGroup3APITest"/>
  <testcase name="MeterCommentReplyGroup1API" time="30.098" classname="com.arcapi.Leedv4Testcases.MeterCommentReplyGroup1APITest"/>
  <testcase name="MeterCommentReplyGroup2API" time="20.915" classname="com.arcapi.Leedv4Testcases.MeterCommentReplyGroup2APITest"/>
  <testcase name="MeterCommentReplyGroup3API" time="17.237" classname="com.arcapi.Leedv4Testcases.MeterCommentReplyGroup3APITest"/>
  <testcase name="MeterCommentDeleteGroup2API" time="10.809" classname="com.arcapi.Leedv4Testcases.MeterCommentDeleteGroup2APITest">
    <failure type="java.lang.AssertionError" message="1 expectation failed.
Expected status code &amp;lt;200&amp;gt; doesn&amp;apos;t match actual status code &amp;lt;301&amp;gt;.
">
      <![CDATA[java.lang.AssertionError: 1 expectation failed.Expected status code <200> doesn't match actual status code <301>.at org.codehaus.groovy.runtime.callsite.ConstructorSite$ConstructorSiteNoUnwrap.callConstructor(ConstructorSite.java:84)at org.codehaus.groovy.runtime.callsite.AbstractCallSite.callConstructor(AbstractCallSite.java:247)at com.jayway.restassured.internal.ResponseSpecificationImpl$HamcrestAssertionClosure.validate(ResponseSpecificationImpl.groovy:598)at com.jayway.restassured.internal.ResponseSpecificationImpl$HamcrestAssertionClosure$validate$1.call(Unknown Source)at com.jayway.restassured.internal.ResponseSpecificationImpl.validate(ResponseSpecificationImpl.groovy:86)at com.jayway.restassured.internal.ValidatableResponseOptionsImpl.specification(ValidatableResponseOptionsImpl.java:307)at com.jayway.restassured.internal.ValidatableResponseOptionsImpl.spec(ValidatableResponseOptionsImpl.java:288)at com.arcapi.Leedv4Testcases.MeterCommentDeleteGroup2APITest.MeterCommentDeleteGroup2API(MeterCommentDeleteGroup2APITest.java:67)... Removed 32 stack frames]]>
    </failure>
  </testcase> <!-- MeterCommentDeleteGroup2API -->
  <testcase name="AssetDetailAPI" time="18.114" classname="com.arcapi.Leedv4Testcases.AssetDetailAPITest"/>
  <testcase name="SurveyCreatePOSTAPI" time="265.141" classname="com.arcapi.Leedv4Testcases.SurveyCreatePOSTAPITest"/>
  <testcase name="HumanExperienceMeterDeleteAPI" time="35.173" classname="com.arcapi.Leedv4Testcases.HumanExperienceMeterDeleteAPITest"/>
  <testcase name="ExcelUploadTemplatePOSTAPI" time="23.312" classname="com.arcapi.Leedv4Testcases.ExcelUploadTemplatePOSTAPITest"/>
  <testcase name="S3DocumentUploadPOSTAPI" time="85.71" classname="com.arcapi.Leedv4Testcases.S3DocumentUploadPOSTAPITest"/>
  <testcase name="S3DocumentListAPI" time="19.036" classname="com.arcapi.Leedv4Testcases.S3DocumentListAPITest"/>
  <testcase name="S3DocumentRemoveAPI" time="10.349" classname="com.arcapi.Leedv4Testcases.S3DocumentRemoveAPITest"/>
  <testcase name="InstallAllAppsAPI" time="15.512" classname="com.arcapi.Leedv4Testcases.InstallAllAppsAPITest"/>
  <testcase name="DeleteAllAppsAPI" time="20.638" classname="com.arcapi.Leedv4Testcases.DeleteAllAppsAPITest"/>
  <testcase name="InstallAllAppsAfterDeleteAPI" time="20.343" classname="com.arcapi.Leedv4Testcases.InstallAllAppsAfterDeleteAPITest"/>
  <testcase name="VerifyAppsListAPI" time="32.24" classname="com.arcapi.Leedv4Testcases.VerifyAppsListAPITest">
    <failure type="java.lang.AssertionError" message="expected [[Energy Star Portfolio Manager, Dropbox, OneDrive, Google Drive]] but found [[Google Drive, OneDrive, Dropbox, Energy Star Portfolio Manager]]">
      <![CDATA[java.lang.AssertionError: expected [[Energy Star Portfolio Manager, Dropbox, OneDrive, Google Drive]] but found [[Google Drive, OneDrive, Dropbox, Energy Star Portfolio Manager]]at com.arcapi.Leedv4Testcases.VerifyAppsListAPITest.VerifyAppsListAPI(VerifyAppsListAPITest.java:57)... Removed 32 stack frames]]>
    </failure>
  </testcase> <!-- VerifyAppsListAPI -->
  <testcase name="VerifyAdminRemoveAPI" time="0.0" classname="com.arcapi.Leedv4Testcases.VerifyAdminRemoveAPITest">
    <failure type="org.testng.TestNGException" message="
Parameter &amp;apos;ProjectTypeColumn&amp;apos; is required by @Test on method VerifyAdminRemoveAPI but has not been marked @Optional or defined
in D:\leed\leedperformance\AutomationTesting\TestArcAPI\src\main\resources\TestNGFiles\CustomExecutionTestNG.xml">
      <![CDATA[org.testng.TestNGException: Parameter 'ProjectTypeColumn' is required by @Test on method VerifyAdminRemoveAPI but has not been marked @Optional or definedin D:\leed\leedperformance\AutomationTesting\TestArcAPI\src\main\resources\TestNGFiles\CustomExecutionTestNG.xml... Removed 25 stack frames]]>
    </failure>
  </testcase> <!-- VerifyAdminRemoveAPI -->
  <testcase name="VerifyActivityEnergyDataInputAPI" time="22.423" classname="com.arcapi.Leedv4Testcases.VerifyActivityEnergyDataInputAPITest">
    <failure type="java.lang.AssertionError" message="Activity log is not correct expected [true] but found [false]">
      <![CDATA[java.lang.AssertionError: Activity log is not correct expected [true] but found [false]at com.arcapi.Leedv4Testcases.VerifyActivityEnergyDataInputAPITest.VerifyActivityEnergyDataInputAPI(VerifyActivityEnergyDataInputAPITest.java:66)... Removed 29 stack frames]]>
    </failure>
  </testcase> <!-- VerifyActivityEnergyDataInputAPI -->
  <testcase name="VerifyActivityWaterDataInputAPI" time="29.907" classname="com.arcapi.Leedv4Testcases.VerifyActivityWaterDataInputAPITest">
    <failure type="java.lang.AssertionError" message="Activity log is not correct expected [true] but found [false]">
      <![CDATA[java.lang.AssertionError: Activity log is not correct expected [true] but found [false]at com.arcapi.Leedv4Testcases.VerifyActivityWaterDataInputAPITest.VerifyActivityWaterDataInputAPI(VerifyActivityWaterDataInputAPITest.java:65)... Removed 29 stack frames]]>
    </failure>
  </testcase> <!-- VerifyActivityWaterDataInputAPI -->
  <testcase name="VerifyActivityWasteDataInputAPI" time="29.354" classname="com.arcapi.Leedv4Testcases.VerifyActivityWasteDataInputAPITest">
    <failure type="java.lang.AssertionError" message="Activity log is not correct expected [true] but found [false]">
      <![CDATA[java.lang.AssertionError: Activity log is not correct expected [true] but found [false]at com.arcapi.Leedv4Testcases.VerifyActivityWasteDataInputAPITest.VerifyActivityWasteDataInputAPI(VerifyActivityWasteDataInputAPITest.java:68)... Removed 29 stack frames]]>
    </failure>
  </testcase> <!-- VerifyActivityWasteDataInputAPI -->
  <testcase name="VerifyActivityHEMeterDataInputAPI" time="34.951" classname="com.arcapi.Leedv4Testcases.VerifyActivityHEMeterDataInputAPITest">
    <failure type="java.lang.AssertionError" message="Activity log is not correct expected [true] but found [false]">
      <![CDATA[java.lang.AssertionError: Activity log is not correct expected [true] but found [false]at com.arcapi.Leedv4Testcases.VerifyActivityHEMeterDataInputAPITest.VerifyActivityHEMeterDataInputAPI(VerifyActivityHEMeterDataInputAPITest.java:66)... Removed 29 stack frames]]>
    </failure>
  </testcase> <!-- VerifyActivityHEMeterDataInputAPI -->
  <testcase name="MetersAPI" time="28.722" classname="com.arcapi.Leedv4Testcases.ExcelTemplateMetersAPITest"/>
  <testcase name="VerifyExcelTemplateConsumptionAPI" time="29.88" classname="com.arcapi.Leedv4Testcases.VerifyExcelTemplateConsumptionAPITest">
    <failure type="java.lang.AssertionError" message="expected [200] but found [100]">
      <![CDATA[java.lang.AssertionError: expected [200] but found [100]at com.arcapi.Leedv4Testcases.VerifyExcelTemplateConsumptionAPITest.VerifyExcelTemplateConsumptionAPI(VerifyExcelTemplateConsumptionAPITest.java:82)... Removed 32 stack frames]]>
    </failure>
  </testcase> <!-- VerifyExcelTemplateConsumptionAPI -->
  <testcase name="VerifyWasteDataExcelAPI" time="22.572" classname="com.arcapi.Leedv4Testcases.VerifyWasteDataExcelAPITest">
    <failure type="java.lang.AssertionError" message="expected [200] but found [222]">
      <![CDATA[java.lang.AssertionError: expected [200] but found [222]at com.arcapi.Leedv4Testcases.VerifyWasteDataExcelAPITest.VerifyWasteDataExcelAPI(VerifyWasteDataExcelAPITest.java:58)... Removed 32 stack frames]]>
    </failure>
  </testcase> <!-- VerifyWasteDataExcelAPI -->
</testsuite> <!-- V4.1-1 -->
