<html>
<head>
<title>TestNG:  V4.1-1</title>
<link href="../testng.css" rel="stylesheet" type="text/css" />
<link href="../my-testng.css" rel="stylesheet" type="text/css" />

<style type="text/css">
.log { display: none;} 
.stack-trace { display: none;} 
</style>
<script type="text/javascript">
<!--
function flip(e) {
  current = e.style.display;
  if (current == 'block') {
    e.style.display = 'none';
    return 0;
  }
  else {
    e.style.display = 'block';
    return 1;
  }
}

function toggleBox(szDivId, elem, msg1, msg2)
{
  var res = -1;  if (document.getElementById) {
    res = flip(document.getElementById(szDivId));
  }
  else if (document.all) {
    // this is the way old msie versions work
    res = flip(document.all[szDivId]);
  }
  if(elem) {
    if(res == 0) elem.innerHTML = msg1; else elem.innerHTML = msg2;
  }

}

function toggleAllBoxes() {
  if (document.getElementsByTagName) {
    d = document.getElementsByTagName('div');
    for (i = 0; i < d.length; i++) {
      if (d[i].className == 'log') {
        flip(d[i]);
      }
    }
  }
}

// -->
</script>

</head>
<body>
<h2 align='center'>V4.1-1</h2><table border='1' align="center">
<tr>
<td>Tests passed/Failed/Skipped:</td><td>34/10/0</td>
</tr><tr>
<td>Started on:</td><td>Thu Dec 20 14:41:59 IST 2018</td>
</tr>
<tr><td>Total time:</td><td>1666 seconds (1666657 ms)</td>
</tr><tr>
<td>Included groups:</td><td></td>
</tr><tr>
<td>Excluded groups:</td><td></td>
</tr>
</table><p/>
<small><i>(Hover the method name to see the test class name)</i></small><p/>
<table width='100%' border='1' class='invocation-failed'>
<tr><td colspan='4' align='center'><b>FAILED TESTS</b></td></tr>
<tr><td><b>Test method</b></td>
<td width="30%"><b>Exception</b></td>
<td width="10%"><b>Time (seconds)</b></td>
<td><b>Instance</b></td>
</tr>
<tr>
<td title='com.arcapi.Leedv4Testcases.HumanExperienceMeterUpdateAPITest.HumanExperienceMeterUpdateAPI()'><b>HumanExperienceMeterUpdateAPI</b><br>Test class: com.arcapi.Leedv4Testcases.HumanExperienceMeterUpdateAPITest<br>Parameters: LEEDONLINE, LeedIDEB, 2</td>
<td><div><pre>java.lang.AssertionError: 1 expectation failed.
Expected status code &lt;200&gt; doesn&apos;t match actual status code &lt;400&gt;.

	at org.codehaus.groovy.runtime.callsite.ConstructorSite$ConstructorSiteNoUnwrap.callConstructor(ConstructorSite.java:84)
	at org.codehaus.groovy.runtime.callsite.CallSiteArray.defaultCallConstructor(CallSiteArray.java:60)
	at org.codehaus.groovy.runtime.callsite.AbstractCallSite.callConstructor(AbstractCallSite.java:235)
	at org.codehaus.groovy.runtime.callsite.AbstractCallSite.callConstructor(AbstractCallSite.java:247)
	at com.jayway.restassured.internal.ResponseSpecificationImpl$HamcrestAssertionClosure.validate(ResponseSpecificationImpl.groovy:598)
	at com.jayway.restassured.internal.ResponseSpecificationImpl$HamcrestAssertionClosure$validate$1.call(Unknown Source)
	at com.jayway.restassured.internal.ResponseSpecificationImpl.validate(ResponseSpecificationImpl.groovy:86)
	at com.jayway.restassured.internal.ValidatableResponseOptionsImpl.specification(ValidatableResponseOptionsImpl.java:307)
	at com.jayway.restassured.internal.ValidatableResponseOptionsImpl.spec(ValidatableResponseOptionsImpl.java:288)
	at com.arcapi.Leedv4Testcases.HumanExperienceMeterUpdateAPITest.HumanExperienceMeterUpdateAPI(HumanExperienceMeterUpdateAPITest.java:103)
... Removed 32 stack frames</pre></div><a href='#' onClick='toggleBox("stack-trace489480245", this, "Click to show all stack frames", "Click to hide stack frames")'>Click to show all stack frames</a>
<div class='stack-trace' id='stack-trace489480245'><pre>java.lang.AssertionError: 1 expectation failed.
Expected status code &lt;200&gt; doesn&apos;t match actual status code &lt;400&gt;.

	at sun.reflect.NativeConstructorAccessorImpl.newInstance0(Native Method)
	at sun.reflect.NativeConstructorAccessorImpl.newInstance(Unknown Source)
	at sun.reflect.DelegatingConstructorAccessorImpl.newInstance(Unknown Source)
	at java.lang.reflect.Constructor.newInstance(Unknown Source)
	at org.codehaus.groovy.reflection.CachedConstructor.invoke(CachedConstructor.java:80)
	at org.codehaus.groovy.reflection.CachedConstructor.doConstructorInvoke(CachedConstructor.java:74)
	at org.codehaus.groovy.runtime.callsite.ConstructorSite$ConstructorSiteNoUnwrap.callConstructor(ConstructorSite.java:84)
	at org.codehaus.groovy.runtime.callsite.CallSiteArray.defaultCallConstructor(CallSiteArray.java:60)
	at org.codehaus.groovy.runtime.callsite.AbstractCallSite.callConstructor(AbstractCallSite.java:235)
	at org.codehaus.groovy.runtime.callsite.AbstractCallSite.callConstructor(AbstractCallSite.java:247)
	at com.jayway.restassured.internal.ResponseSpecificationImpl$HamcrestAssertionClosure.validate(ResponseSpecificationImpl.groovy:598)
	at com.jayway.restassured.internal.ResponseSpecificationImpl$HamcrestAssertionClosure$validate$1.call(Unknown Source)
	at com.jayway.restassured.internal.ResponseSpecificationImpl.validate(ResponseSpecificationImpl.groovy:86)
	at com.jayway.restassured.internal.ValidatableResponseOptionsImpl.specification(ValidatableResponseOptionsImpl.java:307)
	at com.jayway.restassured.internal.ValidatableResponseOptionsImpl.spec(ValidatableResponseOptionsImpl.java:288)
	at com.arcapi.Leedv4Testcases.HumanExperienceMeterUpdateAPITest.HumanExperienceMeterUpdateAPI(HumanExperienceMeterUpdateAPITest.java:103)
	at sun.reflect.NativeMethodAccessorImpl.invoke0(Native Method)
	at sun.reflect.NativeMethodAccessorImpl.invoke(Unknown Source)
	at sun.reflect.DelegatingMethodAccessorImpl.invoke(Unknown Source)
	at java.lang.reflect.Method.invoke(Unknown Source)
	at org.testng.internal.MethodInvocationHelper.invokeMethod(MethodInvocationHelper.java:124)
	at org.testng.internal.Invoker.invokeMethod(Invoker.java:571)
	at org.testng.internal.Invoker.invokeTestMethod(Invoker.java:707)
	at org.testng.internal.Invoker.invokeTestMethods(Invoker.java:979)
	at org.testng.internal.TestMethodWorker.invokeTestMethods(TestMethodWorker.java:125)
	at org.testng.internal.TestMethodWorker.run(TestMethodWorker.java:109)
	at org.testng.TestRunner.privateRun(TestRunner.java:648)
	at org.testng.TestRunner.run(TestRunner.java:505)
	at org.testng.SuiteRunner.runTest(SuiteRunner.java:455)
	at org.testng.SuiteRunner.runSequentially(SuiteRunner.java:450)
	at org.testng.SuiteRunner.privateRun(SuiteRunner.java:415)
	at org.testng.SuiteRunner.run(SuiteRunner.java:364)
	at org.testng.SuiteRunnerWorker.runSuite(SuiteRunnerWorker.java:52)
	at org.testng.SuiteRunnerWorker.run(SuiteRunnerWorker.java:84)
	at org.testng.TestNG.runSuitesSequentially(TestNG.java:1187)
	at org.testng.TestNG.runSuitesSequentially(TestNG.java:1183)
	at org.testng.TestNG.runSuitesLocally(TestNG.java:1116)
	at org.testng.TestNG.runSuites(TestNG.java:1028)
	at org.testng.TestNG.run(TestNG.java:996)
	at org.testng.remote.AbstractRemoteTestNG.run(AbstractRemoteTestNG.java:114)
	at org.testng.remote.RemoteTestNG.initAndRun(RemoteTestNG.java:251)
	at org.testng.remote.RemoteTestNG.main(RemoteTestNG.java:77)
</pre></div></td>
<td>20</td>
<td>com.arcapi.Leedv4Testcases.HumanExperienceMeterUpdateAPITest@3b94d659</td></tr>
<tr>
<td title='com.arcapi.Leedv4Testcases.MeterCommentDeleteGroup2APITest.MeterCommentDeleteGroup2API()'><b>MeterCommentDeleteGroup2API</b><br>Test class: com.arcapi.Leedv4Testcases.MeterCommentDeleteGroup2APITest<br>Parameters: LEEDONLINE, LeedIDEB, 2</td>
<td><div><pre>java.lang.AssertionError: 1 expectation failed.
Expected status code &lt;200&gt; doesn&apos;t match actual status code &lt;301&gt;.

	at org.codehaus.groovy.runtime.callsite.ConstructorSite$ConstructorSiteNoUnwrap.callConstructor(ConstructorSite.java:84)
	at org.codehaus.groovy.runtime.callsite.AbstractCallSite.callConstructor(AbstractCallSite.java:247)
	at com.jayway.restassured.internal.ResponseSpecificationImpl$HamcrestAssertionClosure.validate(ResponseSpecificationImpl.groovy:598)
	at com.jayway.restassured.internal.ResponseSpecificationImpl$HamcrestAssertionClosure$validate$1.call(Unknown Source)
	at com.jayway.restassured.internal.ResponseSpecificationImpl.validate(ResponseSpecificationImpl.groovy:86)
	at com.jayway.restassured.internal.ValidatableResponseOptionsImpl.specification(ValidatableResponseOptionsImpl.java:307)
	at com.jayway.restassured.internal.ValidatableResponseOptionsImpl.spec(ValidatableResponseOptionsImpl.java:288)
	at com.arcapi.Leedv4Testcases.MeterCommentDeleteGroup2APITest.MeterCommentDeleteGroup2API(MeterCommentDeleteGroup2APITest.java:67)
... Removed 32 stack frames</pre></div><a href='#' onClick='toggleBox("stack-trace856633414", this, "Click to show all stack frames", "Click to hide stack frames")'>Click to show all stack frames</a>
<div class='stack-trace' id='stack-trace856633414'><pre>java.lang.AssertionError: 1 expectation failed.
Expected status code &lt;200&gt; doesn&apos;t match actual status code &lt;301&gt;.

	at sun.reflect.NativeConstructorAccessorImpl.newInstance0(Native Method)
	at sun.reflect.NativeConstructorAccessorImpl.newInstance(Unknown Source)
	at sun.reflect.DelegatingConstructorAccessorImpl.newInstance(Unknown Source)
	at java.lang.reflect.Constructor.newInstance(Unknown Source)
	at org.codehaus.groovy.reflection.CachedConstructor.invoke(CachedConstructor.java:80)
	at org.codehaus.groovy.reflection.CachedConstructor.doConstructorInvoke(CachedConstructor.java:74)
	at org.codehaus.groovy.runtime.callsite.ConstructorSite$ConstructorSiteNoUnwrap.callConstructor(ConstructorSite.java:84)
	at org.codehaus.groovy.runtime.callsite.AbstractCallSite.callConstructor(AbstractCallSite.java:247)
	at com.jayway.restassured.internal.ResponseSpecificationImpl$HamcrestAssertionClosure.validate(ResponseSpecificationImpl.groovy:598)
	at com.jayway.restassured.internal.ResponseSpecificationImpl$HamcrestAssertionClosure$validate$1.call(Unknown Source)
	at com.jayway.restassured.internal.ResponseSpecificationImpl.validate(ResponseSpecificationImpl.groovy:86)
	at com.jayway.restassured.internal.ValidatableResponseOptionsImpl.specification(ValidatableResponseOptionsImpl.java:307)
	at com.jayway.restassured.internal.ValidatableResponseOptionsImpl.spec(ValidatableResponseOptionsImpl.java:288)
	at com.arcapi.Leedv4Testcases.MeterCommentDeleteGroup2APITest.MeterCommentDeleteGroup2API(MeterCommentDeleteGroup2APITest.java:67)
	at sun.reflect.NativeMethodAccessorImpl.invoke0(Native Method)
	at sun.reflect.NativeMethodAccessorImpl.invoke(Unknown Source)
	at sun.reflect.DelegatingMethodAccessorImpl.invoke(Unknown Source)
	at java.lang.reflect.Method.invoke(Unknown Source)
	at org.testng.internal.MethodInvocationHelper.invokeMethod(MethodInvocationHelper.java:124)
	at org.testng.internal.Invoker.invokeMethod(Invoker.java:571)
	at org.testng.internal.Invoker.invokeTestMethod(Invoker.java:707)
	at org.testng.internal.Invoker.invokeTestMethods(Invoker.java:979)
	at org.testng.internal.TestMethodWorker.invokeTestMethods(TestMethodWorker.java:125)
	at org.testng.internal.TestMethodWorker.run(TestMethodWorker.java:109)
	at org.testng.TestRunner.privateRun(TestRunner.java:648)
	at org.testng.TestRunner.run(TestRunner.java:505)
	at org.testng.SuiteRunner.runTest(SuiteRunner.java:455)
	at org.testng.SuiteRunner.runSequentially(SuiteRunner.java:450)
	at org.testng.SuiteRunner.privateRun(SuiteRunner.java:415)
	at org.testng.SuiteRunner.run(SuiteRunner.java:364)
	at org.testng.SuiteRunnerWorker.runSuite(SuiteRunnerWorker.java:52)
	at org.testng.SuiteRunnerWorker.run(SuiteRunnerWorker.java:84)
	at org.testng.TestNG.runSuitesSequentially(TestNG.java:1187)
	at org.testng.TestNG.runSuitesSequentially(TestNG.java:1183)
	at org.testng.TestNG.runSuitesLocally(TestNG.java:1116)
	at org.testng.TestNG.runSuites(TestNG.java:1028)
	at org.testng.TestNG.run(TestNG.java:996)
	at org.testng.remote.AbstractRemoteTestNG.run(AbstractRemoteTestNG.java:114)
	at org.testng.remote.RemoteTestNG.initAndRun(RemoteTestNG.java:251)
	at org.testng.remote.RemoteTestNG.main(RemoteTestNG.java:77)
</pre></div></td>
<td>10</td>
<td>com.arcapi.Leedv4Testcases.MeterCommentDeleteGroup2APITest@587c290d</td></tr>
<tr>
<td title='com.arcapi.Leedv4Testcases.VerifyActivityEnergyDataInputAPITest.VerifyActivityEnergyDataInputAPI()'><b>VerifyActivityEnergyDataInputAPI</b><br>Test class: com.arcapi.Leedv4Testcases.VerifyActivityEnergyDataInputAPITest<br>Parameters: LEEDONLINE, LeedIDEB, 2</td>
<td><div><pre>java.lang.AssertionError: Activity log is not correct expected [true] but found [false]
	at com.arcapi.Leedv4Testcases.VerifyActivityEnergyDataInputAPITest.VerifyActivityEnergyDataInputAPI(VerifyActivityEnergyDataInputAPITest.java:66)
... Removed 29 stack frames</pre></div><a href='#' onClick='toggleBox("stack-trace1926286281", this, "Click to show all stack frames", "Click to hide stack frames")'>Click to show all stack frames</a>
<div class='stack-trace' id='stack-trace1926286281'><pre>java.lang.AssertionError: Activity log is not correct expected [true] but found [false]
	at org.testng.Assert.fail(Assert.java:96)
	at org.testng.Assert.failNotEquals(Assert.java:776)
	at org.testng.Assert.assertTrue(Assert.java:44)
	at com.arcapi.Leedv4Testcases.VerifyActivityEnergyDataInputAPITest.VerifyActivityEnergyDataInputAPI(VerifyActivityEnergyDataInputAPITest.java:66)
	at sun.reflect.NativeMethodAccessorImpl.invoke0(Native Method)
	at sun.reflect.NativeMethodAccessorImpl.invoke(Unknown Source)
	at sun.reflect.DelegatingMethodAccessorImpl.invoke(Unknown Source)
	at java.lang.reflect.Method.invoke(Unknown Source)
	at org.testng.internal.MethodInvocationHelper.invokeMethod(MethodInvocationHelper.java:124)
	at org.testng.internal.Invoker.invokeMethod(Invoker.java:571)
	at org.testng.internal.Invoker.invokeTestMethod(Invoker.java:707)
	at org.testng.internal.Invoker.invokeTestMethods(Invoker.java:979)
	at org.testng.internal.TestMethodWorker.invokeTestMethods(TestMethodWorker.java:125)
	at org.testng.internal.TestMethodWorker.run(TestMethodWorker.java:109)
	at org.testng.TestRunner.privateRun(TestRunner.java:648)
	at org.testng.TestRunner.run(TestRunner.java:505)
	at org.testng.SuiteRunner.runTest(SuiteRunner.java:455)
	at org.testng.SuiteRunner.runSequentially(SuiteRunner.java:450)
	at org.testng.SuiteRunner.privateRun(SuiteRunner.java:415)
	at org.testng.SuiteRunner.run(SuiteRunner.java:364)
	at org.testng.SuiteRunnerWorker.runSuite(SuiteRunnerWorker.java:52)
	at org.testng.SuiteRunnerWorker.run(SuiteRunnerWorker.java:84)
	at org.testng.TestNG.runSuitesSequentially(TestNG.java:1187)
	at org.testng.TestNG.runSuitesSequentially(TestNG.java:1183)
	at org.testng.TestNG.runSuitesLocally(TestNG.java:1116)
	at org.testng.TestNG.runSuites(TestNG.java:1028)
	at org.testng.TestNG.run(TestNG.java:996)
	at org.testng.remote.AbstractRemoteTestNG.run(AbstractRemoteTestNG.java:114)
	at org.testng.remote.RemoteTestNG.initAndRun(RemoteTestNG.java:251)
	at org.testng.remote.RemoteTestNG.main(RemoteTestNG.java:77)
</pre></div></td>
<td>22</td>
<td>com.arcapi.Leedv4Testcases.VerifyActivityEnergyDataInputAPITest@61ca2dfa</td></tr>
<tr>
<td title='com.arcapi.Leedv4Testcases.VerifyActivityHEMeterDataInputAPITest.VerifyActivityHEMeterDataInputAPI()'><b>VerifyActivityHEMeterDataInputAPI</b><br>Test class: com.arcapi.Leedv4Testcases.VerifyActivityHEMeterDataInputAPITest<br>Parameters: LEEDONLINE, LeedIDEB, 2</td>
<td><div><pre>java.lang.AssertionError: Activity log is not correct expected [true] but found [false]
	at com.arcapi.Leedv4Testcases.VerifyActivityHEMeterDataInputAPITest.VerifyActivityHEMeterDataInputAPI(VerifyActivityHEMeterDataInputAPITest.java:66)
... Removed 29 stack frames</pre></div><a href='#' onClick='toggleBox("stack-trace2012037547", this, "Click to show all stack frames", "Click to hide stack frames")'>Click to show all stack frames</a>
<div class='stack-trace' id='stack-trace2012037547'><pre>java.lang.AssertionError: Activity log is not correct expected [true] but found [false]
	at org.testng.Assert.fail(Assert.java:96)
	at org.testng.Assert.failNotEquals(Assert.java:776)
	at org.testng.Assert.assertTrue(Assert.java:44)
	at com.arcapi.Leedv4Testcases.VerifyActivityHEMeterDataInputAPITest.VerifyActivityHEMeterDataInputAPI(VerifyActivityHEMeterDataInputAPITest.java:66)
	at sun.reflect.NativeMethodAccessorImpl.invoke0(Native Method)
	at sun.reflect.NativeMethodAccessorImpl.invoke(Unknown Source)
	at sun.reflect.DelegatingMethodAccessorImpl.invoke(Unknown Source)
	at java.lang.reflect.Method.invoke(Unknown Source)
	at org.testng.internal.MethodInvocationHelper.invokeMethod(MethodInvocationHelper.java:124)
	at org.testng.internal.Invoker.invokeMethod(Invoker.java:571)
	at org.testng.internal.Invoker.invokeTestMethod(Invoker.java:707)
	at org.testng.internal.Invoker.invokeTestMethods(Invoker.java:979)
	at org.testng.internal.TestMethodWorker.invokeTestMethods(TestMethodWorker.java:125)
	at org.testng.internal.TestMethodWorker.run(TestMethodWorker.java:109)
	at org.testng.TestRunner.privateRun(TestRunner.java:648)
	at org.testng.TestRunner.run(TestRunner.java:505)
	at org.testng.SuiteRunner.runTest(SuiteRunner.java:455)
	at org.testng.SuiteRunner.runSequentially(SuiteRunner.java:450)
	at org.testng.SuiteRunner.privateRun(SuiteRunner.java:415)
	at org.testng.SuiteRunner.run(SuiteRunner.java:364)
	at org.testng.SuiteRunnerWorker.runSuite(SuiteRunnerWorker.java:52)
	at org.testng.SuiteRunnerWorker.run(SuiteRunnerWorker.java:84)
	at org.testng.TestNG.runSuitesSequentially(TestNG.java:1187)
	at org.testng.TestNG.runSuitesSequentially(TestNG.java:1183)
	at org.testng.TestNG.runSuitesLocally(TestNG.java:1116)
	at org.testng.TestNG.runSuites(TestNG.java:1028)
	at org.testng.TestNG.run(TestNG.java:996)
	at org.testng.remote.AbstractRemoteTestNG.run(AbstractRemoteTestNG.java:114)
	at org.testng.remote.RemoteTestNG.initAndRun(RemoteTestNG.java:251)
	at org.testng.remote.RemoteTestNG.main(RemoteTestNG.java:77)
</pre></div></td>
<td>34</td>
<td>com.arcapi.Leedv4Testcases.VerifyActivityHEMeterDataInputAPITest@4bb4de6a</td></tr>
<tr>
<td title='com.arcapi.Leedv4Testcases.VerifyActivityWasteDataInputAPITest.VerifyActivityWasteDataInputAPI()'><b>VerifyActivityWasteDataInputAPI</b><br>Test class: com.arcapi.Leedv4Testcases.VerifyActivityWasteDataInputAPITest<br>Parameters: LEEDONLINE, LeedIDEB, 2</td>
<td><div><pre>java.lang.AssertionError: Activity log is not correct expected [true] but found [false]
	at com.arcapi.Leedv4Testcases.VerifyActivityWasteDataInputAPITest.VerifyActivityWasteDataInputAPI(VerifyActivityWasteDataInputAPITest.java:68)
... Removed 29 stack frames</pre></div><a href='#' onClick='toggleBox("stack-trace333354256", this, "Click to show all stack frames", "Click to hide stack frames")'>Click to show all stack frames</a>
<div class='stack-trace' id='stack-trace333354256'><pre>java.lang.AssertionError: Activity log is not correct expected [true] but found [false]
	at org.testng.Assert.fail(Assert.java:96)
	at org.testng.Assert.failNotEquals(Assert.java:776)
	at org.testng.Assert.assertTrue(Assert.java:44)
	at com.arcapi.Leedv4Testcases.VerifyActivityWasteDataInputAPITest.VerifyActivityWasteDataInputAPI(VerifyActivityWasteDataInputAPITest.java:68)
	at sun.reflect.NativeMethodAccessorImpl.invoke0(Native Method)
	at sun.reflect.NativeMethodAccessorImpl.invoke(Unknown Source)
	at sun.reflect.DelegatingMethodAccessorImpl.invoke(Unknown Source)
	at java.lang.reflect.Method.invoke(Unknown Source)
	at org.testng.internal.MethodInvocationHelper.invokeMethod(MethodInvocationHelper.java:124)
	at org.testng.internal.Invoker.invokeMethod(Invoker.java:571)
	at org.testng.internal.Invoker.invokeTestMethod(Invoker.java:707)
	at org.testng.internal.Invoker.invokeTestMethods(Invoker.java:979)
	at org.testng.internal.TestMethodWorker.invokeTestMethods(TestMethodWorker.java:125)
	at org.testng.internal.TestMethodWorker.run(TestMethodWorker.java:109)
	at org.testng.TestRunner.privateRun(TestRunner.java:648)
	at org.testng.TestRunner.run(TestRunner.java:505)
	at org.testng.SuiteRunner.runTest(SuiteRunner.java:455)
	at org.testng.SuiteRunner.runSequentially(SuiteRunner.java:450)
	at org.testng.SuiteRunner.privateRun(SuiteRunner.java:415)
	at org.testng.SuiteRunner.run(SuiteRunner.java:364)
	at org.testng.SuiteRunnerWorker.runSuite(SuiteRunnerWorker.java:52)
	at org.testng.SuiteRunnerWorker.run(SuiteRunnerWorker.java:84)
	at org.testng.TestNG.runSuitesSequentially(TestNG.java:1187)
	at org.testng.TestNG.runSuitesSequentially(TestNG.java:1183)
	at org.testng.TestNG.runSuitesLocally(TestNG.java:1116)
	at org.testng.TestNG.runSuites(TestNG.java:1028)
	at org.testng.TestNG.run(TestNG.java:996)
	at org.testng.remote.AbstractRemoteTestNG.run(AbstractRemoteTestNG.java:114)
	at org.testng.remote.RemoteTestNG.initAndRun(RemoteTestNG.java:251)
	at org.testng.remote.RemoteTestNG.main(RemoteTestNG.java:77)
</pre></div></td>
<td>29</td>
<td>com.arcapi.Leedv4Testcases.VerifyActivityWasteDataInputAPITest@134593bf</td></tr>
<tr>
<td title='com.arcapi.Leedv4Testcases.VerifyActivityWaterDataInputAPITest.VerifyActivityWaterDataInputAPI()'><b>VerifyActivityWaterDataInputAPI</b><br>Test class: com.arcapi.Leedv4Testcases.VerifyActivityWaterDataInputAPITest<br>Parameters: LEEDONLINE, LeedIDEB, 2</td>
<td><div><pre>java.lang.AssertionError: Activity log is not correct expected [true] but found [false]
	at com.arcapi.Leedv4Testcases.VerifyActivityWaterDataInputAPITest.VerifyActivityWaterDataInputAPI(VerifyActivityWaterDataInputAPITest.java:65)
... Removed 29 stack frames</pre></div><a href='#' onClick='toggleBox("stack-trace1385636965", this, "Click to show all stack frames", "Click to hide stack frames")'>Click to show all stack frames</a>
<div class='stack-trace' id='stack-trace1385636965'><pre>java.lang.AssertionError: Activity log is not correct expected [true] but found [false]
	at org.testng.Assert.fail(Assert.java:96)
	at org.testng.Assert.failNotEquals(Assert.java:776)
	at org.testng.Assert.assertTrue(Assert.java:44)
	at com.arcapi.Leedv4Testcases.VerifyActivityWaterDataInputAPITest.VerifyActivityWaterDataInputAPI(VerifyActivityWaterDataInputAPITest.java:65)
	at sun.reflect.NativeMethodAccessorImpl.invoke0(Native Method)
	at sun.reflect.NativeMethodAccessorImpl.invoke(Unknown Source)
	at sun.reflect.DelegatingMethodAccessorImpl.invoke(Unknown Source)
	at java.lang.reflect.Method.invoke(Unknown Source)
	at org.testng.internal.MethodInvocationHelper.invokeMethod(MethodInvocationHelper.java:124)
	at org.testng.internal.Invoker.invokeMethod(Invoker.java:571)
	at org.testng.internal.Invoker.invokeTestMethod(Invoker.java:707)
	at org.testng.internal.Invoker.invokeTestMethods(Invoker.java:979)
	at org.testng.internal.TestMethodWorker.invokeTestMethods(TestMethodWorker.java:125)
	at org.testng.internal.TestMethodWorker.run(TestMethodWorker.java:109)
	at org.testng.TestRunner.privateRun(TestRunner.java:648)
	at org.testng.TestRunner.run(TestRunner.java:505)
	at org.testng.SuiteRunner.runTest(SuiteRunner.java:455)
	at org.testng.SuiteRunner.runSequentially(SuiteRunner.java:450)
	at org.testng.SuiteRunner.privateRun(SuiteRunner.java:415)
	at org.testng.SuiteRunner.run(SuiteRunner.java:364)
	at org.testng.SuiteRunnerWorker.runSuite(SuiteRunnerWorker.java:52)
	at org.testng.SuiteRunnerWorker.run(SuiteRunnerWorker.java:84)
	at org.testng.TestNG.runSuitesSequentially(TestNG.java:1187)
	at org.testng.TestNG.runSuitesSequentially(TestNG.java:1183)
	at org.testng.TestNG.runSuitesLocally(TestNG.java:1116)
	at org.testng.TestNG.runSuites(TestNG.java:1028)
	at org.testng.TestNG.run(TestNG.java:996)
	at org.testng.remote.AbstractRemoteTestNG.run(AbstractRemoteTestNG.java:114)
	at org.testng.remote.RemoteTestNG.initAndRun(RemoteTestNG.java:251)
	at org.testng.remote.RemoteTestNG.main(RemoteTestNG.java:77)
</pre></div></td>
<td>29</td>
<td>com.arcapi.Leedv4Testcases.VerifyActivityWaterDataInputAPITest@4b53f538</td></tr>
<tr>
<td title='com.arcapi.Leedv4Testcases.VerifyAdminRemoveAPITest.VerifyAdminRemoveAPI()'><b>VerifyAdminRemoveAPI</b><br>Test class: com.arcapi.Leedv4Testcases.VerifyAdminRemoveAPITest</td>
<td><div><pre>org.testng.TestNGException: 
Parameter &apos;ProjectTypeColumn&apos; is required by @Test on method VerifyAdminRemoveAPI but has not been marked @Optional or defined
in D:\leed\leedperformance\AutomationTesting\TestArcAPI\src\main\resources\TestNGFiles\CustomExecutionTestNG.xml
... Removed 25 stack frames</pre></div><a href='#' onClick='toggleBox("stack-trace51794747", this, "Click to show all stack frames", "Click to hide stack frames")'>Click to show all stack frames</a>
<div class='stack-trace' id='stack-trace51794747'><pre>org.testng.TestNGException: 
Parameter &apos;ProjectTypeColumn&apos; is required by @Test on method VerifyAdminRemoveAPI but has not been marked @Optional or defined
in D:\leed\leedperformance\AutomationTesting\TestArcAPI\src\main\resources\TestNGFiles\CustomExecutionTestNG.xml
	at org.testng.internal.Parameters.createParams(Parameters.java:290)
	at org.testng.internal.Parameters.createParametersForMethod(Parameters.java:359)
	at org.testng.internal.Parameters.createParameters(Parameters.java:620)
	at org.testng.internal.Parameters.handleParameters(Parameters.java:769)
	at org.testng.internal.ParameterHandler.handleParameters(ParameterHandler.java:49)
	at org.testng.internal.ParameterHandler.createParameters(ParameterHandler.java:37)
	at org.testng.internal.Invoker.invokeTestMethods(Invoker.java:914)
	at org.testng.internal.TestMethodWorker.invokeTestMethods(TestMethodWorker.java:125)
	at org.testng.internal.TestMethodWorker.run(TestMethodWorker.java:109)
	at org.testng.TestRunner.privateRun(TestRunner.java:648)
	at org.testng.TestRunner.run(TestRunner.java:505)
	at org.testng.SuiteRunner.runTest(SuiteRunner.java:455)
	at org.testng.SuiteRunner.runSequentially(SuiteRunner.java:450)
	at org.testng.SuiteRunner.privateRun(SuiteRunner.java:415)
	at org.testng.SuiteRunner.run(SuiteRunner.java:364)
	at org.testng.SuiteRunnerWorker.runSuite(SuiteRunnerWorker.java:52)
	at org.testng.SuiteRunnerWorker.run(SuiteRunnerWorker.java:84)
	at org.testng.TestNG.runSuitesSequentially(TestNG.java:1187)
	at org.testng.TestNG.runSuitesSequentially(TestNG.java:1183)
	at org.testng.TestNG.runSuitesLocally(TestNG.java:1116)
	at org.testng.TestNG.runSuites(TestNG.java:1028)
	at org.testng.TestNG.run(TestNG.java:996)
	at org.testng.remote.AbstractRemoteTestNG.run(AbstractRemoteTestNG.java:114)
	at org.testng.remote.RemoteTestNG.initAndRun(RemoteTestNG.java:251)
	at org.testng.remote.RemoteTestNG.main(RemoteTestNG.java:77)
</pre></div></td>
<td>0</td>
<td>com.arcapi.Leedv4Testcases.VerifyAdminRemoveAPITest@15b3e5b</td></tr>
<tr>
<td title='com.arcapi.Leedv4Testcases.VerifyAppsListAPITest.VerifyAppsListAPI()'><b>VerifyAppsListAPI</b><br>Test class: com.arcapi.Leedv4Testcases.VerifyAppsListAPITest<br>Parameters: LEEDONLINE, LeedIDEB, 2</td>
<td><div><pre>java.lang.AssertionError: expected [[Energy Star Portfolio Manager, Dropbox, OneDrive, Google Drive]] but found [[Google Drive, OneDrive, Dropbox, Energy Star Portfolio Manager]]
	at com.arcapi.Leedv4Testcases.VerifyAppsListAPITest.VerifyAppsListAPI(VerifyAppsListAPITest.java:57)
... Removed 32 stack frames</pre></div><a href='#' onClick='toggleBox("stack-trace1203142316", this, "Click to show all stack frames", "Click to hide stack frames")'>Click to show all stack frames</a>
<div class='stack-trace' id='stack-trace1203142316'><pre>java.lang.AssertionError: expected [[Energy Star Portfolio Manager, Dropbox, OneDrive, Google Drive]] but found [[Google Drive, OneDrive, Dropbox, Energy Star Portfolio Manager]]
	at org.testng.Assert.fail(Assert.java:96)
	at org.testng.Assert.failNotEquals(Assert.java:776)
	at org.testng.Assert.assertEqualsImpl(Assert.java:137)
	at org.testng.Assert.assertEquals(Assert.java:118)
	at org.testng.Assert.assertEquals(Assert.java:453)
	at org.testng.Assert.assertEquals(Assert.java:463)
	at com.arcapi.Leedv4Testcases.VerifyAppsListAPITest.VerifyAppsListAPI(VerifyAppsListAPITest.java:57)
	at sun.reflect.NativeMethodAccessorImpl.invoke0(Native Method)
	at sun.reflect.NativeMethodAccessorImpl.invoke(Unknown Source)
	at sun.reflect.DelegatingMethodAccessorImpl.invoke(Unknown Source)
	at java.lang.reflect.Method.invoke(Unknown Source)
	at org.testng.internal.MethodInvocationHelper.invokeMethod(MethodInvocationHelper.java:124)
	at org.testng.internal.Invoker.invokeMethod(Invoker.java:571)
	at org.testng.internal.Invoker.invokeTestMethod(Invoker.java:707)
	at org.testng.internal.Invoker.invokeTestMethods(Invoker.java:979)
	at org.testng.internal.TestMethodWorker.invokeTestMethods(TestMethodWorker.java:125)
	at org.testng.internal.TestMethodWorker.run(TestMethodWorker.java:109)
	at org.testng.TestRunner.privateRun(TestRunner.java:648)
	at org.testng.TestRunner.run(TestRunner.java:505)
	at org.testng.SuiteRunner.runTest(SuiteRunner.java:455)
	at org.testng.SuiteRunner.runSequentially(SuiteRunner.java:450)
	at org.testng.SuiteRunner.privateRun(SuiteRunner.java:415)
	at org.testng.SuiteRunner.run(SuiteRunner.java:364)
	at org.testng.SuiteRunnerWorker.runSuite(SuiteRunnerWorker.java:52)
	at org.testng.SuiteRunnerWorker.run(SuiteRunnerWorker.java:84)
	at org.testng.TestNG.runSuitesSequentially(TestNG.java:1187)
	at org.testng.TestNG.runSuitesSequentially(TestNG.java:1183)
	at org.testng.TestNG.runSuitesLocally(TestNG.java:1116)
	at org.testng.TestNG.runSuites(TestNG.java:1028)
	at org.testng.TestNG.run(TestNG.java:996)
	at org.testng.remote.AbstractRemoteTestNG.run(AbstractRemoteTestNG.java:114)
	at org.testng.remote.RemoteTestNG.initAndRun(RemoteTestNG.java:251)
	at org.testng.remote.RemoteTestNG.main(RemoteTestNG.java:77)
</pre></div></td>
<td>32</td>
<td>com.arcapi.Leedv4Testcases.VerifyAppsListAPITest@5a4041cc</td></tr>
<tr>
<td title='com.arcapi.Leedv4Testcases.VerifyExcelTemplateConsumptionAPITest.VerifyExcelTemplateConsumptionAPI()'><b>VerifyExcelTemplateConsumptionAPI</b><br>Test class: com.arcapi.Leedv4Testcases.VerifyExcelTemplateConsumptionAPITest<br>Parameters: LEEDONLINE, LeedIDEB, 2</td>
<td><div><pre>java.lang.AssertionError: expected [200] but found [100]
	at com.arcapi.Leedv4Testcases.VerifyExcelTemplateConsumptionAPITest.VerifyExcelTemplateConsumptionAPI(VerifyExcelTemplateConsumptionAPITest.java:82)
... Removed 32 stack frames</pre></div><a href='#' onClick='toggleBox("stack-trace1215618930", this, "Click to show all stack frames", "Click to hide stack frames")'>Click to show all stack frames</a>
<div class='stack-trace' id='stack-trace1215618930'><pre>java.lang.AssertionError: expected [200] but found [100]
	at org.testng.Assert.fail(Assert.java:96)
	at org.testng.Assert.failNotEquals(Assert.java:776)
	at org.testng.Assert.assertEqualsImpl(Assert.java:137)
	at org.testng.Assert.assertEquals(Assert.java:118)
	at org.testng.Assert.assertEquals(Assert.java:453)
	at org.testng.Assert.assertEquals(Assert.java:463)
	at com.arcapi.Leedv4Testcases.VerifyExcelTemplateConsumptionAPITest.VerifyExcelTemplateConsumptionAPI(VerifyExcelTemplateConsumptionAPITest.java:82)
	at sun.reflect.NativeMethodAccessorImpl.invoke0(Native Method)
	at sun.reflect.NativeMethodAccessorImpl.invoke(Unknown Source)
	at sun.reflect.DelegatingMethodAccessorImpl.invoke(Unknown Source)
	at java.lang.reflect.Method.invoke(Unknown Source)
	at org.testng.internal.MethodInvocationHelper.invokeMethod(MethodInvocationHelper.java:124)
	at org.testng.internal.Invoker.invokeMethod(Invoker.java:571)
	at org.testng.internal.Invoker.invokeTestMethod(Invoker.java:707)
	at org.testng.internal.Invoker.invokeTestMethods(Invoker.java:979)
	at org.testng.internal.TestMethodWorker.invokeTestMethods(TestMethodWorker.java:125)
	at org.testng.internal.TestMethodWorker.run(TestMethodWorker.java:109)
	at org.testng.TestRunner.privateRun(TestRunner.java:648)
	at org.testng.TestRunner.run(TestRunner.java:505)
	at org.testng.SuiteRunner.runTest(SuiteRunner.java:455)
	at org.testng.SuiteRunner.runSequentially(SuiteRunner.java:450)
	at org.testng.SuiteRunner.privateRun(SuiteRunner.java:415)
	at org.testng.SuiteRunner.run(SuiteRunner.java:364)
	at org.testng.SuiteRunnerWorker.runSuite(SuiteRunnerWorker.java:52)
	at org.testng.SuiteRunnerWorker.run(SuiteRunnerWorker.java:84)
	at org.testng.TestNG.runSuitesSequentially(TestNG.java:1187)
	at org.testng.TestNG.runSuitesSequentially(TestNG.java:1183)
	at org.testng.TestNG.runSuitesLocally(TestNG.java:1116)
	at org.testng.TestNG.runSuites(TestNG.java:1028)
	at org.testng.TestNG.run(TestNG.java:996)
	at org.testng.remote.AbstractRemoteTestNG.run(AbstractRemoteTestNG.java:114)
	at org.testng.remote.RemoteTestNG.initAndRun(RemoteTestNG.java:251)
	at org.testng.remote.RemoteTestNG.main(RemoteTestNG.java:77)
</pre></div></td>
<td>29</td>
<td>com.arcapi.Leedv4Testcases.VerifyExcelTemplateConsumptionAPITest@2f8f5f62</td></tr>
<tr>
<td title='com.arcapi.Leedv4Testcases.VerifyWasteDataExcelAPITest.VerifyWasteDataExcelAPI()'><b>VerifyWasteDataExcelAPI</b><br>Test class: com.arcapi.Leedv4Testcases.VerifyWasteDataExcelAPITest<br>Parameters: LEEDONLINE, LeedIDEB, 2</td>
<td><div><pre>java.lang.AssertionError: expected [200] but found [222]
	at com.arcapi.Leedv4Testcases.VerifyWasteDataExcelAPITest.VerifyWasteDataExcelAPI(VerifyWasteDataExcelAPITest.java:58)
... Removed 32 stack frames</pre></div><a href='#' onClick='toggleBox("stack-trace817385267", this, "Click to show all stack frames", "Click to hide stack frames")'>Click to show all stack frames</a>
<div class='stack-trace' id='stack-trace817385267'><pre>java.lang.AssertionError: expected [200] but found [222]
	at org.testng.Assert.fail(Assert.java:96)
	at org.testng.Assert.failNotEquals(Assert.java:776)
	at org.testng.Assert.assertEqualsImpl(Assert.java:137)
	at org.testng.Assert.assertEquals(Assert.java:118)
	at org.testng.Assert.assertEquals(Assert.java:453)
	at org.testng.Assert.assertEquals(Assert.java:463)
	at com.arcapi.Leedv4Testcases.VerifyWasteDataExcelAPITest.VerifyWasteDataExcelAPI(VerifyWasteDataExcelAPITest.java:58)
	at sun.reflect.NativeMethodAccessorImpl.invoke0(Native Method)
	at sun.reflect.NativeMethodAccessorImpl.invoke(Unknown Source)
	at sun.reflect.DelegatingMethodAccessorImpl.invoke(Unknown Source)
	at java.lang.reflect.Method.invoke(Unknown Source)
	at org.testng.internal.MethodInvocationHelper.invokeMethod(MethodInvocationHelper.java:124)
	at org.testng.internal.Invoker.invokeMethod(Invoker.java:571)
	at org.testng.internal.Invoker.invokeTestMethod(Invoker.java:707)
	at org.testng.internal.Invoker.invokeTestMethods(Invoker.java:979)
	at org.testng.internal.TestMethodWorker.invokeTestMethods(TestMethodWorker.java:125)
	at org.testng.internal.TestMethodWorker.run(TestMethodWorker.java:109)
	at org.testng.TestRunner.privateRun(TestRunner.java:648)
	at org.testng.TestRunner.run(TestRunner.java:505)
	at org.testng.SuiteRunner.runTest(SuiteRunner.java:455)
	at org.testng.SuiteRunner.runSequentially(SuiteRunner.java:450)
	at org.testng.SuiteRunner.privateRun(SuiteRunner.java:415)
	at org.testng.SuiteRunner.run(SuiteRunner.java:364)
	at org.testng.SuiteRunnerWorker.runSuite(SuiteRunnerWorker.java:52)
	at org.testng.SuiteRunnerWorker.run(SuiteRunnerWorker.java:84)
	at org.testng.TestNG.runSuitesSequentially(TestNG.java:1187)
	at org.testng.TestNG.runSuitesSequentially(TestNG.java:1183)
	at org.testng.TestNG.runSuitesLocally(TestNG.java:1116)
	at org.testng.TestNG.runSuites(TestNG.java:1028)
	at org.testng.TestNG.run(TestNG.java:996)
	at org.testng.remote.AbstractRemoteTestNG.run(AbstractRemoteTestNG.java:114)
	at org.testng.remote.RemoteTestNG.initAndRun(RemoteTestNG.java:251)
	at org.testng.remote.RemoteTestNG.main(RemoteTestNG.java:77)
</pre></div></td>
<td>22</td>
<td>com.arcapi.Leedv4Testcases.VerifyWasteDataExcelAPITest@1068e947</td></tr>
</table><p>
<table width='100%' border='1' class='invocation-passed'>
<tr><td colspan='4' align='center'><b>PASSED TESTS</b></td></tr>
<tr><td><b>Test method</b></td>
<td width="30%"><b>Exception</b></td>
<td width="10%"><b>Time (seconds)</b></td>
<td><b>Instance</b></td>
</tr>
<tr>
<td title='com.arcapi.Leedv4Testcases.AssetDetailAPITest.AssetDetailAPI()'><b>AssetDetailAPI</b><br>Test class: com.arcapi.Leedv4Testcases.AssetDetailAPITest<br>Parameters: LEEDONLINE, LeedIDEB, 2</td>
<td></td>
<td>18</td>
<td>com.arcapi.Leedv4Testcases.AssetDetailAPITest@4516af24</td></tr>
<tr>
<td title='com.arcapi.Leedv4Testcases.AssetUpdateforNewAssetPUTAPITest.AssetUpdateforNewAssetPUTAPI()'><b>AssetUpdateforNewAssetPUTAPI</b><br>Test class: com.arcapi.Leedv4Testcases.AssetUpdateforNewAssetPUTAPITest<br>Parameters: LEEDONLINE, LeedIDEB, 2</td>
<td></td>
<td>17</td>
<td>com.arcapi.Leedv4Testcases.AssetUpdateforNewAssetPUTAPITest@376b4233</td></tr>
<tr>
<td title='com.arcapi.Leedv4Testcases.DeleteAllAppsAPITest.DeleteAllAppsAPI()'><b>DeleteAllAppsAPI</b><br>Test class: com.arcapi.Leedv4Testcases.DeleteAllAppsAPITest<br>Parameters: LEEDONLINE, LeedIDEB, 2</td>
<td></td>
<td>20</td>
<td>com.arcapi.Leedv4Testcases.DeleteAllAppsAPITest@71623278</td></tr>
<tr>
<td title='com.arcapi.Leedv4Testcases.ExcelUploadTemplatePOSTAPITest.ExcelUploadTemplatePOSTAPI()'><b>ExcelUploadTemplatePOSTAPI</b><br>Test class: com.arcapi.Leedv4Testcases.ExcelUploadTemplatePOSTAPITest<br>Parameters: LEEDONLINE, LeedIDEB, 2</td>
<td></td>
<td>23</td>
<td>com.arcapi.Leedv4Testcases.ExcelUploadTemplatePOSTAPITest@6d3af739</td></tr>
<tr>
<td title='com.arcapi.Leedv4Testcases.FetchingAgreementDetailsAPITest.FetchingAgreementDetailsAPI()'><b>FetchingAgreementDetailsAPI</b><br>Test class: com.arcapi.Leedv4Testcases.FetchingAgreementDetailsAPITest<br>Parameters: LEEDONLINE, LeedIDEB, 2</td>
<td></td>
<td>17</td>
<td>com.arcapi.Leedv4Testcases.FetchingAgreementDetailsAPITest@17211155</td></tr>
<tr>
<td title='com.arcapi.Leedv4Testcases.HumanExperienceConsumptionCreateAPITest.HumanExperienceConsumptionCreateAPI()'><b>HumanExperienceConsumptionCreateAPI</b><br>Test class: com.arcapi.Leedv4Testcases.HumanExperienceConsumptionCreateAPITest<br>Parameters: LEEDONLINE, LeedIDEB, 2</td>
<td></td>
<td>39</td>
<td>com.arcapi.Leedv4Testcases.HumanExperienceConsumptionCreateAPITest@10d59286</td></tr>
<tr>
<td title='com.arcapi.Leedv4Testcases.HEConsumptionCreateAfterDeleteTest.HumanExperienceConsumptionCreateAPI()'><b>HumanExperienceConsumptionCreateAPI</b><br>Test class: com.arcapi.Leedv4Testcases.HEConsumptionCreateAfterDeleteTest<br>Parameters: LEEDONLINE, LeedIDEB, 2</td>
<td></td>
<td>43</td>
<td>com.arcapi.Leedv4Testcases.HEConsumptionCreateAfterDeleteTest@5123a213</td></tr>
<tr>
<td title='com.arcapi.Leedv4Testcases.HumanExperienceConsumptionDeleteAPITest.HumanExperienceConsumptionDeleteAPI()'><b>HumanExperienceConsumptionDeleteAPI</b><br>Test class: com.arcapi.Leedv4Testcases.HumanExperienceConsumptionDeleteAPITest<br>Parameters: LEEDONLINE, LeedIDEB, 2</td>
<td></td>
<td>35</td>
<td>com.arcapi.Leedv4Testcases.HumanExperienceConsumptionDeleteAPITest@6dde5c8c</td></tr>
<tr>
<td title='com.arcapi.Leedv4Testcases.HumanExperienceConsumptionUpdateAPITest.HumanExperienceConsumptionUpdateAPI()'><b>HumanExperienceConsumptionUpdateAPI</b><br>Test class: com.arcapi.Leedv4Testcases.HumanExperienceConsumptionUpdateAPITest<br>Parameters: LEEDONLINE, LeedIDEB, 2</td>
<td></td>
<td>33</td>
<td>com.arcapi.Leedv4Testcases.HumanExperienceConsumptionUpdateAPITest@fe18270</td></tr>
<tr>
<td title='com.arcapi.Leedv4Testcases.HumanExperienceMeterDeleteAPITest.HumanExperienceMeterDeleteAPI()'><b>HumanExperienceMeterDeleteAPI</b><br>Test class: com.arcapi.Leedv4Testcases.HumanExperienceMeterDeleteAPITest<br>Parameters: LEEDONLINE, LeedIDEB, 2</td>
<td></td>
<td>35</td>
<td>com.arcapi.Leedv4Testcases.HumanExperienceMeterDeleteAPITest@543788f3</td></tr>
<tr>
<td title='com.arcapi.Leedv4Testcases.InstallAllAppsAPITest.InstallAllAppsAPI()'><b>InstallAllAppsAPI</b><br>Test class: com.arcapi.Leedv4Testcases.InstallAllAppsAPITest<br>Parameters: LEEDONLINE, LeedIDEB, 2</td>
<td></td>
<td>15</td>
<td>com.arcapi.Leedv4Testcases.InstallAllAppsAPITest@44a3ec6b</td></tr>
<tr>
<td title='com.arcapi.Leedv4Testcases.InstallAllAppsAfterDeleteAPITest.InstallAllAppsAfterDeleteAPI()'><b>InstallAllAppsAfterDeleteAPI</b><br>Test class: com.arcapi.Leedv4Testcases.InstallAllAppsAfterDeleteAPITest<br>Parameters: LEEDONLINE, LeedIDEB, 2</td>
<td></td>
<td>20</td>
<td>com.arcapi.Leedv4Testcases.InstallAllAppsAfterDeleteAPITest@768b970c</td></tr>
<tr>
<td title='com.arcapi.Leedv4Testcases.LOAuthenticateAPITest.LOAuthenticateAPI()'><b>LOAuthenticateAPI</b><br>Test class: com.arcapi.Leedv4Testcases.LOAuthenticateAPITest<br>Parameters: LEEDONLINE, 2</td>
<td></td>
<td>10</td>
<td>com.arcapi.Leedv4Testcases.LOAuthenticateAPITest@31f924f5</td></tr>
<tr>
<td title='com.arcapi.Leedv4Testcases.LOProjectRegistrationEBTest.LOProjectRegistration()'><b>LOProjectRegistration</b><br>Test class: com.arcapi.Leedv4Testcases.LOProjectRegistrationEBTest<br>Parameters: LEEDONLINE, 2, IN</td>
<td></td>
<td>15</td>
<td>com.arcapi.Leedv4Testcases.LOProjectRegistrationEBTest@5579bb86</td></tr>
<tr>
<td title='com.arcapi.Leedv4Testcases.LOProjectSyncAPITest.LOProjectSyncAPI()'><b>LOProjectSyncAPI</b><br>Test class: com.arcapi.Leedv4Testcases.LOProjectSyncAPITest<br>Parameters: LEEDONLINE, LeedIDEB, 2</td>
<td></td>
<td>14</td>
<td>com.arcapi.Leedv4Testcases.LOProjectSyncAPITest@5204062d</td></tr>
<tr>
<td title='com.arcapi.Leedv4Testcases.MeterCommentPostGroup1APITest.MeterCommentPostGroup1API()'><b>MeterCommentPostGroup1API</b><br>Test class: com.arcapi.Leedv4Testcases.MeterCommentPostGroup1APITest<br>Parameters: LEEDONLINE, LeedIDEB, 2</td>
<td></td>
<td>29</td>
<td>com.arcapi.Leedv4Testcases.MeterCommentPostGroup1APITest@24b1d79b</td></tr>
<tr>
<td title='com.arcapi.Leedv4Testcases.MeterCommentPostGroup2APITest.MeterCommentPostGroup2API()'><b>MeterCommentPostGroup2API</b><br>Test class: com.arcapi.Leedv4Testcases.MeterCommentPostGroup2APITest<br>Parameters: LEEDONLINE, LeedIDEB, 2</td>
<td></td>
<td>14</td>
<td>com.arcapi.Leedv4Testcases.MeterCommentPostGroup2APITest@68ceda24</td></tr>
<tr>
<td title='com.arcapi.Leedv4Testcases.MeterCommentPostGroup3APITest.MeterCommentPostGroup3API()'><b>MeterCommentPostGroup3API</b><br>Test class: com.arcapi.Leedv4Testcases.MeterCommentPostGroup3APITest<br>Parameters: LEEDONLINE, LeedIDEB, 2</td>
<td></td>
<td>24</td>
<td>com.arcapi.Leedv4Testcases.MeterCommentPostGroup3APITest@281e3708</td></tr>
<tr>
<td title='com.arcapi.Leedv4Testcases.MeterCommentReplyGroup1APITest.MeterCommentReplyGroup1API()'><b>MeterCommentReplyGroup1API</b><br>Test class: com.arcapi.Leedv4Testcases.MeterCommentReplyGroup1APITest<br>Parameters: LEEDONLINE, LeedIDEB, 2</td>
<td></td>
<td>30</td>
<td>com.arcapi.Leedv4Testcases.MeterCommentReplyGroup1APITest@35a50a4c</td></tr>
<tr>
<td title='com.arcapi.Leedv4Testcases.MeterCommentReplyGroup2APITest.MeterCommentReplyGroup2API()'><b>MeterCommentReplyGroup2API</b><br>Test class: com.arcapi.Leedv4Testcases.MeterCommentReplyGroup2APITest<br>Parameters: LEEDONLINE, LeedIDEB, 2</td>
<td></td>
<td>20</td>
<td>com.arcapi.Leedv4Testcases.MeterCommentReplyGroup2APITest@1f021e6c</td></tr>
<tr>
<td title='com.arcapi.Leedv4Testcases.MeterCommentReplyGroup3APITest.MeterCommentReplyGroup3API()'><b>MeterCommentReplyGroup3API</b><br>Test class: com.arcapi.Leedv4Testcases.MeterCommentReplyGroup3APITest<br>Parameters: LEEDONLINE, LeedIDEB, 2</td>
<td></td>
<td>17</td>
<td>com.arcapi.Leedv4Testcases.MeterCommentReplyGroup3APITest@103f852</td></tr>
<tr>
<td title='com.arcapi.Leedv4Testcases.MetersAPITest.MetersAPI()'><b>MetersAPI</b><br>Test class: com.arcapi.Leedv4Testcases.MetersAPITest<br>Parameters: LEEDONLINE, LeedIDEB, 2</td>
<td></td>
<td>14</td>
<td>com.arcapi.Leedv4Testcases.MetersAPITest@5fdba6f9</td></tr>
<tr>
<td title='com.arcapi.Leedv4Testcases.ExcelTemplateMetersAPITest.MetersAPI()'><b>MetersAPI</b><br>Test class: com.arcapi.Leedv4Testcases.ExcelTemplateMetersAPITest<br>Parameters: LEEDONLINE, LeedIDEB, 2</td>
<td></td>
<td>28</td>
<td>com.arcapi.Leedv4Testcases.ExcelTemplateMetersAPITest@7ba18f1b</td></tr>
<tr>
<td title='com.arcapi.Leedv4Testcases.S3DocumentListAPITest.S3DocumentListAPI()'><b>S3DocumentListAPI</b><br>Test class: com.arcapi.Leedv4Testcases.S3DocumentListAPITest<br>Parameters: LEEDONLINE, LeedIDEB, 2</td>
<td></td>
<td>19</td>
<td>com.arcapi.Leedv4Testcases.S3DocumentListAPITest@16022d9d</td></tr>
<tr>
<td title='com.arcapi.Leedv4Testcases.S3DocumentRemoveAPITest.S3DocumentRemoveAPI()'><b>S3DocumentRemoveAPI</b><br>Test class: com.arcapi.Leedv4Testcases.S3DocumentRemoveAPITest<br>Parameters: LEEDONLINE, LeedIDEB, 2</td>
<td></td>
<td>10</td>
<td>com.arcapi.Leedv4Testcases.S3DocumentRemoveAPITest@7e9a5fbe</td></tr>
<tr>
<td title='com.arcapi.Leedv4Testcases.S3DocumentUploadPOSTAPITest.S3DocumentUploadPOSTAPI()'><b>S3DocumentUploadPOSTAPI</b><br>Test class: com.arcapi.Leedv4Testcases.S3DocumentUploadPOSTAPITest<br>Parameters: LEEDONLINE, LeedIDEB, 2</td>
<td></td>
<td>85</td>
<td>com.arcapi.Leedv4Testcases.S3DocumentUploadPOSTAPITest@1da51a35</td></tr>
<tr>
<td title='com.arcapi.Leedv4Testcases.SignAgreementRegistrationAPITest.SignAgreementRegistrationAPI()'><b>SignAgreementRegistrationAPI</b><br>Test class: com.arcapi.Leedv4Testcases.SignAgreementRegistrationAPITest<br>Parameters: LEEDONLINE, LeedIDEB, 2</td>
<td></td>
<td>13</td>
<td>com.arcapi.Leedv4Testcases.SignAgreementRegistrationAPITest@4fcd19b3</td></tr>
<tr>
<td title='com.arcapi.Leedv4Testcases.SurveyCreatePOSTAPITest.SurveyCreatePOSTAPI()'><b>SurveyCreatePOSTAPI</b><br>Test class: com.arcapi.Leedv4Testcases.SurveyCreatePOSTAPITest<br>Parameters: LEEDONLINE, LeedIDEB, 2</td>
<td></td>
<td>265</td>
<td>com.arcapi.Leedv4Testcases.SurveyCreatePOSTAPITest@4ae82894</td></tr>
<tr>
<td title='com.arcapi.Leedv4Testcases.VerifyAgreementDeleteAPITest.VerifyAgreementDeleteAPI()'><b>VerifyAgreementDeleteAPI</b><br>Test class: com.arcapi.Leedv4Testcases.VerifyAgreementDeleteAPITest<br>Parameters: LEEDONLINE, LeedIDEB, 2</td>
<td></td>
<td>13</td>
<td>com.arcapi.Leedv4Testcases.VerifyAgreementDeleteAPITest@b3d7190</td></tr>
<tr>
<td title='com.arcapi.Leedv4Testcases.VerifyAgreementPresentAPITest.VerifyAgreementPresentAPI()'><b>VerifyAgreementPresentAPI</b><br>Test class: com.arcapi.Leedv4Testcases.VerifyAgreementPresentAPITest<br>Parameters: LEEDONLINE, LeedIDEB, 2</td>
<td></td>
<td>11</td>
<td>com.arcapi.Leedv4Testcases.VerifyAgreementPresentAPITest@7a36aefa</td></tr>
<tr>
<td title='com.arcapi.Leedv4Testcases.VerifyAssetDetailAPITest.VerifyAssetDetailAPI()'><b>VerifyAssetDetailAPI</b><br>Test class: com.arcapi.Leedv4Testcases.VerifyAssetDetailAPITest<br>Parameters: LEEDONLINE, LeedIDEB, 2</td>
<td></td>
<td>10</td>
<td>com.arcapi.Leedv4Testcases.VerifyAssetDetailAPITest@2fd66ad3</td></tr>
<tr>
<td title='com.arcapi.Leedv4Testcases.VerifyManualConsumptionAPITest.VerifyManualConsumptionAPI()'><b>VerifyManualConsumptionAPI</b><br>Test class: com.arcapi.Leedv4Testcases.VerifyManualConsumptionAPITest<br>Parameters: LEEDONLINE, LeedIDEB, 2</td>
<td></td>
<td>27</td>
<td>com.arcapi.Leedv4Testcases.VerifyManualConsumptionAPITest@52525845</td></tr>
<tr>
<td title='com.arcapi.Leedv4Testcases.VerifyManualConsumptionAfterUpdateAPITest.VerifyManualConsumptionAfterUpdateAPI()'><b>VerifyManualConsumptionAfterUpdateAPI</b><br>Test class: com.arcapi.Leedv4Testcases.VerifyManualConsumptionAfterUpdateAPITest<br>Parameters: LEEDONLINE, LeedIDEB, 2</td>
<td></td>
<td>33</td>
<td>com.arcapi.Leedv4Testcases.VerifyManualConsumptionAfterUpdateAPITest@6fb0d3ed</td></tr>
<tr>
<td title='com.arcapi.Leedv4Testcases.VerifyProjectRegisteredAssetListTest.VerifyProjectRegisteredAssetList()'><b>VerifyProjectRegisteredAssetList</b><br>Test class: com.arcapi.Leedv4Testcases.VerifyProjectRegisteredAssetListTest<br>Parameters: LEEDONLINE, LeedIDEB, 2</td>
<td></td>
<td>11</td>
<td>com.arcapi.Leedv4Testcases.VerifyProjectRegisteredAssetListTest@5d11346a</td></tr>
</table><p>
</body>
</html>