<?xml version="1.0" encoding="UTF-8"?>
<!-- Generated by org.testng.reporters.JUnitXMLReporter -->
<testsuite hostname="G10GGNLT052" name="CompleteFlowTest-Building-None" tests="20" failures="5" timestamp="15 Nov 2019 09:39:21 GMT" time="607.135" errors="0">
  <testcase name="CreateAssetPOSTAPI" time="6.747" classname="com.arcapi.Buildingtestcases.CreateAssetBuildingV3APITest"/>
  <testcase name="AssetDetailAPI" time="7.574" classname="com.arcapi.Common.AssetDetailAPITest"/>
  <testcase name="ExcelTemplateMetersAPI" time="4.389" classname="com.arcapi.Buildingtestcases.ExcelTemplateMetersAPITest"/>
  <testcase name="CarbonDioxideCreate5YearDataPost" time="3.027" classname="com.arcapi.Buildingtestcases.CarbonDioxideCreate5YearDataPostTest"/>
  <testcase name="CarbonDioxideCreate5YearDataPost" time="2.624" classname="com.arcapi.Buildingtestcases.CarbonDioxideCreate5YearDataPostTest"/>
  <testcase name="CarbonDioxideCreate5YearDataPost" time="2.786" classname="com.arcapi.Buildingtestcases.CarbonDioxideCreate5YearDataPostTest"/>
  <testcase name="CarbonDioxideCreate5YearDataPost" time="3.417" classname="com.arcapi.Buildingtestcases.CarbonDioxideCreate5YearDataPostTest"/>
  <testcase name="CarbonDioxideCreate5YearDataPost" time="2.793" classname="com.arcapi.Buildingtestcases.CarbonDioxideCreate5YearDataPostTest"/>
  <testcase name="TVOCCreate5YearDataPost" time="3.161" classname="com.arcapi.Buildingtestcases.TVOCCreate5YearDataPostTest">
    <failure type="java.lang.AssertionError" message="expected [201] but found [400]">
      <![CDATA[java.lang.AssertionError: expected [201] but found [400]
	at com.Utill.Controller.Assertion.verifyStatusCode(Assertion.java:21)
	at com.arcapi.Buildingtestcases.TVOCCreate5YearDataPostTest.TVOCCreate5YearDataPost(TVOCCreate5YearDataPostTest.java:31)
... Removed 31 stack frames]]>
    </failure>
  </testcase> <!-- TVOCCreate5YearDataPost -->
  <testcase name="TVOCCreate5YearDataPost" time="2.862" classname="com.arcapi.Buildingtestcases.TVOCCreate5YearDataPostTest">
    <failure type="java.lang.AssertionError" message="expected [201] but found [400]">
      <![CDATA[java.lang.AssertionError: expected [201] but found [400]
	at com.Utill.Controller.Assertion.verifyStatusCode(Assertion.java:21)
	at com.arcapi.Buildingtestcases.TVOCCreate5YearDataPostTest.TVOCCreate5YearDataPost(TVOCCreate5YearDataPostTest.java:31)
... Removed 31 stack frames]]>
    </failure>
  </testcase> <!-- TVOCCreate5YearDataPost -->
  <testcase name="TVOCCreate5YearDataPost" time="3.477" classname="com.arcapi.Buildingtestcases.TVOCCreate5YearDataPostTest">
    <failure type="java.lang.AssertionError" message="expected [201] but found [400]">
      <![CDATA[java.lang.AssertionError: expected [201] but found [400]
	at com.Utill.Controller.Assertion.verifyStatusCode(Assertion.java:21)
	at com.arcapi.Buildingtestcases.TVOCCreate5YearDataPostTest.TVOCCreate5YearDataPost(TVOCCreate5YearDataPostTest.java:31)
... Removed 31 stack frames]]>
    </failure>
  </testcase> <!-- TVOCCreate5YearDataPost -->
  <testcase name="TVOCCreate5YearDataPost" time="3.418" classname="com.arcapi.Buildingtestcases.TVOCCreate5YearDataPostTest">
    <failure type="java.lang.AssertionError" message="expected [201] but found [400]">
      <![CDATA[java.lang.AssertionError: expected [201] but found [400]
	at com.Utill.Controller.Assertion.verifyStatusCode(Assertion.java:21)
	at com.arcapi.Buildingtestcases.TVOCCreate5YearDataPostTest.TVOCCreate5YearDataPost(TVOCCreate5YearDataPostTest.java:31)
... Removed 31 stack frames]]>
    </failure>
  </testcase> <!-- TVOCCreate5YearDataPost -->
  <testcase name="TVOCCreate5YearDataPost" time="2.8" classname="com.arcapi.Buildingtestcases.TVOCCreate5YearDataPostTest">
    <failure type="java.lang.AssertionError" message="expected [201] but found [400]">
      <![CDATA[java.lang.AssertionError: expected [201] but found [400]
	at com.Utill.Controller.Assertion.verifyStatusCode(Assertion.java:21)
	at com.arcapi.Buildingtestcases.TVOCCreate5YearDataPostTest.TVOCCreate5YearDataPost(TVOCCreate5YearDataPostTest.java:31)
... Removed 31 stack frames]]>
    </failure>
  </testcase> <!-- TVOCCreate5YearDataPost -->
  <testcase name="ElectricityPurchasedFromGridCreatePOST" time="3.841" classname="com.arcapi.Buildingtestcases.ElectricityPurchasedFromGridCreatePOSTAPITest"/>
  <testcase name="EnergyCreate60MonthMeterDataPost" time="184.667" classname="com.arcapi.Buildingtestcases.EnergyCreate60MonthMeterDataPostTest"/>
  <testcase name="municipalitySuppliedPortableWaterCreatePOSTAPI" time="3.209" classname="com.arcapi.Buildingtestcases.MunicipalitySuppliedPortableWaterCreatePOSTAPITest"/>
  <testcase name="WaterCreate60MonthMeterDataPost" time="175.282" classname="com.arcapi.Buildingtestcases.WaterCreate60MonthMeterDataPostTest"/>
  <testcase name="CreateWasteMeterDataPost" time="179.083" classname="com.arcapi.Buildingtestcases.WasteCreate60MonthMeterDataBulkPostTest"/>
  <testcase name="SurveyAllRoutesFeedbackRegularAPI" time="4.872" classname="com.arcapi.Buildingtestcases.SurveyAllRoutesFeedbackRegularAPIPOSTAPITest"/>
  <testcase name="SurveyAllRoutesFeedbackVisitorAPI" time="3.632" classname="com.arcapi.Buildingtestcases.SurveyAllRoutesFeedbackVisitorAPIPOSTAPITest"/>
</testsuite> <!-- CompleteFlowTest-Building-None -->
