<html>
<head>
<title>TestNG:  CompleteFlowTest-Building-None</title>
<link href="../testng.css" rel="stylesheet" type="text/css" />
<link href="../my-testng.css" rel="stylesheet" type="text/css" />

<style type="text/css">
.log { display: none;} 
.stack-trace { display: none;} 
</style>
<script type="text/javascript">
<!--
function flip(e) {
  current = e.style.display;
  if (current == 'block') {
    e.style.display = 'none';
    return 0;
  }
  else {
    e.style.display = 'block';
    return 1;
  }
}

function toggleBox(szDivId, elem, msg1, msg2)
{
  var res = -1;  if (document.getElementById) {
    res = flip(document.getElementById(szDivId));
  }
  else if (document.all) {
    // this is the way old msie versions work
    res = flip(document.all[szDivId]);
  }
  if(elem) {
    if(res == 0) elem.innerHTML = msg1; else elem.innerHTML = msg2;
  }

}

function toggleAllBoxes() {
  if (document.getElementsByTagName) {
    d = document.getElementsByTagName('div');
    for (i = 0; i < d.length; i++) {
      if (d[i].className == 'log') {
        flip(d[i]);
      }
    }
  }
}

// -->
</script>

</head>
<body>
<h2 align='center'>CompleteFlowTest-Building-None</h2><table border='1' align="center">
<tr>
<td>Tests passed/Failed/Skipped:</td><td>15/8/0</td>
</tr><tr>
<td>Started on:</td><td>Fri Nov 08 11:16:38 IST 2019</td>
</tr>
<tr><td>Total time:</td><td>338 seconds (338303 ms)</td>
</tr><tr>
<td>Included groups:</td><td></td>
</tr><tr>
<td>Excluded groups:</td><td></td>
</tr>
</table><p/>
<small><i>(Hover the method name to see the test class name)</i></small><p/>
<table width='100%' border='1' class='invocation-failed'>
<tr><td colspan='4' align='center'><b>FAILED TESTS</b></td></tr>
<tr><td><b>Test method</b></td>
<td width="30%"><b>Exception</b></td>
<td width="10%"><b>Time (seconds)</b></td>
<td><b>Instance</b></td>
</tr>
<tr>
<td title='com.arcapi.Common.AddAssestTimelinePOSTAPITest.AddAssestTimeline()'><b>AddAssestTimeline</b><br>Test class: com.arcapi.Common.AddAssestTimelinePOSTAPITest<br>Parameters: DEV, ProjectIDBuildingNone, 2</td>
<td><div><pre>java.lang.AssertionError: expected [200] but found [403]
	at com.Utill.Controller.Assertion.verifyStatusCode(Assertion.java:21)
	at com.arcapi.Common.AddAssestTimelinePOSTAPITest.AddAssestTimeline(AddAssestTimelinePOSTAPITest.java:25)
... Removed 31 stack frames</pre></div><a href='#' onClick='toggleBox("stack-trace878399838", this, "Click to show all stack frames", "Click to hide stack frames")'>Click to show all stack frames</a>
<div class='stack-trace' id='stack-trace878399838'><pre>java.lang.AssertionError: expected [200] but found [403]
	at org.testng.Assert.fail(Assert.java:94)
	at org.testng.Assert.failNotEquals(Assert.java:513)
	at org.testng.Assert.assertEqualsImpl(Assert.java:135)
	at org.testng.Assert.assertEquals(Assert.java:116)
	at org.testng.Assert.assertEquals(Assert.java:389)
	at org.testng.Assert.assertEquals(Assert.java:399)
	at com.Utill.Controller.Assertion.verifyStatusCode(Assertion.java:21)
	at com.arcapi.Common.AddAssestTimelinePOSTAPITest.AddAssestTimeline(AddAssestTimelinePOSTAPITest.java:25)
	at sun.reflect.NativeMethodAccessorImpl.invoke0(Native Method)
	at sun.reflect.NativeMethodAccessorImpl.invoke(NativeMethodAccessorImpl.java:62)
	at sun.reflect.DelegatingMethodAccessorImpl.invoke(DelegatingMethodAccessorImpl.java:43)
	at java.lang.reflect.Method.invoke(Method.java:498)
	at org.testng.internal.MethodInvocationHelper.invokeMethod(MethodInvocationHelper.java:86)
	at org.testng.internal.Invoker.invokeMethod(Invoker.java:643)
	at org.testng.internal.Invoker.invokeTestMethod(Invoker.java:820)
	at org.testng.internal.Invoker.invokeTestMethods(Invoker.java:1128)
	at org.testng.internal.TestMethodWorker.invokeTestMethods(TestMethodWorker.java:129)
	at org.testng.internal.TestMethodWorker.run(TestMethodWorker.java:112)
	at org.testng.TestRunner.privateRun(TestRunner.java:782)
	at org.testng.TestRunner.run(TestRunner.java:632)
	at org.testng.SuiteRunner.runTest(SuiteRunner.java:366)
	at org.testng.SuiteRunner.runSequentially(SuiteRunner.java:361)
	at org.testng.SuiteRunner.privateRun(SuiteRunner.java:319)
	at org.testng.SuiteRunner.run(SuiteRunner.java:268)
	at org.testng.SuiteRunnerWorker.runSuite(SuiteRunnerWorker.java:52)
	at org.testng.SuiteRunnerWorker.run(SuiteRunnerWorker.java:86)
	at org.testng.TestNG.runSuitesSequentially(TestNG.java:1244)
	at org.testng.TestNG.runSuitesSequentially(TestNG.java:1240)
	at org.testng.TestNG.runSuitesLocally(TestNG.java:1169)
	at org.testng.TestNG.run(TestNG.java:1064)
	at org.testng.remote.RemoteTestNG.run(RemoteTestNG.java:113)
	at org.testng.remote.RemoteTestNG.initAndRun(RemoteTestNG.java:206)
	at org.testng.remote.RemoteTestNG.main(RemoteTestNG.java:177)
</pre></div></td>
<td>1</td>
<td>com.arcapi.Common.AddAssestTimelinePOSTAPITest@2b552920</td></tr>
<tr>
<td title='com.arcapi.Buildingtestcases.CarbonDioxideCreate5YearDataPostTest.CarbonDioxideCreate5YearDataPost()'><b>CarbonDioxideCreate5YearDataPost</b><br>Test class: com.arcapi.Buildingtestcases.CarbonDioxideCreate5YearDataPostTest<br>Parameters: 2015-01-01, 2016-01-01, 200</td>
<td><div><pre>java.lang.AssertionError: expected [201] but found [404]
	at com.Utill.Controller.Assertion.verifyStatusCode(Assertion.java:21)
	at com.arcapi.Buildingtestcases.CarbonDioxideCreate5YearDataPostTest.CarbonDioxideCreate5YearDataPost(CarbonDioxideCreate5YearDataPostTest.java:31)
... Removed 31 stack frames</pre></div><a href='#' onClick='toggleBox("stack-trace371224002", this, "Click to show all stack frames", "Click to hide stack frames")'>Click to show all stack frames</a>
<div class='stack-trace' id='stack-trace371224002'><pre>java.lang.AssertionError: expected [201] but found [404]
	at org.testng.Assert.fail(Assert.java:94)
	at org.testng.Assert.failNotEquals(Assert.java:513)
	at org.testng.Assert.assertEqualsImpl(Assert.java:135)
	at org.testng.Assert.assertEquals(Assert.java:116)
	at org.testng.Assert.assertEquals(Assert.java:389)
	at org.testng.Assert.assertEquals(Assert.java:399)
	at com.Utill.Controller.Assertion.verifyStatusCode(Assertion.java:21)
	at com.arcapi.Buildingtestcases.CarbonDioxideCreate5YearDataPostTest.CarbonDioxideCreate5YearDataPost(CarbonDioxideCreate5YearDataPostTest.java:31)
	at sun.reflect.NativeMethodAccessorImpl.invoke0(Native Method)
	at sun.reflect.NativeMethodAccessorImpl.invoke(NativeMethodAccessorImpl.java:62)
	at sun.reflect.DelegatingMethodAccessorImpl.invoke(DelegatingMethodAccessorImpl.java:43)
	at java.lang.reflect.Method.invoke(Method.java:498)
	at org.testng.internal.MethodInvocationHelper.invokeMethod(MethodInvocationHelper.java:86)
	at org.testng.internal.Invoker.invokeMethod(Invoker.java:643)
	at org.testng.internal.Invoker.invokeTestMethod(Invoker.java:820)
	at org.testng.internal.Invoker.invokeTestMethods(Invoker.java:1128)
	at org.testng.internal.TestMethodWorker.invokeTestMethods(TestMethodWorker.java:129)
	at org.testng.internal.TestMethodWorker.run(TestMethodWorker.java:112)
	at org.testng.TestRunner.privateRun(TestRunner.java:782)
	at org.testng.TestRunner.run(TestRunner.java:632)
	at org.testng.SuiteRunner.runTest(SuiteRunner.java:366)
	at org.testng.SuiteRunner.runSequentially(SuiteRunner.java:361)
	at org.testng.SuiteRunner.privateRun(SuiteRunner.java:319)
	at org.testng.SuiteRunner.run(SuiteRunner.java:268)
	at org.testng.SuiteRunnerWorker.runSuite(SuiteRunnerWorker.java:52)
	at org.testng.SuiteRunnerWorker.run(SuiteRunnerWorker.java:86)
	at org.testng.TestNG.runSuitesSequentially(TestNG.java:1244)
	at org.testng.TestNG.runSuitesSequentially(TestNG.java:1240)
	at org.testng.TestNG.runSuitesLocally(TestNG.java:1169)
	at org.testng.TestNG.run(TestNG.java:1064)
	at org.testng.remote.RemoteTestNG.run(RemoteTestNG.java:113)
	at org.testng.remote.RemoteTestNG.initAndRun(RemoteTestNG.java:206)
	at org.testng.remote.RemoteTestNG.main(RemoteTestNG.java:177)
</pre></div></td>
<td>1</td>
<td>com.arcapi.Buildingtestcases.CarbonDioxideCreate5YearDataPostTest@3cef309d</td></tr>
<tr>
<td title='com.arcapi.Buildingtestcases.CarbonDioxideCreate5YearDataPostTest.CarbonDioxideCreate5YearDataPost()'><b>CarbonDioxideCreate5YearDataPost</b><br>Test class: com.arcapi.Buildingtestcases.CarbonDioxideCreate5YearDataPostTest<br>Parameters: 2016-01-01, 2017-01-01, 200</td>
<td><div><pre>java.lang.AssertionError: expected [201] but found [404]
	at com.Utill.Controller.Assertion.verifyStatusCode(Assertion.java:21)
	at com.arcapi.Buildingtestcases.CarbonDioxideCreate5YearDataPostTest.CarbonDioxideCreate5YearDataPost(CarbonDioxideCreate5YearDataPostTest.java:31)
... Removed 31 stack frames</pre></div><a href='#' onClick='toggleBox("stack-trace874790093", this, "Click to show all stack frames", "Click to hide stack frames")'>Click to show all stack frames</a>
<div class='stack-trace' id='stack-trace874790093'><pre>java.lang.AssertionError: expected [201] but found [404]
	at org.testng.Assert.fail(Assert.java:94)
	at org.testng.Assert.failNotEquals(Assert.java:513)
	at org.testng.Assert.assertEqualsImpl(Assert.java:135)
	at org.testng.Assert.assertEquals(Assert.java:116)
	at org.testng.Assert.assertEquals(Assert.java:389)
	at org.testng.Assert.assertEquals(Assert.java:399)
	at com.Utill.Controller.Assertion.verifyStatusCode(Assertion.java:21)
	at com.arcapi.Buildingtestcases.CarbonDioxideCreate5YearDataPostTest.CarbonDioxideCreate5YearDataPost(CarbonDioxideCreate5YearDataPostTest.java:31)
	at sun.reflect.NativeMethodAccessorImpl.invoke0(Native Method)
	at sun.reflect.NativeMethodAccessorImpl.invoke(NativeMethodAccessorImpl.java:62)
	at sun.reflect.DelegatingMethodAccessorImpl.invoke(DelegatingMethodAccessorImpl.java:43)
	at java.lang.reflect.Method.invoke(Method.java:498)
	at org.testng.internal.MethodInvocationHelper.invokeMethod(MethodInvocationHelper.java:86)
	at org.testng.internal.Invoker.invokeMethod(Invoker.java:643)
	at org.testng.internal.Invoker.invokeTestMethod(Invoker.java:820)
	at org.testng.internal.Invoker.invokeTestMethods(Invoker.java:1128)
	at org.testng.internal.TestMethodWorker.invokeTestMethods(TestMethodWorker.java:129)
	at org.testng.internal.TestMethodWorker.run(TestMethodWorker.java:112)
	at org.testng.TestRunner.privateRun(TestRunner.java:782)
	at org.testng.TestRunner.run(TestRunner.java:632)
	at org.testng.SuiteRunner.runTest(SuiteRunner.java:366)
	at org.testng.SuiteRunner.runSequentially(SuiteRunner.java:361)
	at org.testng.SuiteRunner.privateRun(SuiteRunner.java:319)
	at org.testng.SuiteRunner.run(SuiteRunner.java:268)
	at org.testng.SuiteRunnerWorker.runSuite(SuiteRunnerWorker.java:52)
	at org.testng.SuiteRunnerWorker.run(SuiteRunnerWorker.java:86)
	at org.testng.TestNG.runSuitesSequentially(TestNG.java:1244)
	at org.testng.TestNG.runSuitesSequentially(TestNG.java:1240)
	at org.testng.TestNG.runSuitesLocally(TestNG.java:1169)
	at org.testng.TestNG.run(TestNG.java:1064)
	at org.testng.remote.RemoteTestNG.run(RemoteTestNG.java:113)
	at org.testng.remote.RemoteTestNG.initAndRun(RemoteTestNG.java:206)
	at org.testng.remote.RemoteTestNG.main(RemoteTestNG.java:177)
</pre></div></td>
<td>1</td>
<td>com.arcapi.Buildingtestcases.CarbonDioxideCreate5YearDataPostTest@3cef309d</td></tr>
<tr>
<td title='com.arcapi.Buildingtestcases.CarbonDioxideCreate5YearDataPostTest.CarbonDioxideCreate5YearDataPost()'><b>CarbonDioxideCreate5YearDataPost</b><br>Test class: com.arcapi.Buildingtestcases.CarbonDioxideCreate5YearDataPostTest<br>Parameters: 2017-01-01, 2018-01-01, 200</td>
<td><div><pre>java.lang.AssertionError: expected [201] but found [404]
	at com.Utill.Controller.Assertion.verifyStatusCode(Assertion.java:21)
	at com.arcapi.Buildingtestcases.CarbonDioxideCreate5YearDataPostTest.CarbonDioxideCreate5YearDataPost(CarbonDioxideCreate5YearDataPostTest.java:31)
... Removed 31 stack frames</pre></div><a href='#' onClick='toggleBox("stack-trace1607031101", this, "Click to show all stack frames", "Click to hide stack frames")'>Click to show all stack frames</a>
<div class='stack-trace' id='stack-trace1607031101'><pre>java.lang.AssertionError: expected [201] but found [404]
	at org.testng.Assert.fail(Assert.java:94)
	at org.testng.Assert.failNotEquals(Assert.java:513)
	at org.testng.Assert.assertEqualsImpl(Assert.java:135)
	at org.testng.Assert.assertEquals(Assert.java:116)
	at org.testng.Assert.assertEquals(Assert.java:389)
	at org.testng.Assert.assertEquals(Assert.java:399)
	at com.Utill.Controller.Assertion.verifyStatusCode(Assertion.java:21)
	at com.arcapi.Buildingtestcases.CarbonDioxideCreate5YearDataPostTest.CarbonDioxideCreate5YearDataPost(CarbonDioxideCreate5YearDataPostTest.java:31)
	at sun.reflect.NativeMethodAccessorImpl.invoke0(Native Method)
	at sun.reflect.NativeMethodAccessorImpl.invoke(NativeMethodAccessorImpl.java:62)
	at sun.reflect.DelegatingMethodAccessorImpl.invoke(DelegatingMethodAccessorImpl.java:43)
	at java.lang.reflect.Method.invoke(Method.java:498)
	at org.testng.internal.MethodInvocationHelper.invokeMethod(MethodInvocationHelper.java:86)
	at org.testng.internal.Invoker.invokeMethod(Invoker.java:643)
	at org.testng.internal.Invoker.invokeTestMethod(Invoker.java:820)
	at org.testng.internal.Invoker.invokeTestMethods(Invoker.java:1128)
	at org.testng.internal.TestMethodWorker.invokeTestMethods(TestMethodWorker.java:129)
	at org.testng.internal.TestMethodWorker.run(TestMethodWorker.java:112)
	at org.testng.TestRunner.privateRun(TestRunner.java:782)
	at org.testng.TestRunner.run(TestRunner.java:632)
	at org.testng.SuiteRunner.runTest(SuiteRunner.java:366)
	at org.testng.SuiteRunner.runSequentially(SuiteRunner.java:361)
	at org.testng.SuiteRunner.privateRun(SuiteRunner.java:319)
	at org.testng.SuiteRunner.run(SuiteRunner.java:268)
	at org.testng.SuiteRunnerWorker.runSuite(SuiteRunnerWorker.java:52)
	at org.testng.SuiteRunnerWorker.run(SuiteRunnerWorker.java:86)
	at org.testng.TestNG.runSuitesSequentially(TestNG.java:1244)
	at org.testng.TestNG.runSuitesSequentially(TestNG.java:1240)
	at org.testng.TestNG.runSuitesLocally(TestNG.java:1169)
	at org.testng.TestNG.run(TestNG.java:1064)
	at org.testng.remote.RemoteTestNG.run(RemoteTestNG.java:113)
	at org.testng.remote.RemoteTestNG.initAndRun(RemoteTestNG.java:206)
	at org.testng.remote.RemoteTestNG.main(RemoteTestNG.java:177)
</pre></div></td>
<td>1</td>
<td>com.arcapi.Buildingtestcases.CarbonDioxideCreate5YearDataPostTest@3cef309d</td></tr>
<tr>
<td title='com.arcapi.Buildingtestcases.CarbonDioxideCreate5YearDataPostTest.CarbonDioxideCreate5YearDataPost()'><b>CarbonDioxideCreate5YearDataPost</b><br>Test class: com.arcapi.Buildingtestcases.CarbonDioxideCreate5YearDataPostTest<br>Parameters: 2018-01-01, 2019-01-01, 200</td>
<td><div><pre>java.lang.AssertionError: expected [201] but found [404]
	at com.Utill.Controller.Assertion.verifyStatusCode(Assertion.java:21)
	at com.arcapi.Buildingtestcases.CarbonDioxideCreate5YearDataPostTest.CarbonDioxideCreate5YearDataPost(CarbonDioxideCreate5YearDataPostTest.java:31)
... Removed 31 stack frames</pre></div><a href='#' onClick='toggleBox("stack-trace842709330", this, "Click to show all stack frames", "Click to hide stack frames")'>Click to show all stack frames</a>
<div class='stack-trace' id='stack-trace842709330'><pre>java.lang.AssertionError: expected [201] but found [404]
	at org.testng.Assert.fail(Assert.java:94)
	at org.testng.Assert.failNotEquals(Assert.java:513)
	at org.testng.Assert.assertEqualsImpl(Assert.java:135)
	at org.testng.Assert.assertEquals(Assert.java:116)
	at org.testng.Assert.assertEquals(Assert.java:389)
	at org.testng.Assert.assertEquals(Assert.java:399)
	at com.Utill.Controller.Assertion.verifyStatusCode(Assertion.java:21)
	at com.arcapi.Buildingtestcases.CarbonDioxideCreate5YearDataPostTest.CarbonDioxideCreate5YearDataPost(CarbonDioxideCreate5YearDataPostTest.java:31)
	at sun.reflect.NativeMethodAccessorImpl.invoke0(Native Method)
	at sun.reflect.NativeMethodAccessorImpl.invoke(NativeMethodAccessorImpl.java:62)
	at sun.reflect.DelegatingMethodAccessorImpl.invoke(DelegatingMethodAccessorImpl.java:43)
	at java.lang.reflect.Method.invoke(Method.java:498)
	at org.testng.internal.MethodInvocationHelper.invokeMethod(MethodInvocationHelper.java:86)
	at org.testng.internal.Invoker.invokeMethod(Invoker.java:643)
	at org.testng.internal.Invoker.invokeTestMethod(Invoker.java:820)
	at org.testng.internal.Invoker.invokeTestMethods(Invoker.java:1128)
	at org.testng.internal.TestMethodWorker.invokeTestMethods(TestMethodWorker.java:129)
	at org.testng.internal.TestMethodWorker.run(TestMethodWorker.java:112)
	at org.testng.TestRunner.privateRun(TestRunner.java:782)
	at org.testng.TestRunner.run(TestRunner.java:632)
	at org.testng.SuiteRunner.runTest(SuiteRunner.java:366)
	at org.testng.SuiteRunner.runSequentially(SuiteRunner.java:361)
	at org.testng.SuiteRunner.privateRun(SuiteRunner.java:319)
	at org.testng.SuiteRunner.run(SuiteRunner.java:268)
	at org.testng.SuiteRunnerWorker.runSuite(SuiteRunnerWorker.java:52)
	at org.testng.SuiteRunnerWorker.run(SuiteRunnerWorker.java:86)
	at org.testng.TestNG.runSuitesSequentially(TestNG.java:1244)
	at org.testng.TestNG.runSuitesSequentially(TestNG.java:1240)
	at org.testng.TestNG.runSuitesLocally(TestNG.java:1169)
	at org.testng.TestNG.run(TestNG.java:1064)
	at org.testng.remote.RemoteTestNG.run(RemoteTestNG.java:113)
	at org.testng.remote.RemoteTestNG.initAndRun(RemoteTestNG.java:206)
	at org.testng.remote.RemoteTestNG.main(RemoteTestNG.java:177)
</pre></div></td>
<td>1</td>
<td>com.arcapi.Buildingtestcases.CarbonDioxideCreate5YearDataPostTest@3cef309d</td></tr>
<tr>
<td title='com.arcapi.Buildingtestcases.CarbonDioxideCreate5YearDataPostTest.CarbonDioxideCreate5YearDataPost()'><b>CarbonDioxideCreate5YearDataPost</b><br>Test class: com.arcapi.Buildingtestcases.CarbonDioxideCreate5YearDataPostTest<br>Parameters: 2019-01-01, 2020-01-01, 200</td>
<td><div><pre>java.lang.AssertionError: expected [201] but found [404]
	at com.Utill.Controller.Assertion.verifyStatusCode(Assertion.java:21)
	at com.arcapi.Buildingtestcases.CarbonDioxideCreate5YearDataPostTest.CarbonDioxideCreate5YearDataPost(CarbonDioxideCreate5YearDataPostTest.java:31)
... Removed 31 stack frames</pre></div><a href='#' onClick='toggleBox("stack-trace699107836", this, "Click to show all stack frames", "Click to hide stack frames")'>Click to show all stack frames</a>
<div class='stack-trace' id='stack-trace699107836'><pre>java.lang.AssertionError: expected [201] but found [404]
	at org.testng.Assert.fail(Assert.java:94)
	at org.testng.Assert.failNotEquals(Assert.java:513)
	at org.testng.Assert.assertEqualsImpl(Assert.java:135)
	at org.testng.Assert.assertEquals(Assert.java:116)
	at org.testng.Assert.assertEquals(Assert.java:389)
	at org.testng.Assert.assertEquals(Assert.java:399)
	at com.Utill.Controller.Assertion.verifyStatusCode(Assertion.java:21)
	at com.arcapi.Buildingtestcases.CarbonDioxideCreate5YearDataPostTest.CarbonDioxideCreate5YearDataPost(CarbonDioxideCreate5YearDataPostTest.java:31)
	at sun.reflect.NativeMethodAccessorImpl.invoke0(Native Method)
	at sun.reflect.NativeMethodAccessorImpl.invoke(NativeMethodAccessorImpl.java:62)
	at sun.reflect.DelegatingMethodAccessorImpl.invoke(DelegatingMethodAccessorImpl.java:43)
	at java.lang.reflect.Method.invoke(Method.java:498)
	at org.testng.internal.MethodInvocationHelper.invokeMethod(MethodInvocationHelper.java:86)
	at org.testng.internal.Invoker.invokeMethod(Invoker.java:643)
	at org.testng.internal.Invoker.invokeTestMethod(Invoker.java:820)
	at org.testng.internal.Invoker.invokeTestMethods(Invoker.java:1128)
	at org.testng.internal.TestMethodWorker.invokeTestMethods(TestMethodWorker.java:129)
	at org.testng.internal.TestMethodWorker.run(TestMethodWorker.java:112)
	at org.testng.TestRunner.privateRun(TestRunner.java:782)
	at org.testng.TestRunner.run(TestRunner.java:632)
	at org.testng.SuiteRunner.runTest(SuiteRunner.java:366)
	at org.testng.SuiteRunner.runSequentially(SuiteRunner.java:361)
	at org.testng.SuiteRunner.privateRun(SuiteRunner.java:319)
	at org.testng.SuiteRunner.run(SuiteRunner.java:268)
	at org.testng.SuiteRunnerWorker.runSuite(SuiteRunnerWorker.java:52)
	at org.testng.SuiteRunnerWorker.run(SuiteRunnerWorker.java:86)
	at org.testng.TestNG.runSuitesSequentially(TestNG.java:1244)
	at org.testng.TestNG.runSuitesSequentially(TestNG.java:1240)
	at org.testng.TestNG.runSuitesLocally(TestNG.java:1169)
	at org.testng.TestNG.run(TestNG.java:1064)
	at org.testng.remote.RemoteTestNG.run(RemoteTestNG.java:113)
	at org.testng.remote.RemoteTestNG.initAndRun(RemoteTestNG.java:206)
	at org.testng.remote.RemoteTestNG.main(RemoteTestNG.java:177)
</pre></div></td>
<td>1</td>
<td>com.arcapi.Buildingtestcases.CarbonDioxideCreate5YearDataPostTest@3cef309d</td></tr>
<tr>
<td title='com.arcapi.Buildingtestcases.ExcelTemplateMetersAPITest.ExcelTemplateMetersAPI()'><b>ExcelTemplateMetersAPI</b><br>Test class: com.arcapi.Buildingtestcases.ExcelTemplateMetersAPITest<br>Parameters: DEV, ProjectIDBuildingNone, 2</td>
<td><div><pre>java.lang.IllegalArgumentException: Cannot get property &apos;fuel_type&apos; on null object
	at org.codehaus.groovy.runtime.callsite.ConstructorSite$ConstructorSiteNoUnwrapNoCoerce.callConstructor(ConstructorSite.java:105)
	at org.codehaus.groovy.runtime.callsite.AbstractCallSite.callConstructor(AbstractCallSite.java:255)
	at com.jayway.restassured.internal.path.json.JSONAssertion.getAsJsonObject(JSONAssertion.groovy:53)
	at com.jayway.restassured.internal.path.json.JSONAssertion$getAsJsonObject.callCurrent(Unknown Source)
	at com.jayway.restassured.internal.path.json.JSONAssertion.getResult(JSONAssertion.groovy:28)
	at com.jayway.restassured.path.json.JsonPath.get(JsonPath.java:202)
	at com.jayway.restassured.path.json.JsonPath$get$0.call(Unknown Source)
	at com.jayway.restassured.internal.RestAssuredResponseOptionsGroovyImpl.path(RestAssuredResponseOptionsGroovyImpl.groovy:392)
	at com.jayway.restassured.internal.RestAssuredResponseOptionsImpl.path(RestAssuredResponseOptionsImpl.java:195)
	at com.arcapi.Buildingtestcases.ExcelTemplateMetersAPITest.ExcelTemplateMetersAPI(ExcelTemplateMetersAPITest.java:26)
Caused by: java.lang.NullPointerException: Cannot get property &apos;fuel_type&apos; on null object
	at org.codehaus.groovy.runtime.NullObject.getProperty(NullObject.java:60)
	at org.codehaus.groovy.runtime.InvokerHelper.getProperty(InvokerHelper.java:172)
	at org.codehaus.groovy.runtime.callsite.NullCallSite.getProperty(NullCallSite.java:47)
	at org.codehaus.groovy.runtime.callsite.AbstractCallSite.callGetProperty(AbstractCallSite.java:296)
	at Script1.run(Script1.groovy:1)
	at groovy.lang.GroovyShell.evaluate(GroovyShell.java:591)
	at groovy.lang.GroovyShell.evaluate(GroovyShell.java:629)
	at groovy.lang.GroovyShell.evaluate(GroovyShell.java:600)
	at org.codehaus.groovy.runtime.callsite.PogoMetaMethodSite$PogoCachedMethodSiteNoUnwrap.invoke(PogoMetaMethodSite.java:190)
	at org.codehaus.groovy.runtime.callsite.PogoMetaMethodSite.call(PogoMetaMethodSite.java:71)
	at org.codehaus.groovy.runtime.callsite.AbstractCallSite.call(AbstractCallSite.java:125)
	at com.jayway.restassured.internal.path.json.JSONAssertion.eval(JSONAssertion.groovy:76)
	at org.codehaus.groovy.runtime.callsite.PogoMetaMethodSite$PogoCachedMethodSiteNoUnwrapNoCoerce.invoke(PogoMetaMethodSite.java:210)
	at org.codehaus.groovy.runtime.callsite.PogoMetaMethodSite.callCurrent(PogoMetaMethodSite.java:59)
	at org.codehaus.groovy.runtime.callsite.AbstractCallSite.callCurrent(AbstractCallSite.java:182)
	at com.jayway.restassured.internal.path.json.JSONAssertion.getAsJsonObject(JSONAssertion.groovy:46)
	... 32 more
... Removed 36 stack frames</pre></div><a href='#' onClick='toggleBox("stack-trace2010272470", this, "Click to show all stack frames", "Click to hide stack frames")'>Click to show all stack frames</a>
<div class='stack-trace' id='stack-trace2010272470'><pre>java.lang.IllegalArgumentException: Cannot get property &apos;fuel_type&apos; on null object
	at sun.reflect.NativeConstructorAccessorImpl.newInstance0(Native Method)
	at sun.reflect.NativeConstructorAccessorImpl.newInstance(NativeConstructorAccessorImpl.java:62)
	at sun.reflect.DelegatingConstructorAccessorImpl.newInstance(DelegatingConstructorAccessorImpl.java:45)
	at java.lang.reflect.Constructor.newInstance(Constructor.java:423)
	at org.codehaus.groovy.reflection.CachedConstructor.invoke(CachedConstructor.java:80)
	at org.codehaus.groovy.runtime.callsite.ConstructorSite$ConstructorSiteNoUnwrapNoCoerce.callConstructor(ConstructorSite.java:105)
	at org.codehaus.groovy.runtime.callsite.AbstractCallSite.callConstructor(AbstractCallSite.java:255)
	at com.jayway.restassured.internal.path.json.JSONAssertion.getAsJsonObject(JSONAssertion.groovy:53)
	at com.jayway.restassured.internal.path.json.JSONAssertion$getAsJsonObject.callCurrent(Unknown Source)
	at com.jayway.restassured.internal.path.json.JSONAssertion.getResult(JSONAssertion.groovy:28)
	at com.jayway.restassured.path.json.JsonPath.get(JsonPath.java:202)
	at com.jayway.restassured.path.json.JsonPath$get$0.call(Unknown Source)
	at com.jayway.restassured.internal.RestAssuredResponseOptionsGroovyImpl.path(RestAssuredResponseOptionsGroovyImpl.groovy:392)
	at com.jayway.restassured.internal.RestAssuredResponseOptionsImpl.path(RestAssuredResponseOptionsImpl.java:195)
	at com.arcapi.Buildingtestcases.ExcelTemplateMetersAPITest.ExcelTemplateMetersAPI(ExcelTemplateMetersAPITest.java:26)
	at sun.reflect.NativeMethodAccessorImpl.invoke0(Native Method)
	at sun.reflect.NativeMethodAccessorImpl.invoke(NativeMethodAccessorImpl.java:62)
	at sun.reflect.DelegatingMethodAccessorImpl.invoke(DelegatingMethodAccessorImpl.java:43)
	at java.lang.reflect.Method.invoke(Method.java:498)
	at org.testng.internal.MethodInvocationHelper.invokeMethod(MethodInvocationHelper.java:86)
	at org.testng.internal.Invoker.invokeMethod(Invoker.java:643)
	at org.testng.internal.Invoker.invokeTestMethod(Invoker.java:820)
	at org.testng.internal.Invoker.invokeTestMethods(Invoker.java:1128)
	at org.testng.internal.TestMethodWorker.invokeTestMethods(TestMethodWorker.java:129)
	at org.testng.internal.TestMethodWorker.run(TestMethodWorker.java:112)
	at org.testng.TestRunner.privateRun(TestRunner.java:782)
	at org.testng.TestRunner.run(TestRunner.java:632)
	at org.testng.SuiteRunner.runTest(SuiteRunner.java:366)
	at org.testng.SuiteRunner.runSequentially(SuiteRunner.java:361)
	at org.testng.SuiteRunner.privateRun(SuiteRunner.java:319)
	at org.testng.SuiteRunner.run(SuiteRunner.java:268)
	at org.testng.SuiteRunnerWorker.runSuite(SuiteRunnerWorker.java:52)
	at org.testng.SuiteRunnerWorker.run(SuiteRunnerWorker.java:86)
	at org.testng.TestNG.runSuitesSequentially(TestNG.java:1244)
	at org.testng.TestNG.runSuitesSequentially(TestNG.java:1240)
	at org.testng.TestNG.runSuitesLocally(TestNG.java:1169)
	at org.testng.TestNG.run(TestNG.java:1064)
	at org.testng.remote.RemoteTestNG.run(RemoteTestNG.java:113)
	at org.testng.remote.RemoteTestNG.initAndRun(RemoteTestNG.java:206)
	at org.testng.remote.RemoteTestNG.main(RemoteTestNG.java:177)
Caused by: java.lang.NullPointerException: Cannot get property &apos;fuel_type&apos; on null object
	at org.codehaus.groovy.runtime.NullObject.getProperty(NullObject.java:60)
	at org.codehaus.groovy.runtime.InvokerHelper.getProperty(InvokerHelper.java:172)
	at org.codehaus.groovy.runtime.callsite.NullCallSite.getProperty(NullCallSite.java:47)
	at org.codehaus.groovy.runtime.callsite.AbstractCallSite.callGetProperty(AbstractCallSite.java:296)
	at Script1.run(Script1.groovy:1)
	at groovy.lang.GroovyShell.evaluate(GroovyShell.java:591)
	at groovy.lang.GroovyShell.evaluate(GroovyShell.java:629)
	at groovy.lang.GroovyShell.evaluate(GroovyShell.java:600)
	at sun.reflect.GeneratedMethodAccessor266.invoke(Unknown Source)
	at sun.reflect.DelegatingMethodAccessorImpl.invoke(DelegatingMethodAccessorImpl.java:43)
	at java.lang.reflect.Method.invoke(Method.java:498)
	at org.codehaus.groovy.runtime.callsite.PogoMetaMethodSite$PogoCachedMethodSiteNoUnwrap.invoke(PogoMetaMethodSite.java:190)
	at org.codehaus.groovy.runtime.callsite.PogoMetaMethodSite.call(PogoMetaMethodSite.java:71)
	at org.codehaus.groovy.runtime.callsite.AbstractCallSite.call(AbstractCallSite.java:125)
	at com.jayway.restassured.internal.path.json.JSONAssertion.eval(JSONAssertion.groovy:76)
	at sun.reflect.GeneratedMethodAccessor265.invoke(Unknown Source)
	at sun.reflect.DelegatingMethodAccessorImpl.invoke(DelegatingMethodAccessorImpl.java:43)
	at java.lang.reflect.Method.invoke(Method.java:498)
	at org.codehaus.groovy.runtime.callsite.PogoMetaMethodSite$PogoCachedMethodSiteNoUnwrapNoCoerce.invoke(PogoMetaMethodSite.java:210)
	at org.codehaus.groovy.runtime.callsite.PogoMetaMethodSite.callCurrent(PogoMetaMethodSite.java:59)
	at org.codehaus.groovy.runtime.callsite.AbstractCallSite.callCurrent(AbstractCallSite.java:182)
	at com.jayway.restassured.internal.path.json.JSONAssertion.getAsJsonObject(JSONAssertion.groovy:46)
	... 32 more
</pre></div></td>
<td>2</td>
<td>com.arcapi.Buildingtestcases.ExcelTemplateMetersAPITest@50b494a6</td></tr>
<tr>
<td title='com.arcapi.Common.PaymentOrderSubmitPOSTAPITest.PaymentOrderSubmitPOSTAPI()'><b>PaymentOrderSubmitPOSTAPI</b><br>Test class: com.arcapi.Common.PaymentOrderSubmitPOSTAPITest<br>Parameters: DEV, ProjectIDBuildingNone, 2, CreditCardPayment</td>
<td><div><pre>java.lang.AssertionError: expected [200] but found [403]
	at com.Utill.Controller.Assertion.verifyStatusCode(Assertion.java:21)
	at com.arcapi.Common.PaymentOrderSubmitPOSTAPITest.PaymentOrderSubmitPOSTAPI(PaymentOrderSubmitPOSTAPITest.java:30)
... Removed 31 stack frames</pre></div><a href='#' onClick='toggleBox("stack-trace1339500503", this, "Click to show all stack frames", "Click to hide stack frames")'>Click to show all stack frames</a>
<div class='stack-trace' id='stack-trace1339500503'><pre>java.lang.AssertionError: expected [200] but found [403]
	at org.testng.Assert.fail(Assert.java:94)
	at org.testng.Assert.failNotEquals(Assert.java:513)
	at org.testng.Assert.assertEqualsImpl(Assert.java:135)
	at org.testng.Assert.assertEquals(Assert.java:116)
	at org.testng.Assert.assertEquals(Assert.java:389)
	at org.testng.Assert.assertEquals(Assert.java:399)
	at com.Utill.Controller.Assertion.verifyStatusCode(Assertion.java:21)
	at com.arcapi.Common.PaymentOrderSubmitPOSTAPITest.PaymentOrderSubmitPOSTAPI(PaymentOrderSubmitPOSTAPITest.java:30)
	at sun.reflect.NativeMethodAccessorImpl.invoke0(Native Method)
	at sun.reflect.NativeMethodAccessorImpl.invoke(NativeMethodAccessorImpl.java:62)
	at sun.reflect.DelegatingMethodAccessorImpl.invoke(DelegatingMethodAccessorImpl.java:43)
	at java.lang.reflect.Method.invoke(Method.java:498)
	at org.testng.internal.MethodInvocationHelper.invokeMethod(MethodInvocationHelper.java:86)
	at org.testng.internal.Invoker.invokeMethod(Invoker.java:643)
	at org.testng.internal.Invoker.invokeTestMethod(Invoker.java:820)
	at org.testng.internal.Invoker.invokeTestMethods(Invoker.java:1128)
	at org.testng.internal.TestMethodWorker.invokeTestMethods(TestMethodWorker.java:129)
	at org.testng.internal.TestMethodWorker.run(TestMethodWorker.java:112)
	at org.testng.TestRunner.privateRun(TestRunner.java:782)
	at org.testng.TestRunner.run(TestRunner.java:632)
	at org.testng.SuiteRunner.runTest(SuiteRunner.java:366)
	at org.testng.SuiteRunner.runSequentially(SuiteRunner.java:361)
	at org.testng.SuiteRunner.privateRun(SuiteRunner.java:319)
	at org.testng.SuiteRunner.run(SuiteRunner.java:268)
	at org.testng.SuiteRunnerWorker.runSuite(SuiteRunnerWorker.java:52)
	at org.testng.SuiteRunnerWorker.run(SuiteRunnerWorker.java:86)
	at org.testng.TestNG.runSuitesSequentially(TestNG.java:1244)
	at org.testng.TestNG.runSuitesSequentially(TestNG.java:1240)
	at org.testng.TestNG.runSuitesLocally(TestNG.java:1169)
	at org.testng.TestNG.run(TestNG.java:1064)
	at org.testng.remote.RemoteTestNG.run(RemoteTestNG.java:113)
	at org.testng.remote.RemoteTestNG.initAndRun(RemoteTestNG.java:206)
	at org.testng.remote.RemoteTestNG.main(RemoteTestNG.java:177)
</pre></div></td>
<td>1</td>
<td>com.arcapi.Common.PaymentOrderSubmitPOSTAPITest@627551fb</td></tr>
</table><p>
<table width='100%' border='1' class='invocation-passed'>
<tr><td colspan='4' align='center'><b>PASSED TESTS</b></td></tr>
<tr><td><b>Test method</b></td>
<td width="30%"><b>Exception</b></td>
<td width="10%"><b>Time (seconds)</b></td>
<td><b>Instance</b></td>
</tr>
<tr>
<td title='com.arcapi.Common.AssetDetailAPITest.AssetDetailAPI()'><b>AssetDetailAPI</b><br>Test class: com.arcapi.Common.AssetDetailAPITest<br>Parameters: DEV, ProjectIDBuildingNone, 2</td>
<td></td>
<td>1</td>
<td>com.arcapi.Common.AssetDetailAPITest@2758fe70</td></tr>
<tr>
<td title='com.arcapi.Buildingtestcases.CreateAssetBuildingV3APITest.CreateAssetPOSTAPI()'><b>CreateAssetPOSTAPI</b><br>Test class: com.arcapi.Buildingtestcases.CreateAssetBuildingV3APITest<br>Parameters: building, ProjectIDBuildingNone, US, none, false</td>
<td></td>
<td>4</td>
<td>com.arcapi.Buildingtestcases.CreateAssetBuildingV3APITest@5c5a1b69</td></tr>
<tr>
<td title='com.arcapi.Buildingtestcases.WasteCreate60MonthMeterDataBulkPostTest.CreateWasteMeterDataPost()'><b>CreateWasteMeterDataPost</b><br>Test class: com.arcapi.Buildingtestcases.WasteCreate60MonthMeterDataBulkPostTest</td>
<td></td>
<td>100</td>
<td>com.arcapi.Buildingtestcases.WasteCreate60MonthMeterDataBulkPostTest@1dfe2924</td></tr>
<tr>
<td title='com.arcapi.Buildingtestcases.ElectricityPurchasedFromGridCreatePOSTAPITest.ElectricityPurchasedFromGridCreatePOST()'><b>ElectricityPurchasedFromGridCreatePOST</b><br>Test class: com.arcapi.Buildingtestcases.ElectricityPurchasedFromGridCreatePOSTAPITest<br>Parameters: DEV, ProjectIDBuildingNone, 2</td>
<td></td>
<td>1</td>
<td>com.arcapi.Buildingtestcases.ElectricityPurchasedFromGridCreatePOSTAPITest@1f36e637</td></tr>
<tr>
<td title='com.arcapi.Buildingtestcases.EnergyCreate60MonthMeterDataPostTest.EnergyCreate60MonthMeterDataPost()'><b>EnergyCreate60MonthMeterDataPost</b><br>Test class: com.arcapi.Buildingtestcases.EnergyCreate60MonthMeterDataPostTest</td>
<td></td>
<td>90</td>
<td>com.arcapi.Buildingtestcases.EnergyCreate60MonthMeterDataPostTest@578486a3</td></tr>
<tr>
<td title='com.arcapi.Common.SignAgreementRegistrationAPITest.SignAgreementRegistrationAPI()'><b>SignAgreementRegistrationAPI</b><br>Test class: com.arcapi.Common.SignAgreementRegistrationAPITest<br>Parameters: DEV, ProjectIDBuildingNone, 2</td>
<td></td>
<td>2</td>
<td>com.arcapi.Common.SignAgreementRegistrationAPITest@3701eaf6</td></tr>
<tr>
<td title='com.arcapi.Buildingtestcases.SurveyAllRoutesFeedbackRegularAPIPOSTAPITest.SurveyAllRoutesFeedbackRegularAPI()'><b>SurveyAllRoutesFeedbackRegularAPI</b><br>Test class: com.arcapi.Buildingtestcases.SurveyAllRoutesFeedbackRegularAPIPOSTAPITest<br>Parameters: DEV, ProjectIDBuildingNone, 2</td>
<td></td>
<td>1</td>
<td>com.arcapi.Buildingtestcases.SurveyAllRoutesFeedbackRegularAPIPOSTAPITest@6ebc05a6</td></tr>
<tr>
<td title='com.arcapi.Buildingtestcases.SurveyAllRoutesFeedbackVisitorAPIPOSTAPITest.SurveyAllRoutesFeedbackVisitorAPI()'><b>SurveyAllRoutesFeedbackVisitorAPI</b><br>Test class: com.arcapi.Buildingtestcases.SurveyAllRoutesFeedbackVisitorAPIPOSTAPITest<br>Parameters: DEV, ProjectIDBuildingNone, 2</td>
<td></td>
<td>1</td>
<td>com.arcapi.Buildingtestcases.SurveyAllRoutesFeedbackVisitorAPIPOSTAPITest@6e6c3152</td></tr>
<tr>
<td title='com.arcapi.Buildingtestcases.TVOCCreate5YearDataPostTest.TVOCCreate5YearDataPost()'><b>TVOCCreate5YearDataPost</b><br>Test class: com.arcapi.Buildingtestcases.TVOCCreate5YearDataPostTest<br>Parameters: 2015-01-01, 2016-01-01, 150</td>
<td></td>
<td>1</td>
<td>com.arcapi.Buildingtestcases.TVOCCreate5YearDataPostTest@32709393</td></tr>
<tr>
<td title='com.arcapi.Buildingtestcases.TVOCCreate5YearDataPostTest.TVOCCreate5YearDataPost()'><b>TVOCCreate5YearDataPost</b><br>Test class: com.arcapi.Buildingtestcases.TVOCCreate5YearDataPostTest<br>Parameters: 2016-01-01, 2017-01-01, 150</td>
<td></td>
<td>1</td>
<td>com.arcapi.Buildingtestcases.TVOCCreate5YearDataPostTest@32709393</td></tr>
<tr>
<td title='com.arcapi.Buildingtestcases.TVOCCreate5YearDataPostTest.TVOCCreate5YearDataPost()'><b>TVOCCreate5YearDataPost</b><br>Test class: com.arcapi.Buildingtestcases.TVOCCreate5YearDataPostTest<br>Parameters: 2017-01-01, 2018-01-01, 150</td>
<td></td>
<td>1</td>
<td>com.arcapi.Buildingtestcases.TVOCCreate5YearDataPostTest@32709393</td></tr>
<tr>
<td title='com.arcapi.Buildingtestcases.TVOCCreate5YearDataPostTest.TVOCCreate5YearDataPost()'><b>TVOCCreate5YearDataPost</b><br>Test class: com.arcapi.Buildingtestcases.TVOCCreate5YearDataPostTest<br>Parameters: 2018-01-01, 2019-01-01, 150</td>
<td></td>
<td>1</td>
<td>com.arcapi.Buildingtestcases.TVOCCreate5YearDataPostTest@32709393</td></tr>
<tr>
<td title='com.arcapi.Buildingtestcases.TVOCCreate5YearDataPostTest.TVOCCreate5YearDataPost()'><b>TVOCCreate5YearDataPost</b><br>Test class: com.arcapi.Buildingtestcases.TVOCCreate5YearDataPostTest<br>Parameters: 2019-01-01, 2020-01-01, 150</td>
<td></td>
<td>1</td>
<td>com.arcapi.Buildingtestcases.TVOCCreate5YearDataPostTest@32709393</td></tr>
<tr>
<td title='com.arcapi.Buildingtestcases.WaterCreate60MonthMeterDataPostTest.WaterCreate60MonthMeterDataPost()'><b>WaterCreate60MonthMeterDataPost</b><br>Test class: com.arcapi.Buildingtestcases.WaterCreate60MonthMeterDataPostTest</td>
<td></td>
<td>91</td>
<td>com.arcapi.Buildingtestcases.WaterCreate60MonthMeterDataPostTest@35d176f7</td></tr>
<tr>
<td title='com.arcapi.Buildingtestcases.MunicipalitySuppliedPortableWaterCreatePOSTAPITest.municipalitySuppliedPortableWaterCreatePOSTAPI()'><b>municipalitySuppliedPortableWaterCreatePOSTAPI</b><br>Test class: com.arcapi.Buildingtestcases.MunicipalitySuppliedPortableWaterCreatePOSTAPITest<br>Parameters: DEV, ProjectIDBuildingNone, 2</td>
<td></td>
<td>1</td>
<td>com.arcapi.Buildingtestcases.MunicipalitySuppliedPortableWaterCreatePOSTAPITest@551aa95a</td></tr>
</table><p>
</body>
</html>