<html>
<head>
<title>TestNG:  CompleteFlowTest-Building-Other</title>
<link href="../testng.css" rel="stylesheet" type="text/css" />
<link href="../my-testng.css" rel="stylesheet" type="text/css" />

<style type="text/css">
.log { display: none;} 
.stack-trace { display: none;} 
</style>
<script type="text/javascript">
<!--
function flip(e) {
  current = e.style.display;
  if (current == 'block') {
    e.style.display = 'none';
    return 0;
  }
  else {
    e.style.display = 'block';
    return 1;
  }
}

function toggleBox(szDivId, elem, msg1, msg2)
{
  var res = -1;  if (document.getElementById) {
    res = flip(document.getElementById(szDivId));
  }
  else if (document.all) {
    // this is the way old msie versions work
    res = flip(document.all[szDivId]);
  }
  if(elem) {
    if(res == 0) elem.innerHTML = msg1; else elem.innerHTML = msg2;
  }

}

function toggleAllBoxes() {
  if (document.getElementsByTagName) {
    d = document.getElementsByTagName('div');
    for (i = 0; i < d.length; i++) {
      if (d[i].className == 'log') {
        flip(d[i]);
      }
    }
  }
}

// -->
</script>

</head>
<body>
<h2 align='center'>CompleteFlowTest-Building-Other</h2><table border='1' align="center">
<tr>
<td>Tests passed/Failed/Skipped:</td><td>115/9/0</td>
</tr><tr>
<td>Started on:</td><td>Fri Nov 08 11:07:39 IST 2019</td>
</tr>
<tr><td>Total time:</td><td>538 seconds (538202 ms)</td>
</tr><tr>
<td>Included groups:</td><td></td>
</tr><tr>
<td>Excluded groups:</td><td></td>
</tr>
</table><p/>
<small><i>(Hover the method name to see the test class name)</i></small><p/>
<table width='100%' border='1' class='invocation-failed'>
<tr><td colspan='4' align='center'><b>FAILED TESTS</b></td></tr>
<tr><td><b>Test method</b></td>
<td width="30%"><b>Exception</b></td>
<td width="10%"><b>Time (seconds)</b></td>
<td><b>Instance</b></td>
</tr>
<tr>
<td title='com.arcapi.Common.AddAssestTimelinePOSTAPITest.AddAssestTimeline()'><b>AddAssestTimeline</b><br>Test class: com.arcapi.Common.AddAssestTimelinePOSTAPITest<br>Parameters: DEV, ProjectIDBuildingOther, 2</td>
<td><div><pre>java.lang.AssertionError: expected [200] but found [403]
	at com.Utill.Controller.Assertion.verifyStatusCode(Assertion.java:21)
	at com.arcapi.Common.AddAssestTimelinePOSTAPITest.AddAssestTimeline(AddAssestTimelinePOSTAPITest.java:25)
... Removed 31 stack frames</pre></div><a href='#' onClick='toggleBox("stack-trace1414093109", this, "Click to show all stack frames", "Click to hide stack frames")'>Click to show all stack frames</a>
<div class='stack-trace' id='stack-trace1414093109'><pre>java.lang.AssertionError: expected [200] but found [403]
	at org.testng.Assert.fail(Assert.java:94)
	at org.testng.Assert.failNotEquals(Assert.java:513)
	at org.testng.Assert.assertEqualsImpl(Assert.java:135)
	at org.testng.Assert.assertEquals(Assert.java:116)
	at org.testng.Assert.assertEquals(Assert.java:389)
	at org.testng.Assert.assertEquals(Assert.java:399)
	at com.Utill.Controller.Assertion.verifyStatusCode(Assertion.java:21)
	at com.arcapi.Common.AddAssestTimelinePOSTAPITest.AddAssestTimeline(AddAssestTimelinePOSTAPITest.java:25)
	at sun.reflect.NativeMethodAccessorImpl.invoke0(Native Method)
	at sun.reflect.NativeMethodAccessorImpl.invoke(NativeMethodAccessorImpl.java:62)
	at sun.reflect.DelegatingMethodAccessorImpl.invoke(DelegatingMethodAccessorImpl.java:43)
	at java.lang.reflect.Method.invoke(Method.java:498)
	at org.testng.internal.MethodInvocationHelper.invokeMethod(MethodInvocationHelper.java:86)
	at org.testng.internal.Invoker.invokeMethod(Invoker.java:643)
	at org.testng.internal.Invoker.invokeTestMethod(Invoker.java:820)
	at org.testng.internal.Invoker.invokeTestMethods(Invoker.java:1128)
	at org.testng.internal.TestMethodWorker.invokeTestMethods(TestMethodWorker.java:129)
	at org.testng.internal.TestMethodWorker.run(TestMethodWorker.java:112)
	at org.testng.TestRunner.privateRun(TestRunner.java:782)
	at org.testng.TestRunner.run(TestRunner.java:632)
	at org.testng.SuiteRunner.runTest(SuiteRunner.java:366)
	at org.testng.SuiteRunner.runSequentially(SuiteRunner.java:361)
	at org.testng.SuiteRunner.privateRun(SuiteRunner.java:319)
	at org.testng.SuiteRunner.run(SuiteRunner.java:268)
	at org.testng.SuiteRunnerWorker.runSuite(SuiteRunnerWorker.java:52)
	at org.testng.SuiteRunnerWorker.run(SuiteRunnerWorker.java:86)
	at org.testng.TestNG.runSuitesSequentially(TestNG.java:1244)
	at org.testng.TestNG.runSuitesSequentially(TestNG.java:1240)
	at org.testng.TestNG.runSuitesLocally(TestNG.java:1169)
	at org.testng.TestNG.run(TestNG.java:1064)
	at org.testng.remote.RemoteTestNG.run(RemoteTestNG.java:113)
	at org.testng.remote.RemoteTestNG.initAndRun(RemoteTestNG.java:206)
	at org.testng.remote.RemoteTestNG.main(RemoteTestNG.java:177)
</pre></div></td>
<td>1</td>
<td>com.arcapi.Common.AddAssestTimelinePOSTAPITest@4f7d0008</td></tr>
<tr>
<td title='com.arcapi.Common.DownloadDocumentsAPITest.DownloadDocumentsAPI()'><b>DownloadDocumentsAPI</b><br>Test class: com.arcapi.Common.DownloadDocumentsAPITest<br>Parameters: DEV, ProjectIDBuildingOther, 2</td>
<td><div><pre>java.lang.AssertionError: expected [200] but found [400]
	at com.Utill.Controller.Assertion.verifyStatusCode(Assertion.java:21)
	at com.arcapi.Common.DownloadDocumentsAPITest.DownloadDocumentsAPI(DownloadDocumentsAPITest.java:29)
... Removed 31 stack frames</pre></div><a href='#' onClick='toggleBox("stack-trace368122875", this, "Click to show all stack frames", "Click to hide stack frames")'>Click to show all stack frames</a>
<div class='stack-trace' id='stack-trace368122875'><pre>java.lang.AssertionError: expected [200] but found [400]
	at org.testng.Assert.fail(Assert.java:94)
	at org.testng.Assert.failNotEquals(Assert.java:513)
	at org.testng.Assert.assertEqualsImpl(Assert.java:135)
	at org.testng.Assert.assertEquals(Assert.java:116)
	at org.testng.Assert.assertEquals(Assert.java:389)
	at org.testng.Assert.assertEquals(Assert.java:399)
	at com.Utill.Controller.Assertion.verifyStatusCode(Assertion.java:21)
	at com.arcapi.Common.DownloadDocumentsAPITest.DownloadDocumentsAPI(DownloadDocumentsAPITest.java:29)
	at sun.reflect.NativeMethodAccessorImpl.invoke0(Native Method)
	at sun.reflect.NativeMethodAccessorImpl.invoke(NativeMethodAccessorImpl.java:62)
	at sun.reflect.DelegatingMethodAccessorImpl.invoke(DelegatingMethodAccessorImpl.java:43)
	at java.lang.reflect.Method.invoke(Method.java:498)
	at org.testng.internal.MethodInvocationHelper.invokeMethod(MethodInvocationHelper.java:86)
	at org.testng.internal.Invoker.invokeMethod(Invoker.java:643)
	at org.testng.internal.Invoker.invokeTestMethod(Invoker.java:820)
	at org.testng.internal.Invoker.invokeTestMethods(Invoker.java:1128)
	at org.testng.internal.TestMethodWorker.invokeTestMethods(TestMethodWorker.java:129)
	at org.testng.internal.TestMethodWorker.run(TestMethodWorker.java:112)
	at org.testng.TestRunner.privateRun(TestRunner.java:782)
	at org.testng.TestRunner.run(TestRunner.java:632)
	at org.testng.SuiteRunner.runTest(SuiteRunner.java:366)
	at org.testng.SuiteRunner.runSequentially(SuiteRunner.java:361)
	at org.testng.SuiteRunner.privateRun(SuiteRunner.java:319)
	at org.testng.SuiteRunner.run(SuiteRunner.java:268)
	at org.testng.SuiteRunnerWorker.runSuite(SuiteRunnerWorker.java:52)
	at org.testng.SuiteRunnerWorker.run(SuiteRunnerWorker.java:86)
	at org.testng.TestNG.runSuitesSequentially(TestNG.java:1244)
	at org.testng.TestNG.runSuitesSequentially(TestNG.java:1240)
	at org.testng.TestNG.runSuitesLocally(TestNG.java:1169)
	at org.testng.TestNG.run(TestNG.java:1064)
	at org.testng.remote.RemoteTestNG.run(RemoteTestNG.java:113)
	at org.testng.remote.RemoteTestNG.initAndRun(RemoteTestNG.java:206)
	at org.testng.remote.RemoteTestNG.main(RemoteTestNG.java:177)
</pre></div></td>
<td>2</td>
<td>com.arcapi.Common.DownloadDocumentsAPITest@56ef9176</td></tr>
<tr>
<td title='com.arcapi.Buildingtestcases.ExcelTemplateMetersAPITest.ExcelTemplateMetersAPI()'><b>ExcelTemplateMetersAPI</b><br>Test class: com.arcapi.Buildingtestcases.ExcelTemplateMetersAPITest<br>Parameters: DEV, ProjectIDBuildingOther, 2</td>
<td><div><pre>java.lang.IllegalArgumentException: Cannot get property &apos;fuel_type&apos; on null object
	at org.codehaus.groovy.runtime.callsite.ConstructorSite$ConstructorSiteNoUnwrapNoCoerce.callConstructor(ConstructorSite.java:105)
	at org.codehaus.groovy.runtime.callsite.CallSiteArray.defaultCallConstructor(CallSiteArray.java:60)
	at org.codehaus.groovy.runtime.callsite.AbstractCallSite.callConstructor(AbstractCallSite.java:235)
	at org.codehaus.groovy.runtime.callsite.AbstractCallSite.callConstructor(AbstractCallSite.java:255)
	at com.jayway.restassured.internal.path.json.JSONAssertion.getAsJsonObject(JSONAssertion.groovy:53)
	at com.jayway.restassured.internal.path.json.JSONAssertion$getAsJsonObject.callCurrent(Unknown Source)
	at com.jayway.restassured.internal.path.json.JSONAssertion.getResult(JSONAssertion.groovy:28)
	at com.jayway.restassured.path.json.JsonPath.get(JsonPath.java:202)
	at com.jayway.restassured.path.json.JsonPath$get$0.call(Unknown Source)
	at com.jayway.restassured.internal.RestAssuredResponseOptionsGroovyImpl.path(RestAssuredResponseOptionsGroovyImpl.groovy:392)
	at com.jayway.restassured.internal.RestAssuredResponseOptionsImpl.path(RestAssuredResponseOptionsImpl.java:195)
	at com.arcapi.Buildingtestcases.ExcelTemplateMetersAPITest.ExcelTemplateMetersAPI(ExcelTemplateMetersAPITest.java:26)
Caused by: java.lang.NullPointerException: Cannot get property &apos;fuel_type&apos; on null object
	at org.codehaus.groovy.runtime.NullObject.getProperty(NullObject.java:60)
	at org.codehaus.groovy.runtime.InvokerHelper.getProperty(InvokerHelper.java:172)
	at org.codehaus.groovy.runtime.callsite.NullCallSite.getProperty(NullCallSite.java:47)
	at org.codehaus.groovy.runtime.callsite.AbstractCallSite.callGetProperty(AbstractCallSite.java:296)
	at Script1.run(Script1.groovy:1)
	at groovy.lang.GroovyShell.evaluate(GroovyShell.java:591)
	at groovy.lang.GroovyShell.evaluate(GroovyShell.java:629)
	at groovy.lang.GroovyShell.evaluate(GroovyShell.java:600)
	at org.codehaus.groovy.runtime.callsite.PogoMetaMethodSite$PogoCachedMethodSiteNoUnwrap.invoke(PogoMetaMethodSite.java:190)
	at org.codehaus.groovy.runtime.callsite.PogoMetaMethodSite.call(PogoMetaMethodSite.java:71)
	at org.codehaus.groovy.runtime.callsite.AbstractCallSite.call(AbstractCallSite.java:125)
	at com.jayway.restassured.internal.path.json.JSONAssertion.eval(JSONAssertion.groovy:76)
	at org.codehaus.groovy.runtime.callsite.PogoMetaMethodSite$PogoCachedMethodSiteNoUnwrapNoCoerce.invoke(PogoMetaMethodSite.java:210)
	at org.codehaus.groovy.runtime.callsite.PogoMetaMethodSite.callCurrent(PogoMetaMethodSite.java:59)
	at org.codehaus.groovy.runtime.callsite.AbstractCallSite.callCurrent(AbstractCallSite.java:182)
	at com.jayway.restassured.internal.path.json.JSONAssertion.getAsJsonObject(JSONAssertion.groovy:46)
	... 32 more
... Removed 36 stack frames</pre></div><a href='#' onClick='toggleBox("stack-trace305793941", this, "Click to show all stack frames", "Click to hide stack frames")'>Click to show all stack frames</a>
<div class='stack-trace' id='stack-trace305793941'><pre>java.lang.IllegalArgumentException: Cannot get property &apos;fuel_type&apos; on null object
	at sun.reflect.NativeConstructorAccessorImpl.newInstance0(Native Method)
	at sun.reflect.NativeConstructorAccessorImpl.newInstance(NativeConstructorAccessorImpl.java:62)
	at sun.reflect.DelegatingConstructorAccessorImpl.newInstance(DelegatingConstructorAccessorImpl.java:45)
	at java.lang.reflect.Constructor.newInstance(Constructor.java:423)
	at org.codehaus.groovy.reflection.CachedConstructor.invoke(CachedConstructor.java:80)
	at org.codehaus.groovy.runtime.callsite.ConstructorSite$ConstructorSiteNoUnwrapNoCoerce.callConstructor(ConstructorSite.java:105)
	at org.codehaus.groovy.runtime.callsite.CallSiteArray.defaultCallConstructor(CallSiteArray.java:60)
	at org.codehaus.groovy.runtime.callsite.AbstractCallSite.callConstructor(AbstractCallSite.java:235)
	at org.codehaus.groovy.runtime.callsite.AbstractCallSite.callConstructor(AbstractCallSite.java:255)
	at com.jayway.restassured.internal.path.json.JSONAssertion.getAsJsonObject(JSONAssertion.groovy:53)
	at com.jayway.restassured.internal.path.json.JSONAssertion$getAsJsonObject.callCurrent(Unknown Source)
	at com.jayway.restassured.internal.path.json.JSONAssertion.getResult(JSONAssertion.groovy:28)
	at com.jayway.restassured.path.json.JsonPath.get(JsonPath.java:202)
	at com.jayway.restassured.path.json.JsonPath$get$0.call(Unknown Source)
	at com.jayway.restassured.internal.RestAssuredResponseOptionsGroovyImpl.path(RestAssuredResponseOptionsGroovyImpl.groovy:392)
	at com.jayway.restassured.internal.RestAssuredResponseOptionsImpl.path(RestAssuredResponseOptionsImpl.java:195)
	at com.arcapi.Buildingtestcases.ExcelTemplateMetersAPITest.ExcelTemplateMetersAPI(ExcelTemplateMetersAPITest.java:26)
	at sun.reflect.NativeMethodAccessorImpl.invoke0(Native Method)
	at sun.reflect.NativeMethodAccessorImpl.invoke(NativeMethodAccessorImpl.java:62)
	at sun.reflect.DelegatingMethodAccessorImpl.invoke(DelegatingMethodAccessorImpl.java:43)
	at java.lang.reflect.Method.invoke(Method.java:498)
	at org.testng.internal.MethodInvocationHelper.invokeMethod(MethodInvocationHelper.java:86)
	at org.testng.internal.Invoker.invokeMethod(Invoker.java:643)
	at org.testng.internal.Invoker.invokeTestMethod(Invoker.java:820)
	at org.testng.internal.Invoker.invokeTestMethods(Invoker.java:1128)
	at org.testng.internal.TestMethodWorker.invokeTestMethods(TestMethodWorker.java:129)
	at org.testng.internal.TestMethodWorker.run(TestMethodWorker.java:112)
	at org.testng.TestRunner.privateRun(TestRunner.java:782)
	at org.testng.TestRunner.run(TestRunner.java:632)
	at org.testng.SuiteRunner.runTest(SuiteRunner.java:366)
	at org.testng.SuiteRunner.runSequentially(SuiteRunner.java:361)
	at org.testng.SuiteRunner.privateRun(SuiteRunner.java:319)
	at org.testng.SuiteRunner.run(SuiteRunner.java:268)
	at org.testng.SuiteRunnerWorker.runSuite(SuiteRunnerWorker.java:52)
	at org.testng.SuiteRunnerWorker.run(SuiteRunnerWorker.java:86)
	at org.testng.TestNG.runSuitesSequentially(TestNG.java:1244)
	at org.testng.TestNG.runSuitesSequentially(TestNG.java:1240)
	at org.testng.TestNG.runSuitesLocally(TestNG.java:1169)
	at org.testng.TestNG.run(TestNG.java:1064)
	at org.testng.remote.RemoteTestNG.run(RemoteTestNG.java:113)
	at org.testng.remote.RemoteTestNG.initAndRun(RemoteTestNG.java:206)
	at org.testng.remote.RemoteTestNG.main(RemoteTestNG.java:177)
Caused by: java.lang.NullPointerException: Cannot get property &apos;fuel_type&apos; on null object
	at org.codehaus.groovy.runtime.NullObject.getProperty(NullObject.java:60)
	at org.codehaus.groovy.runtime.InvokerHelper.getProperty(InvokerHelper.java:172)
	at org.codehaus.groovy.runtime.callsite.NullCallSite.getProperty(NullCallSite.java:47)
	at org.codehaus.groovy.runtime.callsite.AbstractCallSite.callGetProperty(AbstractCallSite.java:296)
	at Script1.run(Script1.groovy:1)
	at groovy.lang.GroovyShell.evaluate(GroovyShell.java:591)
	at groovy.lang.GroovyShell.evaluate(GroovyShell.java:629)
	at groovy.lang.GroovyShell.evaluate(GroovyShell.java:600)
	at sun.reflect.GeneratedMethodAccessor266.invoke(Unknown Source)
	at sun.reflect.DelegatingMethodAccessorImpl.invoke(DelegatingMethodAccessorImpl.java:43)
	at java.lang.reflect.Method.invoke(Method.java:498)
	at org.codehaus.groovy.runtime.callsite.PogoMetaMethodSite$PogoCachedMethodSiteNoUnwrap.invoke(PogoMetaMethodSite.java:190)
	at org.codehaus.groovy.runtime.callsite.PogoMetaMethodSite.call(PogoMetaMethodSite.java:71)
	at org.codehaus.groovy.runtime.callsite.AbstractCallSite.call(AbstractCallSite.java:125)
	at com.jayway.restassured.internal.path.json.JSONAssertion.eval(JSONAssertion.groovy:76)
	at sun.reflect.GeneratedMethodAccessor265.invoke(Unknown Source)
	at sun.reflect.DelegatingMethodAccessorImpl.invoke(DelegatingMethodAccessorImpl.java:43)
	at java.lang.reflect.Method.invoke(Method.java:498)
	at org.codehaus.groovy.runtime.callsite.PogoMetaMethodSite$PogoCachedMethodSiteNoUnwrapNoCoerce.invoke(PogoMetaMethodSite.java:210)
	at org.codehaus.groovy.runtime.callsite.PogoMetaMethodSite.callCurrent(PogoMetaMethodSite.java:59)
	at org.codehaus.groovy.runtime.callsite.AbstractCallSite.callCurrent(AbstractCallSite.java:182)
	at com.jayway.restassured.internal.path.json.JSONAssertion.getAsJsonObject(JSONAssertion.groovy:46)
	... 32 more
</pre></div></td>
<td>2</td>
<td>com.arcapi.Buildingtestcases.ExcelTemplateMetersAPITest@5ec0a365</td></tr>
<tr>
<td title='com.arcapi.Common.PaymentOrderSubmitPOSTAPITest.PaymentOrderSubmitPOSTAPI()'><b>PaymentOrderSubmitPOSTAPI</b><br>Test class: com.arcapi.Common.PaymentOrderSubmitPOSTAPITest<br>Parameters: DEV, ProjectIDBuildingOther, 2, CreditCardPayment</td>
<td><div><pre>java.lang.AssertionError: expected [200] but found [403]
	at com.Utill.Controller.Assertion.verifyStatusCode(Assertion.java:21)
	at com.arcapi.Common.PaymentOrderSubmitPOSTAPITest.PaymentOrderSubmitPOSTAPI(PaymentOrderSubmitPOSTAPITest.java:30)
... Removed 31 stack frames</pre></div><a href='#' onClick='toggleBox("stack-trace2072945115", this, "Click to show all stack frames", "Click to hide stack frames")'>Click to show all stack frames</a>
<div class='stack-trace' id='stack-trace2072945115'><pre>java.lang.AssertionError: expected [200] but found [403]
	at org.testng.Assert.fail(Assert.java:94)
	at org.testng.Assert.failNotEquals(Assert.java:513)
	at org.testng.Assert.assertEqualsImpl(Assert.java:135)
	at org.testng.Assert.assertEquals(Assert.java:116)
	at org.testng.Assert.assertEquals(Assert.java:389)
	at org.testng.Assert.assertEquals(Assert.java:399)
	at com.Utill.Controller.Assertion.verifyStatusCode(Assertion.java:21)
	at com.arcapi.Common.PaymentOrderSubmitPOSTAPITest.PaymentOrderSubmitPOSTAPI(PaymentOrderSubmitPOSTAPITest.java:30)
	at sun.reflect.NativeMethodAccessorImpl.invoke0(Native Method)
	at sun.reflect.NativeMethodAccessorImpl.invoke(NativeMethodAccessorImpl.java:62)
	at sun.reflect.DelegatingMethodAccessorImpl.invoke(DelegatingMethodAccessorImpl.java:43)
	at java.lang.reflect.Method.invoke(Method.java:498)
	at org.testng.internal.MethodInvocationHelper.invokeMethod(MethodInvocationHelper.java:86)
	at org.testng.internal.Invoker.invokeMethod(Invoker.java:643)
	at org.testng.internal.Invoker.invokeTestMethod(Invoker.java:820)
	at org.testng.internal.Invoker.invokeTestMethods(Invoker.java:1128)
	at org.testng.internal.TestMethodWorker.invokeTestMethods(TestMethodWorker.java:129)
	at org.testng.internal.TestMethodWorker.run(TestMethodWorker.java:112)
	at org.testng.TestRunner.privateRun(TestRunner.java:782)
	at org.testng.TestRunner.run(TestRunner.java:632)
	at org.testng.SuiteRunner.runTest(SuiteRunner.java:366)
	at org.testng.SuiteRunner.runSequentially(SuiteRunner.java:361)
	at org.testng.SuiteRunner.privateRun(SuiteRunner.java:319)
	at org.testng.SuiteRunner.run(SuiteRunner.java:268)
	at org.testng.SuiteRunnerWorker.runSuite(SuiteRunnerWorker.java:52)
	at org.testng.SuiteRunnerWorker.run(SuiteRunnerWorker.java:86)
	at org.testng.TestNG.runSuitesSequentially(TestNG.java:1244)
	at org.testng.TestNG.runSuitesSequentially(TestNG.java:1240)
	at org.testng.TestNG.runSuitesLocally(TestNG.java:1169)
	at org.testng.TestNG.run(TestNG.java:1064)
	at org.testng.remote.RemoteTestNG.run(RemoteTestNG.java:113)
	at org.testng.remote.RemoteTestNG.initAndRun(RemoteTestNG.java:206)
	at org.testng.remote.RemoteTestNG.main(RemoteTestNG.java:177)
</pre></div></td>
<td>1</td>
<td>com.arcapi.Common.PaymentOrderSubmitPOSTAPITest@553f17c</td></tr>
<tr>
<td title='com.arcapi.Common.PaymentReceiptAPITest.PaymentReceiptAPI()'><b>PaymentReceiptAPI</b><br>Test class: com.arcapi.Common.PaymentReceiptAPITest<br>Parameters: DEV, ProjectIDBuildingOther, 2</td>
<td><div><pre>java.lang.AssertionError: expected [200] but found [400]
	at com.Utill.Controller.Assertion.verifyStatusCode(Assertion.java:21)
	at com.arcapi.Common.PaymentReceiptAPITest.PaymentReceiptAPI(PaymentReceiptAPITest.java:22)
... Removed 31 stack frames</pre></div><a href='#' onClick='toggleBox("stack-trace1348937989", this, "Click to show all stack frames", "Click to hide stack frames")'>Click to show all stack frames</a>
<div class='stack-trace' id='stack-trace1348937989'><pre>java.lang.AssertionError: expected [200] but found [400]
	at org.testng.Assert.fail(Assert.java:94)
	at org.testng.Assert.failNotEquals(Assert.java:513)
	at org.testng.Assert.assertEqualsImpl(Assert.java:135)
	at org.testng.Assert.assertEquals(Assert.java:116)
	at org.testng.Assert.assertEquals(Assert.java:389)
	at org.testng.Assert.assertEquals(Assert.java:399)
	at com.Utill.Controller.Assertion.verifyStatusCode(Assertion.java:21)
	at com.arcapi.Common.PaymentReceiptAPITest.PaymentReceiptAPI(PaymentReceiptAPITest.java:22)
	at sun.reflect.NativeMethodAccessorImpl.invoke0(Native Method)
	at sun.reflect.NativeMethodAccessorImpl.invoke(NativeMethodAccessorImpl.java:62)
	at sun.reflect.DelegatingMethodAccessorImpl.invoke(DelegatingMethodAccessorImpl.java:43)
	at java.lang.reflect.Method.invoke(Method.java:498)
	at org.testng.internal.MethodInvocationHelper.invokeMethod(MethodInvocationHelper.java:86)
	at org.testng.internal.Invoker.invokeMethod(Invoker.java:643)
	at org.testng.internal.Invoker.invokeTestMethod(Invoker.java:820)
	at org.testng.internal.Invoker.invokeTestMethods(Invoker.java:1128)
	at org.testng.internal.TestMethodWorker.invokeTestMethods(TestMethodWorker.java:129)
	at org.testng.internal.TestMethodWorker.run(TestMethodWorker.java:112)
	at org.testng.TestRunner.privateRun(TestRunner.java:782)
	at org.testng.TestRunner.run(TestRunner.java:632)
	at org.testng.SuiteRunner.runTest(SuiteRunner.java:366)
	at org.testng.SuiteRunner.runSequentially(SuiteRunner.java:361)
	at org.testng.SuiteRunner.privateRun(SuiteRunner.java:319)
	at org.testng.SuiteRunner.run(SuiteRunner.java:268)
	at org.testng.SuiteRunnerWorker.runSuite(SuiteRunnerWorker.java:52)
	at org.testng.SuiteRunnerWorker.run(SuiteRunnerWorker.java:86)
	at org.testng.TestNG.runSuitesSequentially(TestNG.java:1244)
	at org.testng.TestNG.runSuitesSequentially(TestNG.java:1240)
	at org.testng.TestNG.runSuitesLocally(TestNG.java:1169)
	at org.testng.TestNG.run(TestNG.java:1064)
	at org.testng.remote.RemoteTestNG.run(RemoteTestNG.java:113)
	at org.testng.remote.RemoteTestNG.initAndRun(RemoteTestNG.java:206)
	at org.testng.remote.RemoteTestNG.main(RemoteTestNG.java:177)
</pre></div></td>
<td>2</td>
<td>com.arcapi.Common.PaymentReceiptAPITest@1e397ed7</td></tr>
<tr>
<td title='com.arcapi.Common.RegistrationPaymentPricingGetAPITest.RegistrationPaymentPricingGetAPI()'><b>RegistrationPaymentPricingGetAPI</b><br>Test class: com.arcapi.Common.RegistrationPaymentPricingGetAPITest<br>Parameters: DEV, ProjectIDBuildingOther, 2</td>
<td><div><pre>java.lang.AssertionError: expected [200] but found [400]
	at com.Utill.Controller.Assertion.verifyStatusCode(Assertion.java:21)
	at com.arcapi.Common.RegistrationPaymentPricingGetAPITest.RegistrationPaymentPricingGetAPI(RegistrationPaymentPricingGetAPITest.java:24)
... Removed 31 stack frames</pre></div><a href='#' onClick='toggleBox("stack-trace1198513669", this, "Click to show all stack frames", "Click to hide stack frames")'>Click to show all stack frames</a>
<div class='stack-trace' id='stack-trace1198513669'><pre>java.lang.AssertionError: expected [200] but found [400]
	at org.testng.Assert.fail(Assert.java:94)
	at org.testng.Assert.failNotEquals(Assert.java:513)
	at org.testng.Assert.assertEqualsImpl(Assert.java:135)
	at org.testng.Assert.assertEquals(Assert.java:116)
	at org.testng.Assert.assertEquals(Assert.java:389)
	at org.testng.Assert.assertEquals(Assert.java:399)
	at com.Utill.Controller.Assertion.verifyStatusCode(Assertion.java:21)
	at com.arcapi.Common.RegistrationPaymentPricingGetAPITest.RegistrationPaymentPricingGetAPI(RegistrationPaymentPricingGetAPITest.java:24)
	at sun.reflect.NativeMethodAccessorImpl.invoke0(Native Method)
	at sun.reflect.NativeMethodAccessorImpl.invoke(NativeMethodAccessorImpl.java:62)
	at sun.reflect.DelegatingMethodAccessorImpl.invoke(DelegatingMethodAccessorImpl.java:43)
	at java.lang.reflect.Method.invoke(Method.java:498)
	at org.testng.internal.MethodInvocationHelper.invokeMethod(MethodInvocationHelper.java:86)
	at org.testng.internal.Invoker.invokeMethod(Invoker.java:643)
	at org.testng.internal.Invoker.invokeTestMethod(Invoker.java:820)
	at org.testng.internal.Invoker.invokeTestMethods(Invoker.java:1128)
	at org.testng.internal.TestMethodWorker.invokeTestMethods(TestMethodWorker.java:129)
	at org.testng.internal.TestMethodWorker.run(TestMethodWorker.java:112)
	at org.testng.TestRunner.privateRun(TestRunner.java:782)
	at org.testng.TestRunner.run(TestRunner.java:632)
	at org.testng.SuiteRunner.runTest(SuiteRunner.java:366)
	at org.testng.SuiteRunner.runSequentially(SuiteRunner.java:361)
	at org.testng.SuiteRunner.privateRun(SuiteRunner.java:319)
	at org.testng.SuiteRunner.run(SuiteRunner.java:268)
	at org.testng.SuiteRunnerWorker.runSuite(SuiteRunnerWorker.java:52)
	at org.testng.SuiteRunnerWorker.run(SuiteRunnerWorker.java:86)
	at org.testng.TestNG.runSuitesSequentially(TestNG.java:1244)
	at org.testng.TestNG.runSuitesSequentially(TestNG.java:1240)
	at org.testng.TestNG.runSuitesLocally(TestNG.java:1169)
	at org.testng.TestNG.run(TestNG.java:1064)
	at org.testng.remote.RemoteTestNG.run(RemoteTestNG.java:113)
	at org.testng.remote.RemoteTestNG.initAndRun(RemoteTestNG.java:206)
	at org.testng.remote.RemoteTestNG.main(RemoteTestNG.java:177)
</pre></div></td>
<td>1</td>
<td>com.arcapi.Common.RegistrationPaymentPricingGetAPITest@5f341870</td></tr>
<tr>
<td title='com.arcapi.Common.ReviewCertificationPricingAPITest.ReviewCertificationPricingAPI()'><b>ReviewCertificationPricingAPI</b><br>Test class: com.arcapi.Common.ReviewCertificationPricingAPITest<br>Parameters: DEV, ProjectIDBuildingOther, 2, performance score</td>
<td><div><pre>java.lang.IllegalArgumentException: The parameter &quot;null&quot; was used but not defined. Define parameters using the JsonPath.params(...) function
	at org.codehaus.groovy.runtime.callsite.ConstructorSite$ConstructorSiteNoUnwrapNoCoerce.callConstructor(ConstructorSite.java:105)
	at org.codehaus.groovy.runtime.callsite.CallSiteArray.defaultCallConstructor(CallSiteArray.java:60)
	at org.codehaus.groovy.runtime.callsite.AbstractCallSite.callConstructor(AbstractCallSite.java:235)
	at org.codehaus.groovy.runtime.callsite.AbstractCallSite.callConstructor(AbstractCallSite.java:255)
	at com.jayway.restassured.internal.path.json.JSONAssertion.getAsJsonObject(JSONAssertion.groovy:50)
	at com.jayway.restassured.internal.path.json.JSONAssertion$getAsJsonObject.callCurrent(Unknown Source)
	at org.codehaus.groovy.runtime.callsite.CallSiteArray.defaultCallCurrent(CallSiteArray.java:52)
	at com.jayway.restassured.internal.path.json.JSONAssertion$getAsJsonObject.callCurrent(Unknown Source)
	at com.jayway.restassured.internal.path.json.JSONAssertion.getResult(JSONAssertion.groovy:28)
	at com.jayway.restassured.path.json.JsonPath.get(JsonPath.java:202)
	at com.jayway.restassured.path.json.JsonPath$get$0.call(Unknown Source)
	at com.jayway.restassured.internal.RestAssuredResponseOptionsGroovyImpl.path(RestAssuredResponseOptionsGroovyImpl.groovy:392)
	at com.jayway.restassured.internal.RestAssuredResponseOptionsImpl.path(RestAssuredResponseOptionsImpl.java:195)
	at com.arcapi.Common.ReviewCertificationPricingAPITest.ReviewCertificationPricingAPI(ReviewCertificationPricingAPITest.java:23)
Caused by: groovy.lang.MissingPropertyException: Exception evaluating property &apos;price&apos; for java.util.ArrayList, Reason: groovy.lang.MissingPropertyException: No such property: price for class: java.lang.String
	at org.codehaus.groovy.runtime.DefaultGroovyMethods.getAtIterable(DefaultGroovyMethods.java:7477)
	at org.codehaus.groovy.runtime.DefaultGroovyMethods.getAt(DefaultGroovyMethods.java:7466)
	at groovy.lang.MetaClassImpl$8.getProperty(MetaClassImpl.java:1972)
	at org.codehaus.groovy.runtime.callsite.GetEffectivePojoPropertySite.getProperty(GetEffectivePojoPropertySite.java:64)
	at org.codehaus.groovy.runtime.callsite.AbstractCallSite.callGetProperty(AbstractCallSite.java:296)
	at Script1.run(Script1.groovy:1)
	at groovy.lang.GroovyShell.evaluate(GroovyShell.java:591)
	at groovy.lang.GroovyShell.evaluate(GroovyShell.java:629)
	at groovy.lang.GroovyShell.evaluate(GroovyShell.java:600)
	at org.codehaus.groovy.runtime.callsite.PogoMetaMethodSite$PogoCachedMethodSiteNoUnwrap.invoke(PogoMetaMethodSite.java:190)
	at org.codehaus.groovy.runtime.callsite.PogoMetaMethodSite.call(PogoMetaMethodSite.java:71)
	at org.codehaus.groovy.runtime.callsite.AbstractCallSite.call(AbstractCallSite.java:125)
	at com.jayway.restassured.internal.path.json.JSONAssertion.eval(JSONAssertion.groovy:76)
	at org.codehaus.groovy.runtime.callsite.PogoMetaMethodSite$PogoCachedMethodSiteNoUnwrapNoCoerce.invoke(PogoMetaMethodSite.java:210)
	at org.codehaus.groovy.runtime.callsite.PogoMetaMethodSite.callCurrent(PogoMetaMethodSite.java:59)
	at org.codehaus.groovy.runtime.callsite.CallSiteArray.defaultCallCurrent(CallSiteArray.java:52)
	at org.codehaus.groovy.runtime.callsite.PogoMetaMethodSite.callCurrent(PogoMetaMethodSite.java:64)
	at org.codehaus.groovy.runtime.callsite.AbstractCallSite.callCurrent(AbstractCallSite.java:182)
	at com.jayway.restassured.internal.path.json.JSONAssertion.getAsJsonObject(JSONAssertion.groovy:46)
	... 34 more
... Removed 36 stack frames</pre></div><a href='#' onClick='toggleBox("stack-trace752997639", this, "Click to show all stack frames", "Click to hide stack frames")'>Click to show all stack frames</a>
<div class='stack-trace' id='stack-trace752997639'><pre>java.lang.IllegalArgumentException: The parameter &quot;null&quot; was used but not defined. Define parameters using the JsonPath.params(...) function
	at sun.reflect.NativeConstructorAccessorImpl.newInstance0(Native Method)
	at sun.reflect.NativeConstructorAccessorImpl.newInstance(NativeConstructorAccessorImpl.java:62)
	at sun.reflect.DelegatingConstructorAccessorImpl.newInstance(DelegatingConstructorAccessorImpl.java:45)
	at java.lang.reflect.Constructor.newInstance(Constructor.java:423)
	at org.codehaus.groovy.reflection.CachedConstructor.invoke(CachedConstructor.java:80)
	at org.codehaus.groovy.runtime.callsite.ConstructorSite$ConstructorSiteNoUnwrapNoCoerce.callConstructor(ConstructorSite.java:105)
	at org.codehaus.groovy.runtime.callsite.CallSiteArray.defaultCallConstructor(CallSiteArray.java:60)
	at org.codehaus.groovy.runtime.callsite.AbstractCallSite.callConstructor(AbstractCallSite.java:235)
	at org.codehaus.groovy.runtime.callsite.AbstractCallSite.callConstructor(AbstractCallSite.java:255)
	at com.jayway.restassured.internal.path.json.JSONAssertion.getAsJsonObject(JSONAssertion.groovy:50)
	at com.jayway.restassured.internal.path.json.JSONAssertion$getAsJsonObject.callCurrent(Unknown Source)
	at org.codehaus.groovy.runtime.callsite.CallSiteArray.defaultCallCurrent(CallSiteArray.java:52)
	at com.jayway.restassured.internal.path.json.JSONAssertion$getAsJsonObject.callCurrent(Unknown Source)
	at com.jayway.restassured.internal.path.json.JSONAssertion.getResult(JSONAssertion.groovy:28)
	at com.jayway.restassured.path.json.JsonPath.get(JsonPath.java:202)
	at com.jayway.restassured.path.json.JsonPath$get$0.call(Unknown Source)
	at com.jayway.restassured.internal.RestAssuredResponseOptionsGroovyImpl.path(RestAssuredResponseOptionsGroovyImpl.groovy:392)
	at com.jayway.restassured.internal.RestAssuredResponseOptionsImpl.path(RestAssuredResponseOptionsImpl.java:195)
	at com.arcapi.Common.ReviewCertificationPricingAPITest.ReviewCertificationPricingAPI(ReviewCertificationPricingAPITest.java:23)
	at sun.reflect.NativeMethodAccessorImpl.invoke0(Native Method)
	at sun.reflect.NativeMethodAccessorImpl.invoke(NativeMethodAccessorImpl.java:62)
	at sun.reflect.DelegatingMethodAccessorImpl.invoke(DelegatingMethodAccessorImpl.java:43)
	at java.lang.reflect.Method.invoke(Method.java:498)
	at org.testng.internal.MethodInvocationHelper.invokeMethod(MethodInvocationHelper.java:86)
	at org.testng.internal.Invoker.invokeMethod(Invoker.java:643)
	at org.testng.internal.Invoker.invokeTestMethod(Invoker.java:820)
	at org.testng.internal.Invoker.invokeTestMethods(Invoker.java:1128)
	at org.testng.internal.TestMethodWorker.invokeTestMethods(TestMethodWorker.java:129)
	at org.testng.internal.TestMethodWorker.run(TestMethodWorker.java:112)
	at org.testng.TestRunner.privateRun(TestRunner.java:782)
	at org.testng.TestRunner.run(TestRunner.java:632)
	at org.testng.SuiteRunner.runTest(SuiteRunner.java:366)
	at org.testng.SuiteRunner.runSequentially(SuiteRunner.java:361)
	at org.testng.SuiteRunner.privateRun(SuiteRunner.java:319)
	at org.testng.SuiteRunner.run(SuiteRunner.java:268)
	at org.testng.SuiteRunnerWorker.runSuite(SuiteRunnerWorker.java:52)
	at org.testng.SuiteRunnerWorker.run(SuiteRunnerWorker.java:86)
	at org.testng.TestNG.runSuitesSequentially(TestNG.java:1244)
	at org.testng.TestNG.runSuitesSequentially(TestNG.java:1240)
	at org.testng.TestNG.runSuitesLocally(TestNG.java:1169)
	at org.testng.TestNG.run(TestNG.java:1064)
	at org.testng.remote.RemoteTestNG.run(RemoteTestNG.java:113)
	at org.testng.remote.RemoteTestNG.initAndRun(RemoteTestNG.java:206)
	at org.testng.remote.RemoteTestNG.main(RemoteTestNG.java:177)
Caused by: groovy.lang.MissingPropertyException: Exception evaluating property &apos;price&apos; for java.util.ArrayList, Reason: groovy.lang.MissingPropertyException: No such property: price for class: java.lang.String
	at org.codehaus.groovy.runtime.DefaultGroovyMethods.getAtIterable(DefaultGroovyMethods.java:7477)
	at org.codehaus.groovy.runtime.DefaultGroovyMethods.getAt(DefaultGroovyMethods.java:7466)
	at groovy.lang.MetaClassImpl$8.getProperty(MetaClassImpl.java:1972)
	at org.codehaus.groovy.runtime.callsite.GetEffectivePojoPropertySite.getProperty(GetEffectivePojoPropertySite.java:64)
	at org.codehaus.groovy.runtime.callsite.AbstractCallSite.callGetProperty(AbstractCallSite.java:296)
	at Script1.run(Script1.groovy:1)
	at groovy.lang.GroovyShell.evaluate(GroovyShell.java:591)
	at groovy.lang.GroovyShell.evaluate(GroovyShell.java:629)
	at groovy.lang.GroovyShell.evaluate(GroovyShell.java:600)
	at sun.reflect.GeneratedMethodAccessor266.invoke(Unknown Source)
	at sun.reflect.DelegatingMethodAccessorImpl.invoke(DelegatingMethodAccessorImpl.java:43)
	at java.lang.reflect.Method.invoke(Method.java:498)
	at org.codehaus.groovy.runtime.callsite.PogoMetaMethodSite$PogoCachedMethodSiteNoUnwrap.invoke(PogoMetaMethodSite.java:190)
	at org.codehaus.groovy.runtime.callsite.PogoMetaMethodSite.call(PogoMetaMethodSite.java:71)
	at org.codehaus.groovy.runtime.callsite.AbstractCallSite.call(AbstractCallSite.java:125)
	at com.jayway.restassured.internal.path.json.JSONAssertion.eval(JSONAssertion.groovy:76)
	at sun.reflect.GeneratedMethodAccessor265.invoke(Unknown Source)
	at sun.reflect.DelegatingMethodAccessorImpl.invoke(DelegatingMethodAccessorImpl.java:43)
	at java.lang.reflect.Method.invoke(Method.java:498)
	at org.codehaus.groovy.runtime.callsite.PogoMetaMethodSite$PogoCachedMethodSiteNoUnwrapNoCoerce.invoke(PogoMetaMethodSite.java:210)
	at org.codehaus.groovy.runtime.callsite.PogoMetaMethodSite.callCurrent(PogoMetaMethodSite.java:59)
	at org.codehaus.groovy.runtime.callsite.CallSiteArray.defaultCallCurrent(CallSiteArray.java:52)
	at org.codehaus.groovy.runtime.callsite.PogoMetaMethodSite.callCurrent(PogoMetaMethodSite.java:64)
	at org.codehaus.groovy.runtime.callsite.AbstractCallSite.callCurrent(AbstractCallSite.java:182)
	at com.jayway.restassured.internal.path.json.JSONAssertion.getAsJsonObject(JSONAssertion.groovy:46)
	... 34 more
</pre></div></td>
<td>2</td>
<td>com.arcapi.Common.ReviewCertificationPricingAPITest@20398b7c</td></tr>
<tr>
<td title='com.arcapi.Common.SubmitReviewPOSTAPITest.SubmitReviewPOSTAPI()'><b>SubmitReviewPOSTAPI</b><br>Test class: com.arcapi.Common.SubmitReviewPOSTAPITest<br>Parameters: DEV, ProjectIDBuildingOther, 2, building, performance score</td>
<td><div><pre>java.lang.AssertionError: expected [200] but found [400]
	at com.Utill.Controller.Assertion.verifyStatusCode(Assertion.java:21)
	at com.arcapi.Common.SubmitReviewPOSTAPITest.SubmitReviewPOSTAPI(SubmitReviewPOSTAPITest.java:24)
... Removed 31 stack frames</pre></div><a href='#' onClick='toggleBox("stack-trace996821905", this, "Click to show all stack frames", "Click to hide stack frames")'>Click to show all stack frames</a>
<div class='stack-trace' id='stack-trace996821905'><pre>java.lang.AssertionError: expected [200] but found [400]
	at org.testng.Assert.fail(Assert.java:94)
	at org.testng.Assert.failNotEquals(Assert.java:513)
	at org.testng.Assert.assertEqualsImpl(Assert.java:135)
	at org.testng.Assert.assertEquals(Assert.java:116)
	at org.testng.Assert.assertEquals(Assert.java:389)
	at org.testng.Assert.assertEquals(Assert.java:399)
	at com.Utill.Controller.Assertion.verifyStatusCode(Assertion.java:21)
	at com.arcapi.Common.SubmitReviewPOSTAPITest.SubmitReviewPOSTAPI(SubmitReviewPOSTAPITest.java:24)
	at sun.reflect.NativeMethodAccessorImpl.invoke0(Native Method)
	at sun.reflect.NativeMethodAccessorImpl.invoke(NativeMethodAccessorImpl.java:62)
	at sun.reflect.DelegatingMethodAccessorImpl.invoke(DelegatingMethodAccessorImpl.java:43)
	at java.lang.reflect.Method.invoke(Method.java:498)
	at org.testng.internal.MethodInvocationHelper.invokeMethod(MethodInvocationHelper.java:86)
	at org.testng.internal.Invoker.invokeMethod(Invoker.java:643)
	at org.testng.internal.Invoker.invokeTestMethod(Invoker.java:820)
	at org.testng.internal.Invoker.invokeTestMethods(Invoker.java:1128)
	at org.testng.internal.TestMethodWorker.invokeTestMethods(TestMethodWorker.java:129)
	at org.testng.internal.TestMethodWorker.run(TestMethodWorker.java:112)
	at org.testng.TestRunner.privateRun(TestRunner.java:782)
	at org.testng.TestRunner.run(TestRunner.java:632)
	at org.testng.SuiteRunner.runTest(SuiteRunner.java:366)
	at org.testng.SuiteRunner.runSequentially(SuiteRunner.java:361)
	at org.testng.SuiteRunner.privateRun(SuiteRunner.java:319)
	at org.testng.SuiteRunner.run(SuiteRunner.java:268)
	at org.testng.SuiteRunnerWorker.runSuite(SuiteRunnerWorker.java:52)
	at org.testng.SuiteRunnerWorker.run(SuiteRunnerWorker.java:86)
	at org.testng.TestNG.runSuitesSequentially(TestNG.java:1244)
	at org.testng.TestNG.runSuitesSequentially(TestNG.java:1240)
	at org.testng.TestNG.runSuitesLocally(TestNG.java:1169)
	at org.testng.TestNG.run(TestNG.java:1064)
	at org.testng.remote.RemoteTestNG.run(RemoteTestNG.java:113)
	at org.testng.remote.RemoteTestNG.initAndRun(RemoteTestNG.java:206)
	at org.testng.remote.RemoteTestNG.main(RemoteTestNG.java:177)
</pre></div></td>
<td>5</td>
<td>com.arcapi.Common.SubmitReviewPOSTAPITest@6fc6f14e</td></tr>
<tr>
<td title='com.arcapi.Buildingtestcases.VerifyExcelTemplateConsumptionAPITest.VerifyExcelTemplateConsumptionAPI()'><b>VerifyExcelTemplateConsumptionAPI</b><br>Test class: com.arcapi.Buildingtestcases.VerifyExcelTemplateConsumptionAPITest<br>Parameters: DEV, ProjectIDBuildingOther, 2</td>
<td><div><pre>java.lang.AssertionError: expected [0.5] but found [2132]
	at com.arcapi.Buildingtestcases.VerifyExcelTemplateConsumptionAPITest.VerifyExcelTemplateConsumptionAPI(VerifyExcelTemplateConsumptionAPITest.java:55)
... Removed 31 stack frames</pre></div><a href='#' onClick='toggleBox("stack-trace1935353349", this, "Click to show all stack frames", "Click to hide stack frames")'>Click to show all stack frames</a>
<div class='stack-trace' id='stack-trace1935353349'><pre>java.lang.AssertionError: expected [0.5] but found [2132]
	at org.testng.Assert.fail(Assert.java:94)
	at org.testng.Assert.failNotEquals(Assert.java:513)
	at org.testng.Assert.assertEqualsImpl(Assert.java:135)
	at org.testng.Assert.assertEquals(Assert.java:116)
	at org.testng.Assert.assertEquals(Assert.java:190)
	at org.testng.Assert.assertEquals(Assert.java:200)
	at com.arcapi.Buildingtestcases.VerifyExcelTemplateConsumptionAPITest.VerifyExcelTemplateConsumptionAPI(VerifyExcelTemplateConsumptionAPITest.java:55)
	at sun.reflect.NativeMethodAccessorImpl.invoke0(Native Method)
	at sun.reflect.NativeMethodAccessorImpl.invoke(NativeMethodAccessorImpl.java:62)
	at sun.reflect.DelegatingMethodAccessorImpl.invoke(DelegatingMethodAccessorImpl.java:43)
	at java.lang.reflect.Method.invoke(Method.java:498)
	at org.testng.internal.MethodInvocationHelper.invokeMethod(MethodInvocationHelper.java:86)
	at org.testng.internal.Invoker.invokeMethod(Invoker.java:643)
	at org.testng.internal.Invoker.invokeTestMethod(Invoker.java:820)
	at org.testng.internal.Invoker.invokeTestMethods(Invoker.java:1128)
	at org.testng.internal.TestMethodWorker.invokeTestMethods(TestMethodWorker.java:129)
	at org.testng.internal.TestMethodWorker.run(TestMethodWorker.java:112)
	at org.testng.TestRunner.privateRun(TestRunner.java:782)
	at org.testng.TestRunner.run(TestRunner.java:632)
	at org.testng.SuiteRunner.runTest(SuiteRunner.java:366)
	at org.testng.SuiteRunner.runSequentially(SuiteRunner.java:361)
	at org.testng.SuiteRunner.privateRun(SuiteRunner.java:319)
	at org.testng.SuiteRunner.run(SuiteRunner.java:268)
	at org.testng.SuiteRunnerWorker.runSuite(SuiteRunnerWorker.java:52)
	at org.testng.SuiteRunnerWorker.run(SuiteRunnerWorker.java:86)
	at org.testng.TestNG.runSuitesSequentially(TestNG.java:1244)
	at org.testng.TestNG.runSuitesSequentially(TestNG.java:1240)
	at org.testng.TestNG.runSuitesLocally(TestNG.java:1169)
	at org.testng.TestNG.run(TestNG.java:1064)
	at org.testng.remote.RemoteTestNG.run(RemoteTestNG.java:113)
	at org.testng.remote.RemoteTestNG.initAndRun(RemoteTestNG.java:206)
	at org.testng.remote.RemoteTestNG.main(RemoteTestNG.java:177)
</pre></div></td>
<td>6</td>
<td>com.arcapi.Buildingtestcases.VerifyExcelTemplateConsumptionAPITest@4fe3c938</td></tr>
</table><p>
<table width='100%' border='1' class='invocation-passed'>
<tr><td colspan='4' align='center'><b>PASSED TESTS</b></td></tr>
<tr><td><b>Test method</b></td>
<td width="30%"><b>Exception</b></td>
<td width="10%"><b>Time (seconds)</b></td>
<td><b>Instance</b></td>
</tr>
<tr>
<td title='com.arcapi.Common.AnalysisDataGetAPITest.AnalysisDataGetAPI()'><b>AnalysisDataGetAPI</b><br>Test class: com.arcapi.Common.AnalysisDataGetAPITest<br>Parameters: DEV, ProjectIDBuildingOther, 2</td>
<td></td>
<td>1</td>
<td>com.arcapi.Common.AnalysisDataGetAPITest@5f9d02cb</td></tr>
<tr>
<td title='com.arcapi.Common.AnalysisDataSubmitPOSTAPITest.AnalysisDataSubmitPOSTAPI()'><b>AnalysisDataSubmitPOSTAPI</b><br>Test class: com.arcapi.Common.AnalysisDataSubmitPOSTAPITest<br>Parameters: DEV, ProjectIDBuildingOther, 2</td>
<td></td>
<td>0</td>
<td>com.arcapi.Common.AnalysisDataSubmitPOSTAPITest@370736d9</td></tr>
<tr>
<td title='com.arcapi.Common.AppVersionDetailAPITest.AppVersionDetailAPI()'><b>AppVersionDetailAPI</b><br>Test class: com.arcapi.Common.AppVersionDetailAPITest</td>
<td></td>
<td>1</td>
<td>com.arcapi.Common.AppVersionDetailAPITest@eec5a4a</td></tr>
<tr>
<td title='com.arcapi.Common.AssetCertificationListAPITest.AssetCertificationListAPI()'><b>AssetCertificationListAPI</b><br>Test class: com.arcapi.Common.AssetCertificationListAPITest<br>Parameters: DEV, ProjectIDBuildingOther, 2</td>
<td></td>
<td>1</td>
<td>com.arcapi.Common.AssetCertificationListAPITest@3e9b1010</td></tr>
<tr>
<td title='com.arcapi.Common.AssetCertificationPOSTAPITest.AssetCertificationPOSTAPI()'><b>AssetCertificationPOSTAPI</b><br>Test class: com.arcapi.Common.AssetCertificationPOSTAPITest<br>Parameters: DEV, ProjectIDBuildingOther, 2</td>
<td></td>
<td>1</td>
<td>com.arcapi.Common.AssetCertificationPOSTAPITest@6c3708b3</td></tr>
<tr>
<td title='com.arcapi.Common.AssetDataExportAPITest.AssetDataExportAPI()'><b>AssetDataExportAPI</b><br>Test class: com.arcapi.Common.AssetDataExportAPITest<br>Parameters: DEV, ProjectIDBuildingOther, 2</td>
<td></td>
<td>3</td>
<td>com.arcapi.Common.AssetDataExportAPITest@13a5fe33</td></tr>
<tr>
<td title='com.arcapi.Common.AssetDataSnapshotAPITest.AssetDataSnapshotAPI()'><b>AssetDataSnapshotAPI</b><br>Test class: com.arcapi.Common.AssetDataSnapshotAPITest<br>Parameters: DEV, ProjectIDBuildingOther, 2</td>
<td></td>
<td>6</td>
<td>com.arcapi.Common.AssetDataSnapshotAPITest@2ac273d3</td></tr>
<tr>
<td title='com.arcapi.Common.AssetDetailAPITest.AssetDetailAPI()'><b>AssetDetailAPI</b><br>Test class: com.arcapi.Common.AssetDetailAPITest<br>Parameters: DEV, ProjectIDBuildingOther, 2</td>
<td></td>
<td>2</td>
<td>com.arcapi.Common.AssetDetailAPITest@56ac3a89</td></tr>
<tr>
<td title='com.arcapi.Common.AssetDocumentAPITest.AssetDocumentAPI()'><b>AssetDocumentAPI</b><br>Test class: com.arcapi.Common.AssetDocumentAPITest<br>Parameters: DEV, ProjectIDBuildingOther, 2</td>
<td></td>
<td>2</td>
<td>com.arcapi.Common.AssetDocumentAPITest@13805618</td></tr>
<tr>
<td title='com.arcapi.Common.AssetListAPITest.AssetListAPI()'><b>AssetListAPI</b><br>Test class: com.arcapi.Common.AssetListAPITest</td>
<td></td>
<td>1</td>
<td>com.arcapi.Common.AssetListAPITest@59494225</td></tr>
<tr>
<td title='com.arcapi.Buildingtestcases.AssetMeterDetailAPITest.AssetMeterDetailAPI()'><b>AssetMeterDetailAPI</b><br>Test class: com.arcapi.Buildingtestcases.AssetMeterDetailAPITest<br>Parameters: DEV, ProjectIDBuildingOther, 2</td>
<td></td>
<td>1</td>
<td>com.arcapi.Buildingtestcases.AssetMeterDetailAPITest@69ea3742</td></tr>
<tr>
<td title='com.arcapi.Common.AssetNotificationSubscriptionListTest.AssetNotificationSubscriptionList()'><b>AssetNotificationSubscriptionList</b><br>Test class: com.arcapi.Common.AssetNotificationSubscriptionListTest<br>Parameters: DEV, ProjectIDBuildingOther, 2</td>
<td></td>
<td>1</td>
<td>com.arcapi.Common.AssetNotificationSubscriptionListTest@4e1d422d</td></tr>
<tr>
<td title='com.arcapi.Common.AssetNotificationSubscriptionPostTest.AssetNotificationSubscriptionPost()'><b>AssetNotificationSubscriptionPost</b><br>Test class: com.arcapi.Common.AssetNotificationSubscriptionPostTest<br>Parameters: DEV, ProjectIDBuildingOther, 2</td>
<td></td>
<td>1</td>
<td>com.arcapi.Common.AssetNotificationSubscriptionPostTest@66480dd7</td></tr>
<tr>
<td title='com.arcapi.Common.AssetOwnerOrgPOSTAPITest.AssetOwnerOrgPOSTAPI()'><b>AssetOwnerOrgPOSTAPI</b><br>Test class: com.arcapi.Common.AssetOwnerOrgPOSTAPITest</td>
<td></td>
<td>2</td>
<td>com.arcapi.Common.AssetOwnerOrgPOSTAPITest@6e06451e</td></tr>
<tr>
<td title='com.arcapi.Common.AssetPerformanceScoreListAPITest.AssetPerformanceScoreListAPI()'><b>AssetPerformanceScoreListAPI</b><br>Test class: com.arcapi.Common.AssetPerformanceScoreListAPITest<br>Parameters: DEV, ProjectIDBuildingOther, 2</td>
<td></td>
<td>1</td>
<td>com.arcapi.Common.AssetPerformanceScoreListAPITest@3108bc</td></tr>
<tr>
<td title='com.arcapi.Common.AssetRequiredFieldsAPITest.AssetRequiredFieldsAPI()'><b>AssetRequiredFieldsAPI</b><br>Test class: com.arcapi.Common.AssetRequiredFieldsAPITest<br>Parameters: DEV, ProjectIDBuildingOther, 2</td>
<td></td>
<td>1</td>
<td>com.arcapi.Common.AssetRequiredFieldsAPITest@185d8b6</td></tr>
<tr>
<td title='com.arcapi.Common.AssetSearchAPITest.AssetSearchAPI()'><b>AssetSearchAPI</b><br>Test class: com.arcapi.Common.AssetSearchAPITest<br>Parameters: DEV, ProjectIDBuildingOther, 2</td>
<td></td>
<td>1</td>
<td>com.arcapi.Common.AssetSearchAPITest@3c0ecd4b</td></tr>
<tr>
<td title='com.arcapi.Common.AssetSearchOwnerAPITest.AssetSearchOwnerAPI()'><b>AssetSearchOwnerAPI</b><br>Test class: com.arcapi.Common.AssetSearchOwnerAPITest<br>Parameters: DEV, ProjectIDBuildingOther, 2</td>
<td></td>
<td>1</td>
<td>com.arcapi.Common.AssetSearchOwnerAPITest@72d818d1</td></tr>
<tr>
<td title='com.arcapi.Common.AssetSnapshotKeysAPITest.AssetSnapshotKeysAPI()'><b>AssetSnapshotKeysAPI</b><br>Test class: com.arcapi.Common.AssetSnapshotKeysAPITest<br>Parameters: DEV, ProjectIDBuildingOther, 2</td>
<td></td>
<td>1</td>
<td>com.arcapi.Common.AssetSnapshotKeysAPITest@731a74c</td></tr>
<tr>
<td title='com.arcapi.Common.AssetTeamMemberAddPOSTAPITest.AssetTeamMemberAddPOSTAPI()'><b>AssetTeamMemberAddPOSTAPI</b><br>Test class: com.arcapi.Common.AssetTeamMemberAddPOSTAPITest<br>Parameters: DEV, ProjectIDBuildingOther, 2</td>
<td></td>
<td>1</td>
<td>com.arcapi.Common.AssetTeamMemberAddPOSTAPITest@7e0b0338</td></tr>
<tr>
<td title='com.arcapi.Common.AssetArcProjectAdminAddPOSTAPITest.AssetTeamMemberAddPOSTAPI()'><b>AssetTeamMemberAddPOSTAPI</b><br>Test class: com.arcapi.Common.AssetArcProjectAdminAddPOSTAPITest<br>Parameters: DEV, ProjectIDBuildingOther, 2</td>
<td></td>
<td>1</td>
<td>com.arcapi.Common.AssetArcProjectAdminAddPOSTAPITest@3327bd23</td></tr>
<tr>
<td title='com.arcapi.Common.AssetTeamMemberListAPITest.AssetTeamMemberListAPI()'><b>AssetTeamMemberListAPI</b><br>Test class: com.arcapi.Common.AssetTeamMemberListAPITest<br>Parameters: DEV, ProjectIDBuildingOther, 2</td>
<td></td>
<td>1</td>
<td>com.arcapi.Common.AssetTeamMemberListAPITest@6e1ec318</td></tr>
<tr>
<td title='com.arcapi.Common.AssetTeamMemberRemoveAPITest.AssetTeamMemberRemoveAPI()'><b>AssetTeamMemberRemoveAPI</b><br>Test class: com.arcapi.Common.AssetTeamMemberRemoveAPITest<br>Parameters: DEV, ProjectIDBuildingOther, 2</td>
<td></td>
<td>1</td>
<td>com.arcapi.Common.AssetTeamMemberRemoveAPITest@1e127982</td></tr>
<tr>
<td title='com.arcapi.Common.AssetTeamMemberRoleAPITest.AssetTeamMemberRoleAPI()'><b>AssetTeamMemberRoleAPI</b><br>Test class: com.arcapi.Common.AssetTeamMemberRoleAPITest<br>Parameters: DEV, ProjectIDBuildingOther, 2</td>
<td></td>
<td>1</td>
<td>com.arcapi.Common.AssetTeamMemberRoleAPITest@10bdf5e5</td></tr>
<tr>
<td title='com.arcapi.Common.AssetTeamMemberUpdateAPITest.AssetTeamMemberUpdateAPI()'><b>AssetTeamMemberUpdateAPI</b><br>Test class: com.arcapi.Common.AssetTeamMemberUpdateAPITest<br>Parameters: DEV, ProjectIDBuildingOther, 2</td>
<td></td>
<td>1</td>
<td>com.arcapi.Common.AssetTeamMemberUpdateAPITest@617faa95</td></tr>
<tr>
<td title='com.arcapi.Common.AssetTeamPermissionListAPITest.AssetTeamPermissionListAPI()'><b>AssetTeamPermissionListAPI</b><br>Test class: com.arcapi.Common.AssetTeamPermissionListAPITest<br>Parameters: DEV, ProjectIDBuildingOther, 2</td>
<td></td>
<td>1</td>
<td>com.arcapi.Common.AssetTeamPermissionListAPITest@31610302</td></tr>
<tr>
<td title='com.arcapi.Common.AssetTeamPermissionPostAPITest.AssetTeamPermissionPostAPI()'><b>AssetTeamPermissionPostAPI</b><br>Test class: com.arcapi.Common.AssetTeamPermissionPostAPITest<br>Parameters: DEV, ProjectIDBuildingOther, 2</td>
<td></td>
<td>1</td>
<td>com.arcapi.Common.AssetTeamPermissionPostAPITest@71318ec4</td></tr>
<tr>
<td title='com.arcapi.Common.AssetTeamPermissionPutAPITest.AssetTeamPermissionPutAPI()'><b>AssetTeamPermissionPutAPI</b><br>Test class: com.arcapi.Common.AssetTeamPermissionPutAPITest<br>Parameters: DEV, ProjectIDBuildingOther, 2</td>
<td></td>
<td>1</td>
<td>com.arcapi.Common.AssetTeamPermissionPutAPITest@21213b92</td></tr>
<tr>
<td title='com.arcapi.Buildingtestcases.AssetUpdateBuildingAPITest.AssetUpdateforNewAssetPUTAPI()'><b>AssetUpdateforNewAssetPUTAPI</b><br>Test class: com.arcapi.Buildingtestcases.AssetUpdateBuildingAPITest<br>Parameters: DEV, ProjectIDBuildingOther, 2</td>
<td></td>
<td>1</td>
<td>com.arcapi.Buildingtestcases.AssetUpdateBuildingAPITest@6e1567f1</td></tr>
<tr>
<td title='com.arcapi.Common.AssetValidationInfoPOSTAPITest.AssetValidationInfoPOSTAPI()'><b>AssetValidationInfoPOSTAPI</b><br>Test class: com.arcapi.Common.AssetValidationInfoPOSTAPITest</td>
<td></td>
<td>3</td>
<td>com.arcapi.Common.AssetValidationInfoPOSTAPITest@27c20538</td></tr>
<tr>
<td title='com.arcapi.Common.AssociatedCategoriesAPITest.AssociatedCategoriesAPI()'><b>AssociatedCategoriesAPI</b><br>Test class: com.arcapi.Common.AssociatedCategoriesAPITest</td>
<td></td>
<td>1</td>
<td>com.arcapi.Common.AssociatedCategoriesAPITest@335eadca</td></tr>
<tr>
<td title='com.arcapi.Common.AvgPerformaceListGetTest.AvgPerformaceList()'><b>AvgPerformaceList</b><br>Test class: com.arcapi.Common.AvgPerformaceListGetTest</td>
<td></td>
<td>1</td>
<td>com.arcapi.Common.AvgPerformaceListGetTest@4b4523f8</td></tr>
<tr>
<td title='com.arcapi.Buildingtestcases.CO2GetTest.CO2GetTestAPI()'><b>CO2GetTestAPI</b><br>Test class: com.arcapi.Buildingtestcases.CO2GetTest<br>Parameters: DEV, ProjectIDBuildingOther, 2</td>
<td></td>
<td>1</td>
<td>com.arcapi.Buildingtestcases.CO2GetTest@63753b6d</td></tr>
<tr>
<td title='com.arcapi.Buildingtestcases.ConsumptionCreatePOSTAPITest.ConsumptionCreatePOSTAPI()'><b>ConsumptionCreatePOSTAPI</b><br>Test class: com.arcapi.Buildingtestcases.ConsumptionCreatePOSTAPITest<br>Parameters: DEV, ProjectIDBuildingOther, 2</td>
<td></td>
<td>2</td>
<td>com.arcapi.Buildingtestcases.ConsumptionCreatePOSTAPITest@4bec1f0c</td></tr>
<tr>
<td title='com.arcapi.Buildingtestcases.ConsumptionDeleteAPITest.ConsumptionDeleteAPI()'><b>ConsumptionDeleteAPI</b><br>Test class: com.arcapi.Buildingtestcases.ConsumptionDeleteAPITest<br>Parameters: DEV, ProjectIDBuildingOther, 2</td>
<td></td>
<td>1</td>
<td>com.arcapi.Buildingtestcases.ConsumptionDeleteAPITest@6adede5</td></tr>
<tr>
<td title='com.arcapi.Buildingtestcases.ConsumptionDetailAPITest.ConsumptionDetailAPI()'><b>ConsumptionDetailAPI</b><br>Test class: com.arcapi.Buildingtestcases.ConsumptionDetailAPITest<br>Parameters: DEV, ProjectIDBuildingOther, 2</td>
<td></td>
<td>1</td>
<td>com.arcapi.Buildingtestcases.ConsumptionDetailAPITest@29ca901e</td></tr>
<tr>
<td title='com.arcapi.Buildingtestcases.ConsumptionListAPITest.ConsumptionListAPI()'><b>ConsumptionListAPI</b><br>Test class: com.arcapi.Buildingtestcases.ConsumptionListAPITest<br>Parameters: DEV, ProjectIDBuildingOther, 2</td>
<td></td>
<td>1</td>
<td>com.arcapi.Buildingtestcases.ConsumptionListAPITest@73846619</td></tr>
<tr>
<td title='com.arcapi.Buildingtestcases.ConsumptionUpdatePUTAPITest.ConsumptionUpdatePUTAPI()'><b>ConsumptionUpdatePUTAPI</b><br>Test class: com.arcapi.Buildingtestcases.ConsumptionUpdatePUTAPITest<br>Parameters: DEV, ProjectIDBuildingOther, 2</td>
<td></td>
<td>1</td>
<td>com.arcapi.Buildingtestcases.ConsumptionUpdatePUTAPITest@5649fd9b</td></tr>
<tr>
<td title='com.arcapi.Common.CountryStatesJSONAPITest.CountryStatesJSONAPI()'><b>CountryStatesJSONAPI</b><br>Test class: com.arcapi.Common.CountryStatesJSONAPITest</td>
<td></td>
<td>1</td>
<td>com.arcapi.Common.CountryStatesJSONAPITest@67784306</td></tr>
<tr>
<td title='com.arcapi.Buildingtestcases.CreateAssetBuildingV3APITest.CreateAssetPOSTAPI()'><b>CreateAssetPOSTAPI</b><br>Test class: com.arcapi.Buildingtestcases.CreateAssetBuildingV3APITest<br>Parameters: building, ProjectIDBuildingOther, US, other, false</td>
<td></td>
<td>4</td>
<td>com.arcapi.Buildingtestcases.CreateAssetBuildingV3APITest@598067a5</td></tr>
<tr>
<td title='com.arcapi.Common.DataSnapshotBeforeReviewGETAPITest.DataSnapshotBeforeReviewGETAPI()'><b>DataSnapshotBeforeReviewGETAPI</b><br>Test class: com.arcapi.Common.DataSnapshotBeforeReviewGETAPITest<br>Parameters: DEV, ProjectIDBuildingOther, 2</td>
<td></td>
<td>1</td>
<td>com.arcapi.Common.DataSnapshotBeforeReviewGETAPITest@31a5c39e</td></tr>
<tr>
<td title='com.arcapi.Common.DeleteAllAppsAPITest.DeleteAllAppsAPI()'><b>DeleteAllAppsAPI</b><br>Test class: com.arcapi.Common.DeleteAllAppsAPITest<br>Parameters: DEV, ProjectIDBuildingOther, 2</td>
<td></td>
<td>4</td>
<td>com.arcapi.Common.DeleteAllAppsAPITest@60c6f5b</td></tr>
<tr>
<td title='com.arcapi.Common.EnvironmentSurveyExportAPITest.EnvironmentSurveyExportAPI()'><b>EnvironmentSurveyExportAPI</b><br>Test class: com.arcapi.Common.EnvironmentSurveyExportAPITest<br>Parameters: DEV, ProjectIDBuildingOther, 2</td>
<td></td>
<td>1</td>
<td>com.arcapi.Common.EnvironmentSurveyExportAPITest@527740a2</td></tr>
<tr>
<td title='com.arcapi.Common.FeedbackSubmitPostAPITest.FeedbackSubmitPostAPI()'><b>FeedbackSubmitPostAPI</b><br>Test class: com.arcapi.Common.FeedbackSubmitPostAPITest<br>Parameters: DEV, ProjectIDBuildingOther, 2</td>
<td></td>
<td>1</td>
<td>com.arcapi.Common.FeedbackSubmitPostAPITest@4e9ba398</td></tr>
<tr>
<td title='com.arcapi.Common.FetchingAgreementDetailsAPITest.FetchingAgreementDetailsAPI()'><b>FetchingAgreementDetailsAPI</b><br>Test class: com.arcapi.Common.FetchingAgreementDetailsAPITest<br>Parameters: DEV, ProjectIDBuildingOther, 2</td>
<td></td>
<td>2</td>
<td>com.arcapi.Common.FetchingAgreementDetailsAPITest@1ed4004b</td></tr>
<tr>
<td title='com.arcapi.Common.FuelCategoryAPITest.FuelCategoryAPI()'><b>FuelCategoryAPI</b><br>Test class: com.arcapi.Common.FuelCategoryAPITest</td>
<td></td>
<td>1</td>
<td>com.arcapi.Common.FuelCategoryAPITest@2b2948e2</td></tr>
<tr>
<td title='com.arcapi.Common.GetAllDocumentListAPITest.GetAllDocumentListAPI()'><b>GetAllDocumentListAPI</b><br>Test class: com.arcapi.Common.GetAllDocumentListAPITest<br>Parameters: DEV, ProjectIDBuildingOther, 2</td>
<td></td>
<td>1</td>
<td>com.arcapi.Common.GetAllDocumentListAPITest@6ddf90b0</td></tr>
<tr>
<td title='com.arcapi.Buildingtestcases.GhgCalcGetTest.GhgCalcGet()'><b>GhgCalcGet</b><br>Test class: com.arcapi.Buildingtestcases.GhgCalcGetTest<br>Parameters: DEV, ProjectIDBuildingOther, 2</td>
<td></td>
<td>1</td>
<td>com.arcapi.Buildingtestcases.GhgCalcGetTest@6536e911</td></tr>
<tr>
<td title='com.arcapi.Buildingtestcases.GhgGetTest.GhgGetTestAPI()'><b>GhgGetTestAPI</b><br>Test class: com.arcapi.Buildingtestcases.GhgGetTest<br>Parameters: DEV, ProjectIDBuildingOther, 2</td>
<td></td>
<td>1</td>
<td>com.arcapi.Buildingtestcases.GhgGetTest@6b09bb57</td></tr>
<tr>
<td title='com.arcapi.Common.InstallAllAppsAfterDeleteAPITest.InstallAllAppsAfterDeleteAPI()'><b>InstallAllAppsAfterDeleteAPI</b><br>Test class: com.arcapi.Common.InstallAllAppsAfterDeleteAPITest<br>Parameters: DEV, ProjectIDBuildingOther, 2</td>
<td></td>
<td>4</td>
<td>com.arcapi.Common.InstallAllAppsAfterDeleteAPITest@2038ae61</td></tr>
<tr>
<td title='com.arcapi.Common.LoginAPITest.LoginAPI()'><b>LoginAPI</b><br>Test class: com.arcapi.Common.LoginAPITest</td>
<td></td>
<td>6</td>
<td>com.arcapi.Common.LoginAPITest@31ef45e3</td></tr>
<tr>
<td title='com.arcapi.Common.MeasureCommentAddPostAPITest.MeasureCommentAddPostAPI()'><b>MeasureCommentAddPostAPI</b><br>Test class: com.arcapi.Common.MeasureCommentAddPostAPITest<br>Parameters: DEV, ProjectIDBuildingOther, 2</td>
<td></td>
<td>1</td>
<td>com.arcapi.Common.MeasureCommentAddPostAPITest@1ce92674</td></tr>
<tr>
<td title='com.arcapi.Common.MeasureCommentQuerySetGetAPITest.MeasureCommentQuerySetGetAPI()'><b>MeasureCommentQuerySetGetAPI</b><br>Test class: com.arcapi.Common.MeasureCommentQuerySetGetAPITest<br>Parameters: DEV, ProjectIDBuildingOther, 2</td>
<td></td>
<td>1</td>
<td>com.arcapi.Common.MeasureCommentQuerySetGetAPITest@5700d6b1</td></tr>
<tr>
<td title='com.arcapi.Common.MeasureCommentReplayPostAPITest.MeasureCommentReplayPostAPI()'><b>MeasureCommentReplayPostAPI</b><br>Test class: com.arcapi.Common.MeasureCommentReplayPostAPITest<br>Parameters: DEV, ProjectIDBuildingOther, 2</td>
<td></td>
<td>1</td>
<td>com.arcapi.Common.MeasureCommentReplayPostAPITest@6fd02e5</td></tr>
<tr>
<td title='com.arcapi.Buildingtestcases.MeterBulkConsumptionPOSTAPITest.MeterBulkConsumptionPOSTAPI()'><b>MeterBulkConsumptionPOSTAPI</b><br>Test class: com.arcapi.Buildingtestcases.MeterBulkConsumptionPOSTAPITest<br>Parameters: DEV, ProjectIDBuildingOther, 2</td>
<td></td>
<td>1</td>
<td>com.arcapi.Buildingtestcases.MeterBulkConsumptionPOSTAPITest@3159c4b8</td></tr>
<tr>
<td title='com.arcapi.Buildingtestcases.MeterCreatePOSTAPITest.MeterCreatePOSTAPI()'><b>MeterCreatePOSTAPI</b><br>Test class: com.arcapi.Buildingtestcases.MeterCreatePOSTAPITest<br>Parameters: DEV, ProjectIDBuildingOther, 2</td>
<td></td>
<td>1</td>
<td>com.arcapi.Buildingtestcases.MeterCreatePOSTAPITest@5702b3b1</td></tr>
<tr>
<td title='com.arcapi.Buildingtestcases.MeterDeleteAPITest.MeterDeleteAPI()'><b>MeterDeleteAPI</b><br>Test class: com.arcapi.Buildingtestcases.MeterDeleteAPITest<br>Parameters: DEV, ProjectIDBuildingOther, 2</td>
<td></td>
<td>1</td>
<td>com.arcapi.Buildingtestcases.MeterDeleteAPITest@2d928643</td></tr>
<tr>
<td title='com.arcapi.Buildingtestcases.MeterUpdatePUTAPITest.MeterUpdatePUTAPI()'><b>MeterUpdatePUTAPI</b><br>Test class: com.arcapi.Buildingtestcases.MeterUpdatePUTAPITest<br>Parameters: DEV, ProjectIDBuildingOther, 2</td>
<td></td>
<td>1</td>
<td>com.arcapi.Buildingtestcases.MeterUpdatePUTAPITest@4b952a2d</td></tr>
<tr>
<td title='com.arcapi.Buildingtestcases.MetersAPITest.MetersAPI()'><b>MetersAPI</b><br>Test class: com.arcapi.Buildingtestcases.MetersAPITest<br>Parameters: DEV, ProjectIDBuildingOther, 2</td>
<td></td>
<td>1</td>
<td>com.arcapi.Buildingtestcases.MetersAPITest@25bbe1b6</td></tr>
<tr>
<td title='com.arcapi.Common.NotificationCreatePOSTAPITest.NotificationCreatePOSTAPI()'><b>NotificationCreatePOSTAPI</b><br>Test class: com.arcapi.Common.NotificationCreatePOSTAPITest<br>Parameters: DEV, ProjectIDBuildingOther, 2</td>
<td></td>
<td>1</td>
<td>com.arcapi.Common.NotificationCreatePOSTAPITest@3632be31</td></tr>
<tr>
<td title='com.arcapi.Common.MeasureCommentDeleteAPITest.NotificationDeleteAPI()'><b>NotificationDeleteAPI</b><br>Test class: com.arcapi.Common.MeasureCommentDeleteAPITest<br>Parameters: DEV, ProjectIDBuildingOther, 2</td>
<td></td>
<td>1</td>
<td>com.arcapi.Common.MeasureCommentDeleteAPITest@5bcab519</td></tr>
<tr>
<td title='com.arcapi.Common.NotificationDeleteAPITest.NotificationDeleteAPI()'><b>NotificationDeleteAPI</b><br>Test class: com.arcapi.Common.NotificationDeleteAPITest<br>Parameters: DEV, ProjectIDBuildingOther, 2</td>
<td></td>
<td>1</td>
<td>com.arcapi.Common.NotificationDeleteAPITest@2286778</td></tr>
<tr>
<td title='com.arcapi.Common.NotificationGetAPITest.NotificationGetAPI()'><b>NotificationGetAPI</b><br>Test class: com.arcapi.Common.NotificationGetAPITest<br>Parameters: DEV, ProjectIDBuildingOther, 2</td>
<td></td>
<td>1</td>
<td>com.arcapi.Common.NotificationGetAPITest@5abca1e0</td></tr>
<tr>
<td title='com.arcapi.Common.NotificationSubscriptionDetailGetTest.NotificationSubscriptionDetail()'><b>NotificationSubscriptionDetail</b><br>Test class: com.arcapi.Common.NotificationSubscriptionDetailGetTest<br>Parameters: DEV, ProjectIDBuildingOther, 2</td>
<td></td>
<td>1</td>
<td>com.arcapi.Common.NotificationSubscriptionDetailGetTest@52a86356</td></tr>
<tr>
<td title='com.arcapi.Common.NotificationSubscriptionDetailPutTest.NotificationSubscriptionDetail()'><b>NotificationSubscriptionDetail</b><br>Test class: com.arcapi.Common.NotificationSubscriptionDetailPutTest<br>Parameters: DEV, ProjectIDBuildingOther, 2</td>
<td></td>
<td>1</td>
<td>com.arcapi.Common.NotificationSubscriptionDetailPutTest@5ce81285</td></tr>
<tr>
<td title='com.arcapi.Common.NotificationSubscriptionDetailDeleteTest.NotificationSubscriptionDetailDelete()'><b>NotificationSubscriptionDetailDelete</b><br>Test class: com.arcapi.Common.NotificationSubscriptionDetailDeleteTest<br>Parameters: DEV, ProjectIDBuildingOther, 2</td>
<td></td>
<td>1</td>
<td>com.arcapi.Common.NotificationSubscriptionDetailDeleteTest@78c03f1f</td></tr>
<tr>
<td title='com.arcapi.Common.PaymentHistoryAPITest.PaymentHistoryAPI()'><b>PaymentHistoryAPI</b><br>Test class: com.arcapi.Common.PaymentHistoryAPITest<br>Parameters: DEV, ProjectIDBuildingOther, 2</td>
<td></td>
<td>1</td>
<td>com.arcapi.Common.PaymentHistoryAPITest@490ab905</td></tr>
<tr>
<td title='com.arcapi.Common.PaymentOrderGetAPITest.PaymentOrderGetAPI()'><b>PaymentOrderGetAPI</b><br>Test class: com.arcapi.Common.PaymentOrderGetAPITest<br>Parameters: DEV, ProjectIDBuildingOther, 2</td>
<td></td>
<td>1</td>
<td>com.arcapi.Common.PaymentOrderGetAPITest@3f49dace</td></tr>
<tr>
<td title='com.arcapi.Common.PerformanceComparablesGetAPITest.PerformanceComparablesGetAPI()'><b>PerformanceComparablesGetAPI</b><br>Test class: com.arcapi.Common.PerformanceComparablesGetAPITest</td>
<td></td>
<td>1</td>
<td>com.arcapi.Common.PerformanceComparablesGetAPITest@57536d79</td></tr>
<tr>
<td title='com.arcapi.Common.RatingSystemListAPITest.RatingSystemListAPI()'><b>RatingSystemListAPI</b><br>Test class: com.arcapi.Common.RatingSystemListAPITest</td>
<td></td>
<td>1</td>
<td>com.arcapi.Common.RatingSystemListAPITest@210366b4</td></tr>
<tr>
<td title='com.arcapi.Common.RecomputePerformanceScoreGetTest.RecomputePerformanceScoreGet()'><b>RecomputePerformanceScoreGet</b><br>Test class: com.arcapi.Common.RecomputePerformanceScoreGetTest<br>Parameters: DEV, ProjectIDBuildingOther, 2</td>
<td></td>
<td>8</td>
<td>com.arcapi.Common.RecomputePerformanceScoreGetTest@71423665</td></tr>
<tr>
<td title='com.arcapi.Common.ReviewPaymentIntimationGetAPITest.ReviewPaymentIntimationGetAPI()'><b>ReviewPaymentIntimationGetAPI</b><br>Test class: com.arcapi.Common.ReviewPaymentIntimationGetAPITest<br>Parameters: DEV, ProjectIDBuildingOther, 2</td>
<td></td>
<td>1</td>
<td>com.arcapi.Common.ReviewPaymentIntimationGetAPITest@13deb50e</td></tr>
<tr>
<td title='com.arcapi.Common.S3DocumentListAPITest.S3DocumentListAPI()'><b>S3DocumentListAPI</b><br>Test class: com.arcapi.Common.S3DocumentListAPITest<br>Parameters: DEV, ProjectIDBuildingOther, 2</td>
<td></td>
<td>1</td>
<td>com.arcapi.Common.S3DocumentListAPITest@31dc339b</td></tr>
<tr>
<td title='com.arcapi.Common.S3DocumentRemoveAPITest.S3DocumentRemoveAPI()'><b>S3DocumentRemoveAPI</b><br>Test class: com.arcapi.Common.S3DocumentRemoveAPITest<br>Parameters: DEV, ProjectIDBuildingOther, 2</td>
<td></td>
<td>1</td>
<td>com.arcapi.Common.S3DocumentRemoveAPITest@544fe44c</td></tr>
<tr>
<td title='com.arcapi.Common.S3DocumentUploadPOSTAPITest.S3DocumentUploadPOSTAPI()'><b>S3DocumentUploadPOSTAPI</b><br>Test class: com.arcapi.Common.S3DocumentUploadPOSTAPITest<br>Parameters: DEV, ProjectIDBuildingOther, 2</td>
<td></td>
<td>14</td>
<td>com.arcapi.Common.S3DocumentUploadPOSTAPITest@3c0f93f1</td></tr>
<tr>
<td title='com.arcapi.Common.ScoreCodeVersionQuerysetGetAPITest.ScoreCodeVersionQuerysetGetAPI()'><b>ScoreCodeVersionQuerysetGetAPI</b><br>Test class: com.arcapi.Common.ScoreCodeVersionQuerysetGetAPITest<br>Parameters: DEV, ProjectIDBuildingOther, 2</td>
<td></td>
<td>1</td>
<td>com.arcapi.Common.ScoreCodeVersionQuerysetGetAPITest@6500df86</td></tr>
<tr>
<td title='com.arcapi.Common.ScoreImprovementGetAssetAPITest.ScoreImprovementGetAssetAPI()'><b>ScoreImprovementGetAssetAPI</b><br>Test class: com.arcapi.Common.ScoreImprovementGetAssetAPITest<br>Parameters: DEV, ProjectIDBuildingOther, 2</td>
<td></td>
<td>1</td>
<td>com.arcapi.Common.ScoreImprovementGetAssetAPITest@369f73a2</td></tr>
<tr>
<td title='com.arcapi.Common.ScoreVersionCompareGetAPITest.ScoreVersionCompareGetAPI()'><b>ScoreVersionCompareGetAPI</b><br>Test class: com.arcapi.Common.ScoreVersionCompareGetAPITest<br>Parameters: DEV, ProjectIDBuildingOther, 2</td>
<td></td>
<td>17</td>
<td>com.arcapi.Common.ScoreVersionCompareGetAPITest@402a079c</td></tr>
<tr>
<td title='com.arcapi.Common.ScoreVersionExtensionRequestUpdatePostAPITest.ScoreVersionExtensionRequestUpdatePostAPI()'><b>ScoreVersionExtensionRequestUpdatePostAPI</b><br>Test class: com.arcapi.Common.ScoreVersionExtensionRequestUpdatePostAPITest<br>Parameters: DEV, ProjectIDBuildingOther, 2</td>
<td></td>
<td>1</td>
<td>com.arcapi.Common.ScoreVersionExtensionRequestUpdatePostAPITest@7085bdee</td></tr>
<tr>
<td title='com.arcapi.Common.ScoreVersionLogQuerySetGetAPITest.ScoreVersionLogQuerySetGetAPI()'><b>ScoreVersionLogQuerySetGetAPI</b><br>Test class: com.arcapi.Common.ScoreVersionLogQuerySetGetAPITest<br>Parameters: DEV, ProjectIDBuildingOther, 2</td>
<td></td>
<td>1</td>
<td>com.arcapi.Common.ScoreVersionLogQuerySetGetAPITest@73ad2d6</td></tr>
<tr>
<td title='com.arcapi.Common.ScoreVersionNotificationGETAPITest.ScoreVersionNotificationGETAPI()'><b>ScoreVersionNotificationGETAPI</b><br>Test class: com.arcapi.Common.ScoreVersionNotificationGETAPITest<br>Parameters: DEV, ProjectIDBuildingOther, 2</td>
<td></td>
<td>1</td>
<td>com.arcapi.Common.ScoreVersionNotificationGETAPITest@59ec2012</td></tr>
<tr>
<td title='com.arcapi.Common.ScoreVersionUserNotificationGetAPITest.ScoreVersionNotificationGETAPI()'><b>ScoreVersionNotificationGETAPI</b><br>Test class: com.arcapi.Common.ScoreVersionUserNotificationGetAPITest<br>Parameters: DEV, ProjectIDBuildingOther, 2</td>
<td></td>
<td>1</td>
<td>com.arcapi.Common.ScoreVersionUserNotificationGetAPITest@4cf777e8</td></tr>
<tr>
<td title='com.arcapi.Common.ScoreVersionUserNotificationDeleteAPITest.ScoreVersionUserNotificationDeleteAPI()'><b>ScoreVersionUserNotificationDeleteAPI</b><br>Test class: com.arcapi.Common.ScoreVersionUserNotificationDeleteAPITest<br>Parameters: DEV, ProjectIDBuildingOther, 2</td>
<td></td>
<td>1</td>
<td>com.arcapi.Common.ScoreVersionUserNotificationDeleteAPITest@2f686d1f</td></tr>
<tr>
<td title='com.arcapi.Common.ScoreWeightsAPITest.ScoreWeightsAPI()'><b>ScoreWeightsAPI</b><br>Test class: com.arcapi.Common.ScoreWeightsAPITest<br>Parameters: DEV, ProjectIDBuildingOther, 2</td>
<td></td>
<td>1</td>
<td>com.arcapi.Common.ScoreWeightsAPITest@3b0143d3</td></tr>
<tr>
<td title='com.arcapi.Common.SignAgreementRegistrationAPITest.SignAgreementRegistrationAPI()'><b>SignAgreementRegistrationAPI</b><br>Test class: com.arcapi.Common.SignAgreementRegistrationAPITest<br>Parameters: DEV, ProjectIDBuildingOther, 2</td>
<td></td>
<td>2</td>
<td>com.arcapi.Common.SignAgreementRegistrationAPITest@14bf9759</td></tr>
<tr>
<td title='com.arcapi.Common.SocreVersionUpdateQuerysetGetAPITest.SocreVersionUpdateQuerysetGetAPI()'><b>SocreVersionUpdateQuerysetGetAPI</b><br>Test class: com.arcapi.Common.SocreVersionUpdateQuerysetGetAPITest<br>Parameters: DEV, ProjectIDBuildingOther, 2</td>
<td></td>
<td>1</td>
<td>com.arcapi.Common.SocreVersionUpdateQuerysetGetAPITest@3fee9989</td></tr>
<tr>
<td title='com.arcapi.Common.SubmitReviewGetAPITest.SubmitReviewGetAPI()'><b>SubmitReviewGetAPI</b><br>Test class: com.arcapi.Common.SubmitReviewGetAPITest<br>Parameters: DEV, ProjectIDBuildingOther, 2</td>
<td></td>
<td>1</td>
<td>com.arcapi.Common.SubmitReviewGetAPITest@56235b8e</td></tr>
<tr>
<td title='com.arcapi.Buildingtestcases.SurveyCreatePOSTAPITest.SurveyCreatePOSTAPI()'><b>SurveyCreatePOSTAPI</b><br>Test class: com.arcapi.Buildingtestcases.SurveyCreatePOSTAPITest<br>Parameters: DEV, ProjectIDBuildingOther, 2</td>
<td></td>
<td>206</td>
<td>com.arcapi.Buildingtestcases.SurveyCreatePOSTAPITest@148080bb</td></tr>
<tr>
<td title='com.arcapi.Common.TemperatureDataGetTest.TemperatureDataGet()'><b>TemperatureDataGet</b><br>Test class: com.arcapi.Common.TemperatureDataGetTest<br>Parameters: DEV, ProjectIDBuildingOther, 2</td>
<td></td>
<td>1</td>
<td>com.arcapi.Common.TemperatureDataGetTest@6f1fba17</td></tr>
<tr>
<td title='com.arcapi.Common.ThirdPartyListAppsAPITest.ThirdPartyListAppsAPI()'><b>ThirdPartyListAppsAPI</b><br>Test class: com.arcapi.Common.ThirdPartyListAppsAPITest</td>
<td></td>
<td>1</td>
<td>com.arcapi.Common.ThirdPartyListAppsAPITest@5a8e6209</td></tr>
<tr>
<td title='com.arcapi.Common.TransitSurveyExportAPITest.TransitSurveyExportAPI()'><b>TransitSurveyExportAPI</b><br>Test class: com.arcapi.Common.TransitSurveyExportAPITest<br>Parameters: DEV, ProjectIDBuildingOther, 2</td>
<td></td>
<td>2</td>
<td>com.arcapi.Common.TransitSurveyExportAPITest@6d7b4f4c</td></tr>
<tr>
<td title='com.arcapi.Common.UserAccessLevelSAPGetTest.UserAccessLevelSAPGet()'><b>UserAccessLevelSAPGet</b><br>Test class: com.arcapi.Common.UserAccessLevelSAPGetTest</td>
<td></td>
<td>2</td>
<td>com.arcapi.Common.UserAccessLevelSAPGetTest@57fffcd7</td></tr>
<tr>
<td title='com.arcapi.Common.UserDetailAPITest.UserDetailAPI()'><b>UserDetailAPI</b><br>Test class: com.arcapi.Common.UserDetailAPITest<br>Parameters: DEV, 2</td>
<td></td>
<td>4</td>
<td>com.arcapi.Common.UserDetailAPITest@3abbfa04</td></tr>
<tr>
<td title='com.arcapi.Common.UserPreferenceGetAPITest.UserPreferenceGetAPI()'><b>UserPreferenceGetAPI</b><br>Test class: com.arcapi.Common.UserPreferenceGetAPITest<br>Parameters: DEV, 2</td>
<td></td>
<td>1</td>
<td>com.arcapi.Common.UserPreferenceGetAPITest@271053e1</td></tr>
<tr>
<td title='com.arcapi.Common.UserPreferenceTruePostAPITest.UserPreferencePostAPI()'><b>UserPreferencePostAPI</b><br>Test class: com.arcapi.Common.UserPreferenceTruePostAPITest<br>Parameters: DEV, 2</td>
<td></td>
<td>1</td>
<td>com.arcapi.Common.UserPreferenceTruePostAPITest@589838eb</td></tr>
<tr>
<td title='com.arcapi.Common.DefaultUserPreferencePostAPITest.UserPreferencePostAPI()'><b>UserPreferencePostAPI</b><br>Test class: com.arcapi.Common.DefaultUserPreferencePostAPITest<br>Parameters: DEV, 2</td>
<td></td>
<td>1</td>
<td>com.arcapi.Common.DefaultUserPreferencePostAPITest@42dafa95</td></tr>
<tr>
<td title='com.arcapi.Buildingtestcases.V4ExcelUploadTemplatePOSTAPITest.V4ExcelUploadTemplatePOSTAPI()'><b>V4ExcelUploadTemplatePOSTAPI</b><br>Test class: com.arcapi.Buildingtestcases.V4ExcelUploadTemplatePOSTAPITest<br>Parameters: DEV, ProjectIDBuildingOther, 2</td>
<td></td>
<td>2</td>
<td>com.arcapi.Buildingtestcases.V4ExcelUploadTemplatePOSTAPITest@dc24521</td></tr>
<tr>
<td title='com.arcapi.Buildingtestcases.VOCGetTest.VOCGet()'><b>VOCGet</b><br>Test class: com.arcapi.Buildingtestcases.VOCGetTest<br>Parameters: DEV, ProjectIDBuildingOther, 2</td>
<td></td>
<td>1</td>
<td>com.arcapi.Buildingtestcases.VOCGetTest@520a3426</td></tr>
<tr>
<td title='com.arcapi.Common.VerifyAdminRemoveAPITest.VerifyAdminRemoveAPI()'><b>VerifyAdminRemoveAPI</b><br>Test class: com.arcapi.Common.VerifyAdminRemoveAPITest<br>Parameters: DEV, ProjectIDBuildingOther, 2</td>
<td></td>
<td>1</td>
<td>com.arcapi.Common.VerifyAdminRemoveAPITest@a67c67e</td></tr>
<tr>
<td title='com.arcapi.Common.VerifyAgreementDeleteAPITest.VerifyAgreementDeleteAPI()'><b>VerifyAgreementDeleteAPI</b><br>Test class: com.arcapi.Common.VerifyAgreementDeleteAPITest<br>Parameters: DEV, ProjectIDBuildingOther, 2</td>
<td></td>
<td>1</td>
<td>com.arcapi.Common.VerifyAgreementDeleteAPITest@ff5b51f</td></tr>
<tr>
<td title='com.arcapi.Common.VerifyAgreementPresentAPITest.VerifyAgreementPresentAPI()'><b>VerifyAgreementPresentAPI</b><br>Test class: com.arcapi.Common.VerifyAgreementPresentAPITest<br>Parameters: DEV, ProjectIDBuildingOther, 2</td>
<td></td>
<td>1</td>
<td>com.arcapi.Common.VerifyAgreementPresentAPITest@4566e5bd</td></tr>
<tr>
<td title='com.arcapi.Buildingtestcases.VerifyAssetDetailAPITest.VerifyAssetDetailAPI()'><b>VerifyAssetDetailAPI</b><br>Test class: com.arcapi.Buildingtestcases.VerifyAssetDetailAPITest<br>Parameters: DEV, ProjectIDBuildingOther, 2</td>
<td></td>
<td>2</td>
<td>com.arcapi.Buildingtestcases.VerifyAssetDetailAPITest@5cb9f472</td></tr>
<tr>
<td title='com.arcapi.Common.VerifyProjectRegisteredAssetListTest.VerifyProjectRegisteredAssetList()'><b>VerifyProjectRegisteredAssetList</b><br>Test class: com.arcapi.Common.VerifyProjectRegisteredAssetListTest<br>Parameters: DEV, ProjectIDBuildingOther, 2</td>
<td></td>
<td>2</td>
<td>com.arcapi.Common.VerifyProjectRegisteredAssetListTest@cb644e</td></tr>
<tr>
<td title='com.arcapi.Buildingtestcases.VerifyWasteDataExcelAPITest.VerifyWasteDataExcelAPI()'><b>VerifyWasteDataExcelAPI</b><br>Test class: com.arcapi.Buildingtestcases.VerifyWasteDataExcelAPITest<br>Parameters: DEV, ProjectIDBuildingOther, 2</td>
<td></td>
<td>2</td>
<td>com.arcapi.Buildingtestcases.VerifyWasteDataExcelAPITest@5383967b</td></tr>
<tr>
<td title='com.arcapi.Buildingtestcases.WasteCreatePOSTAPITest.WasteCreatePOSTAPI()'><b>WasteCreatePOSTAPI</b><br>Test class: com.arcapi.Buildingtestcases.WasteCreatePOSTAPITest<br>Parameters: DEV, ProjectIDBuildingOther, 2</td>
<td></td>
<td>1</td>
<td>com.arcapi.Buildingtestcases.WasteCreatePOSTAPITest@20322d26</td></tr>
<tr>
<td title='com.arcapi.Buildingtestcases.WasteDetailAPITest.WasteDetailAPI()'><b>WasteDetailAPI</b><br>Test class: com.arcapi.Buildingtestcases.WasteDetailAPITest<br>Parameters: DEV, ProjectIDBuildingOther, 2</td>
<td></td>
<td>1</td>
<td>com.arcapi.Buildingtestcases.WasteDetailAPITest@64bfbc86</td></tr>
<tr>
<td title='com.arcapi.Buildingtestcases.WasteDetailDeleteAPITest.WasteDetailDeleteAPI()'><b>WasteDetailDeleteAPI</b><br>Test class: com.arcapi.Buildingtestcases.WasteDetailDeleteAPITest<br>Parameters: DEV, ProjectIDBuildingOther, 2</td>
<td></td>
<td>1</td>
<td>com.arcapi.Buildingtestcases.WasteDetailDeleteAPITest@55d56113</td></tr>
<tr>
<td title='com.arcapi.Buildingtestcases.WasteDivertedBulkDataPostTest.WasteDivertedBulkDataPost()'><b>WasteDivertedBulkDataPost</b><br>Test class: com.arcapi.Buildingtestcases.WasteDivertedBulkDataPostTest<br>Parameters: DEV, ProjectIDBuildingOther, 2</td>
<td></td>
<td>1</td>
<td>com.arcapi.Buildingtestcases.WasteDivertedBulkDataPostTest@49993335</td></tr>
<tr>
<td title='com.arcapi.Common.WasteDivertedResampleGETAPITest.WasteDivertedResampleGETAPI()'><b>WasteDivertedResampleGETAPI</b><br>Test class: com.arcapi.Common.WasteDivertedResampleGETAPITest<br>Parameters: DEV, ProjectIDBuildingOther, 2</td>
<td></td>
<td>1</td>
<td>com.arcapi.Common.WasteDivertedResampleGETAPITest@5f2108b5</td></tr>
<tr>
<td title='com.arcapi.Buildingtestcases.WasteGeneratedBulkDataPostTest.WasteGeneratedBulkDataPost()'><b>WasteGeneratedBulkDataPost</b><br>Test class: com.arcapi.Buildingtestcases.WasteGeneratedBulkDataPostTest<br>Parameters: DEV, ProjectIDBuildingOther, 2</td>
<td></td>
<td>1</td>
<td>com.arcapi.Buildingtestcases.WasteGeneratedBulkDataPostTest@5025a98f</td></tr>
<tr>
<td title='com.arcapi.Common.WasteGeneratedResampleGETAPITest.WasteGeneratedResampleGETAPI()'><b>WasteGeneratedResampleGETAPI</b><br>Test class: com.arcapi.Common.WasteGeneratedResampleGETAPITest<br>Parameters: DEV, ProjectIDBuildingOther, 2</td>
<td></td>
<td>1</td>
<td>com.arcapi.Common.WasteGeneratedResampleGETAPITest@e45f292</td></tr>
<tr>
<td title='com.arcapi.Buildingtestcases.WasteGetAPITest.WasteGetAPI()'><b>WasteGetAPI</b><br>Test class: com.arcapi.Buildingtestcases.WasteGetAPITest<br>Parameters: DEV, ProjectIDBuildingOther, 2</td>
<td></td>
<td>1</td>
<td>com.arcapi.Buildingtestcases.WasteGetAPITest@192b07fd</td></tr>
<tr>
<td title='com.arcapi.Buildingtestcases.WasteUpdatePUTAPITest.WasteUpdatePUTAPI()'><b>WasteUpdatePUTAPI</b><br>Test class: com.arcapi.Buildingtestcases.WasteUpdatePUTAPITest<br>Parameters: DEV, ProjectIDBuildingOther, 2</td>
<td></td>
<td>1</td>
<td>com.arcapi.Buildingtestcases.WasteUpdatePUTAPITest@64bf3bbf</td></tr>
<tr>
<td title='com.arcapi.Buildingtestcases.WaterGetTest.WaterGet()'><b>WaterGet</b><br>Test class: com.arcapi.Buildingtestcases.WaterGetTest<br>Parameters: DEV, ProjectIDBuildingOther, 2</td>
<td></td>
<td>1</td>
<td>com.arcapi.Buildingtestcases.WaterGetTest@18eed359</td></tr>
<tr>
<td title='com.arcapi.Common.WebIOSAppVersionGetAPITest.WebIOSAppVersionGetAPI()'><b>WebIOSAppVersionGetAPI</b><br>Test class: com.arcapi.Common.WebIOSAppVersionGetAPITest<br>Parameters: DEV, ProjectIDBuildingOther, 2</td>
<td></td>
<td>1</td>
<td>com.arcapi.Common.WebIOSAppVersionGetAPITest@239963d8</td></tr>
</table><p>
</body>
</html>