<?xml version="1.0" encoding="UTF-8"?>
<!-- Generated by org.testng.reporters.JUnitXMLReporter -->
<testsuite hostname="G10GGNLT052" name="CompleteFlowTest-Building-Other" tests="10" failures="2" timestamp="5 Mar 2020 04:50:37 GMT" time="33.742" errors="0">
  <testcase name="ReviewPaymentIntimationGetAPI" time="1.556" classname="com.arcapi.Common.ReviewPaymentIntimationGetAPITest"/>
  <testcase name="WebIOSAppVersionGetAPI" time="1.434" classname="com.arcapi.Common.WebIOSAppVersionGetAPITest"/>
  <testcase name="UserDetailAPI" time="1.668" classname="com.arcapi.Common.UserDetailAPITest"/>
  <testcase name="UserAccessLevelSAPGet" time="1.702" classname="com.arcapi.Common.UserAccessLevelSAPGetTest"/>
  <testcase name="LoginAPI" time="8.655" classname="com.arcapi.Common.LoginAPITest"/>
  <testcase name="CreateAssetPOSTAPI" time="9.421" classname="com.arcapi.Buildingtestcases.CreateAssetBuildingV3APITest"/>
  <testcase name="AssetSearchAPI" time="1.627" classname="com.arcapi.Common.AssetSearchAPITest"/>
  <testcase name="RegistrationPaymentPricingGetAPI" time="1.514" classname="com.arcapi.Common.RegistrationPaymentPricingGetAPITest">
    <failure type="java.lang.AssertionError" message="expected [200] but found [400]">
      <![CDATA[java.lang.AssertionError: expected [200] but found [400]
	at com.Utill.Controller.Assertion.verifyStatusCode(Assertion.java:21)
	at com.arcapi.Common.RegistrationPaymentPricingGetAPITest.RegistrationPaymentPricingGetAPI(RegistrationPaymentPricingGetAPITest.java:24)
... Removed 31 stack frames]]>
    </failure>
  </testcase> <!-- RegistrationPaymentPricingGetAPI -->
  <testcase name="PaymentOrderSubmitPOSTAPI" time="1.612" classname="com.arcapi.Common.PaymentOrderSubmitPOSTAPITest">
    <failure type="java.lang.AssertionError" message="expected [200] but found [403]">
      <![CDATA[java.lang.AssertionError: expected [200] but found [403]
	at com.Utill.Controller.Assertion.verifyStatusCode(Assertion.java:21)
	at com.arcapi.Common.PaymentOrderSubmitPOSTAPITest.PaymentOrderSubmitPOSTAPI(PaymentOrderSubmitPOSTAPITest.java:30)
... Removed 31 stack frames]]>
    </failure>
  </testcase> <!-- PaymentOrderSubmitPOSTAPI -->
  <testcase name="AddAssestTimeline" time="1.411" classname="com.arcapi.Common.V2.AddAssestTimelinePOSTAPITest"/>
</testsuite> <!-- CompleteFlowTest-Building-Other -->
