<?xml version="1.0" encoding="UTF-8"?>
<!-- Generated by org.testng.reporters.JUnitXMLReporter -->
<testsuite hostname="G10GGNLT052" name="CompleteFlowTest-Building-Other" tests="138" failures="7" timestamp="8 Nov 2019 05:07:32 GMT" time="607.157" errors="0">
  <testcase name="CreateAssetPOSTAPI" time="4.657" classname="com.arcapi.Buildingtestcases.CreateAssetBuildingV3APITest"/>
  <testcase name="AssetSearchAPI" time="1.391" classname="com.arcapi.Common.AssetSearchAPITest"/>
  <testcase name="SignAgreementRegistrationAPI" time="2.006" classname="com.arcapi.Common.V2.SignAgreementRegistrationAPITest"/>
  <testcase name="RegistrationPaymentPricingGetAPI" time="2.177" classname="com.arcapi.Common.V2.RegistrationPaymentPricingGetAPITest">
    <failure type="java.lang.AssertionError" message="expected [403] but found [400]">
      <![CDATA[java.lang.AssertionError: expected [403] but found [400]
	at com.Utill.Controller.Assertion.verifyStatusCode(Assertion.java:21)
	at com.arcapi.Common.V2.RegistrationPaymentPricingGetAPITest.RegistrationPaymentPricingGetAPI(RegistrationPaymentPricingGetAPITest.java:26)
... Removed 31 stack frames]]>
    </failure>
  </testcase> <!-- RegistrationPaymentPricingGetAPI -->
  <testcase name="PaymentOrderSubmitPOSTAPI" time="1.364" classname="com.arcapi.Common.V2.PaymentOrderSubmitPOSTAPITest"/>
  <testcase name="AddAssestTimeline" time="1.385" classname="com.arcapi.Common.V2.AddAssestTimelinePOSTAPITest"/>
  <testcase name="ExcelTemplateMetersAPI" time="2.363" classname="com.arcapi.Buildingtestcases.ExcelTemplateMetersAPITest"/>
  <testcase name="UserPreferenceGetAPI" time="1.358" classname="com.arcapi.Common.UserPreferenceGetAPITest"/>
  <testcase name="ResampledEnergBasicAnalysisDataGetAPI" time="1.39" classname="com.arcapi.Common.V2.ResampledEnergBasicAnalysisDataGetAPITest"/>
  <testcase name="ResampledDiverted_wasteAnalysisDataGetAPI" time="1.415" classname="com.arcapi.Common.V2.ResampledDiverted_wasteAnalysisDataGetAPITest"/>
  <testcase name="ResampledElectricityAnalysisDataGetAPI" time="1.38" classname="com.arcapi.Common.V2.ResampledElectricityAnalysisDataGetAPITest"/>
  <testcase name="ResampledEmissionsAnalysisDataGetAPI" time="1.406" classname="com.arcapi.Common.V2.ResampledEmissionsAnalysisDataGetAPITest"/>
  <testcase name="ResampledEnergy_ScoreGetAPI" time="1.45" classname="com.arcapi.Common.V2.ResampledEnergy_ScoreGetAPITest"/>
  <testcase name="ResampledFuelAnalysisDataGetAPI" time="1.395" classname="com.arcapi.Common.V2.ResampledFuelAnalysisDataGetAPITest"/>
  <testcase name="ResampledGenerated_wasteAnalysisDataGetAPI" time="1.385" classname="com.arcapi.Common.V2.ResampledGenerated_wasteAnalysisDataGetAPITest"/>
  <testcase name="ResampledHumanexperience_ScoreGetAPI" time="1.542" classname="com.arcapi.Common.V2.ResampledHumanexperience_ScoreGetAPITest"/>
  <testcase name="ResampledHumanexperienceAnalysisDataGetAPI" time="1.395" classname="com.arcapi.Common.V2.ResampledHumanexperienceAnalysisDataGetAPITest"/>
  <testcase name="ResampledImprovement_ScoreGetAPI" time="1.4" classname="com.arcapi.Common.V2.ResampledImprovement_ScoreGetAPITest"/>
  <testcase name="ResampledNatural_gasAnalysisDataGetAPI" time="1.43" classname="com.arcapi.Common.V2.ResampledNatural_gasAnalysisDataGetAPITest"/>
  <testcase name="Resampledsite_energyAnalysisDataGetAPI" time="1.402" classname="com.arcapi.Common.V2.Resampledsite_energyAnalysisDataGetAPITest"/>
  <testcase name="ResampledSource_energyAnalysisDataGetAPI" time="1.414" classname="com.arcapi.Common.V2.ResampledSource_energyAnalysisDataGetAPITest"/>
  <testcase name="Waste_ScoreBasicAnalysisDataGetAPI" time="1.424" classname="com.arcapi.Common.V2.ResampledTransport_ScoreGetAPITest"/>
  <testcase name="ResampledTransportAnalysisDataGetAPI" time="1.471" classname="com.arcapi.Common.V2.ResampledTransportAnalysisDataGetAPITest"/>
  <testcase name="ResampledWaste_ScoreDataGetAPI" time="1.421" classname="com.arcapi.Common.V2.ResampledWaste_ScoreDataGetAPITest"/>
  <testcase name="ResampledWater_ScoreDataGetAPI" time="1.413" classname="com.arcapi.Common.V2.ResampledWater_ScoreDataGetAPITest"/>
  <testcase name="ResampledWaterAnalysisDataGetAPI" time="1.392" classname="com.arcapi.Common.V2.ResampledWaterAnalysisDataGetAPITest"/>
  <testcase name="IntensityWaterGetAPI" time="1.638" classname="com.arcapi.Common.V2.IntensityWaterGetAPITest"/>
  <testcase name="IntensityAllOtherGetAPI" time="18.39" classname="com.arcapi.Common.V2.IntensityAllOtherGetAPITest"/>
  <testcase name="UserPreferencePostAPI" time="1.495" classname="com.arcapi.Common.UserPreferenceTruePostAPITest"/>
  <testcase name="UserPreferencePostAPI" time="1.372" classname="com.arcapi.Common.DefaultUserPreferencePostAPITest"/>
  <testcase name="ScoreCodeVersionQuerysetGetAPI" time="1.403" classname="com.arcapi.Common.ScoreCodeVersionQuerysetGetAPITest"/>
  <testcase name="ScoreVersionCompareGetAPI" time="16.102" classname="com.arcapi.Common.ScoreVersionCompareGetAPITest"/>
  <testcase name="ScoreVersionNotificationGETAPI" time="1.43" classname="com.arcapi.Common.ScoreVersionNotificationGETAPITest"/>
  <testcase name="ScoreVersionNotificationGETAPI" time="1.496" classname="com.arcapi.Common.ScoreVersionUserNotificationGetAPITest"/>
  <testcase name="ScoreVersionUserNotificationDeleteAPI" time="1.413" classname="com.arcapi.Common.ScoreVersionUserNotificationDeleteAPITest"/>
  <testcase name="SocreVersionUpdateQuerysetGetAPI" time="1.366" classname="com.arcapi.Common.SocreVersionUpdateQuerysetGetAPITest"/>
  <testcase name="ScoreVersionLogQuerySetGetAPI" time="1.374" classname="com.arcapi.Common.ScoreVersionLogQuerySetGetAPITest"/>
  <testcase name="ScoreVersionExtensionRequestUpdatePostAPI" time="1.396" classname="com.arcapi.Common.ScoreVersionExtensionRequestUpdatePostAPITest"/>
  <testcase name="MeasureCommentAddPostAPI" time="1.433" classname="com.arcapi.Common.MeasureCommentAddPostAPITest"/>
  <testcase name="MeasureCommentQuerySetGetAPI" time="1.644" classname="com.arcapi.Common.MeasureCommentQuerySetGetAPITest"/>
  <testcase name="MeasureCommentReplayPostAPI" time="1.417" classname="com.arcapi.Common.MeasureCommentReplayPostAPITest"/>
  <testcase name="NotificationDeleteAPI" time="1.413" classname="com.arcapi.Common.MeasureCommentDeleteAPITest"/>
  <testcase name="WasteGeneratedResampleGETAPI" time="1.385" classname="com.arcapi.Common.WasteGeneratedResampleGETAPITest"/>
  <testcase name="WasteDivertedResampleGETAPI" time="1.375" classname="com.arcapi.Common.WasteDivertedResampleGETAPITest"/>
  <testcase name="DataSnapshotBeforeReviewGETAPI" time="1.852" classname="com.arcapi.Common.DataSnapshotBeforeReviewGETAPITest"/>
  <testcase name="AssetDetailAPI" time="2.046" classname="com.arcapi.Common.AssetDetailAPITest"/>
  <testcase name="AssetValidationInfoPOSTAPI" time="2.903" classname="com.arcapi.Common.AssetValidationInfoPOSTAPITest"/>
  <testcase name="AssetSearchOwnerAPI" time="1.402" classname="com.arcapi.Common.AssetSearchOwnerAPITest"/>
  <testcase name="AssetOwnerOrgPOSTAPI" time="2.488" classname="com.arcapi.Common.AssetOwnerOrgPOSTAPITest"/>
  <testcase name="AssetListAPI" time="1.761" classname="com.arcapi.Common.AssetListAPITest"/>
  <testcase name="AssetUpdateforNewAssetPUTAPI" time="1.992" classname="com.arcapi.Buildingtestcases.AssetUpdateBuildingAPITest"/>
  <testcase name="VerifyAssetDetailAPI" time="1.944" classname="com.arcapi.Buildingtestcases.VerifyAssetDetailAPITest"/>
  <testcase name="VerifyProjectRegisteredAssetList" time="1.793" classname="com.arcapi.Common.VerifyProjectRegisteredAssetListTest"/>
  <testcase name="AssetDocumentAPI" time="2.116" classname="com.arcapi.Common.AssetDocumentAPITest"/>
  <testcase name="DownloadDocumentsAPI" time="2.777" classname="com.arcapi.Common.DownloadDocumentsAPITest">
    <failure type="java.lang.AssertionError" message="expected [200] but found [400]">
      <![CDATA[java.lang.AssertionError: expected [200] but found [400]
	at com.Utill.Controller.Assertion.verifyStatusCode(Assertion.java:21)
	at com.arcapi.Common.DownloadDocumentsAPITest.DownloadDocumentsAPI(DownloadDocumentsAPITest.java:29)
... Removed 31 stack frames]]>
    </failure>
  </testcase> <!-- DownloadDocumentsAPI -->
  <testcase name="VerifyAgreementPresentAPI" time="1.402" classname="com.arcapi.Common.VerifyAgreementPresentAPITest"/>
  <testcase name="FetchingAgreementDetailsAPI" time="2.419" classname="com.arcapi.Common.FetchingAgreementDetailsAPITest"/>
  <testcase name="VerifyAgreementDeleteAPI" time="1.376" classname="com.arcapi.Common.V2.VerifyAgreementDeleteAPITest">
    <failure type="java.lang.AssertionError" message="expected [403] but found [404]">
      <![CDATA[java.lang.AssertionError: expected [403] but found [404]
	at com.Utill.Controller.Assertion.verifyStatusCode(Assertion.java:21)
	at com.arcapi.Common.V2.VerifyAgreementDeleteAPITest.VerifyAgreementDeleteAPI(VerifyAgreementDeleteAPITest.java:29)
... Removed 31 stack frames]]>
    </failure>
  </testcase> <!-- VerifyAgreementDeleteAPI -->
  <testcase name="MetersAPI" time="1.435" classname="com.arcapi.Buildingtestcases.MetersAPITest"/>
  <testcase name="MeterCreatePOSTAPI" time="1.628" classname="com.arcapi.Buildingtestcases.MeterCreatePOSTAPITest"/>
  <testcase name="AssetMeterDetailAPI" time="1.4" classname="com.arcapi.Buildingtestcases.AssetMeterDetailAPITest"/>
  <testcase name="MeterUpdatePUTAPI" time="1.418" classname="com.arcapi.Buildingtestcases.MeterUpdatePUTAPITest"/>
  <testcase name="MeterBulkConsumptionPOSTAPI" time="1.462" classname="com.arcapi.Buildingtestcases.MeterBulkConsumptionPOSTAPITest"/>
  <testcase name="ConsumptionListAPI" time="1.431" classname="com.arcapi.Buildingtestcases.ConsumptionListAPITest"/>
  <testcase name="ConsumptionCreatePOSTAPI" time="1.701" classname="com.arcapi.Buildingtestcases.ConsumptionCreatePOSTAPITest"/>
  <testcase name="ConsumptionDetailAPI" time="1.408" classname="com.arcapi.Buildingtestcases.ConsumptionDetailAPITest"/>
  <testcase name="ConsumptionUpdatePUTAPI" time="1.81" classname="com.arcapi.Buildingtestcases.ConsumptionUpdatePUTAPITest"/>
  <testcase name="ConsumptionDeleteAPI" time="1.446" classname="com.arcapi.Buildingtestcases.ConsumptionDeleteAPITest"/>
  <testcase name="MeterDeleteAPI" time="1.56" classname="com.arcapi.Buildingtestcases.MeterDeleteAPITest"/>
  <testcase name="WasteGeneratedBulkDataPost" time="1.406" classname="com.arcapi.Buildingtestcases.WasteGeneratedBulkDataPostTest"/>
  <testcase name="WasteDivertedBulkDataPost" time="1.428" classname="com.arcapi.Buildingtestcases.WasteDivertedBulkDataPostTest"/>
  <testcase name="WasteCreatePOSTAPI" time="1.65" classname="com.arcapi.Buildingtestcases.WasteCreatePOSTAPITest"/>
  <testcase name="WasteGetAPI" time="1.422" classname="com.arcapi.Buildingtestcases.WasteGetAPITest"/>
  <testcase name="WasteDetailAPI" time="1.388" classname="com.arcapi.Buildingtestcases.WasteDetailAPITest"/>
  <testcase name="WasteUpdatePUTAPI" time="1.401" classname="com.arcapi.Buildingtestcases.WasteUpdatePUTAPITest"/>
  <testcase name="WasteDetailDeleteAPI" time="1.457" classname="com.arcapi.Buildingtestcases.WasteDetailDeleteAPITest"/>
  <testcase name="SurveyCreatePOSTAPI" time="217.91" classname="com.arcapi.Buildingtestcases.SurveyCreatePOSTAPITest"/>
  <testcase name="ExcelUploadTemplatePOSTAPI" time="2.842" classname="com.arcapi.Buildingtestcases.ExcelUploadTemplatePOSTAPITest"/>
  <testcase name="AssetTeamMemberRoleAPI" time="1.455" classname="com.arcapi.Common.AssetTeamMemberRoleAPITest"/>
  <testcase name="AssetTeamMemberListAPI" time="1.401" classname="com.arcapi.Common.AssetTeamMemberListAPITest"/>
  <testcase name="AssetTeamMemberAddPOSTAPI" time="1.405" classname="com.arcapi.Common.AssetTeamMemberAddPOSTAPITest"/>
  <testcase name="AssetTeamMemberUpdateAPI" time="1.408" classname="com.arcapi.Common.AssetTeamMemberUpdateAPITest"/>
  <testcase name="AssetTeamMemberRemoveAPI" time="1.537" classname="com.arcapi.Common.AssetTeamMemberRemoveAPITest"/>
  <testcase name="DeleteAllAppsAPI" time="4.204" classname="com.arcapi.Common.DeleteAllAppsAPITest"/>
  <testcase name="InstallAllAppsAfterDeleteAPI" time="4.218" classname="com.arcapi.Common.InstallAllAppsAfterDeleteAPITest"/>
  <testcase name="S3DocumentUploadPOSTAPI" time="14.683" classname="com.arcapi.Common.S3DocumentUploadPOSTAPITest"/>
  <testcase name="S3DocumentListAPI" time="1.628" classname="com.arcapi.Common.S3DocumentListAPITest"/>
  <testcase name="S3DocumentRemoveAPI" time="1.895" classname="com.arcapi.Common.S3DocumentRemoveAPITest"/>
  <testcase name="AssetTeamPermissionListAPI" time="1.386" classname="com.arcapi.Common.AssetTeamPermissionListAPITest"/>
  <testcase name="AssetTeamPermissionPostAPI" time="1.51" classname="com.arcapi.Common.AssetTeamPermissionPostAPITest"/>
  <testcase name="AssetTeamPermissionPutAPI" time="1.395" classname="com.arcapi.Common.AssetTeamPermissionPutAPITest"/>
  <testcase name="VerifyAdminRemoveAPI" time="1.387" classname="com.arcapi.Common.VerifyAdminRemoveAPITest"/>
  <testcase name="AssetTeamMemberAddPOSTAPI" time="1.42" classname="com.arcapi.Common.AssetArcProjectAdminAddPOSTAPITest"/>
  <testcase name="AssetNotificationSubscriptionList" time="1.425" classname="com.arcapi.Common.AssetNotificationSubscriptionListTest"/>
  <testcase name="AssetNotificationSubscriptionPost" time="1.628" classname="com.arcapi.Common.AssetNotificationSubscriptionPostTest"/>
  <testcase name="NotificationSubscriptionDetail" time="1.435" classname="com.arcapi.Common.NotificationSubscriptionDetailGetTest"/>
  <testcase name="NotificationSubscriptionDetail" time="1.402" classname="com.arcapi.Common.NotificationSubscriptionDetailPutTest"/>
  <testcase name="NotificationSubscriptionDetailDelete" time="1.406" classname="com.arcapi.Common.NotificationSubscriptionDetailDeleteTest"/>
  <testcase name="VerifyExcelTemplateConsumptionAPI" time="1.401" classname="com.arcapi.Buildingtestcases.VerifyExcelTemplateConsumptionAPITest">
    <failure type="java.lang.IllegalArgumentException" message="Cannot get property &amp;apos;reading&amp;apos; on null object">
      <![CDATA[java.lang.IllegalArgumentException: Cannot get property 'reading' on null object
	at org.codehaus.groovy.runtime.callsite.ConstructorSite$ConstructorSiteNoUnwrapNoCoerce.callConstructor(ConstructorSite.java:105)
	at org.codehaus.groovy.runtime.callsite.CallSiteArray.defaultCallConstructor(CallSiteArray.java:60)
	at org.codehaus.groovy.runtime.callsite.AbstractCallSite.callConstructor(AbstractCallSite.java:235)
	at org.codehaus.groovy.runtime.callsite.AbstractCallSite.callConstructor(AbstractCallSite.java:255)
	at com.jayway.restassured.internal.path.json.JSONAssertion.getAsJsonObject(JSONAssertion.groovy:53)
	at com.jayway.restassured.internal.path.json.JSONAssertion$getAsJsonObject.callCurrent(Unknown Source)
	at com.jayway.restassured.internal.path.json.JSONAssertion.getResult(JSONAssertion.groovy:28)
	at com.jayway.restassured.path.json.JsonPath.get(JsonPath.java:202)
	at com.jayway.restassured.path.json.JsonPath$get$0.call(Unknown Source)
	at com.jayway.restassured.internal.RestAssuredResponseOptionsGroovyImpl.path(RestAssuredResponseOptionsGroovyImpl.groovy:392)
	at com.jayway.restassured.internal.RestAssuredResponseOptionsImpl.path(RestAssuredResponseOptionsImpl.java:195)
	at com.arcapi.Buildingtestcases.VerifyExcelTemplateConsumptionAPITest.VerifyExcelTemplateConsumptionAPI(VerifyExcelTemplateConsumptionAPITest.java:52)
Caused by: java.lang.NullPointerException: Cannot get property 'reading' on null object
	at org.codehaus.groovy.runtime.NullObject.getProperty(NullObject.java:60)
	at org.codehaus.groovy.runtime.InvokerHelper.getProperty(InvokerHelper.java:172)
	at org.codehaus.groovy.runtime.callsite.NullCallSite.getProperty(NullCallSite.java:47)
	at org.codehaus.groovy.runtime.callsite.AbstractCallSite.callGetProperty(AbstractCallSite.java:296)
	at Script1.run(Script1.groovy:1)
	at groovy.lang.GroovyShell.evaluate(GroovyShell.java:591)
	at groovy.lang.GroovyShell.evaluate(GroovyShell.java:629)
	at groovy.lang.GroovyShell.evaluate(GroovyShell.java:600)
	at org.codehaus.groovy.runtime.callsite.PogoMetaMethodSite$PogoCachedMethodSiteNoUnwrap.invoke(PogoMetaMethodSite.java:190)
	at org.codehaus.groovy.runtime.callsite.PogoMetaMethodSite.call(PogoMetaMethodSite.java:71)
	at org.codehaus.groovy.runtime.callsite.AbstractCallSite.call(AbstractCallSite.java:125)
	at com.jayway.restassured.internal.path.json.JSONAssertion.eval(JSONAssertion.groovy:76)
	at org.codehaus.groovy.runtime.callsite.PogoMetaMethodSite$PogoCachedMethodSiteNoUnwrapNoCoerce.invoke(PogoMetaMethodSite.java:210)
	at org.codehaus.groovy.runtime.callsite.PogoMetaMethodSite.callCurrent(PogoMetaMethodSite.java:59)
	at org.codehaus.groovy.runtime.callsite.AbstractCallSite.callCurrent(AbstractCallSite.java:182)
	at com.jayway.restassured.internal.path.json.JSONAssertion.getAsJsonObject(JSONAssertion.groovy:46)
	... 32 more
... Removed 36 stack frames]]>
    </failure>
  </testcase> <!-- VerifyExcelTemplateConsumptionAPI -->
  <testcase name="VerifyWasteDataExcelAPI" time="2.271" classname="com.arcapi.Buildingtestcases.VerifyWasteDataExcelAPITest"/>
  <testcase name="AssetDataSnapshotAPI" time="14.119" classname="com.arcapi.Common.AssetDataSnapshotAPITest"/>
  <testcase name="RecomputePerformanceScoreGet" time="11.612" classname="com.arcapi.Common.RecomputePerformanceScoreGetTest"/>
  <testcase name="SubmitReviewPOSTAPI" time="4.733" classname="com.arcapi.Common.Neg.SubmitReviewPOSTAPITest"/>
  <testcase name="SubmitReviewGetAPI" time="1.391" classname="com.arcapi.Common.Neg.SubmitReviewGetAPITest">
    <failure type="java.lang.AssertionError" message="expected [403] but found [200]">
      <![CDATA[java.lang.AssertionError: expected [403] but found [200]
	at com.Utill.Controller.Assertion.verifyStatusCode(Assertion.java:21)
	at com.arcapi.Common.Neg.SubmitReviewGetAPITest.SubmitReviewGetAPI(SubmitReviewGetAPITest.java:18)
... Removed 31 stack frames]]>
    </failure>
  </testcase> <!-- SubmitReviewGetAPI -->
  <testcase name="NotificationCreatePOSTAPI" time="1.511" classname="com.arcapi.Common.NotificationCreatePOSTAPITest"/>
  <testcase name="NotificationGetAPI" time="1.666" classname="com.arcapi.Common.NotificationGetAPITest"/>
  <testcase name="NotificationDeleteAPI" time="1.435" classname="com.arcapi.Common.NotificationDeleteAPITest"/>
  <testcase name="FeedbackSubmitPostAPI" time="1.529" classname="com.arcapi.Common.FeedbackSubmitPostAPITest"/>
  <testcase name="TransitSurveyExportAPI" time="2.265" classname="com.arcapi.Common.TransitSurveyExportAPITest"/>
  <testcase name="EnvironmentSurveyExportAPI" time="1.922" classname="com.arcapi.Common.EnvironmentSurveyExportAPITest"/>
  <testcase name="AssetDataExportAPI" time="2.838" classname="com.arcapi.Common.AssetDataExportAPITest"/>
  <testcase name="AssetPerformanceScoreListAPI" time="1.509" classname="com.arcapi.Common.AssetPerformanceScoreListAPITest"/>
  <testcase name="AnalysisDataSubmitPOSTAPI" time="0.001" classname="com.arcapi.Common.AnalysisDataSubmitPOSTAPITest"/>
  <testcase name="AnalysisDataGetAPI" time="1.567" classname="com.arcapi.Common.AnalysisDataGetAPITest"/>
  <testcase name="CO2GetTestAPI" time="1.396" classname="com.arcapi.Buildingtestcases.CO2GetTest"/>
  <testcase name="GhgGetTestAPI" time="1.387" classname="com.arcapi.Buildingtestcases.GhgGetTest"/>
  <testcase name="GhgCalcGet" time="1.427" classname="com.arcapi.Buildingtestcases.GhgCalcGetTest"/>
  <testcase name="VOCGet" time="1.386" classname="com.arcapi.Buildingtestcases.VOCGetTest"/>
  <testcase name="WaterGet" time="1.371" classname="com.arcapi.Buildingtestcases.WaterGetTest"/>
  <testcase name="AssetCertificationListAPI" time="1.369" classname="com.arcapi.Common.AssetCertificationListAPITest"/>
  <testcase name="AssetCertificationPOSTAPI" time="1.415" classname="com.arcapi.Common.AssetCertificationPOSTAPITest"/>
  <testcase name="TemperatureDataGet" time="1.397" classname="com.arcapi.Common.TemperatureDataGetTest"/>
  <testcase name="AssetRequiredFieldsAPI" time="1.623" classname="com.arcapi.Common.AssetRequiredFieldsAPITest"/>
  <testcase name="CountryStatesJSONAPI" time="1.625" classname="com.arcapi.Common.CountryStatesJSONAPITest"/>
  <testcase name="AssociatedCategoriesAPI" time="1.371" classname="com.arcapi.Common.AssociatedCategoriesAPITest"/>
  <testcase name="RatingSystemListAPI" time="1.369" classname="com.arcapi.Common.RatingSystemListAPITest"/>
  <testcase name="AppVersionDetailAPI" time="1.36" classname="com.arcapi.Common.AppVersionDetailAPITest"/>
  <testcase name="FuelCategoryAPI" time="1.467" classname="com.arcapi.Common.FuelCategoryAPITest"/>
  <testcase name="GetAllDocumentListAPI" time="1.396" classname="com.arcapi.Common.GetAllDocumentListAPITest"/>
  <testcase name="PerformanceComparablesGetAPI" time="1.373" classname="com.arcapi.Common.PerformanceComparablesGetAPITest"/>
  <testcase name="ScoreWeightsAPI" time="1.36" classname="com.arcapi.Common.ScoreWeightsAPITest"/>
  <testcase name="ThirdPartyListAppsAPI" time="1.448" classname="com.arcapi.Common.ThirdPartyListAppsAPITest"/>
  <testcase name="AvgPerformaceList" time="1.349" classname="com.arcapi.Common.AvgPerformaceListGetTest"/>
  <testcase name="AssetSnapshotKeysAPI" time="1.384" classname="com.arcapi.Common.V2.AssetSnapshotKeysAPITest">
    <failure type="java.lang.AssertionError" message="expected [403] but found [200]">
      <![CDATA[java.lang.AssertionError: expected [403] but found [200]
	at com.Utill.Controller.Assertion.verifyStatusCode(Assertion.java:21)
	at com.arcapi.Common.V2.AssetSnapshotKeysAPITest.AssetSnapshotKeysAPI(AssetSnapshotKeysAPITest.java:19)
... Removed 31 stack frames]]>
    </failure>
  </testcase> <!-- AssetSnapshotKeysAPI -->
  <testcase name="ScoreImprovementGetAssetAPI" time="1.547" classname="com.arcapi.Common.ScoreImprovementGetAssetAPITest"/>
  <testcase name="VerifyBasicAnalysisDataGetAPI" time="1.497" classname="com.arcapi.Common.V2.VerifyBasicAnalysisDataGetAPITest"/>
  <testcase name="ResampledTotalScoreGetAPI" time="6.481" classname="com.arcapi.Common.V2.ResampledTotalScoreGetAPITest"/>
  <testcase name="RecomputeVerifyTotalScoreGraphGetAPI" time="8.995" classname="com.arcapi.Common.V2.RecomputeVerifyTotalScoreGraphGetAPITest">
    <failure type="java.lang.AssertionError" message="expected [41] but found [51]">
      <![CDATA[java.lang.AssertionError: expected [41] but found [51]
	at com.Utill.Controller.Assertion.verifyData(Assertion.java:28)
	at com.arcapi.Common.V2.RecomputeVerifyTotalScoreGraphGetAPITest.RecomputeVerifyTotalScoreGraphGetAPI(RecomputeVerifyTotalScoreGraphGetAPITest.java:73)
... Removed 31 stack frames]]>
    </failure>
  </testcase> <!-- RecomputeVerifyTotalScoreGraphGetAPI -->
</testsuite> <!-- CompleteFlowTest-Building-Other -->
