<html>
<head>
<title>TestNG:  CompleteFlowTest-Building-Other</title>
<link href="../testng.css" rel="stylesheet" type="text/css" />
<link href="../my-testng.css" rel="stylesheet" type="text/css" />

<style type="text/css">
.log { display: none;} 
.stack-trace { display: none;} 
</style>
<script type="text/javascript">
<!--
function flip(e) {
  current = e.style.display;
  if (current == 'block') {
    e.style.display = 'none';
    return 0;
  }
  else {
    e.style.display = 'block';
    return 1;
  }
}

function toggleBox(szDivId, elem, msg1, msg2)
{
  var res = -1;  if (document.getElementById) {
    res = flip(document.getElementById(szDivId));
  }
  else if (document.all) {
    // this is the way old msie versions work
    res = flip(document.all[szDivId]);
  }
  if(elem) {
    if(res == 0) elem.innerHTML = msg1; else elem.innerHTML = msg2;
  }

}

function toggleAllBoxes() {
  if (document.getElementsByTagName) {
    d = document.getElementsByTagName('div');
    for (i = 0; i < d.length; i++) {
      if (d[i].className == 'log') {
        flip(d[i]);
      }
    }
  }
}

// -->
</script>

</head>
<body>
<h2 align='center'>CompleteFlowTest-Building-Other</h2><table border='1' align="center">
<tr>
<td>Tests passed/Failed/Skipped:</td><td>127/9/0</td>
</tr><tr>
<td>Started on:</td><td>Thu Oct 10 13:12:17 IST 2019</td>
</tr>
<tr><td>Total time:</td><td>2366 seconds (2366337 ms)</td>
</tr><tr>
<td>Included groups:</td><td></td>
</tr><tr>
<td>Excluded groups:</td><td></td>
</tr>
</table><p/>
<small><i>(Hover the method name to see the test class name)</i></small><p/>
<table width='100%' border='1' class='invocation-failed'>
<tr><td colspan='4' align='center'><b>FAILED TESTS</b></td></tr>
<tr><td><b>Test method</b></td>
<td width="30%"><b>Exception</b></td>
<td width="10%"><b>Time (seconds)</b></td>
<td><b>Instance</b></td>
</tr>
<tr>
<td title='com.arcapi.Common.AssetOwnerOrgPOSTAPITest.AssetOwnerOrgPOSTAPI()'><b>AssetOwnerOrgPOSTAPI</b><br>Test class: com.arcapi.Common.AssetOwnerOrgPOSTAPITest</td>
<td><div><pre>java.lang.AssertionError: expected [201] but found [409]
	at com.Utill.Controller.Assertion.verifyStatusCode(Assertion.java:22)
	at com.arcapi.Common.AssetOwnerOrgPOSTAPITest.AssetOwnerOrgPOSTAPI(AssetOwnerOrgPOSTAPITest.java:20)
... Removed 31 stack frames</pre></div><a href='#' onClick='toggleBox("stack-trace1479286669", this, "Click to show all stack frames", "Click to hide stack frames")'>Click to show all stack frames</a>
<div class='stack-trace' id='stack-trace1479286669'><pre>java.lang.AssertionError: expected [201] but found [409]
	at org.testng.Assert.fail(Assert.java:94)
	at org.testng.Assert.failNotEquals(Assert.java:513)
	at org.testng.Assert.assertEqualsImpl(Assert.java:135)
	at org.testng.Assert.assertEquals(Assert.java:116)
	at org.testng.Assert.assertEquals(Assert.java:389)
	at org.testng.Assert.assertEquals(Assert.java:399)
	at com.Utill.Controller.Assertion.verifyStatusCode(Assertion.java:22)
	at com.arcapi.Common.AssetOwnerOrgPOSTAPITest.AssetOwnerOrgPOSTAPI(AssetOwnerOrgPOSTAPITest.java:20)
	at sun.reflect.NativeMethodAccessorImpl.invoke0(Native Method)
	at sun.reflect.NativeMethodAccessorImpl.invoke(NativeMethodAccessorImpl.java:62)
	at sun.reflect.DelegatingMethodAccessorImpl.invoke(DelegatingMethodAccessorImpl.java:43)
	at java.lang.reflect.Method.invoke(Method.java:498)
	at org.testng.internal.MethodInvocationHelper.invokeMethod(MethodInvocationHelper.java:86)
	at org.testng.internal.Invoker.invokeMethod(Invoker.java:643)
	at org.testng.internal.Invoker.invokeTestMethod(Invoker.java:820)
	at org.testng.internal.Invoker.invokeTestMethods(Invoker.java:1128)
	at org.testng.internal.TestMethodWorker.invokeTestMethods(TestMethodWorker.java:129)
	at org.testng.internal.TestMethodWorker.run(TestMethodWorker.java:112)
	at org.testng.TestRunner.privateRun(TestRunner.java:782)
	at org.testng.TestRunner.run(TestRunner.java:632)
	at org.testng.SuiteRunner.runTest(SuiteRunner.java:366)
	at org.testng.SuiteRunner.runSequentially(SuiteRunner.java:361)
	at org.testng.SuiteRunner.privateRun(SuiteRunner.java:319)
	at org.testng.SuiteRunner.run(SuiteRunner.java:268)
	at org.testng.SuiteRunnerWorker.runSuite(SuiteRunnerWorker.java:52)
	at org.testng.SuiteRunnerWorker.run(SuiteRunnerWorker.java:86)
	at org.testng.TestNG.runSuitesSequentially(TestNG.java:1244)
	at org.testng.TestNG.runSuitesSequentially(TestNG.java:1240)
	at org.testng.TestNG.runSuitesLocally(TestNG.java:1169)
	at org.testng.TestNG.run(TestNG.java:1064)
	at org.testng.remote.RemoteTestNG.run(RemoteTestNG.java:113)
	at org.testng.remote.RemoteTestNG.initAndRun(RemoteTestNG.java:206)
	at org.testng.remote.RemoteTestNG.main(RemoteTestNG.java:177)
</pre></div></td>
<td>2</td>
<td>com.arcapi.Common.AssetOwnerOrgPOSTAPITest@6fd02e5</td></tr>
<tr>
<td title='com.arcapi.Common.AssetSnapshotKeysAPITest.AssetSnapshotKeysAPI()'><b>AssetSnapshotKeysAPI</b><br>Test class: com.arcapi.Common.AssetSnapshotKeysAPITest<br>Parameters: STG2, ProjectIDBuildingOther, 2</td>
<td><div><pre>java.lang.AssertionError: expected [200] but found [403]
	at com.Utill.Controller.Assertion.verifyStatusCode(Assertion.java:22)
	at com.arcapi.Common.AssetSnapshotKeysAPITest.AssetSnapshotKeysAPI(AssetSnapshotKeysAPITest.java:19)
... Removed 31 stack frames</pre></div><a href='#' onClick='toggleBox("stack-trace1435554063", this, "Click to show all stack frames", "Click to hide stack frames")'>Click to show all stack frames</a>
<div class='stack-trace' id='stack-trace1435554063'><pre>java.lang.AssertionError: expected [200] but found [403]
	at org.testng.Assert.fail(Assert.java:94)
	at org.testng.Assert.failNotEquals(Assert.java:513)
	at org.testng.Assert.assertEqualsImpl(Assert.java:135)
	at org.testng.Assert.assertEquals(Assert.java:116)
	at org.testng.Assert.assertEquals(Assert.java:389)
	at org.testng.Assert.assertEquals(Assert.java:399)
	at com.Utill.Controller.Assertion.verifyStatusCode(Assertion.java:22)
	at com.arcapi.Common.AssetSnapshotKeysAPITest.AssetSnapshotKeysAPI(AssetSnapshotKeysAPITest.java:19)
	at sun.reflect.NativeMethodAccessorImpl.invoke0(Native Method)
	at sun.reflect.NativeMethodAccessorImpl.invoke(NativeMethodAccessorImpl.java:62)
	at sun.reflect.DelegatingMethodAccessorImpl.invoke(DelegatingMethodAccessorImpl.java:43)
	at java.lang.reflect.Method.invoke(Method.java:498)
	at org.testng.internal.MethodInvocationHelper.invokeMethod(MethodInvocationHelper.java:86)
	at org.testng.internal.Invoker.invokeMethod(Invoker.java:643)
	at org.testng.internal.Invoker.invokeTestMethod(Invoker.java:820)
	at org.testng.internal.Invoker.invokeTestMethods(Invoker.java:1128)
	at org.testng.internal.TestMethodWorker.invokeTestMethods(TestMethodWorker.java:129)
	at org.testng.internal.TestMethodWorker.run(TestMethodWorker.java:112)
	at org.testng.TestRunner.privateRun(TestRunner.java:782)
	at org.testng.TestRunner.run(TestRunner.java:632)
	at org.testng.SuiteRunner.runTest(SuiteRunner.java:366)
	at org.testng.SuiteRunner.runSequentially(SuiteRunner.java:361)
	at org.testng.SuiteRunner.privateRun(SuiteRunner.java:319)
	at org.testng.SuiteRunner.run(SuiteRunner.java:268)
	at org.testng.SuiteRunnerWorker.runSuite(SuiteRunnerWorker.java:52)
	at org.testng.SuiteRunnerWorker.run(SuiteRunnerWorker.java:86)
	at org.testng.TestNG.runSuitesSequentially(TestNG.java:1244)
	at org.testng.TestNG.runSuitesSequentially(TestNG.java:1240)
	at org.testng.TestNG.runSuitesLocally(TestNG.java:1169)
	at org.testng.TestNG.run(TestNG.java:1064)
	at org.testng.remote.RemoteTestNG.run(RemoteTestNG.java:113)
	at org.testng.remote.RemoteTestNG.initAndRun(RemoteTestNG.java:206)
	at org.testng.remote.RemoteTestNG.main(RemoteTestNG.java:177)
</pre></div></td>
<td>1</td>
<td>com.arcapi.Common.AssetSnapshotKeysAPITest@6f1fba17</td></tr>
<tr>
<td title='com.arcapi.Common.AssetTeamPermissionPostAPITest.AssetTeamPermissionPostAPI()'><b>AssetTeamPermissionPostAPI</b><br>Test class: com.arcapi.Common.AssetTeamPermissionPostAPITest<br>Parameters: STG2, ProjectIDBuildingOther, 2</td>
<td><div><pre>java.lang.AssertionError: expected [201] but found [500]
	at com.Utill.Controller.Assertion.verifyStatusCode(Assertion.java:22)
	at com.arcapi.Common.AssetTeamPermissionPostAPITest.AssetTeamPermissionPostAPI(AssetTeamPermissionPostAPITest.java:22)
... Removed 31 stack frames</pre></div><a href='#' onClick='toggleBox("stack-trace1621418276", this, "Click to show all stack frames", "Click to hide stack frames")'>Click to show all stack frames</a>
<div class='stack-trace' id='stack-trace1621418276'><pre>java.lang.AssertionError: expected [201] but found [500]
	at org.testng.Assert.fail(Assert.java:94)
	at org.testng.Assert.failNotEquals(Assert.java:513)
	at org.testng.Assert.assertEqualsImpl(Assert.java:135)
	at org.testng.Assert.assertEquals(Assert.java:116)
	at org.testng.Assert.assertEquals(Assert.java:389)
	at org.testng.Assert.assertEquals(Assert.java:399)
	at com.Utill.Controller.Assertion.verifyStatusCode(Assertion.java:22)
	at com.arcapi.Common.AssetTeamPermissionPostAPITest.AssetTeamPermissionPostAPI(AssetTeamPermissionPostAPITest.java:22)
	at sun.reflect.NativeMethodAccessorImpl.invoke0(Native Method)
	at sun.reflect.NativeMethodAccessorImpl.invoke(NativeMethodAccessorImpl.java:62)
	at sun.reflect.DelegatingMethodAccessorImpl.invoke(DelegatingMethodAccessorImpl.java:43)
	at java.lang.reflect.Method.invoke(Method.java:498)
	at org.testng.internal.MethodInvocationHelper.invokeMethod(MethodInvocationHelper.java:86)
	at org.testng.internal.Invoker.invokeMethod(Invoker.java:643)
	at org.testng.internal.Invoker.invokeTestMethod(Invoker.java:820)
	at org.testng.internal.Invoker.invokeTestMethods(Invoker.java:1128)
	at org.testng.internal.TestMethodWorker.invokeTestMethods(TestMethodWorker.java:129)
	at org.testng.internal.TestMethodWorker.run(TestMethodWorker.java:112)
	at org.testng.TestRunner.privateRun(TestRunner.java:782)
	at org.testng.TestRunner.run(TestRunner.java:632)
	at org.testng.SuiteRunner.runTest(SuiteRunner.java:366)
	at org.testng.SuiteRunner.runSequentially(SuiteRunner.java:361)
	at org.testng.SuiteRunner.privateRun(SuiteRunner.java:319)
	at org.testng.SuiteRunner.run(SuiteRunner.java:268)
	at org.testng.SuiteRunnerWorker.runSuite(SuiteRunnerWorker.java:52)
	at org.testng.SuiteRunnerWorker.run(SuiteRunnerWorker.java:86)
	at org.testng.TestNG.runSuitesSequentially(TestNG.java:1244)
	at org.testng.TestNG.runSuitesSequentially(TestNG.java:1240)
	at org.testng.TestNG.runSuitesLocally(TestNG.java:1169)
	at org.testng.TestNG.run(TestNG.java:1064)
	at org.testng.remote.RemoteTestNG.run(RemoteTestNG.java:113)
	at org.testng.remote.RemoteTestNG.initAndRun(RemoteTestNG.java:206)
	at org.testng.remote.RemoteTestNG.main(RemoteTestNG.java:177)
</pre></div></td>
<td>301</td>
<td>com.arcapi.Common.AssetTeamPermissionPostAPITest@10bdf5e5</td></tr>
<tr>
<td title='com.arcapi.Common.AssetTeamPermissionPutAPITest.AssetTeamPermissionPutAPI()'><b>AssetTeamPermissionPutAPI</b><br>Test class: com.arcapi.Common.AssetTeamPermissionPutAPITest<br>Parameters: STG2, ProjectIDBuildingOther, 2</td>
<td><div><pre>java.lang.AssertionError: expected [200] but found [404]
	at com.Utill.Controller.Assertion.verifyStatusCode(Assertion.java:22)
	at com.arcapi.Common.AssetTeamPermissionPutAPITest.AssetTeamPermissionPutAPI(AssetTeamPermissionPutAPITest.java:22)
... Removed 31 stack frames</pre></div><a href='#' onClick='toggleBox("stack-trace897158352", this, "Click to show all stack frames", "Click to hide stack frames")'>Click to show all stack frames</a>
<div class='stack-trace' id='stack-trace897158352'><pre>java.lang.AssertionError: expected [200] but found [404]
	at org.testng.Assert.fail(Assert.java:94)
	at org.testng.Assert.failNotEquals(Assert.java:513)
	at org.testng.Assert.assertEqualsImpl(Assert.java:135)
	at org.testng.Assert.assertEquals(Assert.java:116)
	at org.testng.Assert.assertEquals(Assert.java:389)
	at org.testng.Assert.assertEquals(Assert.java:399)
	at com.Utill.Controller.Assertion.verifyStatusCode(Assertion.java:22)
	at com.arcapi.Common.AssetTeamPermissionPutAPITest.AssetTeamPermissionPutAPI(AssetTeamPermissionPutAPITest.java:22)
	at sun.reflect.NativeMethodAccessorImpl.invoke0(Native Method)
	at sun.reflect.NativeMethodAccessorImpl.invoke(NativeMethodAccessorImpl.java:62)
	at sun.reflect.DelegatingMethodAccessorImpl.invoke(DelegatingMethodAccessorImpl.java:43)
	at java.lang.reflect.Method.invoke(Method.java:498)
	at org.testng.internal.MethodInvocationHelper.invokeMethod(MethodInvocationHelper.java:86)
	at org.testng.internal.Invoker.invokeMethod(Invoker.java:643)
	at org.testng.internal.Invoker.invokeTestMethod(Invoker.java:820)
	at org.testng.internal.Invoker.invokeTestMethods(Invoker.java:1128)
	at org.testng.internal.TestMethodWorker.invokeTestMethods(TestMethodWorker.java:129)
	at org.testng.internal.TestMethodWorker.run(TestMethodWorker.java:112)
	at org.testng.TestRunner.privateRun(TestRunner.java:782)
	at org.testng.TestRunner.run(TestRunner.java:632)
	at org.testng.SuiteRunner.runTest(SuiteRunner.java:366)
	at org.testng.SuiteRunner.runSequentially(SuiteRunner.java:361)
	at org.testng.SuiteRunner.privateRun(SuiteRunner.java:319)
	at org.testng.SuiteRunner.run(SuiteRunner.java:268)
	at org.testng.SuiteRunnerWorker.runSuite(SuiteRunnerWorker.java:52)
	at org.testng.SuiteRunnerWorker.run(SuiteRunnerWorker.java:86)
	at org.testng.TestNG.runSuitesSequentially(TestNG.java:1244)
	at org.testng.TestNG.runSuitesSequentially(TestNG.java:1240)
	at org.testng.TestNG.runSuitesLocally(TestNG.java:1169)
	at org.testng.TestNG.run(TestNG.java:1064)
	at org.testng.remote.RemoteTestNG.run(RemoteTestNG.java:113)
	at org.testng.remote.RemoteTestNG.initAndRun(RemoteTestNG.java:206)
	at org.testng.remote.RemoteTestNG.main(RemoteTestNG.java:177)
</pre></div></td>
<td>1</td>
<td>com.arcapi.Common.AssetTeamPermissionPutAPITest@6e1ec318</td></tr>
<tr>
<td title='com.arcapi.Common.DownloadDocumentsAPITest.DownloadDocumentsAPI()'><b>DownloadDocumentsAPI</b><br>Test class: com.arcapi.Common.DownloadDocumentsAPITest<br>Parameters: STG2, ProjectIDBuildingOther, 2</td>
<td><div><pre>java.lang.AssertionError: expected [200] but found [400]
	at com.Utill.Controller.Assertion.verifyStatusCode(Assertion.java:22)
	at com.arcapi.Common.DownloadDocumentsAPITest.DownloadDocumentsAPI(DownloadDocumentsAPITest.java:29)
... Removed 31 stack frames</pre></div><a href='#' onClick='toggleBox("stack-trace1866476009", this, "Click to show all stack frames", "Click to hide stack frames")'>Click to show all stack frames</a>
<div class='stack-trace' id='stack-trace1866476009'><pre>java.lang.AssertionError: expected [200] but found [400]
	at org.testng.Assert.fail(Assert.java:94)
	at org.testng.Assert.failNotEquals(Assert.java:513)
	at org.testng.Assert.assertEqualsImpl(Assert.java:135)
	at org.testng.Assert.assertEquals(Assert.java:116)
	at org.testng.Assert.assertEquals(Assert.java:389)
	at org.testng.Assert.assertEquals(Assert.java:399)
	at com.Utill.Controller.Assertion.verifyStatusCode(Assertion.java:22)
	at com.arcapi.Common.DownloadDocumentsAPITest.DownloadDocumentsAPI(DownloadDocumentsAPITest.java:29)
	at sun.reflect.NativeMethodAccessorImpl.invoke0(Native Method)
	at sun.reflect.NativeMethodAccessorImpl.invoke(NativeMethodAccessorImpl.java:62)
	at sun.reflect.DelegatingMethodAccessorImpl.invoke(DelegatingMethodAccessorImpl.java:43)
	at java.lang.reflect.Method.invoke(Method.java:498)
	at org.testng.internal.MethodInvocationHelper.invokeMethod(MethodInvocationHelper.java:86)
	at org.testng.internal.Invoker.invokeMethod(Invoker.java:643)
	at org.testng.internal.Invoker.invokeTestMethod(Invoker.java:820)
	at org.testng.internal.Invoker.invokeTestMethods(Invoker.java:1128)
	at org.testng.internal.TestMethodWorker.invokeTestMethods(TestMethodWorker.java:129)
	at org.testng.internal.TestMethodWorker.run(TestMethodWorker.java:112)
	at org.testng.TestRunner.privateRun(TestRunner.java:782)
	at org.testng.TestRunner.run(TestRunner.java:632)
	at org.testng.SuiteRunner.runTest(SuiteRunner.java:366)
	at org.testng.SuiteRunner.runSequentially(SuiteRunner.java:361)
	at org.testng.SuiteRunner.privateRun(SuiteRunner.java:319)
	at org.testng.SuiteRunner.run(SuiteRunner.java:268)
	at org.testng.SuiteRunnerWorker.runSuite(SuiteRunnerWorker.java:52)
	at org.testng.SuiteRunnerWorker.run(SuiteRunnerWorker.java:86)
	at org.testng.TestNG.runSuitesSequentially(TestNG.java:1244)
	at org.testng.TestNG.runSuitesSequentially(TestNG.java:1240)
	at org.testng.TestNG.runSuitesLocally(TestNG.java:1169)
	at org.testng.TestNG.run(TestNG.java:1064)
	at org.testng.remote.RemoteTestNG.run(RemoteTestNG.java:113)
	at org.testng.remote.RemoteTestNG.initAndRun(RemoteTestNG.java:206)
	at org.testng.remote.RemoteTestNG.main(RemoteTestNG.java:177)
</pre></div></td>
<td>3</td>
<td>com.arcapi.Common.DownloadDocumentsAPITest@1e397ed7</td></tr>
<tr>
<td title='com.arcapi.Common.GetAllDocumentListAPITest.GetAllDocumentListAPI()'><b>GetAllDocumentListAPI</b><br>Test class: com.arcapi.Common.GetAllDocumentListAPITest<br>Parameters: STG2, ProjectIDBuildingOther, 2</td>
<td><div><pre>java.lang.AssertionError: expected [200] but found [500]
	at com.Utill.Controller.Assertion.verifyStatusCode(Assertion.java:22)
	at com.arcapi.Common.GetAllDocumentListAPITest.GetAllDocumentListAPI(GetAllDocumentListAPITest.java:20)
... Removed 31 stack frames</pre></div><a href='#' onClick='toggleBox("stack-trace437793907", this, "Click to show all stack frames", "Click to hide stack frames")'>Click to show all stack frames</a>
<div class='stack-trace' id='stack-trace437793907'><pre>java.lang.AssertionError: expected [200] but found [500]
	at org.testng.Assert.fail(Assert.java:94)
	at org.testng.Assert.failNotEquals(Assert.java:513)
	at org.testng.Assert.assertEqualsImpl(Assert.java:135)
	at org.testng.Assert.assertEquals(Assert.java:116)
	at org.testng.Assert.assertEquals(Assert.java:389)
	at org.testng.Assert.assertEquals(Assert.java:399)
	at com.Utill.Controller.Assertion.verifyStatusCode(Assertion.java:22)
	at com.arcapi.Common.GetAllDocumentListAPITest.GetAllDocumentListAPI(GetAllDocumentListAPITest.java:20)
	at sun.reflect.NativeMethodAccessorImpl.invoke0(Native Method)
	at sun.reflect.NativeMethodAccessorImpl.invoke(NativeMethodAccessorImpl.java:62)
	at sun.reflect.DelegatingMethodAccessorImpl.invoke(DelegatingMethodAccessorImpl.java:43)
	at java.lang.reflect.Method.invoke(Method.java:498)
	at org.testng.internal.MethodInvocationHelper.invokeMethod(MethodInvocationHelper.java:86)
	at org.testng.internal.Invoker.invokeMethod(Invoker.java:643)
	at org.testng.internal.Invoker.invokeTestMethod(Invoker.java:820)
	at org.testng.internal.Invoker.invokeTestMethods(Invoker.java:1128)
	at org.testng.internal.TestMethodWorker.invokeTestMethods(TestMethodWorker.java:129)
	at org.testng.internal.TestMethodWorker.run(TestMethodWorker.java:112)
	at org.testng.TestRunner.privateRun(TestRunner.java:782)
	at org.testng.TestRunner.run(TestRunner.java:632)
	at org.testng.SuiteRunner.runTest(SuiteRunner.java:366)
	at org.testng.SuiteRunner.runSequentially(SuiteRunner.java:361)
	at org.testng.SuiteRunner.privateRun(SuiteRunner.java:319)
	at org.testng.SuiteRunner.run(SuiteRunner.java:268)
	at org.testng.SuiteRunnerWorker.runSuite(SuiteRunnerWorker.java:52)
	at org.testng.SuiteRunnerWorker.run(SuiteRunnerWorker.java:86)
	at org.testng.TestNG.runSuitesSequentially(TestNG.java:1244)
	at org.testng.TestNG.runSuitesSequentially(TestNG.java:1240)
	at org.testng.TestNG.runSuitesLocally(TestNG.java:1169)
	at org.testng.TestNG.run(TestNG.java:1064)
	at org.testng.remote.RemoteTestNG.run(RemoteTestNG.java:113)
	at org.testng.remote.RemoteTestNG.initAndRun(RemoteTestNG.java:206)
	at org.testng.remote.RemoteTestNG.main(RemoteTestNG.java:177)
</pre></div></td>
<td>302</td>
<td>com.arcapi.Common.GetAllDocumentListAPITest@6536e911</td></tr>
<tr>
<td title='com.arcapi.Common.SubmitReviewGetAPITest.SubmitReviewGetAPI()'><b>SubmitReviewGetAPI</b><br>Test class: com.arcapi.Common.SubmitReviewGetAPITest<br>Parameters: STG2, ProjectIDBuildingOther, 2</td>
<td><div><pre>java.lang.AssertionError: expected [200] but found [403]
	at com.Utill.Controller.Assertion.verifyStatusCode(Assertion.java:22)
	at com.arcapi.Common.SubmitReviewGetAPITest.SubmitReviewGetAPI(SubmitReviewGetAPITest.java:18)
... Removed 31 stack frames</pre></div><a href='#' onClick='toggleBox("stack-trace1966916205", this, "Click to show all stack frames", "Click to hide stack frames")'>Click to show all stack frames</a>
<div class='stack-trace' id='stack-trace1966916205'><pre>java.lang.AssertionError: expected [200] but found [403]
	at org.testng.Assert.fail(Assert.java:94)
	at org.testng.Assert.failNotEquals(Assert.java:513)
	at org.testng.Assert.assertEqualsImpl(Assert.java:135)
	at org.testng.Assert.assertEquals(Assert.java:116)
	at org.testng.Assert.assertEquals(Assert.java:389)
	at org.testng.Assert.assertEquals(Assert.java:399)
	at com.Utill.Controller.Assertion.verifyStatusCode(Assertion.java:22)
	at com.arcapi.Common.SubmitReviewGetAPITest.SubmitReviewGetAPI(SubmitReviewGetAPITest.java:18)
	at sun.reflect.NativeMethodAccessorImpl.invoke0(Native Method)
	at sun.reflect.NativeMethodAccessorImpl.invoke(NativeMethodAccessorImpl.java:62)
	at sun.reflect.DelegatingMethodAccessorImpl.invoke(DelegatingMethodAccessorImpl.java:43)
	at java.lang.reflect.Method.invoke(Method.java:498)
	at org.testng.internal.MethodInvocationHelper.invokeMethod(MethodInvocationHelper.java:86)
	at org.testng.internal.Invoker.invokeMethod(Invoker.java:643)
	at org.testng.internal.Invoker.invokeTestMethod(Invoker.java:820)
	at org.testng.internal.Invoker.invokeTestMethods(Invoker.java:1128)
	at org.testng.internal.TestMethodWorker.invokeTestMethods(TestMethodWorker.java:129)
	at org.testng.internal.TestMethodWorker.run(TestMethodWorker.java:112)
	at org.testng.TestRunner.privateRun(TestRunner.java:782)
	at org.testng.TestRunner.run(TestRunner.java:632)
	at org.testng.SuiteRunner.runTest(SuiteRunner.java:366)
	at org.testng.SuiteRunner.runSequentially(SuiteRunner.java:361)
	at org.testng.SuiteRunner.privateRun(SuiteRunner.java:319)
	at org.testng.SuiteRunner.run(SuiteRunner.java:268)
	at org.testng.SuiteRunnerWorker.runSuite(SuiteRunnerWorker.java:52)
	at org.testng.SuiteRunnerWorker.run(SuiteRunnerWorker.java:86)
	at org.testng.TestNG.runSuitesSequentially(TestNG.java:1244)
	at org.testng.TestNG.runSuitesSequentially(TestNG.java:1240)
	at org.testng.TestNG.runSuitesLocally(TestNG.java:1169)
	at org.testng.TestNG.run(TestNG.java:1064)
	at org.testng.remote.RemoteTestNG.run(RemoteTestNG.java:113)
	at org.testng.remote.RemoteTestNG.initAndRun(RemoteTestNG.java:206)
	at org.testng.remote.RemoteTestNG.main(RemoteTestNG.java:177)
</pre></div></td>
<td>1</td>
<td>com.arcapi.Common.SubmitReviewGetAPITest@4e1d422d</td></tr>
<tr>
<td title='com.arcapi.Common.VerifyAgreementDeleteAPITest.VerifyAgreementDeleteAPI()'><b>VerifyAgreementDeleteAPI</b><br>Test class: com.arcapi.Common.VerifyAgreementDeleteAPITest<br>Parameters: STG2, ProjectIDBuildingOther, 2</td>
<td><div><pre>java.lang.AssertionError: expected [404] but found [403]
	at com.Utill.Controller.Assertion.verifyStatusCode(Assertion.java:22)
	at com.arcapi.Common.VerifyAgreementDeleteAPITest.VerifyAgreementDeleteAPI(VerifyAgreementDeleteAPITest.java:29)
... Removed 31 stack frames</pre></div><a href='#' onClick='toggleBox("stack-trace986473968", this, "Click to show all stack frames", "Click to hide stack frames")'>Click to show all stack frames</a>
<div class='stack-trace' id='stack-trace986473968'><pre>java.lang.AssertionError: expected [404] but found [403]
	at org.testng.Assert.fail(Assert.java:94)
	at org.testng.Assert.failNotEquals(Assert.java:513)
	at org.testng.Assert.assertEqualsImpl(Assert.java:135)
	at org.testng.Assert.assertEquals(Assert.java:116)
	at org.testng.Assert.assertEquals(Assert.java:389)
	at org.testng.Assert.assertEquals(Assert.java:399)
	at com.Utill.Controller.Assertion.verifyStatusCode(Assertion.java:22)
	at com.arcapi.Common.VerifyAgreementDeleteAPITest.VerifyAgreementDeleteAPI(VerifyAgreementDeleteAPITest.java:29)
	at sun.reflect.NativeMethodAccessorImpl.invoke0(Native Method)
	at sun.reflect.NativeMethodAccessorImpl.invoke(NativeMethodAccessorImpl.java:62)
	at sun.reflect.DelegatingMethodAccessorImpl.invoke(DelegatingMethodAccessorImpl.java:43)
	at java.lang.reflect.Method.invoke(Method.java:498)
	at org.testng.internal.MethodInvocationHelper.invokeMethod(MethodInvocationHelper.java:86)
	at org.testng.internal.Invoker.invokeMethod(Invoker.java:643)
	at org.testng.internal.Invoker.invokeTestMethod(Invoker.java:820)
	at org.testng.internal.Invoker.invokeTestMethods(Invoker.java:1128)
	at org.testng.internal.TestMethodWorker.invokeTestMethods(TestMethodWorker.java:129)
	at org.testng.internal.TestMethodWorker.run(TestMethodWorker.java:112)
	at org.testng.TestRunner.privateRun(TestRunner.java:782)
	at org.testng.TestRunner.run(TestRunner.java:632)
	at org.testng.SuiteRunner.runTest(SuiteRunner.java:366)
	at org.testng.SuiteRunner.runSequentially(SuiteRunner.java:361)
	at org.testng.SuiteRunner.privateRun(SuiteRunner.java:319)
	at org.testng.SuiteRunner.run(SuiteRunner.java:268)
	at org.testng.SuiteRunnerWorker.runSuite(SuiteRunnerWorker.java:52)
	at org.testng.SuiteRunnerWorker.run(SuiteRunnerWorker.java:86)
	at org.testng.TestNG.runSuitesSequentially(TestNG.java:1244)
	at org.testng.TestNG.runSuitesSequentially(TestNG.java:1240)
	at org.testng.TestNG.runSuitesLocally(TestNG.java:1169)
	at org.testng.TestNG.run(TestNG.java:1064)
	at org.testng.remote.RemoteTestNG.run(RemoteTestNG.java:113)
	at org.testng.remote.RemoteTestNG.initAndRun(RemoteTestNG.java:206)
	at org.testng.remote.RemoteTestNG.main(RemoteTestNG.java:177)
</pre></div></td>
<td>2</td>
<td>com.arcapi.Common.VerifyAgreementDeleteAPITest@27c20538</td></tr>
<tr>
<td title='com.arcapi.Common.V2.VerifyBasicAnalysisDataGetAPITest.VerifyBasicAnalysisDataGetAPI()'><b>VerifyBasicAnalysisDataGetAPI</b><br>Test class: com.arcapi.Common.V2.VerifyBasicAnalysisDataGetAPITest<br>Parameters: STG2, ProjectIDBuildingOther, 2</td>
<td><div><pre>java.lang.AssertionError: The following asserts failed:
	expected [206] but found [50],
	expected [3000.0] but found [1000.0]
	at com.arcapi.Common.V2.VerifyBasicAnalysisDataGetAPITest.VerifyBasicAnalysisDataGetAPI(VerifyBasicAnalysisDataGetAPITest.java:73)
... Removed 26 stack frames</pre></div><a href='#' onClick='toggleBox("stack-trace1211046756", this, "Click to show all stack frames", "Click to hide stack frames")'>Click to show all stack frames</a>
<div class='stack-trace' id='stack-trace1211046756'><pre>java.lang.AssertionError: The following asserts failed:
	expected [206] but found [50],
	expected [3000.0] but found [1000.0]
	at org.testng.asserts.SoftAssert.assertAll(SoftAssert.java:43)
	at com.arcapi.Common.V2.VerifyBasicAnalysisDataGetAPITest.VerifyBasicAnalysisDataGetAPI(VerifyBasicAnalysisDataGetAPITest.java:73)
	at sun.reflect.NativeMethodAccessorImpl.invoke0(Native Method)
	at sun.reflect.NativeMethodAccessorImpl.invoke(NativeMethodAccessorImpl.java:62)
	at sun.reflect.DelegatingMethodAccessorImpl.invoke(DelegatingMethodAccessorImpl.java:43)
	at java.lang.reflect.Method.invoke(Method.java:498)
	at org.testng.internal.MethodInvocationHelper.invokeMethod(MethodInvocationHelper.java:86)
	at org.testng.internal.Invoker.invokeMethod(Invoker.java:643)
	at org.testng.internal.Invoker.invokeTestMethod(Invoker.java:820)
	at org.testng.internal.Invoker.invokeTestMethods(Invoker.java:1128)
	at org.testng.internal.TestMethodWorker.invokeTestMethods(TestMethodWorker.java:129)
	at org.testng.internal.TestMethodWorker.run(TestMethodWorker.java:112)
	at org.testng.TestRunner.privateRun(TestRunner.java:782)
	at org.testng.TestRunner.run(TestRunner.java:632)
	at org.testng.SuiteRunner.runTest(SuiteRunner.java:366)
	at org.testng.SuiteRunner.runSequentially(SuiteRunner.java:361)
	at org.testng.SuiteRunner.privateRun(SuiteRunner.java:319)
	at org.testng.SuiteRunner.run(SuiteRunner.java:268)
	at org.testng.SuiteRunnerWorker.runSuite(SuiteRunnerWorker.java:52)
	at org.testng.SuiteRunnerWorker.run(SuiteRunnerWorker.java:86)
	at org.testng.TestNG.runSuitesSequentially(TestNG.java:1244)
	at org.testng.TestNG.runSuitesSequentially(TestNG.java:1240)
	at org.testng.TestNG.runSuitesLocally(TestNG.java:1169)
	at org.testng.TestNG.run(TestNG.java:1064)
	at org.testng.remote.RemoteTestNG.run(RemoteTestNG.java:113)
	at org.testng.remote.RemoteTestNG.initAndRun(RemoteTestNG.java:206)
	at org.testng.remote.RemoteTestNG.main(RemoteTestNG.java:177)
</pre></div></td>
<td>2</td>
<td>com.arcapi.Common.V2.VerifyBasicAnalysisDataGetAPITest@67784306</td></tr>
</table><p>
<table width='100%' border='1' class='invocation-passed'>
<tr><td colspan='4' align='center'><b>PASSED TESTS</b></td></tr>
<tr><td><b>Test method</b></td>
<td width="30%"><b>Exception</b></td>
<td width="10%"><b>Time (seconds)</b></td>
<td><b>Instance</b></td>
</tr>
<tr>
<td title='com.arcapi.Common.V2.AddAssestTimelinePOSTAPITest.AddAssestTimeline()'><b>AddAssestTimeline</b><br>Test class: com.arcapi.Common.V2.AddAssestTimelinePOSTAPITest<br>Parameters: STG2, ProjectIDBuildingOther, 2</td>
<td></td>
<td>2</td>
<td>com.arcapi.Common.V2.AddAssestTimelinePOSTAPITest@1794d431</td></tr>
<tr>
<td title='com.arcapi.Common.AnalysisDataGetAPITest.AnalysisDataGetAPI()'><b>AnalysisDataGetAPI</b><br>Test class: com.arcapi.Common.AnalysisDataGetAPITest<br>Parameters: STG2, ProjectIDBuildingOther, 2</td>
<td></td>
<td>2</td>
<td>com.arcapi.Common.AnalysisDataGetAPITest@20398b7c</td></tr>
<tr>
<td title='com.arcapi.Common.AnalysisDataSubmitPOSTAPITest.AnalysisDataSubmitPOSTAPI()'><b>AnalysisDataSubmitPOSTAPI</b><br>Test class: com.arcapi.Common.AnalysisDataSubmitPOSTAPITest<br>Parameters: STG2, ProjectIDBuildingOther, 2</td>
<td></td>
<td>0</td>
<td>com.arcapi.Common.AnalysisDataSubmitPOSTAPITest@71423665</td></tr>
<tr>
<td title='com.arcapi.Common.AppVersionDetailAPITest.AppVersionDetailAPI()'><b>AppVersionDetailAPI</b><br>Test class: com.arcapi.Common.AppVersionDetailAPITest</td>
<td></td>
<td>1</td>
<td>com.arcapi.Common.AppVersionDetailAPITest@63753b6d</td></tr>
<tr>
<td title='com.arcapi.Common.AssetCertificationListAPITest.AssetCertificationListAPI()'><b>AssetCertificationListAPI</b><br>Test class: com.arcapi.Common.AssetCertificationListAPITest<br>Parameters: STG2, ProjectIDBuildingOther, 2</td>
<td></td>
<td>1</td>
<td>com.arcapi.Common.AssetCertificationListAPITest@4e9ba398</td></tr>
<tr>
<td title='com.arcapi.Common.AssetCertificationPOSTAPITest.AssetCertificationPOSTAPI()'><b>AssetCertificationPOSTAPI</b><br>Test class: com.arcapi.Common.AssetCertificationPOSTAPITest<br>Parameters: STG2, ProjectIDBuildingOther, 2</td>
<td></td>
<td>1</td>
<td>com.arcapi.Common.AssetCertificationPOSTAPITest@6d7b4f4c</td></tr>
<tr>
<td title='com.arcapi.Common.AssetDataExportAPITest.AssetDataExportAPI()'><b>AssetDataExportAPI</b><br>Test class: com.arcapi.Common.AssetDataExportAPITest<br>Parameters: STG2, ProjectIDBuildingOther, 2</td>
<td></td>
<td>7</td>
<td>com.arcapi.Common.AssetDataExportAPITest@5383967b</td></tr>
<tr>
<td title='com.arcapi.Common.AssetDataSnapshotAPITest.AssetDataSnapshotAPI()'><b>AssetDataSnapshotAPI</b><br>Test class: com.arcapi.Common.AssetDataSnapshotAPITest<br>Parameters: STG2, ProjectIDBuildingOther, 2</td>
<td></td>
<td>8</td>
<td>com.arcapi.Common.AssetDataSnapshotAPITest@21213b92</td></tr>
<tr>
<td title='com.arcapi.Common.AssetDetailAPITest.AssetDetailAPI()'><b>AssetDetailAPI</b><br>Test class: com.arcapi.Common.AssetDetailAPITest<br>Parameters: STG2, ProjectIDBuildingOther, 2</td>
<td></td>
<td>4</td>
<td>com.arcapi.Common.AssetDetailAPITest@7085bdee</td></tr>
<tr>
<td title='com.arcapi.Common.AssetDocumentAPITest.AssetDocumentAPI()'><b>AssetDocumentAPI</b><br>Test class: com.arcapi.Common.AssetDocumentAPITest<br>Parameters: STG2, ProjectIDBuildingOther, 2</td>
<td></td>
<td>302</td>
<td>com.arcapi.Common.AssetDocumentAPITest@3f49dace</td></tr>
<tr>
<td title='com.arcapi.Common.AssetListAPITest.AssetListAPI()'><b>AssetListAPI</b><br>Test class: com.arcapi.Common.AssetListAPITest</td>
<td></td>
<td>2</td>
<td>com.arcapi.Common.AssetListAPITest@5bcab519</td></tr>
<tr>
<td title='com.arcapi.Buildingtestcases.AssetMeterDetailAPITest.AssetMeterDetailAPI()'><b>AssetMeterDetailAPI</b><br>Test class: com.arcapi.Buildingtestcases.AssetMeterDetailAPITest<br>Parameters: STG2, ProjectIDBuildingOther, 2</td>
<td></td>
<td>2</td>
<td>com.arcapi.Buildingtestcases.AssetMeterDetailAPITest@59494225</td></tr>
<tr>
<td title='com.arcapi.Common.AssetNotificationSubscriptionListTest.AssetNotificationSubscriptionList()'><b>AssetNotificationSubscriptionList</b><br>Test class: com.arcapi.Common.AssetNotificationSubscriptionListTest<br>Parameters: STG2, ProjectIDBuildingOther, 2</td>
<td></td>
<td>1</td>
<td>com.arcapi.Common.AssetNotificationSubscriptionListTest@1e127982</td></tr>
<tr>
<td title='com.arcapi.Common.AssetNotificationSubscriptionPostTest.AssetNotificationSubscriptionPost()'><b>AssetNotificationSubscriptionPost</b><br>Test class: com.arcapi.Common.AssetNotificationSubscriptionPostTest<br>Parameters: STG2, ProjectIDBuildingOther, 2</td>
<td></td>
<td>2</td>
<td>com.arcapi.Common.AssetNotificationSubscriptionPostTest@60c6f5b</td></tr>
<tr>
<td title='com.arcapi.Common.AssetPerformanceScoreListAPITest.AssetPerformanceScoreListAPI()'><b>AssetPerformanceScoreListAPI</b><br>Test class: com.arcapi.Common.AssetPerformanceScoreListAPITest<br>Parameters: STG2, ProjectIDBuildingOther, 2</td>
<td></td>
<td>1</td>
<td>com.arcapi.Common.AssetPerformanceScoreListAPITest@2ac273d3</td></tr>
<tr>
<td title='com.arcapi.Common.AssetRequiredFieldsAPITest.AssetRequiredFieldsAPI()'><b>AssetRequiredFieldsAPI</b><br>Test class: com.arcapi.Common.AssetRequiredFieldsAPITest<br>Parameters: STG2, ProjectIDBuildingOther, 2</td>
<td></td>
<td>2</td>
<td>com.arcapi.Common.AssetRequiredFieldsAPITest@13a5fe33</td></tr>
<tr>
<td title='com.arcapi.Common.AssetSearchAPITest.AssetSearchAPI()'><b>AssetSearchAPI</b><br>Test class: com.arcapi.Common.AssetSearchAPITest<br>Parameters: STG2, ProjectIDBuildingOther, 2</td>
<td></td>
<td>2</td>
<td>com.arcapi.Common.AssetSearchAPITest@5622fdf</td></tr>
<tr>
<td title='com.arcapi.Common.AssetSearchOwnerAPITest.AssetSearchOwnerAPI()'><b>AssetSearchOwnerAPI</b><br>Test class: com.arcapi.Common.AssetSearchOwnerAPITest<br>Parameters: STG2, ProjectIDBuildingOther, 2</td>
<td></td>
<td>1</td>
<td>com.arcapi.Common.AssetSearchOwnerAPITest@5700d6b1</td></tr>
<tr>
<td title='com.arcapi.Common.AssetTeamMemberAddPOSTAPITest.AssetTeamMemberAddPOSTAPI()'><b>AssetTeamMemberAddPOSTAPI</b><br>Test class: com.arcapi.Common.AssetTeamMemberAddPOSTAPITest<br>Parameters: STG2, ProjectIDBuildingOther, 2</td>
<td></td>
<td>4</td>
<td>com.arcapi.Common.AssetTeamMemberAddPOSTAPITest@5025a98f</td></tr>
<tr>
<td title='com.arcapi.Common.AssetArcProjectAdminAddPOSTAPITest.AssetTeamMemberAddPOSTAPI()'><b>AssetTeamMemberAddPOSTAPI</b><br>Test class: com.arcapi.Common.AssetArcProjectAdminAddPOSTAPITest<br>Parameters: STG2, ProjectIDBuildingOther, 2</td>
<td></td>
<td>1</td>
<td>com.arcapi.Common.AssetArcProjectAdminAddPOSTAPITest@617faa95</td></tr>
<tr>
<td title='com.arcapi.Common.AssetTeamMemberListAPITest.AssetTeamMemberListAPI()'><b>AssetTeamMemberListAPI</b><br>Test class: com.arcapi.Common.AssetTeamMemberListAPITest<br>Parameters: STG2, ProjectIDBuildingOther, 2</td>
<td></td>
<td>2</td>
<td>com.arcapi.Common.AssetTeamMemberListAPITest@2d928643</td></tr>
<tr>
<td title='com.arcapi.Common.AssetTeamMemberRemoveAPITest.AssetTeamMemberRemoveAPI()'><b>AssetTeamMemberRemoveAPI</b><br>Test class: com.arcapi.Common.AssetTeamMemberRemoveAPITest<br>Parameters: STG2, ProjectIDBuildingOther, 2</td>
<td></td>
<td>2</td>
<td>com.arcapi.Common.AssetTeamMemberRemoveAPITest@20322d26</td></tr>
<tr>
<td title='com.arcapi.Common.AssetTeamMemberRoleAPITest.AssetTeamMemberRoleAPI()'><b>AssetTeamMemberRoleAPI</b><br>Test class: com.arcapi.Common.AssetTeamMemberRoleAPITest<br>Parameters: STG2, ProjectIDBuildingOther, 2</td>
<td></td>
<td>2</td>
<td>com.arcapi.Common.AssetTeamMemberRoleAPITest@6adede5</td></tr>
<tr>
<td title='com.arcapi.Common.AssetTeamMemberUpdateAPITest.AssetTeamMemberUpdateAPI()'><b>AssetTeamMemberUpdateAPI</b><br>Test class: com.arcapi.Common.AssetTeamMemberUpdateAPITest<br>Parameters: STG2, ProjectIDBuildingOther, 2</td>
<td></td>
<td>1</td>
<td>com.arcapi.Common.AssetTeamMemberUpdateAPITest@49993335</td></tr>
<tr>
<td title='com.arcapi.Common.AssetTeamPermissionListAPITest.AssetTeamPermissionListAPI()'><b>AssetTeamPermissionListAPI</b><br>Test class: com.arcapi.Common.AssetTeamPermissionListAPITest<br>Parameters: STG2, ProjectIDBuildingOther, 2</td>
<td></td>
<td>1</td>
<td>com.arcapi.Common.AssetTeamPermissionListAPITest@dc24521</td></tr>
<tr>
<td title='com.arcapi.Buildingtestcases.AssetUpdateBuildingAPITest.AssetUpdateforNewAssetPUTAPI()'><b>AssetUpdateforNewAssetPUTAPI</b><br>Test class: com.arcapi.Buildingtestcases.AssetUpdateBuildingAPITest<br>Parameters: STG2, ProjectIDBuildingOther, 2</td>
<td></td>
<td>1</td>
<td>com.arcapi.Buildingtestcases.AssetUpdateBuildingAPITest@e45f292</td></tr>
<tr>
<td title='com.arcapi.Common.AssetValidationInfoPOSTAPITest.AssetValidationInfoPOSTAPI()'><b>AssetValidationInfoPOSTAPI</b><br>Test class: com.arcapi.Common.AssetValidationInfoPOSTAPITest</td>
<td></td>
<td>2</td>
<td>com.arcapi.Common.AssetValidationInfoPOSTAPITest@1ce92674</td></tr>
<tr>
<td title='com.arcapi.Common.AssociatedCategoriesAPITest.AssociatedCategoriesAPI()'><b>AssociatedCategoriesAPI</b><br>Test class: com.arcapi.Common.AssociatedCategoriesAPITest</td>
<td></td>
<td>2</td>
<td>com.arcapi.Common.AssociatedCategoriesAPITest@370736d9</td></tr>
<tr>
<td title='com.arcapi.Common.AvgPerformaceListGetTest.AvgPerformaceList()'><b>AvgPerformaceList</b><br>Test class: com.arcapi.Common.AvgPerformaceListGetTest</td>
<td></td>
<td>1</td>
<td>com.arcapi.Common.AvgPerformaceListGetTest@6c3708b3</td></tr>
<tr>
<td title='com.arcapi.Buildingtestcases.CO2GetTest.CO2GetTestAPI()'><b>CO2GetTestAPI</b><br>Test class: com.arcapi.Buildingtestcases.CO2GetTest<br>Parameters: STG2, ProjectIDBuildingOther, 2</td>
<td></td>
<td>2</td>
<td>com.arcapi.Buildingtestcases.CO2GetTest@6fc6f14e</td></tr>
<tr>
<td title='com.arcapi.Buildingtestcases.ConsumptionCreatePOSTAPITest.ConsumptionCreatePOSTAPI()'><b>ConsumptionCreatePOSTAPI</b><br>Test class: com.arcapi.Buildingtestcases.ConsumptionCreatePOSTAPITest<br>Parameters: STG2, ProjectIDBuildingOther, 2</td>
<td></td>
<td>2</td>
<td>com.arcapi.Buildingtestcases.ConsumptionCreatePOSTAPITest@13805618</td></tr>
<tr>
<td title='com.arcapi.Buildingtestcases.ConsumptionDeleteAPITest.ConsumptionDeleteAPI()'><b>ConsumptionDeleteAPI</b><br>Test class: com.arcapi.Buildingtestcases.ConsumptionDeleteAPITest<br>Parameters: STG2, ProjectIDBuildingOther, 2</td>
<td></td>
<td>1</td>
<td>com.arcapi.Buildingtestcases.ConsumptionDeleteAPITest@1ed4004b</td></tr>
<tr>
<td title='com.arcapi.Buildingtestcases.ConsumptionDetailAPITest.ConsumptionDetailAPI()'><b>ConsumptionDetailAPI</b><br>Test class: com.arcapi.Buildingtestcases.ConsumptionDetailAPITest<br>Parameters: STG2, ProjectIDBuildingOther, 2</td>
<td></td>
<td>2</td>
<td>com.arcapi.Buildingtestcases.ConsumptionDetailAPITest@56ef9176</td></tr>
<tr>
<td title='com.arcapi.Buildingtestcases.ConsumptionListAPITest.ConsumptionListAPI()'><b>ConsumptionListAPI</b><br>Test class: com.arcapi.Buildingtestcases.ConsumptionListAPITest<br>Parameters: STG2, ProjectIDBuildingOther, 2</td>
<td></td>
<td>2</td>
<td>com.arcapi.Buildingtestcases.ConsumptionListAPITest@cb644e</td></tr>
<tr>
<td title='com.arcapi.Buildingtestcases.ConsumptionUpdatePUTAPITest.ConsumptionUpdatePUTAPI()'><b>ConsumptionUpdatePUTAPI</b><br>Test class: com.arcapi.Buildingtestcases.ConsumptionUpdatePUTAPITest<br>Parameters: STG2, ProjectIDBuildingOther, 2</td>
<td></td>
<td>2</td>
<td>com.arcapi.Buildingtestcases.ConsumptionUpdatePUTAPITest@4566e5bd</td></tr>
<tr>
<td title='com.arcapi.Common.CountryStatesJSONAPITest.CountryStatesJSONAPI()'><b>CountryStatesJSONAPI</b><br>Test class: com.arcapi.Common.CountryStatesJSONAPITest</td>
<td></td>
<td>2</td>
<td>com.arcapi.Common.CountryStatesJSONAPITest@3108bc</td></tr>
<tr>
<td title='com.arcapi.Buildingtestcases.CreateAssetBuildingV3APITest.CreateAssetPOSTAPI()'><b>CreateAssetPOSTAPI</b><br>Test class: com.arcapi.Buildingtestcases.CreateAssetBuildingV3APITest<br>Parameters: building, ProjectIDBuildingOther, US, other, true</td>
<td></td>
<td>6</td>
<td>com.arcapi.Buildingtestcases.CreateAssetBuildingV3APITest@6093dd95</td></tr>
<tr>
<td title='com.arcapi.Common.DataSnapshotBeforeReviewGETAPITest.DataSnapshotBeforeReviewGETAPI()'><b>DataSnapshotBeforeReviewGETAPI</b><br>Test class: com.arcapi.Common.DataSnapshotBeforeReviewGETAPITest<br>Parameters: STG2, ProjectIDBuildingOther, 2</td>
<td></td>
<td>3</td>
<td>com.arcapi.Common.DataSnapshotBeforeReviewGETAPITest@73ad2d6</td></tr>
<tr>
<td title='com.arcapi.Common.DeleteAllAppsAPITest.DeleteAllAppsAPI()'><b>DeleteAllAppsAPI</b><br>Test class: com.arcapi.Common.DeleteAllAppsAPITest<br>Parameters: STG2, ProjectIDBuildingOther, 2</td>
<td></td>
<td>6</td>
<td>com.arcapi.Common.DeleteAllAppsAPITest@192b07fd</td></tr>
<tr>
<td title='com.arcapi.Common.EnvironmentSurveyExportAPITest.EnvironmentSurveyExportAPI()'><b>EnvironmentSurveyExportAPI</b><br>Test class: com.arcapi.Common.EnvironmentSurveyExportAPITest<br>Parameters: STG2, ProjectIDBuildingOther, 2</td>
<td></td>
<td>3</td>
<td>com.arcapi.Common.EnvironmentSurveyExportAPITest@4fe3c938</td></tr>
<tr>
<td title='com.arcapi.Buildingtestcases.ExcelTemplateMetersAPITest.ExcelTemplateMetersAPI()'><b>ExcelTemplateMetersAPI</b><br>Test class: com.arcapi.Buildingtestcases.ExcelTemplateMetersAPITest<br>Parameters: STG2, ProjectIDBuildingOther, 2</td>
<td></td>
<td>4</td>
<td>com.arcapi.Buildingtestcases.ExcelTemplateMetersAPITest@544fe44c</td></tr>
<tr>
<td title='com.arcapi.Buildingtestcases.ExcelUploadTemplatePOSTAPITest.ExcelUploadTemplatePOSTAPI()'><b>ExcelUploadTemplatePOSTAPI</b><br>Test class: com.arcapi.Buildingtestcases.ExcelUploadTemplatePOSTAPITest<br>Parameters: STG2, ProjectIDBuildingOther, 2</td>
<td></td>
<td>7</td>
<td>com.arcapi.Buildingtestcases.ExcelUploadTemplatePOSTAPITest@5649fd9b</td></tr>
<tr>
<td title='com.arcapi.Common.FeedbackSubmitPostAPITest.FeedbackSubmitPostAPI()'><b>FeedbackSubmitPostAPI</b><br>Test class: com.arcapi.Common.FeedbackSubmitPostAPITest<br>Parameters: STG2, ProjectIDBuildingOther, 2</td>
<td></td>
<td>2</td>
<td>com.arcapi.Common.FeedbackSubmitPostAPITest@78c03f1f</td></tr>
<tr>
<td title='com.arcapi.Common.FetchingAgreementDetailsAPITest.FetchingAgreementDetailsAPI()'><b>FetchingAgreementDetailsAPI</b><br>Test class: com.arcapi.Common.FetchingAgreementDetailsAPITest<br>Parameters: STG2, ProjectIDBuildingOther, 2</td>
<td></td>
<td>302</td>
<td>com.arcapi.Common.FetchingAgreementDetailsAPITest@56ac3a89</td></tr>
<tr>
<td title='com.arcapi.Common.FuelCategoryAPITest.FuelCategoryAPI()'><b>FuelCategoryAPI</b><br>Test class: com.arcapi.Common.FuelCategoryAPITest</td>
<td></td>
<td>1</td>
<td>com.arcapi.Common.FuelCategoryAPITest@6b09bb57</td></tr>
<tr>
<td title='com.arcapi.Buildingtestcases.GhgCalcGetTest.GhgCalcGet()'><b>GhgCalcGet</b><br>Test class: com.arcapi.Buildingtestcases.GhgCalcGetTest<br>Parameters: STG2, ProjectIDBuildingOther, 2</td>
<td></td>
<td>2</td>
<td>com.arcapi.Buildingtestcases.GhgCalcGetTest@3632be31</td></tr>
<tr>
<td title='com.arcapi.Buildingtestcases.GhgGetTest.GhgGetTestAPI()'><b>GhgGetTestAPI</b><br>Test class: com.arcapi.Buildingtestcases.GhgGetTest<br>Parameters: STG2, ProjectIDBuildingOther, 2</td>
<td></td>
<td>1</td>
<td>com.arcapi.Buildingtestcases.GhgGetTest@56235b8e</td></tr>
<tr>
<td title='com.arcapi.Common.InstallAllAppsAfterDeleteAPITest.InstallAllAppsAfterDeleteAPI()'><b>InstallAllAppsAfterDeleteAPI</b><br>Test class: com.arcapi.Common.InstallAllAppsAfterDeleteAPITest<br>Parameters: STG2, ProjectIDBuildingOther, 2</td>
<td></td>
<td>6</td>
<td>com.arcapi.Common.InstallAllAppsAfterDeleteAPITest@64bfbc86</td></tr>
<tr>
<td title='com.arcapi.Common.V2.IntensityAllOtherGetAPITest.IntensityAllOtherGetAPI()'><b>IntensityAllOtherGetAPI</b><br>Test class: com.arcapi.Common.V2.IntensityAllOtherGetAPITest<br>Parameters: STG2, ProjectIDBuildingOther, 2</td>
<td></td>
<td>25</td>
<td>com.arcapi.Common.V2.IntensityAllOtherGetAPITest@57fffcd7</td></tr>
<tr>
<td title='com.arcapi.Common.V2.IntensityWaterGetAPITest.IntensityWaterGetAPI()'><b>IntensityWaterGetAPI</b><br>Test class: com.arcapi.Common.V2.IntensityWaterGetAPITest<br>Parameters: STG2, ProjectIDBuildingOther, 2</td>
<td></td>
<td>2</td>
<td>com.arcapi.Common.V2.IntensityWaterGetAPITest@3abbfa04</td></tr>
<tr>
<td title='com.arcapi.Common.MeasureCommentAddPostAPITest.MeasureCommentAddPostAPI()'><b>MeasureCommentAddPostAPI</b><br>Test class: com.arcapi.Common.MeasureCommentAddPostAPITest<br>Parameters: STG2, ProjectIDBuildingOther, 2</td>
<td></td>
<td>2</td>
<td>com.arcapi.Common.MeasureCommentAddPostAPITest@6500df86</td></tr>
<tr>
<td title='com.arcapi.Common.MeasureCommentQuerySetGetAPITest.MeasureCommentQuerySetGetAPI()'><b>MeasureCommentQuerySetGetAPI</b><br>Test class: com.arcapi.Common.MeasureCommentQuerySetGetAPITest<br>Parameters: STG2, ProjectIDBuildingOther, 2</td>
<td></td>
<td>2</td>
<td>com.arcapi.Common.MeasureCommentQuerySetGetAPITest@402a079c</td></tr>
<tr>
<td title='com.arcapi.Common.MeasureCommentReplayPostAPITest.MeasureCommentReplayPostAPI()'><b>MeasureCommentReplayPostAPI</b><br>Test class: com.arcapi.Common.MeasureCommentReplayPostAPITest<br>Parameters: STG2, ProjectIDBuildingOther, 2</td>
<td></td>
<td>2</td>
<td>com.arcapi.Common.MeasureCommentReplayPostAPITest@59ec2012</td></tr>
<tr>
<td title='com.arcapi.Buildingtestcases.MeterBulkConsumptionPOSTAPITest.MeterBulkConsumptionPOSTAPI()'><b>MeterBulkConsumptionPOSTAPI</b><br>Test class: com.arcapi.Buildingtestcases.MeterBulkConsumptionPOSTAPITest<br>Parameters: STG2, ProjectIDBuildingOther, 2</td>
<td></td>
<td>2</td>
<td>com.arcapi.Buildingtestcases.MeterBulkConsumptionPOSTAPITest@5cb9f472</td></tr>
<tr>
<td title='com.arcapi.Buildingtestcases.MeterCreatePOSTAPITest.MeterCreatePOSTAPI()'><b>MeterCreatePOSTAPI</b><br>Test class: com.arcapi.Buildingtestcases.MeterCreatePOSTAPITest<br>Parameters: STG2, ProjectIDBuildingOther, 2</td>
<td></td>
<td>2</td>
<td>com.arcapi.Buildingtestcases.MeterCreatePOSTAPITest@6e06451e</td></tr>
<tr>
<td title='com.arcapi.Buildingtestcases.MeterDeleteAPITest.MeterDeleteAPI()'><b>MeterDeleteAPI</b><br>Test class: com.arcapi.Buildingtestcases.MeterDeleteAPITest<br>Parameters: STG2, ProjectIDBuildingOther, 2</td>
<td></td>
<td>2</td>
<td>com.arcapi.Buildingtestcases.MeterDeleteAPITest@ff5b51f</td></tr>
<tr>
<td title='com.arcapi.Buildingtestcases.MeterUpdatePUTAPITest.MeterUpdatePUTAPI()'><b>MeterUpdatePUTAPI</b><br>Test class: com.arcapi.Buildingtestcases.MeterUpdatePUTAPITest<br>Parameters: STG2, ProjectIDBuildingOther, 2</td>
<td></td>
<td>2</td>
<td>com.arcapi.Buildingtestcases.MeterUpdatePUTAPITest@6e1567f1</td></tr>
<tr>
<td title='com.arcapi.Buildingtestcases.MetersAPITest.MetersAPI()'><b>MetersAPI</b><br>Test class: com.arcapi.Buildingtestcases.MetersAPITest<br>Parameters: STG2, ProjectIDBuildingOther, 2</td>
<td></td>
<td>2</td>
<td>com.arcapi.Buildingtestcases.MetersAPITest@72d818d1</td></tr>
<tr>
<td title='com.arcapi.Common.NotificationCreatePOSTAPITest.NotificationCreatePOSTAPI()'><b>NotificationCreatePOSTAPI</b><br>Test class: com.arcapi.Common.NotificationCreatePOSTAPITest<br>Parameters: STG2, ProjectIDBuildingOther, 2</td>
<td></td>
<td>1</td>
<td>com.arcapi.Common.NotificationCreatePOSTAPITest@66480dd7</td></tr>
<tr>
<td title='com.arcapi.Common.MeasureCommentDeleteAPITest.NotificationDeleteAPI()'><b>NotificationDeleteAPI</b><br>Test class: com.arcapi.Common.MeasureCommentDeleteAPITest<br>Parameters: STG2, ProjectIDBuildingOther, 2</td>
<td></td>
<td>2</td>
<td>com.arcapi.Common.MeasureCommentDeleteAPITest@4cf777e8</td></tr>
<tr>
<td title='com.arcapi.Common.NotificationDeleteAPITest.NotificationDeleteAPI()'><b>NotificationDeleteAPI</b><br>Test class: com.arcapi.Common.NotificationDeleteAPITest<br>Parameters: STG2, ProjectIDBuildingOther, 2</td>
<td></td>
<td>2</td>
<td>com.arcapi.Common.NotificationDeleteAPITest@5ce81285</td></tr>
<tr>
<td title='com.arcapi.Common.NotificationGetAPITest.NotificationGetAPI()'><b>NotificationGetAPI</b><br>Test class: com.arcapi.Common.NotificationGetAPITest<br>Parameters: STG2, ProjectIDBuildingOther, 2</td>
<td></td>
<td>2</td>
<td>com.arcapi.Common.NotificationGetAPITest@52a86356</td></tr>
<tr>
<td title='com.arcapi.Common.NotificationSubscriptionDetailGetTest.NotificationSubscriptionDetail()'><b>NotificationSubscriptionDetail</b><br>Test class: com.arcapi.Common.NotificationSubscriptionDetailGetTest<br>Parameters: STG2, ProjectIDBuildingOther, 2</td>
<td></td>
<td>1</td>
<td>com.arcapi.Common.NotificationSubscriptionDetailGetTest@2038ae61</td></tr>
<tr>
<td title='com.arcapi.Common.NotificationSubscriptionDetailPutTest.NotificationSubscriptionDetail()'><b>NotificationSubscriptionDetail</b><br>Test class: com.arcapi.Common.NotificationSubscriptionDetailPutTest<br>Parameters: STG2, ProjectIDBuildingOther, 2</td>
<td></td>
<td>1</td>
<td>com.arcapi.Common.NotificationSubscriptionDetailPutTest@3c0f93f1</td></tr>
<tr>
<td title='com.arcapi.Common.NotificationSubscriptionDetailDeleteTest.NotificationSubscriptionDetailDelete()'><b>NotificationSubscriptionDetailDelete</b><br>Test class: com.arcapi.Common.NotificationSubscriptionDetailDeleteTest<br>Parameters: STG2, ProjectIDBuildingOther, 2</td>
<td></td>
<td>1</td>
<td>com.arcapi.Common.NotificationSubscriptionDetailDeleteTest@31dc339b</td></tr>
<tr>
<td title='com.arcapi.Common.V2.PaymentOrderSubmitPOSTAPITest.PaymentOrderSubmitPOSTAPI()'><b>PaymentOrderSubmitPOSTAPI</b><br>Test class: com.arcapi.Common.V2.PaymentOrderSubmitPOSTAPITest<br>Parameters: STG2, ProjectIDBuildingOther, 2, CreditCardPayment</td>
<td></td>
<td>2</td>
<td>com.arcapi.Common.V2.PaymentOrderSubmitPOSTAPITest@39c0f4a</td></tr>
<tr>
<td title='com.arcapi.Common.PerformanceComparablesGetAPITest.PerformanceComparablesGetAPI()'><b>PerformanceComparablesGetAPI</b><br>Test class: com.arcapi.Common.PerformanceComparablesGetAPITest</td>
<td></td>
<td>2</td>
<td>com.arcapi.Common.PerformanceComparablesGetAPITest@520a3426</td></tr>
<tr>
<td title='com.arcapi.Common.RatingSystemListAPITest.RatingSystemListAPI()'><b>RatingSystemListAPI</b><br>Test class: com.arcapi.Common.RatingSystemListAPITest</td>
<td></td>
<td>2</td>
<td>com.arcapi.Common.RatingSystemListAPITest@5f9d02cb</td></tr>
<tr>
<td title='com.arcapi.Common.RecomputePerformanceScoreGetTest.RecomputePerformanceScoreGet()'><b>RecomputePerformanceScoreGet</b><br>Test class: com.arcapi.Common.RecomputePerformanceScoreGetTest<br>Parameters: STG2, ProjectIDBuildingOther, 2</td>
<td></td>
<td>11</td>
<td>com.arcapi.Common.RecomputePerformanceScoreGetTest@a67c67e</td></tr>
<tr>
<td title='com.arcapi.Common.V2.RegistrationPaymentPricingGetAPITest.RegistrationPaymentPricingGetAPI()'><b>RegistrationPaymentPricingGetAPI</b><br>Test class: com.arcapi.Common.V2.RegistrationPaymentPricingGetAPITest<br>Parameters: STG2, ProjectIDBuildingOther, 2</td>
<td></td>
<td>1</td>
<td>com.arcapi.Common.V2.RegistrationPaymentPricingGetAPITest@7d9d1a19</td></tr>
<tr>
<td title='com.arcapi.Common.V2.ResampledDiverted_wasteAnalysisDataGetAPITest.ResampledDiverted_wasteAnalysisDataGetAPI()'><b>ResampledDiverted_wasteAnalysisDataGetAPI</b><br>Test class: com.arcapi.Common.V2.ResampledDiverted_wasteAnalysisDataGetAPITest<br>Parameters: STG2, ProjectIDBuildingOther, 2</td>
<td></td>
<td>2</td>
<td>com.arcapi.Common.V2.ResampledDiverted_wasteAnalysisDataGetAPITest@343f4d3d</td></tr>
<tr>
<td title='com.arcapi.Common.V2.ResampledElectricityAnalysisDataGetAPITest.ResampledElectricityAnalysisDataGetAPI()'><b>ResampledElectricityAnalysisDataGetAPI</b><br>Test class: com.arcapi.Common.V2.ResampledElectricityAnalysisDataGetAPITest<br>Parameters: STG2, ProjectIDBuildingOther, 2</td>
<td></td>
<td>1</td>
<td>com.arcapi.Common.V2.ResampledElectricityAnalysisDataGetAPITest@53b32d7</td></tr>
<tr>
<td title='com.arcapi.Common.V2.ResampledEmissionsAnalysisDataGetAPITest.ResampledEmissionsAnalysisDataGetAPI()'><b>ResampledEmissionsAnalysisDataGetAPI</b><br>Test class: com.arcapi.Common.V2.ResampledEmissionsAnalysisDataGetAPITest<br>Parameters: STG2, ProjectIDBuildingOther, 2</td>
<td></td>
<td>2</td>
<td>com.arcapi.Common.V2.ResampledEmissionsAnalysisDataGetAPITest@5442a311</td></tr>
<tr>
<td title='com.arcapi.Common.V2.ResampledEnergBasicAnalysisDataGetAPITest.ResampledEnergBasicAnalysisDataGetAPI()'><b>ResampledEnergBasicAnalysisDataGetAPI</b><br>Test class: com.arcapi.Common.V2.ResampledEnergBasicAnalysisDataGetAPITest<br>Parameters: STG2, ProjectIDBuildingOther, 2</td>
<td></td>
<td>2</td>
<td>com.arcapi.Common.V2.ResampledEnergBasicAnalysisDataGetAPITest@57baeedf</td></tr>
<tr>
<td title='com.arcapi.Common.V2.ResampledEnergy_ScoreGetAPITest.ResampledEnergy_ScoreGetAPI()'><b>ResampledEnergy_ScoreGetAPI</b><br>Test class: com.arcapi.Common.V2.ResampledEnergy_ScoreGetAPITest<br>Parameters: STG2, ProjectIDBuildingOther, 2</td>
<td></td>
<td>2</td>
<td>com.arcapi.Common.V2.ResampledEnergy_ScoreGetAPITest@548e7350</td></tr>
<tr>
<td title='com.arcapi.Common.V2.ResampledFuelAnalysisDataGetAPITest.ResampledFuelAnalysisDataGetAPI()'><b>ResampledFuelAnalysisDataGetAPI</b><br>Test class: com.arcapi.Common.V2.ResampledFuelAnalysisDataGetAPITest<br>Parameters: STG2, ProjectIDBuildingOther, 2</td>
<td></td>
<td>1</td>
<td>com.arcapi.Common.V2.ResampledFuelAnalysisDataGetAPITest@1a968a59</td></tr>
<tr>
<td title='com.arcapi.Common.V2.ResampledGenerated_wasteAnalysisDataGetAPITest.ResampledGenerated_wasteAnalysisDataGetAPI()'><b>ResampledGenerated_wasteAnalysisDataGetAPI</b><br>Test class: com.arcapi.Common.V2.ResampledGenerated_wasteAnalysisDataGetAPITest<br>Parameters: STG2, ProjectIDBuildingOther, 2</td>
<td></td>
<td>2</td>
<td>com.arcapi.Common.V2.ResampledGenerated_wasteAnalysisDataGetAPITest@4667ae56</td></tr>
<tr>
<td title='com.arcapi.Common.V2.ResampledHumanexperienceAnalysisDataGetAPITest.ResampledHumanexperienceAnalysisDataGetAPI()'><b>ResampledHumanexperienceAnalysisDataGetAPI</b><br>Test class: com.arcapi.Common.V2.ResampledHumanexperienceAnalysisDataGetAPITest<br>Parameters: STG2, ProjectIDBuildingOther, 2</td>
<td></td>
<td>2</td>
<td>com.arcapi.Common.V2.ResampledHumanexperienceAnalysisDataGetAPITest@204f30ec</td></tr>
<tr>
<td title='com.arcapi.Common.V2.ResampledHumanexperience_ScoreGetAPITest.ResampledHumanexperience_ScoreGetAPI()'><b>ResampledHumanexperience_ScoreGetAPI</b><br>Test class: com.arcapi.Common.V2.ResampledHumanexperience_ScoreGetAPITest<br>Parameters: STG2, ProjectIDBuildingOther, 2</td>
<td></td>
<td>1</td>
<td>com.arcapi.Common.V2.ResampledHumanexperience_ScoreGetAPITest@77cd7a0</td></tr>
<tr>
<td title='com.arcapi.Common.V2.ResampledImprovement_ScoreGetAPITest.ResampledImprovement_ScoreGetAPI()'><b>ResampledImprovement_ScoreGetAPI</b><br>Test class: com.arcapi.Common.V2.ResampledImprovement_ScoreGetAPITest<br>Parameters: STG2, ProjectIDBuildingOther, 2</td>
<td></td>
<td>2</td>
<td>com.arcapi.Common.V2.ResampledImprovement_ScoreGetAPITest@e25b2fe</td></tr>
<tr>
<td title='com.arcapi.Common.V2.ResampledNatural_gasAnalysisDataGetAPITest.ResampledNatural_gasAnalysisDataGetAPI()'><b>ResampledNatural_gasAnalysisDataGetAPI</b><br>Test class: com.arcapi.Common.V2.ResampledNatural_gasAnalysisDataGetAPITest<br>Parameters: STG2, ProjectIDBuildingOther, 2</td>
<td></td>
<td>2</td>
<td>com.arcapi.Common.V2.ResampledNatural_gasAnalysisDataGetAPITest@754ba872</td></tr>
<tr>
<td title='com.arcapi.Common.V2.ResampledSource_energyAnalysisDataGetAPITest.ResampledSource_energyAnalysisDataGetAPI()'><b>ResampledSource_energyAnalysisDataGetAPI</b><br>Test class: com.arcapi.Common.V2.ResampledSource_energyAnalysisDataGetAPITest<br>Parameters: STG2, ProjectIDBuildingOther, 2</td>
<td></td>
<td>2</td>
<td>com.arcapi.Common.V2.ResampledSource_energyAnalysisDataGetAPITest@4dfa3a9d</td></tr>
<tr>
<td title='com.arcapi.Common.V2.ResampledTransportAnalysisDataGetAPITest.ResampledTransportAnalysisDataGetAPI()'><b>ResampledTransportAnalysisDataGetAPI</b><br>Test class: com.arcapi.Common.V2.ResampledTransportAnalysisDataGetAPITest<br>Parameters: STG2, ProjectIDBuildingOther, 2</td>
<td></td>
<td>2</td>
<td>com.arcapi.Common.V2.ResampledTransportAnalysisDataGetAPITest@464bee09</td></tr>
<tr>
<td title='com.arcapi.Common.V2.ResampledWaste_ScoreDataGetAPITest.ResampledWaste_ScoreDataGetAPI()'><b>ResampledWaste_ScoreDataGetAPI</b><br>Test class: com.arcapi.Common.V2.ResampledWaste_ScoreDataGetAPITest<br>Parameters: STG2, ProjectIDBuildingOther, 2</td>
<td></td>
<td>3</td>
<td>com.arcapi.Common.V2.ResampledWaste_ScoreDataGetAPITest@f6c48ac</td></tr>
<tr>
<td title='com.arcapi.Common.V2.ResampledWaterAnalysisDataGetAPITest.ResampledWaterAnalysisDataGetAPI()'><b>ResampledWaterAnalysisDataGetAPI</b><br>Test class: com.arcapi.Common.V2.ResampledWaterAnalysisDataGetAPITest<br>Parameters: STG2, ProjectIDBuildingOther, 2</td>
<td></td>
<td>2</td>
<td>com.arcapi.Common.V2.ResampledWaterAnalysisDataGetAPITest@239963d8</td></tr>
<tr>
<td title='com.arcapi.Common.V2.ResampledWater_ScoreDataGetAPITest.ResampledWater_ScoreDataGetAPI()'><b>ResampledWater_ScoreDataGetAPI</b><br>Test class: com.arcapi.Common.V2.ResampledWater_ScoreDataGetAPITest<br>Parameters: STG2, ProjectIDBuildingOther, 2</td>
<td></td>
<td>2</td>
<td>com.arcapi.Common.V2.ResampledWater_ScoreDataGetAPITest@13deb50e</td></tr>
<tr>
<td title='com.arcapi.Common.V2.Resampledsite_energyAnalysisDataGetAPITest.Resampledsite_energyAnalysisDataGetAPI()'><b>Resampledsite_energyAnalysisDataGetAPI</b><br>Test class: com.arcapi.Common.V2.Resampledsite_energyAnalysisDataGetAPITest<br>Parameters: STG2, ProjectIDBuildingOther, 2</td>
<td></td>
<td>2</td>
<td>com.arcapi.Common.V2.Resampledsite_energyAnalysisDataGetAPITest@146ba0ac</td></tr>
<tr>
<td title='com.arcapi.Common.S3DocumentListAPITest.S3DocumentListAPI()'><b>S3DocumentListAPI</b><br>Test class: com.arcapi.Common.S3DocumentListAPITest<br>Parameters: STG2, ProjectIDBuildingOther, 2</td>
<td></td>
<td>2</td>
<td>com.arcapi.Common.S3DocumentListAPITest@55d56113</td></tr>
<tr>
<td title='com.arcapi.Common.S3DocumentRemoveAPITest.S3DocumentRemoveAPI()'><b>S3DocumentRemoveAPI</b><br>Test class: com.arcapi.Common.S3DocumentRemoveAPITest<br>Parameters: STG2, ProjectIDBuildingOther, 2</td>
<td></td>
<td>2</td>
<td>com.arcapi.Common.S3DocumentRemoveAPITest@148080bb</td></tr>
<tr>
<td title='com.arcapi.Common.S3DocumentUploadPOSTAPITest.S3DocumentUploadPOSTAPI()'><b>S3DocumentUploadPOSTAPI</b><br>Test class: com.arcapi.Common.S3DocumentUploadPOSTAPITest<br>Parameters: STG2, ProjectIDBuildingOther, 2</td>
<td></td>
<td>23</td>
<td>com.arcapi.Common.S3DocumentUploadPOSTAPITest@64bf3bbf</td></tr>
<tr>
<td title='com.arcapi.Common.ScoreCodeVersionQuerysetGetAPITest.ScoreCodeVersionQuerysetGetAPI()'><b>ScoreCodeVersionQuerysetGetAPI</b><br>Test class: com.arcapi.Common.ScoreCodeVersionQuerysetGetAPITest<br>Parameters: STG2, ProjectIDBuildingOther, 2</td>
<td></td>
<td>1</td>
<td>com.arcapi.Common.ScoreCodeVersionQuerysetGetAPITest@3c0ecd4b</td></tr>
<tr>
<td title='com.arcapi.Common.ScoreImprovementGetAssetAPITest.ScoreImprovementGetAssetAPI()'><b>ScoreImprovementGetAssetAPI</b><br>Test class: com.arcapi.Common.ScoreImprovementGetAssetAPITest<br>Parameters: STG2, ProjectIDBuildingOther, 2</td>
<td></td>
<td>2</td>
<td>com.arcapi.Common.ScoreImprovementGetAssetAPITest@185d8b6</td></tr>
<tr>
<td title='com.arcapi.Common.ScoreVersionCompareGetAPITest.ScoreVersionCompareGetAPI()'><b>ScoreVersionCompareGetAPI</b><br>Test class: com.arcapi.Common.ScoreVersionCompareGetAPITest<br>Parameters: STG2, ProjectIDBuildingOther, 2</td>
<td></td>
<td>7</td>
<td>com.arcapi.Common.ScoreVersionCompareGetAPITest@14bf9759</td></tr>
<tr>
<td title='com.arcapi.Common.ScoreVersionExtensionRequestUpdatePostAPITest.ScoreVersionExtensionRequestUpdatePostAPI()'><b>ScoreVersionExtensionRequestUpdatePostAPI</b><br>Test class: com.arcapi.Common.ScoreVersionExtensionRequestUpdatePostAPITest<br>Parameters: STG2, ProjectIDBuildingOther, 2</td>
<td></td>
<td>1</td>
<td>com.arcapi.Common.ScoreVersionExtensionRequestUpdatePostAPITest@42dafa95</td></tr>
<tr>
<td title='com.arcapi.Common.ScoreVersionLogQuerySetGetAPITest.ScoreVersionLogQuerySetGetAPI()'><b>ScoreVersionLogQuerySetGetAPI</b><br>Test class: com.arcapi.Common.ScoreVersionLogQuerySetGetAPITest<br>Parameters: STG2, ProjectIDBuildingOther, 2</td>
<td></td>
<td>2</td>
<td>com.arcapi.Common.ScoreVersionLogQuerySetGetAPITest@589838eb</td></tr>
<tr>
<td title='com.arcapi.Common.ScoreVersionNotificationGETAPITest.ScoreVersionNotificationGETAPI()'><b>ScoreVersionNotificationGETAPI</b><br>Test class: com.arcapi.Common.ScoreVersionNotificationGETAPITest<br>Parameters: STG2, ProjectIDBuildingOther, 2</td>
<td></td>
<td>2</td>
<td>com.arcapi.Common.ScoreVersionNotificationGETAPITest@5f341870</td></tr>
<tr>
<td title='com.arcapi.Common.ScoreVersionUserNotificationGetAPITest.ScoreVersionNotificationGETAPI()'><b>ScoreVersionNotificationGETAPI</b><br>Test class: com.arcapi.Common.ScoreVersionUserNotificationGetAPITest<br>Parameters: STG2, ProjectIDBuildingOther, 2</td>
<td></td>
<td>2</td>
<td>com.arcapi.Common.ScoreVersionUserNotificationGetAPITest@553f17c</td></tr>
<tr>
<td title='com.arcapi.Common.ScoreVersionUserNotificationDeleteAPITest.ScoreVersionUserNotificationDeleteAPI()'><b>ScoreVersionUserNotificationDeleteAPI</b><br>Test class: com.arcapi.Common.ScoreVersionUserNotificationDeleteAPITest<br>Parameters: STG2, ProjectIDBuildingOther, 2</td>
<td></td>
<td>2</td>
<td>com.arcapi.Common.ScoreVersionUserNotificationDeleteAPITest@4f7d0008</td></tr>
<tr>
<td title='com.arcapi.Common.ScoreWeightsAPITest.ScoreWeightsAPI()'><b>ScoreWeightsAPI</b><br>Test class: com.arcapi.Common.ScoreWeightsAPITest<br>Parameters: STG2, ProjectIDBuildingOther, 2</td>
<td></td>
<td>3</td>
<td>com.arcapi.Common.ScoreWeightsAPITest@18eed359</td></tr>
<tr>
<td title='com.arcapi.Common.V2.SignAgreementRegistrationAPITest.SignAgreementRegistrationAPI()'><b>SignAgreementRegistrationAPI</b><br>Test class: com.arcapi.Common.V2.SignAgreementRegistrationAPITest<br>Parameters: STG2, ProjectIDBuildingOther, 2</td>
<td></td>
<td>2</td>
<td>com.arcapi.Common.V2.SignAgreementRegistrationAPITest@4883b407</td></tr>
<tr>
<td title='com.arcapi.Common.SocreVersionUpdateQuerysetGetAPITest.SocreVersionUpdateQuerysetGetAPI()'><b>SocreVersionUpdateQuerysetGetAPI</b><br>Test class: com.arcapi.Common.SocreVersionUpdateQuerysetGetAPITest<br>Parameters: STG2, ProjectIDBuildingOther, 2</td>
<td></td>
<td>2</td>
<td>com.arcapi.Common.SocreVersionUpdateQuerysetGetAPITest@271053e1</td></tr>
<tr>
<td title='com.arcapi.Common.Neg.SubmitReviewPOSTAPITest.SubmitReviewPOSTAPI()'><b>SubmitReviewPOSTAPI</b><br>Test class: com.arcapi.Common.Neg.SubmitReviewPOSTAPITest<br>Parameters: STG2, ProjectIDBuildingOther, 2, building, performance score</td>
<td></td>
<td>3</td>
<td>com.arcapi.Common.Neg.SubmitReviewPOSTAPITest@3327bd23</td></tr>
<tr>
<td title='com.arcapi.Buildingtestcases.SurveyCreatePOSTAPITest.SurveyCreatePOSTAPI()'><b>SurveyCreatePOSTAPI</b><br>Test class: com.arcapi.Buildingtestcases.SurveyCreatePOSTAPITest<br>Parameters: STG2, ProjectIDBuildingOther, 2</td>
<td></td>
<td>303</td>
<td>com.arcapi.Buildingtestcases.SurveyCreatePOSTAPITest@29ca901e</td></tr>
<tr>
<td title='com.arcapi.Common.TemperatureDataGetTest.TemperatureDataGet()'><b>TemperatureDataGet</b><br>Test class: com.arcapi.Common.TemperatureDataGetTest<br>Parameters: STG2, ProjectIDBuildingOther, 2</td>
<td></td>
<td>2</td>
<td>com.arcapi.Common.TemperatureDataGetTest@527740a2</td></tr>
<tr>
<td title='com.arcapi.Common.ThirdPartyListAppsAPITest.ThirdPartyListAppsAPI()'><b>ThirdPartyListAppsAPI</b><br>Test class: com.arcapi.Common.ThirdPartyListAppsAPITest</td>
<td></td>
<td>2</td>
<td>com.arcapi.Common.ThirdPartyListAppsAPITest@3e9b1010</td></tr>
<tr>
<td title='com.arcapi.Common.TransitSurveyExportAPITest.TransitSurveyExportAPI()'><b>TransitSurveyExportAPI</b><br>Test class: com.arcapi.Common.TransitSurveyExportAPITest<br>Parameters: STG2, ProjectIDBuildingOther, 2</td>
<td></td>
<td>3</td>
<td>com.arcapi.Common.TransitSurveyExportAPITest@5ec0a365</td></tr>
<tr>
<td title='com.arcapi.Common.UserPreferenceGetAPITest.UserPreferenceGetAPI()'><b>UserPreferenceGetAPI</b><br>Test class: com.arcapi.Common.UserPreferenceGetAPITest<br>Parameters: STG2, 2</td>
<td></td>
<td>1</td>
<td>com.arcapi.Common.UserPreferenceGetAPITest@42e26948</td></tr>
<tr>
<td title='com.arcapi.Common.UserPreferenceTruePostAPITest.UserPreferencePostAPI()'><b>UserPreferencePostAPI</b><br>Test class: com.arcapi.Common.UserPreferenceTruePostAPITest<br>Parameters: STG2, 2</td>
<td></td>
<td>2</td>
<td>com.arcapi.Common.UserPreferenceTruePostAPITest@31ef45e3</td></tr>
<tr>
<td title='com.arcapi.Common.DefaultUserPreferencePostAPITest.UserPreferencePostAPI()'><b>UserPreferencePostAPI</b><br>Test class: com.arcapi.Common.DefaultUserPreferencePostAPITest<br>Parameters: STG2, 2</td>
<td></td>
<td>1</td>
<td>com.arcapi.Common.DefaultUserPreferencePostAPITest@598067a5</td></tr>
<tr>
<td title='com.arcapi.Buildingtestcases.VOCGetTest.VOCGet()'><b>VOCGet</b><br>Test class: com.arcapi.Buildingtestcases.VOCGetTest<br>Parameters: STG2, ProjectIDBuildingOther, 2</td>
<td></td>
<td>1</td>
<td>com.arcapi.Buildingtestcases.VOCGetTest@5abca1e0</td></tr>
<tr>
<td title='com.arcapi.Common.VerifyAdminRemoveAPITest.VerifyAdminRemoveAPI()'><b>VerifyAdminRemoveAPI</b><br>Test class: com.arcapi.Common.VerifyAdminRemoveAPITest<br>Parameters: STG2, ProjectIDBuildingOther, 2</td>
<td></td>
<td>2</td>
<td>com.arcapi.Common.VerifyAdminRemoveAPITest@7e0b0338</td></tr>
<tr>
<td title='com.arcapi.Common.VerifyAgreementPresentAPITest.VerifyAgreementPresentAPI()'><b>VerifyAgreementPresentAPI</b><br>Test class: com.arcapi.Common.VerifyAgreementPresentAPITest<br>Parameters: STG2, ProjectIDBuildingOther, 2</td>
<td></td>
<td>301</td>
<td>com.arcapi.Common.VerifyAgreementPresentAPITest@490ab905</td></tr>
<tr>
<td title='com.arcapi.Buildingtestcases.VerifyAssetDetailAPITest.VerifyAssetDetailAPI()'><b>VerifyAssetDetailAPI</b><br>Test class: com.arcapi.Buildingtestcases.VerifyAssetDetailAPITest<br>Parameters: STG2, ProjectIDBuildingOther, 2</td>
<td></td>
<td>2</td>
<td>com.arcapi.Buildingtestcases.VerifyAssetDetailAPITest@5f2108b5</td></tr>
<tr>
<td title='com.arcapi.Buildingtestcases.VerifyExcelTemplateConsumptionAPITest.VerifyExcelTemplateConsumptionAPI()'><b>VerifyExcelTemplateConsumptionAPI</b><br>Test class: com.arcapi.Buildingtestcases.VerifyExcelTemplateConsumptionAPITest<br>Parameters: STG2, ProjectIDBuildingOther, 2</td>
<td></td>
<td>15</td>
<td>com.arcapi.Buildingtestcases.VerifyExcelTemplateConsumptionAPITest@31610302</td></tr>
<tr>
<td title='com.arcapi.Common.VerifyProjectRegisteredAssetListTest.VerifyProjectRegisteredAssetList()'><b>VerifyProjectRegisteredAssetList</b><br>Test class: com.arcapi.Common.VerifyProjectRegisteredAssetListTest<br>Parameters: STG2, ProjectIDBuildingOther, 2</td>
<td></td>
<td>1</td>
<td>com.arcapi.Common.VerifyProjectRegisteredAssetListTest@31a5c39e</td></tr>
<tr>
<td title='com.arcapi.Buildingtestcases.VerifyWasteDataExcelAPITest.VerifyWasteDataExcelAPI()'><b>VerifyWasteDataExcelAPI</b><br>Test class: com.arcapi.Buildingtestcases.VerifyWasteDataExcelAPITest<br>Parameters: STG2, ProjectIDBuildingOther, 2</td>
<td></td>
<td>2</td>
<td>com.arcapi.Buildingtestcases.VerifyWasteDataExcelAPITest@71318ec4</td></tr>
<tr>
<td title='com.arcapi.Buildingtestcases.WasteCreatePOSTAPITest.WasteCreatePOSTAPI()'><b>WasteCreatePOSTAPI</b><br>Test class: com.arcapi.Buildingtestcases.WasteCreatePOSTAPITest<br>Parameters: STG2, ProjectIDBuildingOther, 2</td>
<td></td>
<td>2</td>
<td>com.arcapi.Buildingtestcases.WasteCreatePOSTAPITest@69ea3742</td></tr>
<tr>
<td title='com.arcapi.Buildingtestcases.WasteDetailAPITest.WasteDetailAPI()'><b>WasteDetailAPI</b><br>Test class: com.arcapi.Buildingtestcases.WasteDetailAPITest<br>Parameters: STG2, ProjectIDBuildingOther, 2</td>
<td></td>
<td>2</td>
<td>com.arcapi.Buildingtestcases.WasteDetailAPITest@3159c4b8</td></tr>
<tr>
<td title='com.arcapi.Buildingtestcases.WasteDetailDeleteAPITest.WasteDetailDeleteAPI()'><b>WasteDetailDeleteAPI</b><br>Test class: com.arcapi.Buildingtestcases.WasteDetailDeleteAPITest<br>Parameters: STG2, ProjectIDBuildingOther, 2</td>
<td></td>
<td>2</td>
<td>com.arcapi.Buildingtestcases.WasteDetailDeleteAPITest@4bec1f0c</td></tr>
<tr>
<td title='com.arcapi.Buildingtestcases.WasteDivertedBulkDataPostTest.WasteDivertedBulkDataPost()'><b>WasteDivertedBulkDataPost</b><br>Test class: com.arcapi.Buildingtestcases.WasteDivertedBulkDataPostTest<br>Parameters: STG2, ProjectIDBuildingOther, 2</td>
<td></td>
<td>1</td>
<td>com.arcapi.Buildingtestcases.WasteDivertedBulkDataPostTest@5702b3b1</td></tr>
<tr>
<td title='com.arcapi.Common.WasteDivertedResampleGETAPITest.WasteDivertedResampleGETAPI()'><b>WasteDivertedResampleGETAPI</b><br>Test class: com.arcapi.Common.WasteDivertedResampleGETAPITest<br>Parameters: STG2, ProjectIDBuildingOther, 2</td>
<td></td>
<td>2</td>
<td>com.arcapi.Common.WasteDivertedResampleGETAPITest@3fee9989</td></tr>
<tr>
<td title='com.arcapi.Buildingtestcases.WasteGeneratedBulkDataPostTest.WasteGeneratedBulkDataPost()'><b>WasteGeneratedBulkDataPost</b><br>Test class: com.arcapi.Buildingtestcases.WasteGeneratedBulkDataPostTest<br>Parameters: STG2, ProjectIDBuildingOther, 2</td>
<td></td>
<td>1</td>
<td>com.arcapi.Buildingtestcases.WasteGeneratedBulkDataPostTest@25bbe1b6</td></tr>
<tr>
<td title='com.arcapi.Common.WasteGeneratedResampleGETAPITest.WasteGeneratedResampleGETAPI()'><b>WasteGeneratedResampleGETAPI</b><br>Test class: com.arcapi.Common.WasteGeneratedResampleGETAPITest<br>Parameters: STG2, ProjectIDBuildingOther, 2</td>
<td></td>
<td>1</td>
<td>com.arcapi.Common.WasteGeneratedResampleGETAPITest@2f686d1f</td></tr>
<tr>
<td title='com.arcapi.Buildingtestcases.WasteGetAPITest.WasteGetAPI()'><b>WasteGetAPI</b><br>Test class: com.arcapi.Buildingtestcases.WasteGetAPITest<br>Parameters: STG2, ProjectIDBuildingOther, 2</td>
<td></td>
<td>2</td>
<td>com.arcapi.Buildingtestcases.WasteGetAPITest@4b952a2d</td></tr>
<tr>
<td title='com.arcapi.Buildingtestcases.WasteUpdatePUTAPITest.WasteUpdatePUTAPI()'><b>WasteUpdatePUTAPI</b><br>Test class: com.arcapi.Buildingtestcases.WasteUpdatePUTAPITest<br>Parameters: STG2, ProjectIDBuildingOther, 2</td>
<td></td>
<td>1</td>
<td>com.arcapi.Buildingtestcases.WasteUpdatePUTAPITest@73846619</td></tr>
<tr>
<td title='com.arcapi.Common.V2.ResampledTransport_ScoreGetAPITest.Waste_ScoreBasicAnalysisDataGetAPI()'><b>Waste_ScoreBasicAnalysisDataGetAPI</b><br>Test class: com.arcapi.Common.V2.ResampledTransport_ScoreGetAPITest<br>Parameters: STG2, ProjectIDBuildingOther, 2</td>
<td></td>
<td>3</td>
<td>com.arcapi.Common.V2.ResampledTransport_ScoreGetAPITest@6eebc39e</td></tr>
<tr>
<td title='com.arcapi.Buildingtestcases.WaterGetTest.WaterGet()'><b>WaterGet</b><br>Test class: com.arcapi.Buildingtestcases.WaterGetTest<br>Parameters: STG2, ProjectIDBuildingOther, 2</td>
<td></td>
<td>1</td>
<td>com.arcapi.Buildingtestcases.WaterGetTest@2286778</td></tr>
</table><p>
</body>
</html>