<html>
<head>
<title>TestNG:  V4.1-5</title>
<link href="../testng.css" rel="stylesheet" type="text/css" />
<link href="../my-testng.css" rel="stylesheet" type="text/css" />

<style type="text/css">
.log { display: none;} 
.stack-trace { display: none;} 
</style>
<script type="text/javascript">
<!--
function flip(e) {
  current = e.style.display;
  if (current == 'block') {
    e.style.display = 'none';
    return 0;
  }
  else {
    e.style.display = 'block';
    return 1;
  }
}

function toggleBox(szDivId, elem, msg1, msg2)
{
  var res = -1;  if (document.getElementById) {
    res = flip(document.getElementById(szDivId));
  }
  else if (document.all) {
    // this is the way old msie versions work
    res = flip(document.all[szDivId]);
  }
  if(elem) {
    if(res == 0) elem.innerHTML = msg1; else elem.innerHTML = msg2;
  }

}

function toggleAllBoxes() {
  if (document.getElementsByTagName) {
    d = document.getElementsByTagName('div');
    for (i = 0; i < d.length; i++) {
      if (d[i].className == 'log') {
        flip(d[i]);
      }
    }
  }
}

// -->
</script>

</head>
<body>
<h2 align='center'>V4.1-5</h2><table border='1' align="center">
<tr>
<td>Tests passed/Failed/Skipped:</td><td>0/0/43</td>
</tr><tr>
<td>Started on:</td><td>Thu Jun 27 11:55:51 IST 2019</td>
</tr>
<tr><td>Total time:</td><td>0 seconds (229 ms)</td>
</tr><tr>
<td>Included groups:</td><td></td>
</tr><tr>
<td>Excluded groups:</td><td></td>
</tr>
</table><p/>
<small><i>(Hover the method name to see the test class name)</i></small><p/>
<table width='100%' border='1' class='invocation-failed'>
<tr><td colspan='4' align='center'><b>FAILED CONFIGURATIONS</b></td></tr>
<tr><td><b>Test method</b></td>
<td width="30%"><b>Exception</b></td>
<td width="10%"><b>Time (seconds)</b></td>
<td><b>Instance</b></td>
</tr>
<tr>
<td title='com.arcapi.Leedv4Testcases.LOAuthenticateAPITest.setBaseUri()'><b>setBaseUri</b><br>Test class: com.arcapi.Leedv4Testcases.LOAuthenticateAPITest</td>
<td><div><pre>org.testng.TestNGException: 
Parameter &apos;environment&apos; is required by BeforeClass on method setBaseUri but has not been marked @Optional or defined
in D:\leed\leedperformance\AutomationTesting\TestArcAPI\src\main\resources\TestNGFiles\LeedV4TestNG.xml
... Removed 23 stack frames</pre></div><a href='#' onClick='toggleBox("stack-trace1158258131", this, "Click to show all stack frames", "Click to hide stack frames")'>Click to show all stack frames</a>
<div class='stack-trace' id='stack-trace1158258131'><pre>org.testng.TestNGException: 
Parameter &apos;environment&apos; is required by BeforeClass on method setBaseUri but has not been marked @Optional or defined
in D:\leed\leedperformance\AutomationTesting\TestArcAPI\src\main\resources\TestNGFiles\LeedV4TestNG.xml
	at org.testng.internal.Parameters.createParams(Parameters.java:290)
	at org.testng.internal.Parameters.createParametersForMethod(Parameters.java:359)
	at org.testng.internal.Parameters.createParameters(Parameters.java:620)
	at org.testng.internal.Parameters.createConfigurationParameters(Parameters.java:190)
	at org.testng.internal.Invoker.invokeConfigurations(Invoker.java:209)
	at org.testng.internal.Invoker.invokeConfigurations(Invoker.java:142)
	at org.testng.internal.TestMethodWorker.invokeBeforeClassMethods(TestMethodWorker.java:163)
	at org.testng.internal.TestMethodWorker.run(TestMethodWorker.java:105)
	at org.testng.TestRunner.privateRun(TestRunner.java:648)
	at org.testng.TestRunner.run(TestRunner.java:505)
	at org.testng.SuiteRunner.runTest(SuiteRunner.java:455)
	at org.testng.SuiteRunner.runSequentially(SuiteRunner.java:450)
	at org.testng.SuiteRunner.privateRun(SuiteRunner.java:415)
	at org.testng.SuiteRunner.run(SuiteRunner.java:364)
	at org.testng.SuiteRunnerWorker.runSuite(SuiteRunnerWorker.java:52)
	at org.testng.SuiteRunnerWorker.run(SuiteRunnerWorker.java:84)
	at org.testng.TestNG.runSuitesSequentially(TestNG.java:1187)
	at org.testng.TestNG.runSuitesLocally(TestNG.java:1116)
	at org.testng.TestNG.runSuites(TestNG.java:1028)
	at org.testng.TestNG.run(TestNG.java:996)
	at org.testng.remote.AbstractRemoteTestNG.run(AbstractRemoteTestNG.java:114)
	at org.testng.remote.RemoteTestNG.initAndRun(RemoteTestNG.java:251)
	at org.testng.remote.RemoteTestNG.main(RemoteTestNG.java:77)
</pre></div></td>
<td>0</td>
<td>com.arcapi.Leedv4Testcases.LOAuthenticateAPITest@6591f517</td></tr>
</table><p>
<table width='100%' border='1' class='invocation-skipped'>
<tr><td colspan='4' align='center'><b>SKIPPED CONFIGURATIONS</b></td></tr>
<tr><td><b>Test method</b></td>
<td width="30%"><b>Exception</b></td>
<td width="10%"><b>Time (seconds)</b></td>
<td><b>Instance</b></td>
</tr>
<tr>
<td title='com.arcapi.Leedv4Testcases.LOProjectRegistrationINT.getSuiteName()'><b>getSuiteName</b><br>Test class: com.arcapi.Leedv4Testcases.LOProjectRegistrationINT</td>
<td></td>
<td>0</td>
<td>com.arcapi.Leedv4Testcases.LOProjectRegistrationINT@345965f2</td></tr>
<tr>
<td title='com.arcapi.Leedv4Testcases.LOProjectRegistrationINT.setBaseUri()'><b>setBaseUri</b><br>Test class: com.arcapi.Leedv4Testcases.LOProjectRegistrationINT</td>
<td></td>
<td>0</td>
<td>com.arcapi.Leedv4Testcases.LOProjectRegistrationINT@345965f2</td></tr>
<tr>
<td title='com.arcapi.Leedv4Testcases.LOProjectSyncAPITest.getSuiteName()'><b>getSuiteName</b><br>Test class: com.arcapi.Leedv4Testcases.LOProjectSyncAPITest</td>
<td></td>
<td>0</td>
<td>com.arcapi.Leedv4Testcases.LOProjectSyncAPITest@429bd883</td></tr>
<tr>
<td title='com.arcapi.Leedv4Testcases.LOProjectSyncAPITest.setBaseUri()'><b>setBaseUri</b><br>Test class: com.arcapi.Leedv4Testcases.LOProjectSyncAPITest</td>
<td></td>
<td>0</td>
<td>com.arcapi.Leedv4Testcases.LOProjectSyncAPITest@429bd883</td></tr>
<tr>
<td title='com.arcapi.Leedv4Testcases.SignAgreementRegistrationAPITest.getSuiteName()'><b>getSuiteName</b><br>Test class: com.arcapi.Leedv4Testcases.SignAgreementRegistrationAPITest</td>
<td></td>
<td>0</td>
<td>com.arcapi.Leedv4Testcases.SignAgreementRegistrationAPITest@4d49af10</td></tr>
<tr>
<td title='com.arcapi.Leedv4Testcases.SignAgreementRegistrationAPITest.setBaseUri()'><b>setBaseUri</b><br>Test class: com.arcapi.Leedv4Testcases.SignAgreementRegistrationAPITest</td>
<td></td>
<td>0</td>
<td>com.arcapi.Leedv4Testcases.SignAgreementRegistrationAPITest@4d49af10</td></tr>
<tr>
<td title='com.arcapi.Leedv4Testcases.AssetUpdateforNewAssetPUTAPITest.getSuiteName()'><b>getSuiteName</b><br>Test class: com.arcapi.Leedv4Testcases.AssetUpdateforNewAssetPUTAPITest</td>
<td></td>
<td>0</td>
<td>com.arcapi.Leedv4Testcases.AssetUpdateforNewAssetPUTAPITest@279ad2e3</td></tr>
<tr>
<td title='com.arcapi.Leedv4Testcases.AssetUpdateforNewAssetPUTAPITest.setBaseUri()'><b>setBaseUri</b><br>Test class: com.arcapi.Leedv4Testcases.AssetUpdateforNewAssetPUTAPITest</td>
<td></td>
<td>0</td>
<td>com.arcapi.Leedv4Testcases.AssetUpdateforNewAssetPUTAPITest@279ad2e3</td></tr>
<tr>
<td title='com.arcapi.Leedv4Testcases.VerifyAssetDetailAPITest.getSuiteName()'><b>getSuiteName</b><br>Test class: com.arcapi.Leedv4Testcases.VerifyAssetDetailAPITest</td>
<td></td>
<td>0</td>
<td>com.arcapi.Leedv4Testcases.VerifyAssetDetailAPITest@58134517</td></tr>
<tr>
<td title='com.arcapi.Leedv4Testcases.VerifyAssetDetailAPITest.setBaseUri()'><b>setBaseUri</b><br>Test class: com.arcapi.Leedv4Testcases.VerifyAssetDetailAPITest</td>
<td></td>
<td>0</td>
<td>com.arcapi.Leedv4Testcases.VerifyAssetDetailAPITest@58134517</td></tr>
<tr>
<td title='com.arcapi.Leedv4Testcases.VerifyProjectRegisteredAssetListTest.getSuiteName()'><b>getSuiteName</b><br>Test class: com.arcapi.Leedv4Testcases.VerifyProjectRegisteredAssetListTest</td>
<td></td>
<td>0</td>
<td>com.arcapi.Leedv4Testcases.VerifyProjectRegisteredAssetListTest@4450d156</td></tr>
<tr>
<td title='com.arcapi.Leedv4Testcases.VerifyProjectRegisteredAssetListTest.setBaseUri()'><b>setBaseUri</b><br>Test class: com.arcapi.Leedv4Testcases.VerifyProjectRegisteredAssetListTest</td>
<td></td>
<td>0</td>
<td>com.arcapi.Leedv4Testcases.VerifyProjectRegisteredAssetListTest@4450d156</td></tr>
<tr>
<td title='com.arcapi.Leedv4Testcases.VerifyAgreementPresentAPITest.getSuiteName()'><b>getSuiteName</b><br>Test class: com.arcapi.Leedv4Testcases.VerifyAgreementPresentAPITest</td>
<td></td>
<td>0</td>
<td>com.arcapi.Leedv4Testcases.VerifyAgreementPresentAPITest@4461c7e3</td></tr>
<tr>
<td title='com.arcapi.Leedv4Testcases.VerifyAgreementPresentAPITest.setBaseUri()'><b>setBaseUri</b><br>Test class: com.arcapi.Leedv4Testcases.VerifyAgreementPresentAPITest</td>
<td></td>
<td>0</td>
<td>com.arcapi.Leedv4Testcases.VerifyAgreementPresentAPITest@4461c7e3</td></tr>
<tr>
<td title='com.arcapi.Leedv4Testcases.FetchingAgreementDetailsAPITest.getSuiteName()'><b>getSuiteName</b><br>Test class: com.arcapi.Leedv4Testcases.FetchingAgreementDetailsAPITest</td>
<td></td>
<td>0</td>
<td>com.arcapi.Leedv4Testcases.FetchingAgreementDetailsAPITest@351d0846</td></tr>
<tr>
<td title='com.arcapi.Leedv4Testcases.FetchingAgreementDetailsAPITest.setBaseUri()'><b>setBaseUri</b><br>Test class: com.arcapi.Leedv4Testcases.FetchingAgreementDetailsAPITest</td>
<td></td>
<td>0</td>
<td>com.arcapi.Leedv4Testcases.FetchingAgreementDetailsAPITest@351d0846</td></tr>
<tr>
<td title='com.arcapi.Leedv4Testcases.VerifyAgreementDeleteAPITest.getSuiteName()'><b>getSuiteName</b><br>Test class: com.arcapi.Leedv4Testcases.VerifyAgreementDeleteAPITest</td>
<td></td>
<td>0</td>
<td>com.arcapi.Leedv4Testcases.VerifyAgreementDeleteAPITest@77e4c80f</td></tr>
<tr>
<td title='com.arcapi.Leedv4Testcases.VerifyAgreementDeleteAPITest.setBaseUri()'><b>setBaseUri</b><br>Test class: com.arcapi.Leedv4Testcases.VerifyAgreementDeleteAPITest</td>
<td></td>
<td>0</td>
<td>com.arcapi.Leedv4Testcases.VerifyAgreementDeleteAPITest@77e4c80f</td></tr>
<tr>
<td title='com.arcapi.Leedv4Testcases.MetersAPITest.getSuiteName()'><b>getSuiteName</b><br>Test class: com.arcapi.Leedv4Testcases.MetersAPITest</td>
<td></td>
<td>0</td>
<td>com.arcapi.Leedv4Testcases.MetersAPITest@35fc6dc4</td></tr>
<tr>
<td title='com.arcapi.Leedv4Testcases.MetersAPITest.setBaseUri()'><b>setBaseUri</b><br>Test class: com.arcapi.Leedv4Testcases.MetersAPITest</td>
<td></td>
<td>0</td>
<td>com.arcapi.Leedv4Testcases.MetersAPITest@35fc6dc4</td></tr>
<tr>
<td title='com.arcapi.Leedv4Testcases.HumanExperienceConsumptionCreateAPITest.getSuiteName()'><b>getSuiteName</b><br>Test class: com.arcapi.Leedv4Testcases.HumanExperienceConsumptionCreateAPITest</td>
<td></td>
<td>0</td>
<td>com.arcapi.Leedv4Testcases.HumanExperienceConsumptionCreateAPITest@7fe8ea47</td></tr>
<tr>
<td title='com.arcapi.Leedv4Testcases.HumanExperienceConsumptionCreateAPITest.setBaseUri()'><b>setBaseUri</b><br>Test class: com.arcapi.Leedv4Testcases.HumanExperienceConsumptionCreateAPITest</td>
<td></td>
<td>0</td>
<td>com.arcapi.Leedv4Testcases.HumanExperienceConsumptionCreateAPITest@7fe8ea47</td></tr>
<tr>
<td title='com.arcapi.Leedv4Testcases.HumanExperienceConsumptionUpdateAPITest.getSuiteName()'><b>getSuiteName</b><br>Test class: com.arcapi.Leedv4Testcases.HumanExperienceConsumptionUpdateAPITest</td>
<td></td>
<td>0</td>
<td>com.arcapi.Leedv4Testcases.HumanExperienceConsumptionUpdateAPITest@226a82c4</td></tr>
<tr>
<td title='com.arcapi.Leedv4Testcases.HumanExperienceConsumptionUpdateAPITest.setBaseUri()'><b>setBaseUri</b><br>Test class: com.arcapi.Leedv4Testcases.HumanExperienceConsumptionUpdateAPITest</td>
<td></td>
<td>0</td>
<td>com.arcapi.Leedv4Testcases.HumanExperienceConsumptionUpdateAPITest@226a82c4</td></tr>
<tr>
<td title='com.arcapi.Leedv4Testcases.VerifyManualConsumptionAfterUpdateAPITest.getSuiteName()'><b>getSuiteName</b><br>Test class: com.arcapi.Leedv4Testcases.VerifyManualConsumptionAfterUpdateAPITest</td>
<td></td>
<td>0</td>
<td>com.arcapi.Leedv4Testcases.VerifyManualConsumptionAfterUpdateAPITest@731f8236</td></tr>
<tr>
<td title='com.arcapi.Leedv4Testcases.VerifyManualConsumptionAfterUpdateAPITest.setBaseUri()'><b>setBaseUri</b><br>Test class: com.arcapi.Leedv4Testcases.VerifyManualConsumptionAfterUpdateAPITest</td>
<td></td>
<td>0</td>
<td>com.arcapi.Leedv4Testcases.VerifyManualConsumptionAfterUpdateAPITest@731f8236</td></tr>
<tr>
<td title='com.arcapi.Leedv4Testcases.HumanExperienceConsumptionDeleteAPITest.getSuiteName()'><b>getSuiteName</b><br>Test class: com.arcapi.Leedv4Testcases.HumanExperienceConsumptionDeleteAPITest</td>
<td></td>
<td>0</td>
<td>com.arcapi.Leedv4Testcases.HumanExperienceConsumptionDeleteAPITest@255b53dc</td></tr>
<tr>
<td title='com.arcapi.Leedv4Testcases.HumanExperienceConsumptionDeleteAPITest.setBaseUri()'><b>setBaseUri</b><br>Test class: com.arcapi.Leedv4Testcases.HumanExperienceConsumptionDeleteAPITest</td>
<td></td>
<td>0</td>
<td>com.arcapi.Leedv4Testcases.HumanExperienceConsumptionDeleteAPITest@255b53dc</td></tr>
<tr>
<td title='com.arcapi.Leedv4Testcases.HEConsumptionCreateAfterDeleteTest.getSuiteName()'><b>getSuiteName</b><br>Test class: com.arcapi.Leedv4Testcases.HEConsumptionCreateAfterDeleteTest</td>
<td></td>
<td>0</td>
<td>com.arcapi.Leedv4Testcases.HEConsumptionCreateAfterDeleteTest@1dd92fe2</td></tr>
<tr>
<td title='com.arcapi.Leedv4Testcases.HEConsumptionCreateAfterDeleteTest.setBaseUri()'><b>setBaseUri</b><br>Test class: com.arcapi.Leedv4Testcases.HEConsumptionCreateAfterDeleteTest</td>
<td></td>
<td>0</td>
<td>com.arcapi.Leedv4Testcases.HEConsumptionCreateAfterDeleteTest@1dd92fe2</td></tr>
<tr>
<td title='com.arcapi.Leedv4Testcases.VerifyManualConsumptionAPITest.getSuiteName()'><b>getSuiteName</b><br>Test class: com.arcapi.Leedv4Testcases.VerifyManualConsumptionAPITest</td>
<td></td>
<td>0</td>
<td>com.arcapi.Leedv4Testcases.VerifyManualConsumptionAPITest@6b53e23f</td></tr>
<tr>
<td title='com.arcapi.Leedv4Testcases.VerifyManualConsumptionAPITest.setBaseUri()'><b>setBaseUri</b><br>Test class: com.arcapi.Leedv4Testcases.VerifyManualConsumptionAPITest</td>
<td></td>
<td>0</td>
<td>com.arcapi.Leedv4Testcases.VerifyManualConsumptionAPITest@6b53e23f</td></tr>
<tr>
<td title='com.arcapi.Leedv4Testcases.HumanExperienceMeterUpdateAPITest.getSuiteName()'><b>getSuiteName</b><br>Test class: com.arcapi.Leedv4Testcases.HumanExperienceMeterUpdateAPITest</td>
<td></td>
<td>0</td>
<td>com.arcapi.Leedv4Testcases.HumanExperienceMeterUpdateAPITest@64d2d351</td></tr>
<tr>
<td title='com.arcapi.Leedv4Testcases.HumanExperienceMeterUpdateAPITest.setBaseUri()'><b>setBaseUri</b><br>Test class: com.arcapi.Leedv4Testcases.HumanExperienceMeterUpdateAPITest</td>
<td></td>
<td>0</td>
<td>com.arcapi.Leedv4Testcases.HumanExperienceMeterUpdateAPITest@64d2d351</td></tr>
<tr>
<td title='com.arcapi.Leedv4Testcases.MeterCommentPostGroup1APITest.getSuiteName()'><b>getSuiteName</b><br>Test class: com.arcapi.Leedv4Testcases.MeterCommentPostGroup1APITest</td>
<td></td>
<td>0</td>
<td>com.arcapi.Leedv4Testcases.MeterCommentPostGroup1APITest@1b68b9a4</td></tr>
<tr>
<td title='com.arcapi.Leedv4Testcases.MeterCommentPostGroup1APITest.setBaseUri()'><b>setBaseUri</b><br>Test class: com.arcapi.Leedv4Testcases.MeterCommentPostGroup1APITest</td>
<td></td>
<td>0</td>
<td>com.arcapi.Leedv4Testcases.MeterCommentPostGroup1APITest@1b68b9a4</td></tr>
<tr>
<td title='com.arcapi.Leedv4Testcases.MeterCommentPostGroup2APITest.getSuiteName()'><b>getSuiteName</b><br>Test class: com.arcapi.Leedv4Testcases.MeterCommentPostGroup2APITest</td>
<td></td>
<td>0</td>
<td>com.arcapi.Leedv4Testcases.MeterCommentPostGroup2APITest@4f9a3314</td></tr>
<tr>
<td title='com.arcapi.Leedv4Testcases.MeterCommentPostGroup2APITest.setBaseUri()'><b>setBaseUri</b><br>Test class: com.arcapi.Leedv4Testcases.MeterCommentPostGroup2APITest</td>
<td></td>
<td>0</td>
<td>com.arcapi.Leedv4Testcases.MeterCommentPostGroup2APITest@4f9a3314</td></tr>
<tr>
<td title='com.arcapi.Leedv4Testcases.MeterCommentPostGroup3APITest.getSuiteName()'><b>getSuiteName</b><br>Test class: com.arcapi.Leedv4Testcases.MeterCommentPostGroup3APITest</td>
<td></td>
<td>0</td>
<td>com.arcapi.Leedv4Testcases.MeterCommentPostGroup3APITest@3b2c72c2</td></tr>
<tr>
<td title='com.arcapi.Leedv4Testcases.MeterCommentPostGroup3APITest.setBaseUri()'><b>setBaseUri</b><br>Test class: com.arcapi.Leedv4Testcases.MeterCommentPostGroup3APITest</td>
<td></td>
<td>0</td>
<td>com.arcapi.Leedv4Testcases.MeterCommentPostGroup3APITest@3b2c72c2</td></tr>
<tr>
<td title='com.arcapi.Leedv4Testcases.MeterCommentReplyGroup1APITest.getSuiteName()'><b>getSuiteName</b><br>Test class: com.arcapi.Leedv4Testcases.MeterCommentReplyGroup1APITest</td>
<td></td>
<td>0</td>
<td>com.arcapi.Leedv4Testcases.MeterCommentReplyGroup1APITest@491666ad</td></tr>
<tr>
<td title='com.arcapi.Leedv4Testcases.MeterCommentReplyGroup1APITest.setBaseUri()'><b>setBaseUri</b><br>Test class: com.arcapi.Leedv4Testcases.MeterCommentReplyGroup1APITest</td>
<td></td>
<td>0</td>
<td>com.arcapi.Leedv4Testcases.MeterCommentReplyGroup1APITest@491666ad</td></tr>
<tr>
<td title='com.arcapi.Leedv4Testcases.MeterCommentReplyGroup2APITest.getSuiteName()'><b>getSuiteName</b><br>Test class: com.arcapi.Leedv4Testcases.MeterCommentReplyGroup2APITest</td>
<td></td>
<td>0</td>
<td>com.arcapi.Leedv4Testcases.MeterCommentReplyGroup2APITest@176d53b2</td></tr>
<tr>
<td title='com.arcapi.Leedv4Testcases.MeterCommentReplyGroup2APITest.setBaseUri()'><b>setBaseUri</b><br>Test class: com.arcapi.Leedv4Testcases.MeterCommentReplyGroup2APITest</td>
<td></td>
<td>0</td>
<td>com.arcapi.Leedv4Testcases.MeterCommentReplyGroup2APITest@176d53b2</td></tr>
<tr>
<td title='com.arcapi.Leedv4Testcases.MeterCommentReplyGroup3APITest.getSuiteName()'><b>getSuiteName</b><br>Test class: com.arcapi.Leedv4Testcases.MeterCommentReplyGroup3APITest</td>
<td></td>
<td>0</td>
<td>com.arcapi.Leedv4Testcases.MeterCommentReplyGroup3APITest@971d0d8</td></tr>
<tr>
<td title='com.arcapi.Leedv4Testcases.MeterCommentReplyGroup3APITest.setBaseUri()'><b>setBaseUri</b><br>Test class: com.arcapi.Leedv4Testcases.MeterCommentReplyGroup3APITest</td>
<td></td>
<td>0</td>
<td>com.arcapi.Leedv4Testcases.MeterCommentReplyGroup3APITest@971d0d8</td></tr>
<tr>
<td title='com.arcapi.Leedv4Testcases.MeterCommentDeleteGroup2APITest.getSuiteName()'><b>getSuiteName</b><br>Test class: com.arcapi.Leedv4Testcases.MeterCommentDeleteGroup2APITest</td>
<td></td>
<td>0</td>
<td>com.arcapi.Leedv4Testcases.MeterCommentDeleteGroup2APITest@51931956</td></tr>
<tr>
<td title='com.arcapi.Leedv4Testcases.MeterCommentDeleteGroup2APITest.setBaseUri()'><b>setBaseUri</b><br>Test class: com.arcapi.Leedv4Testcases.MeterCommentDeleteGroup2APITest</td>
<td></td>
<td>0</td>
<td>com.arcapi.Leedv4Testcases.MeterCommentDeleteGroup2APITest@51931956</td></tr>
<tr>
<td title='com.arcapi.Leedv4Testcases.AssetDetailAPITest.getSuiteName()'><b>getSuiteName</b><br>Test class: com.arcapi.Leedv4Testcases.AssetDetailAPITest</td>
<td></td>
<td>0</td>
<td>com.arcapi.Leedv4Testcases.AssetDetailAPITest@2b4a2ec7</td></tr>
<tr>
<td title='com.arcapi.Leedv4Testcases.AssetDetailAPITest.setBaseUri()'><b>setBaseUri</b><br>Test class: com.arcapi.Leedv4Testcases.AssetDetailAPITest</td>
<td></td>
<td>0</td>
<td>com.arcapi.Leedv4Testcases.AssetDetailAPITest@2b4a2ec7</td></tr>
<tr>
<td title='com.arcapi.Leedv4Testcases.SurveyCreatePOSTAPITest.getSuiteName()'><b>getSuiteName</b><br>Test class: com.arcapi.Leedv4Testcases.SurveyCreatePOSTAPITest</td>
<td></td>
<td>0</td>
<td>com.arcapi.Leedv4Testcases.SurveyCreatePOSTAPITest@564718df</td></tr>
<tr>
<td title='com.arcapi.Leedv4Testcases.SurveyCreatePOSTAPITest.setBaseUri()'><b>setBaseUri</b><br>Test class: com.arcapi.Leedv4Testcases.SurveyCreatePOSTAPITest</td>
<td></td>
<td>0</td>
<td>com.arcapi.Leedv4Testcases.SurveyCreatePOSTAPITest@564718df</td></tr>
<tr>
<td title='com.arcapi.Leedv4Testcases.HumanExperienceMeterDeleteAPITest.getSuiteName()'><b>getSuiteName</b><br>Test class: com.arcapi.Leedv4Testcases.HumanExperienceMeterDeleteAPITest</td>
<td></td>
<td>0</td>
<td>com.arcapi.Leedv4Testcases.HumanExperienceMeterDeleteAPITest@51b7e5df</td></tr>
<tr>
<td title='com.arcapi.Leedv4Testcases.HumanExperienceMeterDeleteAPITest.setBaseUri()'><b>setBaseUri</b><br>Test class: com.arcapi.Leedv4Testcases.HumanExperienceMeterDeleteAPITest</td>
<td></td>
<td>0</td>
<td>com.arcapi.Leedv4Testcases.HumanExperienceMeterDeleteAPITest@51b7e5df</td></tr>
<tr>
<td title='com.arcapi.Leedv4Testcases.ExcelUploadTemplatePOSTAPITest.getSuiteName()'><b>getSuiteName</b><br>Test class: com.arcapi.Leedv4Testcases.ExcelUploadTemplatePOSTAPITest</td>
<td></td>
<td>0</td>
<td>com.arcapi.Leedv4Testcases.ExcelUploadTemplatePOSTAPITest@18a70f16</td></tr>
<tr>
<td title='com.arcapi.Leedv4Testcases.ExcelUploadTemplatePOSTAPITest.setBaseUri()'><b>setBaseUri</b><br>Test class: com.arcapi.Leedv4Testcases.ExcelUploadTemplatePOSTAPITest</td>
<td></td>
<td>0</td>
<td>com.arcapi.Leedv4Testcases.ExcelUploadTemplatePOSTAPITest@18a70f16</td></tr>
<tr>
<td title='com.arcapi.Leedv4Testcases.S3DocumentUploadPOSTAPITest.getSuiteName()'><b>getSuiteName</b><br>Test class: com.arcapi.Leedv4Testcases.S3DocumentUploadPOSTAPITest</td>
<td></td>
<td>0</td>
<td>com.arcapi.Leedv4Testcases.S3DocumentUploadPOSTAPITest@62e136d3</td></tr>
<tr>
<td title='com.arcapi.Leedv4Testcases.S3DocumentUploadPOSTAPITest.setBaseUri()'><b>setBaseUri</b><br>Test class: com.arcapi.Leedv4Testcases.S3DocumentUploadPOSTAPITest</td>
<td></td>
<td>0</td>
<td>com.arcapi.Leedv4Testcases.S3DocumentUploadPOSTAPITest@62e136d3</td></tr>
<tr>
<td title='com.arcapi.Leedv4Testcases.S3DocumentListAPITest.getSuiteName()'><b>getSuiteName</b><br>Test class: com.arcapi.Leedv4Testcases.S3DocumentListAPITest</td>
<td></td>
<td>0</td>
<td>com.arcapi.Leedv4Testcases.S3DocumentListAPITest@c8e4bb0</td></tr>
<tr>
<td title='com.arcapi.Leedv4Testcases.S3DocumentListAPITest.setBaseUri()'><b>setBaseUri</b><br>Test class: com.arcapi.Leedv4Testcases.S3DocumentListAPITest</td>
<td></td>
<td>0</td>
<td>com.arcapi.Leedv4Testcases.S3DocumentListAPITest@c8e4bb0</td></tr>
<tr>
<td title='com.arcapi.Leedv4Testcases.S3DocumentRemoveAPITest.getSuiteName()'><b>getSuiteName</b><br>Test class: com.arcapi.Leedv4Testcases.S3DocumentRemoveAPITest</td>
<td></td>
<td>0</td>
<td>com.arcapi.Leedv4Testcases.S3DocumentRemoveAPITest@6279cee3</td></tr>
<tr>
<td title='com.arcapi.Leedv4Testcases.S3DocumentRemoveAPITest.setBaseUri()'><b>setBaseUri</b><br>Test class: com.arcapi.Leedv4Testcases.S3DocumentRemoveAPITest</td>
<td></td>
<td>0</td>
<td>com.arcapi.Leedv4Testcases.S3DocumentRemoveAPITest@6279cee3</td></tr>
<tr>
<td title='com.arcapi.Leedv4Testcases.ExcelTemplateMetersAPITest.getSuiteName()'><b>getSuiteName</b><br>Test class: com.arcapi.Leedv4Testcases.ExcelTemplateMetersAPITest</td>
<td></td>
<td>0</td>
<td>com.arcapi.Leedv4Testcases.ExcelTemplateMetersAPITest@4206a205</td></tr>
<tr>
<td title='com.arcapi.Leedv4Testcases.ExcelTemplateMetersAPITest.setBaseUri()'><b>setBaseUri</b><br>Test class: com.arcapi.Leedv4Testcases.ExcelTemplateMetersAPITest</td>
<td></td>
<td>0</td>
<td>com.arcapi.Leedv4Testcases.ExcelTemplateMetersAPITest@4206a205</td></tr>
<tr>
<td title='com.arcapi.Leedv4Testcases.VerifyExcelTemplateConsumptionAPITest.getSuiteName()'><b>getSuiteName</b><br>Test class: com.arcapi.Leedv4Testcases.VerifyExcelTemplateConsumptionAPITest</td>
<td></td>
<td>0</td>
<td>com.arcapi.Leedv4Testcases.VerifyExcelTemplateConsumptionAPITest@29ba4338</td></tr>
<tr>
<td title='com.arcapi.Leedv4Testcases.VerifyExcelTemplateConsumptionAPITest.setBaseUri()'><b>setBaseUri</b><br>Test class: com.arcapi.Leedv4Testcases.VerifyExcelTemplateConsumptionAPITest</td>
<td></td>
<td>0</td>
<td>com.arcapi.Leedv4Testcases.VerifyExcelTemplateConsumptionAPITest@29ba4338</td></tr>
<tr>
<td title='com.arcapi.Leedv4Testcases.VerifyWasteDataExcelAPITest.getSuiteName()'><b>getSuiteName</b><br>Test class: com.arcapi.Leedv4Testcases.VerifyWasteDataExcelAPITest</td>
<td></td>
<td>0</td>
<td>com.arcapi.Leedv4Testcases.VerifyWasteDataExcelAPITest@57175e74</td></tr>
<tr>
<td title='com.arcapi.Leedv4Testcases.VerifyWasteDataExcelAPITest.setBaseUri()'><b>setBaseUri</b><br>Test class: com.arcapi.Leedv4Testcases.VerifyWasteDataExcelAPITest</td>
<td></td>
<td>0</td>
<td>com.arcapi.Leedv4Testcases.VerifyWasteDataExcelAPITest@57175e74</td></tr>
<tr>
<td title='com.arcapi.Leedv4Testcases.DeleteAllAppsAPITest.getSuiteName()'><b>getSuiteName</b><br>Test class: com.arcapi.Leedv4Testcases.DeleteAllAppsAPITest</td>
<td></td>
<td>0</td>
<td>com.arcapi.Leedv4Testcases.DeleteAllAppsAPITest@7bb58ca3</td></tr>
<tr>
<td title='com.arcapi.Leedv4Testcases.DeleteAllAppsAPITest.setBaseUri()'><b>setBaseUri</b><br>Test class: com.arcapi.Leedv4Testcases.DeleteAllAppsAPITest</td>
<td></td>
<td>0</td>
<td>com.arcapi.Leedv4Testcases.DeleteAllAppsAPITest@7bb58ca3</td></tr>
<tr>
<td title='com.arcapi.Leedv4Testcases.InstallAllAppsAfterDeleteAPITest.getSuiteName()'><b>getSuiteName</b><br>Test class: com.arcapi.Leedv4Testcases.InstallAllAppsAfterDeleteAPITest</td>
<td></td>
<td>0</td>
<td>com.arcapi.Leedv4Testcases.InstallAllAppsAfterDeleteAPITest@c540f5a</td></tr>
<tr>
<td title='com.arcapi.Leedv4Testcases.InstallAllAppsAfterDeleteAPITest.setBaseUri()'><b>setBaseUri</b><br>Test class: com.arcapi.Leedv4Testcases.InstallAllAppsAfterDeleteAPITest</td>
<td></td>
<td>0</td>
<td>com.arcapi.Leedv4Testcases.InstallAllAppsAfterDeleteAPITest@c540f5a</td></tr>
<tr>
<td title='com.arcapi.Leedv4Testcases.VerifyAppsListAPITest.getSuiteName()'><b>getSuiteName</b><br>Test class: com.arcapi.Leedv4Testcases.VerifyAppsListAPITest</td>
<td></td>
<td>0</td>
<td>com.arcapi.Leedv4Testcases.VerifyAppsListAPITest@770c2e6b</td></tr>
<tr>
<td title='com.arcapi.Leedv4Testcases.VerifyAppsListAPITest.setBaseUri()'><b>setBaseUri</b><br>Test class: com.arcapi.Leedv4Testcases.VerifyAppsListAPITest</td>
<td></td>
<td>0</td>
<td>com.arcapi.Leedv4Testcases.VerifyAppsListAPITest@770c2e6b</td></tr>
<tr>
<td title='com.arcapi.Leedv4Testcases.VerifyAdminRemoveAPITest.getSuiteName()'><b>getSuiteName</b><br>Test class: com.arcapi.Leedv4Testcases.VerifyAdminRemoveAPITest</td>
<td></td>
<td>0</td>
<td>com.arcapi.Leedv4Testcases.VerifyAdminRemoveAPITest@1a052a00</td></tr>
<tr>
<td title='com.arcapi.Leedv4Testcases.VerifyAdminRemoveAPITest.setBaseUri()'><b>setBaseUri</b><br>Test class: com.arcapi.Leedv4Testcases.VerifyAdminRemoveAPITest</td>
<td></td>
<td>0</td>
<td>com.arcapi.Leedv4Testcases.VerifyAdminRemoveAPITest@1a052a00</td></tr>
<tr>
<td title='com.arcapi.Leedv4Testcases.VerifyActivityEnergyDataInputAPITest.getSuiteName()'><b>getSuiteName</b><br>Test class: com.arcapi.Leedv4Testcases.VerifyActivityEnergyDataInputAPITest</td>
<td></td>
<td>0</td>
<td>com.arcapi.Leedv4Testcases.VerifyActivityEnergyDataInputAPITest@4d826d77</td></tr>
<tr>
<td title='com.arcapi.Leedv4Testcases.VerifyActivityEnergyDataInputAPITest.setBaseUri()'><b>setBaseUri</b><br>Test class: com.arcapi.Leedv4Testcases.VerifyActivityEnergyDataInputAPITest</td>
<td></td>
<td>0</td>
<td>com.arcapi.Leedv4Testcases.VerifyActivityEnergyDataInputAPITest@4d826d77</td></tr>
<tr>
<td title='com.arcapi.Leedv4Testcases.VerifyActivityWaterDataInputAPITest.getSuiteName()'><b>getSuiteName</b><br>Test class: com.arcapi.Leedv4Testcases.VerifyActivityWaterDataInputAPITest</td>
<td></td>
<td>0</td>
<td>com.arcapi.Leedv4Testcases.VerifyActivityWaterDataInputAPITest@61009542</td></tr>
<tr>
<td title='com.arcapi.Leedv4Testcases.VerifyActivityWaterDataInputAPITest.setBaseUri()'><b>setBaseUri</b><br>Test class: com.arcapi.Leedv4Testcases.VerifyActivityWaterDataInputAPITest</td>
<td></td>
<td>0</td>
<td>com.arcapi.Leedv4Testcases.VerifyActivityWaterDataInputAPITest@61009542</td></tr>
<tr>
<td title='com.arcapi.Leedv4Testcases.VerifyActivityWasteDataInputAPITest.getSuiteName()'><b>getSuiteName</b><br>Test class: com.arcapi.Leedv4Testcases.VerifyActivityWasteDataInputAPITest</td>
<td></td>
<td>0</td>
<td>com.arcapi.Leedv4Testcases.VerifyActivityWasteDataInputAPITest@77e9807f</td></tr>
<tr>
<td title='com.arcapi.Leedv4Testcases.VerifyActivityWasteDataInputAPITest.setBaseUri()'><b>setBaseUri</b><br>Test class: com.arcapi.Leedv4Testcases.VerifyActivityWasteDataInputAPITest</td>
<td></td>
<td>0</td>
<td>com.arcapi.Leedv4Testcases.VerifyActivityWasteDataInputAPITest@77e9807f</td></tr>
<tr>
<td title='com.arcapi.Leedv4Testcases.VerifyActivityHEMeterDataInputAPITest.getSuiteName()'><b>getSuiteName</b><br>Test class: com.arcapi.Leedv4Testcases.VerifyActivityHEMeterDataInputAPITest</td>
<td></td>
<td>0</td>
<td>com.arcapi.Leedv4Testcases.VerifyActivityHEMeterDataInputAPITest@448ff1a8</td></tr>
<tr>
<td title='com.arcapi.Leedv4Testcases.VerifyActivityHEMeterDataInputAPITest.setBaseUri()'><b>setBaseUri</b><br>Test class: com.arcapi.Leedv4Testcases.VerifyActivityHEMeterDataInputAPITest</td>
<td></td>
<td>0</td>
<td>com.arcapi.Leedv4Testcases.VerifyActivityHEMeterDataInputAPITest@448ff1a8</td></tr>
<tr>
<td title='com.arcapi.Leedv4Testcases.LOAuthenticateAPITest.ExtentReportConfig()'><b>ExtentReportConfig</b><br>Test class: com.arcapi.Leedv4Testcases.LOAuthenticateAPITest</td>
<td></td>
<td>0</td>
<td>com.arcapi.Leedv4Testcases.LOAuthenticateAPITest@6591f517</td></tr>
<tr>
<td title='com.arcapi.Leedv4Testcases.LOProjectRegistrationINT.ExtentReportConfig()'><b>ExtentReportConfig</b><br>Test class: com.arcapi.Leedv4Testcases.LOProjectRegistrationINT</td>
<td></td>
<td>0</td>
<td>com.arcapi.Leedv4Testcases.LOProjectRegistrationINT@345965f2</td></tr>
<tr>
<td title='com.arcapi.Leedv4Testcases.LOProjectSyncAPITest.ExtentReportConfig()'><b>ExtentReportConfig</b><br>Test class: com.arcapi.Leedv4Testcases.LOProjectSyncAPITest</td>
<td></td>
<td>0</td>
<td>com.arcapi.Leedv4Testcases.LOProjectSyncAPITest@429bd883</td></tr>
<tr>
<td title='com.arcapi.Leedv4Testcases.SignAgreementRegistrationAPITest.ExtentReportConfig()'><b>ExtentReportConfig</b><br>Test class: com.arcapi.Leedv4Testcases.SignAgreementRegistrationAPITest</td>
<td></td>
<td>0</td>
<td>com.arcapi.Leedv4Testcases.SignAgreementRegistrationAPITest@4d49af10</td></tr>
<tr>
<td title='com.arcapi.Leedv4Testcases.AssetUpdateforNewAssetPUTAPITest.ExtentReportConfig()'><b>ExtentReportConfig</b><br>Test class: com.arcapi.Leedv4Testcases.AssetUpdateforNewAssetPUTAPITest</td>
<td></td>
<td>0</td>
<td>com.arcapi.Leedv4Testcases.AssetUpdateforNewAssetPUTAPITest@279ad2e3</td></tr>
<tr>
<td title='com.arcapi.Leedv4Testcases.VerifyAssetDetailAPITest.ExtentReportConfig()'><b>ExtentReportConfig</b><br>Test class: com.arcapi.Leedv4Testcases.VerifyAssetDetailAPITest</td>
<td></td>
<td>0</td>
<td>com.arcapi.Leedv4Testcases.VerifyAssetDetailAPITest@58134517</td></tr>
<tr>
<td title='com.arcapi.Leedv4Testcases.VerifyProjectRegisteredAssetListTest.ExtentReportConfig()'><b>ExtentReportConfig</b><br>Test class: com.arcapi.Leedv4Testcases.VerifyProjectRegisteredAssetListTest</td>
<td></td>
<td>0</td>
<td>com.arcapi.Leedv4Testcases.VerifyProjectRegisteredAssetListTest@4450d156</td></tr>
<tr>
<td title='com.arcapi.Leedv4Testcases.VerifyAgreementPresentAPITest.ExtentReportConfig()'><b>ExtentReportConfig</b><br>Test class: com.arcapi.Leedv4Testcases.VerifyAgreementPresentAPITest</td>
<td></td>
<td>0</td>
<td>com.arcapi.Leedv4Testcases.VerifyAgreementPresentAPITest@4461c7e3</td></tr>
<tr>
<td title='com.arcapi.Leedv4Testcases.FetchingAgreementDetailsAPITest.ExtentReportConfig()'><b>ExtentReportConfig</b><br>Test class: com.arcapi.Leedv4Testcases.FetchingAgreementDetailsAPITest</td>
<td></td>
<td>0</td>
<td>com.arcapi.Leedv4Testcases.FetchingAgreementDetailsAPITest@351d0846</td></tr>
<tr>
<td title='com.arcapi.Leedv4Testcases.VerifyAgreementDeleteAPITest.ExtentReportConfig()'><b>ExtentReportConfig</b><br>Test class: com.arcapi.Leedv4Testcases.VerifyAgreementDeleteAPITest</td>
<td></td>
<td>0</td>
<td>com.arcapi.Leedv4Testcases.VerifyAgreementDeleteAPITest@77e4c80f</td></tr>
<tr>
<td title='com.arcapi.Leedv4Testcases.MetersAPITest.ExtentReportConfig()'><b>ExtentReportConfig</b><br>Test class: com.arcapi.Leedv4Testcases.MetersAPITest</td>
<td></td>
<td>0</td>
<td>com.arcapi.Leedv4Testcases.MetersAPITest@35fc6dc4</td></tr>
<tr>
<td title='com.arcapi.Leedv4Testcases.HumanExperienceConsumptionCreateAPITest.ExtentReportConfig()'><b>ExtentReportConfig</b><br>Test class: com.arcapi.Leedv4Testcases.HumanExperienceConsumptionCreateAPITest</td>
<td></td>
<td>0</td>
<td>com.arcapi.Leedv4Testcases.HumanExperienceConsumptionCreateAPITest@7fe8ea47</td></tr>
<tr>
<td title='com.arcapi.Leedv4Testcases.HumanExperienceConsumptionUpdateAPITest.ExtentReportConfig()'><b>ExtentReportConfig</b><br>Test class: com.arcapi.Leedv4Testcases.HumanExperienceConsumptionUpdateAPITest</td>
<td></td>
<td>0</td>
<td>com.arcapi.Leedv4Testcases.HumanExperienceConsumptionUpdateAPITest@226a82c4</td></tr>
<tr>
<td title='com.arcapi.Leedv4Testcases.VerifyManualConsumptionAfterUpdateAPITest.ExtentReportConfig()'><b>ExtentReportConfig</b><br>Test class: com.arcapi.Leedv4Testcases.VerifyManualConsumptionAfterUpdateAPITest</td>
<td></td>
<td>0</td>
<td>com.arcapi.Leedv4Testcases.VerifyManualConsumptionAfterUpdateAPITest@731f8236</td></tr>
<tr>
<td title='com.arcapi.Leedv4Testcases.HumanExperienceConsumptionDeleteAPITest.ExtentReportConfig()'><b>ExtentReportConfig</b><br>Test class: com.arcapi.Leedv4Testcases.HumanExperienceConsumptionDeleteAPITest</td>
<td></td>
<td>0</td>
<td>com.arcapi.Leedv4Testcases.HumanExperienceConsumptionDeleteAPITest@255b53dc</td></tr>
<tr>
<td title='com.arcapi.Leedv4Testcases.HEConsumptionCreateAfterDeleteTest.ExtentReportConfig()'><b>ExtentReportConfig</b><br>Test class: com.arcapi.Leedv4Testcases.HEConsumptionCreateAfterDeleteTest</td>
<td></td>
<td>0</td>
<td>com.arcapi.Leedv4Testcases.HEConsumptionCreateAfterDeleteTest@1dd92fe2</td></tr>
<tr>
<td title='com.arcapi.Leedv4Testcases.VerifyManualConsumptionAPITest.ExtentReportConfig()'><b>ExtentReportConfig</b><br>Test class: com.arcapi.Leedv4Testcases.VerifyManualConsumptionAPITest</td>
<td></td>
<td>0</td>
<td>com.arcapi.Leedv4Testcases.VerifyManualConsumptionAPITest@6b53e23f</td></tr>
<tr>
<td title='com.arcapi.Leedv4Testcases.HumanExperienceMeterUpdateAPITest.ExtentReportConfig()'><b>ExtentReportConfig</b><br>Test class: com.arcapi.Leedv4Testcases.HumanExperienceMeterUpdateAPITest</td>
<td></td>
<td>0</td>
<td>com.arcapi.Leedv4Testcases.HumanExperienceMeterUpdateAPITest@64d2d351</td></tr>
<tr>
<td title='com.arcapi.Leedv4Testcases.MeterCommentPostGroup1APITest.ExtentReportConfig()'><b>ExtentReportConfig</b><br>Test class: com.arcapi.Leedv4Testcases.MeterCommentPostGroup1APITest</td>
<td></td>
<td>0</td>
<td>com.arcapi.Leedv4Testcases.MeterCommentPostGroup1APITest@1b68b9a4</td></tr>
<tr>
<td title='com.arcapi.Leedv4Testcases.MeterCommentPostGroup2APITest.ExtentReportConfig()'><b>ExtentReportConfig</b><br>Test class: com.arcapi.Leedv4Testcases.MeterCommentPostGroup2APITest</td>
<td></td>
<td>0</td>
<td>com.arcapi.Leedv4Testcases.MeterCommentPostGroup2APITest@4f9a3314</td></tr>
<tr>
<td title='com.arcapi.Leedv4Testcases.MeterCommentPostGroup3APITest.ExtentReportConfig()'><b>ExtentReportConfig</b><br>Test class: com.arcapi.Leedv4Testcases.MeterCommentPostGroup3APITest</td>
<td></td>
<td>0</td>
<td>com.arcapi.Leedv4Testcases.MeterCommentPostGroup3APITest@3b2c72c2</td></tr>
<tr>
<td title='com.arcapi.Leedv4Testcases.MeterCommentReplyGroup1APITest.ExtentReportConfig()'><b>ExtentReportConfig</b><br>Test class: com.arcapi.Leedv4Testcases.MeterCommentReplyGroup1APITest</td>
<td></td>
<td>0</td>
<td>com.arcapi.Leedv4Testcases.MeterCommentReplyGroup1APITest@491666ad</td></tr>
<tr>
<td title='com.arcapi.Leedv4Testcases.MeterCommentReplyGroup2APITest.ExtentReportConfig()'><b>ExtentReportConfig</b><br>Test class: com.arcapi.Leedv4Testcases.MeterCommentReplyGroup2APITest</td>
<td></td>
<td>0</td>
<td>com.arcapi.Leedv4Testcases.MeterCommentReplyGroup2APITest@176d53b2</td></tr>
<tr>
<td title='com.arcapi.Leedv4Testcases.MeterCommentReplyGroup3APITest.ExtentReportConfig()'><b>ExtentReportConfig</b><br>Test class: com.arcapi.Leedv4Testcases.MeterCommentReplyGroup3APITest</td>
<td></td>
<td>0</td>
<td>com.arcapi.Leedv4Testcases.MeterCommentReplyGroup3APITest@971d0d8</td></tr>
<tr>
<td title='com.arcapi.Leedv4Testcases.MeterCommentDeleteGroup2APITest.ExtentReportConfig()'><b>ExtentReportConfig</b><br>Test class: com.arcapi.Leedv4Testcases.MeterCommentDeleteGroup2APITest</td>
<td></td>
<td>0</td>
<td>com.arcapi.Leedv4Testcases.MeterCommentDeleteGroup2APITest@51931956</td></tr>
<tr>
<td title='com.arcapi.Leedv4Testcases.AssetDetailAPITest.ExtentReportConfig()'><b>ExtentReportConfig</b><br>Test class: com.arcapi.Leedv4Testcases.AssetDetailAPITest</td>
<td></td>
<td>0</td>
<td>com.arcapi.Leedv4Testcases.AssetDetailAPITest@2b4a2ec7</td></tr>
<tr>
<td title='com.arcapi.Leedv4Testcases.SurveyCreatePOSTAPITest.ExtentReportConfig()'><b>ExtentReportConfig</b><br>Test class: com.arcapi.Leedv4Testcases.SurveyCreatePOSTAPITest</td>
<td></td>
<td>0</td>
<td>com.arcapi.Leedv4Testcases.SurveyCreatePOSTAPITest@564718df</td></tr>
<tr>
<td title='com.arcapi.Leedv4Testcases.HumanExperienceMeterDeleteAPITest.ExtentReportConfig()'><b>ExtentReportConfig</b><br>Test class: com.arcapi.Leedv4Testcases.HumanExperienceMeterDeleteAPITest</td>
<td></td>
<td>0</td>
<td>com.arcapi.Leedv4Testcases.HumanExperienceMeterDeleteAPITest@51b7e5df</td></tr>
<tr>
<td title='com.arcapi.Leedv4Testcases.ExcelUploadTemplatePOSTAPITest.ExtentReportConfig()'><b>ExtentReportConfig</b><br>Test class: com.arcapi.Leedv4Testcases.ExcelUploadTemplatePOSTAPITest</td>
<td></td>
<td>0</td>
<td>com.arcapi.Leedv4Testcases.ExcelUploadTemplatePOSTAPITest@18a70f16</td></tr>
<tr>
<td title='com.arcapi.Leedv4Testcases.S3DocumentUploadPOSTAPITest.ExtentReportConfig()'><b>ExtentReportConfig</b><br>Test class: com.arcapi.Leedv4Testcases.S3DocumentUploadPOSTAPITest</td>
<td></td>
<td>0</td>
<td>com.arcapi.Leedv4Testcases.S3DocumentUploadPOSTAPITest@62e136d3</td></tr>
<tr>
<td title='com.arcapi.Leedv4Testcases.S3DocumentListAPITest.ExtentReportConfig()'><b>ExtentReportConfig</b><br>Test class: com.arcapi.Leedv4Testcases.S3DocumentListAPITest</td>
<td></td>
<td>0</td>
<td>com.arcapi.Leedv4Testcases.S3DocumentListAPITest@c8e4bb0</td></tr>
<tr>
<td title='com.arcapi.Leedv4Testcases.S3DocumentRemoveAPITest.ExtentReportConfig()'><b>ExtentReportConfig</b><br>Test class: com.arcapi.Leedv4Testcases.S3DocumentRemoveAPITest</td>
<td></td>
<td>0</td>
<td>com.arcapi.Leedv4Testcases.S3DocumentRemoveAPITest@6279cee3</td></tr>
<tr>
<td title='com.arcapi.Leedv4Testcases.ExcelTemplateMetersAPITest.ExtentReportConfig()'><b>ExtentReportConfig</b><br>Test class: com.arcapi.Leedv4Testcases.ExcelTemplateMetersAPITest</td>
<td></td>
<td>0</td>
<td>com.arcapi.Leedv4Testcases.ExcelTemplateMetersAPITest@4206a205</td></tr>
<tr>
<td title='com.arcapi.Leedv4Testcases.VerifyExcelTemplateConsumptionAPITest.ExtentReportConfig()'><b>ExtentReportConfig</b><br>Test class: com.arcapi.Leedv4Testcases.VerifyExcelTemplateConsumptionAPITest</td>
<td></td>
<td>0</td>
<td>com.arcapi.Leedv4Testcases.VerifyExcelTemplateConsumptionAPITest@29ba4338</td></tr>
<tr>
<td title='com.arcapi.Leedv4Testcases.VerifyWasteDataExcelAPITest.ExtentReportConfig()'><b>ExtentReportConfig</b><br>Test class: com.arcapi.Leedv4Testcases.VerifyWasteDataExcelAPITest</td>
<td></td>
<td>0</td>
<td>com.arcapi.Leedv4Testcases.VerifyWasteDataExcelAPITest@57175e74</td></tr>
<tr>
<td title='com.arcapi.Leedv4Testcases.DeleteAllAppsAPITest.ExtentReportConfig()'><b>ExtentReportConfig</b><br>Test class: com.arcapi.Leedv4Testcases.DeleteAllAppsAPITest</td>
<td></td>
<td>0</td>
<td>com.arcapi.Leedv4Testcases.DeleteAllAppsAPITest@7bb58ca3</td></tr>
<tr>
<td title='com.arcapi.Leedv4Testcases.InstallAllAppsAfterDeleteAPITest.ExtentReportConfig()'><b>ExtentReportConfig</b><br>Test class: com.arcapi.Leedv4Testcases.InstallAllAppsAfterDeleteAPITest</td>
<td></td>
<td>0</td>
<td>com.arcapi.Leedv4Testcases.InstallAllAppsAfterDeleteAPITest@c540f5a</td></tr>
<tr>
<td title='com.arcapi.Leedv4Testcases.VerifyAppsListAPITest.ExtentReportConfig()'><b>ExtentReportConfig</b><br>Test class: com.arcapi.Leedv4Testcases.VerifyAppsListAPITest</td>
<td></td>
<td>0</td>
<td>com.arcapi.Leedv4Testcases.VerifyAppsListAPITest@770c2e6b</td></tr>
<tr>
<td title='com.arcapi.Leedv4Testcases.VerifyAdminRemoveAPITest.ExtentReportConfig()'><b>ExtentReportConfig</b><br>Test class: com.arcapi.Leedv4Testcases.VerifyAdminRemoveAPITest</td>
<td></td>
<td>0</td>
<td>com.arcapi.Leedv4Testcases.VerifyAdminRemoveAPITest@1a052a00</td></tr>
<tr>
<td title='com.arcapi.Leedv4Testcases.VerifyActivityEnergyDataInputAPITest.ExtentReportConfig()'><b>ExtentReportConfig</b><br>Test class: com.arcapi.Leedv4Testcases.VerifyActivityEnergyDataInputAPITest</td>
<td></td>
<td>0</td>
<td>com.arcapi.Leedv4Testcases.VerifyActivityEnergyDataInputAPITest@4d826d77</td></tr>
<tr>
<td title='com.arcapi.Leedv4Testcases.VerifyActivityWaterDataInputAPITest.ExtentReportConfig()'><b>ExtentReportConfig</b><br>Test class: com.arcapi.Leedv4Testcases.VerifyActivityWaterDataInputAPITest</td>
<td></td>
<td>0</td>
<td>com.arcapi.Leedv4Testcases.VerifyActivityWaterDataInputAPITest@61009542</td></tr>
<tr>
<td title='com.arcapi.Leedv4Testcases.VerifyActivityWasteDataInputAPITest.ExtentReportConfig()'><b>ExtentReportConfig</b><br>Test class: com.arcapi.Leedv4Testcases.VerifyActivityWasteDataInputAPITest</td>
<td></td>
<td>0</td>
<td>com.arcapi.Leedv4Testcases.VerifyActivityWasteDataInputAPITest@77e9807f</td></tr>
<tr>
<td title='com.arcapi.Leedv4Testcases.VerifyActivityHEMeterDataInputAPITest.ExtentReportConfig()'><b>ExtentReportConfig</b><br>Test class: com.arcapi.Leedv4Testcases.VerifyActivityHEMeterDataInputAPITest</td>
<td></td>
<td>0</td>
<td>com.arcapi.Leedv4Testcases.VerifyActivityHEMeterDataInputAPITest@448ff1a8</td></tr>
<tr>
<td title='com.arcapi.Leedv4Testcases.LOAuthenticateAPITest.teardown()'><b>teardown</b><br>Test class: com.arcapi.Leedv4Testcases.LOAuthenticateAPITest</td>
<td></td>
<td>0</td>
<td>com.arcapi.Leedv4Testcases.LOAuthenticateAPITest@6591f517</td></tr>
<tr>
<td title='com.arcapi.Leedv4Testcases.LOProjectRegistrationINT.teardown()'><b>teardown</b><br>Test class: com.arcapi.Leedv4Testcases.LOProjectRegistrationINT</td>
<td></td>
<td>0</td>
<td>com.arcapi.Leedv4Testcases.LOProjectRegistrationINT@345965f2</td></tr>
<tr>
<td title='com.arcapi.Leedv4Testcases.LOProjectSyncAPITest.teardown()'><b>teardown</b><br>Test class: com.arcapi.Leedv4Testcases.LOProjectSyncAPITest</td>
<td></td>
<td>0</td>
<td>com.arcapi.Leedv4Testcases.LOProjectSyncAPITest@429bd883</td></tr>
<tr>
<td title='com.arcapi.Leedv4Testcases.SignAgreementRegistrationAPITest.teardown()'><b>teardown</b><br>Test class: com.arcapi.Leedv4Testcases.SignAgreementRegistrationAPITest</td>
<td></td>
<td>0</td>
<td>com.arcapi.Leedv4Testcases.SignAgreementRegistrationAPITest@4d49af10</td></tr>
<tr>
<td title='com.arcapi.Leedv4Testcases.AssetUpdateforNewAssetPUTAPITest.teardown()'><b>teardown</b><br>Test class: com.arcapi.Leedv4Testcases.AssetUpdateforNewAssetPUTAPITest</td>
<td></td>
<td>0</td>
<td>com.arcapi.Leedv4Testcases.AssetUpdateforNewAssetPUTAPITest@279ad2e3</td></tr>
<tr>
<td title='com.arcapi.Leedv4Testcases.VerifyAssetDetailAPITest.teardown()'><b>teardown</b><br>Test class: com.arcapi.Leedv4Testcases.VerifyAssetDetailAPITest</td>
<td></td>
<td>0</td>
<td>com.arcapi.Leedv4Testcases.VerifyAssetDetailAPITest@58134517</td></tr>
<tr>
<td title='com.arcapi.Leedv4Testcases.VerifyProjectRegisteredAssetListTest.teardown()'><b>teardown</b><br>Test class: com.arcapi.Leedv4Testcases.VerifyProjectRegisteredAssetListTest</td>
<td></td>
<td>0</td>
<td>com.arcapi.Leedv4Testcases.VerifyProjectRegisteredAssetListTest@4450d156</td></tr>
<tr>
<td title='com.arcapi.Leedv4Testcases.VerifyAgreementPresentAPITest.teardown()'><b>teardown</b><br>Test class: com.arcapi.Leedv4Testcases.VerifyAgreementPresentAPITest</td>
<td></td>
<td>0</td>
<td>com.arcapi.Leedv4Testcases.VerifyAgreementPresentAPITest@4461c7e3</td></tr>
<tr>
<td title='com.arcapi.Leedv4Testcases.FetchingAgreementDetailsAPITest.teardown()'><b>teardown</b><br>Test class: com.arcapi.Leedv4Testcases.FetchingAgreementDetailsAPITest</td>
<td></td>
<td>0</td>
<td>com.arcapi.Leedv4Testcases.FetchingAgreementDetailsAPITest@351d0846</td></tr>
<tr>
<td title='com.arcapi.Leedv4Testcases.VerifyAgreementDeleteAPITest.teardown()'><b>teardown</b><br>Test class: com.arcapi.Leedv4Testcases.VerifyAgreementDeleteAPITest</td>
<td></td>
<td>0</td>
<td>com.arcapi.Leedv4Testcases.VerifyAgreementDeleteAPITest@77e4c80f</td></tr>
<tr>
<td title='com.arcapi.Leedv4Testcases.MetersAPITest.teardown()'><b>teardown</b><br>Test class: com.arcapi.Leedv4Testcases.MetersAPITest</td>
<td></td>
<td>0</td>
<td>com.arcapi.Leedv4Testcases.MetersAPITest@35fc6dc4</td></tr>
<tr>
<td title='com.arcapi.Leedv4Testcases.HumanExperienceConsumptionCreateAPITest.teardown()'><b>teardown</b><br>Test class: com.arcapi.Leedv4Testcases.HumanExperienceConsumptionCreateAPITest</td>
<td></td>
<td>0</td>
<td>com.arcapi.Leedv4Testcases.HumanExperienceConsumptionCreateAPITest@7fe8ea47</td></tr>
<tr>
<td title='com.arcapi.Leedv4Testcases.HumanExperienceConsumptionUpdateAPITest.teardown()'><b>teardown</b><br>Test class: com.arcapi.Leedv4Testcases.HumanExperienceConsumptionUpdateAPITest</td>
<td></td>
<td>0</td>
<td>com.arcapi.Leedv4Testcases.HumanExperienceConsumptionUpdateAPITest@226a82c4</td></tr>
<tr>
<td title='com.arcapi.Leedv4Testcases.VerifyManualConsumptionAfterUpdateAPITest.teardown()'><b>teardown</b><br>Test class: com.arcapi.Leedv4Testcases.VerifyManualConsumptionAfterUpdateAPITest</td>
<td></td>
<td>0</td>
<td>com.arcapi.Leedv4Testcases.VerifyManualConsumptionAfterUpdateAPITest@731f8236</td></tr>
<tr>
<td title='com.arcapi.Leedv4Testcases.HumanExperienceConsumptionDeleteAPITest.teardown()'><b>teardown</b><br>Test class: com.arcapi.Leedv4Testcases.HumanExperienceConsumptionDeleteAPITest</td>
<td></td>
<td>0</td>
<td>com.arcapi.Leedv4Testcases.HumanExperienceConsumptionDeleteAPITest@255b53dc</td></tr>
<tr>
<td title='com.arcapi.Leedv4Testcases.HEConsumptionCreateAfterDeleteTest.teardown()'><b>teardown</b><br>Test class: com.arcapi.Leedv4Testcases.HEConsumptionCreateAfterDeleteTest</td>
<td></td>
<td>0</td>
<td>com.arcapi.Leedv4Testcases.HEConsumptionCreateAfterDeleteTest@1dd92fe2</td></tr>
<tr>
<td title='com.arcapi.Leedv4Testcases.VerifyManualConsumptionAPITest.teardown()'><b>teardown</b><br>Test class: com.arcapi.Leedv4Testcases.VerifyManualConsumptionAPITest</td>
<td></td>
<td>0</td>
<td>com.arcapi.Leedv4Testcases.VerifyManualConsumptionAPITest@6b53e23f</td></tr>
<tr>
<td title='com.arcapi.Leedv4Testcases.HumanExperienceMeterUpdateAPITest.teardown()'><b>teardown</b><br>Test class: com.arcapi.Leedv4Testcases.HumanExperienceMeterUpdateAPITest</td>
<td></td>
<td>0</td>
<td>com.arcapi.Leedv4Testcases.HumanExperienceMeterUpdateAPITest@64d2d351</td></tr>
<tr>
<td title='com.arcapi.Leedv4Testcases.MeterCommentPostGroup1APITest.teardown()'><b>teardown</b><br>Test class: com.arcapi.Leedv4Testcases.MeterCommentPostGroup1APITest</td>
<td></td>
<td>0</td>
<td>com.arcapi.Leedv4Testcases.MeterCommentPostGroup1APITest@1b68b9a4</td></tr>
<tr>
<td title='com.arcapi.Leedv4Testcases.MeterCommentPostGroup2APITest.teardown()'><b>teardown</b><br>Test class: com.arcapi.Leedv4Testcases.MeterCommentPostGroup2APITest</td>
<td></td>
<td>0</td>
<td>com.arcapi.Leedv4Testcases.MeterCommentPostGroup2APITest@4f9a3314</td></tr>
<tr>
<td title='com.arcapi.Leedv4Testcases.MeterCommentPostGroup3APITest.teardown()'><b>teardown</b><br>Test class: com.arcapi.Leedv4Testcases.MeterCommentPostGroup3APITest</td>
<td></td>
<td>0</td>
<td>com.arcapi.Leedv4Testcases.MeterCommentPostGroup3APITest@3b2c72c2</td></tr>
<tr>
<td title='com.arcapi.Leedv4Testcases.MeterCommentReplyGroup1APITest.teardown()'><b>teardown</b><br>Test class: com.arcapi.Leedv4Testcases.MeterCommentReplyGroup1APITest</td>
<td></td>
<td>0</td>
<td>com.arcapi.Leedv4Testcases.MeterCommentReplyGroup1APITest@491666ad</td></tr>
<tr>
<td title='com.arcapi.Leedv4Testcases.MeterCommentReplyGroup2APITest.teardown()'><b>teardown</b><br>Test class: com.arcapi.Leedv4Testcases.MeterCommentReplyGroup2APITest</td>
<td></td>
<td>0</td>
<td>com.arcapi.Leedv4Testcases.MeterCommentReplyGroup2APITest@176d53b2</td></tr>
<tr>
<td title='com.arcapi.Leedv4Testcases.MeterCommentReplyGroup3APITest.teardown()'><b>teardown</b><br>Test class: com.arcapi.Leedv4Testcases.MeterCommentReplyGroup3APITest</td>
<td></td>
<td>0</td>
<td>com.arcapi.Leedv4Testcases.MeterCommentReplyGroup3APITest@971d0d8</td></tr>
<tr>
<td title='com.arcapi.Leedv4Testcases.MeterCommentDeleteGroup2APITest.teardown()'><b>teardown</b><br>Test class: com.arcapi.Leedv4Testcases.MeterCommentDeleteGroup2APITest</td>
<td></td>
<td>0</td>
<td>com.arcapi.Leedv4Testcases.MeterCommentDeleteGroup2APITest@51931956</td></tr>
<tr>
<td title='com.arcapi.Leedv4Testcases.AssetDetailAPITest.teardown()'><b>teardown</b><br>Test class: com.arcapi.Leedv4Testcases.AssetDetailAPITest</td>
<td></td>
<td>0</td>
<td>com.arcapi.Leedv4Testcases.AssetDetailAPITest@2b4a2ec7</td></tr>
<tr>
<td title='com.arcapi.Leedv4Testcases.SurveyCreatePOSTAPITest.teardown()'><b>teardown</b><br>Test class: com.arcapi.Leedv4Testcases.SurveyCreatePOSTAPITest</td>
<td></td>
<td>0</td>
<td>com.arcapi.Leedv4Testcases.SurveyCreatePOSTAPITest@564718df</td></tr>
<tr>
<td title='com.arcapi.Leedv4Testcases.HumanExperienceMeterDeleteAPITest.teardown()'><b>teardown</b><br>Test class: com.arcapi.Leedv4Testcases.HumanExperienceMeterDeleteAPITest</td>
<td></td>
<td>0</td>
<td>com.arcapi.Leedv4Testcases.HumanExperienceMeterDeleteAPITest@51b7e5df</td></tr>
<tr>
<td title='com.arcapi.Leedv4Testcases.ExcelUploadTemplatePOSTAPITest.teardown()'><b>teardown</b><br>Test class: com.arcapi.Leedv4Testcases.ExcelUploadTemplatePOSTAPITest</td>
<td></td>
<td>0</td>
<td>com.arcapi.Leedv4Testcases.ExcelUploadTemplatePOSTAPITest@18a70f16</td></tr>
<tr>
<td title='com.arcapi.Leedv4Testcases.S3DocumentUploadPOSTAPITest.teardown()'><b>teardown</b><br>Test class: com.arcapi.Leedv4Testcases.S3DocumentUploadPOSTAPITest</td>
<td></td>
<td>0</td>
<td>com.arcapi.Leedv4Testcases.S3DocumentUploadPOSTAPITest@62e136d3</td></tr>
<tr>
<td title='com.arcapi.Leedv4Testcases.S3DocumentListAPITest.teardown()'><b>teardown</b><br>Test class: com.arcapi.Leedv4Testcases.S3DocumentListAPITest</td>
<td></td>
<td>0</td>
<td>com.arcapi.Leedv4Testcases.S3DocumentListAPITest@c8e4bb0</td></tr>
<tr>
<td title='com.arcapi.Leedv4Testcases.S3DocumentRemoveAPITest.teardown()'><b>teardown</b><br>Test class: com.arcapi.Leedv4Testcases.S3DocumentRemoveAPITest</td>
<td></td>
<td>0</td>
<td>com.arcapi.Leedv4Testcases.S3DocumentRemoveAPITest@6279cee3</td></tr>
<tr>
<td title='com.arcapi.Leedv4Testcases.ExcelTemplateMetersAPITest.teardown()'><b>teardown</b><br>Test class: com.arcapi.Leedv4Testcases.ExcelTemplateMetersAPITest</td>
<td></td>
<td>0</td>
<td>com.arcapi.Leedv4Testcases.ExcelTemplateMetersAPITest@4206a205</td></tr>
<tr>
<td title='com.arcapi.Leedv4Testcases.VerifyExcelTemplateConsumptionAPITest.teardown()'><b>teardown</b><br>Test class: com.arcapi.Leedv4Testcases.VerifyExcelTemplateConsumptionAPITest</td>
<td></td>
<td>0</td>
<td>com.arcapi.Leedv4Testcases.VerifyExcelTemplateConsumptionAPITest@29ba4338</td></tr>
<tr>
<td title='com.arcapi.Leedv4Testcases.VerifyWasteDataExcelAPITest.teardown()'><b>teardown</b><br>Test class: com.arcapi.Leedv4Testcases.VerifyWasteDataExcelAPITest</td>
<td></td>
<td>0</td>
<td>com.arcapi.Leedv4Testcases.VerifyWasteDataExcelAPITest@57175e74</td></tr>
<tr>
<td title='com.arcapi.Leedv4Testcases.DeleteAllAppsAPITest.teardown()'><b>teardown</b><br>Test class: com.arcapi.Leedv4Testcases.DeleteAllAppsAPITest</td>
<td></td>
<td>0</td>
<td>com.arcapi.Leedv4Testcases.DeleteAllAppsAPITest@7bb58ca3</td></tr>
<tr>
<td title='com.arcapi.Leedv4Testcases.InstallAllAppsAfterDeleteAPITest.teardown()'><b>teardown</b><br>Test class: com.arcapi.Leedv4Testcases.InstallAllAppsAfterDeleteAPITest</td>
<td></td>
<td>0</td>
<td>com.arcapi.Leedv4Testcases.InstallAllAppsAfterDeleteAPITest@c540f5a</td></tr>
<tr>
<td title='com.arcapi.Leedv4Testcases.VerifyAppsListAPITest.teardown()'><b>teardown</b><br>Test class: com.arcapi.Leedv4Testcases.VerifyAppsListAPITest</td>
<td></td>
<td>0</td>
<td>com.arcapi.Leedv4Testcases.VerifyAppsListAPITest@770c2e6b</td></tr>
<tr>
<td title='com.arcapi.Leedv4Testcases.VerifyAdminRemoveAPITest.teardown()'><b>teardown</b><br>Test class: com.arcapi.Leedv4Testcases.VerifyAdminRemoveAPITest</td>
<td></td>
<td>0</td>
<td>com.arcapi.Leedv4Testcases.VerifyAdminRemoveAPITest@1a052a00</td></tr>
<tr>
<td title='com.arcapi.Leedv4Testcases.VerifyActivityEnergyDataInputAPITest.teardown()'><b>teardown</b><br>Test class: com.arcapi.Leedv4Testcases.VerifyActivityEnergyDataInputAPITest</td>
<td></td>
<td>0</td>
<td>com.arcapi.Leedv4Testcases.VerifyActivityEnergyDataInputAPITest@4d826d77</td></tr>
<tr>
<td title='com.arcapi.Leedv4Testcases.VerifyActivityWaterDataInputAPITest.teardown()'><b>teardown</b><br>Test class: com.arcapi.Leedv4Testcases.VerifyActivityWaterDataInputAPITest</td>
<td></td>
<td>0</td>
<td>com.arcapi.Leedv4Testcases.VerifyActivityWaterDataInputAPITest@61009542</td></tr>
<tr>
<td title='com.arcapi.Leedv4Testcases.VerifyActivityWasteDataInputAPITest.teardown()'><b>teardown</b><br>Test class: com.arcapi.Leedv4Testcases.VerifyActivityWasteDataInputAPITest</td>
<td></td>
<td>0</td>
<td>com.arcapi.Leedv4Testcases.VerifyActivityWasteDataInputAPITest@77e9807f</td></tr>
<tr>
<td title='com.arcapi.Leedv4Testcases.VerifyActivityHEMeterDataInputAPITest.teardown()'><b>teardown</b><br>Test class: com.arcapi.Leedv4Testcases.VerifyActivityHEMeterDataInputAPITest</td>
<td></td>
<td>0</td>
<td>com.arcapi.Leedv4Testcases.VerifyActivityHEMeterDataInputAPITest@448ff1a8</td></tr>
<tr>
<td title='com.arcapi.Leedv4Testcases.LOAuthenticateAPITest.end()'><b>end</b><br>Test class: com.arcapi.Leedv4Testcases.LOAuthenticateAPITest</td>
<td></td>
<td>0</td>
<td>com.arcapi.Leedv4Testcases.LOAuthenticateAPITest@6591f517</td></tr>
<tr>
<td title='com.arcapi.Leedv4Testcases.LOProjectRegistrationINT.end()'><b>end</b><br>Test class: com.arcapi.Leedv4Testcases.LOProjectRegistrationINT</td>
<td></td>
<td>0</td>
<td>com.arcapi.Leedv4Testcases.LOProjectRegistrationINT@345965f2</td></tr>
<tr>
<td title='com.arcapi.Leedv4Testcases.LOProjectSyncAPITest.end()'><b>end</b><br>Test class: com.arcapi.Leedv4Testcases.LOProjectSyncAPITest</td>
<td></td>
<td>0</td>
<td>com.arcapi.Leedv4Testcases.LOProjectSyncAPITest@429bd883</td></tr>
<tr>
<td title='com.arcapi.Leedv4Testcases.SignAgreementRegistrationAPITest.end()'><b>end</b><br>Test class: com.arcapi.Leedv4Testcases.SignAgreementRegistrationAPITest</td>
<td></td>
<td>0</td>
<td>com.arcapi.Leedv4Testcases.SignAgreementRegistrationAPITest@4d49af10</td></tr>
<tr>
<td title='com.arcapi.Leedv4Testcases.AssetUpdateforNewAssetPUTAPITest.end()'><b>end</b><br>Test class: com.arcapi.Leedv4Testcases.AssetUpdateforNewAssetPUTAPITest</td>
<td></td>
<td>0</td>
<td>com.arcapi.Leedv4Testcases.AssetUpdateforNewAssetPUTAPITest@279ad2e3</td></tr>
<tr>
<td title='com.arcapi.Leedv4Testcases.VerifyAssetDetailAPITest.end()'><b>end</b><br>Test class: com.arcapi.Leedv4Testcases.VerifyAssetDetailAPITest</td>
<td></td>
<td>0</td>
<td>com.arcapi.Leedv4Testcases.VerifyAssetDetailAPITest@58134517</td></tr>
<tr>
<td title='com.arcapi.Leedv4Testcases.VerifyProjectRegisteredAssetListTest.end()'><b>end</b><br>Test class: com.arcapi.Leedv4Testcases.VerifyProjectRegisteredAssetListTest</td>
<td></td>
<td>0</td>
<td>com.arcapi.Leedv4Testcases.VerifyProjectRegisteredAssetListTest@4450d156</td></tr>
<tr>
<td title='com.arcapi.Leedv4Testcases.VerifyAgreementPresentAPITest.end()'><b>end</b><br>Test class: com.arcapi.Leedv4Testcases.VerifyAgreementPresentAPITest</td>
<td></td>
<td>0</td>
<td>com.arcapi.Leedv4Testcases.VerifyAgreementPresentAPITest@4461c7e3</td></tr>
<tr>
<td title='com.arcapi.Leedv4Testcases.FetchingAgreementDetailsAPITest.end()'><b>end</b><br>Test class: com.arcapi.Leedv4Testcases.FetchingAgreementDetailsAPITest</td>
<td></td>
<td>0</td>
<td>com.arcapi.Leedv4Testcases.FetchingAgreementDetailsAPITest@351d0846</td></tr>
<tr>
<td title='com.arcapi.Leedv4Testcases.VerifyAgreementDeleteAPITest.end()'><b>end</b><br>Test class: com.arcapi.Leedv4Testcases.VerifyAgreementDeleteAPITest</td>
<td></td>
<td>0</td>
<td>com.arcapi.Leedv4Testcases.VerifyAgreementDeleteAPITest@77e4c80f</td></tr>
<tr>
<td title='com.arcapi.Leedv4Testcases.MetersAPITest.end()'><b>end</b><br>Test class: com.arcapi.Leedv4Testcases.MetersAPITest</td>
<td></td>
<td>0</td>
<td>com.arcapi.Leedv4Testcases.MetersAPITest@35fc6dc4</td></tr>
<tr>
<td title='com.arcapi.Leedv4Testcases.HumanExperienceConsumptionCreateAPITest.end()'><b>end</b><br>Test class: com.arcapi.Leedv4Testcases.HumanExperienceConsumptionCreateAPITest</td>
<td></td>
<td>0</td>
<td>com.arcapi.Leedv4Testcases.HumanExperienceConsumptionCreateAPITest@7fe8ea47</td></tr>
<tr>
<td title='com.arcapi.Leedv4Testcases.HumanExperienceConsumptionUpdateAPITest.end()'><b>end</b><br>Test class: com.arcapi.Leedv4Testcases.HumanExperienceConsumptionUpdateAPITest</td>
<td></td>
<td>0</td>
<td>com.arcapi.Leedv4Testcases.HumanExperienceConsumptionUpdateAPITest@226a82c4</td></tr>
<tr>
<td title='com.arcapi.Leedv4Testcases.VerifyManualConsumptionAfterUpdateAPITest.end()'><b>end</b><br>Test class: com.arcapi.Leedv4Testcases.VerifyManualConsumptionAfterUpdateAPITest</td>
<td></td>
<td>0</td>
<td>com.arcapi.Leedv4Testcases.VerifyManualConsumptionAfterUpdateAPITest@731f8236</td></tr>
<tr>
<td title='com.arcapi.Leedv4Testcases.HumanExperienceConsumptionDeleteAPITest.end()'><b>end</b><br>Test class: com.arcapi.Leedv4Testcases.HumanExperienceConsumptionDeleteAPITest</td>
<td></td>
<td>0</td>
<td>com.arcapi.Leedv4Testcases.HumanExperienceConsumptionDeleteAPITest@255b53dc</td></tr>
<tr>
<td title='com.arcapi.Leedv4Testcases.HEConsumptionCreateAfterDeleteTest.end()'><b>end</b><br>Test class: com.arcapi.Leedv4Testcases.HEConsumptionCreateAfterDeleteTest</td>
<td></td>
<td>0</td>
<td>com.arcapi.Leedv4Testcases.HEConsumptionCreateAfterDeleteTest@1dd92fe2</td></tr>
<tr>
<td title='com.arcapi.Leedv4Testcases.VerifyManualConsumptionAPITest.end()'><b>end</b><br>Test class: com.arcapi.Leedv4Testcases.VerifyManualConsumptionAPITest</td>
<td></td>
<td>0</td>
<td>com.arcapi.Leedv4Testcases.VerifyManualConsumptionAPITest@6b53e23f</td></tr>
<tr>
<td title='com.arcapi.Leedv4Testcases.HumanExperienceMeterUpdateAPITest.end()'><b>end</b><br>Test class: com.arcapi.Leedv4Testcases.HumanExperienceMeterUpdateAPITest</td>
<td></td>
<td>0</td>
<td>com.arcapi.Leedv4Testcases.HumanExperienceMeterUpdateAPITest@64d2d351</td></tr>
<tr>
<td title='com.arcapi.Leedv4Testcases.MeterCommentPostGroup1APITest.end()'><b>end</b><br>Test class: com.arcapi.Leedv4Testcases.MeterCommentPostGroup1APITest</td>
<td></td>
<td>0</td>
<td>com.arcapi.Leedv4Testcases.MeterCommentPostGroup1APITest@1b68b9a4</td></tr>
<tr>
<td title='com.arcapi.Leedv4Testcases.MeterCommentPostGroup2APITest.end()'><b>end</b><br>Test class: com.arcapi.Leedv4Testcases.MeterCommentPostGroup2APITest</td>
<td></td>
<td>0</td>
<td>com.arcapi.Leedv4Testcases.MeterCommentPostGroup2APITest@4f9a3314</td></tr>
<tr>
<td title='com.arcapi.Leedv4Testcases.MeterCommentPostGroup3APITest.end()'><b>end</b><br>Test class: com.arcapi.Leedv4Testcases.MeterCommentPostGroup3APITest</td>
<td></td>
<td>0</td>
<td>com.arcapi.Leedv4Testcases.MeterCommentPostGroup3APITest@3b2c72c2</td></tr>
<tr>
<td title='com.arcapi.Leedv4Testcases.MeterCommentReplyGroup1APITest.end()'><b>end</b><br>Test class: com.arcapi.Leedv4Testcases.MeterCommentReplyGroup1APITest</td>
<td></td>
<td>0</td>
<td>com.arcapi.Leedv4Testcases.MeterCommentReplyGroup1APITest@491666ad</td></tr>
<tr>
<td title='com.arcapi.Leedv4Testcases.MeterCommentReplyGroup2APITest.end()'><b>end</b><br>Test class: com.arcapi.Leedv4Testcases.MeterCommentReplyGroup2APITest</td>
<td></td>
<td>0</td>
<td>com.arcapi.Leedv4Testcases.MeterCommentReplyGroup2APITest@176d53b2</td></tr>
<tr>
<td title='com.arcapi.Leedv4Testcases.MeterCommentReplyGroup3APITest.end()'><b>end</b><br>Test class: com.arcapi.Leedv4Testcases.MeterCommentReplyGroup3APITest</td>
<td></td>
<td>0</td>
<td>com.arcapi.Leedv4Testcases.MeterCommentReplyGroup3APITest@971d0d8</td></tr>
<tr>
<td title='com.arcapi.Leedv4Testcases.MeterCommentDeleteGroup2APITest.end()'><b>end</b><br>Test class: com.arcapi.Leedv4Testcases.MeterCommentDeleteGroup2APITest</td>
<td></td>
<td>0</td>
<td>com.arcapi.Leedv4Testcases.MeterCommentDeleteGroup2APITest@51931956</td></tr>
<tr>
<td title='com.arcapi.Leedv4Testcases.AssetDetailAPITest.end()'><b>end</b><br>Test class: com.arcapi.Leedv4Testcases.AssetDetailAPITest</td>
<td></td>
<td>0</td>
<td>com.arcapi.Leedv4Testcases.AssetDetailAPITest@2b4a2ec7</td></tr>
<tr>
<td title='com.arcapi.Leedv4Testcases.SurveyCreatePOSTAPITest.end()'><b>end</b><br>Test class: com.arcapi.Leedv4Testcases.SurveyCreatePOSTAPITest</td>
<td></td>
<td>0</td>
<td>com.arcapi.Leedv4Testcases.SurveyCreatePOSTAPITest@564718df</td></tr>
<tr>
<td title='com.arcapi.Leedv4Testcases.HumanExperienceMeterDeleteAPITest.end()'><b>end</b><br>Test class: com.arcapi.Leedv4Testcases.HumanExperienceMeterDeleteAPITest</td>
<td></td>
<td>0</td>
<td>com.arcapi.Leedv4Testcases.HumanExperienceMeterDeleteAPITest@51b7e5df</td></tr>
<tr>
<td title='com.arcapi.Leedv4Testcases.ExcelUploadTemplatePOSTAPITest.end()'><b>end</b><br>Test class: com.arcapi.Leedv4Testcases.ExcelUploadTemplatePOSTAPITest</td>
<td></td>
<td>0</td>
<td>com.arcapi.Leedv4Testcases.ExcelUploadTemplatePOSTAPITest@18a70f16</td></tr>
<tr>
<td title='com.arcapi.Leedv4Testcases.S3DocumentUploadPOSTAPITest.end()'><b>end</b><br>Test class: com.arcapi.Leedv4Testcases.S3DocumentUploadPOSTAPITest</td>
<td></td>
<td>0</td>
<td>com.arcapi.Leedv4Testcases.S3DocumentUploadPOSTAPITest@62e136d3</td></tr>
<tr>
<td title='com.arcapi.Leedv4Testcases.S3DocumentListAPITest.end()'><b>end</b><br>Test class: com.arcapi.Leedv4Testcases.S3DocumentListAPITest</td>
<td></td>
<td>0</td>
<td>com.arcapi.Leedv4Testcases.S3DocumentListAPITest@c8e4bb0</td></tr>
<tr>
<td title='com.arcapi.Leedv4Testcases.S3DocumentRemoveAPITest.end()'><b>end</b><br>Test class: com.arcapi.Leedv4Testcases.S3DocumentRemoveAPITest</td>
<td></td>
<td>0</td>
<td>com.arcapi.Leedv4Testcases.S3DocumentRemoveAPITest@6279cee3</td></tr>
<tr>
<td title='com.arcapi.Leedv4Testcases.ExcelTemplateMetersAPITest.end()'><b>end</b><br>Test class: com.arcapi.Leedv4Testcases.ExcelTemplateMetersAPITest</td>
<td></td>
<td>0</td>
<td>com.arcapi.Leedv4Testcases.ExcelTemplateMetersAPITest@4206a205</td></tr>
<tr>
<td title='com.arcapi.Leedv4Testcases.VerifyExcelTemplateConsumptionAPITest.end()'><b>end</b><br>Test class: com.arcapi.Leedv4Testcases.VerifyExcelTemplateConsumptionAPITest</td>
<td></td>
<td>0</td>
<td>com.arcapi.Leedv4Testcases.VerifyExcelTemplateConsumptionAPITest@29ba4338</td></tr>
<tr>
<td title='com.arcapi.Leedv4Testcases.VerifyWasteDataExcelAPITest.end()'><b>end</b><br>Test class: com.arcapi.Leedv4Testcases.VerifyWasteDataExcelAPITest</td>
<td></td>
<td>0</td>
<td>com.arcapi.Leedv4Testcases.VerifyWasteDataExcelAPITest@57175e74</td></tr>
<tr>
<td title='com.arcapi.Leedv4Testcases.DeleteAllAppsAPITest.end()'><b>end</b><br>Test class: com.arcapi.Leedv4Testcases.DeleteAllAppsAPITest</td>
<td></td>
<td>0</td>
<td>com.arcapi.Leedv4Testcases.DeleteAllAppsAPITest@7bb58ca3</td></tr>
<tr>
<td title='com.arcapi.Leedv4Testcases.InstallAllAppsAfterDeleteAPITest.end()'><b>end</b><br>Test class: com.arcapi.Leedv4Testcases.InstallAllAppsAfterDeleteAPITest</td>
<td></td>
<td>0</td>
<td>com.arcapi.Leedv4Testcases.InstallAllAppsAfterDeleteAPITest@c540f5a</td></tr>
<tr>
<td title='com.arcapi.Leedv4Testcases.VerifyAppsListAPITest.end()'><b>end</b><br>Test class: com.arcapi.Leedv4Testcases.VerifyAppsListAPITest</td>
<td></td>
<td>0</td>
<td>com.arcapi.Leedv4Testcases.VerifyAppsListAPITest@770c2e6b</td></tr>
<tr>
<td title='com.arcapi.Leedv4Testcases.VerifyAdminRemoveAPITest.end()'><b>end</b><br>Test class: com.arcapi.Leedv4Testcases.VerifyAdminRemoveAPITest</td>
<td></td>
<td>0</td>
<td>com.arcapi.Leedv4Testcases.VerifyAdminRemoveAPITest@1a052a00</td></tr>
<tr>
<td title='com.arcapi.Leedv4Testcases.VerifyActivityEnergyDataInputAPITest.end()'><b>end</b><br>Test class: com.arcapi.Leedv4Testcases.VerifyActivityEnergyDataInputAPITest</td>
<td></td>
<td>0</td>
<td>com.arcapi.Leedv4Testcases.VerifyActivityEnergyDataInputAPITest@4d826d77</td></tr>
<tr>
<td title='com.arcapi.Leedv4Testcases.VerifyActivityWaterDataInputAPITest.end()'><b>end</b><br>Test class: com.arcapi.Leedv4Testcases.VerifyActivityWaterDataInputAPITest</td>
<td></td>
<td>0</td>
<td>com.arcapi.Leedv4Testcases.VerifyActivityWaterDataInputAPITest@61009542</td></tr>
<tr>
<td title='com.arcapi.Leedv4Testcases.VerifyActivityWasteDataInputAPITest.end()'><b>end</b><br>Test class: com.arcapi.Leedv4Testcases.VerifyActivityWasteDataInputAPITest</td>
<td></td>
<td>0</td>
<td>com.arcapi.Leedv4Testcases.VerifyActivityWasteDataInputAPITest@77e9807f</td></tr>
<tr>
<td title='com.arcapi.Leedv4Testcases.VerifyActivityHEMeterDataInputAPITest.end()'><b>end</b><br>Test class: com.arcapi.Leedv4Testcases.VerifyActivityHEMeterDataInputAPITest</td>
<td></td>
<td>0</td>
<td>com.arcapi.Leedv4Testcases.VerifyActivityHEMeterDataInputAPITest@448ff1a8</td></tr>
</table><p>
<table width='100%' border='1' class='invocation-skipped'>
<tr><td colspan='4' align='center'><b>SKIPPED TESTS</b></td></tr>
<tr><td><b>Test method</b></td>
<td width="30%"><b>Exception</b></td>
<td width="10%"><b>Time (seconds)</b></td>
<td><b>Instance</b></td>
</tr>
<tr>
<td title='com.arcapi.Leedv4Testcases.AssetDetailAPITest.AssetDetailAPI()'><b>AssetDetailAPI</b><br>Test class: com.arcapi.Leedv4Testcases.AssetDetailAPITest</td>
<td><div><pre>org.testng.TestNGException: 
Parameter &apos;environment&apos; is required by BeforeClass on method setBaseUri but has not been marked @Optional or defined
in D:\leed\leedperformance\AutomationTesting\TestArcAPI\src\main\resources\TestNGFiles\LeedV4TestNG.xml
... Removed 23 stack frames</pre></div><a href='#' onClick='toggleBox("stack-trace1293680734", this, "Click to show all stack frames", "Click to hide stack frames")'>Click to show all stack frames</a>
<div class='stack-trace' id='stack-trace1293680734'><pre>org.testng.TestNGException: 
Parameter &apos;environment&apos; is required by BeforeClass on method setBaseUri but has not been marked @Optional or defined
in D:\leed\leedperformance\AutomationTesting\TestArcAPI\src\main\resources\TestNGFiles\LeedV4TestNG.xml
	at org.testng.internal.Parameters.createParams(Parameters.java:290)
	at org.testng.internal.Parameters.createParametersForMethod(Parameters.java:359)
	at org.testng.internal.Parameters.createParameters(Parameters.java:620)
	at org.testng.internal.Parameters.createConfigurationParameters(Parameters.java:190)
	at org.testng.internal.Invoker.invokeConfigurations(Invoker.java:209)
	at org.testng.internal.Invoker.invokeConfigurations(Invoker.java:142)
	at org.testng.internal.TestMethodWorker.invokeBeforeClassMethods(TestMethodWorker.java:163)
	at org.testng.internal.TestMethodWorker.run(TestMethodWorker.java:105)
	at org.testng.TestRunner.privateRun(TestRunner.java:648)
	at org.testng.TestRunner.run(TestRunner.java:505)
	at org.testng.SuiteRunner.runTest(SuiteRunner.java:455)
	at org.testng.SuiteRunner.runSequentially(SuiteRunner.java:450)
	at org.testng.SuiteRunner.privateRun(SuiteRunner.java:415)
	at org.testng.SuiteRunner.run(SuiteRunner.java:364)
	at org.testng.SuiteRunnerWorker.runSuite(SuiteRunnerWorker.java:52)
	at org.testng.SuiteRunnerWorker.run(SuiteRunnerWorker.java:84)
	at org.testng.TestNG.runSuitesSequentially(TestNG.java:1187)
	at org.testng.TestNG.runSuitesLocally(TestNG.java:1116)
	at org.testng.TestNG.runSuites(TestNG.java:1028)
	at org.testng.TestNG.run(TestNG.java:996)
	at org.testng.remote.AbstractRemoteTestNG.run(AbstractRemoteTestNG.java:114)
	at org.testng.remote.RemoteTestNG.initAndRun(RemoteTestNG.java:251)
	at org.testng.remote.RemoteTestNG.main(RemoteTestNG.java:77)
</pre></div></td>
<td>0</td>
<td>com.arcapi.Leedv4Testcases.AssetDetailAPITest@2b4a2ec7</td></tr>
<tr>
<td title='com.arcapi.Leedv4Testcases.AssetUpdateforNewAssetPUTAPITest.AssetUpdateforNewAssetPUTAPI()'><b>AssetUpdateforNewAssetPUTAPI</b><br>Test class: com.arcapi.Leedv4Testcases.AssetUpdateforNewAssetPUTAPITest</td>
<td><div><pre>org.testng.TestNGException: 
Parameter &apos;environment&apos; is required by BeforeClass on method setBaseUri but has not been marked @Optional or defined
in D:\leed\leedperformance\AutomationTesting\TestArcAPI\src\main\resources\TestNGFiles\LeedV4TestNG.xml
... Removed 23 stack frames</pre></div><a href='#' onClick='toggleBox("stack-trace1946988038", this, "Click to show all stack frames", "Click to hide stack frames")'>Click to show all stack frames</a>
<div class='stack-trace' id='stack-trace1946988038'><pre>org.testng.TestNGException: 
Parameter &apos;environment&apos; is required by BeforeClass on method setBaseUri but has not been marked @Optional or defined
in D:\leed\leedperformance\AutomationTesting\TestArcAPI\src\main\resources\TestNGFiles\LeedV4TestNG.xml
	at org.testng.internal.Parameters.createParams(Parameters.java:290)
	at org.testng.internal.Parameters.createParametersForMethod(Parameters.java:359)
	at org.testng.internal.Parameters.createParameters(Parameters.java:620)
	at org.testng.internal.Parameters.createConfigurationParameters(Parameters.java:190)
	at org.testng.internal.Invoker.invokeConfigurations(Invoker.java:209)
	at org.testng.internal.Invoker.invokeConfigurations(Invoker.java:142)
	at org.testng.internal.TestMethodWorker.invokeBeforeClassMethods(TestMethodWorker.java:163)
	at org.testng.internal.TestMethodWorker.run(TestMethodWorker.java:105)
	at org.testng.TestRunner.privateRun(TestRunner.java:648)
	at org.testng.TestRunner.run(TestRunner.java:505)
	at org.testng.SuiteRunner.runTest(SuiteRunner.java:455)
	at org.testng.SuiteRunner.runSequentially(SuiteRunner.java:450)
	at org.testng.SuiteRunner.privateRun(SuiteRunner.java:415)
	at org.testng.SuiteRunner.run(SuiteRunner.java:364)
	at org.testng.SuiteRunnerWorker.runSuite(SuiteRunnerWorker.java:52)
	at org.testng.SuiteRunnerWorker.run(SuiteRunnerWorker.java:84)
	at org.testng.TestNG.runSuitesSequentially(TestNG.java:1187)
	at org.testng.TestNG.runSuitesLocally(TestNG.java:1116)
	at org.testng.TestNG.runSuites(TestNG.java:1028)
	at org.testng.TestNG.run(TestNG.java:996)
	at org.testng.remote.AbstractRemoteTestNG.run(AbstractRemoteTestNG.java:114)
	at org.testng.remote.RemoteTestNG.initAndRun(RemoteTestNG.java:251)
	at org.testng.remote.RemoteTestNG.main(RemoteTestNG.java:77)
</pre></div></td>
<td>0</td>
<td>com.arcapi.Leedv4Testcases.AssetUpdateforNewAssetPUTAPITest@279ad2e3</td></tr>
<tr>
<td title='com.arcapi.Leedv4Testcases.LOProjectRegistrationINT.CreateAssetPOSTAPI()'><b>CreateAssetPOSTAPI</b><br>Test class: com.arcapi.Leedv4Testcases.LOProjectRegistrationINT</td>
<td><div><pre>org.testng.TestNGException: 
Parameter &apos;environment&apos; is required by BeforeClass on method setBaseUri but has not been marked @Optional or defined
in D:\leed\leedperformance\AutomationTesting\TestArcAPI\src\main\resources\TestNGFiles\LeedV4TestNG.xml
... Removed 23 stack frames</pre></div><a href='#' onClick='toggleBox("stack-trace914507705", this, "Click to show all stack frames", "Click to hide stack frames")'>Click to show all stack frames</a>
<div class='stack-trace' id='stack-trace914507705'><pre>org.testng.TestNGException: 
Parameter &apos;environment&apos; is required by BeforeClass on method setBaseUri but has not been marked @Optional or defined
in D:\leed\leedperformance\AutomationTesting\TestArcAPI\src\main\resources\TestNGFiles\LeedV4TestNG.xml
	at org.testng.internal.Parameters.createParams(Parameters.java:290)
	at org.testng.internal.Parameters.createParametersForMethod(Parameters.java:359)
	at org.testng.internal.Parameters.createParameters(Parameters.java:620)
	at org.testng.internal.Parameters.createConfigurationParameters(Parameters.java:190)
	at org.testng.internal.Invoker.invokeConfigurations(Invoker.java:209)
	at org.testng.internal.Invoker.invokeConfigurations(Invoker.java:142)
	at org.testng.internal.TestMethodWorker.invokeBeforeClassMethods(TestMethodWorker.java:163)
	at org.testng.internal.TestMethodWorker.run(TestMethodWorker.java:105)
	at org.testng.TestRunner.privateRun(TestRunner.java:648)
	at org.testng.TestRunner.run(TestRunner.java:505)
	at org.testng.SuiteRunner.runTest(SuiteRunner.java:455)
	at org.testng.SuiteRunner.runSequentially(SuiteRunner.java:450)
	at org.testng.SuiteRunner.privateRun(SuiteRunner.java:415)
	at org.testng.SuiteRunner.run(SuiteRunner.java:364)
	at org.testng.SuiteRunnerWorker.runSuite(SuiteRunnerWorker.java:52)
	at org.testng.SuiteRunnerWorker.run(SuiteRunnerWorker.java:84)
	at org.testng.TestNG.runSuitesSequentially(TestNG.java:1187)
	at org.testng.TestNG.runSuitesLocally(TestNG.java:1116)
	at org.testng.TestNG.runSuites(TestNG.java:1028)
	at org.testng.TestNG.run(TestNG.java:996)
	at org.testng.remote.AbstractRemoteTestNG.run(AbstractRemoteTestNG.java:114)
	at org.testng.remote.RemoteTestNG.initAndRun(RemoteTestNG.java:251)
	at org.testng.remote.RemoteTestNG.main(RemoteTestNG.java:77)
</pre></div></td>
<td>0</td>
<td>com.arcapi.Leedv4Testcases.LOProjectRegistrationINT@345965f2</td></tr>
<tr>
<td title='com.arcapi.Leedv4Testcases.DeleteAllAppsAPITest.DeleteAllAppsAPI()'><b>DeleteAllAppsAPI</b><br>Test class: com.arcapi.Leedv4Testcases.DeleteAllAppsAPITest</td>
<td><div><pre>org.testng.TestNGException: 
Parameter &apos;environment&apos; is required by BeforeClass on method setBaseUri but has not been marked @Optional or defined
in D:\leed\leedperformance\AutomationTesting\TestArcAPI\src\main\resources\TestNGFiles\LeedV4TestNG.xml
... Removed 23 stack frames</pre></div><a href='#' onClick='toggleBox("stack-trace1732238286", this, "Click to show all stack frames", "Click to hide stack frames")'>Click to show all stack frames</a>
<div class='stack-trace' id='stack-trace1732238286'><pre>org.testng.TestNGException: 
Parameter &apos;environment&apos; is required by BeforeClass on method setBaseUri but has not been marked @Optional or defined
in D:\leed\leedperformance\AutomationTesting\TestArcAPI\src\main\resources\TestNGFiles\LeedV4TestNG.xml
	at org.testng.internal.Parameters.createParams(Parameters.java:290)
	at org.testng.internal.Parameters.createParametersForMethod(Parameters.java:359)
	at org.testng.internal.Parameters.createParameters(Parameters.java:620)
	at org.testng.internal.Parameters.createConfigurationParameters(Parameters.java:190)
	at org.testng.internal.Invoker.invokeConfigurations(Invoker.java:209)
	at org.testng.internal.Invoker.invokeConfigurations(Invoker.java:142)
	at org.testng.internal.TestMethodWorker.invokeBeforeClassMethods(TestMethodWorker.java:163)
	at org.testng.internal.TestMethodWorker.run(TestMethodWorker.java:105)
	at org.testng.TestRunner.privateRun(TestRunner.java:648)
	at org.testng.TestRunner.run(TestRunner.java:505)
	at org.testng.SuiteRunner.runTest(SuiteRunner.java:455)
	at org.testng.SuiteRunner.runSequentially(SuiteRunner.java:450)
	at org.testng.SuiteRunner.privateRun(SuiteRunner.java:415)
	at org.testng.SuiteRunner.run(SuiteRunner.java:364)
	at org.testng.SuiteRunnerWorker.runSuite(SuiteRunnerWorker.java:52)
	at org.testng.SuiteRunnerWorker.run(SuiteRunnerWorker.java:84)
	at org.testng.TestNG.runSuitesSequentially(TestNG.java:1187)
	at org.testng.TestNG.runSuitesLocally(TestNG.java:1116)
	at org.testng.TestNG.runSuites(TestNG.java:1028)
	at org.testng.TestNG.run(TestNG.java:996)
	at org.testng.remote.AbstractRemoteTestNG.run(AbstractRemoteTestNG.java:114)
	at org.testng.remote.RemoteTestNG.initAndRun(RemoteTestNG.java:251)
	at org.testng.remote.RemoteTestNG.main(RemoteTestNG.java:77)
</pre></div></td>
<td>0</td>
<td>com.arcapi.Leedv4Testcases.DeleteAllAppsAPITest@7bb58ca3</td></tr>
<tr>
<td title='com.arcapi.Leedv4Testcases.ExcelUploadTemplatePOSTAPITest.ExcelUploadTemplatePOSTAPI()'><b>ExcelUploadTemplatePOSTAPI</b><br>Test class: com.arcapi.Leedv4Testcases.ExcelUploadTemplatePOSTAPITest</td>
<td><div><pre>org.testng.TestNGException: 
Parameter &apos;environment&apos; is required by BeforeClass on method setBaseUri but has not been marked @Optional or defined
in D:\leed\leedperformance\AutomationTesting\TestArcAPI\src\main\resources\TestNGFiles\LeedV4TestNG.xml
... Removed 23 stack frames</pre></div><a href='#' onClick='toggleBox("stack-trace1835073088", this, "Click to show all stack frames", "Click to hide stack frames")'>Click to show all stack frames</a>
<div class='stack-trace' id='stack-trace1835073088'><pre>org.testng.TestNGException: 
Parameter &apos;environment&apos; is required by BeforeClass on method setBaseUri but has not been marked @Optional or defined
in D:\leed\leedperformance\AutomationTesting\TestArcAPI\src\main\resources\TestNGFiles\LeedV4TestNG.xml
	at org.testng.internal.Parameters.createParams(Parameters.java:290)
	at org.testng.internal.Parameters.createParametersForMethod(Parameters.java:359)
	at org.testng.internal.Parameters.createParameters(Parameters.java:620)
	at org.testng.internal.Parameters.createConfigurationParameters(Parameters.java:190)
	at org.testng.internal.Invoker.invokeConfigurations(Invoker.java:209)
	at org.testng.internal.Invoker.invokeConfigurations(Invoker.java:142)
	at org.testng.internal.TestMethodWorker.invokeBeforeClassMethods(TestMethodWorker.java:163)
	at org.testng.internal.TestMethodWorker.run(TestMethodWorker.java:105)
	at org.testng.TestRunner.privateRun(TestRunner.java:648)
	at org.testng.TestRunner.run(TestRunner.java:505)
	at org.testng.SuiteRunner.runTest(SuiteRunner.java:455)
	at org.testng.SuiteRunner.runSequentially(SuiteRunner.java:450)
	at org.testng.SuiteRunner.privateRun(SuiteRunner.java:415)
	at org.testng.SuiteRunner.run(SuiteRunner.java:364)
	at org.testng.SuiteRunnerWorker.runSuite(SuiteRunnerWorker.java:52)
	at org.testng.SuiteRunnerWorker.run(SuiteRunnerWorker.java:84)
	at org.testng.TestNG.runSuitesSequentially(TestNG.java:1187)
	at org.testng.TestNG.runSuitesLocally(TestNG.java:1116)
	at org.testng.TestNG.runSuites(TestNG.java:1028)
	at org.testng.TestNG.run(TestNG.java:996)
	at org.testng.remote.AbstractRemoteTestNG.run(AbstractRemoteTestNG.java:114)
	at org.testng.remote.RemoteTestNG.initAndRun(RemoteTestNG.java:251)
	at org.testng.remote.RemoteTestNG.main(RemoteTestNG.java:77)
</pre></div></td>
<td>0</td>
<td>com.arcapi.Leedv4Testcases.ExcelUploadTemplatePOSTAPITest@18a70f16</td></tr>
<tr>
<td title='com.arcapi.Leedv4Testcases.FetchingAgreementDetailsAPITest.FetchingAgreementDetailsAPI()'><b>FetchingAgreementDetailsAPI</b><br>Test class: com.arcapi.Leedv4Testcases.FetchingAgreementDetailsAPITest</td>
<td><div><pre>org.testng.TestNGException: 
Parameter &apos;environment&apos; is required by BeforeClass on method setBaseUri but has not been marked @Optional or defined
in D:\leed\leedperformance\AutomationTesting\TestArcAPI\src\main\resources\TestNGFiles\LeedV4TestNG.xml
... Removed 23 stack frames</pre></div><a href='#' onClick='toggleBox("stack-trace1776374725", this, "Click to show all stack frames", "Click to hide stack frames")'>Click to show all stack frames</a>
<div class='stack-trace' id='stack-trace1776374725'><pre>org.testng.TestNGException: 
Parameter &apos;environment&apos; is required by BeforeClass on method setBaseUri but has not been marked @Optional or defined
in D:\leed\leedperformance\AutomationTesting\TestArcAPI\src\main\resources\TestNGFiles\LeedV4TestNG.xml
	at org.testng.internal.Parameters.createParams(Parameters.java:290)
	at org.testng.internal.Parameters.createParametersForMethod(Parameters.java:359)
	at org.testng.internal.Parameters.createParameters(Parameters.java:620)
	at org.testng.internal.Parameters.createConfigurationParameters(Parameters.java:190)
	at org.testng.internal.Invoker.invokeConfigurations(Invoker.java:209)
	at org.testng.internal.Invoker.invokeConfigurations(Invoker.java:142)
	at org.testng.internal.TestMethodWorker.invokeBeforeClassMethods(TestMethodWorker.java:163)
	at org.testng.internal.TestMethodWorker.run(TestMethodWorker.java:105)
	at org.testng.TestRunner.privateRun(TestRunner.java:648)
	at org.testng.TestRunner.run(TestRunner.java:505)
	at org.testng.SuiteRunner.runTest(SuiteRunner.java:455)
	at org.testng.SuiteRunner.runSequentially(SuiteRunner.java:450)
	at org.testng.SuiteRunner.privateRun(SuiteRunner.java:415)
	at org.testng.SuiteRunner.run(SuiteRunner.java:364)
	at org.testng.SuiteRunnerWorker.runSuite(SuiteRunnerWorker.java:52)
	at org.testng.SuiteRunnerWorker.run(SuiteRunnerWorker.java:84)
	at org.testng.TestNG.runSuitesSequentially(TestNG.java:1187)
	at org.testng.TestNG.runSuitesLocally(TestNG.java:1116)
	at org.testng.TestNG.runSuites(TestNG.java:1028)
	at org.testng.TestNG.run(TestNG.java:996)
	at org.testng.remote.AbstractRemoteTestNG.run(AbstractRemoteTestNG.java:114)
	at org.testng.remote.RemoteTestNG.initAndRun(RemoteTestNG.java:251)
	at org.testng.remote.RemoteTestNG.main(RemoteTestNG.java:77)
</pre></div></td>
<td>0</td>
<td>com.arcapi.Leedv4Testcases.FetchingAgreementDetailsAPITest@351d0846</td></tr>
<tr>
<td title='com.arcapi.Leedv4Testcases.HumanExperienceConsumptionCreateAPITest.HumanExperienceConsumptionCreateAPI()'><b>HumanExperienceConsumptionCreateAPI</b><br>Test class: com.arcapi.Leedv4Testcases.HumanExperienceConsumptionCreateAPITest</td>
<td><div><pre>org.testng.TestNGException: 
Parameter &apos;environment&apos; is required by BeforeClass on method setBaseUri but has not been marked @Optional or defined
in D:\leed\leedperformance\AutomationTesting\TestArcAPI\src\main\resources\TestNGFiles\LeedV4TestNG.xml
... Removed 23 stack frames</pre></div><a href='#' onClick='toggleBox("stack-trace480490520", this, "Click to show all stack frames", "Click to hide stack frames")'>Click to show all stack frames</a>
<div class='stack-trace' id='stack-trace480490520'><pre>org.testng.TestNGException: 
Parameter &apos;environment&apos; is required by BeforeClass on method setBaseUri but has not been marked @Optional or defined
in D:\leed\leedperformance\AutomationTesting\TestArcAPI\src\main\resources\TestNGFiles\LeedV4TestNG.xml
	at org.testng.internal.Parameters.createParams(Parameters.java:290)
	at org.testng.internal.Parameters.createParametersForMethod(Parameters.java:359)
	at org.testng.internal.Parameters.createParameters(Parameters.java:620)
	at org.testng.internal.Parameters.createConfigurationParameters(Parameters.java:190)
	at org.testng.internal.Invoker.invokeConfigurations(Invoker.java:209)
	at org.testng.internal.Invoker.invokeConfigurations(Invoker.java:142)
	at org.testng.internal.TestMethodWorker.invokeBeforeClassMethods(TestMethodWorker.java:163)
	at org.testng.internal.TestMethodWorker.run(TestMethodWorker.java:105)
	at org.testng.TestRunner.privateRun(TestRunner.java:648)
	at org.testng.TestRunner.run(TestRunner.java:505)
	at org.testng.SuiteRunner.runTest(SuiteRunner.java:455)
	at org.testng.SuiteRunner.runSequentially(SuiteRunner.java:450)
	at org.testng.SuiteRunner.privateRun(SuiteRunner.java:415)
	at org.testng.SuiteRunner.run(SuiteRunner.java:364)
	at org.testng.SuiteRunnerWorker.runSuite(SuiteRunnerWorker.java:52)
	at org.testng.SuiteRunnerWorker.run(SuiteRunnerWorker.java:84)
	at org.testng.TestNG.runSuitesSequentially(TestNG.java:1187)
	at org.testng.TestNG.runSuitesLocally(TestNG.java:1116)
	at org.testng.TestNG.runSuites(TestNG.java:1028)
	at org.testng.TestNG.run(TestNG.java:996)
	at org.testng.remote.AbstractRemoteTestNG.run(AbstractRemoteTestNG.java:114)
	at org.testng.remote.RemoteTestNG.initAndRun(RemoteTestNG.java:251)
	at org.testng.remote.RemoteTestNG.main(RemoteTestNG.java:77)
</pre></div></td>
<td>0</td>
<td>com.arcapi.Leedv4Testcases.HumanExperienceConsumptionCreateAPITest@7fe8ea47</td></tr>
<tr>
<td title='com.arcapi.Leedv4Testcases.HEConsumptionCreateAfterDeleteTest.HumanExperienceConsumptionCreateAPI()'><b>HumanExperienceConsumptionCreateAPI</b><br>Test class: com.arcapi.Leedv4Testcases.HEConsumptionCreateAfterDeleteTest</td>
<td><div><pre>org.testng.TestNGException: 
Parameter &apos;environment&apos; is required by BeforeClass on method setBaseUri but has not been marked @Optional or defined
in D:\leed\leedperformance\AutomationTesting\TestArcAPI\src\main\resources\TestNGFiles\LeedV4TestNG.xml
... Removed 23 stack frames</pre></div><a href='#' onClick='toggleBox("stack-trace2045036434", this, "Click to show all stack frames", "Click to hide stack frames")'>Click to show all stack frames</a>
<div class='stack-trace' id='stack-trace2045036434'><pre>org.testng.TestNGException: 
Parameter &apos;environment&apos; is required by BeforeClass on method setBaseUri but has not been marked @Optional or defined
in D:\leed\leedperformance\AutomationTesting\TestArcAPI\src\main\resources\TestNGFiles\LeedV4TestNG.xml
	at org.testng.internal.Parameters.createParams(Parameters.java:290)
	at org.testng.internal.Parameters.createParametersForMethod(Parameters.java:359)
	at org.testng.internal.Parameters.createParameters(Parameters.java:620)
	at org.testng.internal.Parameters.createConfigurationParameters(Parameters.java:190)
	at org.testng.internal.Invoker.invokeConfigurations(Invoker.java:209)
	at org.testng.internal.Invoker.invokeConfigurations(Invoker.java:142)
	at org.testng.internal.TestMethodWorker.invokeBeforeClassMethods(TestMethodWorker.java:163)
	at org.testng.internal.TestMethodWorker.run(TestMethodWorker.java:105)
	at org.testng.TestRunner.privateRun(TestRunner.java:648)
	at org.testng.TestRunner.run(TestRunner.java:505)
	at org.testng.SuiteRunner.runTest(SuiteRunner.java:455)
	at org.testng.SuiteRunner.runSequentially(SuiteRunner.java:450)
	at org.testng.SuiteRunner.privateRun(SuiteRunner.java:415)
	at org.testng.SuiteRunner.run(SuiteRunner.java:364)
	at org.testng.SuiteRunnerWorker.runSuite(SuiteRunnerWorker.java:52)
	at org.testng.SuiteRunnerWorker.run(SuiteRunnerWorker.java:84)
	at org.testng.TestNG.runSuitesSequentially(TestNG.java:1187)
	at org.testng.TestNG.runSuitesLocally(TestNG.java:1116)
	at org.testng.TestNG.runSuites(TestNG.java:1028)
	at org.testng.TestNG.run(TestNG.java:996)
	at org.testng.remote.AbstractRemoteTestNG.run(AbstractRemoteTestNG.java:114)
	at org.testng.remote.RemoteTestNG.initAndRun(RemoteTestNG.java:251)
	at org.testng.remote.RemoteTestNG.main(RemoteTestNG.java:77)
</pre></div></td>
<td>0</td>
<td>com.arcapi.Leedv4Testcases.HEConsumptionCreateAfterDeleteTest@1dd92fe2</td></tr>
<tr>
<td title='com.arcapi.Leedv4Testcases.HumanExperienceConsumptionDeleteAPITest.HumanExperienceConsumptionDeleteAPI()'><b>HumanExperienceConsumptionDeleteAPI</b><br>Test class: com.arcapi.Leedv4Testcases.HumanExperienceConsumptionDeleteAPITest</td>
<td><div><pre>org.testng.TestNGException: 
Parameter &apos;environment&apos; is required by BeforeClass on method setBaseUri but has not been marked @Optional or defined
in D:\leed\leedperformance\AutomationTesting\TestArcAPI\src\main\resources\TestNGFiles\LeedV4TestNG.xml
... Removed 23 stack frames</pre></div><a href='#' onClick='toggleBox("stack-trace1898325501", this, "Click to show all stack frames", "Click to hide stack frames")'>Click to show all stack frames</a>
<div class='stack-trace' id='stack-trace1898325501'><pre>org.testng.TestNGException: 
Parameter &apos;environment&apos; is required by BeforeClass on method setBaseUri but has not been marked @Optional or defined
in D:\leed\leedperformance\AutomationTesting\TestArcAPI\src\main\resources\TestNGFiles\LeedV4TestNG.xml
	at org.testng.internal.Parameters.createParams(Parameters.java:290)
	at org.testng.internal.Parameters.createParametersForMethod(Parameters.java:359)
	at org.testng.internal.Parameters.createParameters(Parameters.java:620)
	at org.testng.internal.Parameters.createConfigurationParameters(Parameters.java:190)
	at org.testng.internal.Invoker.invokeConfigurations(Invoker.java:209)
	at org.testng.internal.Invoker.invokeConfigurations(Invoker.java:142)
	at org.testng.internal.TestMethodWorker.invokeBeforeClassMethods(TestMethodWorker.java:163)
	at org.testng.internal.TestMethodWorker.run(TestMethodWorker.java:105)
	at org.testng.TestRunner.privateRun(TestRunner.java:648)
	at org.testng.TestRunner.run(TestRunner.java:505)
	at org.testng.SuiteRunner.runTest(SuiteRunner.java:455)
	at org.testng.SuiteRunner.runSequentially(SuiteRunner.java:450)
	at org.testng.SuiteRunner.privateRun(SuiteRunner.java:415)
	at org.testng.SuiteRunner.run(SuiteRunner.java:364)
	at org.testng.SuiteRunnerWorker.runSuite(SuiteRunnerWorker.java:52)
	at org.testng.SuiteRunnerWorker.run(SuiteRunnerWorker.java:84)
	at org.testng.TestNG.runSuitesSequentially(TestNG.java:1187)
	at org.testng.TestNG.runSuitesLocally(TestNG.java:1116)
	at org.testng.TestNG.runSuites(TestNG.java:1028)
	at org.testng.TestNG.run(TestNG.java:996)
	at org.testng.remote.AbstractRemoteTestNG.run(AbstractRemoteTestNG.java:114)
	at org.testng.remote.RemoteTestNG.initAndRun(RemoteTestNG.java:251)
	at org.testng.remote.RemoteTestNG.main(RemoteTestNG.java:77)
</pre></div></td>
<td>0</td>
<td>com.arcapi.Leedv4Testcases.HumanExperienceConsumptionDeleteAPITest@255b53dc</td></tr>
<tr>
<td title='com.arcapi.Leedv4Testcases.HumanExperienceConsumptionUpdateAPITest.HumanExperienceConsumptionUpdateAPI()'><b>HumanExperienceConsumptionUpdateAPI</b><br>Test class: com.arcapi.Leedv4Testcases.HumanExperienceConsumptionUpdateAPITest</td>
<td><div><pre>org.testng.TestNGException: 
Parameter &apos;environment&apos; is required by BeforeClass on method setBaseUri but has not been marked @Optional or defined
in D:\leed\leedperformance\AutomationTesting\TestArcAPI\src\main\resources\TestNGFiles\LeedV4TestNG.xml
... Removed 23 stack frames</pre></div><a href='#' onClick='toggleBox("stack-trace485937598", this, "Click to show all stack frames", "Click to hide stack frames")'>Click to show all stack frames</a>
<div class='stack-trace' id='stack-trace485937598'><pre>org.testng.TestNGException: 
Parameter &apos;environment&apos; is required by BeforeClass on method setBaseUri but has not been marked @Optional or defined
in D:\leed\leedperformance\AutomationTesting\TestArcAPI\src\main\resources\TestNGFiles\LeedV4TestNG.xml
	at org.testng.internal.Parameters.createParams(Parameters.java:290)
	at org.testng.internal.Parameters.createParametersForMethod(Parameters.java:359)
	at org.testng.internal.Parameters.createParameters(Parameters.java:620)
	at org.testng.internal.Parameters.createConfigurationParameters(Parameters.java:190)
	at org.testng.internal.Invoker.invokeConfigurations(Invoker.java:209)
	at org.testng.internal.Invoker.invokeConfigurations(Invoker.java:142)
	at org.testng.internal.TestMethodWorker.invokeBeforeClassMethods(TestMethodWorker.java:163)
	at org.testng.internal.TestMethodWorker.run(TestMethodWorker.java:105)
	at org.testng.TestRunner.privateRun(TestRunner.java:648)
	at org.testng.TestRunner.run(TestRunner.java:505)
	at org.testng.SuiteRunner.runTest(SuiteRunner.java:455)
	at org.testng.SuiteRunner.runSequentially(SuiteRunner.java:450)
	at org.testng.SuiteRunner.privateRun(SuiteRunner.java:415)
	at org.testng.SuiteRunner.run(SuiteRunner.java:364)
	at org.testng.SuiteRunnerWorker.runSuite(SuiteRunnerWorker.java:52)
	at org.testng.SuiteRunnerWorker.run(SuiteRunnerWorker.java:84)
	at org.testng.TestNG.runSuitesSequentially(TestNG.java:1187)
	at org.testng.TestNG.runSuitesLocally(TestNG.java:1116)
	at org.testng.TestNG.runSuites(TestNG.java:1028)
	at org.testng.TestNG.run(TestNG.java:996)
	at org.testng.remote.AbstractRemoteTestNG.run(AbstractRemoteTestNG.java:114)
	at org.testng.remote.RemoteTestNG.initAndRun(RemoteTestNG.java:251)
	at org.testng.remote.RemoteTestNG.main(RemoteTestNG.java:77)
</pre></div></td>
<td>0</td>
<td>com.arcapi.Leedv4Testcases.HumanExperienceConsumptionUpdateAPITest@226a82c4</td></tr>
<tr>
<td title='com.arcapi.Leedv4Testcases.HumanExperienceMeterDeleteAPITest.HumanExperienceMeterDeleteAPI()'><b>HumanExperienceMeterDeleteAPI</b><br>Test class: com.arcapi.Leedv4Testcases.HumanExperienceMeterDeleteAPITest</td>
<td><div><pre>org.testng.TestNGException: 
Parameter &apos;environment&apos; is required by BeforeClass on method setBaseUri but has not been marked @Optional or defined
in D:\leed\leedperformance\AutomationTesting\TestArcAPI\src\main\resources\TestNGFiles\LeedV4TestNG.xml
... Removed 23 stack frames</pre></div><a href='#' onClick='toggleBox("stack-trace1241529534", this, "Click to show all stack frames", "Click to hide stack frames")'>Click to show all stack frames</a>
<div class='stack-trace' id='stack-trace1241529534'><pre>org.testng.TestNGException: 
Parameter &apos;environment&apos; is required by BeforeClass on method setBaseUri but has not been marked @Optional or defined
in D:\leed\leedperformance\AutomationTesting\TestArcAPI\src\main\resources\TestNGFiles\LeedV4TestNG.xml
	at org.testng.internal.Parameters.createParams(Parameters.java:290)
	at org.testng.internal.Parameters.createParametersForMethod(Parameters.java:359)
	at org.testng.internal.Parameters.createParameters(Parameters.java:620)
	at org.testng.internal.Parameters.createConfigurationParameters(Parameters.java:190)
	at org.testng.internal.Invoker.invokeConfigurations(Invoker.java:209)
	at org.testng.internal.Invoker.invokeConfigurations(Invoker.java:142)
	at org.testng.internal.TestMethodWorker.invokeBeforeClassMethods(TestMethodWorker.java:163)
	at org.testng.internal.TestMethodWorker.run(TestMethodWorker.java:105)
	at org.testng.TestRunner.privateRun(TestRunner.java:648)
	at org.testng.TestRunner.run(TestRunner.java:505)
	at org.testng.SuiteRunner.runTest(SuiteRunner.java:455)
	at org.testng.SuiteRunner.runSequentially(SuiteRunner.java:450)
	at org.testng.SuiteRunner.privateRun(SuiteRunner.java:415)
	at org.testng.SuiteRunner.run(SuiteRunner.java:364)
	at org.testng.SuiteRunnerWorker.runSuite(SuiteRunnerWorker.java:52)
	at org.testng.SuiteRunnerWorker.run(SuiteRunnerWorker.java:84)
	at org.testng.TestNG.runSuitesSequentially(TestNG.java:1187)
	at org.testng.TestNG.runSuitesLocally(TestNG.java:1116)
	at org.testng.TestNG.runSuites(TestNG.java:1028)
	at org.testng.TestNG.run(TestNG.java:996)
	at org.testng.remote.AbstractRemoteTestNG.run(AbstractRemoteTestNG.java:114)
	at org.testng.remote.RemoteTestNG.initAndRun(RemoteTestNG.java:251)
	at org.testng.remote.RemoteTestNG.main(RemoteTestNG.java:77)
</pre></div></td>
<td>0</td>
<td>com.arcapi.Leedv4Testcases.HumanExperienceMeterDeleteAPITest@51b7e5df</td></tr>
<tr>
<td title='com.arcapi.Leedv4Testcases.HumanExperienceMeterUpdateAPITest.HumanExperienceMeterUpdateAPI()'><b>HumanExperienceMeterUpdateAPI</b><br>Test class: com.arcapi.Leedv4Testcases.HumanExperienceMeterUpdateAPITest</td>
<td><div><pre>org.testng.TestNGException: 
Parameter &apos;environment&apos; is required by BeforeClass on method setBaseUri but has not been marked @Optional or defined
in D:\leed\leedperformance\AutomationTesting\TestArcAPI\src\main\resources\TestNGFiles\LeedV4TestNG.xml
... Removed 23 stack frames</pre></div><a href='#' onClick='toggleBox("stack-trace1058609221", this, "Click to show all stack frames", "Click to hide stack frames")'>Click to show all stack frames</a>
<div class='stack-trace' id='stack-trace1058609221'><pre>org.testng.TestNGException: 
Parameter &apos;environment&apos; is required by BeforeClass on method setBaseUri but has not been marked @Optional or defined
in D:\leed\leedperformance\AutomationTesting\TestArcAPI\src\main\resources\TestNGFiles\LeedV4TestNG.xml
	at org.testng.internal.Parameters.createParams(Parameters.java:290)
	at org.testng.internal.Parameters.createParametersForMethod(Parameters.java:359)
	at org.testng.internal.Parameters.createParameters(Parameters.java:620)
	at org.testng.internal.Parameters.createConfigurationParameters(Parameters.java:190)
	at org.testng.internal.Invoker.invokeConfigurations(Invoker.java:209)
	at org.testng.internal.Invoker.invokeConfigurations(Invoker.java:142)
	at org.testng.internal.TestMethodWorker.invokeBeforeClassMethods(TestMethodWorker.java:163)
	at org.testng.internal.TestMethodWorker.run(TestMethodWorker.java:105)
	at org.testng.TestRunner.privateRun(TestRunner.java:648)
	at org.testng.TestRunner.run(TestRunner.java:505)
	at org.testng.SuiteRunner.runTest(SuiteRunner.java:455)
	at org.testng.SuiteRunner.runSequentially(SuiteRunner.java:450)
	at org.testng.SuiteRunner.privateRun(SuiteRunner.java:415)
	at org.testng.SuiteRunner.run(SuiteRunner.java:364)
	at org.testng.SuiteRunnerWorker.runSuite(SuiteRunnerWorker.java:52)
	at org.testng.SuiteRunnerWorker.run(SuiteRunnerWorker.java:84)
	at org.testng.TestNG.runSuitesSequentially(TestNG.java:1187)
	at org.testng.TestNG.runSuitesLocally(TestNG.java:1116)
	at org.testng.TestNG.runSuites(TestNG.java:1028)
	at org.testng.TestNG.run(TestNG.java:996)
	at org.testng.remote.AbstractRemoteTestNG.run(AbstractRemoteTestNG.java:114)
	at org.testng.remote.RemoteTestNG.initAndRun(RemoteTestNG.java:251)
	at org.testng.remote.RemoteTestNG.main(RemoteTestNG.java:77)
</pre></div></td>
<td>0</td>
<td>com.arcapi.Leedv4Testcases.HumanExperienceMeterUpdateAPITest@64d2d351</td></tr>
<tr>
<td title='com.arcapi.Leedv4Testcases.InstallAllAppsAfterDeleteAPITest.InstallAllAppsAfterDeleteAPI()'><b>InstallAllAppsAfterDeleteAPI</b><br>Test class: com.arcapi.Leedv4Testcases.InstallAllAppsAfterDeleteAPITest</td>
<td><div><pre>org.testng.TestNGException: 
Parameter &apos;environment&apos; is required by BeforeClass on method setBaseUri but has not been marked @Optional or defined
in D:\leed\leedperformance\AutomationTesting\TestArcAPI\src\main\resources\TestNGFiles\LeedV4TestNG.xml
... Removed 23 stack frames</pre></div><a href='#' onClick='toggleBox("stack-trace1038677529", this, "Click to show all stack frames", "Click to hide stack frames")'>Click to show all stack frames</a>
<div class='stack-trace' id='stack-trace1038677529'><pre>org.testng.TestNGException: 
Parameter &apos;environment&apos; is required by BeforeClass on method setBaseUri but has not been marked @Optional or defined
in D:\leed\leedperformance\AutomationTesting\TestArcAPI\src\main\resources\TestNGFiles\LeedV4TestNG.xml
	at org.testng.internal.Parameters.createParams(Parameters.java:290)
	at org.testng.internal.Parameters.createParametersForMethod(Parameters.java:359)
	at org.testng.internal.Parameters.createParameters(Parameters.java:620)
	at org.testng.internal.Parameters.createConfigurationParameters(Parameters.java:190)
	at org.testng.internal.Invoker.invokeConfigurations(Invoker.java:209)
	at org.testng.internal.Invoker.invokeConfigurations(Invoker.java:142)
	at org.testng.internal.TestMethodWorker.invokeBeforeClassMethods(TestMethodWorker.java:163)
	at org.testng.internal.TestMethodWorker.run(TestMethodWorker.java:105)
	at org.testng.TestRunner.privateRun(TestRunner.java:648)
	at org.testng.TestRunner.run(TestRunner.java:505)
	at org.testng.SuiteRunner.runTest(SuiteRunner.java:455)
	at org.testng.SuiteRunner.runSequentially(SuiteRunner.java:450)
	at org.testng.SuiteRunner.privateRun(SuiteRunner.java:415)
	at org.testng.SuiteRunner.run(SuiteRunner.java:364)
	at org.testng.SuiteRunnerWorker.runSuite(SuiteRunnerWorker.java:52)
	at org.testng.SuiteRunnerWorker.run(SuiteRunnerWorker.java:84)
	at org.testng.TestNG.runSuitesSequentially(TestNG.java:1187)
	at org.testng.TestNG.runSuitesLocally(TestNG.java:1116)
	at org.testng.TestNG.runSuites(TestNG.java:1028)
	at org.testng.TestNG.run(TestNG.java:996)
	at org.testng.remote.AbstractRemoteTestNG.run(AbstractRemoteTestNG.java:114)
	at org.testng.remote.RemoteTestNG.initAndRun(RemoteTestNG.java:251)
	at org.testng.remote.RemoteTestNG.main(RemoteTestNG.java:77)
</pre></div></td>
<td>0</td>
<td>com.arcapi.Leedv4Testcases.InstallAllAppsAfterDeleteAPITest@c540f5a</td></tr>
<tr>
<td title='com.arcapi.Leedv4Testcases.LOAuthenticateAPITest.LOAuthenticateAPI()'><b>LOAuthenticateAPI</b><br>Test class: com.arcapi.Leedv4Testcases.LOAuthenticateAPITest</td>
<td><div><pre>org.testng.TestNGException: 
Parameter &apos;environment&apos; is required by BeforeClass on method setBaseUri but has not been marked @Optional or defined
in D:\leed\leedperformance\AutomationTesting\TestArcAPI\src\main\resources\TestNGFiles\LeedV4TestNG.xml
... Removed 23 stack frames</pre></div><a href='#' onClick='toggleBox("stack-trace33533830", this, "Click to show all stack frames", "Click to hide stack frames")'>Click to show all stack frames</a>
<div class='stack-trace' id='stack-trace33533830'><pre>org.testng.TestNGException: 
Parameter &apos;environment&apos; is required by BeforeClass on method setBaseUri but has not been marked @Optional or defined
in D:\leed\leedperformance\AutomationTesting\TestArcAPI\src\main\resources\TestNGFiles\LeedV4TestNG.xml
	at org.testng.internal.Parameters.createParams(Parameters.java:290)
	at org.testng.internal.Parameters.createParametersForMethod(Parameters.java:359)
	at org.testng.internal.Parameters.createParameters(Parameters.java:620)
	at org.testng.internal.Parameters.createConfigurationParameters(Parameters.java:190)
	at org.testng.internal.Invoker.invokeConfigurations(Invoker.java:209)
	at org.testng.internal.Invoker.invokeConfigurations(Invoker.java:142)
	at org.testng.internal.TestMethodWorker.invokeBeforeClassMethods(TestMethodWorker.java:163)
	at org.testng.internal.TestMethodWorker.run(TestMethodWorker.java:105)
	at org.testng.TestRunner.privateRun(TestRunner.java:648)
	at org.testng.TestRunner.run(TestRunner.java:505)
	at org.testng.SuiteRunner.runTest(SuiteRunner.java:455)
	at org.testng.SuiteRunner.runSequentially(SuiteRunner.java:450)
	at org.testng.SuiteRunner.privateRun(SuiteRunner.java:415)
	at org.testng.SuiteRunner.run(SuiteRunner.java:364)
	at org.testng.SuiteRunnerWorker.runSuite(SuiteRunnerWorker.java:52)
	at org.testng.SuiteRunnerWorker.run(SuiteRunnerWorker.java:84)
	at org.testng.TestNG.runSuitesSequentially(TestNG.java:1187)
	at org.testng.TestNG.runSuitesLocally(TestNG.java:1116)
	at org.testng.TestNG.runSuites(TestNG.java:1028)
	at org.testng.TestNG.run(TestNG.java:996)
	at org.testng.remote.AbstractRemoteTestNG.run(AbstractRemoteTestNG.java:114)
	at org.testng.remote.RemoteTestNG.initAndRun(RemoteTestNG.java:251)
	at org.testng.remote.RemoteTestNG.main(RemoteTestNG.java:77)
</pre></div></td>
<td>0</td>
<td>com.arcapi.Leedv4Testcases.LOAuthenticateAPITest@6591f517</td></tr>
<tr>
<td title='com.arcapi.Leedv4Testcases.LOProjectSyncAPITest.LOProjectSyncAPI()'><b>LOProjectSyncAPI</b><br>Test class: com.arcapi.Leedv4Testcases.LOProjectSyncAPITest</td>
<td><div><pre>org.testng.TestNGException: 
Parameter &apos;environment&apos; is required by BeforeClass on method setBaseUri but has not been marked @Optional or defined
in D:\leed\leedperformance\AutomationTesting\TestArcAPI\src\main\resources\TestNGFiles\LeedV4TestNG.xml
... Removed 23 stack frames</pre></div><a href='#' onClick='toggleBox("stack-trace1664576493", this, "Click to show all stack frames", "Click to hide stack frames")'>Click to show all stack frames</a>
<div class='stack-trace' id='stack-trace1664576493'><pre>org.testng.TestNGException: 
Parameter &apos;environment&apos; is required by BeforeClass on method setBaseUri but has not been marked @Optional or defined
in D:\leed\leedperformance\AutomationTesting\TestArcAPI\src\main\resources\TestNGFiles\LeedV4TestNG.xml
	at org.testng.internal.Parameters.createParams(Parameters.java:290)
	at org.testng.internal.Parameters.createParametersForMethod(Parameters.java:359)
	at org.testng.internal.Parameters.createParameters(Parameters.java:620)
	at org.testng.internal.Parameters.createConfigurationParameters(Parameters.java:190)
	at org.testng.internal.Invoker.invokeConfigurations(Invoker.java:209)
	at org.testng.internal.Invoker.invokeConfigurations(Invoker.java:142)
	at org.testng.internal.TestMethodWorker.invokeBeforeClassMethods(TestMethodWorker.java:163)
	at org.testng.internal.TestMethodWorker.run(TestMethodWorker.java:105)
	at org.testng.TestRunner.privateRun(TestRunner.java:648)
	at org.testng.TestRunner.run(TestRunner.java:505)
	at org.testng.SuiteRunner.runTest(SuiteRunner.java:455)
	at org.testng.SuiteRunner.runSequentially(SuiteRunner.java:450)
	at org.testng.SuiteRunner.privateRun(SuiteRunner.java:415)
	at org.testng.SuiteRunner.run(SuiteRunner.java:364)
	at org.testng.SuiteRunnerWorker.runSuite(SuiteRunnerWorker.java:52)
	at org.testng.SuiteRunnerWorker.run(SuiteRunnerWorker.java:84)
	at org.testng.TestNG.runSuitesSequentially(TestNG.java:1187)
	at org.testng.TestNG.runSuitesLocally(TestNG.java:1116)
	at org.testng.TestNG.runSuites(TestNG.java:1028)
	at org.testng.TestNG.run(TestNG.java:996)
	at org.testng.remote.AbstractRemoteTestNG.run(AbstractRemoteTestNG.java:114)
	at org.testng.remote.RemoteTestNG.initAndRun(RemoteTestNG.java:251)
	at org.testng.remote.RemoteTestNG.main(RemoteTestNG.java:77)
</pre></div></td>
<td>0</td>
<td>com.arcapi.Leedv4Testcases.LOProjectSyncAPITest@429bd883</td></tr>
<tr>
<td title='com.arcapi.Leedv4Testcases.MeterCommentDeleteGroup2APITest.MeterCommentDeleteGroup2API()'><b>MeterCommentDeleteGroup2API</b><br>Test class: com.arcapi.Leedv4Testcases.MeterCommentDeleteGroup2APITest</td>
<td><div><pre>org.testng.TestNGException: 
Parameter &apos;environment&apos; is required by BeforeClass on method setBaseUri but has not been marked @Optional or defined
in D:\leed\leedperformance\AutomationTesting\TestArcAPI\src\main\resources\TestNGFiles\LeedV4TestNG.xml
... Removed 23 stack frames</pre></div><a href='#' onClick='toggleBox("stack-trace2081652693", this, "Click to show all stack frames", "Click to hide stack frames")'>Click to show all stack frames</a>
<div class='stack-trace' id='stack-trace2081652693'><pre>org.testng.TestNGException: 
Parameter &apos;environment&apos; is required by BeforeClass on method setBaseUri but has not been marked @Optional or defined
in D:\leed\leedperformance\AutomationTesting\TestArcAPI\src\main\resources\TestNGFiles\LeedV4TestNG.xml
	at org.testng.internal.Parameters.createParams(Parameters.java:290)
	at org.testng.internal.Parameters.createParametersForMethod(Parameters.java:359)
	at org.testng.internal.Parameters.createParameters(Parameters.java:620)
	at org.testng.internal.Parameters.createConfigurationParameters(Parameters.java:190)
	at org.testng.internal.Invoker.invokeConfigurations(Invoker.java:209)
	at org.testng.internal.Invoker.invokeConfigurations(Invoker.java:142)
	at org.testng.internal.TestMethodWorker.invokeBeforeClassMethods(TestMethodWorker.java:163)
	at org.testng.internal.TestMethodWorker.run(TestMethodWorker.java:105)
	at org.testng.TestRunner.privateRun(TestRunner.java:648)
	at org.testng.TestRunner.run(TestRunner.java:505)
	at org.testng.SuiteRunner.runTest(SuiteRunner.java:455)
	at org.testng.SuiteRunner.runSequentially(SuiteRunner.java:450)
	at org.testng.SuiteRunner.privateRun(SuiteRunner.java:415)
	at org.testng.SuiteRunner.run(SuiteRunner.java:364)
	at org.testng.SuiteRunnerWorker.runSuite(SuiteRunnerWorker.java:52)
	at org.testng.SuiteRunnerWorker.run(SuiteRunnerWorker.java:84)
	at org.testng.TestNG.runSuitesSequentially(TestNG.java:1187)
	at org.testng.TestNG.runSuitesLocally(TestNG.java:1116)
	at org.testng.TestNG.runSuites(TestNG.java:1028)
	at org.testng.TestNG.run(TestNG.java:996)
	at org.testng.remote.AbstractRemoteTestNG.run(AbstractRemoteTestNG.java:114)
	at org.testng.remote.RemoteTestNG.initAndRun(RemoteTestNG.java:251)
	at org.testng.remote.RemoteTestNG.main(RemoteTestNG.java:77)
</pre></div></td>
<td>0</td>
<td>com.arcapi.Leedv4Testcases.MeterCommentDeleteGroup2APITest@51931956</td></tr>
<tr>
<td title='com.arcapi.Leedv4Testcases.MeterCommentPostGroup1APITest.MeterCommentPostGroup1API()'><b>MeterCommentPostGroup1API</b><br>Test class: com.arcapi.Leedv4Testcases.MeterCommentPostGroup1APITest</td>
<td><div><pre>org.testng.TestNGException: 
Parameter &apos;environment&apos; is required by BeforeClass on method setBaseUri but has not been marked @Optional or defined
in D:\leed\leedperformance\AutomationTesting\TestArcAPI\src\main\resources\TestNGFiles\LeedV4TestNG.xml
... Removed 23 stack frames</pre></div><a href='#' onClick='toggleBox("stack-trace1617838096", this, "Click to show all stack frames", "Click to hide stack frames")'>Click to show all stack frames</a>
<div class='stack-trace' id='stack-trace1617838096'><pre>org.testng.TestNGException: 
Parameter &apos;environment&apos; is required by BeforeClass on method setBaseUri but has not been marked @Optional or defined
in D:\leed\leedperformance\AutomationTesting\TestArcAPI\src\main\resources\TestNGFiles\LeedV4TestNG.xml
	at org.testng.internal.Parameters.createParams(Parameters.java:290)
	at org.testng.internal.Parameters.createParametersForMethod(Parameters.java:359)
	at org.testng.internal.Parameters.createParameters(Parameters.java:620)
	at org.testng.internal.Parameters.createConfigurationParameters(Parameters.java:190)
	at org.testng.internal.Invoker.invokeConfigurations(Invoker.java:209)
	at org.testng.internal.Invoker.invokeConfigurations(Invoker.java:142)
	at org.testng.internal.TestMethodWorker.invokeBeforeClassMethods(TestMethodWorker.java:163)
	at org.testng.internal.TestMethodWorker.run(TestMethodWorker.java:105)
	at org.testng.TestRunner.privateRun(TestRunner.java:648)
	at org.testng.TestRunner.run(TestRunner.java:505)
	at org.testng.SuiteRunner.runTest(SuiteRunner.java:455)
	at org.testng.SuiteRunner.runSequentially(SuiteRunner.java:450)
	at org.testng.SuiteRunner.privateRun(SuiteRunner.java:415)
	at org.testng.SuiteRunner.run(SuiteRunner.java:364)
	at org.testng.SuiteRunnerWorker.runSuite(SuiteRunnerWorker.java:52)
	at org.testng.SuiteRunnerWorker.run(SuiteRunnerWorker.java:84)
	at org.testng.TestNG.runSuitesSequentially(TestNG.java:1187)
	at org.testng.TestNG.runSuitesLocally(TestNG.java:1116)
	at org.testng.TestNG.runSuites(TestNG.java:1028)
	at org.testng.TestNG.run(TestNG.java:996)
	at org.testng.remote.AbstractRemoteTestNG.run(AbstractRemoteTestNG.java:114)
	at org.testng.remote.RemoteTestNG.initAndRun(RemoteTestNG.java:251)
	at org.testng.remote.RemoteTestNG.main(RemoteTestNG.java:77)
</pre></div></td>
<td>0</td>
<td>com.arcapi.Leedv4Testcases.MeterCommentPostGroup1APITest@1b68b9a4</td></tr>
<tr>
<td title='com.arcapi.Leedv4Testcases.MeterCommentPostGroup2APITest.MeterCommentPostGroup2API()'><b>MeterCommentPostGroup2API</b><br>Test class: com.arcapi.Leedv4Testcases.MeterCommentPostGroup2APITest</td>
<td><div><pre>org.testng.TestNGException: 
Parameter &apos;environment&apos; is required by BeforeClass on method setBaseUri but has not been marked @Optional or defined
in D:\leed\leedperformance\AutomationTesting\TestArcAPI\src\main\resources\TestNGFiles\LeedV4TestNG.xml
... Removed 23 stack frames</pre></div><a href='#' onClick='toggleBox("stack-trace214187874", this, "Click to show all stack frames", "Click to hide stack frames")'>Click to show all stack frames</a>
<div class='stack-trace' id='stack-trace214187874'><pre>org.testng.TestNGException: 
Parameter &apos;environment&apos; is required by BeforeClass on method setBaseUri but has not been marked @Optional or defined
in D:\leed\leedperformance\AutomationTesting\TestArcAPI\src\main\resources\TestNGFiles\LeedV4TestNG.xml
	at org.testng.internal.Parameters.createParams(Parameters.java:290)
	at org.testng.internal.Parameters.createParametersForMethod(Parameters.java:359)
	at org.testng.internal.Parameters.createParameters(Parameters.java:620)
	at org.testng.internal.Parameters.createConfigurationParameters(Parameters.java:190)
	at org.testng.internal.Invoker.invokeConfigurations(Invoker.java:209)
	at org.testng.internal.Invoker.invokeConfigurations(Invoker.java:142)
	at org.testng.internal.TestMethodWorker.invokeBeforeClassMethods(TestMethodWorker.java:163)
	at org.testng.internal.TestMethodWorker.run(TestMethodWorker.java:105)
	at org.testng.TestRunner.privateRun(TestRunner.java:648)
	at org.testng.TestRunner.run(TestRunner.java:505)
	at org.testng.SuiteRunner.runTest(SuiteRunner.java:455)
	at org.testng.SuiteRunner.runSequentially(SuiteRunner.java:450)
	at org.testng.SuiteRunner.privateRun(SuiteRunner.java:415)
	at org.testng.SuiteRunner.run(SuiteRunner.java:364)
	at org.testng.SuiteRunnerWorker.runSuite(SuiteRunnerWorker.java:52)
	at org.testng.SuiteRunnerWorker.run(SuiteRunnerWorker.java:84)
	at org.testng.TestNG.runSuitesSequentially(TestNG.java:1187)
	at org.testng.TestNG.runSuitesLocally(TestNG.java:1116)
	at org.testng.TestNG.runSuites(TestNG.java:1028)
	at org.testng.TestNG.run(TestNG.java:996)
	at org.testng.remote.AbstractRemoteTestNG.run(AbstractRemoteTestNG.java:114)
	at org.testng.remote.RemoteTestNG.initAndRun(RemoteTestNG.java:251)
	at org.testng.remote.RemoteTestNG.main(RemoteTestNG.java:77)
</pre></div></td>
<td>0</td>
<td>com.arcapi.Leedv4Testcases.MeterCommentPostGroup2APITest@4f9a3314</td></tr>
<tr>
<td title='com.arcapi.Leedv4Testcases.MeterCommentPostGroup3APITest.MeterCommentPostGroup3API()'><b>MeterCommentPostGroup3API</b><br>Test class: com.arcapi.Leedv4Testcases.MeterCommentPostGroup3APITest</td>
<td><div><pre>org.testng.TestNGException: 
Parameter &apos;environment&apos; is required by BeforeClass on method setBaseUri but has not been marked @Optional or defined
in D:\leed\leedperformance\AutomationTesting\TestArcAPI\src\main\resources\TestNGFiles\LeedV4TestNG.xml
... Removed 23 stack frames</pre></div><a href='#' onClick='toggleBox("stack-trace867988177", this, "Click to show all stack frames", "Click to hide stack frames")'>Click to show all stack frames</a>
<div class='stack-trace' id='stack-trace867988177'><pre>org.testng.TestNGException: 
Parameter &apos;environment&apos; is required by BeforeClass on method setBaseUri but has not been marked @Optional or defined
in D:\leed\leedperformance\AutomationTesting\TestArcAPI\src\main\resources\TestNGFiles\LeedV4TestNG.xml
	at org.testng.internal.Parameters.createParams(Parameters.java:290)
	at org.testng.internal.Parameters.createParametersForMethod(Parameters.java:359)
	at org.testng.internal.Parameters.createParameters(Parameters.java:620)
	at org.testng.internal.Parameters.createConfigurationParameters(Parameters.java:190)
	at org.testng.internal.Invoker.invokeConfigurations(Invoker.java:209)
	at org.testng.internal.Invoker.invokeConfigurations(Invoker.java:142)
	at org.testng.internal.TestMethodWorker.invokeBeforeClassMethods(TestMethodWorker.java:163)
	at org.testng.internal.TestMethodWorker.run(TestMethodWorker.java:105)
	at org.testng.TestRunner.privateRun(TestRunner.java:648)
	at org.testng.TestRunner.run(TestRunner.java:505)
	at org.testng.SuiteRunner.runTest(SuiteRunner.java:455)
	at org.testng.SuiteRunner.runSequentially(SuiteRunner.java:450)
	at org.testng.SuiteRunner.privateRun(SuiteRunner.java:415)
	at org.testng.SuiteRunner.run(SuiteRunner.java:364)
	at org.testng.SuiteRunnerWorker.runSuite(SuiteRunnerWorker.java:52)
	at org.testng.SuiteRunnerWorker.run(SuiteRunnerWorker.java:84)
	at org.testng.TestNG.runSuitesSequentially(TestNG.java:1187)
	at org.testng.TestNG.runSuitesLocally(TestNG.java:1116)
	at org.testng.TestNG.runSuites(TestNG.java:1028)
	at org.testng.TestNG.run(TestNG.java:996)
	at org.testng.remote.AbstractRemoteTestNG.run(AbstractRemoteTestNG.java:114)
	at org.testng.remote.RemoteTestNG.initAndRun(RemoteTestNG.java:251)
	at org.testng.remote.RemoteTestNG.main(RemoteTestNG.java:77)
</pre></div></td>
<td>0</td>
<td>com.arcapi.Leedv4Testcases.MeterCommentPostGroup3APITest@3b2c72c2</td></tr>
<tr>
<td title='com.arcapi.Leedv4Testcases.MeterCommentReplyGroup1APITest.MeterCommentReplyGroup1API()'><b>MeterCommentReplyGroup1API</b><br>Test class: com.arcapi.Leedv4Testcases.MeterCommentReplyGroup1APITest</td>
<td><div><pre>org.testng.TestNGException: 
Parameter &apos;environment&apos; is required by BeforeClass on method setBaseUri but has not been marked @Optional or defined
in D:\leed\leedperformance\AutomationTesting\TestArcAPI\src\main\resources\TestNGFiles\LeedV4TestNG.xml
... Removed 23 stack frames</pre></div><a href='#' onClick='toggleBox("stack-trace91912419", this, "Click to show all stack frames", "Click to hide stack frames")'>Click to show all stack frames</a>
<div class='stack-trace' id='stack-trace91912419'><pre>org.testng.TestNGException: 
Parameter &apos;environment&apos; is required by BeforeClass on method setBaseUri but has not been marked @Optional or defined
in D:\leed\leedperformance\AutomationTesting\TestArcAPI\src\main\resources\TestNGFiles\LeedV4TestNG.xml
	at org.testng.internal.Parameters.createParams(Parameters.java:290)
	at org.testng.internal.Parameters.createParametersForMethod(Parameters.java:359)
	at org.testng.internal.Parameters.createParameters(Parameters.java:620)
	at org.testng.internal.Parameters.createConfigurationParameters(Parameters.java:190)
	at org.testng.internal.Invoker.invokeConfigurations(Invoker.java:209)
	at org.testng.internal.Invoker.invokeConfigurations(Invoker.java:142)
	at org.testng.internal.TestMethodWorker.invokeBeforeClassMethods(TestMethodWorker.java:163)
	at org.testng.internal.TestMethodWorker.run(TestMethodWorker.java:105)
	at org.testng.TestRunner.privateRun(TestRunner.java:648)
	at org.testng.TestRunner.run(TestRunner.java:505)
	at org.testng.SuiteRunner.runTest(SuiteRunner.java:455)
	at org.testng.SuiteRunner.runSequentially(SuiteRunner.java:450)
	at org.testng.SuiteRunner.privateRun(SuiteRunner.java:415)
	at org.testng.SuiteRunner.run(SuiteRunner.java:364)
	at org.testng.SuiteRunnerWorker.runSuite(SuiteRunnerWorker.java:52)
	at org.testng.SuiteRunnerWorker.run(SuiteRunnerWorker.java:84)
	at org.testng.TestNG.runSuitesSequentially(TestNG.java:1187)
	at org.testng.TestNG.runSuitesLocally(TestNG.java:1116)
	at org.testng.TestNG.runSuites(TestNG.java:1028)
	at org.testng.TestNG.run(TestNG.java:996)
	at org.testng.remote.AbstractRemoteTestNG.run(AbstractRemoteTestNG.java:114)
	at org.testng.remote.RemoteTestNG.initAndRun(RemoteTestNG.java:251)
	at org.testng.remote.RemoteTestNG.main(RemoteTestNG.java:77)
</pre></div></td>
<td>0</td>
<td>com.arcapi.Leedv4Testcases.MeterCommentReplyGroup1APITest@491666ad</td></tr>
<tr>
<td title='com.arcapi.Leedv4Testcases.MeterCommentReplyGroup2APITest.MeterCommentReplyGroup2API()'><b>MeterCommentReplyGroup2API</b><br>Test class: com.arcapi.Leedv4Testcases.MeterCommentReplyGroup2APITest</td>
<td><div><pre>org.testng.TestNGException: 
Parameter &apos;environment&apos; is required by BeforeClass on method setBaseUri but has not been marked @Optional or defined
in D:\leed\leedperformance\AutomationTesting\TestArcAPI\src\main\resources\TestNGFiles\LeedV4TestNG.xml
... Removed 23 stack frames</pre></div><a href='#' onClick='toggleBox("stack-trace216856121", this, "Click to show all stack frames", "Click to hide stack frames")'>Click to show all stack frames</a>
<div class='stack-trace' id='stack-trace216856121'><pre>org.testng.TestNGException: 
Parameter &apos;environment&apos; is required by BeforeClass on method setBaseUri but has not been marked @Optional or defined
in D:\leed\leedperformance\AutomationTesting\TestArcAPI\src\main\resources\TestNGFiles\LeedV4TestNG.xml
	at org.testng.internal.Parameters.createParams(Parameters.java:290)
	at org.testng.internal.Parameters.createParametersForMethod(Parameters.java:359)
	at org.testng.internal.Parameters.createParameters(Parameters.java:620)
	at org.testng.internal.Parameters.createConfigurationParameters(Parameters.java:190)
	at org.testng.internal.Invoker.invokeConfigurations(Invoker.java:209)
	at org.testng.internal.Invoker.invokeConfigurations(Invoker.java:142)
	at org.testng.internal.TestMethodWorker.invokeBeforeClassMethods(TestMethodWorker.java:163)
	at org.testng.internal.TestMethodWorker.run(TestMethodWorker.java:105)
	at org.testng.TestRunner.privateRun(TestRunner.java:648)
	at org.testng.TestRunner.run(TestRunner.java:505)
	at org.testng.SuiteRunner.runTest(SuiteRunner.java:455)
	at org.testng.SuiteRunner.runSequentially(SuiteRunner.java:450)
	at org.testng.SuiteRunner.privateRun(SuiteRunner.java:415)
	at org.testng.SuiteRunner.run(SuiteRunner.java:364)
	at org.testng.SuiteRunnerWorker.runSuite(SuiteRunnerWorker.java:52)
	at org.testng.SuiteRunnerWorker.run(SuiteRunnerWorker.java:84)
	at org.testng.TestNG.runSuitesSequentially(TestNG.java:1187)
	at org.testng.TestNG.runSuitesLocally(TestNG.java:1116)
	at org.testng.TestNG.runSuites(TestNG.java:1028)
	at org.testng.TestNG.run(TestNG.java:996)
	at org.testng.remote.AbstractRemoteTestNG.run(AbstractRemoteTestNG.java:114)
	at org.testng.remote.RemoteTestNG.initAndRun(RemoteTestNG.java:251)
	at org.testng.remote.RemoteTestNG.main(RemoteTestNG.java:77)
</pre></div></td>
<td>0</td>
<td>com.arcapi.Leedv4Testcases.MeterCommentReplyGroup2APITest@176d53b2</td></tr>
<tr>
<td title='com.arcapi.Leedv4Testcases.MeterCommentReplyGroup3APITest.MeterCommentReplyGroup3API()'><b>MeterCommentReplyGroup3API</b><br>Test class: com.arcapi.Leedv4Testcases.MeterCommentReplyGroup3APITest</td>
<td><div><pre>org.testng.TestNGException: 
Parameter &apos;environment&apos; is required by BeforeClass on method setBaseUri but has not been marked @Optional or defined
in D:\leed\leedperformance\AutomationTesting\TestArcAPI\src\main\resources\TestNGFiles\LeedV4TestNG.xml
... Removed 23 stack frames</pre></div><a href='#' onClick='toggleBox("stack-trace1855610584", this, "Click to show all stack frames", "Click to hide stack frames")'>Click to show all stack frames</a>
<div class='stack-trace' id='stack-trace1855610584'><pre>org.testng.TestNGException: 
Parameter &apos;environment&apos; is required by BeforeClass on method setBaseUri but has not been marked @Optional or defined
in D:\leed\leedperformance\AutomationTesting\TestArcAPI\src\main\resources\TestNGFiles\LeedV4TestNG.xml
	at org.testng.internal.Parameters.createParams(Parameters.java:290)
	at org.testng.internal.Parameters.createParametersForMethod(Parameters.java:359)
	at org.testng.internal.Parameters.createParameters(Parameters.java:620)
	at org.testng.internal.Parameters.createConfigurationParameters(Parameters.java:190)
	at org.testng.internal.Invoker.invokeConfigurations(Invoker.java:209)
	at org.testng.internal.Invoker.invokeConfigurations(Invoker.java:142)
	at org.testng.internal.TestMethodWorker.invokeBeforeClassMethods(TestMethodWorker.java:163)
	at org.testng.internal.TestMethodWorker.run(TestMethodWorker.java:105)
	at org.testng.TestRunner.privateRun(TestRunner.java:648)
	at org.testng.TestRunner.run(TestRunner.java:505)
	at org.testng.SuiteRunner.runTest(SuiteRunner.java:455)
	at org.testng.SuiteRunner.runSequentially(SuiteRunner.java:450)
	at org.testng.SuiteRunner.privateRun(SuiteRunner.java:415)
	at org.testng.SuiteRunner.run(SuiteRunner.java:364)
	at org.testng.SuiteRunnerWorker.runSuite(SuiteRunnerWorker.java:52)
	at org.testng.SuiteRunnerWorker.run(SuiteRunnerWorker.java:84)
	at org.testng.TestNG.runSuitesSequentially(TestNG.java:1187)
	at org.testng.TestNG.runSuitesLocally(TestNG.java:1116)
	at org.testng.TestNG.runSuites(TestNG.java:1028)
	at org.testng.TestNG.run(TestNG.java:996)
	at org.testng.remote.AbstractRemoteTestNG.run(AbstractRemoteTestNG.java:114)
	at org.testng.remote.RemoteTestNG.initAndRun(RemoteTestNG.java:251)
	at org.testng.remote.RemoteTestNG.main(RemoteTestNG.java:77)
</pre></div></td>
<td>0</td>
<td>com.arcapi.Leedv4Testcases.MeterCommentReplyGroup3APITest@971d0d8</td></tr>
<tr>
<td title='com.arcapi.Leedv4Testcases.MetersAPITest.MetersAPI()'><b>MetersAPI</b><br>Test class: com.arcapi.Leedv4Testcases.MetersAPITest</td>
<td><div><pre>org.testng.TestNGException: 
Parameter &apos;environment&apos; is required by BeforeClass on method setBaseUri but has not been marked @Optional or defined
in D:\leed\leedperformance\AutomationTesting\TestArcAPI\src\main\resources\TestNGFiles\LeedV4TestNG.xml
... Removed 23 stack frames</pre></div><a href='#' onClick='toggleBox("stack-trace1413623320", this, "Click to show all stack frames", "Click to hide stack frames")'>Click to show all stack frames</a>
<div class='stack-trace' id='stack-trace1413623320'><pre>org.testng.TestNGException: 
Parameter &apos;environment&apos; is required by BeforeClass on method setBaseUri but has not been marked @Optional or defined
in D:\leed\leedperformance\AutomationTesting\TestArcAPI\src\main\resources\TestNGFiles\LeedV4TestNG.xml
	at org.testng.internal.Parameters.createParams(Parameters.java:290)
	at org.testng.internal.Parameters.createParametersForMethod(Parameters.java:359)
	at org.testng.internal.Parameters.createParameters(Parameters.java:620)
	at org.testng.internal.Parameters.createConfigurationParameters(Parameters.java:190)
	at org.testng.internal.Invoker.invokeConfigurations(Invoker.java:209)
	at org.testng.internal.Invoker.invokeConfigurations(Invoker.java:142)
	at org.testng.internal.TestMethodWorker.invokeBeforeClassMethods(TestMethodWorker.java:163)
	at org.testng.internal.TestMethodWorker.run(TestMethodWorker.java:105)
	at org.testng.TestRunner.privateRun(TestRunner.java:648)
	at org.testng.TestRunner.run(TestRunner.java:505)
	at org.testng.SuiteRunner.runTest(SuiteRunner.java:455)
	at org.testng.SuiteRunner.runSequentially(SuiteRunner.java:450)
	at org.testng.SuiteRunner.privateRun(SuiteRunner.java:415)
	at org.testng.SuiteRunner.run(SuiteRunner.java:364)
	at org.testng.SuiteRunnerWorker.runSuite(SuiteRunnerWorker.java:52)
	at org.testng.SuiteRunnerWorker.run(SuiteRunnerWorker.java:84)
	at org.testng.TestNG.runSuitesSequentially(TestNG.java:1187)
	at org.testng.TestNG.runSuitesLocally(TestNG.java:1116)
	at org.testng.TestNG.runSuites(TestNG.java:1028)
	at org.testng.TestNG.run(TestNG.java:996)
	at org.testng.remote.AbstractRemoteTestNG.run(AbstractRemoteTestNG.java:114)
	at org.testng.remote.RemoteTestNG.initAndRun(RemoteTestNG.java:251)
	at org.testng.remote.RemoteTestNG.main(RemoteTestNG.java:77)
</pre></div></td>
<td>0</td>
<td>com.arcapi.Leedv4Testcases.MetersAPITest@35fc6dc4</td></tr>
<tr>
<td title='com.arcapi.Leedv4Testcases.ExcelTemplateMetersAPITest.MetersAPI()'><b>MetersAPI</b><br>Test class: com.arcapi.Leedv4Testcases.ExcelTemplateMetersAPITest</td>
<td><div><pre>org.testng.TestNGException: 
Parameter &apos;environment&apos; is required by BeforeClass on method setBaseUri but has not been marked @Optional or defined
in D:\leed\leedperformance\AutomationTesting\TestArcAPI\src\main\resources\TestNGFiles\LeedV4TestNG.xml
... Removed 23 stack frames</pre></div><a href='#' onClick='toggleBox("stack-trace1292738535", this, "Click to show all stack frames", "Click to hide stack frames")'>Click to show all stack frames</a>
<div class='stack-trace' id='stack-trace1292738535'><pre>org.testng.TestNGException: 
Parameter &apos;environment&apos; is required by BeforeClass on method setBaseUri but has not been marked @Optional or defined
in D:\leed\leedperformance\AutomationTesting\TestArcAPI\src\main\resources\TestNGFiles\LeedV4TestNG.xml
	at org.testng.internal.Parameters.createParams(Parameters.java:290)
	at org.testng.internal.Parameters.createParametersForMethod(Parameters.java:359)
	at org.testng.internal.Parameters.createParameters(Parameters.java:620)
	at org.testng.internal.Parameters.createConfigurationParameters(Parameters.java:190)
	at org.testng.internal.Invoker.invokeConfigurations(Invoker.java:209)
	at org.testng.internal.Invoker.invokeConfigurations(Invoker.java:142)
	at org.testng.internal.TestMethodWorker.invokeBeforeClassMethods(TestMethodWorker.java:163)
	at org.testng.internal.TestMethodWorker.run(TestMethodWorker.java:105)
	at org.testng.TestRunner.privateRun(TestRunner.java:648)
	at org.testng.TestRunner.run(TestRunner.java:505)
	at org.testng.SuiteRunner.runTest(SuiteRunner.java:455)
	at org.testng.SuiteRunner.runSequentially(SuiteRunner.java:450)
	at org.testng.SuiteRunner.privateRun(SuiteRunner.java:415)
	at org.testng.SuiteRunner.run(SuiteRunner.java:364)
	at org.testng.SuiteRunnerWorker.runSuite(SuiteRunnerWorker.java:52)
	at org.testng.SuiteRunnerWorker.run(SuiteRunnerWorker.java:84)
	at org.testng.TestNG.runSuitesSequentially(TestNG.java:1187)
	at org.testng.TestNG.runSuitesLocally(TestNG.java:1116)
	at org.testng.TestNG.runSuites(TestNG.java:1028)
	at org.testng.TestNG.run(TestNG.java:996)
	at org.testng.remote.AbstractRemoteTestNG.run(AbstractRemoteTestNG.java:114)
	at org.testng.remote.RemoteTestNG.initAndRun(RemoteTestNG.java:251)
	at org.testng.remote.RemoteTestNG.main(RemoteTestNG.java:77)
</pre></div></td>
<td>0</td>
<td>com.arcapi.Leedv4Testcases.ExcelTemplateMetersAPITest@4206a205</td></tr>
<tr>
<td title='com.arcapi.Leedv4Testcases.S3DocumentListAPITest.S3DocumentListAPI()'><b>S3DocumentListAPI</b><br>Test class: com.arcapi.Leedv4Testcases.S3DocumentListAPITest</td>
<td><div><pre>org.testng.TestNGException: 
Parameter &apos;environment&apos; is required by BeforeClass on method setBaseUri but has not been marked @Optional or defined
in D:\leed\leedperformance\AutomationTesting\TestArcAPI\src\main\resources\TestNGFiles\LeedV4TestNG.xml
... Removed 23 stack frames</pre></div><a href='#' onClick='toggleBox("stack-trace88646218", this, "Click to show all stack frames", "Click to hide stack frames")'>Click to show all stack frames</a>
<div class='stack-trace' id='stack-trace88646218'><pre>org.testng.TestNGException: 
Parameter &apos;environment&apos; is required by BeforeClass on method setBaseUri but has not been marked @Optional or defined
in D:\leed\leedperformance\AutomationTesting\TestArcAPI\src\main\resources\TestNGFiles\LeedV4TestNG.xml
	at org.testng.internal.Parameters.createParams(Parameters.java:290)
	at org.testng.internal.Parameters.createParametersForMethod(Parameters.java:359)
	at org.testng.internal.Parameters.createParameters(Parameters.java:620)
	at org.testng.internal.Parameters.createConfigurationParameters(Parameters.java:190)
	at org.testng.internal.Invoker.invokeConfigurations(Invoker.java:209)
	at org.testng.internal.Invoker.invokeConfigurations(Invoker.java:142)
	at org.testng.internal.TestMethodWorker.invokeBeforeClassMethods(TestMethodWorker.java:163)
	at org.testng.internal.TestMethodWorker.run(TestMethodWorker.java:105)
	at org.testng.TestRunner.privateRun(TestRunner.java:648)
	at org.testng.TestRunner.run(TestRunner.java:505)
	at org.testng.SuiteRunner.runTest(SuiteRunner.java:455)
	at org.testng.SuiteRunner.runSequentially(SuiteRunner.java:450)
	at org.testng.SuiteRunner.privateRun(SuiteRunner.java:415)
	at org.testng.SuiteRunner.run(SuiteRunner.java:364)
	at org.testng.SuiteRunnerWorker.runSuite(SuiteRunnerWorker.java:52)
	at org.testng.SuiteRunnerWorker.run(SuiteRunnerWorker.java:84)
	at org.testng.TestNG.runSuitesSequentially(TestNG.java:1187)
	at org.testng.TestNG.runSuitesLocally(TestNG.java:1116)
	at org.testng.TestNG.runSuites(TestNG.java:1028)
	at org.testng.TestNG.run(TestNG.java:996)
	at org.testng.remote.AbstractRemoteTestNG.run(AbstractRemoteTestNG.java:114)
	at org.testng.remote.RemoteTestNG.initAndRun(RemoteTestNG.java:251)
	at org.testng.remote.RemoteTestNG.main(RemoteTestNG.java:77)
</pre></div></td>
<td>0</td>
<td>com.arcapi.Leedv4Testcases.S3DocumentListAPITest@c8e4bb0</td></tr>
<tr>
<td title='com.arcapi.Leedv4Testcases.S3DocumentRemoveAPITest.S3DocumentRemoveAPI()'><b>S3DocumentRemoveAPI</b><br>Test class: com.arcapi.Leedv4Testcases.S3DocumentRemoveAPITest</td>
<td><div><pre>org.testng.TestNGException: 
Parameter &apos;environment&apos; is required by BeforeClass on method setBaseUri but has not been marked @Optional or defined
in D:\leed\leedperformance\AutomationTesting\TestArcAPI\src\main\resources\TestNGFiles\LeedV4TestNG.xml
... Removed 23 stack frames</pre></div><a href='#' onClick='toggleBox("stack-trace1916575798", this, "Click to show all stack frames", "Click to hide stack frames")'>Click to show all stack frames</a>
<div class='stack-trace' id='stack-trace1916575798'><pre>org.testng.TestNGException: 
Parameter &apos;environment&apos; is required by BeforeClass on method setBaseUri but has not been marked @Optional or defined
in D:\leed\leedperformance\AutomationTesting\TestArcAPI\src\main\resources\TestNGFiles\LeedV4TestNG.xml
	at org.testng.internal.Parameters.createParams(Parameters.java:290)
	at org.testng.internal.Parameters.createParametersForMethod(Parameters.java:359)
	at org.testng.internal.Parameters.createParameters(Parameters.java:620)
	at org.testng.internal.Parameters.createConfigurationParameters(Parameters.java:190)
	at org.testng.internal.Invoker.invokeConfigurations(Invoker.java:209)
	at org.testng.internal.Invoker.invokeConfigurations(Invoker.java:142)
	at org.testng.internal.TestMethodWorker.invokeBeforeClassMethods(TestMethodWorker.java:163)
	at org.testng.internal.TestMethodWorker.run(TestMethodWorker.java:105)
	at org.testng.TestRunner.privateRun(TestRunner.java:648)
	at org.testng.TestRunner.run(TestRunner.java:505)
	at org.testng.SuiteRunner.runTest(SuiteRunner.java:455)
	at org.testng.SuiteRunner.runSequentially(SuiteRunner.java:450)
	at org.testng.SuiteRunner.privateRun(SuiteRunner.java:415)
	at org.testng.SuiteRunner.run(SuiteRunner.java:364)
	at org.testng.SuiteRunnerWorker.runSuite(SuiteRunnerWorker.java:52)
	at org.testng.SuiteRunnerWorker.run(SuiteRunnerWorker.java:84)
	at org.testng.TestNG.runSuitesSequentially(TestNG.java:1187)
	at org.testng.TestNG.runSuitesLocally(TestNG.java:1116)
	at org.testng.TestNG.runSuites(TestNG.java:1028)
	at org.testng.TestNG.run(TestNG.java:996)
	at org.testng.remote.AbstractRemoteTestNG.run(AbstractRemoteTestNG.java:114)
	at org.testng.remote.RemoteTestNG.initAndRun(RemoteTestNG.java:251)
	at org.testng.remote.RemoteTestNG.main(RemoteTestNG.java:77)
</pre></div></td>
<td>0</td>
<td>com.arcapi.Leedv4Testcases.S3DocumentRemoveAPITest@6279cee3</td></tr>
<tr>
<td title='com.arcapi.Leedv4Testcases.S3DocumentUploadPOSTAPITest.S3DocumentUploadPOSTAPI()'><b>S3DocumentUploadPOSTAPI</b><br>Test class: com.arcapi.Leedv4Testcases.S3DocumentUploadPOSTAPITest</td>
<td><div><pre>org.testng.TestNGException: 
Parameter &apos;environment&apos; is required by BeforeClass on method setBaseUri but has not been marked @Optional or defined
in D:\leed\leedperformance\AutomationTesting\TestArcAPI\src\main\resources\TestNGFiles\LeedV4TestNG.xml
... Removed 23 stack frames</pre></div><a href='#' onClick='toggleBox("stack-trace808228639", this, "Click to show all stack frames", "Click to hide stack frames")'>Click to show all stack frames</a>
<div class='stack-trace' id='stack-trace808228639'><pre>org.testng.TestNGException: 
Parameter &apos;environment&apos; is required by BeforeClass on method setBaseUri but has not been marked @Optional or defined
in D:\leed\leedperformance\AutomationTesting\TestArcAPI\src\main\resources\TestNGFiles\LeedV4TestNG.xml
	at org.testng.internal.Parameters.createParams(Parameters.java:290)
	at org.testng.internal.Parameters.createParametersForMethod(Parameters.java:359)
	at org.testng.internal.Parameters.createParameters(Parameters.java:620)
	at org.testng.internal.Parameters.createConfigurationParameters(Parameters.java:190)
	at org.testng.internal.Invoker.invokeConfigurations(Invoker.java:209)
	at org.testng.internal.Invoker.invokeConfigurations(Invoker.java:142)
	at org.testng.internal.TestMethodWorker.invokeBeforeClassMethods(TestMethodWorker.java:163)
	at org.testng.internal.TestMethodWorker.run(TestMethodWorker.java:105)
	at org.testng.TestRunner.privateRun(TestRunner.java:648)
	at org.testng.TestRunner.run(TestRunner.java:505)
	at org.testng.SuiteRunner.runTest(SuiteRunner.java:455)
	at org.testng.SuiteRunner.runSequentially(SuiteRunner.java:450)
	at org.testng.SuiteRunner.privateRun(SuiteRunner.java:415)
	at org.testng.SuiteRunner.run(SuiteRunner.java:364)
	at org.testng.SuiteRunnerWorker.runSuite(SuiteRunnerWorker.java:52)
	at org.testng.SuiteRunnerWorker.run(SuiteRunnerWorker.java:84)
	at org.testng.TestNG.runSuitesSequentially(TestNG.java:1187)
	at org.testng.TestNG.runSuitesLocally(TestNG.java:1116)
	at org.testng.TestNG.runSuites(TestNG.java:1028)
	at org.testng.TestNG.run(TestNG.java:996)
	at org.testng.remote.AbstractRemoteTestNG.run(AbstractRemoteTestNG.java:114)
	at org.testng.remote.RemoteTestNG.initAndRun(RemoteTestNG.java:251)
	at org.testng.remote.RemoteTestNG.main(RemoteTestNG.java:77)
</pre></div></td>
<td>0</td>
<td>com.arcapi.Leedv4Testcases.S3DocumentUploadPOSTAPITest@62e136d3</td></tr>
<tr>
<td title='com.arcapi.Leedv4Testcases.SignAgreementRegistrationAPITest.SignAgreementRegistrationAPI()'><b>SignAgreementRegistrationAPI</b><br>Test class: com.arcapi.Leedv4Testcases.SignAgreementRegistrationAPITest</td>
<td><div><pre>org.testng.TestNGException: 
Parameter &apos;environment&apos; is required by BeforeClass on method setBaseUri but has not been marked @Optional or defined
in D:\leed\leedperformance\AutomationTesting\TestArcAPI\src\main\resources\TestNGFiles\LeedV4TestNG.xml
... Removed 23 stack frames</pre></div><a href='#' onClick='toggleBox("stack-trace1042786867", this, "Click to show all stack frames", "Click to hide stack frames")'>Click to show all stack frames</a>
<div class='stack-trace' id='stack-trace1042786867'><pre>org.testng.TestNGException: 
Parameter &apos;environment&apos; is required by BeforeClass on method setBaseUri but has not been marked @Optional or defined
in D:\leed\leedperformance\AutomationTesting\TestArcAPI\src\main\resources\TestNGFiles\LeedV4TestNG.xml
	at org.testng.internal.Parameters.createParams(Parameters.java:290)
	at org.testng.internal.Parameters.createParametersForMethod(Parameters.java:359)
	at org.testng.internal.Parameters.createParameters(Parameters.java:620)
	at org.testng.internal.Parameters.createConfigurationParameters(Parameters.java:190)
	at org.testng.internal.Invoker.invokeConfigurations(Invoker.java:209)
	at org.testng.internal.Invoker.invokeConfigurations(Invoker.java:142)
	at org.testng.internal.TestMethodWorker.invokeBeforeClassMethods(TestMethodWorker.java:163)
	at org.testng.internal.TestMethodWorker.run(TestMethodWorker.java:105)
	at org.testng.TestRunner.privateRun(TestRunner.java:648)
	at org.testng.TestRunner.run(TestRunner.java:505)
	at org.testng.SuiteRunner.runTest(SuiteRunner.java:455)
	at org.testng.SuiteRunner.runSequentially(SuiteRunner.java:450)
	at org.testng.SuiteRunner.privateRun(SuiteRunner.java:415)
	at org.testng.SuiteRunner.run(SuiteRunner.java:364)
	at org.testng.SuiteRunnerWorker.runSuite(SuiteRunnerWorker.java:52)
	at org.testng.SuiteRunnerWorker.run(SuiteRunnerWorker.java:84)
	at org.testng.TestNG.runSuitesSequentially(TestNG.java:1187)
	at org.testng.TestNG.runSuitesLocally(TestNG.java:1116)
	at org.testng.TestNG.runSuites(TestNG.java:1028)
	at org.testng.TestNG.run(TestNG.java:996)
	at org.testng.remote.AbstractRemoteTestNG.run(AbstractRemoteTestNG.java:114)
	at org.testng.remote.RemoteTestNG.initAndRun(RemoteTestNG.java:251)
	at org.testng.remote.RemoteTestNG.main(RemoteTestNG.java:77)
</pre></div></td>
<td>0</td>
<td>com.arcapi.Leedv4Testcases.SignAgreementRegistrationAPITest@4d49af10</td></tr>
<tr>
<td title='com.arcapi.Leedv4Testcases.SurveyCreatePOSTAPITest.SurveyCreatePOSTAPI()'><b>SurveyCreatePOSTAPI</b><br>Test class: com.arcapi.Leedv4Testcases.SurveyCreatePOSTAPITest</td>
<td><div><pre>org.testng.TestNGException: 
Parameter &apos;environment&apos; is required by BeforeClass on method setBaseUri but has not been marked @Optional or defined
in D:\leed\leedperformance\AutomationTesting\TestArcAPI\src\main\resources\TestNGFiles\LeedV4TestNG.xml
... Removed 23 stack frames</pre></div><a href='#' onClick='toggleBox("stack-trace1904783235", this, "Click to show all stack frames", "Click to hide stack frames")'>Click to show all stack frames</a>
<div class='stack-trace' id='stack-trace1904783235'><pre>org.testng.TestNGException: 
Parameter &apos;environment&apos; is required by BeforeClass on method setBaseUri but has not been marked @Optional or defined
in D:\leed\leedperformance\AutomationTesting\TestArcAPI\src\main\resources\TestNGFiles\LeedV4TestNG.xml
	at org.testng.internal.Parameters.createParams(Parameters.java:290)
	at org.testng.internal.Parameters.createParametersForMethod(Parameters.java:359)
	at org.testng.internal.Parameters.createParameters(Parameters.java:620)
	at org.testng.internal.Parameters.createConfigurationParameters(Parameters.java:190)
	at org.testng.internal.Invoker.invokeConfigurations(Invoker.java:209)
	at org.testng.internal.Invoker.invokeConfigurations(Invoker.java:142)
	at org.testng.internal.TestMethodWorker.invokeBeforeClassMethods(TestMethodWorker.java:163)
	at org.testng.internal.TestMethodWorker.run(TestMethodWorker.java:105)
	at org.testng.TestRunner.privateRun(TestRunner.java:648)
	at org.testng.TestRunner.run(TestRunner.java:505)
	at org.testng.SuiteRunner.runTest(SuiteRunner.java:455)
	at org.testng.SuiteRunner.runSequentially(SuiteRunner.java:450)
	at org.testng.SuiteRunner.privateRun(SuiteRunner.java:415)
	at org.testng.SuiteRunner.run(SuiteRunner.java:364)
	at org.testng.SuiteRunnerWorker.runSuite(SuiteRunnerWorker.java:52)
	at org.testng.SuiteRunnerWorker.run(SuiteRunnerWorker.java:84)
	at org.testng.TestNG.runSuitesSequentially(TestNG.java:1187)
	at org.testng.TestNG.runSuitesLocally(TestNG.java:1116)
	at org.testng.TestNG.runSuites(TestNG.java:1028)
	at org.testng.TestNG.run(TestNG.java:996)
	at org.testng.remote.AbstractRemoteTestNG.run(AbstractRemoteTestNG.java:114)
	at org.testng.remote.RemoteTestNG.initAndRun(RemoteTestNG.java:251)
	at org.testng.remote.RemoteTestNG.main(RemoteTestNG.java:77)
</pre></div></td>
<td>0</td>
<td>com.arcapi.Leedv4Testcases.SurveyCreatePOSTAPITest@564718df</td></tr>
<tr>
<td title='com.arcapi.Leedv4Testcases.VerifyActivityEnergyDataInputAPITest.VerifyActivityEnergyDataInputAPI()'><b>VerifyActivityEnergyDataInputAPI</b><br>Test class: com.arcapi.Leedv4Testcases.VerifyActivityEnergyDataInputAPITest</td>
<td><div><pre>org.testng.TestNGException: 
Parameter &apos;environment&apos; is required by BeforeClass on method setBaseUri but has not been marked @Optional or defined
in D:\leed\leedperformance\AutomationTesting\TestArcAPI\src\main\resources\TestNGFiles\LeedV4TestNG.xml
... Removed 23 stack frames</pre></div><a href='#' onClick='toggleBox("stack-trace1222768327", this, "Click to show all stack frames", "Click to hide stack frames")'>Click to show all stack frames</a>
<div class='stack-trace' id='stack-trace1222768327'><pre>org.testng.TestNGException: 
Parameter &apos;environment&apos; is required by BeforeClass on method setBaseUri but has not been marked @Optional or defined
in D:\leed\leedperformance\AutomationTesting\TestArcAPI\src\main\resources\TestNGFiles\LeedV4TestNG.xml
	at org.testng.internal.Parameters.createParams(Parameters.java:290)
	at org.testng.internal.Parameters.createParametersForMethod(Parameters.java:359)
	at org.testng.internal.Parameters.createParameters(Parameters.java:620)
	at org.testng.internal.Parameters.createConfigurationParameters(Parameters.java:190)
	at org.testng.internal.Invoker.invokeConfigurations(Invoker.java:209)
	at org.testng.internal.Invoker.invokeConfigurations(Invoker.java:142)
	at org.testng.internal.TestMethodWorker.invokeBeforeClassMethods(TestMethodWorker.java:163)
	at org.testng.internal.TestMethodWorker.run(TestMethodWorker.java:105)
	at org.testng.TestRunner.privateRun(TestRunner.java:648)
	at org.testng.TestRunner.run(TestRunner.java:505)
	at org.testng.SuiteRunner.runTest(SuiteRunner.java:455)
	at org.testng.SuiteRunner.runSequentially(SuiteRunner.java:450)
	at org.testng.SuiteRunner.privateRun(SuiteRunner.java:415)
	at org.testng.SuiteRunner.run(SuiteRunner.java:364)
	at org.testng.SuiteRunnerWorker.runSuite(SuiteRunnerWorker.java:52)
	at org.testng.SuiteRunnerWorker.run(SuiteRunnerWorker.java:84)
	at org.testng.TestNG.runSuitesSequentially(TestNG.java:1187)
	at org.testng.TestNG.runSuitesLocally(TestNG.java:1116)
	at org.testng.TestNG.runSuites(TestNG.java:1028)
	at org.testng.TestNG.run(TestNG.java:996)
	at org.testng.remote.AbstractRemoteTestNG.run(AbstractRemoteTestNG.java:114)
	at org.testng.remote.RemoteTestNG.initAndRun(RemoteTestNG.java:251)
	at org.testng.remote.RemoteTestNG.main(RemoteTestNG.java:77)
</pre></div></td>
<td>0</td>
<td>com.arcapi.Leedv4Testcases.VerifyActivityEnergyDataInputAPITest@4d826d77</td></tr>
<tr>
<td title='com.arcapi.Leedv4Testcases.VerifyActivityHEMeterDataInputAPITest.VerifyActivityHEMeterDataInputAPI()'><b>VerifyActivityHEMeterDataInputAPI</b><br>Test class: com.arcapi.Leedv4Testcases.VerifyActivityHEMeterDataInputAPITest</td>
<td><div><pre>org.testng.TestNGException: 
Parameter &apos;environment&apos; is required by BeforeClass on method setBaseUri but has not been marked @Optional or defined
in D:\leed\leedperformance\AutomationTesting\TestArcAPI\src\main\resources\TestNGFiles\LeedV4TestNG.xml
... Removed 23 stack frames</pre></div><a href='#' onClick='toggleBox("stack-trace361268035", this, "Click to show all stack frames", "Click to hide stack frames")'>Click to show all stack frames</a>
<div class='stack-trace' id='stack-trace361268035'><pre>org.testng.TestNGException: 
Parameter &apos;environment&apos; is required by BeforeClass on method setBaseUri but has not been marked @Optional or defined
in D:\leed\leedperformance\AutomationTesting\TestArcAPI\src\main\resources\TestNGFiles\LeedV4TestNG.xml
	at org.testng.internal.Parameters.createParams(Parameters.java:290)
	at org.testng.internal.Parameters.createParametersForMethod(Parameters.java:359)
	at org.testng.internal.Parameters.createParameters(Parameters.java:620)
	at org.testng.internal.Parameters.createConfigurationParameters(Parameters.java:190)
	at org.testng.internal.Invoker.invokeConfigurations(Invoker.java:209)
	at org.testng.internal.Invoker.invokeConfigurations(Invoker.java:142)
	at org.testng.internal.TestMethodWorker.invokeBeforeClassMethods(TestMethodWorker.java:163)
	at org.testng.internal.TestMethodWorker.run(TestMethodWorker.java:105)
	at org.testng.TestRunner.privateRun(TestRunner.java:648)
	at org.testng.TestRunner.run(TestRunner.java:505)
	at org.testng.SuiteRunner.runTest(SuiteRunner.java:455)
	at org.testng.SuiteRunner.runSequentially(SuiteRunner.java:450)
	at org.testng.SuiteRunner.privateRun(SuiteRunner.java:415)
	at org.testng.SuiteRunner.run(SuiteRunner.java:364)
	at org.testng.SuiteRunnerWorker.runSuite(SuiteRunnerWorker.java:52)
	at org.testng.SuiteRunnerWorker.run(SuiteRunnerWorker.java:84)
	at org.testng.TestNG.runSuitesSequentially(TestNG.java:1187)
	at org.testng.TestNG.runSuitesLocally(TestNG.java:1116)
	at org.testng.TestNG.runSuites(TestNG.java:1028)
	at org.testng.TestNG.run(TestNG.java:996)
	at org.testng.remote.AbstractRemoteTestNG.run(AbstractRemoteTestNG.java:114)
	at org.testng.remote.RemoteTestNG.initAndRun(RemoteTestNG.java:251)
	at org.testng.remote.RemoteTestNG.main(RemoteTestNG.java:77)
</pre></div></td>
<td>0</td>
<td>com.arcapi.Leedv4Testcases.VerifyActivityHEMeterDataInputAPITest@448ff1a8</td></tr>
<tr>
<td title='com.arcapi.Leedv4Testcases.VerifyActivityWasteDataInputAPITest.VerifyActivityWasteDataInputAPI()'><b>VerifyActivityWasteDataInputAPI</b><br>Test class: com.arcapi.Leedv4Testcases.VerifyActivityWasteDataInputAPITest</td>
<td><div><pre>org.testng.TestNGException: 
Parameter &apos;environment&apos; is required by BeforeClass on method setBaseUri but has not been marked @Optional or defined
in D:\leed\leedperformance\AutomationTesting\TestArcAPI\src\main\resources\TestNGFiles\LeedV4TestNG.xml
... Removed 23 stack frames</pre></div><a href='#' onClick='toggleBox("stack-trace1471948789", this, "Click to show all stack frames", "Click to hide stack frames")'>Click to show all stack frames</a>
<div class='stack-trace' id='stack-trace1471948789'><pre>org.testng.TestNGException: 
Parameter &apos;environment&apos; is required by BeforeClass on method setBaseUri but has not been marked @Optional or defined
in D:\leed\leedperformance\AutomationTesting\TestArcAPI\src\main\resources\TestNGFiles\LeedV4TestNG.xml
	at org.testng.internal.Parameters.createParams(Parameters.java:290)
	at org.testng.internal.Parameters.createParametersForMethod(Parameters.java:359)
	at org.testng.internal.Parameters.createParameters(Parameters.java:620)
	at org.testng.internal.Parameters.createConfigurationParameters(Parameters.java:190)
	at org.testng.internal.Invoker.invokeConfigurations(Invoker.java:209)
	at org.testng.internal.Invoker.invokeConfigurations(Invoker.java:142)
	at org.testng.internal.TestMethodWorker.invokeBeforeClassMethods(TestMethodWorker.java:163)
	at org.testng.internal.TestMethodWorker.run(TestMethodWorker.java:105)
	at org.testng.TestRunner.privateRun(TestRunner.java:648)
	at org.testng.TestRunner.run(TestRunner.java:505)
	at org.testng.SuiteRunner.runTest(SuiteRunner.java:455)
	at org.testng.SuiteRunner.runSequentially(SuiteRunner.java:450)
	at org.testng.SuiteRunner.privateRun(SuiteRunner.java:415)
	at org.testng.SuiteRunner.run(SuiteRunner.java:364)
	at org.testng.SuiteRunnerWorker.runSuite(SuiteRunnerWorker.java:52)
	at org.testng.SuiteRunnerWorker.run(SuiteRunnerWorker.java:84)
	at org.testng.TestNG.runSuitesSequentially(TestNG.java:1187)
	at org.testng.TestNG.runSuitesLocally(TestNG.java:1116)
	at org.testng.TestNG.runSuites(TestNG.java:1028)
	at org.testng.TestNG.run(TestNG.java:996)
	at org.testng.remote.AbstractRemoteTestNG.run(AbstractRemoteTestNG.java:114)
	at org.testng.remote.RemoteTestNG.initAndRun(RemoteTestNG.java:251)
	at org.testng.remote.RemoteTestNG.main(RemoteTestNG.java:77)
</pre></div></td>
<td>0</td>
<td>com.arcapi.Leedv4Testcases.VerifyActivityWasteDataInputAPITest@77e9807f</td></tr>
<tr>
<td title='com.arcapi.Leedv4Testcases.VerifyActivityWaterDataInputAPITest.VerifyActivityWaterDataInputAPI()'><b>VerifyActivityWaterDataInputAPI</b><br>Test class: com.arcapi.Leedv4Testcases.VerifyActivityWaterDataInputAPITest</td>
<td><div><pre>org.testng.TestNGException: 
Parameter &apos;environment&apos; is required by BeforeClass on method setBaseUri but has not been marked @Optional or defined
in D:\leed\leedperformance\AutomationTesting\TestArcAPI\src\main\resources\TestNGFiles\LeedV4TestNG.xml
... Removed 23 stack frames</pre></div><a href='#' onClick='toggleBox("stack-trace120360571", this, "Click to show all stack frames", "Click to hide stack frames")'>Click to show all stack frames</a>
<div class='stack-trace' id='stack-trace120360571'><pre>org.testng.TestNGException: 
Parameter &apos;environment&apos; is required by BeforeClass on method setBaseUri but has not been marked @Optional or defined
in D:\leed\leedperformance\AutomationTesting\TestArcAPI\src\main\resources\TestNGFiles\LeedV4TestNG.xml
	at org.testng.internal.Parameters.createParams(Parameters.java:290)
	at org.testng.internal.Parameters.createParametersForMethod(Parameters.java:359)
	at org.testng.internal.Parameters.createParameters(Parameters.java:620)
	at org.testng.internal.Parameters.createConfigurationParameters(Parameters.java:190)
	at org.testng.internal.Invoker.invokeConfigurations(Invoker.java:209)
	at org.testng.internal.Invoker.invokeConfigurations(Invoker.java:142)
	at org.testng.internal.TestMethodWorker.invokeBeforeClassMethods(TestMethodWorker.java:163)
	at org.testng.internal.TestMethodWorker.run(TestMethodWorker.java:105)
	at org.testng.TestRunner.privateRun(TestRunner.java:648)
	at org.testng.TestRunner.run(TestRunner.java:505)
	at org.testng.SuiteRunner.runTest(SuiteRunner.java:455)
	at org.testng.SuiteRunner.runSequentially(SuiteRunner.java:450)
	at org.testng.SuiteRunner.privateRun(SuiteRunner.java:415)
	at org.testng.SuiteRunner.run(SuiteRunner.java:364)
	at org.testng.SuiteRunnerWorker.runSuite(SuiteRunnerWorker.java:52)
	at org.testng.SuiteRunnerWorker.run(SuiteRunnerWorker.java:84)
	at org.testng.TestNG.runSuitesSequentially(TestNG.java:1187)
	at org.testng.TestNG.runSuitesLocally(TestNG.java:1116)
	at org.testng.TestNG.runSuites(TestNG.java:1028)
	at org.testng.TestNG.run(TestNG.java:996)
	at org.testng.remote.AbstractRemoteTestNG.run(AbstractRemoteTestNG.java:114)
	at org.testng.remote.RemoteTestNG.initAndRun(RemoteTestNG.java:251)
	at org.testng.remote.RemoteTestNG.main(RemoteTestNG.java:77)
</pre></div></td>
<td>0</td>
<td>com.arcapi.Leedv4Testcases.VerifyActivityWaterDataInputAPITest@61009542</td></tr>
<tr>
<td title='com.arcapi.Leedv4Testcases.VerifyAdminRemoveAPITest.VerifyAdminRemoveAPI()'><b>VerifyAdminRemoveAPI</b><br>Test class: com.arcapi.Leedv4Testcases.VerifyAdminRemoveAPITest</td>
<td><div><pre>org.testng.TestNGException: 
Parameter &apos;environment&apos; is required by BeforeClass on method setBaseUri but has not been marked @Optional or defined
in D:\leed\leedperformance\AutomationTesting\TestArcAPI\src\main\resources\TestNGFiles\LeedV4TestNG.xml
... Removed 23 stack frames</pre></div><a href='#' onClick='toggleBox("stack-trace1020154737", this, "Click to show all stack frames", "Click to hide stack frames")'>Click to show all stack frames</a>
<div class='stack-trace' id='stack-trace1020154737'><pre>org.testng.TestNGException: 
Parameter &apos;environment&apos; is required by BeforeClass on method setBaseUri but has not been marked @Optional or defined
in D:\leed\leedperformance\AutomationTesting\TestArcAPI\src\main\resources\TestNGFiles\LeedV4TestNG.xml
	at org.testng.internal.Parameters.createParams(Parameters.java:290)
	at org.testng.internal.Parameters.createParametersForMethod(Parameters.java:359)
	at org.testng.internal.Parameters.createParameters(Parameters.java:620)
	at org.testng.internal.Parameters.createConfigurationParameters(Parameters.java:190)
	at org.testng.internal.Invoker.invokeConfigurations(Invoker.java:209)
	at org.testng.internal.Invoker.invokeConfigurations(Invoker.java:142)
	at org.testng.internal.TestMethodWorker.invokeBeforeClassMethods(TestMethodWorker.java:163)
	at org.testng.internal.TestMethodWorker.run(TestMethodWorker.java:105)
	at org.testng.TestRunner.privateRun(TestRunner.java:648)
	at org.testng.TestRunner.run(TestRunner.java:505)
	at org.testng.SuiteRunner.runTest(SuiteRunner.java:455)
	at org.testng.SuiteRunner.runSequentially(SuiteRunner.java:450)
	at org.testng.SuiteRunner.privateRun(SuiteRunner.java:415)
	at org.testng.SuiteRunner.run(SuiteRunner.java:364)
	at org.testng.SuiteRunnerWorker.runSuite(SuiteRunnerWorker.java:52)
	at org.testng.SuiteRunnerWorker.run(SuiteRunnerWorker.java:84)
	at org.testng.TestNG.runSuitesSequentially(TestNG.java:1187)
	at org.testng.TestNG.runSuitesLocally(TestNG.java:1116)
	at org.testng.TestNG.runSuites(TestNG.java:1028)
	at org.testng.TestNG.run(TestNG.java:996)
	at org.testng.remote.AbstractRemoteTestNG.run(AbstractRemoteTestNG.java:114)
	at org.testng.remote.RemoteTestNG.initAndRun(RemoteTestNG.java:251)
	at org.testng.remote.RemoteTestNG.main(RemoteTestNG.java:77)
</pre></div></td>
<td>0</td>
<td>com.arcapi.Leedv4Testcases.VerifyAdminRemoveAPITest@1a052a00</td></tr>
<tr>
<td title='com.arcapi.Leedv4Testcases.VerifyAgreementDeleteAPITest.VerifyAgreementDeleteAPI()'><b>VerifyAgreementDeleteAPI</b><br>Test class: com.arcapi.Leedv4Testcases.VerifyAgreementDeleteAPITest</td>
<td><div><pre>org.testng.TestNGException: 
Parameter &apos;environment&apos; is required by BeforeClass on method setBaseUri but has not been marked @Optional or defined
in D:\leed\leedperformance\AutomationTesting\TestArcAPI\src\main\resources\TestNGFiles\LeedV4TestNG.xml
... Removed 23 stack frames</pre></div><a href='#' onClick='toggleBox("stack-trace45023307", this, "Click to show all stack frames", "Click to hide stack frames")'>Click to show all stack frames</a>
<div class='stack-trace' id='stack-trace45023307'><pre>org.testng.TestNGException: 
Parameter &apos;environment&apos; is required by BeforeClass on method setBaseUri but has not been marked @Optional or defined
in D:\leed\leedperformance\AutomationTesting\TestArcAPI\src\main\resources\TestNGFiles\LeedV4TestNG.xml
	at org.testng.internal.Parameters.createParams(Parameters.java:290)
	at org.testng.internal.Parameters.createParametersForMethod(Parameters.java:359)
	at org.testng.internal.Parameters.createParameters(Parameters.java:620)
	at org.testng.internal.Parameters.createConfigurationParameters(Parameters.java:190)
	at org.testng.internal.Invoker.invokeConfigurations(Invoker.java:209)
	at org.testng.internal.Invoker.invokeConfigurations(Invoker.java:142)
	at org.testng.internal.TestMethodWorker.invokeBeforeClassMethods(TestMethodWorker.java:163)
	at org.testng.internal.TestMethodWorker.run(TestMethodWorker.java:105)
	at org.testng.TestRunner.privateRun(TestRunner.java:648)
	at org.testng.TestRunner.run(TestRunner.java:505)
	at org.testng.SuiteRunner.runTest(SuiteRunner.java:455)
	at org.testng.SuiteRunner.runSequentially(SuiteRunner.java:450)
	at org.testng.SuiteRunner.privateRun(SuiteRunner.java:415)
	at org.testng.SuiteRunner.run(SuiteRunner.java:364)
	at org.testng.SuiteRunnerWorker.runSuite(SuiteRunnerWorker.java:52)
	at org.testng.SuiteRunnerWorker.run(SuiteRunnerWorker.java:84)
	at org.testng.TestNG.runSuitesSequentially(TestNG.java:1187)
	at org.testng.TestNG.runSuitesLocally(TestNG.java:1116)
	at org.testng.TestNG.runSuites(TestNG.java:1028)
	at org.testng.TestNG.run(TestNG.java:996)
	at org.testng.remote.AbstractRemoteTestNG.run(AbstractRemoteTestNG.java:114)
	at org.testng.remote.RemoteTestNG.initAndRun(RemoteTestNG.java:251)
	at org.testng.remote.RemoteTestNG.main(RemoteTestNG.java:77)
</pre></div></td>
<td>0</td>
<td>com.arcapi.Leedv4Testcases.VerifyAgreementDeleteAPITest@77e4c80f</td></tr>
<tr>
<td title='com.arcapi.Leedv4Testcases.VerifyAgreementPresentAPITest.VerifyAgreementPresentAPI()'><b>VerifyAgreementPresentAPI</b><br>Test class: com.arcapi.Leedv4Testcases.VerifyAgreementPresentAPITest</td>
<td><div><pre>org.testng.TestNGException: 
Parameter &apos;environment&apos; is required by BeforeClass on method setBaseUri but has not been marked @Optional or defined
in D:\leed\leedperformance\AutomationTesting\TestArcAPI\src\main\resources\TestNGFiles\LeedV4TestNG.xml
... Removed 23 stack frames</pre></div><a href='#' onClick='toggleBox("stack-trace364597300", this, "Click to show all stack frames", "Click to hide stack frames")'>Click to show all stack frames</a>
<div class='stack-trace' id='stack-trace364597300'><pre>org.testng.TestNGException: 
Parameter &apos;environment&apos; is required by BeforeClass on method setBaseUri but has not been marked @Optional or defined
in D:\leed\leedperformance\AutomationTesting\TestArcAPI\src\main\resources\TestNGFiles\LeedV4TestNG.xml
	at org.testng.internal.Parameters.createParams(Parameters.java:290)
	at org.testng.internal.Parameters.createParametersForMethod(Parameters.java:359)
	at org.testng.internal.Parameters.createParameters(Parameters.java:620)
	at org.testng.internal.Parameters.createConfigurationParameters(Parameters.java:190)
	at org.testng.internal.Invoker.invokeConfigurations(Invoker.java:209)
	at org.testng.internal.Invoker.invokeConfigurations(Invoker.java:142)
	at org.testng.internal.TestMethodWorker.invokeBeforeClassMethods(TestMethodWorker.java:163)
	at org.testng.internal.TestMethodWorker.run(TestMethodWorker.java:105)
	at org.testng.TestRunner.privateRun(TestRunner.java:648)
	at org.testng.TestRunner.run(TestRunner.java:505)
	at org.testng.SuiteRunner.runTest(SuiteRunner.java:455)
	at org.testng.SuiteRunner.runSequentially(SuiteRunner.java:450)
	at org.testng.SuiteRunner.privateRun(SuiteRunner.java:415)
	at org.testng.SuiteRunner.run(SuiteRunner.java:364)
	at org.testng.SuiteRunnerWorker.runSuite(SuiteRunnerWorker.java:52)
	at org.testng.SuiteRunnerWorker.run(SuiteRunnerWorker.java:84)
	at org.testng.TestNG.runSuitesSequentially(TestNG.java:1187)
	at org.testng.TestNG.runSuitesLocally(TestNG.java:1116)
	at org.testng.TestNG.runSuites(TestNG.java:1028)
	at org.testng.TestNG.run(TestNG.java:996)
	at org.testng.remote.AbstractRemoteTestNG.run(AbstractRemoteTestNG.java:114)
	at org.testng.remote.RemoteTestNG.initAndRun(RemoteTestNG.java:251)
	at org.testng.remote.RemoteTestNG.main(RemoteTestNG.java:77)
</pre></div></td>
<td>0</td>
<td>com.arcapi.Leedv4Testcases.VerifyAgreementPresentAPITest@4461c7e3</td></tr>
<tr>
<td title='com.arcapi.Leedv4Testcases.VerifyAppsListAPITest.VerifyAppsListAPI()'><b>VerifyAppsListAPI</b><br>Test class: com.arcapi.Leedv4Testcases.VerifyAppsListAPITest</td>
<td><div><pre>org.testng.TestNGException: 
Parameter &apos;environment&apos; is required by BeforeClass on method setBaseUri but has not been marked @Optional or defined
in D:\leed\leedperformance\AutomationTesting\TestArcAPI\src\main\resources\TestNGFiles\LeedV4TestNG.xml
... Removed 23 stack frames</pre></div><a href='#' onClick='toggleBox("stack-trace597307515", this, "Click to show all stack frames", "Click to hide stack frames")'>Click to show all stack frames</a>
<div class='stack-trace' id='stack-trace597307515'><pre>org.testng.TestNGException: 
Parameter &apos;environment&apos; is required by BeforeClass on method setBaseUri but has not been marked @Optional or defined
in D:\leed\leedperformance\AutomationTesting\TestArcAPI\src\main\resources\TestNGFiles\LeedV4TestNG.xml
	at org.testng.internal.Parameters.createParams(Parameters.java:290)
	at org.testng.internal.Parameters.createParametersForMethod(Parameters.java:359)
	at org.testng.internal.Parameters.createParameters(Parameters.java:620)
	at org.testng.internal.Parameters.createConfigurationParameters(Parameters.java:190)
	at org.testng.internal.Invoker.invokeConfigurations(Invoker.java:209)
	at org.testng.internal.Invoker.invokeConfigurations(Invoker.java:142)
	at org.testng.internal.TestMethodWorker.invokeBeforeClassMethods(TestMethodWorker.java:163)
	at org.testng.internal.TestMethodWorker.run(TestMethodWorker.java:105)
	at org.testng.TestRunner.privateRun(TestRunner.java:648)
	at org.testng.TestRunner.run(TestRunner.java:505)
	at org.testng.SuiteRunner.runTest(SuiteRunner.java:455)
	at org.testng.SuiteRunner.runSequentially(SuiteRunner.java:450)
	at org.testng.SuiteRunner.privateRun(SuiteRunner.java:415)
	at org.testng.SuiteRunner.run(SuiteRunner.java:364)
	at org.testng.SuiteRunnerWorker.runSuite(SuiteRunnerWorker.java:52)
	at org.testng.SuiteRunnerWorker.run(SuiteRunnerWorker.java:84)
	at org.testng.TestNG.runSuitesSequentially(TestNG.java:1187)
	at org.testng.TestNG.runSuitesLocally(TestNG.java:1116)
	at org.testng.TestNG.runSuites(TestNG.java:1028)
	at org.testng.TestNG.run(TestNG.java:996)
	at org.testng.remote.AbstractRemoteTestNG.run(AbstractRemoteTestNG.java:114)
	at org.testng.remote.RemoteTestNG.initAndRun(RemoteTestNG.java:251)
	at org.testng.remote.RemoteTestNG.main(RemoteTestNG.java:77)
</pre></div></td>
<td>0</td>
<td>com.arcapi.Leedv4Testcases.VerifyAppsListAPITest@770c2e6b</td></tr>
<tr>
<td title='com.arcapi.Leedv4Testcases.VerifyAssetDetailAPITest.VerifyAssetDetailAPI()'><b>VerifyAssetDetailAPI</b><br>Test class: com.arcapi.Leedv4Testcases.VerifyAssetDetailAPITest</td>
<td><div><pre>org.testng.TestNGException: 
Parameter &apos;environment&apos; is required by BeforeClass on method setBaseUri but has not been marked @Optional or defined
in D:\leed\leedperformance\AutomationTesting\TestArcAPI\src\main\resources\TestNGFiles\LeedV4TestNG.xml
... Removed 23 stack frames</pre></div><a href='#' onClick='toggleBox("stack-trace1833789138", this, "Click to show all stack frames", "Click to hide stack frames")'>Click to show all stack frames</a>
<div class='stack-trace' id='stack-trace1833789138'><pre>org.testng.TestNGException: 
Parameter &apos;environment&apos; is required by BeforeClass on method setBaseUri but has not been marked @Optional or defined
in D:\leed\leedperformance\AutomationTesting\TestArcAPI\src\main\resources\TestNGFiles\LeedV4TestNG.xml
	at org.testng.internal.Parameters.createParams(Parameters.java:290)
	at org.testng.internal.Parameters.createParametersForMethod(Parameters.java:359)
	at org.testng.internal.Parameters.createParameters(Parameters.java:620)
	at org.testng.internal.Parameters.createConfigurationParameters(Parameters.java:190)
	at org.testng.internal.Invoker.invokeConfigurations(Invoker.java:209)
	at org.testng.internal.Invoker.invokeConfigurations(Invoker.java:142)
	at org.testng.internal.TestMethodWorker.invokeBeforeClassMethods(TestMethodWorker.java:163)
	at org.testng.internal.TestMethodWorker.run(TestMethodWorker.java:105)
	at org.testng.TestRunner.privateRun(TestRunner.java:648)
	at org.testng.TestRunner.run(TestRunner.java:505)
	at org.testng.SuiteRunner.runTest(SuiteRunner.java:455)
	at org.testng.SuiteRunner.runSequentially(SuiteRunner.java:450)
	at org.testng.SuiteRunner.privateRun(SuiteRunner.java:415)
	at org.testng.SuiteRunner.run(SuiteRunner.java:364)
	at org.testng.SuiteRunnerWorker.runSuite(SuiteRunnerWorker.java:52)
	at org.testng.SuiteRunnerWorker.run(SuiteRunnerWorker.java:84)
	at org.testng.TestNG.runSuitesSequentially(TestNG.java:1187)
	at org.testng.TestNG.runSuitesLocally(TestNG.java:1116)
	at org.testng.TestNG.runSuites(TestNG.java:1028)
	at org.testng.TestNG.run(TestNG.java:996)
	at org.testng.remote.AbstractRemoteTestNG.run(AbstractRemoteTestNG.java:114)
	at org.testng.remote.RemoteTestNG.initAndRun(RemoteTestNG.java:251)
	at org.testng.remote.RemoteTestNG.main(RemoteTestNG.java:77)
</pre></div></td>
<td>0</td>
<td>com.arcapi.Leedv4Testcases.VerifyAssetDetailAPITest@58134517</td></tr>
<tr>
<td title='com.arcapi.Leedv4Testcases.VerifyExcelTemplateConsumptionAPITest.VerifyExcelTemplateConsumptionAPI()'><b>VerifyExcelTemplateConsumptionAPI</b><br>Test class: com.arcapi.Leedv4Testcases.VerifyExcelTemplateConsumptionAPITest</td>
<td><div><pre>org.testng.TestNGException: 
Parameter &apos;environment&apos; is required by BeforeClass on method setBaseUri but has not been marked @Optional or defined
in D:\leed\leedperformance\AutomationTesting\TestArcAPI\src\main\resources\TestNGFiles\LeedV4TestNG.xml
... Removed 23 stack frames</pre></div><a href='#' onClick='toggleBox("stack-trace1515833950", this, "Click to show all stack frames", "Click to hide stack frames")'>Click to show all stack frames</a>
<div class='stack-trace' id='stack-trace1515833950'><pre>org.testng.TestNGException: 
Parameter &apos;environment&apos; is required by BeforeClass on method setBaseUri but has not been marked @Optional or defined
in D:\leed\leedperformance\AutomationTesting\TestArcAPI\src\main\resources\TestNGFiles\LeedV4TestNG.xml
	at org.testng.internal.Parameters.createParams(Parameters.java:290)
	at org.testng.internal.Parameters.createParametersForMethod(Parameters.java:359)
	at org.testng.internal.Parameters.createParameters(Parameters.java:620)
	at org.testng.internal.Parameters.createConfigurationParameters(Parameters.java:190)
	at org.testng.internal.Invoker.invokeConfigurations(Invoker.java:209)
	at org.testng.internal.Invoker.invokeConfigurations(Invoker.java:142)
	at org.testng.internal.TestMethodWorker.invokeBeforeClassMethods(TestMethodWorker.java:163)
	at org.testng.internal.TestMethodWorker.run(TestMethodWorker.java:105)
	at org.testng.TestRunner.privateRun(TestRunner.java:648)
	at org.testng.TestRunner.run(TestRunner.java:505)
	at org.testng.SuiteRunner.runTest(SuiteRunner.java:455)
	at org.testng.SuiteRunner.runSequentially(SuiteRunner.java:450)
	at org.testng.SuiteRunner.privateRun(SuiteRunner.java:415)
	at org.testng.SuiteRunner.run(SuiteRunner.java:364)
	at org.testng.SuiteRunnerWorker.runSuite(SuiteRunnerWorker.java:52)
	at org.testng.SuiteRunnerWorker.run(SuiteRunnerWorker.java:84)
	at org.testng.TestNG.runSuitesSequentially(TestNG.java:1187)
	at org.testng.TestNG.runSuitesLocally(TestNG.java:1116)
	at org.testng.TestNG.runSuites(TestNG.java:1028)
	at org.testng.TestNG.run(TestNG.java:996)
	at org.testng.remote.AbstractRemoteTestNG.run(AbstractRemoteTestNG.java:114)
	at org.testng.remote.RemoteTestNG.initAndRun(RemoteTestNG.java:251)
	at org.testng.remote.RemoteTestNG.main(RemoteTestNG.java:77)
</pre></div></td>
<td>0</td>
<td>com.arcapi.Leedv4Testcases.VerifyExcelTemplateConsumptionAPITest@29ba4338</td></tr>
<tr>
<td title='com.arcapi.Leedv4Testcases.VerifyManualConsumptionAPITest.VerifyManualConsumptionAPI()'><b>VerifyManualConsumptionAPI</b><br>Test class: com.arcapi.Leedv4Testcases.VerifyManualConsumptionAPITest</td>
<td><div><pre>org.testng.TestNGException: 
Parameter &apos;environment&apos; is required by BeforeClass on method setBaseUri but has not been marked @Optional or defined
in D:\leed\leedperformance\AutomationTesting\TestArcAPI\src\main\resources\TestNGFiles\LeedV4TestNG.xml
... Removed 23 stack frames</pre></div><a href='#' onClick='toggleBox("stack-trace2135449562", this, "Click to show all stack frames", "Click to hide stack frames")'>Click to show all stack frames</a>
<div class='stack-trace' id='stack-trace2135449562'><pre>org.testng.TestNGException: 
Parameter &apos;environment&apos; is required by BeforeClass on method setBaseUri but has not been marked @Optional or defined
in D:\leed\leedperformance\AutomationTesting\TestArcAPI\src\main\resources\TestNGFiles\LeedV4TestNG.xml
	at org.testng.internal.Parameters.createParams(Parameters.java:290)
	at org.testng.internal.Parameters.createParametersForMethod(Parameters.java:359)
	at org.testng.internal.Parameters.createParameters(Parameters.java:620)
	at org.testng.internal.Parameters.createConfigurationParameters(Parameters.java:190)
	at org.testng.internal.Invoker.invokeConfigurations(Invoker.java:209)
	at org.testng.internal.Invoker.invokeConfigurations(Invoker.java:142)
	at org.testng.internal.TestMethodWorker.invokeBeforeClassMethods(TestMethodWorker.java:163)
	at org.testng.internal.TestMethodWorker.run(TestMethodWorker.java:105)
	at org.testng.TestRunner.privateRun(TestRunner.java:648)
	at org.testng.TestRunner.run(TestRunner.java:505)
	at org.testng.SuiteRunner.runTest(SuiteRunner.java:455)
	at org.testng.SuiteRunner.runSequentially(SuiteRunner.java:450)
	at org.testng.SuiteRunner.privateRun(SuiteRunner.java:415)
	at org.testng.SuiteRunner.run(SuiteRunner.java:364)
	at org.testng.SuiteRunnerWorker.runSuite(SuiteRunnerWorker.java:52)
	at org.testng.SuiteRunnerWorker.run(SuiteRunnerWorker.java:84)
	at org.testng.TestNG.runSuitesSequentially(TestNG.java:1187)
	at org.testng.TestNG.runSuitesLocally(TestNG.java:1116)
	at org.testng.TestNG.runSuites(TestNG.java:1028)
	at org.testng.TestNG.run(TestNG.java:996)
	at org.testng.remote.AbstractRemoteTestNG.run(AbstractRemoteTestNG.java:114)
	at org.testng.remote.RemoteTestNG.initAndRun(RemoteTestNG.java:251)
	at org.testng.remote.RemoteTestNG.main(RemoteTestNG.java:77)
</pre></div></td>
<td>0</td>
<td>com.arcapi.Leedv4Testcases.VerifyManualConsumptionAPITest@6b53e23f</td></tr>
<tr>
<td title='com.arcapi.Leedv4Testcases.VerifyManualConsumptionAfterUpdateAPITest.VerifyManualConsumptionAfterUpdateAPI()'><b>VerifyManualConsumptionAfterUpdateAPI</b><br>Test class: com.arcapi.Leedv4Testcases.VerifyManualConsumptionAfterUpdateAPITest</td>
<td><div><pre>org.testng.TestNGException: 
Parameter &apos;environment&apos; is required by BeforeClass on method setBaseUri but has not been marked @Optional or defined
in D:\leed\leedperformance\AutomationTesting\TestArcAPI\src\main\resources\TestNGFiles\LeedV4TestNG.xml
... Removed 23 stack frames</pre></div><a href='#' onClick='toggleBox("stack-trace980697799", this, "Click to show all stack frames", "Click to hide stack frames")'>Click to show all stack frames</a>
<div class='stack-trace' id='stack-trace980697799'><pre>org.testng.TestNGException: 
Parameter &apos;environment&apos; is required by BeforeClass on method setBaseUri but has not been marked @Optional or defined
in D:\leed\leedperformance\AutomationTesting\TestArcAPI\src\main\resources\TestNGFiles\LeedV4TestNG.xml
	at org.testng.internal.Parameters.createParams(Parameters.java:290)
	at org.testng.internal.Parameters.createParametersForMethod(Parameters.java:359)
	at org.testng.internal.Parameters.createParameters(Parameters.java:620)
	at org.testng.internal.Parameters.createConfigurationParameters(Parameters.java:190)
	at org.testng.internal.Invoker.invokeConfigurations(Invoker.java:209)
	at org.testng.internal.Invoker.invokeConfigurations(Invoker.java:142)
	at org.testng.internal.TestMethodWorker.invokeBeforeClassMethods(TestMethodWorker.java:163)
	at org.testng.internal.TestMethodWorker.run(TestMethodWorker.java:105)
	at org.testng.TestRunner.privateRun(TestRunner.java:648)
	at org.testng.TestRunner.run(TestRunner.java:505)
	at org.testng.SuiteRunner.runTest(SuiteRunner.java:455)
	at org.testng.SuiteRunner.runSequentially(SuiteRunner.java:450)
	at org.testng.SuiteRunner.privateRun(SuiteRunner.java:415)
	at org.testng.SuiteRunner.run(SuiteRunner.java:364)
	at org.testng.SuiteRunnerWorker.runSuite(SuiteRunnerWorker.java:52)
	at org.testng.SuiteRunnerWorker.run(SuiteRunnerWorker.java:84)
	at org.testng.TestNG.runSuitesSequentially(TestNG.java:1187)
	at org.testng.TestNG.runSuitesLocally(TestNG.java:1116)
	at org.testng.TestNG.runSuites(TestNG.java:1028)
	at org.testng.TestNG.run(TestNG.java:996)
	at org.testng.remote.AbstractRemoteTestNG.run(AbstractRemoteTestNG.java:114)
	at org.testng.remote.RemoteTestNG.initAndRun(RemoteTestNG.java:251)
	at org.testng.remote.RemoteTestNG.main(RemoteTestNG.java:77)
</pre></div></td>
<td>0</td>
<td>com.arcapi.Leedv4Testcases.VerifyManualConsumptionAfterUpdateAPITest@731f8236</td></tr>
<tr>
<td title='com.arcapi.Leedv4Testcases.VerifyProjectRegisteredAssetListTest.VerifyProjectRegisteredAssetList()'><b>VerifyProjectRegisteredAssetList</b><br>Test class: com.arcapi.Leedv4Testcases.VerifyProjectRegisteredAssetListTest</td>
<td><div><pre>org.testng.TestNGException: 
Parameter &apos;environment&apos; is required by BeforeClass on method setBaseUri but has not been marked @Optional or defined
in D:\leed\leedperformance\AutomationTesting\TestArcAPI\src\main\resources\TestNGFiles\LeedV4TestNG.xml
... Removed 23 stack frames</pre></div><a href='#' onClick='toggleBox("stack-trace1409160703", this, "Click to show all stack frames", "Click to hide stack frames")'>Click to show all stack frames</a>
<div class='stack-trace' id='stack-trace1409160703'><pre>org.testng.TestNGException: 
Parameter &apos;environment&apos; is required by BeforeClass on method setBaseUri but has not been marked @Optional or defined
in D:\leed\leedperformance\AutomationTesting\TestArcAPI\src\main\resources\TestNGFiles\LeedV4TestNG.xml
	at org.testng.internal.Parameters.createParams(Parameters.java:290)
	at org.testng.internal.Parameters.createParametersForMethod(Parameters.java:359)
	at org.testng.internal.Parameters.createParameters(Parameters.java:620)
	at org.testng.internal.Parameters.createConfigurationParameters(Parameters.java:190)
	at org.testng.internal.Invoker.invokeConfigurations(Invoker.java:209)
	at org.testng.internal.Invoker.invokeConfigurations(Invoker.java:142)
	at org.testng.internal.TestMethodWorker.invokeBeforeClassMethods(TestMethodWorker.java:163)
	at org.testng.internal.TestMethodWorker.run(TestMethodWorker.java:105)
	at org.testng.TestRunner.privateRun(TestRunner.java:648)
	at org.testng.TestRunner.run(TestRunner.java:505)
	at org.testng.SuiteRunner.runTest(SuiteRunner.java:455)
	at org.testng.SuiteRunner.runSequentially(SuiteRunner.java:450)
	at org.testng.SuiteRunner.privateRun(SuiteRunner.java:415)
	at org.testng.SuiteRunner.run(SuiteRunner.java:364)
	at org.testng.SuiteRunnerWorker.runSuite(SuiteRunnerWorker.java:52)
	at org.testng.SuiteRunnerWorker.run(SuiteRunnerWorker.java:84)
	at org.testng.TestNG.runSuitesSequentially(TestNG.java:1187)
	at org.testng.TestNG.runSuitesLocally(TestNG.java:1116)
	at org.testng.TestNG.runSuites(TestNG.java:1028)
	at org.testng.TestNG.run(TestNG.java:996)
	at org.testng.remote.AbstractRemoteTestNG.run(AbstractRemoteTestNG.java:114)
	at org.testng.remote.RemoteTestNG.initAndRun(RemoteTestNG.java:251)
	at org.testng.remote.RemoteTestNG.main(RemoteTestNG.java:77)
</pre></div></td>
<td>0</td>
<td>com.arcapi.Leedv4Testcases.VerifyProjectRegisteredAssetListTest@4450d156</td></tr>
<tr>
<td title='com.arcapi.Leedv4Testcases.VerifyWasteDataExcelAPITest.VerifyWasteDataExcelAPI()'><b>VerifyWasteDataExcelAPI</b><br>Test class: com.arcapi.Leedv4Testcases.VerifyWasteDataExcelAPITest</td>
<td><div><pre>org.testng.TestNGException: 
Parameter &apos;environment&apos; is required by BeforeClass on method setBaseUri but has not been marked @Optional or defined
in D:\leed\leedperformance\AutomationTesting\TestArcAPI\src\main\resources\TestNGFiles\LeedV4TestNG.xml
... Removed 23 stack frames</pre></div><a href='#' onClick='toggleBox("stack-trace1293677337", this, "Click to show all stack frames", "Click to hide stack frames")'>Click to show all stack frames</a>
<div class='stack-trace' id='stack-trace1293677337'><pre>org.testng.TestNGException: 
Parameter &apos;environment&apos; is required by BeforeClass on method setBaseUri but has not been marked @Optional or defined
in D:\leed\leedperformance\AutomationTesting\TestArcAPI\src\main\resources\TestNGFiles\LeedV4TestNG.xml
	at org.testng.internal.Parameters.createParams(Parameters.java:290)
	at org.testng.internal.Parameters.createParametersForMethod(Parameters.java:359)
	at org.testng.internal.Parameters.createParameters(Parameters.java:620)
	at org.testng.internal.Parameters.createConfigurationParameters(Parameters.java:190)
	at org.testng.internal.Invoker.invokeConfigurations(Invoker.java:209)
	at org.testng.internal.Invoker.invokeConfigurations(Invoker.java:142)
	at org.testng.internal.TestMethodWorker.invokeBeforeClassMethods(TestMethodWorker.java:163)
	at org.testng.internal.TestMethodWorker.run(TestMethodWorker.java:105)
	at org.testng.TestRunner.privateRun(TestRunner.java:648)
	at org.testng.TestRunner.run(TestRunner.java:505)
	at org.testng.SuiteRunner.runTest(SuiteRunner.java:455)
	at org.testng.SuiteRunner.runSequentially(SuiteRunner.java:450)
	at org.testng.SuiteRunner.privateRun(SuiteRunner.java:415)
	at org.testng.SuiteRunner.run(SuiteRunner.java:364)
	at org.testng.SuiteRunnerWorker.runSuite(SuiteRunnerWorker.java:52)
	at org.testng.SuiteRunnerWorker.run(SuiteRunnerWorker.java:84)
	at org.testng.TestNG.runSuitesSequentially(TestNG.java:1187)
	at org.testng.TestNG.runSuitesLocally(TestNG.java:1116)
	at org.testng.TestNG.runSuites(TestNG.java:1028)
	at org.testng.TestNG.run(TestNG.java:996)
	at org.testng.remote.AbstractRemoteTestNG.run(AbstractRemoteTestNG.java:114)
	at org.testng.remote.RemoteTestNG.initAndRun(RemoteTestNG.java:251)
	at org.testng.remote.RemoteTestNG.main(RemoteTestNG.java:77)
</pre></div></td>
<td>0</td>
<td>com.arcapi.Leedv4Testcases.VerifyWasteDataExcelAPITest@57175e74</td></tr>
</table><p>
</body>
</html>