<?xml version="1.0" encoding="UTF-8"?>
<!-- Generated by org.testng.reporters.JUnitXMLReporter -->
<testsuite hostname="G10GGNLT052" name="CompleteTrailFlow-Building-None" tests="43" failures="1" timestamp="20 Sep 2019 07:34:01 GMT" time="226.349" errors="0">
  <testcase name="LoginAPI" time="10.914" classname="com.arcapi.Common.LoginAPITest"/>
  <testcase name="TrialCreateAssetPOSTAPIV3" time="6.469" classname="com.arcapi.TrailFlowtestcasesComplete.TrialCreateAssetPOSTAPIV3APITest"/>
  <testcase name="AssetUpdateforNewAssetPUTAPI" time="2.479" classname="com.arcapi.TrailFlowtestcasesComplete.AssetUpdateBuildingTrailActAPITest"/>
  <testcase name="VerifyAssetDetailAPI" time="2.399" classname="com.arcapi.TrailFlowtestcasesComplete.VerifyAssetDetailAPITest"/>
  <testcase name="AssetDetailAPI" time="2.905" classname="com.arcapi.Common.AssetDetailAPITest"/>
  <testcase name="CO2GetTestAPI" time="1.867" classname="com.arcapi.Buildingtestcases.CO2GetTest"/>
  <testcase name="GhgGetTestAPI" time="1.842" classname="com.arcapi.Buildingtestcases.GhgGetTest"/>
  <testcase name="GhgCalcGet" time="2.648" classname="com.arcapi.Buildingtestcases.GhgCalcGetTest"/>
  <testcase name="VOCGet" time="2.658" classname="com.arcapi.Buildingtestcases.VOCGetTest"/>
  <testcase name="WaterGet" time="2.355" classname="com.arcapi.Buildingtestcases.WaterGetTest"/>
  <testcase name="SurveyAllRoutesFeedbackRegularAPI" time="2.449" classname="com.arcapi.Buildingtestcases.SurveyAllRoutesFeedbackRegularAPIPOSTAPITest"/>
  <testcase name="SurveyAllRoutesFeedbackVisitorAPI" time="2.645" classname="com.arcapi.Buildingtestcases.SurveyAllRoutesFeedbackVisitorAPIPOSTAPITest"/>
  <testcase name="CO2MeterCreateAPI" time="2.753" classname="com.arcapi.Buildingtestcases.CO2MeterCreateAPITest"/>
  <testcase name="VOCMeterCreateAPI" time="2.279" classname="com.arcapi.Buildingtestcases.VOCMeterCreateAPITest"/>
  <testcase name="VOCConsumptionCreateAPI" time="2.327" classname="com.arcapi.Buildingtestcases.VOCConsumptionCreateAPITest"/>
  <testcase name="VOCConsumptionUpdateAPI" time="2.442" classname="com.arcapi.Buildingtestcases.VOCConsumptionUpdateAPITest"/>
  <testcase name="VOCConsumptionDeleteAPI" time="2.615" classname="com.arcapi.Buildingtestcases.VOCConsumptionDeleteAPITest"/>
  <testcase name="VOCMeterDeleteAPI" time="1.723" classname="com.arcapi.Buildingtestcases.VOCMeterDeleteAPITest"/>
  <testcase name="ExcelUploadTemplatePOSTAPI" time="3.758" classname="com.arcapi.Buildingtestcases.ExcelUploadTemplatePOSTAPITest"/>
  <testcase name="MetersAPI" time="7.43" classname="com.arcapi.Leedv4Testcases.MetersAPITest"/>
  <testcase name="S3DocumentListAPI" time="1.779" classname="com.arcapi.Common.S3DocumentListAPITest"/>
  <testcase name="S3DocumentRemoveAPI" time="2.446" classname="com.arcapi.Common.S3DocumentRemoveAPITest"/>
  <testcase name="MeterCommentPostGroup1API" time="21.868" classname="com.arcapi.Leedv4Testcases.MeterCommentPostGroup1APITest"/>
  <testcase name="MeterCommentPostGroup2API" time="7.44" classname="com.arcapi.Leedv4Testcases.MeterCommentPostGroup2APITest"/>
  <testcase name="MeterCommentPostGroup3API" time="9.148" classname="com.arcapi.Leedv4Testcases.MeterCommentPostGroup3APITest"/>
  <testcase name="MeterCommentReplyGroup1API" time="19.924" classname="com.arcapi.Leedv4Testcases.MeterCommentReplyGroup1APITest"/>
  <testcase name="MeterCommentReplyGroup2API" time="6.843" classname="com.arcapi.Leedv4Testcases.MeterCommentReplyGroup2APITest"/>
  <testcase name="MeterCommentReplyGroup3API" time="6.859" classname="com.arcapi.Leedv4Testcases.MeterCommentReplyGroup3APITest"/>
  <testcase name="MeterCommentDeleteGroup2API" time="5.92" classname="com.arcapi.Leedv4Testcases.MeterCommentDeleteGroup2APITest"/>
  <testcase name="ExcelTemplateMetersAPI" time="3.845" classname="com.arcapi.Buildingtestcases.ExcelTemplateMetersAPITest"/>
  <testcase name="VerifyExcelTemplateConsumptionAPI" time="13.933" classname="com.arcapi.Buildingtestcases.VerifyExcelTemplateConsumptionAPITest"/>
  <testcase name="VerifyWasteDataExcelAPI" time="3.379" classname="com.arcapi.Buildingtestcases.VerifyWasteDataExcelAPITest"/>
  <testcase name="VerifyActivityEnergyDataInputAPI" time="2.139" classname="com.arcapi.Leedv4Testcases.VerifyActivityEnergyDataInputAPITest"/>
  <testcase name="VerifyActivityWaterDataInputAPI" time="2.122" classname="com.arcapi.Leedv4Testcases.VerifyActivityWaterDataInputAPITest"/>
  <testcase name="VerifyActivityWasteDataInputAPI" time="2.314" classname="com.arcapi.Leedv4Testcases.VerifyActivityWasteDataInputAPITest"/>
  <testcase name="VerifyActivityHEMeterDataInputAPI" time="2.207" classname="com.arcapi.Leedv4Testcases.VerifyActivityHEMeterDataInputAPITest"/>
  <testcase name="ReviewCertificationPricingAPI" time="2.17" classname="com.arcapi.Common.Neg.ReviewCertificationPricingAPITest">
    <failure type="java.lang.AssertionError" message="expected [403] but found [400]">
      <![CDATA[java.lang.AssertionError: expected [403] but found [400]
	at com.Utill.Controller.Assertion.verifyStatusCode(Assertion.java:20)
	at com.arcapi.Common.Neg.ReviewCertificationPricingAPITest.ReviewCertificationPricingAPI(ReviewCertificationPricingAPITest.java:22)
... Removed 31 stack frames]]>
    </failure>
  </testcase> <!-- ReviewCertificationPricingAPI -->
  <testcase name="SubmitReviewPOSTAPI" time="3.118" classname="com.arcapi.Common.Neg.SubmitReviewPOSTAPITest"/>
  <testcase name="SubmitReviewGetAPI" time="2.062" classname="com.arcapi.Common.Neg.SubmitReviewGetAPITest"/>
  <testcase name="CreateAssetPOSTAPI" time="6.47" classname="com.arcapi.TrailFlowtestcasesComplete.SyncSAPTrailProjectAPITest"/>
  <testcase name="RegistrationPaymentPricingGetAPI" time="3.111" classname="com.arcapi.Common.RegistrationPaymentPricingGetAPITest"/>
  <testcase name="PaymentOrderSubmitPOSTAPI" time="11.484" classname="com.arcapi.Common.PaymentOrderSubmitPOSTAPITest"/>
  <testcase name="AddAssestTimeline" time="6.33" classname="com.arcapi.Common.AddAssestTimelinePOSTAPITest"/>
</testsuite> <!-- CompleteTrailFlow-Building-None -->
