<?xml version="1.0" encoding="UTF-8"?>
<!-- Generated by org.testng.reporters.JUnitXMLReporter -->
<testsuite hostname="G10GGNLT052" name="Review-Scenario" tests="36" failures="6" timestamp="7 Nov 2019 09:53:06 GMT" time="87.207" errors="0">
  <testcase name="LoginAPI" time="4.498" classname="com.arcapi.Common.LoginAPITest"/>
  <testcase name="CreateAssetPOSTAPI" time="5.916" classname="com.arcapi.Buildingtestcases.CreateAssetBuildingV3APITest"/>
  <testcase name="AssetDetailAPI" time="2.063" classname="com.arcapi.Common.AssetDetailAPITest"/>
  <testcase name="ExcelTemplateMetersAPI" time="2.471" classname="com.arcapi.Buildingtestcases.ExcelTemplateMetersAPITest"/>
  <testcase name="ElectricityPurchasedFromGridCreatePOST" time="1.724" classname="com.arcapi.Buildingtestcases.ElectricityPurchasedFromGridCreatePOSTAPITest"/>
  <testcase name="EnergyCreate180DaysDataPostAPI" time="1.666" classname="com.arcapi.ScenarioBasedTestcases.EnergyCreate180DaysDataPostAPITest"/>
  <testcase name="municipalitySuppliedPortableWaterCreatePOSTAPI" time="1.663" classname="com.arcapi.Buildingtestcases.MunicipalitySuppliedPortableWaterCreatePOSTAPITest"/>
  <testcase name="WaterCreate180DaysDataPostAPI" time="1.623" classname="com.arcapi.ScenarioBasedTestcases.WaterCreate180DaysDataPostAPITest"/>
  <testcase name="WasteCreatePOSTAPI" time="1.762" classname="com.arcapi.Buildingtestcases.WasteCreatePOSTAPITest"/>
  <testcase name="SurveyAllRoutesFeedbackRegularAPI" time="1.756" classname="com.arcapi.Buildingtestcases.SurveyAllRoutesFeedbackRegularAPIPOSTAPITest"/>
  <testcase name="SurveyAllRoutesFeedbackVisitorAPI" time="1.558" classname="com.arcapi.Buildingtestcases.SurveyAllRoutesFeedbackVisitorAPIPOSTAPITest"/>
  <testcase name="CO2ConsumptionCreateAPI" time="1.437" classname="com.arcapi.ScenarioBasedTestcases.CO2ConsumptionCreateAPITest"/>
  <testcase name="VOCConsumptionCreateAPI" time="1.48" classname="com.arcapi.ScenarioBasedTestcases.VOCConsumptionCreateAPITest"/>
  <testcase name="SetGeneralAllOccupantPUTAPI" time="2.035" classname="com.arcapi.ScenarioBasedTestcases.SetGeneralAllOccupantPUTAPITest"/>
  <testcase name="VerifyDatacoverageGetAPI" time="1.534" classname="com.arcapi.ScenarioBasedTestcases.VerifyDatacoverageGetAPITest">
    <failure type="java.lang.NumberFormatException" message="For input string: &amp;quot;{coverage_flag=green, percentage=66.67}&amp;quot;">
      <![CDATA[java.lang.NumberFormatException: For input string: "{coverage_flag=green, percentage=66.67}"
	at sun.misc.FloatingDecimal.readJavaFormatString(FloatingDecimal.java:2043)
	at sun.misc.FloatingDecimal.parseDouble(FloatingDecimal.java:110)
	at java.lang.Double.parseDouble(Double.java:538)
	at com.arcapi.ScenarioBasedTestcases.VerifyDatacoverageGetAPITest.VerifyDatacoverageGetAPI(VerifyDatacoverageGetAPITest.java:51)
... Removed 25 stack frames]]>
    </failure>
  </testcase> <!-- VerifyDatacoverageGetAPI -->
  <testcase name="OccupatGeneralRegularVisitorUpdateAPI" time="1.707" classname="com.arcapi.ScenarioBasedTestcases.OccupatGeneralRegularVisitorUpdateAPITest"/>
  <testcase name="VerifyGeneralRegularOccupantDatacoverageAPI" time="2.083" classname="com.arcapi.ScenarioBasedTestcases.SetGeneralRegularOccupantPUTAPITest"/>
  <testcase name="VerifyGeneralRegularOccupantDatacoverageAPI" time="1.454" classname="com.arcapi.ScenarioBasedTestcases.VerifyGeneralRegularOccupantDatacoverageAPITest">
    <failure type="java.lang.NumberFormatException" message="For input string: &amp;quot;{coverage_flag=green, percentage=25.0}&amp;quot;">
      <![CDATA[java.lang.NumberFormatException: For input string: "{coverage_flag=green, percentage=25.0}"
	at sun.misc.FloatingDecimal.readJavaFormatString(FloatingDecimal.java:2043)
	at sun.misc.FloatingDecimal.parseDouble(FloatingDecimal.java:110)
	at java.lang.Double.parseDouble(Double.java:538)
	at com.arcapi.ScenarioBasedTestcases.VerifyGeneralRegularOccupantDatacoverageAPITest.VerifyGeneralRegularOccupantDatacoverageAPI(VerifyGeneralRegularOccupantDatacoverageAPITest.java:51)
... Removed 25 stack frames]]>
    </failure>
  </testcase> <!-- VerifyGeneralRegularOccupantDatacoverageAPI -->
  <testcase name="SetGeneralVisitorOccupantPUTAPI" time="1.975" classname="com.arcapi.ScenarioBasedTestcases.SetGeneralVisitorOccupantPUTAPITest"/>
  <testcase name="VerifyGeneralVisitorOccupantDatacoverageAPI" time="1.56" classname="com.arcapi.ScenarioBasedTestcases.VerifyGeneralVisitorOccupantDatacoverageAPITest">
    <failure type="java.lang.AssertionError" message="The following asserts failed:
	expected [50.0] but found [25.0],
	expected [50.0] but found [{coverage_flag=green, percentage=75.0}]">
      <![CDATA[java.lang.AssertionError: The following asserts failed:
	expected [50.0] but found [25.0],
	expected [50.0] but found [{coverage_flag=green, percentage=75.0}]
	at com.arcapi.ScenarioBasedTestcases.VerifyGeneralVisitorOccupantDatacoverageAPITest.VerifyGeneralVisitorOccupantDatacoverageAPI(VerifyGeneralVisitorOccupantDatacoverageAPITest.java:62)
... Removed 26 stack frames]]>
    </failure>
  </testcase> <!-- VerifyGeneralVisitorOccupantDatacoverageAPI -->
  <testcase name="NegUpdateTransportOccupantPOSTAPI" time="1.389" classname="com.arcapi.ScenarioBasedTestcases.NegUpdateTransportOccupantPOSTAPITest"/>
  <testcase name="AssetUpdateExcludeSpaces" time="2.196" classname="com.arcapi.release1_18testcases.AssetUpdateExcludeSpacesTest"/>
  <testcase name="ExcludeSpacesTransportOccupantPOSTAPI" time="1.644" classname="com.arcapi.ScenarioBasedTestcases.ExcludeSpacesTransportOccupantPOSTAPITest"/>
  <testcase name="ExcludeSpacesHumanExpOccupantPOSTAPI" time="1.807" classname="com.arcapi.ScenarioBasedTestcases.ExcludeSpacesHumanExpOccupantPOSTAPITest"/>
  <testcase name="VerifyDatacoverage2108DataGetAPI" time="1.491" classname="com.arcapi.ScenarioBasedTestcases.VerifyDatacoverage2108DataGetAPITest">
    <failure type="java.lang.AssertionError" message="The following asserts failed:
	expected [50.0] but found [25.0],
	expected [50.0] but found [{coverage_flag=green, percentage=75.0}],
	expected [0] but found [{coverage_flag=red, percentage=0}],
	expected [0] but found [{coverage_flag=red, percentage=0}],
	expected [0] but found [{coverage_flag=red, percentage=0}],
	expected [0.0] but found [{coverage_flag=red, percentage=0.0}],
	expected [0] but found [{coverage_flag=red, percentage=0.0}]">
      <![CDATA[java.lang.AssertionError: The following asserts failed:
	expected [50.0] but found [25.0],
	expected [50.0] but found [{coverage_flag=green, percentage=75.0}],
	expected [0] but found [{coverage_flag=red, percentage=0}],
	expected [0] but found [{coverage_flag=red, percentage=0}],
	expected [0] but found [{coverage_flag=red, percentage=0}],
	expected [0.0] but found [{coverage_flag=red, percentage=0.0}],
	expected [0] but found [{coverage_flag=red, percentage=0.0}]
	at com.arcapi.ScenarioBasedTestcases.VerifyDatacoverage2108DataGetAPITest.VerifyDatacoverage2108DataGetAPI(VerifyDatacoverage2108DataGetAPITest.java:35)
... Removed 26 stack frames]]>
    </failure>
  </testcase> <!-- VerifyDatacoverage2108DataGetAPI -->
  <testcase name="SubmitReviewPOSTAPI" time="1.91" classname="com.arcapi.Common.Neg.SubmitReviewPOSTAPITest"/>
  <testcase name="ScoreVersionNotificationPOSTAPI" time="1.648" classname="com.arcapi.Common.ScoreVersionNotificationPOSTAPITest"/>
  <testcase name="SocreVersionUpdatePostAPI" time="13.346" classname="com.arcapi.Common.SocreVersionUpdatePostAPITest">
    <failure type="java.lang.AssertionError" message="expected [400] but found [500]">
      <![CDATA[java.lang.AssertionError: expected [400] but found [500]
	at com.Utill.Controller.Assertion.verifyStatusCode(Assertion.java:21)
	at com.arcapi.Common.SocreVersionUpdatePostAPITest.SocreVersionUpdatePostAPI(SocreVersionUpdatePostAPITest.java:25)
... Removed 31 stack frames]]>
    </failure>
  </testcase> <!-- SocreVersionUpdatePostAPI -->
  <testcase name="ScoreVersionExtensionUpdatePost" time="1.838" classname="com.arcapi.Common.ScoreVersionExtensionUpdatePostAPITest"/>
  <testcase name="ScoreVersionExtensionRequestQuerySetGetAPI" time="1.345" classname="com.arcapi.Common.ScoreVersionExtensionRequestQuerySetGetAPITest"/>
  <testcase name="ScoreVersionExtensionRequestUpdatePostAPI" time="1.474" classname="com.arcapi.Common.ScoreVersionExtensionRequestUpdatePostAPITest"/>
  <testcase name="ScoreVersionExtensionRequestUpdateQuerysetGetAPI" time="1.385" classname="com.arcapi.Common.ScoreVersionExtensionRequestUpdateQuerysetGetAPITest"/>
  <testcase name="ReturnReviewGetAPI" time="1.378" classname="com.arcapi.Common.Neg.ReturnReviewGetAPITest">
    <failure type="java.lang.AssertionError" message="expected [403] but found [400]">
      <![CDATA[java.lang.AssertionError: expected [403] but found [400]
	at com.Utill.Controller.Assertion.verifyStatusCode(Assertion.java:21)
	at com.arcapi.Common.Neg.ReturnReviewGetAPITest.ReturnReviewGetAPI(ReturnReviewGetAPITest.java:18)
... Removed 31 stack frames]]>
    </failure>
  </testcase> <!-- ReturnReviewGetAPI -->
  <testcase name="AssetNonUsgbcTeamMemberAddPOSTAPI" time="1.404" classname="com.arcapi.ScenarioBasedTestcases.AssetNonUsgbcTeamMemberAddPOSTAPITest"/>
  <testcase name="AssetTeamMemberUpdateAPI" time="1.776" classname="com.arcapi.Common.AssetTeamMemberUpdateAPITest"/>
  <testcase name="TeamManagerAddPOSTAPI" time="1.416" classname="com.arcapi.ScenarioBasedTestcases.TeamManagerAddPOSTAPITest"/>
</testsuite> <!-- Review-Scenario -->
