<html>
<head>
<title>TestNG:  Review-Scenario</title>
<link href="../testng.css" rel="stylesheet" type="text/css" />
<link href="../my-testng.css" rel="stylesheet" type="text/css" />

<style type="text/css">
.log { display: none;} 
.stack-trace { display: none;} 
</style>
<script type="text/javascript">
<!--
function flip(e) {
  current = e.style.display;
  if (current == 'block') {
    e.style.display = 'none';
    return 0;
  }
  else {
    e.style.display = 'block';
    return 1;
  }
}

function toggleBox(szDivId, elem, msg1, msg2)
{
  var res = -1;  if (document.getElementById) {
    res = flip(document.getElementById(szDivId));
  }
  else if (document.all) {
    // this is the way old msie versions work
    res = flip(document.all[szDivId]);
  }
  if(elem) {
    if(res == 0) elem.innerHTML = msg1; else elem.innerHTML = msg2;
  }

}

function toggleAllBoxes() {
  if (document.getElementsByTagName) {
    d = document.getElementsByTagName('div');
    for (i = 0; i < d.length; i++) {
      if (d[i].className == 'log') {
        flip(d[i]);
      }
    }
  }
}

// -->
</script>

</head>
<body>
<h2 align='center'>Review-Scenario</h2><table border='1' align="center">
<tr>
<td>Tests passed/Failed/Skipped:</td><td>30/6/0</td>
</tr><tr>
<td>Started on:</td><td>Thu Nov 07 15:21:39 IST 2019</td>
</tr>
<tr><td>Total time:</td><td>87 seconds (87207 ms)</td>
</tr><tr>
<td>Included groups:</td><td></td>
</tr><tr>
<td>Excluded groups:</td><td></td>
</tr>
</table><p/>
<small><i>(Hover the method name to see the test class name)</i></small><p/>
<table width='100%' border='1' class='invocation-failed'>
<tr><td colspan='4' align='center'><b>FAILED TESTS</b></td></tr>
<tr><td><b>Test method</b></td>
<td width="30%"><b>Exception</b></td>
<td width="10%"><b>Time (seconds)</b></td>
<td><b>Instance</b></td>
</tr>
<tr>
<td title='com.arcapi.Common.Neg.ReturnReviewGetAPITest.ReturnReviewGetAPI()'><b>ReturnReviewGetAPI</b><br>Test class: com.arcapi.Common.Neg.ReturnReviewGetAPITest<br>Parameters: QAS2, ProjectIDBuildingNone, 2</td>
<td><div><pre>java.lang.AssertionError: expected [403] but found [400]
	at com.Utill.Controller.Assertion.verifyStatusCode(Assertion.java:21)
	at com.arcapi.Common.Neg.ReturnReviewGetAPITest.ReturnReviewGetAPI(ReturnReviewGetAPITest.java:18)
... Removed 31 stack frames</pre></div><a href='#' onClick='toggleBox("stack-trace167989916", this, "Click to show all stack frames", "Click to hide stack frames")'>Click to show all stack frames</a>
<div class='stack-trace' id='stack-trace167989916'><pre>java.lang.AssertionError: expected [403] but found [400]
	at org.testng.Assert.fail(Assert.java:94)
	at org.testng.Assert.failNotEquals(Assert.java:513)
	at org.testng.Assert.assertEqualsImpl(Assert.java:135)
	at org.testng.Assert.assertEquals(Assert.java:116)
	at org.testng.Assert.assertEquals(Assert.java:389)
	at org.testng.Assert.assertEquals(Assert.java:399)
	at com.Utill.Controller.Assertion.verifyStatusCode(Assertion.java:21)
	at com.arcapi.Common.Neg.ReturnReviewGetAPITest.ReturnReviewGetAPI(ReturnReviewGetAPITest.java:18)
	at sun.reflect.NativeMethodAccessorImpl.invoke0(Native Method)
	at sun.reflect.NativeMethodAccessorImpl.invoke(NativeMethodAccessorImpl.java:62)
	at sun.reflect.DelegatingMethodAccessorImpl.invoke(DelegatingMethodAccessorImpl.java:43)
	at java.lang.reflect.Method.invoke(Method.java:498)
	at org.testng.internal.MethodInvocationHelper.invokeMethod(MethodInvocationHelper.java:86)
	at org.testng.internal.Invoker.invokeMethod(Invoker.java:643)
	at org.testng.internal.Invoker.invokeTestMethod(Invoker.java:820)
	at org.testng.internal.Invoker.invokeTestMethods(Invoker.java:1128)
	at org.testng.internal.TestMethodWorker.invokeTestMethods(TestMethodWorker.java:129)
	at org.testng.internal.TestMethodWorker.run(TestMethodWorker.java:112)
	at org.testng.TestRunner.privateRun(TestRunner.java:782)
	at org.testng.TestRunner.run(TestRunner.java:632)
	at org.testng.SuiteRunner.runTest(SuiteRunner.java:366)
	at org.testng.SuiteRunner.runSequentially(SuiteRunner.java:361)
	at org.testng.SuiteRunner.privateRun(SuiteRunner.java:319)
	at org.testng.SuiteRunner.run(SuiteRunner.java:268)
	at org.testng.SuiteRunnerWorker.runSuite(SuiteRunnerWorker.java:52)
	at org.testng.SuiteRunnerWorker.run(SuiteRunnerWorker.java:86)
	at org.testng.TestNG.runSuitesSequentially(TestNG.java:1244)
	at org.testng.TestNG.runSuitesSequentially(TestNG.java:1240)
	at org.testng.TestNG.runSuitesLocally(TestNG.java:1169)
	at org.testng.TestNG.run(TestNG.java:1064)
	at org.testng.remote.RemoteTestNG.run(RemoteTestNG.java:113)
	at org.testng.remote.RemoteTestNG.initAndRun(RemoteTestNG.java:206)
	at org.testng.remote.RemoteTestNG.main(RemoteTestNG.java:177)
</pre></div></td>
<td>1</td>
<td>com.arcapi.Common.Neg.ReturnReviewGetAPITest@20e2cbe0</td></tr>
<tr>
<td title='com.arcapi.Common.SocreVersionUpdatePostAPITest.SocreVersionUpdatePostAPI()'><b>SocreVersionUpdatePostAPI</b><br>Test class: com.arcapi.Common.SocreVersionUpdatePostAPITest<br>Parameters: QAS2, ProjectIDBuildingNone, 2</td>
<td><div><pre>java.lang.AssertionError: expected [400] but found [500]
	at com.Utill.Controller.Assertion.verifyStatusCode(Assertion.java:21)
	at com.arcapi.Common.SocreVersionUpdatePostAPITest.SocreVersionUpdatePostAPI(SocreVersionUpdatePostAPITest.java:25)
... Removed 31 stack frames</pre></div><a href='#' onClick='toggleBox("stack-trace437306494", this, "Click to show all stack frames", "Click to hide stack frames")'>Click to show all stack frames</a>
<div class='stack-trace' id='stack-trace437306494'><pre>java.lang.AssertionError: expected [400] but found [500]
	at org.testng.Assert.fail(Assert.java:94)
	at org.testng.Assert.failNotEquals(Assert.java:513)
	at org.testng.Assert.assertEqualsImpl(Assert.java:135)
	at org.testng.Assert.assertEquals(Assert.java:116)
	at org.testng.Assert.assertEquals(Assert.java:389)
	at org.testng.Assert.assertEquals(Assert.java:399)
	at com.Utill.Controller.Assertion.verifyStatusCode(Assertion.java:21)
	at com.arcapi.Common.SocreVersionUpdatePostAPITest.SocreVersionUpdatePostAPI(SocreVersionUpdatePostAPITest.java:25)
	at sun.reflect.NativeMethodAccessorImpl.invoke0(Native Method)
	at sun.reflect.NativeMethodAccessorImpl.invoke(NativeMethodAccessorImpl.java:62)
	at sun.reflect.DelegatingMethodAccessorImpl.invoke(DelegatingMethodAccessorImpl.java:43)
	at java.lang.reflect.Method.invoke(Method.java:498)
	at org.testng.internal.MethodInvocationHelper.invokeMethod(MethodInvocationHelper.java:86)
	at org.testng.internal.Invoker.invokeMethod(Invoker.java:643)
	at org.testng.internal.Invoker.invokeTestMethod(Invoker.java:820)
	at org.testng.internal.Invoker.invokeTestMethods(Invoker.java:1128)
	at org.testng.internal.TestMethodWorker.invokeTestMethods(TestMethodWorker.java:129)
	at org.testng.internal.TestMethodWorker.run(TestMethodWorker.java:112)
	at org.testng.TestRunner.privateRun(TestRunner.java:782)
	at org.testng.TestRunner.run(TestRunner.java:632)
	at org.testng.SuiteRunner.runTest(SuiteRunner.java:366)
	at org.testng.SuiteRunner.runSequentially(SuiteRunner.java:361)
	at org.testng.SuiteRunner.privateRun(SuiteRunner.java:319)
	at org.testng.SuiteRunner.run(SuiteRunner.java:268)
	at org.testng.SuiteRunnerWorker.runSuite(SuiteRunnerWorker.java:52)
	at org.testng.SuiteRunnerWorker.run(SuiteRunnerWorker.java:86)
	at org.testng.TestNG.runSuitesSequentially(TestNG.java:1244)
	at org.testng.TestNG.runSuitesSequentially(TestNG.java:1240)
	at org.testng.TestNG.runSuitesLocally(TestNG.java:1169)
	at org.testng.TestNG.run(TestNG.java:1064)
	at org.testng.remote.RemoteTestNG.run(RemoteTestNG.java:113)
	at org.testng.remote.RemoteTestNG.initAndRun(RemoteTestNG.java:206)
	at org.testng.remote.RemoteTestNG.main(RemoteTestNG.java:177)
</pre></div></td>
<td>13</td>
<td>com.arcapi.Common.SocreVersionUpdatePostAPITest@548a9f61</td></tr>
<tr>
<td title='com.arcapi.ScenarioBasedTestcases.VerifyDatacoverage2108DataGetAPITest.VerifyDatacoverage2108DataGetAPI()'><b>VerifyDatacoverage2108DataGetAPI</b><br>Test class: com.arcapi.ScenarioBasedTestcases.VerifyDatacoverage2108DataGetAPITest<br>Parameters: QAS2, ProjectIDBuildingNone, 2</td>
<td><div><pre>java.lang.AssertionError: The following asserts failed:
	expected [50.0] but found [25.0],
	expected [50.0] but found [{coverage_flag=green, percentage=75.0}],
	expected [0] but found [{coverage_flag=red, percentage=0}],
	expected [0] but found [{coverage_flag=red, percentage=0}],
	expected [0] but found [{coverage_flag=red, percentage=0}],
	expected [0.0] but found [{coverage_flag=red, percentage=0.0}],
	expected [0] but found [{coverage_flag=red, percentage=0.0}]
	at com.arcapi.ScenarioBasedTestcases.VerifyDatacoverage2108DataGetAPITest.VerifyDatacoverage2108DataGetAPI(VerifyDatacoverage2108DataGetAPITest.java:35)
... Removed 26 stack frames</pre></div><a href='#' onClick='toggleBox("stack-trace212158113", this, "Click to show all stack frames", "Click to hide stack frames")'>Click to show all stack frames</a>
<div class='stack-trace' id='stack-trace212158113'><pre>java.lang.AssertionError: The following asserts failed:
	expected [50.0] but found [25.0],
	expected [50.0] but found [{coverage_flag=green, percentage=75.0}],
	expected [0] but found [{coverage_flag=red, percentage=0}],
	expected [0] but found [{coverage_flag=red, percentage=0}],
	expected [0] but found [{coverage_flag=red, percentage=0}],
	expected [0.0] but found [{coverage_flag=red, percentage=0.0}],
	expected [0] but found [{coverage_flag=red, percentage=0.0}]
	at org.testng.asserts.SoftAssert.assertAll(SoftAssert.java:43)
	at com.arcapi.ScenarioBasedTestcases.VerifyDatacoverage2108DataGetAPITest.VerifyDatacoverage2108DataGetAPI(VerifyDatacoverage2108DataGetAPITest.java:35)
	at sun.reflect.NativeMethodAccessorImpl.invoke0(Native Method)
	at sun.reflect.NativeMethodAccessorImpl.invoke(NativeMethodAccessorImpl.java:62)
	at sun.reflect.DelegatingMethodAccessorImpl.invoke(DelegatingMethodAccessorImpl.java:43)
	at java.lang.reflect.Method.invoke(Method.java:498)
	at org.testng.internal.MethodInvocationHelper.invokeMethod(MethodInvocationHelper.java:86)
	at org.testng.internal.Invoker.invokeMethod(Invoker.java:643)
	at org.testng.internal.Invoker.invokeTestMethod(Invoker.java:820)
	at org.testng.internal.Invoker.invokeTestMethods(Invoker.java:1128)
	at org.testng.internal.TestMethodWorker.invokeTestMethods(TestMethodWorker.java:129)
	at org.testng.internal.TestMethodWorker.run(TestMethodWorker.java:112)
	at org.testng.TestRunner.privateRun(TestRunner.java:782)
	at org.testng.TestRunner.run(TestRunner.java:632)
	at org.testng.SuiteRunner.runTest(SuiteRunner.java:366)
	at org.testng.SuiteRunner.runSequentially(SuiteRunner.java:361)
	at org.testng.SuiteRunner.privateRun(SuiteRunner.java:319)
	at org.testng.SuiteRunner.run(SuiteRunner.java:268)
	at org.testng.SuiteRunnerWorker.runSuite(SuiteRunnerWorker.java:52)
	at org.testng.SuiteRunnerWorker.run(SuiteRunnerWorker.java:86)
	at org.testng.TestNG.runSuitesSequentially(TestNG.java:1244)
	at org.testng.TestNG.runSuitesSequentially(TestNG.java:1240)
	at org.testng.TestNG.runSuitesLocally(TestNG.java:1169)
	at org.testng.TestNG.run(TestNG.java:1064)
	at org.testng.remote.RemoteTestNG.run(RemoteTestNG.java:113)
	at org.testng.remote.RemoteTestNG.initAndRun(RemoteTestNG.java:206)
	at org.testng.remote.RemoteTestNG.main(RemoteTestNG.java:177)
</pre></div></td>
<td>1</td>
<td>com.arcapi.ScenarioBasedTestcases.VerifyDatacoverage2108DataGetAPITest@7dc7cbad</td></tr>
<tr>
<td title='com.arcapi.ScenarioBasedTestcases.VerifyDatacoverageGetAPITest.VerifyDatacoverageGetAPI()'><b>VerifyDatacoverageGetAPI</b><br>Test class: com.arcapi.ScenarioBasedTestcases.VerifyDatacoverageGetAPITest<br>Parameters: QAS2, ProjectIDBuildingNone, 2</td>
<td><div><pre>java.lang.NumberFormatException: For input string: &quot;{coverage_flag=green, percentage=66.67}&quot;
	at sun.misc.FloatingDecimal.readJavaFormatString(FloatingDecimal.java:2043)
	at sun.misc.FloatingDecimal.parseDouble(FloatingDecimal.java:110)
	at java.lang.Double.parseDouble(Double.java:538)
	at com.arcapi.ScenarioBasedTestcases.VerifyDatacoverageGetAPITest.VerifyDatacoverageGetAPI(VerifyDatacoverageGetAPITest.java:51)
... Removed 25 stack frames</pre></div><a href='#' onClick='toggleBox("stack-trace741095751", this, "Click to show all stack frames", "Click to hide stack frames")'>Click to show all stack frames</a>
<div class='stack-trace' id='stack-trace741095751'><pre>java.lang.NumberFormatException: For input string: &quot;{coverage_flag=green, percentage=66.67}&quot;
	at sun.misc.FloatingDecimal.readJavaFormatString(FloatingDecimal.java:2043)
	at sun.misc.FloatingDecimal.parseDouble(FloatingDecimal.java:110)
	at java.lang.Double.parseDouble(Double.java:538)
	at com.arcapi.ScenarioBasedTestcases.VerifyDatacoverageGetAPITest.VerifyDatacoverageGetAPI(VerifyDatacoverageGetAPITest.java:51)
	at sun.reflect.NativeMethodAccessorImpl.invoke0(Native Method)
	at sun.reflect.NativeMethodAccessorImpl.invoke(NativeMethodAccessorImpl.java:62)
	at sun.reflect.DelegatingMethodAccessorImpl.invoke(DelegatingMethodAccessorImpl.java:43)
	at java.lang.reflect.Method.invoke(Method.java:498)
	at org.testng.internal.MethodInvocationHelper.invokeMethod(MethodInvocationHelper.java:86)
	at org.testng.internal.Invoker.invokeMethod(Invoker.java:643)
	at org.testng.internal.Invoker.invokeTestMethod(Invoker.java:820)
	at org.testng.internal.Invoker.invokeTestMethods(Invoker.java:1128)
	at org.testng.internal.TestMethodWorker.invokeTestMethods(TestMethodWorker.java:129)
	at org.testng.internal.TestMethodWorker.run(TestMethodWorker.java:112)
	at org.testng.TestRunner.privateRun(TestRunner.java:782)
	at org.testng.TestRunner.run(TestRunner.java:632)
	at org.testng.SuiteRunner.runTest(SuiteRunner.java:366)
	at org.testng.SuiteRunner.runSequentially(SuiteRunner.java:361)
	at org.testng.SuiteRunner.privateRun(SuiteRunner.java:319)
	at org.testng.SuiteRunner.run(SuiteRunner.java:268)
	at org.testng.SuiteRunnerWorker.runSuite(SuiteRunnerWorker.java:52)
	at org.testng.SuiteRunnerWorker.run(SuiteRunnerWorker.java:86)
	at org.testng.TestNG.runSuitesSequentially(TestNG.java:1244)
	at org.testng.TestNG.runSuitesSequentially(TestNG.java:1240)
	at org.testng.TestNG.runSuitesLocally(TestNG.java:1169)
	at org.testng.TestNG.run(TestNG.java:1064)
	at org.testng.remote.RemoteTestNG.run(RemoteTestNG.java:113)
	at org.testng.remote.RemoteTestNG.initAndRun(RemoteTestNG.java:206)
	at org.testng.remote.RemoteTestNG.main(RemoteTestNG.java:177)
</pre></div></td>
<td>1</td>
<td>com.arcapi.ScenarioBasedTestcases.VerifyDatacoverageGetAPITest@5034c75a</td></tr>
<tr>
<td title='com.arcapi.ScenarioBasedTestcases.VerifyGeneralRegularOccupantDatacoverageAPITest.VerifyGeneralRegularOccupantDatacoverageAPI()'><b>VerifyGeneralRegularOccupantDatacoverageAPI</b><br>Test class: com.arcapi.ScenarioBasedTestcases.VerifyGeneralRegularOccupantDatacoverageAPITest<br>Parameters: QAS2, ProjectIDBuildingNone, 2</td>
<td><div><pre>java.lang.NumberFormatException: For input string: &quot;{coverage_flag=green, percentage=25.0}&quot;
	at sun.misc.FloatingDecimal.readJavaFormatString(FloatingDecimal.java:2043)
	at sun.misc.FloatingDecimal.parseDouble(FloatingDecimal.java:110)
	at java.lang.Double.parseDouble(Double.java:538)
	at com.arcapi.ScenarioBasedTestcases.VerifyGeneralRegularOccupantDatacoverageAPITest.VerifyGeneralRegularOccupantDatacoverageAPI(VerifyGeneralRegularOccupantDatacoverageAPITest.java:51)
... Removed 25 stack frames</pre></div><a href='#' onClick='toggleBox("stack-trace919962315", this, "Click to show all stack frames", "Click to hide stack frames")'>Click to show all stack frames</a>
<div class='stack-trace' id='stack-trace919962315'><pre>java.lang.NumberFormatException: For input string: &quot;{coverage_flag=green, percentage=25.0}&quot;
	at sun.misc.FloatingDecimal.readJavaFormatString(FloatingDecimal.java:2043)
	at sun.misc.FloatingDecimal.parseDouble(FloatingDecimal.java:110)
	at java.lang.Double.parseDouble(Double.java:538)
	at com.arcapi.ScenarioBasedTestcases.VerifyGeneralRegularOccupantDatacoverageAPITest.VerifyGeneralRegularOccupantDatacoverageAPI(VerifyGeneralRegularOccupantDatacoverageAPITest.java:51)
	at sun.reflect.NativeMethodAccessorImpl.invoke0(Native Method)
	at sun.reflect.NativeMethodAccessorImpl.invoke(NativeMethodAccessorImpl.java:62)
	at sun.reflect.DelegatingMethodAccessorImpl.invoke(DelegatingMethodAccessorImpl.java:43)
	at java.lang.reflect.Method.invoke(Method.java:498)
	at org.testng.internal.MethodInvocationHelper.invokeMethod(MethodInvocationHelper.java:86)
	at org.testng.internal.Invoker.invokeMethod(Invoker.java:643)
	at org.testng.internal.Invoker.invokeTestMethod(Invoker.java:820)
	at org.testng.internal.Invoker.invokeTestMethods(Invoker.java:1128)
	at org.testng.internal.TestMethodWorker.invokeTestMethods(TestMethodWorker.java:129)
	at org.testng.internal.TestMethodWorker.run(TestMethodWorker.java:112)
	at org.testng.TestRunner.privateRun(TestRunner.java:782)
	at org.testng.TestRunner.run(TestRunner.java:632)
	at org.testng.SuiteRunner.runTest(SuiteRunner.java:366)
	at org.testng.SuiteRunner.runSequentially(SuiteRunner.java:361)
	at org.testng.SuiteRunner.privateRun(SuiteRunner.java:319)
	at org.testng.SuiteRunner.run(SuiteRunner.java:268)
	at org.testng.SuiteRunnerWorker.runSuite(SuiteRunnerWorker.java:52)
	at org.testng.SuiteRunnerWorker.run(SuiteRunnerWorker.java:86)
	at org.testng.TestNG.runSuitesSequentially(TestNG.java:1244)
	at org.testng.TestNG.runSuitesSequentially(TestNG.java:1240)
	at org.testng.TestNG.runSuitesLocally(TestNG.java:1169)
	at org.testng.TestNG.run(TestNG.java:1064)
	at org.testng.remote.RemoteTestNG.run(RemoteTestNG.java:113)
	at org.testng.remote.RemoteTestNG.initAndRun(RemoteTestNG.java:206)
	at org.testng.remote.RemoteTestNG.main(RemoteTestNG.java:177)
</pre></div></td>
<td>1</td>
<td>com.arcapi.ScenarioBasedTestcases.VerifyGeneralRegularOccupantDatacoverageAPITest@7f9a81e8</td></tr>
<tr>
<td title='com.arcapi.ScenarioBasedTestcases.VerifyGeneralVisitorOccupantDatacoverageAPITest.VerifyGeneralVisitorOccupantDatacoverageAPI()'><b>VerifyGeneralVisitorOccupantDatacoverageAPI</b><br>Test class: com.arcapi.ScenarioBasedTestcases.VerifyGeneralVisitorOccupantDatacoverageAPITest<br>Parameters: QAS2, ProjectIDBuildingNone, 2</td>
<td><div><pre>java.lang.AssertionError: The following asserts failed:
	expected [50.0] but found [25.0],
	expected [50.0] but found [{coverage_flag=green, percentage=75.0}]
	at com.arcapi.ScenarioBasedTestcases.VerifyGeneralVisitorOccupantDatacoverageAPITest.VerifyGeneralVisitorOccupantDatacoverageAPI(VerifyGeneralVisitorOccupantDatacoverageAPITest.java:62)
... Removed 26 stack frames</pre></div><a href='#' onClick='toggleBox("stack-trace29838617", this, "Click to show all stack frames", "Click to hide stack frames")'>Click to show all stack frames</a>
<div class='stack-trace' id='stack-trace29838617'><pre>java.lang.AssertionError: The following asserts failed:
	expected [50.0] but found [25.0],
	expected [50.0] but found [{coverage_flag=green, percentage=75.0}]
	at org.testng.asserts.SoftAssert.assertAll(SoftAssert.java:43)
	at com.arcapi.ScenarioBasedTestcases.VerifyGeneralVisitorOccupantDatacoverageAPITest.VerifyGeneralVisitorOccupantDatacoverageAPI(VerifyGeneralVisitorOccupantDatacoverageAPITest.java:62)
	at sun.reflect.NativeMethodAccessorImpl.invoke0(Native Method)
	at sun.reflect.NativeMethodAccessorImpl.invoke(NativeMethodAccessorImpl.java:62)
	at sun.reflect.DelegatingMethodAccessorImpl.invoke(DelegatingMethodAccessorImpl.java:43)
	at java.lang.reflect.Method.invoke(Method.java:498)
	at org.testng.internal.MethodInvocationHelper.invokeMethod(MethodInvocationHelper.java:86)
	at org.testng.internal.Invoker.invokeMethod(Invoker.java:643)
	at org.testng.internal.Invoker.invokeTestMethod(Invoker.java:820)
	at org.testng.internal.Invoker.invokeTestMethods(Invoker.java:1128)
	at org.testng.internal.TestMethodWorker.invokeTestMethods(TestMethodWorker.java:129)
	at org.testng.internal.TestMethodWorker.run(TestMethodWorker.java:112)
	at org.testng.TestRunner.privateRun(TestRunner.java:782)
	at org.testng.TestRunner.run(TestRunner.java:632)
	at org.testng.SuiteRunner.runTest(SuiteRunner.java:366)
	at org.testng.SuiteRunner.runSequentially(SuiteRunner.java:361)
	at org.testng.SuiteRunner.privateRun(SuiteRunner.java:319)
	at org.testng.SuiteRunner.run(SuiteRunner.java:268)
	at org.testng.SuiteRunnerWorker.runSuite(SuiteRunnerWorker.java:52)
	at org.testng.SuiteRunnerWorker.run(SuiteRunnerWorker.java:86)
	at org.testng.TestNG.runSuitesSequentially(TestNG.java:1244)
	at org.testng.TestNG.runSuitesSequentially(TestNG.java:1240)
	at org.testng.TestNG.runSuitesLocally(TestNG.java:1169)
	at org.testng.TestNG.run(TestNG.java:1064)
	at org.testng.remote.RemoteTestNG.run(RemoteTestNG.java:113)
	at org.testng.remote.RemoteTestNG.initAndRun(RemoteTestNG.java:206)
	at org.testng.remote.RemoteTestNG.main(RemoteTestNG.java:177)
</pre></div></td>
<td>1</td>
<td>com.arcapi.ScenarioBasedTestcases.VerifyGeneralVisitorOccupantDatacoverageAPITest@62ee68d8</td></tr>
</table><p>
<table width='100%' border='1' class='invocation-passed'>
<tr><td colspan='4' align='center'><b>PASSED TESTS</b></td></tr>
<tr><td><b>Test method</b></td>
<td width="30%"><b>Exception</b></td>
<td width="10%"><b>Time (seconds)</b></td>
<td><b>Instance</b></td>
</tr>
<tr>
<td title='com.arcapi.Common.AssetDetailAPITest.AssetDetailAPI()'><b>AssetDetailAPI</b><br>Test class: com.arcapi.Common.AssetDetailAPITest<br>Parameters: QAS2, ProjectIDBuildingNone, 2</td>
<td></td>
<td>2</td>
<td>com.arcapi.Common.AssetDetailAPITest@5dfcfece</td></tr>
<tr>
<td title='com.arcapi.ScenarioBasedTestcases.AssetNonUsgbcTeamMemberAddPOSTAPITest.AssetNonUsgbcTeamMemberAddPOSTAPI()'><b>AssetNonUsgbcTeamMemberAddPOSTAPI</b><br>Test class: com.arcapi.ScenarioBasedTestcases.AssetNonUsgbcTeamMemberAddPOSTAPITest<br>Parameters: QAS2, ProjectIDBuildingNone, 2</td>
<td></td>
<td>1</td>
<td>com.arcapi.ScenarioBasedTestcases.AssetNonUsgbcTeamMemberAddPOSTAPITest@68be2bc2</td></tr>
<tr>
<td title='com.arcapi.Common.AssetTeamMemberUpdateAPITest.AssetTeamMemberUpdateAPI()'><b>AssetTeamMemberUpdateAPI</b><br>Test class: com.arcapi.Common.AssetTeamMemberUpdateAPITest<br>Parameters: QAS2, ProjectIDBuildingNone, 2</td>
<td></td>
<td>1</td>
<td>com.arcapi.Common.AssetTeamMemberUpdateAPITest@28feb3fa</td></tr>
<tr>
<td title='com.arcapi.release1_18testcases.AssetUpdateExcludeSpacesTest.AssetUpdateExcludeSpaces()'><b>AssetUpdateExcludeSpaces</b><br>Test class: com.arcapi.release1_18testcases.AssetUpdateExcludeSpacesTest<br>Parameters: QAS2, ProjectIDBuildingNone, 2</td>
<td></td>
<td>2</td>
<td>com.arcapi.release1_18testcases.AssetUpdateExcludeSpacesTest@58651fd0</td></tr>
<tr>
<td title='com.arcapi.ScenarioBasedTestcases.CO2ConsumptionCreateAPITest.CO2ConsumptionCreateAPI()'><b>CO2ConsumptionCreateAPI</b><br>Test class: com.arcapi.ScenarioBasedTestcases.CO2ConsumptionCreateAPITest<br>Parameters: QAS2, ProjectIDBuildingNone, 2</td>
<td></td>
<td>1</td>
<td>com.arcapi.ScenarioBasedTestcases.CO2ConsumptionCreateAPITest@36d4b5c</td></tr>
<tr>
<td title='com.arcapi.Buildingtestcases.CreateAssetBuildingV3APITest.CreateAssetPOSTAPI()'><b>CreateAssetPOSTAPI</b><br>Test class: com.arcapi.Buildingtestcases.CreateAssetBuildingV3APITest<br>Parameters: building, ProjectIDBuildingNone, US, none, true</td>
<td></td>
<td>5</td>
<td>com.arcapi.Buildingtestcases.CreateAssetBuildingV3APITest@4439f31e</td></tr>
<tr>
<td title='com.arcapi.Buildingtestcases.ElectricityPurchasedFromGridCreatePOSTAPITest.ElectricityPurchasedFromGridCreatePOST()'><b>ElectricityPurchasedFromGridCreatePOST</b><br>Test class: com.arcapi.Buildingtestcases.ElectricityPurchasedFromGridCreatePOSTAPITest<br>Parameters: QAS2, ProjectIDBuildingNone, 2</td>
<td></td>
<td>1</td>
<td>com.arcapi.Buildingtestcases.ElectricityPurchasedFromGridCreatePOSTAPITest@5d5eef3d</td></tr>
<tr>
<td title='com.arcapi.ScenarioBasedTestcases.EnergyCreate180DaysDataPostAPITest.EnergyCreate180DaysDataPostAPI()'><b>EnergyCreate180DaysDataPostAPI</b><br>Test class: com.arcapi.ScenarioBasedTestcases.EnergyCreate180DaysDataPostAPITest</td>
<td></td>
<td>1</td>
<td>com.arcapi.ScenarioBasedTestcases.EnergyCreate180DaysDataPostAPITest@56f4468b</td></tr>
<tr>
<td title='com.arcapi.Buildingtestcases.ExcelTemplateMetersAPITest.ExcelTemplateMetersAPI()'><b>ExcelTemplateMetersAPI</b><br>Test class: com.arcapi.Buildingtestcases.ExcelTemplateMetersAPITest<br>Parameters: QAS2, ProjectIDBuildingNone, 2</td>
<td></td>
<td>2</td>
<td>com.arcapi.Buildingtestcases.ExcelTemplateMetersAPITest@23ceabc1</td></tr>
<tr>
<td title='com.arcapi.ScenarioBasedTestcases.ExcludeSpacesHumanExpOccupantPOSTAPITest.ExcludeSpacesHumanExpOccupantPOSTAPI()'><b>ExcludeSpacesHumanExpOccupantPOSTAPI</b><br>Test class: com.arcapi.ScenarioBasedTestcases.ExcludeSpacesHumanExpOccupantPOSTAPITest<br>Parameters: QAS2, ProjectIDBuildingNone, 2</td>
<td></td>
<td>1</td>
<td>com.arcapi.ScenarioBasedTestcases.ExcludeSpacesHumanExpOccupantPOSTAPITest@5419f379</td></tr>
<tr>
<td title='com.arcapi.ScenarioBasedTestcases.ExcludeSpacesTransportOccupantPOSTAPITest.ExcludeSpacesTransportOccupantPOSTAPI()'><b>ExcludeSpacesTransportOccupantPOSTAPI</b><br>Test class: com.arcapi.ScenarioBasedTestcases.ExcludeSpacesTransportOccupantPOSTAPITest<br>Parameters: QAS2, ProjectIDBuildingNone, 2</td>
<td></td>
<td>1</td>
<td>com.arcapi.ScenarioBasedTestcases.ExcludeSpacesTransportOccupantPOSTAPITest@4520ebad</td></tr>
<tr>
<td title='com.arcapi.Common.LoginAPITest.LoginAPI()'><b>LoginAPI</b><br>Test class: com.arcapi.Common.LoginAPITest</td>
<td></td>
<td>4</td>
<td>com.arcapi.Common.LoginAPITest@215be6bb</td></tr>
<tr>
<td title='com.arcapi.ScenarioBasedTestcases.NegUpdateTransportOccupantPOSTAPITest.NegUpdateTransportOccupantPOSTAPI()'><b>NegUpdateTransportOccupantPOSTAPI</b><br>Test class: com.arcapi.ScenarioBasedTestcases.NegUpdateTransportOccupantPOSTAPITest<br>Parameters: QAS2, ProjectIDBuildingNone, 2</td>
<td></td>
<td>1</td>
<td>com.arcapi.ScenarioBasedTestcases.NegUpdateTransportOccupantPOSTAPITest@735b5592</td></tr>
<tr>
<td title='com.arcapi.ScenarioBasedTestcases.OccupatGeneralRegularVisitorUpdateAPITest.OccupatGeneralRegularVisitorUpdateAPI()'><b>OccupatGeneralRegularVisitorUpdateAPI</b><br>Test class: com.arcapi.ScenarioBasedTestcases.OccupatGeneralRegularVisitorUpdateAPITest<br>Parameters: QAS2, ProjectIDBuildingNone, 2</td>
<td></td>
<td>1</td>
<td>com.arcapi.ScenarioBasedTestcases.OccupatGeneralRegularVisitorUpdateAPITest@396a51ab</td></tr>
<tr>
<td title='com.arcapi.Common.ScoreVersionExtensionRequestQuerySetGetAPITest.ScoreVersionExtensionRequestQuerySetGetAPI()'><b>ScoreVersionExtensionRequestQuerySetGetAPI</b><br>Test class: com.arcapi.Common.ScoreVersionExtensionRequestQuerySetGetAPITest<br>Parameters: QAS2, ProjectIDBuildingNone, 2</td>
<td></td>
<td>1</td>
<td>com.arcapi.Common.ScoreVersionExtensionRequestQuerySetGetAPITest@7c16905e</td></tr>
<tr>
<td title='com.arcapi.Common.ScoreVersionExtensionRequestUpdatePostAPITest.ScoreVersionExtensionRequestUpdatePostAPI()'><b>ScoreVersionExtensionRequestUpdatePostAPI</b><br>Test class: com.arcapi.Common.ScoreVersionExtensionRequestUpdatePostAPITest<br>Parameters: QAS2, ProjectIDBuildingNone, 2</td>
<td></td>
<td>1</td>
<td>com.arcapi.Common.ScoreVersionExtensionRequestUpdatePostAPITest@2a2d45ba</td></tr>
<tr>
<td title='com.arcapi.Common.ScoreVersionExtensionRequestUpdateQuerysetGetAPITest.ScoreVersionExtensionRequestUpdateQuerysetGetAPI()'><b>ScoreVersionExtensionRequestUpdateQuerysetGetAPI</b><br>Test class: com.arcapi.Common.ScoreVersionExtensionRequestUpdateQuerysetGetAPITest<br>Parameters: QAS2, ProjectIDBuildingNone, 2</td>
<td></td>
<td>1</td>
<td>com.arcapi.Common.ScoreVersionExtensionRequestUpdateQuerysetGetAPITest@2a5ca609</td></tr>
<tr>
<td title='com.arcapi.Common.ScoreVersionExtensionUpdatePostAPITest.ScoreVersionExtensionUpdatePost()'><b>ScoreVersionExtensionUpdatePost</b><br>Test class: com.arcapi.Common.ScoreVersionExtensionUpdatePostAPITest<br>Parameters: QAS2, ProjectIDBuildingNone, 2</td>
<td></td>
<td>1</td>
<td>com.arcapi.Common.ScoreVersionExtensionUpdatePostAPITest@1753acfe</td></tr>
<tr>
<td title='com.arcapi.Common.ScoreVersionNotificationPOSTAPITest.ScoreVersionNotificationPOSTAPI()'><b>ScoreVersionNotificationPOSTAPI</b><br>Test class: com.arcapi.Common.ScoreVersionNotificationPOSTAPITest<br>Parameters: QAS2, ProjectIDBuildingNone, 2</td>
<td></td>
<td>1</td>
<td>com.arcapi.Common.ScoreVersionNotificationPOSTAPITest@4f933fd1</td></tr>
<tr>
<td title='com.arcapi.ScenarioBasedTestcases.SetGeneralAllOccupantPUTAPITest.SetGeneralAllOccupantPUTAPI()'><b>SetGeneralAllOccupantPUTAPI</b><br>Test class: com.arcapi.ScenarioBasedTestcases.SetGeneralAllOccupantPUTAPITest<br>Parameters: QAS2, ProjectIDBuildingNone, 2</td>
<td></td>
<td>2</td>
<td>com.arcapi.ScenarioBasedTestcases.SetGeneralAllOccupantPUTAPITest@51efea79</td></tr>
<tr>
<td title='com.arcapi.ScenarioBasedTestcases.SetGeneralVisitorOccupantPUTAPITest.SetGeneralVisitorOccupantPUTAPI()'><b>SetGeneralVisitorOccupantPUTAPI</b><br>Test class: com.arcapi.ScenarioBasedTestcases.SetGeneralVisitorOccupantPUTAPITest<br>Parameters: QAS2, ProjectIDBuildingNone, 2</td>
<td></td>
<td>1</td>
<td>com.arcapi.ScenarioBasedTestcases.SetGeneralVisitorOccupantPUTAPITest@9629756</td></tr>
<tr>
<td title='com.arcapi.Common.Neg.SubmitReviewPOSTAPITest.SubmitReviewPOSTAPI()'><b>SubmitReviewPOSTAPI</b><br>Test class: com.arcapi.Common.Neg.SubmitReviewPOSTAPITest<br>Parameters: QAS2, ProjectIDBuildingNone, 2, building, performance score</td>
<td></td>
<td>1</td>
<td>com.arcapi.Common.Neg.SubmitReviewPOSTAPITest@d2cc05a</td></tr>
<tr>
<td title='com.arcapi.Buildingtestcases.SurveyAllRoutesFeedbackRegularAPIPOSTAPITest.SurveyAllRoutesFeedbackRegularAPI()'><b>SurveyAllRoutesFeedbackRegularAPI</b><br>Test class: com.arcapi.Buildingtestcases.SurveyAllRoutesFeedbackRegularAPIPOSTAPITest<br>Parameters: QAS2, ProjectIDBuildingNone, 2</td>
<td></td>
<td>1</td>
<td>com.arcapi.Buildingtestcases.SurveyAllRoutesFeedbackRegularAPIPOSTAPITest@643b1d11</td></tr>
<tr>
<td title='com.arcapi.Buildingtestcases.SurveyAllRoutesFeedbackVisitorAPIPOSTAPITest.SurveyAllRoutesFeedbackVisitorAPI()'><b>SurveyAllRoutesFeedbackVisitorAPI</b><br>Test class: com.arcapi.Buildingtestcases.SurveyAllRoutesFeedbackVisitorAPIPOSTAPITest<br>Parameters: QAS2, ProjectIDBuildingNone, 2</td>
<td></td>
<td>1</td>
<td>com.arcapi.Buildingtestcases.SurveyAllRoutesFeedbackVisitorAPIPOSTAPITest@2ef5e5e3</td></tr>
<tr>
<td title='com.arcapi.ScenarioBasedTestcases.TeamManagerAddPOSTAPITest.TeamManagerAddPOSTAPI()'><b>TeamManagerAddPOSTAPI</b><br>Test class: com.arcapi.ScenarioBasedTestcases.TeamManagerAddPOSTAPITest<br>Parameters: QAS2, ProjectIDBuildingNone, 2</td>
<td></td>
<td>1</td>
<td>com.arcapi.ScenarioBasedTestcases.TeamManagerAddPOSTAPITest@675d3402</td></tr>
<tr>
<td title='com.arcapi.ScenarioBasedTestcases.VOCConsumptionCreateAPITest.VOCConsumptionCreateAPI()'><b>VOCConsumptionCreateAPI</b><br>Test class: com.arcapi.ScenarioBasedTestcases.VOCConsumptionCreateAPITest<br>Parameters: QAS2, ProjectIDBuildingNone, 2</td>
<td></td>
<td>1</td>
<td>com.arcapi.ScenarioBasedTestcases.VOCConsumptionCreateAPITest@6d00a15d</td></tr>
<tr>
<td title='com.arcapi.ScenarioBasedTestcases.SetGeneralRegularOccupantPUTAPITest.VerifyGeneralRegularOccupantDatacoverageAPI()'><b>VerifyGeneralRegularOccupantDatacoverageAPI</b><br>Test class: com.arcapi.ScenarioBasedTestcases.SetGeneralRegularOccupantPUTAPITest<br>Parameters: QAS2, ProjectIDBuildingNone, 2</td>
<td></td>
<td>2</td>
<td>com.arcapi.ScenarioBasedTestcases.SetGeneralRegularOccupantPUTAPITest@51081592</td></tr>
<tr>
<td title='com.arcapi.Buildingtestcases.WasteCreatePOSTAPITest.WasteCreatePOSTAPI()'><b>WasteCreatePOSTAPI</b><br>Test class: com.arcapi.Buildingtestcases.WasteCreatePOSTAPITest<br>Parameters: QAS2, ProjectIDBuildingNone, 2</td>
<td></td>
<td>1</td>
<td>com.arcapi.Buildingtestcases.WasteCreatePOSTAPITest@100fc185</td></tr>
<tr>
<td title='com.arcapi.ScenarioBasedTestcases.WaterCreate180DaysDataPostAPITest.WaterCreate180DaysDataPostAPI()'><b>WaterCreate180DaysDataPostAPI</b><br>Test class: com.arcapi.ScenarioBasedTestcases.WaterCreate180DaysDataPostAPITest</td>
<td></td>
<td>1</td>
<td>com.arcapi.ScenarioBasedTestcases.WaterCreate180DaysDataPostAPITest@3a82f6ef</td></tr>
<tr>
<td title='com.arcapi.Buildingtestcases.MunicipalitySuppliedPortableWaterCreatePOSTAPITest.municipalitySuppliedPortableWaterCreatePOSTAPI()'><b>municipalitySuppliedPortableWaterCreatePOSTAPI</b><br>Test class: com.arcapi.Buildingtestcases.MunicipalitySuppliedPortableWaterCreatePOSTAPITest<br>Parameters: QAS2, ProjectIDBuildingNone, 2</td>
<td></td>
<td>1</td>
<td>com.arcapi.Buildingtestcases.MunicipalitySuppliedPortableWaterCreatePOSTAPITest@6cc4c815</td></tr>
</table><p>
</body>
</html>