<?xml version="1.0" encoding="UTF-8"?>
<!-- Generated by org.testng.reporters.JUnitXMLReporter -->
<testsuite hostname="G10GGNLT052" name="SpaceTypeAndOwnerTypeValidation-Building" tests="2" failures="1" timestamp="21 Aug 2019 04:42:44 GMT" time="0.123" errors="0">
  <testcase name="@AfterMethod teardown" time="0.0" classname="com.arcapi.ScenarioBasedTestcases.CheckSpaceTypeBuildingOtherAPITest">
    <failure type="java.lang.Error" message="Unresolved compilation problems: 
	LogStatus cannot be resolved to a variable
	LogStatus cannot be resolved to a variable
	LogStatus cannot be resolved to a variable
	The method endTest(Test) in the type Report is not applicable for the arguments (ExtentTest)
">
      <![CDATA[java.lang.Error: Unresolved compilation problems: 
	LogStatus cannot be resolved to a variable
	LogStatus cannot be resolved to a variable
	LogStatus cannot be resolved to a variable
	The method endTest(Test) in the type Report is not applicable for the arguments (ExtentTest)

	at com.arcapi.ScenarioBasedTestcases.CheckSpaceTypeBuildingOtherAPITest.teardown(CheckSpaceTypeBuildingOtherAPITest.java:253)
... Removed 27 stack frames]]>
    </failure>
  </testcase> <!-- @AfterMethod teardown -->
  <testcase name="@AfterClass end" time="0.0" classname="com.arcapi.ScenarioBasedTestcases.CheckSpaceTypeBuildingOtherAPITest">
    <skipped/>
  </testcase> <!-- @AfterClass end -->
  <testcase name="@BeforeClass getSuiteName" time="0.0" classname="com.arcapi.ScenarioBasedTestcases.CheckOwnerTypeBuildingOtherAPITest">
    <skipped/>
  </testcase> <!-- @BeforeClass getSuiteName -->
  <testcase name="@BeforeClass setBaseUri" time="0.0" classname="com.arcapi.ScenarioBasedTestcases.CheckOwnerTypeBuildingOtherAPITest">
    <skipped/>
  </testcase> <!-- @BeforeClass setBaseUri -->
  <testcase name="@BeforeMethod ExtentReportConfig" time="0.0" classname="com.arcapi.ScenarioBasedTestcases.CheckOwnerTypeBuildingOtherAPITest">
    <skipped/>
  </testcase> <!-- @BeforeMethod ExtentReportConfig -->
  <testcase name="@BeforeMethod startTest" time="0.0" classname="com.arcapi.ScenarioBasedTestcases.CheckOwnerTypeBuildingOtherAPITest">
    <skipped/>
  </testcase> <!-- @BeforeMethod startTest -->
  <testcase name="@AfterMethod teardown" time="0.0" classname="com.arcapi.ScenarioBasedTestcases.CheckOwnerTypeBuildingOtherAPITest">
    <skipped/>
  </testcase> <!-- @AfterMethod teardown -->
  <testcase name="@AfterClass end" time="0.0" classname="com.arcapi.ScenarioBasedTestcases.CheckOwnerTypeBuildingOtherAPITest">
    <skipped/>
  </testcase> <!-- @AfterClass end -->
  <testcase name="CreateAssetPOSTAPI" time="0.0" classname="com.arcapi.ScenarioBasedTestcases.CheckSpaceTypeBuildingOtherAPITest">
    <failure type="java.lang.Error" message="Unresolved compilation problem: 
	The method startTest(String, String) is undefined for the type ExtentReports
">
      <![CDATA[java.lang.Error: Unresolved compilation problem: 
	The method startTest(String, String) is undefined for the type ExtentReports

	at com.arcapi.ScenarioBasedTestcases.CheckSpaceTypeBuildingOtherAPITest.CreateAssetPOSTAPI(CheckSpaceTypeBuildingOtherAPITest.java:33)
... Removed 25 stack frames]]>
    </failure>
  </testcase> <!-- CreateAssetPOSTAPI -->
  <testcase name="CreateAssetPOSTAPI" time="0.0" classname="com.arcapi.ScenarioBasedTestcases.CheckOwnerTypeBuildingOtherAPITest">
    <skipped/>
  </testcase> <!-- CreateAssetPOSTAPI -->
</testsuite> <!-- SpaceTypeAndOwnerTypeValidation-Building -->
