<html>
<head>
<title>TestNG:  TeamScenario-TeamManager</title>
<link href="../testng.css" rel="stylesheet" type="text/css" />
<link href="../my-testng.css" rel="stylesheet" type="text/css" />

<style type="text/css">
.log { display: none;} 
.stack-trace { display: none;} 
</style>
<script type="text/javascript">
<!--
function flip(e) {
  current = e.style.display;
  if (current == 'block') {
    e.style.display = 'none';
    return 0;
  }
  else {
    e.style.display = 'block';
    return 1;
  }
}

function toggleBox(szDivId, elem, msg1, msg2)
{
  var res = -1;  if (document.getElementById) {
    res = flip(document.getElementById(szDivId));
  }
  else if (document.all) {
    // this is the way old msie versions work
    res = flip(document.all[szDivId]);
  }
  if(elem) {
    if(res == 0) elem.innerHTML = msg1; else elem.innerHTML = msg2;
  }

}

function toggleAllBoxes() {
  if (document.getElementsByTagName) {
    d = document.getElementsByTagName('div');
    for (i = 0; i < d.length; i++) {
      if (d[i].className == 'log') {
        flip(d[i]);
      }
    }
  }
}

// -->
</script>

</head>
<body>
<h2 align='center'>TeamScenario-TeamManager</h2><table border='1' align="center">
<tr>
<td>Tests passed/Failed/Skipped:</td><td>1/1/10</td>
</tr><tr>
<td>Started on:</td><td>Wed Aug 21 10:12:39 IST 2019</td>
</tr>
<tr><td>Total time:</td><td>2 seconds (2678 ms)</td>
</tr><tr>
<td>Included groups:</td><td></td>
</tr><tr>
<td>Excluded groups:</td><td></td>
</tr>
</table><p/>
<small><i>(Hover the method name to see the test class name)</i></small><p/>
<table width='100%' border='1' class='invocation-failed'>
<tr><td colspan='4' align='center'><b>FAILED CONFIGURATIONS</b></td></tr>
<tr><td><b>Test method</b></td>
<td width="30%"><b>Exception</b></td>
<td width="10%"><b>Time (seconds)</b></td>
<td><b>Instance</b></td>
</tr>
<tr>
<td title='com.arcapi.Buildingtestcases.CreateAssetBuildingOtherAPITest.teardown()'><b>teardown</b><br>Test class: com.arcapi.Buildingtestcases.CreateAssetBuildingOtherAPITest<br>Parameters: [TestResult name=CreateAssetPOSTAPI status=FAILURE method=CreateAssetBuildingOtherAPITest.CreateAssetPOSTAPI(java.lang.String, java.lang.String, java.lang.String, int, java.lang.String)[pri:0, instance:com.arcapi.Buildingtestcases.CreateAssetBuildingOtherAPITest@2a4fb17b] output={null}]</td>
<td><div><pre>java.lang.Error: Unresolved compilation problems: 
	LogStatus cannot be resolved to a variable
	LogStatus cannot be resolved to a variable
	LogStatus cannot be resolved to a variable
	The method endTest(Test) in the type Report is not applicable for the arguments (ExtentTest)

	at com.arcapi.Buildingtestcases.CreateAssetBuildingOtherAPITest.teardown(CreateAssetBuildingOtherAPITest.java:204)
... Removed 27 stack frames</pre></div><a href='#' onClick='toggleBox("stack-trace28600666", this, "Click to show all stack frames", "Click to hide stack frames")'>Click to show all stack frames</a>
<div class='stack-trace' id='stack-trace28600666'><pre>java.lang.Error: Unresolved compilation problems: 
	LogStatus cannot be resolved to a variable
	LogStatus cannot be resolved to a variable
	LogStatus cannot be resolved to a variable
	The method endTest(Test) in the type Report is not applicable for the arguments (ExtentTest)

	at com.arcapi.Buildingtestcases.CreateAssetBuildingOtherAPITest.teardown(CreateAssetBuildingOtherAPITest.java:204)
	at sun.reflect.NativeMethodAccessorImpl.invoke0(Native Method)
	at sun.reflect.NativeMethodAccessorImpl.invoke(NativeMethodAccessorImpl.java:62)
	at sun.reflect.DelegatingMethodAccessorImpl.invoke(DelegatingMethodAccessorImpl.java:43)
	at java.lang.reflect.Method.invoke(Method.java:498)
	at org.testng.internal.MethodInvocationHelper.invokeMethod(MethodInvocationHelper.java:86)
	at org.testng.internal.Invoker.invokeConfigurationMethod(Invoker.java:514)
	at org.testng.internal.Invoker.invokeConfigurations(Invoker.java:215)
	at org.testng.internal.Invoker.invokeMethod(Invoker.java:707)
	at org.testng.internal.Invoker.invokeTestMethod(Invoker.java:820)
	at org.testng.internal.Invoker.invokeTestMethods(Invoker.java:1128)
	at org.testng.internal.TestMethodWorker.invokeTestMethods(TestMethodWorker.java:129)
	at org.testng.internal.TestMethodWorker.run(TestMethodWorker.java:112)
	at org.testng.TestRunner.privateRun(TestRunner.java:782)
	at org.testng.TestRunner.run(TestRunner.java:632)
	at org.testng.SuiteRunner.runTest(SuiteRunner.java:366)
	at org.testng.SuiteRunner.runSequentially(SuiteRunner.java:361)
	at org.testng.SuiteRunner.privateRun(SuiteRunner.java:319)
	at org.testng.SuiteRunner.run(SuiteRunner.java:268)
	at org.testng.SuiteRunnerWorker.runSuite(SuiteRunnerWorker.java:52)
	at org.testng.SuiteRunnerWorker.run(SuiteRunnerWorker.java:86)
	at org.testng.TestNG.runSuitesSequentially(TestNG.java:1244)
	at org.testng.TestNG.runSuitesSequentially(TestNG.java:1240)
	at org.testng.TestNG.runSuitesLocally(TestNG.java:1169)
	at org.testng.TestNG.run(TestNG.java:1064)
	at org.testng.remote.RemoteTestNG.run(RemoteTestNG.java:113)
	at org.testng.remote.RemoteTestNG.initAndRun(RemoteTestNG.java:206)
	at org.testng.remote.RemoteTestNG.main(RemoteTestNG.java:177)
</pre></div></td>
<td>0</td>
<td>com.arcapi.Buildingtestcases.CreateAssetBuildingOtherAPITest@2a4fb17b</td></tr>
</table><p>
<table width='100%' border='1' class='invocation-skipped'>
<tr><td colspan='4' align='center'><b>SKIPPED CONFIGURATIONS</b></td></tr>
<tr><td><b>Test method</b></td>
<td width="30%"><b>Exception</b></td>
<td width="10%"><b>Time (seconds)</b></td>
<td><b>Instance</b></td>
</tr>
<tr>
<td title='com.arcapi.Buildingtestcases.SignAgreementRegistrationAPITest.getSuiteName()'><b>getSuiteName</b><br>Test class: com.arcapi.Buildingtestcases.SignAgreementRegistrationAPITest</td>
<td></td>
<td>0</td>
<td>com.arcapi.Buildingtestcases.SignAgreementRegistrationAPITest@5c6648b0</td></tr>
<tr>
<td title='com.arcapi.Buildingtestcases.SignAgreementRegistrationAPITest.setBaseUri()'><b>setBaseUri</b><br>Test class: com.arcapi.Buildingtestcases.SignAgreementRegistrationAPITest</td>
<td></td>
<td>0</td>
<td>com.arcapi.Buildingtestcases.SignAgreementRegistrationAPITest@5c6648b0</td></tr>
<tr>
<td title='com.arcapi.Buildingtestcases.RegistrationPaymentPricingGetAPITest.getSuiteName()'><b>getSuiteName</b><br>Test class: com.arcapi.Buildingtestcases.RegistrationPaymentPricingGetAPITest</td>
<td></td>
<td>0</td>
<td>com.arcapi.Buildingtestcases.RegistrationPaymentPricingGetAPITest@6f1de4c7</td></tr>
<tr>
<td title='com.arcapi.Buildingtestcases.RegistrationPaymentPricingGetAPITest.setBaseUri()'><b>setBaseUri</b><br>Test class: com.arcapi.Buildingtestcases.RegistrationPaymentPricingGetAPITest</td>
<td></td>
<td>0</td>
<td>com.arcapi.Buildingtestcases.RegistrationPaymentPricingGetAPITest@6f1de4c7</td></tr>
<tr>
<td title='com.arcapi.Buildingtestcases.PaymentOrderSubmitPOSTAPITest.getSuiteName()'><b>getSuiteName</b><br>Test class: com.arcapi.Buildingtestcases.PaymentOrderSubmitPOSTAPITest</td>
<td></td>
<td>0</td>
<td>com.arcapi.Buildingtestcases.PaymentOrderSubmitPOSTAPITest@459e9125</td></tr>
<tr>
<td title='com.arcapi.Buildingtestcases.PaymentOrderSubmitPOSTAPITest.setBaseUri()'><b>setBaseUri</b><br>Test class: com.arcapi.Buildingtestcases.PaymentOrderSubmitPOSTAPITest</td>
<td></td>
<td>0</td>
<td>com.arcapi.Buildingtestcases.PaymentOrderSubmitPOSTAPITest@459e9125</td></tr>
<tr>
<td title='com.arcapi.Buildingtestcases.AddAssestTimelinePOSTAPITest.getSuiteName()'><b>getSuiteName</b><br>Test class: com.arcapi.Buildingtestcases.AddAssestTimelinePOSTAPITest</td>
<td></td>
<td>0</td>
<td>com.arcapi.Buildingtestcases.AddAssestTimelinePOSTAPITest@128d2484</td></tr>
<tr>
<td title='com.arcapi.Buildingtestcases.AddAssestTimelinePOSTAPITest.setBaseUri()'><b>setBaseUri</b><br>Test class: com.arcapi.Buildingtestcases.AddAssestTimelinePOSTAPITest</td>
<td></td>
<td>0</td>
<td>com.arcapi.Buildingtestcases.AddAssestTimelinePOSTAPITest@128d2484</td></tr>
<tr>
<td title='com.arcapi.ScenarioBasedTestcases.AssetTeamMemberAddPOSTAPITest.getSuiteName()'><b>getSuiteName</b><br>Test class: com.arcapi.ScenarioBasedTestcases.AssetTeamMemberAddPOSTAPITest</td>
<td></td>
<td>0</td>
<td>com.arcapi.ScenarioBasedTestcases.AssetTeamMemberAddPOSTAPITest@7cc0cdad</td></tr>
<tr>
<td title='com.arcapi.ScenarioBasedTestcases.AssetTeamMemberAddPOSTAPITest.setBaseUri()'><b>setBaseUri</b><br>Test class: com.arcapi.ScenarioBasedTestcases.AssetTeamMemberAddPOSTAPITest</td>
<td></td>
<td>0</td>
<td>com.arcapi.ScenarioBasedTestcases.AssetTeamMemberAddPOSTAPITest@7cc0cdad</td></tr>
<tr>
<td title='com.arcapi.ScenarioBasedTestcases.LoginAPITest.getSuiteName()'><b>getSuiteName</b><br>Test class: com.arcapi.ScenarioBasedTestcases.LoginAPITest</td>
<td></td>
<td>0</td>
<td>com.arcapi.ScenarioBasedTestcases.LoginAPITest@7c7b252e</td></tr>
<tr>
<td title='com.arcapi.ScenarioBasedTestcases.LoginAPITest.setBaseUri()'><b>setBaseUri</b><br>Test class: com.arcapi.ScenarioBasedTestcases.LoginAPITest</td>
<td></td>
<td>0</td>
<td>com.arcapi.ScenarioBasedTestcases.LoginAPITest@7c7b252e</td></tr>
<tr>
<td title='com.arcapi.ScenarioBasedTestcases.AssetTeamMemberUpdateAPITest.getSuiteName()'><b>getSuiteName</b><br>Test class: com.arcapi.ScenarioBasedTestcases.AssetTeamMemberUpdateAPITest</td>
<td></td>
<td>0</td>
<td>com.arcapi.ScenarioBasedTestcases.AssetTeamMemberUpdateAPITest@4d5d943d</td></tr>
<tr>
<td title='com.arcapi.ScenarioBasedTestcases.AssetTeamMemberUpdateAPITest.setBaseUri()'><b>setBaseUri</b><br>Test class: com.arcapi.ScenarioBasedTestcases.AssetTeamMemberUpdateAPITest</td>
<td></td>
<td>0</td>
<td>com.arcapi.ScenarioBasedTestcases.AssetTeamMemberUpdateAPITest@4d5d943d</td></tr>
<tr>
<td title='com.arcapi.ScenarioBasedTestcases.AssetTeamMemberRemoveAPITest.getSuiteName()'><b>getSuiteName</b><br>Test class: com.arcapi.ScenarioBasedTestcases.AssetTeamMemberRemoveAPITest</td>
<td></td>
<td>0</td>
<td>com.arcapi.ScenarioBasedTestcases.AssetTeamMemberRemoveAPITest@368f2016</td></tr>
<tr>
<td title='com.arcapi.ScenarioBasedTestcases.AssetTeamMemberRemoveAPITest.setBaseUri()'><b>setBaseUri</b><br>Test class: com.arcapi.ScenarioBasedTestcases.AssetTeamMemberRemoveAPITest</td>
<td></td>
<td>0</td>
<td>com.arcapi.ScenarioBasedTestcases.AssetTeamMemberRemoveAPITest@368f2016</td></tr>
<tr>
<td title='com.arcapi.ScenarioBasedTestcases.AssetTeamMemberUpdateAdminAPITest.getSuiteName()'><b>getSuiteName</b><br>Test class: com.arcapi.ScenarioBasedTestcases.AssetTeamMemberUpdateAdminAPITest</td>
<td></td>
<td>0</td>
<td>com.arcapi.ScenarioBasedTestcases.AssetTeamMemberUpdateAdminAPITest@4c583ecf</td></tr>
<tr>
<td title='com.arcapi.ScenarioBasedTestcases.AssetTeamMemberUpdateAdminAPITest.setBaseUri()'><b>setBaseUri</b><br>Test class: com.arcapi.ScenarioBasedTestcases.AssetTeamMemberUpdateAdminAPITest</td>
<td></td>
<td>0</td>
<td>com.arcapi.ScenarioBasedTestcases.AssetTeamMemberUpdateAdminAPITest@4c583ecf</td></tr>
<tr>
<td title='com.arcapi.ScenarioBasedTestcases.AssetTeamMemberRemoveAdminAPITest.getSuiteName()'><b>getSuiteName</b><br>Test class: com.arcapi.ScenarioBasedTestcases.AssetTeamMemberRemoveAdminAPITest</td>
<td></td>
<td>0</td>
<td>com.arcapi.ScenarioBasedTestcases.AssetTeamMemberRemoveAdminAPITest@692f203f</td></tr>
<tr>
<td title='com.arcapi.ScenarioBasedTestcases.AssetTeamMemberRemoveAdminAPITest.setBaseUri()'><b>setBaseUri</b><br>Test class: com.arcapi.ScenarioBasedTestcases.AssetTeamMemberRemoveAdminAPITest</td>
<td></td>
<td>0</td>
<td>com.arcapi.ScenarioBasedTestcases.AssetTeamMemberRemoveAdminAPITest@692f203f</td></tr>
<tr>
<td title='com.arcapi.Buildingtestcases.SignAgreementRegistrationAPITest.ExtentReportConfig()'><b>ExtentReportConfig</b><br>Test class: com.arcapi.Buildingtestcases.SignAgreementRegistrationAPITest</td>
<td></td>
<td>0</td>
<td>com.arcapi.Buildingtestcases.SignAgreementRegistrationAPITest@5c6648b0</td></tr>
<tr>
<td title='com.arcapi.Buildingtestcases.SignAgreementRegistrationAPITest.startTest()'><b>startTest</b><br>Test class: com.arcapi.Buildingtestcases.SignAgreementRegistrationAPITest</td>
<td></td>
<td>0</td>
<td>com.arcapi.Buildingtestcases.SignAgreementRegistrationAPITest@5c6648b0</td></tr>
<tr>
<td title='com.arcapi.Buildingtestcases.RegistrationPaymentPricingGetAPITest.ExtentReportConfig()'><b>ExtentReportConfig</b><br>Test class: com.arcapi.Buildingtestcases.RegistrationPaymentPricingGetAPITest</td>
<td></td>
<td>0</td>
<td>com.arcapi.Buildingtestcases.RegistrationPaymentPricingGetAPITest@6f1de4c7</td></tr>
<tr>
<td title='com.arcapi.Buildingtestcases.RegistrationPaymentPricingGetAPITest.startTest()'><b>startTest</b><br>Test class: com.arcapi.Buildingtestcases.RegistrationPaymentPricingGetAPITest</td>
<td></td>
<td>0</td>
<td>com.arcapi.Buildingtestcases.RegistrationPaymentPricingGetAPITest@6f1de4c7</td></tr>
<tr>
<td title='com.arcapi.Buildingtestcases.PaymentOrderSubmitPOSTAPITest.ExtentReportConfig()'><b>ExtentReportConfig</b><br>Test class: com.arcapi.Buildingtestcases.PaymentOrderSubmitPOSTAPITest</td>
<td></td>
<td>0</td>
<td>com.arcapi.Buildingtestcases.PaymentOrderSubmitPOSTAPITest@459e9125</td></tr>
<tr>
<td title='com.arcapi.Buildingtestcases.PaymentOrderSubmitPOSTAPITest.startTest()'><b>startTest</b><br>Test class: com.arcapi.Buildingtestcases.PaymentOrderSubmitPOSTAPITest</td>
<td></td>
<td>0</td>
<td>com.arcapi.Buildingtestcases.PaymentOrderSubmitPOSTAPITest@459e9125</td></tr>
<tr>
<td title='com.arcapi.Buildingtestcases.AddAssestTimelinePOSTAPITest.ExtentReportConfig()'><b>ExtentReportConfig</b><br>Test class: com.arcapi.Buildingtestcases.AddAssestTimelinePOSTAPITest</td>
<td></td>
<td>0</td>
<td>com.arcapi.Buildingtestcases.AddAssestTimelinePOSTAPITest@128d2484</td></tr>
<tr>
<td title='com.arcapi.Buildingtestcases.AddAssestTimelinePOSTAPITest.startTest()'><b>startTest</b><br>Test class: com.arcapi.Buildingtestcases.AddAssestTimelinePOSTAPITest</td>
<td></td>
<td>0</td>
<td>com.arcapi.Buildingtestcases.AddAssestTimelinePOSTAPITest@128d2484</td></tr>
<tr>
<td title='com.arcapi.ScenarioBasedTestcases.AssetTeamMemberAddPOSTAPITest.ExtentReportConfig()'><b>ExtentReportConfig</b><br>Test class: com.arcapi.ScenarioBasedTestcases.AssetTeamMemberAddPOSTAPITest</td>
<td></td>
<td>0</td>
<td>com.arcapi.ScenarioBasedTestcases.AssetTeamMemberAddPOSTAPITest@7cc0cdad</td></tr>
<tr>
<td title='com.arcapi.ScenarioBasedTestcases.AssetTeamMemberAddPOSTAPITest.startTest()'><b>startTest</b><br>Test class: com.arcapi.ScenarioBasedTestcases.AssetTeamMemberAddPOSTAPITest</td>
<td></td>
<td>0</td>
<td>com.arcapi.ScenarioBasedTestcases.AssetTeamMemberAddPOSTAPITest@7cc0cdad</td></tr>
<tr>
<td title='com.arcapi.ScenarioBasedTestcases.LoginAPITest.ExtentReportConfig()'><b>ExtentReportConfig</b><br>Test class: com.arcapi.ScenarioBasedTestcases.LoginAPITest</td>
<td></td>
<td>0</td>
<td>com.arcapi.ScenarioBasedTestcases.LoginAPITest@7c7b252e</td></tr>
<tr>
<td title='com.arcapi.ScenarioBasedTestcases.LoginAPITest.startTest()'><b>startTest</b><br>Test class: com.arcapi.ScenarioBasedTestcases.LoginAPITest</td>
<td></td>
<td>0</td>
<td>com.arcapi.ScenarioBasedTestcases.LoginAPITest@7c7b252e</td></tr>
<tr>
<td title='com.arcapi.ScenarioBasedTestcases.AssetTeamMemberUpdateAPITest.ExtentReportConfig()'><b>ExtentReportConfig</b><br>Test class: com.arcapi.ScenarioBasedTestcases.AssetTeamMemberUpdateAPITest</td>
<td></td>
<td>0</td>
<td>com.arcapi.ScenarioBasedTestcases.AssetTeamMemberUpdateAPITest@4d5d943d</td></tr>
<tr>
<td title='com.arcapi.ScenarioBasedTestcases.AssetTeamMemberUpdateAPITest.startTest()'><b>startTest</b><br>Test class: com.arcapi.ScenarioBasedTestcases.AssetTeamMemberUpdateAPITest</td>
<td></td>
<td>0</td>
<td>com.arcapi.ScenarioBasedTestcases.AssetTeamMemberUpdateAPITest@4d5d943d</td></tr>
<tr>
<td title='com.arcapi.ScenarioBasedTestcases.AssetTeamMemberRemoveAPITest.ExtentReportConfig()'><b>ExtentReportConfig</b><br>Test class: com.arcapi.ScenarioBasedTestcases.AssetTeamMemberRemoveAPITest</td>
<td></td>
<td>0</td>
<td>com.arcapi.ScenarioBasedTestcases.AssetTeamMemberRemoveAPITest@368f2016</td></tr>
<tr>
<td title='com.arcapi.ScenarioBasedTestcases.AssetTeamMemberRemoveAPITest.startTest()'><b>startTest</b><br>Test class: com.arcapi.ScenarioBasedTestcases.AssetTeamMemberRemoveAPITest</td>
<td></td>
<td>0</td>
<td>com.arcapi.ScenarioBasedTestcases.AssetTeamMemberRemoveAPITest@368f2016</td></tr>
<tr>
<td title='com.arcapi.ScenarioBasedTestcases.AssetTeamMemberUpdateAdminAPITest.ExtentReportConfig()'><b>ExtentReportConfig</b><br>Test class: com.arcapi.ScenarioBasedTestcases.AssetTeamMemberUpdateAdminAPITest</td>
<td></td>
<td>0</td>
<td>com.arcapi.ScenarioBasedTestcases.AssetTeamMemberUpdateAdminAPITest@4c583ecf</td></tr>
<tr>
<td title='com.arcapi.ScenarioBasedTestcases.AssetTeamMemberUpdateAdminAPITest.startTest()'><b>startTest</b><br>Test class: com.arcapi.ScenarioBasedTestcases.AssetTeamMemberUpdateAdminAPITest</td>
<td></td>
<td>0</td>
<td>com.arcapi.ScenarioBasedTestcases.AssetTeamMemberUpdateAdminAPITest@4c583ecf</td></tr>
<tr>
<td title='com.arcapi.ScenarioBasedTestcases.AssetTeamMemberRemoveAdminAPITest.ExtentReportConfig()'><b>ExtentReportConfig</b><br>Test class: com.arcapi.ScenarioBasedTestcases.AssetTeamMemberRemoveAdminAPITest</td>
<td></td>
<td>0</td>
<td>com.arcapi.ScenarioBasedTestcases.AssetTeamMemberRemoveAdminAPITest@692f203f</td></tr>
<tr>
<td title='com.arcapi.ScenarioBasedTestcases.AssetTeamMemberRemoveAdminAPITest.startTest()'><b>startTest</b><br>Test class: com.arcapi.ScenarioBasedTestcases.AssetTeamMemberRemoveAdminAPITest</td>
<td></td>
<td>0</td>
<td>com.arcapi.ScenarioBasedTestcases.AssetTeamMemberRemoveAdminAPITest@692f203f</td></tr>
<tr>
<td title='com.arcapi.Buildingtestcases.SignAgreementRegistrationAPITest.teardown()'><b>teardown</b><br>Test class: com.arcapi.Buildingtestcases.SignAgreementRegistrationAPITest</td>
<td></td>
<td>0</td>
<td>com.arcapi.Buildingtestcases.SignAgreementRegistrationAPITest@5c6648b0</td></tr>
<tr>
<td title='com.arcapi.Buildingtestcases.RegistrationPaymentPricingGetAPITest.teardown()'><b>teardown</b><br>Test class: com.arcapi.Buildingtestcases.RegistrationPaymentPricingGetAPITest</td>
<td></td>
<td>0</td>
<td>com.arcapi.Buildingtestcases.RegistrationPaymentPricingGetAPITest@6f1de4c7</td></tr>
<tr>
<td title='com.arcapi.Buildingtestcases.PaymentOrderSubmitPOSTAPITest.teardown()'><b>teardown</b><br>Test class: com.arcapi.Buildingtestcases.PaymentOrderSubmitPOSTAPITest</td>
<td></td>
<td>0</td>
<td>com.arcapi.Buildingtestcases.PaymentOrderSubmitPOSTAPITest@459e9125</td></tr>
<tr>
<td title='com.arcapi.Buildingtestcases.AddAssestTimelinePOSTAPITest.teardown()'><b>teardown</b><br>Test class: com.arcapi.Buildingtestcases.AddAssestTimelinePOSTAPITest</td>
<td></td>
<td>0</td>
<td>com.arcapi.Buildingtestcases.AddAssestTimelinePOSTAPITest@128d2484</td></tr>
<tr>
<td title='com.arcapi.ScenarioBasedTestcases.AssetTeamMemberAddPOSTAPITest.teardown()'><b>teardown</b><br>Test class: com.arcapi.ScenarioBasedTestcases.AssetTeamMemberAddPOSTAPITest</td>
<td></td>
<td>0</td>
<td>com.arcapi.ScenarioBasedTestcases.AssetTeamMemberAddPOSTAPITest@7cc0cdad</td></tr>
<tr>
<td title='com.arcapi.ScenarioBasedTestcases.LoginAPITest.teardown()'><b>teardown</b><br>Test class: com.arcapi.ScenarioBasedTestcases.LoginAPITest</td>
<td></td>
<td>0</td>
<td>com.arcapi.ScenarioBasedTestcases.LoginAPITest@7c7b252e</td></tr>
<tr>
<td title='com.arcapi.ScenarioBasedTestcases.AssetTeamMemberUpdateAPITest.teardown()'><b>teardown</b><br>Test class: com.arcapi.ScenarioBasedTestcases.AssetTeamMemberUpdateAPITest</td>
<td></td>
<td>0</td>
<td>com.arcapi.ScenarioBasedTestcases.AssetTeamMemberUpdateAPITest@4d5d943d</td></tr>
<tr>
<td title='com.arcapi.ScenarioBasedTestcases.AssetTeamMemberRemoveAPITest.teardown()'><b>teardown</b><br>Test class: com.arcapi.ScenarioBasedTestcases.AssetTeamMemberRemoveAPITest</td>
<td></td>
<td>0</td>
<td>com.arcapi.ScenarioBasedTestcases.AssetTeamMemberRemoveAPITest@368f2016</td></tr>
<tr>
<td title='com.arcapi.ScenarioBasedTestcases.AssetTeamMemberUpdateAdminAPITest.teardown()'><b>teardown</b><br>Test class: com.arcapi.ScenarioBasedTestcases.AssetTeamMemberUpdateAdminAPITest</td>
<td></td>
<td>0</td>
<td>com.arcapi.ScenarioBasedTestcases.AssetTeamMemberUpdateAdminAPITest@4c583ecf</td></tr>
<tr>
<td title='com.arcapi.ScenarioBasedTestcases.AssetTeamMemberRemoveAdminAPITest.teardown()'><b>teardown</b><br>Test class: com.arcapi.ScenarioBasedTestcases.AssetTeamMemberRemoveAdminAPITest</td>
<td></td>
<td>0</td>
<td>com.arcapi.ScenarioBasedTestcases.AssetTeamMemberRemoveAdminAPITest@692f203f</td></tr>
<tr>
<td title='com.arcapi.Buildingtestcases.CreateAssetBuildingOtherAPITest.end()'><b>end</b><br>Test class: com.arcapi.Buildingtestcases.CreateAssetBuildingOtherAPITest</td>
<td></td>
<td>0</td>
<td>com.arcapi.Buildingtestcases.CreateAssetBuildingOtherAPITest@2a4fb17b</td></tr>
<tr>
<td title='com.arcapi.Buildingtestcases.SignAgreementRegistrationAPITest.end()'><b>end</b><br>Test class: com.arcapi.Buildingtestcases.SignAgreementRegistrationAPITest</td>
<td></td>
<td>0</td>
<td>com.arcapi.Buildingtestcases.SignAgreementRegistrationAPITest@5c6648b0</td></tr>
<tr>
<td title='com.arcapi.Buildingtestcases.RegistrationPaymentPricingGetAPITest.end()'><b>end</b><br>Test class: com.arcapi.Buildingtestcases.RegistrationPaymentPricingGetAPITest</td>
<td></td>
<td>0</td>
<td>com.arcapi.Buildingtestcases.RegistrationPaymentPricingGetAPITest@6f1de4c7</td></tr>
<tr>
<td title='com.arcapi.Buildingtestcases.PaymentOrderSubmitPOSTAPITest.end()'><b>end</b><br>Test class: com.arcapi.Buildingtestcases.PaymentOrderSubmitPOSTAPITest</td>
<td></td>
<td>0</td>
<td>com.arcapi.Buildingtestcases.PaymentOrderSubmitPOSTAPITest@459e9125</td></tr>
<tr>
<td title='com.arcapi.Buildingtestcases.AddAssestTimelinePOSTAPITest.end()'><b>end</b><br>Test class: com.arcapi.Buildingtestcases.AddAssestTimelinePOSTAPITest</td>
<td></td>
<td>0</td>
<td>com.arcapi.Buildingtestcases.AddAssestTimelinePOSTAPITest@128d2484</td></tr>
<tr>
<td title='com.arcapi.ScenarioBasedTestcases.AssetTeamMemberAddPOSTAPITest.end()'><b>end</b><br>Test class: com.arcapi.ScenarioBasedTestcases.AssetTeamMemberAddPOSTAPITest</td>
<td></td>
<td>0</td>
<td>com.arcapi.ScenarioBasedTestcases.AssetTeamMemberAddPOSTAPITest@7cc0cdad</td></tr>
<tr>
<td title='com.arcapi.ScenarioBasedTestcases.LoginAPITest.end()'><b>end</b><br>Test class: com.arcapi.ScenarioBasedTestcases.LoginAPITest</td>
<td></td>
<td>0</td>
<td>com.arcapi.ScenarioBasedTestcases.LoginAPITest@7c7b252e</td></tr>
<tr>
<td title='com.arcapi.ScenarioBasedTestcases.AssetTeamMemberUpdateAPITest.end()'><b>end</b><br>Test class: com.arcapi.ScenarioBasedTestcases.AssetTeamMemberUpdateAPITest</td>
<td></td>
<td>0</td>
<td>com.arcapi.ScenarioBasedTestcases.AssetTeamMemberUpdateAPITest@4d5d943d</td></tr>
<tr>
<td title='com.arcapi.ScenarioBasedTestcases.AssetTeamMemberRemoveAPITest.end()'><b>end</b><br>Test class: com.arcapi.ScenarioBasedTestcases.AssetTeamMemberRemoveAPITest</td>
<td></td>
<td>0</td>
<td>com.arcapi.ScenarioBasedTestcases.AssetTeamMemberRemoveAPITest@368f2016</td></tr>
<tr>
<td title='com.arcapi.ScenarioBasedTestcases.AssetTeamMemberUpdateAdminAPITest.end()'><b>end</b><br>Test class: com.arcapi.ScenarioBasedTestcases.AssetTeamMemberUpdateAdminAPITest</td>
<td></td>
<td>0</td>
<td>com.arcapi.ScenarioBasedTestcases.AssetTeamMemberUpdateAdminAPITest@4c583ecf</td></tr>
<tr>
<td title='com.arcapi.ScenarioBasedTestcases.AssetTeamMemberRemoveAdminAPITest.end()'><b>end</b><br>Test class: com.arcapi.ScenarioBasedTestcases.AssetTeamMemberRemoveAdminAPITest</td>
<td></td>
<td>0</td>
<td>com.arcapi.ScenarioBasedTestcases.AssetTeamMemberRemoveAdminAPITest@692f203f</td></tr>
</table><p>
<table width='100%' border='1' class='invocation-failed'>
<tr><td colspan='4' align='center'><b>FAILED TESTS</b></td></tr>
<tr><td><b>Test method</b></td>
<td width="30%"><b>Exception</b></td>
<td width="10%"><b>Time (seconds)</b></td>
<td><b>Instance</b></td>
</tr>
<tr>
<td title='com.arcapi.Buildingtestcases.CreateAssetBuildingOtherAPITest.CreateAssetPOSTAPI()'><b>CreateAssetPOSTAPI</b><br>Test class: com.arcapi.Buildingtestcases.CreateAssetBuildingOtherAPITest<br>Parameters: STG, building, ProjectIDBuildingOther, 2, US</td>
<td><div><pre>java.lang.Error: Unresolved compilation problem: 
	The method startTest(String, String) is undefined for the type ExtentReports

	at com.arcapi.Buildingtestcases.CreateAssetBuildingOtherAPITest.CreateAssetPOSTAPI(CreateAssetBuildingOtherAPITest.java:178)
... Removed 25 stack frames</pre></div><a href='#' onClick='toggleBox("stack-trace654125698", this, "Click to show all stack frames", "Click to hide stack frames")'>Click to show all stack frames</a>
<div class='stack-trace' id='stack-trace654125698'><pre>java.lang.Error: Unresolved compilation problem: 
	The method startTest(String, String) is undefined for the type ExtentReports

	at com.arcapi.Buildingtestcases.CreateAssetBuildingOtherAPITest.CreateAssetPOSTAPI(CreateAssetBuildingOtherAPITest.java:178)
	at sun.reflect.NativeMethodAccessorImpl.invoke0(Native Method)
	at sun.reflect.NativeMethodAccessorImpl.invoke(NativeMethodAccessorImpl.java:62)
	at sun.reflect.DelegatingMethodAccessorImpl.invoke(DelegatingMethodAccessorImpl.java:43)
	at java.lang.reflect.Method.invoke(Method.java:498)
	at org.testng.internal.MethodInvocationHelper.invokeMethod(MethodInvocationHelper.java:86)
	at org.testng.internal.Invoker.invokeMethod(Invoker.java:643)
	at org.testng.internal.Invoker.invokeTestMethod(Invoker.java:820)
	at org.testng.internal.Invoker.invokeTestMethods(Invoker.java:1128)
	at org.testng.internal.TestMethodWorker.invokeTestMethods(TestMethodWorker.java:129)
	at org.testng.internal.TestMethodWorker.run(TestMethodWorker.java:112)
	at org.testng.TestRunner.privateRun(TestRunner.java:782)
	at org.testng.TestRunner.run(TestRunner.java:632)
	at org.testng.SuiteRunner.runTest(SuiteRunner.java:366)
	at org.testng.SuiteRunner.runSequentially(SuiteRunner.java:361)
	at org.testng.SuiteRunner.privateRun(SuiteRunner.java:319)
	at org.testng.SuiteRunner.run(SuiteRunner.java:268)
	at org.testng.SuiteRunnerWorker.runSuite(SuiteRunnerWorker.java:52)
	at org.testng.SuiteRunnerWorker.run(SuiteRunnerWorker.java:86)
	at org.testng.TestNG.runSuitesSequentially(TestNG.java:1244)
	at org.testng.TestNG.runSuitesSequentially(TestNG.java:1240)
	at org.testng.TestNG.runSuitesLocally(TestNG.java:1169)
	at org.testng.TestNG.run(TestNG.java:1064)
	at org.testng.remote.RemoteTestNG.run(RemoteTestNG.java:113)
	at org.testng.remote.RemoteTestNG.initAndRun(RemoteTestNG.java:206)
	at org.testng.remote.RemoteTestNG.main(RemoteTestNG.java:177)
</pre></div></td>
<td>0</td>
<td>com.arcapi.Buildingtestcases.CreateAssetBuildingOtherAPITest@2a4fb17b</td></tr>
</table><p>
<table width='100%' border='1' class='invocation-passed'>
<tr><td colspan='4' align='center'><b>PASSED TESTS</b></td></tr>
<tr><td><b>Test method</b></td>
<td width="30%"><b>Exception</b></td>
<td width="10%"><b>Time (seconds)</b></td>
<td><b>Instance</b></td>
</tr>
<tr>
<td title='com.arcapi.Buildingtestcases.LoginAPITest.LoginAPI()'><b>LoginAPI</b><br>Test class: com.arcapi.Buildingtestcases.LoginAPITest</td>
<td></td>
<td>2</td>
<td>com.arcapi.Buildingtestcases.LoginAPITest@34a3d150</td></tr>
</table><p>
<table width='100%' border='1' class='invocation-skipped'>
<tr><td colspan='4' align='center'><b>SKIPPED TESTS</b></td></tr>
<tr><td><b>Test method</b></td>
<td width="30%"><b>Exception</b></td>
<td width="10%"><b>Time (seconds)</b></td>
<td><b>Instance</b></td>
</tr>
<tr>
<td title='com.arcapi.Buildingtestcases.AddAssestTimelinePOSTAPITest.AddAssestTimeline()'><b>AddAssestTimeline</b><br>Test class: com.arcapi.Buildingtestcases.AddAssestTimelinePOSTAPITest<br>Parameters: STG, ProjectIDBuildingOther, 2</td>
<td></td>
<td>0</td>
<td>com.arcapi.Buildingtestcases.AddAssestTimelinePOSTAPITest@128d2484</td></tr>
<tr>
<td title='com.arcapi.ScenarioBasedTestcases.AssetTeamMemberAddPOSTAPITest.AssetTeamMemberAddPOSTAPI()'><b>AssetTeamMemberAddPOSTAPI</b><br>Test class: com.arcapi.ScenarioBasedTestcases.AssetTeamMemberAddPOSTAPITest<br>Parameters: STG, ProjectIDBuildingOther, 2, ZRPO82, STG03</td>
<td></td>
<td>0</td>
<td>com.arcapi.ScenarioBasedTestcases.AssetTeamMemberAddPOSTAPITest@7cc0cdad</td></tr>
<tr>
<td title='com.arcapi.ScenarioBasedTestcases.AssetTeamMemberRemoveAPITest.AssetTeamMemberRemoveAPI()'><b>AssetTeamMemberRemoveAPI</b><br>Test class: com.arcapi.ScenarioBasedTestcases.AssetTeamMemberRemoveAPITest<br>Parameters: STG, ProjectIDBuildingOther, 2, STG03</td>
<td></td>
<td>0</td>
<td>com.arcapi.ScenarioBasedTestcases.AssetTeamMemberRemoveAPITest@368f2016</td></tr>
<tr>
<td title='com.arcapi.ScenarioBasedTestcases.AssetTeamMemberRemoveAdminAPITest.AssetTeamMemberRemoveAdminAPI()'><b>AssetTeamMemberRemoveAdminAPI</b><br>Test class: com.arcapi.ScenarioBasedTestcases.AssetTeamMemberRemoveAdminAPITest<br>Parameters: STG, ProjectIDBuildingOther, 2</td>
<td></td>
<td>0</td>
<td>com.arcapi.ScenarioBasedTestcases.AssetTeamMemberRemoveAdminAPITest@692f203f</td></tr>
<tr>
<td title='com.arcapi.ScenarioBasedTestcases.AssetTeamMemberUpdateAPITest.AssetTeamMemberUpdateAPI()'><b>AssetTeamMemberUpdateAPI</b><br>Test class: com.arcapi.ScenarioBasedTestcases.AssetTeamMemberUpdateAPITest<br>Parameters: STG, ProjectIDBuildingOther, 2, STG03</td>
<td></td>
<td>0</td>
<td>com.arcapi.ScenarioBasedTestcases.AssetTeamMemberUpdateAPITest@4d5d943d</td></tr>
<tr>
<td title='com.arcapi.ScenarioBasedTestcases.AssetTeamMemberUpdateAdminAPITest.AssetTeamMemberUpdateAdminAPI()'><b>AssetTeamMemberUpdateAdminAPI</b><br>Test class: com.arcapi.ScenarioBasedTestcases.AssetTeamMemberUpdateAdminAPITest<br>Parameters: STG, ProjectIDBuildingOther, 2</td>
<td></td>
<td>0</td>
<td>com.arcapi.ScenarioBasedTestcases.AssetTeamMemberUpdateAdminAPITest@4c583ecf</td></tr>
<tr>
<td title='com.arcapi.ScenarioBasedTestcases.LoginAPITest.LoginAPI()'><b>LoginAPI</b><br>Test class: com.arcapi.ScenarioBasedTestcases.LoginAPITest<br>Parameters: STG, 2, STG03, STG03Password</td>
<td></td>
<td>0</td>
<td>com.arcapi.ScenarioBasedTestcases.LoginAPITest@7c7b252e</td></tr>
<tr>
<td title='com.arcapi.Buildingtestcases.PaymentOrderSubmitPOSTAPITest.PaymentOrderSubmitPOSTAPI()'><b>PaymentOrderSubmitPOSTAPI</b><br>Test class: com.arcapi.Buildingtestcases.PaymentOrderSubmitPOSTAPITest<br>Parameters: STG, ProjectIDBuildingOther, 2, CreditCardPayment</td>
<td></td>
<td>0</td>
<td>com.arcapi.Buildingtestcases.PaymentOrderSubmitPOSTAPITest@459e9125</td></tr>
<tr>
<td title='com.arcapi.Buildingtestcases.RegistrationPaymentPricingGetAPITest.RegistrationPaymentPricingGetAPI()'><b>RegistrationPaymentPricingGetAPI</b><br>Test class: com.arcapi.Buildingtestcases.RegistrationPaymentPricingGetAPITest<br>Parameters: STG, ProjectIDBuildingOther, 2</td>
<td></td>
<td>0</td>
<td>com.arcapi.Buildingtestcases.RegistrationPaymentPricingGetAPITest@6f1de4c7</td></tr>
<tr>
<td title='com.arcapi.Buildingtestcases.SignAgreementRegistrationAPITest.SignAgreementRegistrationAPI()'><b>SignAgreementRegistrationAPI</b><br>Test class: com.arcapi.Buildingtestcases.SignAgreementRegistrationAPITest<br>Parameters: STG, ProjectIDBuildingOther, 2</td>
<td></td>
<td>0</td>
<td>com.arcapi.Buildingtestcases.SignAgreementRegistrationAPITest@5c6648b0</td></tr>
</table><p>
</body>
</html>