<html>
<head>
<title>TestNG:  TeamScenario-TeamMember1</title>
<link href="../testng.css" rel="stylesheet" type="text/css" />
<link href="../my-testng.css" rel="stylesheet" type="text/css" />

<style type="text/css">
.log { display: none;} 
.stack-trace { display: none;} 
</style>
<script type="text/javascript">
<!--
function flip(e) {
  current = e.style.display;
  if (current == 'block') {
    e.style.display = 'none';
    return 0;
  }
  else {
    e.style.display = 'block';
    return 1;
  }
}

function toggleBox(szDivId, elem, msg1, msg2)
{
  var res = -1;  if (document.getElementById) {
    res = flip(document.getElementById(szDivId));
  }
  else if (document.all) {
    // this is the way old msie versions work
    res = flip(document.all[szDivId]);
  }
  if(elem) {
    if(res == 0) elem.innerHTML = msg1; else elem.innerHTML = msg2;
  }

}

function toggleAllBoxes() {
  if (document.getElementsByTagName) {
    d = document.getElementsByTagName('div');
    for (i = 0; i < d.length; i++) {
      if (d[i].className == 'log') {
        flip(d[i]);
      }
    }
  }
}

// -->
</script>

</head>
<body>
<h2 align='center'>TeamScenario-TeamMember1</h2><table border='1' align="center">
<tr>
<td>Tests passed/Failed/Skipped:</td><td>5/1/1</td>
</tr><tr>
<td>Started on:</td><td>Tue Sep 24 13:37:28 IST 2019</td>
</tr>
<tr><td>Total time:</td><td>22 seconds (22661 ms)</td>
</tr><tr>
<td>Included groups:</td><td></td>
</tr><tr>
<td>Excluded groups:</td><td></td>
</tr>
</table><p/>
<small><i>(Hover the method name to see the test class name)</i></small><p/>
<table width='100%' border='1' class='invocation-failed'>
<tr><td colspan='4' align='center'><b>FAILED TESTS</b></td></tr>
<tr><td><b>Test method</b></td>
<td width="30%"><b>Exception</b></td>
<td width="10%"><b>Time (seconds)</b></td>
<td><b>Instance</b></td>
</tr>
<tr>
<td title='com.arcapi.ScenarioBasedTestcases.OLDExcelUploadTemplatePOSTAPITest.OLDExcelUploadTemplatePOSTAPI()'><b>OLDExcelUploadTemplatePOSTAPI</b><br>Test class: com.arcapi.ScenarioBasedTestcases.OLDExcelUploadTemplatePOSTAPITest<br>Parameters: QAS, ProjectIDBuildingNone, 2</td>
<td><div><pre>java.lang.AssertionError: expected [400] but found [403]
	at com.Utill.Controller.Assertion.verifyStatusCode(Assertion.java:20)
	at com.arcapi.ScenarioBasedTestcases.OLDExcelUploadTemplatePOSTAPITest.OLDExcelUploadTemplatePOSTAPI(OLDExcelUploadTemplatePOSTAPITest.java:20)
... Removed 31 stack frames</pre></div><a href='#' onClick='toggleBox("stack-trace83554804", this, "Click to show all stack frames", "Click to hide stack frames")'>Click to show all stack frames</a>
<div class='stack-trace' id='stack-trace83554804'><pre>java.lang.AssertionError: expected [400] but found [403]
	at org.testng.Assert.fail(Assert.java:94)
	at org.testng.Assert.failNotEquals(Assert.java:513)
	at org.testng.Assert.assertEqualsImpl(Assert.java:135)
	at org.testng.Assert.assertEquals(Assert.java:116)
	at org.testng.Assert.assertEquals(Assert.java:389)
	at org.testng.Assert.assertEquals(Assert.java:399)
	at com.Utill.Controller.Assertion.verifyStatusCode(Assertion.java:20)
	at com.arcapi.ScenarioBasedTestcases.OLDExcelUploadTemplatePOSTAPITest.OLDExcelUploadTemplatePOSTAPI(OLDExcelUploadTemplatePOSTAPITest.java:20)
	at sun.reflect.NativeMethodAccessorImpl.invoke0(Native Method)
	at sun.reflect.NativeMethodAccessorImpl.invoke(NativeMethodAccessorImpl.java:62)
	at sun.reflect.DelegatingMethodAccessorImpl.invoke(DelegatingMethodAccessorImpl.java:43)
	at java.lang.reflect.Method.invoke(Method.java:498)
	at org.testng.internal.MethodInvocationHelper.invokeMethod(MethodInvocationHelper.java:86)
	at org.testng.internal.Invoker.invokeMethod(Invoker.java:643)
	at org.testng.internal.Invoker.invokeTestMethod(Invoker.java:820)
	at org.testng.internal.Invoker.invokeTestMethods(Invoker.java:1128)
	at org.testng.internal.TestMethodWorker.invokeTestMethods(TestMethodWorker.java:129)
	at org.testng.internal.TestMethodWorker.run(TestMethodWorker.java:112)
	at org.testng.TestRunner.privateRun(TestRunner.java:782)
	at org.testng.TestRunner.run(TestRunner.java:632)
	at org.testng.SuiteRunner.runTest(SuiteRunner.java:366)
	at org.testng.SuiteRunner.runSequentially(SuiteRunner.java:361)
	at org.testng.SuiteRunner.privateRun(SuiteRunner.java:319)
	at org.testng.SuiteRunner.run(SuiteRunner.java:268)
	at org.testng.SuiteRunnerWorker.runSuite(SuiteRunnerWorker.java:52)
	at org.testng.SuiteRunnerWorker.run(SuiteRunnerWorker.java:86)
	at org.testng.TestNG.runSuitesSequentially(TestNG.java:1244)
	at org.testng.TestNG.runSuitesSequentially(TestNG.java:1240)
	at org.testng.TestNG.runSuitesLocally(TestNG.java:1169)
	at org.testng.TestNG.run(TestNG.java:1064)
	at org.testng.remote.RemoteTestNG.run(RemoteTestNG.java:113)
	at org.testng.remote.RemoteTestNG.initAndRun(RemoteTestNG.java:206)
	at org.testng.remote.RemoteTestNG.main(RemoteTestNG.java:177)
</pre></div></td>
<td>4</td>
<td>com.arcapi.ScenarioBasedTestcases.OLDExcelUploadTemplatePOSTAPITest@402f32ff</td></tr>
</table><p>
<table width='100%' border='1' class='invocation-passed'>
<tr><td colspan='4' align='center'><b>PASSED TESTS</b></td></tr>
<tr><td><b>Test method</b></td>
<td width="30%"><b>Exception</b></td>
<td width="10%"><b>Time (seconds)</b></td>
<td><b>Instance</b></td>
</tr>
<tr>
<td title='com.arcapi.ScenarioBasedTestcases.AssetTeamMemberRemoveAPITest.AssetTeamMemberRemoveAPI()'><b>AssetTeamMemberRemoveAPI</b><br>Test class: com.arcapi.ScenarioBasedTestcases.AssetTeamMemberRemoveAPITest<br>Parameters: QAS, ProjectIDBuildingNone, 2</td>
<td></td>
<td>2</td>
<td>com.arcapi.ScenarioBasedTestcases.AssetTeamMemberRemoveAPITest@48eff760</td></tr>
<tr>
<td title='com.arcapi.ScenarioBasedTestcases.AssetTeamMemberRemoveAdminAPITest.AssetTeamMemberRemoveAdminAPI()'><b>AssetTeamMemberRemoveAdminAPI</b><br>Test class: com.arcapi.ScenarioBasedTestcases.AssetTeamMemberRemoveAdminAPITest<br>Parameters: QAS, ProjectIDBuildingNone, 2</td>
<td></td>
<td>1</td>
<td>com.arcapi.ScenarioBasedTestcases.AssetTeamMemberRemoveAdminAPITest@7c0e2abd</td></tr>
<tr>
<td title='com.arcapi.ScenarioBasedTestcases.AssetTeamMemberUpdateAPITest.AssetTeamMemberUpdateAPI()'><b>AssetTeamMemberUpdateAPI</b><br>Test class: com.arcapi.ScenarioBasedTestcases.AssetTeamMemberUpdateAPITest<br>Parameters: QAS, ProjectIDBuildingNone, 2, STG02</td>
<td></td>
<td>3</td>
<td>com.arcapi.ScenarioBasedTestcases.AssetTeamMemberUpdateAPITest@4de8b406</td></tr>
<tr>
<td title='com.arcapi.ScenarioBasedTestcases.AssetTeamMemberUpdateAdminAPITest.AssetTeamMemberUpdateAdminAPI()'><b>AssetTeamMemberUpdateAdminAPI</b><br>Test class: com.arcapi.ScenarioBasedTestcases.AssetTeamMemberUpdateAdminAPITest<br>Parameters: QAS, ProjectIDBuildingNone, 2</td>
<td></td>
<td>5</td>
<td>com.arcapi.ScenarioBasedTestcases.AssetTeamMemberUpdateAdminAPITest@3c756e4d</td></tr>
<tr>
<td title='com.arcapi.ScenarioBasedTestcases.LoginAPITest1.LoginAPI()'><b>LoginAPI</b><br>Test class: com.arcapi.ScenarioBasedTestcases.LoginAPITest1<br>Parameters: QAS, 2, STG02, STG02Password</td>
<td></td>
<td>3</td>
<td>com.arcapi.ScenarioBasedTestcases.LoginAPITest1@6a2bcfcb</td></tr>
</table><p>
<table width='100%' border='1' class='invocation-skipped'>
<tr><td colspan='4' align='center'><b>SKIPPED TESTS</b></td></tr>
<tr><td><b>Test method</b></td>
<td width="30%"><b>Exception</b></td>
<td width="10%"><b>Time (seconds)</b></td>
<td><b>Instance</b></td>
</tr>
<tr>
<td title='com.arcapi.ScenarioBasedTestcases.CreateProjectBySingleCharacterAPITest.CreateProjectBySingleCharacterAPI()'><b>CreateProjectBySingleCharacterAPI</b><br>Test class: com.arcapi.ScenarioBasedTestcases.CreateProjectBySingleCharacterAPITest</td>
<td><div><pre>org.testng.TestNGException: 
Parameter &apos;ratings&apos; is required by @Test on method CreateProjectBySingleCharacterAPI but has not been marked @Optional or defined
in D:\worksapceNew\TestArcAPI\src\main\resources\TestNGFiles\ScenarioBasedTestingTestng.xml
... Removed 23 stack frames</pre></div><a href='#' onClick='toggleBox("stack-trace1121577170", this, "Click to show all stack frames", "Click to hide stack frames")'>Click to show all stack frames</a>
<div class='stack-trace' id='stack-trace1121577170'><pre>org.testng.TestNGException: 
Parameter &apos;ratings&apos; is required by @Test on method CreateProjectBySingleCharacterAPI but has not been marked @Optional or defined
in D:\worksapceNew\TestArcAPI\src\main\resources\TestNGFiles\ScenarioBasedTestingTestng.xml
	at org.testng.internal.Parameters.createParameters(Parameters.java:154)
	at org.testng.internal.Parameters.createParameters(Parameters.java:361)
	at org.testng.internal.Parameters.handleParameters(Parameters.java:451)
	at org.testng.internal.Invoker.handleParameters(Invoker.java:1274)
	at org.testng.internal.Invoker.createParameters(Invoker.java:989)
	at org.testng.internal.Invoker.invokeTestMethods(Invoker.java:1079)
	at org.testng.internal.TestMethodWorker.invokeTestMethods(TestMethodWorker.java:129)
	at org.testng.internal.TestMethodWorker.run(TestMethodWorker.java:112)
	at org.testng.TestRunner.privateRun(TestRunner.java:782)
	at org.testng.TestRunner.run(TestRunner.java:632)
	at org.testng.SuiteRunner.runTest(SuiteRunner.java:366)
	at org.testng.SuiteRunner.runSequentially(SuiteRunner.java:361)
	at org.testng.SuiteRunner.privateRun(SuiteRunner.java:319)
	at org.testng.SuiteRunner.run(SuiteRunner.java:268)
	at org.testng.SuiteRunnerWorker.runSuite(SuiteRunnerWorker.java:52)
	at org.testng.SuiteRunnerWorker.run(SuiteRunnerWorker.java:86)
	at org.testng.TestNG.runSuitesSequentially(TestNG.java:1244)
	at org.testng.TestNG.runSuitesSequentially(TestNG.java:1240)
	at org.testng.TestNG.runSuitesLocally(TestNG.java:1169)
	at org.testng.TestNG.run(TestNG.java:1064)
	at org.testng.remote.RemoteTestNG.run(RemoteTestNG.java:113)
	at org.testng.remote.RemoteTestNG.initAndRun(RemoteTestNG.java:206)
	at org.testng.remote.RemoteTestNG.main(RemoteTestNG.java:177)
</pre></div></td>
<td>0</td>
<td>com.arcapi.ScenarioBasedTestcases.CreateProjectBySingleCharacterAPITest@573f2bb1</td></tr>
</table><p>
</body>
</html>