<?xml version="1.0" encoding="UTF-8"?>
<!-- Generated by org.testng.reporters.JUnitXMLReporter -->
<testsuite hostname="G10GGNLT052" name="TeamScenario-TeamManager-TeamMemberPayment" tests="9" failures="1" timestamp="24 Sep 2019 08:07:03 GMT" time="56.968" errors="0">
  <testcase name="LoginAPI" time="8.193" classname="com.arcapi.Common.LoginAPITest"/>
  <testcase name="CreateAssetPOSTAPI" time="7.616" classname="com.arcapi.Buildingtestcases.CreateAssetBuildingV3APITest"/>
  <testcase name="SignAgreementRegistrationAPI" time="9.34" classname="com.arcapi.Common.SignAgreementRegistrationAPITest"/>
  <testcase name="PaymentOrderSubmitPOSTAPI" time="9.457" classname="com.arcapi.Common.PaymentOrderSubmitPOSTAPITest"/>
  <testcase name="AddAssestTimeline" time="6.648" classname="com.arcapi.Common.AddAssestTimelinePOSTAPITest"/>
  <testcase name="AssetDetailAPI" time="2.332" classname="com.arcapi.Common.AssetDetailAPITest"/>
  <testcase name="SubmitReviewPOSTAPI" time="2.129" classname="com.arcapi.Common.Neg.SubmitReviewPOSTAPITest">
    <failure type="java.lang.AssertionError" message="expected [403] but found [400]">
      <![CDATA[java.lang.AssertionError: expected [403] but found [400]
	at com.Utill.Controller.Assertion.verifyStatusCode(Assertion.java:20)
	at com.arcapi.Common.Neg.SubmitReviewPOSTAPITest.SubmitReviewPOSTAPI(SubmitReviewPOSTAPITest.java:24)
... Removed 31 stack frames]]>
    </failure>
  </testcase> <!-- SubmitReviewPOSTAPI -->
  <testcase name="AssetTeamMemberUpdateAPI" time="2.856" classname="com.arcapi.Common.AssetTeamMemberUpdateAPITest"/>
  <testcase name="TeamManagerAddPOSTAPI" time="2.981" classname="com.arcapi.ScenarioBasedTestcases.TeamManagerAddPOSTAPITest"/>
</testsuite> <!-- TeamScenario-TeamManager-TeamMemberPayment -->
