<?xml version="1.0" encoding="UTF-8"?>
<!-- Generated by org.testng.reporters.JUnitXMLReporter -->
<testsuite hostname="G10GGNLT052" name="CompleteFlowTest-Community-Other" tests="79" failures="45" timestamp="20 Sep 2019 11:37:24 GMT" time="760.91" errors="0">
  <testcase name="LoginAPI" time="5.987" classname="com.arcapi.Common.LoginAPITest"/>
  <testcase name="UserDetailAPI" time="3.728" classname="com.arcapi.Common.UserDetailAPITest"/>
  <testcase name="UserAccessLevelSAPGet" time="2.51" classname="com.arcapi.Common.UserAccessLevelSAPGetTest"/>
  <testcase name="CreateAssetPOSTAPI" time="24.819" classname="com.arcapi.Common.CityCom.CreateNewProjectAPITest"/>
  <testcase name="SignAgreementRegistrationAPI" time="9.198" classname="com.arcapi.Common.SignAgreementRegistrationAPITest"/>
  <testcase name="RegistrationPaymentPricingGetAPI" time="4.075" classname="com.arcapi.Common.RegistrationPaymentPricingGetAPITest"/>
  <testcase name="PaymentOrderSubmitPOSTAPI" time="55.938" classname="com.arcapi.Common.PaymentOrderSubmitPOSTAPITest">
    <failure type="java.lang.AssertionError" message="expected [200] but found [502]">
      <![CDATA[java.lang.AssertionError: expected [200] but found [502]
	at com.Utill.Controller.Assertion.verifyStatusCode(Assertion.java:20)
	at com.arcapi.Common.PaymentOrderSubmitPOSTAPITest.PaymentOrderSubmitPOSTAPI(PaymentOrderSubmitPOSTAPITest.java:33)
... Removed 31 stack frames]]>
    </failure>
  </testcase> <!-- PaymentOrderSubmitPOSTAPI -->
  <testcase name="AddAssestTimeline" time="1.938" classname="com.arcapi.Common.AddAssestTimelinePOSTAPITest">
    <failure type="java.lang.AssertionError" message="expected [200] but found [502]">
      <![CDATA[java.lang.AssertionError: expected [200] but found [502]
	at com.Utill.Controller.Assertion.verifyStatusCode(Assertion.java:20)
	at com.arcapi.Common.AddAssestTimelinePOSTAPITest.AddAssestTimeline(AddAssestTimelinePOSTAPITest.java:25)
... Removed 31 stack frames]]>
    </failure>
  </testcase> <!-- AddAssestTimeline -->
  <testcase name="PaymentOrderGetAPI" time="4.894" classname="com.arcapi.Common.PaymentOrderGetAPITest"/>
  <testcase name="PaymentReceiptAPI" time="1.964" classname="com.arcapi.Common.PaymentReceiptAPITest">
    <failure type="java.lang.AssertionError" message="expected [200] but found [404]">
      <![CDATA[java.lang.AssertionError: expected [200] but found [404]
	at com.Utill.Controller.Assertion.verifyStatusCode(Assertion.java:20)
	at com.arcapi.Common.PaymentReceiptAPITest.PaymentReceiptAPI(PaymentReceiptAPITest.java:22)
... Removed 31 stack frames]]>
    </failure>
  </testcase> <!-- PaymentReceiptAPI -->
  <testcase name="PaymentHistoryAPI" time="1.879" classname="com.arcapi.Common.PaymentHistoryAPITest">
    <failure type="java.lang.AssertionError" message="expected [200] but found [403]">
      <![CDATA[java.lang.AssertionError: expected [200] but found [403]
	at com.Utill.Controller.Assertion.verifyStatusCode(Assertion.java:20)
	at com.arcapi.Common.PaymentHistoryAPITest.PaymentHistoryAPI(PaymentHistoryAPITest.java:21)
... Removed 31 stack frames]]>
    </failure>
  </testcase> <!-- PaymentHistoryAPI -->
  <testcase name="AssetDetailAPI" time="2.341" classname="com.arcapi.Common.AssetDetailAPITest"/>
  <testcase name="AssetSearchOwnerAPI" time="2.106" classname="com.arcapi.Common.AssetSearchOwnerAPITest"/>
  <testcase name="AssetSearchAPI" time="1.676" classname="com.arcapi.Common.AssetSearchAPITest"/>
  <testcase name="AssetOwnerOrgPOSTAPI" time="3.28" classname="com.arcapi.Common.AssetOwnerOrgPOSTAPITest">
    <failure type="java.lang.AssertionError" message="expected [201] but found [200]">
      <![CDATA[java.lang.AssertionError: expected [201] but found [200]
	at com.Utill.Controller.Assertion.verifyStatusCode(Assertion.java:20)
	at com.arcapi.Common.AssetOwnerOrgPOSTAPITest.AssetOwnerOrgPOSTAPI(AssetOwnerOrgPOSTAPITest.java:22)
... Removed 31 stack frames]]>
    </failure>
  </testcase> <!-- AssetOwnerOrgPOSTAPI -->
  <testcase name="AssetValidationInfoPOSTAPI" time="3.15" classname="com.arcapi.Common.AssetValidationInfoPOSTAPITest"/>
  <testcase name="AssetListAPI" time="2.018" classname="com.arcapi.Common.AssetListAPITest"/>
  <testcase name="AssetUpdateforNewAssetPUTAPI" time="9.975" classname="com.arcapi.Common.CityCom.AssetUpdateAPITest"/>
  <testcase name="VerifyProjectRegisteredAssetList" time="2.336" classname="com.arcapi.Common.VerifyProjectRegisteredAssetListTest"/>
  <testcase name="AssetDocumentAPI" time="1.788" classname="com.arcapi.Common.AssetDocumentAPITest"/>
  <testcase name="DownloadDocumentsAPI" time="4.532" classname="com.arcapi.Common.DownloadDocumentsAPITest"/>
  <testcase name="VerifyAgreementPresentAPI" time="1.882" classname="com.arcapi.Common.VerifyAgreementPresentAPITest"/>
  <testcase name="FetchingAgreementDetailsAPI" time="5.112" classname="com.arcapi.Common.FetchingAgreementDetailsAPITest"/>
  <testcase name="VerifyAgreementDeleteAPI" time="2.154" classname="com.arcapi.Common.VerifyAgreementDeleteAPITest">
    <failure type="java.lang.AssertionError" message="expected [403] but found [404]">
      <![CDATA[java.lang.AssertionError: expected [403] but found [404]
	at com.Utill.Controller.Assertion.verifyStatusCode(Assertion.java:20)
	at com.arcapi.Common.VerifyAgreementDeleteAPITest.VerifyAgreementDeleteAPI(VerifyAgreementDeleteAPITest.java:29)
... Removed 31 stack frames]]>
    </failure>
  </testcase> <!-- VerifyAgreementDeleteAPI -->
  <testcase name="CreditGetAPI" time="4.712" classname="com.arcapi.Common.CityCom.CreditGetAPITest">
    <failure type="org.json.JSONException" message="JSONObject[&amp;quot;EtScorecardList&amp;quot;] not found.">
      <![CDATA[org.json.JSONException: JSONObject["EtScorecardList"] not found.
	at org.json.JSONObject.get(JSONObject.java:473)
	at org.json.JSONObject.getJSONArray(JSONObject.java:555)
	at com.arcapi.Common.CityCom.CreditGetAPITest.CreditGetAPI(CreditGetAPITest.java:20)
... Removed 25 stack frames]]>
    </failure>
  </testcase> <!-- CreditGetAPI -->
  <testcase name="CreditAddTeamPOSTAPI" time="1.979" classname="com.arcapi.Common.CityCom.CreditAddTeamPOSTAPITest">
    <failure type="java.lang.AssertionError" message="expected [200] but found [403]">
      <![CDATA[java.lang.AssertionError: expected [200] but found [403]
	at com.Utill.Controller.Assertion.verifyStatusCode(Assertion.java:20)
	at com.arcapi.Common.CityCom.CreditAddTeamPOSTAPITest.CreditAddTeamPOSTAPI(CreditAddTeamPOSTAPITest.java:27)
... Removed 31 stack frames]]>
    </failure>
  </testcase> <!-- CreditAddTeamPOSTAPI -->
  <testcase name="MeasuresListAPI" time="2.04" classname="com.arcapi.Common.CityCom.MeasuresListAPITest">
    <failure type="java.lang.AssertionError" message="expected [200] but found [403]">
      <![CDATA[java.lang.AssertionError: expected [200] but found [403]
	at com.Utill.Controller.Assertion.verifyStatusCode(Assertion.java:20)
	at com.arcapi.Common.CityCom.MeasuresListAPITest.MeasuresListAPI(MeasuresListAPITest.java:20)
... Removed 31 stack frames]]>
    </failure>
  </testcase> <!-- MeasuresListAPI -->
  <testcase name="MeasuresDetailAPI" time="1.92" classname="com.arcapi.Common.CityCom.MeasuresDetailAPITest">
    <failure type="java.lang.AssertionError" message="expected [200] but found [403]">
      <![CDATA[java.lang.AssertionError: expected [200] but found [403]
	at com.Utill.Controller.Assertion.verifyStatusCode(Assertion.java:20)
	at com.arcapi.Common.CityCom.MeasuresDetailAPITest.MeasuresDetailAPI(MeasuresDetailAPITest.java:19)
... Removed 31 stack frames]]>
    </failure>
  </testcase> <!-- MeasuresDetailAPI -->
  <testcase name="MeasuresPostAPI" time="1.926" classname="com.arcapi.Common.CityCom.MeasuresPostAPITest">
    <failure type="java.lang.AssertionError" message="expected [200] but found [403]">
      <![CDATA[java.lang.AssertionError: expected [200] but found [403]
	at com.Utill.Controller.Assertion.verifyStatusCode(Assertion.java:20)
	at com.arcapi.Common.CityCom.MeasuresPostAPITest.MeasuresPostAPI(MeasuresPostAPITest.java:24)
... Removed 31 stack frames]]>
    </failure>
  </testcase> <!-- MeasuresPostAPI -->
  <testcase name="MeasuresUpdateAPI" time="2.133" classname="com.arcapi.Common.CityCom.MeasuresUpdateAPITest">
    <failure type="java.lang.AssertionError" message="expected [200] but found [403]">
      <![CDATA[java.lang.AssertionError: expected [200] but found [403]
	at com.Utill.Controller.Assertion.verifyStatusCode(Assertion.java:20)
	at com.arcapi.Common.CityCom.MeasuresUpdateAPITest.MeasuresUpdateAPI(MeasuresUpdateAPITest.java:22)
... Removed 31 stack frames]]>
    </failure>
  </testcase> <!-- MeasuresUpdateAPI -->
  <testcase name="MeasuresVersionListAPI" time="1.89" classname="com.arcapi.Common.CityCom.MeasuresVersionListAPITest">
    <failure type="java.lang.AssertionError" message="expected [200] but found [403]">
      <![CDATA[java.lang.AssertionError: expected [200] but found [403]
	at com.Utill.Controller.Assertion.verifyStatusCode(Assertion.java:20)
	at com.arcapi.Common.CityCom.MeasuresVersionListAPITest.MeasuresVersionListAPI(MeasuresVersionListAPITest.java:20)
... Removed 31 stack frames]]>
    </failure>
  </testcase> <!-- MeasuresVersionListAPI -->
  <testcase name="MeasuresVersionDetailAPI" time="2.309" classname="com.arcapi.Common.CityCom.MeasuresVersionDetailAPITest">
    <failure type="java.lang.AssertionError" message="expected [200] but found [403]">
      <![CDATA[java.lang.AssertionError: expected [200] but found [403]
	at com.Utill.Controller.Assertion.verifyStatusCode(Assertion.java:20)
	at com.arcapi.Common.CityCom.MeasuresVersionDetailAPITest.MeasuresVersionDetailAPI(MeasuresVersionDetailAPITest.java:20)
... Removed 31 stack frames]]>
    </failure>
  </testcase> <!-- MeasuresVersionDetailAPI -->
  <testcase name="MeasuresVersionPostAPI" time="2.026" classname="com.arcapi.Common.CityCom.MeasuresVersionPostAPITest">
    <failure type="java.lang.AssertionError" message="expected [200] but found [403]">
      <![CDATA[java.lang.AssertionError: expected [200] but found [403]
	at com.Utill.Controller.Assertion.verifyStatusCode(Assertion.java:20)
	at com.arcapi.Common.CityCom.MeasuresVersionPostAPITest.MeasuresVersionPostAPI(MeasuresVersionPostAPITest.java:22)
... Removed 31 stack frames]]>
    </failure>
  </testcase> <!-- MeasuresVersionPostAPI -->
  <testcase name="MeterCreatePOSTAPI" time="1.757" classname="com.arcapi.Common.CityCom.MeterCreateAPICityCommTest">
    <failure type="java.lang.NullPointerException">
      <![CDATA[java.lang.NullPointerException
	at com.arcapi.Common.CityCom.MeterCreateAPICityCommTest.MeterCreatePOSTAPI(MeterCreateAPICityCommTest.java:26)
... Removed 25 stack frames]]>
    </failure>
  </testcase> <!-- MeterCreatePOSTAPI -->
  <testcase name="ConsumptionCreatePOSTAPI" time="1.973" classname="com.arcapi.Common.CityCom.ConsumptionCreateAPITest">
    <failure type="java.lang.AssertionError" message="expected [201] but found [403]">
      <![CDATA[java.lang.AssertionError: expected [201] but found [403]
	at com.Utill.Controller.Assertion.verifyStatusCode(Assertion.java:20)
	at com.arcapi.Common.CityCom.ConsumptionCreateAPITest.ConsumptionCreatePOSTAPI(ConsumptionCreateAPITest.java:31)
... Removed 31 stack frames]]>
    </failure>
  </testcase> <!-- ConsumptionCreatePOSTAPI -->
  <testcase name="AssetTeamMemberRoleAPI" time="2.121" classname="com.arcapi.Common.AssetTeamMemberRoleAPITest">
    <failure type="java.lang.AssertionError" message="expected [200] but found [403]">
      <![CDATA[java.lang.AssertionError: expected [200] but found [403]
	at com.Utill.Controller.Assertion.verifyStatusCode(Assertion.java:20)
	at com.arcapi.Common.AssetTeamMemberRoleAPITest.AssetTeamMemberRoleAPI(AssetTeamMemberRoleAPITest.java:20)
... Removed 31 stack frames]]>
    </failure>
  </testcase> <!-- AssetTeamMemberRoleAPI -->
  <testcase name="AssetTeamMemberListAPI" time="5.051" classname="com.arcapi.Common.AssetTeamMemberListAPITest"/>
  <testcase name="AssetTeamMemberAddPOSTAPI" time="2.172" classname="com.arcapi.Common.AssetTeamMemberAddPOSTAPITest">
    <failure type="java.lang.AssertionError" message="expected [200] but found [403]">
      <![CDATA[java.lang.AssertionError: expected [200] but found [403]
	at com.Utill.Controller.Assertion.verifyStatusCode(Assertion.java:20)
	at com.arcapi.Common.AssetTeamMemberAddPOSTAPITest.AssetTeamMemberAddPOSTAPI(AssetTeamMemberAddPOSTAPITest.java:22)
... Removed 31 stack frames]]>
    </failure>
  </testcase> <!-- AssetTeamMemberAddPOSTAPI -->
  <testcase name="AssetTeamMemberUpdateAPI" time="1.937" classname="com.arcapi.Common.AssetTeamMemberUpdateAPITest">
    <failure type="java.lang.AssertionError" message="expected [200] but found [403]">
      <![CDATA[java.lang.AssertionError: expected [200] but found [403]
	at com.Utill.Controller.Assertion.verifyStatusCode(Assertion.java:20)
	at com.arcapi.Common.AssetTeamMemberUpdateAPITest.AssetTeamMemberUpdateAPI(AssetTeamMemberUpdateAPITest.java:22)
... Removed 31 stack frames]]>
    </failure>
  </testcase> <!-- AssetTeamMemberUpdateAPI -->
  <testcase name="AssetTeamMemberRemoveAPI" time="8.976" classname="com.arcapi.Common.AssetTeamMemberRemoveAPITest">
    <failure type="java.lang.AssertionError" message="expected [200] but found [403]">
      <![CDATA[java.lang.AssertionError: expected [200] but found [403]
	at com.Utill.Controller.Assertion.verifyStatusCode(Assertion.java:20)
	at com.arcapi.Common.AssetTeamMemberRemoveAPITest.AssetTeamMemberRemoveAPI(AssetTeamMemberRemoveAPITest.java:23)
... Removed 31 stack frames]]>
    </failure>
  </testcase> <!-- AssetTeamMemberRemoveAPI -->
  <testcase name="DeleteAllAppsAPI" time="1.563" classname="com.arcapi.Common.DeleteAllAppsAPITest">
    <failure type="java.lang.AssertionError" message="expected [200] but found [403]">
      <![CDATA[java.lang.AssertionError: expected [200] but found [403]
	at com.Utill.Controller.Assertion.verifyStatusCode(Assertion.java:20)
	at com.arcapi.Common.DeleteAllAppsAPITest.DeleteAllAppsAPI(DeleteAllAppsAPITest.java:22)
... Removed 31 stack frames]]>
    </failure>
  </testcase> <!-- DeleteAllAppsAPI -->
  <testcase name="InstallAllAppsAfterDeleteAPI" time="1.624" classname="com.arcapi.Common.InstallAllAppsAfterDeleteAPITest">
    <failure type="java.lang.AssertionError" message="expected [200] but found [403]">
      <![CDATA[java.lang.AssertionError: expected [200] but found [403]
	at com.Utill.Controller.Assertion.verifyStatusCode(Assertion.java:20)
	at com.arcapi.Common.InstallAllAppsAfterDeleteAPITest.InstallAllAppsAfterDeleteAPI(InstallAllAppsAfterDeleteAPITest.java:23)
... Removed 31 stack frames]]>
    </failure>
  </testcase> <!-- InstallAllAppsAfterDeleteAPI -->
  <testcase name="S3DocumentUploadPOSTAPI" time="17.473" classname="com.arcapi.Common.S3DocumentUploadPOSTAPITest"/>
  <testcase name="S3DocumentListAPI" time="1.798" classname="com.arcapi.Common.S3DocumentListAPITest"/>
  <testcase name="S3DocumentRemoveAPI" time="1.872" classname="com.arcapi.Common.S3DocumentRemoveAPITest"/>
  <testcase name="AssetTeamPermissionListAPI" time="1.544" classname="com.arcapi.Common.AssetTeamPermissionListAPITest">
    <failure type="java.lang.AssertionError" message="expected [200] but found [403]">
      <![CDATA[java.lang.AssertionError: expected [200] but found [403]
	at com.Utill.Controller.Assertion.verifyStatusCode(Assertion.java:20)
	at com.arcapi.Common.AssetTeamPermissionListAPITest.AssetTeamPermissionListAPI(AssetTeamPermissionListAPITest.java:22)
... Removed 31 stack frames]]>
    </failure>
  </testcase> <!-- AssetTeamPermissionListAPI -->
  <testcase name="AssetTeamPermissionPostAPI" time="2.027" classname="com.arcapi.Common.AssetTeamPermissionPostAPITest">
    <failure type="java.lang.AssertionError" message="expected [201] but found [403]">
      <![CDATA[java.lang.AssertionError: expected [201] but found [403]
	at com.Utill.Controller.Assertion.verifyStatusCode(Assertion.java:20)
	at com.arcapi.Common.AssetTeamPermissionPostAPITest.AssetTeamPermissionPostAPI(AssetTeamPermissionPostAPITest.java:22)
... Removed 31 stack frames]]>
    </failure>
  </testcase> <!-- AssetTeamPermissionPostAPI -->
  <testcase name="AssetTeamPermissionPutAPI" time="2.029" classname="com.arcapi.Common.AssetTeamPermissionPutAPITest">
    <failure type="java.lang.AssertionError" message="expected [200] but found [403]">
      <![CDATA[java.lang.AssertionError: expected [200] but found [403]
	at com.Utill.Controller.Assertion.verifyStatusCode(Assertion.java:20)
	at com.arcapi.Common.AssetTeamPermissionPutAPITest.AssetTeamPermissionPutAPI(AssetTeamPermissionPutAPITest.java:22)
... Removed 31 stack frames]]>
    </failure>
  </testcase> <!-- AssetTeamPermissionPutAPI -->
  <testcase name="VerifyAdminRemoveAPI" time="2.526" classname="com.arcapi.Common.VerifyAdminRemoveAPITest"/>
  <testcase name="AssetTeamMemberAddPOSTAPI" time="1.543" classname="com.arcapi.Common.AssetArcProjectAdminAddPOSTAPITest">
    <failure type="java.lang.AssertionError" message="expected [200] but found [403]">
      <![CDATA[java.lang.AssertionError: expected [200] but found [403]
	at com.Utill.Controller.Assertion.verifyStatusCode(Assertion.java:20)
	at com.arcapi.Common.AssetArcProjectAdminAddPOSTAPITest.AssetTeamMemberAddPOSTAPI(AssetArcProjectAdminAddPOSTAPITest.java:22)
... Removed 31 stack frames]]>
    </failure>
  </testcase> <!-- AssetTeamMemberAddPOSTAPI -->
  <testcase name="AssetNotificationSubscriptionList" time="2.527" classname="com.arcapi.Common.AssetNotificationSubscriptionListTest">
    <failure type="java.lang.AssertionError" message="expected [200] but found [403]">
      <![CDATA[java.lang.AssertionError: expected [200] but found [403]
	at com.Utill.Controller.Assertion.verifyStatusCode(Assertion.java:20)
	at com.arcapi.Common.AssetNotificationSubscriptionListTest.AssetNotificationSubscriptionList(AssetNotificationSubscriptionListTest.java:21)
... Removed 31 stack frames]]>
    </failure>
  </testcase> <!-- AssetNotificationSubscriptionList -->
  <testcase name="AssetNotificationSubscriptionPost" time="2.112" classname="com.arcapi.Common.AssetNotificationSubscriptionPostTest"/>
  <testcase name="NotificationSubscriptionDetail" time="1.964" classname="com.arcapi.Common.NotificationSubscriptionDetailGetTest">
    <failure type="java.lang.AssertionError" message="expected [200] but found [403]">
      <![CDATA[java.lang.AssertionError: expected [200] but found [403]
	at com.Utill.Controller.Assertion.verifyStatusCode(Assertion.java:20)
	at com.arcapi.Common.NotificationSubscriptionDetailGetTest.NotificationSubscriptionDetail(NotificationSubscriptionDetailGetTest.java:21)
... Removed 31 stack frames]]>
    </failure>
  </testcase> <!-- NotificationSubscriptionDetail -->
  <testcase name="NotificationSubscriptionDetail" time="2.128" classname="com.arcapi.Common.NotificationSubscriptionDetailPutTest">
    <failure type="java.lang.AssertionError" message="expected [200] but found [403]">
      <![CDATA[java.lang.AssertionError: expected [200] but found [403]
	at com.Utill.Controller.Assertion.verifyStatusCode(Assertion.java:20)
	at com.arcapi.Common.NotificationSubscriptionDetailPutTest.NotificationSubscriptionDetail(NotificationSubscriptionDetailPutTest.java:22)
... Removed 31 stack frames]]>
    </failure>
  </testcase> <!-- NotificationSubscriptionDetail -->
  <testcase name="NotificationSubscriptionDetailDelete" time="2.14" classname="com.arcapi.Common.NotificationSubscriptionDetailDeleteTest">
    <failure type="java.lang.AssertionError" message="expected [200] but found [403]">
      <![CDATA[java.lang.AssertionError: expected [200] but found [403]
	at com.Utill.Controller.Assertion.verifyStatusCode(Assertion.java:20)
	at com.arcapi.Common.NotificationSubscriptionDetailDeleteTest.NotificationSubscriptionDetailDelete(NotificationSubscriptionDetailDeleteTest.java:24)
... Removed 31 stack frames]]>
    </failure>
  </testcase> <!-- NotificationSubscriptionDetailDelete -->
  <testcase name="AssetDataSnapshotAPI" time="2.032" classname="com.arcapi.Common.AssetDataSnapshotAPITest">
    <failure type="java.lang.AssertionError" message="expected [200] but found [403]">
      <![CDATA[java.lang.AssertionError: expected [200] but found [403]
	at com.Utill.Controller.Assertion.verifyStatusCode(Assertion.java:20)
	at com.arcapi.Common.AssetDataSnapshotAPITest.AssetDataSnapshotAPI(AssetDataSnapshotAPITest.java:20)
... Removed 31 stack frames]]>
    </failure>
  </testcase> <!-- AssetDataSnapshotAPI -->
  <testcase name="RecomputePerformanceScoreGet" time="2.306" classname="com.arcapi.Common.RecomputePerformanceScoreGetTest">
    <failure type="java.lang.AssertionError" message="expected [200] but found [403]">
      <![CDATA[java.lang.AssertionError: expected [200] but found [403]
	at com.Utill.Controller.Assertion.verifyStatusCode(Assertion.java:20)
	at com.arcapi.Common.RecomputePerformanceScoreGetTest.RecomputePerformanceScoreGet(RecomputePerformanceScoreGetTest.java:20)
... Removed 31 stack frames]]>
    </failure>
  </testcase> <!-- RecomputePerformanceScoreGet -->
  <testcase name="NotificationCreatePOSTAPI" time="2.001" classname="com.arcapi.Common.NotificationCreatePOSTAPITest">
    <failure type="java.lang.AssertionError" message="expected [200] but found [403]">
      <![CDATA[java.lang.AssertionError: expected [200] but found [403]
	at com.Utill.Controller.Assertion.verifyStatusCode(Assertion.java:20)
	at com.arcapi.Common.NotificationCreatePOSTAPITest.NotificationCreatePOSTAPI(NotificationCreatePOSTAPITest.java:22)
... Removed 31 stack frames]]>
    </failure>
  </testcase> <!-- NotificationCreatePOSTAPI -->
  <testcase name="NotificationGetAPI" time="1.986" classname="com.arcapi.Common.NotificationGetAPITest"/>
  <testcase name="NotificationDeleteAPI" time="1.945" classname="com.arcapi.Common.NotificationDeleteAPITest">
    <failure type="java.lang.AssertionError" message="expected [200] but found [403]">
      <![CDATA[java.lang.AssertionError: expected [200] but found [403]
	at com.Utill.Controller.Assertion.verifyStatusCode(Assertion.java:20)
	at com.arcapi.Common.NotificationDeleteAPITest.NotificationDeleteAPI(NotificationDeleteAPITest.java:20)
... Removed 31 stack frames]]>
    </failure>
  </testcase> <!-- NotificationDeleteAPI -->
  <testcase name="FeedbackSubmitPostAPI" time="2.134" classname="com.arcapi.Common.FeedbackSubmitPostAPITest">
    <failure type="java.lang.AssertionError" message="expected [200] but found [403]">
      <![CDATA[java.lang.AssertionError: expected [200] but found [403]
	at com.Utill.Controller.Assertion.verifyStatusCode(Assertion.java:20)
	at com.arcapi.Common.FeedbackSubmitPostAPITest.FeedbackSubmitPostAPI(FeedbackSubmitPostAPITest.java:22)
... Removed 31 stack frames]]>
    </failure>
  </testcase> <!-- FeedbackSubmitPostAPI -->
  <testcase name="AssetDataExportAPI" time="2.089" classname="com.arcapi.Common.AssetDataExportAPITest">
    <failure type="java.lang.AssertionError" message="expected [200] but found [403]">
      <![CDATA[java.lang.AssertionError: expected [200] but found [403]
	at com.Utill.Controller.Assertion.verifyStatusCode(Assertion.java:20)
	at com.arcapi.Common.AssetDataExportAPITest.AssetDataExportAPI(AssetDataExportAPITest.java:20)
... Removed 31 stack frames]]>
    </failure>
  </testcase> <!-- AssetDataExportAPI -->
  <testcase name="AssetPerformanceScoreListAPI" time="1.865" classname="com.arcapi.Common.AssetPerformanceScoreListAPITest">
    <failure type="java.lang.AssertionError" message="expected [200] but found [403]">
      <![CDATA[java.lang.AssertionError: expected [200] but found [403]
	at com.Utill.Controller.Assertion.verifyStatusCode(Assertion.java:20)
	at com.arcapi.Common.AssetPerformanceScoreListAPITest.AssetPerformanceScoreListAPI(AssetPerformanceScoreListAPITest.java:20)
... Removed 31 stack frames]]>
    </failure>
  </testcase> <!-- AssetPerformanceScoreListAPI -->
  <testcase name="AnalysisDataSubmitPOSTAPI" time="0.004" classname="com.arcapi.Common.AnalysisDataSubmitPOSTAPITest">
    <failure type="java.lang.AssertionError" message="expected [200] but found [403]">
      <![CDATA[java.lang.AssertionError: expected [200] but found [403]
	at com.Utill.Controller.Assertion.verifyStatusCode(Assertion.java:20)
	at com.arcapi.Common.AnalysisDataSubmitPOSTAPITest.AnalysisDataSubmitPOSTAPI(AnalysisDataSubmitPOSTAPITest.java:18)
... Removed 31 stack frames]]>
    </failure>
  </testcase> <!-- AnalysisDataSubmitPOSTAPI -->
  <testcase name="AnalysisDataGetAPI" time="1.731" classname="com.arcapi.Common.AnalysisDataGetAPITest">
    <failure type="java.lang.AssertionError" message="expected [200] but found [403]">
      <![CDATA[java.lang.AssertionError: expected [200] but found [403]
	at com.Utill.Controller.Assertion.verifyStatusCode(Assertion.java:20)
	at com.arcapi.Common.AnalysisDataGetAPITest.AnalysisDataGetAPI(AnalysisDataGetAPITest.java:20)
... Removed 31 stack frames]]>
    </failure>
  </testcase> <!-- AnalysisDataGetAPI -->
  <testcase name="AssetCertificationListAPI" time="1.645" classname="com.arcapi.Common.AssetCertificationListAPITest">
    <failure type="java.lang.AssertionError" message="expected [200] but found [403]">
      <![CDATA[java.lang.AssertionError: expected [200] but found [403]
	at com.Utill.Controller.Assertion.verifyStatusCode(Assertion.java:20)
	at com.arcapi.Common.AssetCertificationListAPITest.AssetCertificationListAPI(AssetCertificationListAPITest.java:20)
... Removed 31 stack frames]]>
    </failure>
  </testcase> <!-- AssetCertificationListAPI -->
  <testcase name="AssetCertificationPOSTAPI" time="1.992" classname="com.arcapi.Common.AssetCertificationPOSTAPITest">
    <failure type="java.lang.AssertionError" message="expected [200] but found [403]">
      <![CDATA[java.lang.AssertionError: expected [200] but found [403]
	at com.Utill.Controller.Assertion.verifyStatusCode(Assertion.java:20)
	at com.arcapi.Common.AssetCertificationPOSTAPITest.AssetCertificationPOSTAPI(AssetCertificationPOSTAPITest.java:22)
... Removed 31 stack frames]]>
    </failure>
  </testcase> <!-- AssetCertificationPOSTAPI -->
  <testcase name="AssetRequiredFieldsAPI" time="1.799" classname="com.arcapi.Common.AssetRequiredFieldsAPITest">
    <failure type="java.lang.AssertionError" message="expected [200] but found [403]">
      <![CDATA[java.lang.AssertionError: expected [200] but found [403]
	at com.Utill.Controller.Assertion.verifyStatusCode(Assertion.java:20)
	at com.arcapi.Common.AssetRequiredFieldsAPITest.AssetRequiredFieldsAPI(AssetRequiredFieldsAPITest.java:20)
... Removed 31 stack frames]]>
    </failure>
  </testcase> <!-- AssetRequiredFieldsAPI -->
  <testcase name="CountryStatesJSONAPI" time="2.144" classname="com.arcapi.Common.CountryStatesJSONAPITest"/>
  <testcase name="AssociatedCategoriesAPI" time="1.918" classname="com.arcapi.Common.AssociatedCategoriesAPITest"/>
  <testcase name="RatingSystemListAPI" time="1.861" classname="com.arcapi.Common.RatingSystemListAPITest"/>
  <testcase name="AppVersionDetailAPI" time="1.635" classname="com.arcapi.Common.AppVersionDetailAPITest"/>
  <testcase name="FuelCategoryAPI" time="2.302" classname="com.arcapi.Common.FuelCategoryAPITest"/>
  <testcase name="GetAllDocumentListAPI" time="1.858" classname="com.arcapi.Common.GetAllDocumentListAPITest">
    <failure type="java.lang.AssertionError" message="expected [200] but found [403]">
      <![CDATA[java.lang.AssertionError: expected [200] but found [403]
	at com.Utill.Controller.Assertion.verifyStatusCode(Assertion.java:20)
	at com.arcapi.Common.GetAllDocumentListAPITest.GetAllDocumentListAPI(GetAllDocumentListAPITest.java:20)
... Removed 31 stack frames]]>
    </failure>
  </testcase> <!-- GetAllDocumentListAPI -->
  <testcase name="PerformanceComparablesGetAPI" time="2.047" classname="com.arcapi.Common.PerformanceComparablesGetAPITest"/>
  <testcase name="ScoreWeightsAPI" time="2.022" classname="com.arcapi.Common.ScoreWeightsAPITest"/>
  <testcase name="ThirdPartyListAppsAPI" time="1.633" classname="com.arcapi.Common.ThirdPartyListAppsAPITest"/>
  <testcase name="AvgPerformaceList" time="1.753" classname="com.arcapi.Common.AvgPerformaceListGetTest"/>
  <testcase name="AssetSnapshotKeysAPI" time="2.24" classname="com.arcapi.Common.AssetSnapshotKeysAPITest">
    <failure type="java.lang.AssertionError" message="expected [200] but found [403]">
      <![CDATA[java.lang.AssertionError: expected [200] but found [403]
	at com.Utill.Controller.Assertion.verifyStatusCode(Assertion.java:20)
	at com.arcapi.Common.AssetSnapshotKeysAPITest.AssetSnapshotKeysAPI(AssetSnapshotKeysAPITest.java:19)
... Removed 31 stack frames]]>
    </failure>
  </testcase> <!-- AssetSnapshotKeysAPI -->
</testsuite> <!-- CompleteFlowTest-Community-Other -->
