<html>
<head>
<title>TestNG:  LEED v4.1 Cities: Existing</title>
<link href="../testng.css" rel="stylesheet" type="text/css" />
<link href="../my-testng.css" rel="stylesheet" type="text/css" />

<style type="text/css">
.log { display: none;} 
.stack-trace { display: none;} 
</style>
<script type="text/javascript">
<!--
function flip(e) {
  current = e.style.display;
  if (current == 'block') {
    e.style.display = 'none';
    return 0;
  }
  else {
    e.style.display = 'block';
    return 1;
  }
}

function toggleBox(szDivId, elem, msg1, msg2)
{
  var res = -1;  if (document.getElementById) {
    res = flip(document.getElementById(szDivId));
  }
  else if (document.all) {
    // this is the way old msie versions work
    res = flip(document.all[szDivId]);
  }
  if(elem) {
    if(res == 0) elem.innerHTML = msg1; else elem.innerHTML = msg2;
  }

}

function toggleAllBoxes() {
  if (document.getElementsByTagName) {
    d = document.getElementsByTagName('div');
    for (i = 0; i < d.length; i++) {
      if (d[i].className == 'log') {
        flip(d[i]);
      }
    }
  }
}

// -->
</script>

</head>
<body>
<h2 align='center'>LEED v4.1 Cities: Existing</h2><table border='1' align="center">
<tr>
<td>Tests passed/Failed/Skipped:</td><td>8/7/0</td>
</tr><tr>
<td>Started on:</td><td>Fri Sep 20 15:51:59 IST 2019</td>
</tr>
<tr><td>Total time:</td><td>45 seconds (45268 ms)</td>
</tr><tr>
<td>Included groups:</td><td></td>
</tr><tr>
<td>Excluded groups:</td><td></td>
</tr>
</table><p/>
<small><i>(Hover the method name to see the test class name)</i></small><p/>
<table width='100%' border='1' class='invocation-failed'>
<tr><td colspan='4' align='center'><b>FAILED TESTS</b></td></tr>
<tr><td><b>Test method</b></td>
<td width="30%"><b>Exception</b></td>
<td width="10%"><b>Time (seconds)</b></td>
<td><b>Instance</b></td>
</tr>
<tr>
<td title='com.arcapi.Common.AssetDetailAPITest.AssetDetailAPI()'><b>AssetDetailAPI</b><br>Test class: com.arcapi.Common.AssetDetailAPITest<br>Parameters: STG, LeedIDEB, 2</td>
<td><div><pre>java.lang.AssertionError: expected [200] but found [404]
	at com.Utill.Controller.Assertion.verifyStatusCode(Assertion.java:20)
	at com.arcapi.Common.AssetDetailAPITest.AssetDetailAPI(AssetDetailAPITest.java:24)
... Removed 31 stack frames</pre></div><a href='#' onClick='toggleBox("stack-trace1011912023", this, "Click to show all stack frames", "Click to hide stack frames")'>Click to show all stack frames</a>
<div class='stack-trace' id='stack-trace1011912023'><pre>java.lang.AssertionError: expected [200] but found [404]
	at org.testng.Assert.fail(Assert.java:94)
	at org.testng.Assert.failNotEquals(Assert.java:513)
	at org.testng.Assert.assertEqualsImpl(Assert.java:135)
	at org.testng.Assert.assertEquals(Assert.java:116)
	at org.testng.Assert.assertEquals(Assert.java:389)
	at org.testng.Assert.assertEquals(Assert.java:399)
	at com.Utill.Controller.Assertion.verifyStatusCode(Assertion.java:20)
	at com.arcapi.Common.AssetDetailAPITest.AssetDetailAPI(AssetDetailAPITest.java:24)
	at sun.reflect.NativeMethodAccessorImpl.invoke0(Native Method)
	at sun.reflect.NativeMethodAccessorImpl.invoke(NativeMethodAccessorImpl.java:62)
	at sun.reflect.DelegatingMethodAccessorImpl.invoke(DelegatingMethodAccessorImpl.java:43)
	at java.lang.reflect.Method.invoke(Method.java:498)
	at org.testng.internal.MethodInvocationHelper.invokeMethod(MethodInvocationHelper.java:86)
	at org.testng.internal.Invoker.invokeMethod(Invoker.java:643)
	at org.testng.internal.Invoker.invokeTestMethod(Invoker.java:820)
	at org.testng.internal.Invoker.invokeTestMethods(Invoker.java:1128)
	at org.testng.internal.TestMethodWorker.invokeTestMethods(TestMethodWorker.java:129)
	at org.testng.internal.TestMethodWorker.run(TestMethodWorker.java:112)
	at org.testng.TestRunner.privateRun(TestRunner.java:782)
	at org.testng.TestRunner.run(TestRunner.java:632)
	at org.testng.SuiteRunner.runTest(SuiteRunner.java:366)
	at org.testng.SuiteRunner.runSequentially(SuiteRunner.java:361)
	at org.testng.SuiteRunner.privateRun(SuiteRunner.java:319)
	at org.testng.SuiteRunner.run(SuiteRunner.java:268)
	at org.testng.SuiteRunnerWorker.runSuite(SuiteRunnerWorker.java:52)
	at org.testng.SuiteRunnerWorker.run(SuiteRunnerWorker.java:86)
	at org.testng.TestNG.runSuitesSequentially(TestNG.java:1244)
	at org.testng.TestNG.runSuitesSequentially(TestNG.java:1240)
	at org.testng.TestNG.runSuitesLocally(TestNG.java:1169)
	at org.testng.TestNG.run(TestNG.java:1064)
	at org.testng.remote.RemoteTestNG.run(RemoteTestNG.java:113)
	at org.testng.remote.RemoteTestNG.initAndRun(RemoteTestNG.java:206)
	at org.testng.remote.RemoteTestNG.main(RemoteTestNG.java:177)
</pre></div></td>
<td>2</td>
<td>com.arcapi.Common.AssetDetailAPITest@5c18298f</td></tr>
<tr>
<td title='com.arcapi.Common.CityCom.AssetUpdateAPITest.AssetUpdateforNewAssetPUTAPI()'><b>AssetUpdateforNewAssetPUTAPI</b><br>Test class: com.arcapi.Common.CityCom.AssetUpdateAPITest<br>Parameters: STG, LeedIDEB, 2</td>
<td><div><pre>java.lang.AssertionError: expected [200] but found [404]
	at com.Utill.Controller.Assertion.verifyStatusCode(Assertion.java:20)
	at com.arcapi.Common.CityCom.AssetUpdateAPITest.AssetUpdateforNewAssetPUTAPI(AssetUpdateAPITest.java:24)
... Removed 31 stack frames</pre></div><a href='#' onClick='toggleBox("stack-trace100798464", this, "Click to show all stack frames", "Click to hide stack frames")'>Click to show all stack frames</a>
<div class='stack-trace' id='stack-trace100798464'><pre>java.lang.AssertionError: expected [200] but found [404]
	at org.testng.Assert.fail(Assert.java:94)
	at org.testng.Assert.failNotEquals(Assert.java:513)
	at org.testng.Assert.assertEqualsImpl(Assert.java:135)
	at org.testng.Assert.assertEquals(Assert.java:116)
	at org.testng.Assert.assertEquals(Assert.java:389)
	at org.testng.Assert.assertEquals(Assert.java:399)
	at com.Utill.Controller.Assertion.verifyStatusCode(Assertion.java:20)
	at com.arcapi.Common.CityCom.AssetUpdateAPITest.AssetUpdateforNewAssetPUTAPI(AssetUpdateAPITest.java:24)
	at sun.reflect.NativeMethodAccessorImpl.invoke0(Native Method)
	at sun.reflect.NativeMethodAccessorImpl.invoke(NativeMethodAccessorImpl.java:62)
	at sun.reflect.DelegatingMethodAccessorImpl.invoke(DelegatingMethodAccessorImpl.java:43)
	at java.lang.reflect.Method.invoke(Method.java:498)
	at org.testng.internal.MethodInvocationHelper.invokeMethod(MethodInvocationHelper.java:86)
	at org.testng.internal.Invoker.invokeMethod(Invoker.java:643)
	at org.testng.internal.Invoker.invokeTestMethod(Invoker.java:820)
	at org.testng.internal.Invoker.invokeTestMethods(Invoker.java:1128)
	at org.testng.internal.TestMethodWorker.invokeTestMethods(TestMethodWorker.java:129)
	at org.testng.internal.TestMethodWorker.run(TestMethodWorker.java:112)
	at org.testng.TestRunner.privateRun(TestRunner.java:782)
	at org.testng.TestRunner.run(TestRunner.java:632)
	at org.testng.SuiteRunner.runTest(SuiteRunner.java:366)
	at org.testng.SuiteRunner.runSequentially(SuiteRunner.java:361)
	at org.testng.SuiteRunner.privateRun(SuiteRunner.java:319)
	at org.testng.SuiteRunner.run(SuiteRunner.java:268)
	at org.testng.SuiteRunnerWorker.runSuite(SuiteRunnerWorker.java:52)
	at org.testng.SuiteRunnerWorker.run(SuiteRunnerWorker.java:86)
	at org.testng.TestNG.runSuitesSequentially(TestNG.java:1244)
	at org.testng.TestNG.runSuitesSequentially(TestNG.java:1240)
	at org.testng.TestNG.runSuitesLocally(TestNG.java:1169)
	at org.testng.TestNG.run(TestNG.java:1064)
	at org.testng.remote.RemoteTestNG.run(RemoteTestNG.java:113)
	at org.testng.remote.RemoteTestNG.initAndRun(RemoteTestNG.java:206)
	at org.testng.remote.RemoteTestNG.main(RemoteTestNG.java:177)
</pre></div></td>
<td>1</td>
<td>com.arcapi.Common.CityCom.AssetUpdateAPITest@376b4233</td></tr>
<tr>
<td title='com.arcapi.Common.DownloadDocumentsAPITest.DownloadDocumentsAPI()'><b>DownloadDocumentsAPI</b><br>Test class: com.arcapi.Common.DownloadDocumentsAPITest<br>Parameters: STG, LeedIDEB, 2</td>
<td><div><pre>java.lang.AssertionError: expected [200] but found [404]
	at com.Utill.Controller.Assertion.verifyStatusCode(Assertion.java:20)
	at com.arcapi.Common.DownloadDocumentsAPITest.DownloadDocumentsAPI(DownloadDocumentsAPITest.java:29)
... Removed 31 stack frames</pre></div><a href='#' onClick='toggleBox("stack-trace1113124852", this, "Click to show all stack frames", "Click to hide stack frames")'>Click to show all stack frames</a>
<div class='stack-trace' id='stack-trace1113124852'><pre>java.lang.AssertionError: expected [200] but found [404]
	at org.testng.Assert.fail(Assert.java:94)
	at org.testng.Assert.failNotEquals(Assert.java:513)
	at org.testng.Assert.assertEqualsImpl(Assert.java:135)
	at org.testng.Assert.assertEquals(Assert.java:116)
	at org.testng.Assert.assertEquals(Assert.java:389)
	at org.testng.Assert.assertEquals(Assert.java:399)
	at com.Utill.Controller.Assertion.verifyStatusCode(Assertion.java:20)
	at com.arcapi.Common.DownloadDocumentsAPITest.DownloadDocumentsAPI(DownloadDocumentsAPITest.java:29)
	at sun.reflect.NativeMethodAccessorImpl.invoke0(Native Method)
	at sun.reflect.NativeMethodAccessorImpl.invoke(NativeMethodAccessorImpl.java:62)
	at sun.reflect.DelegatingMethodAccessorImpl.invoke(DelegatingMethodAccessorImpl.java:43)
	at java.lang.reflect.Method.invoke(Method.java:498)
	at org.testng.internal.MethodInvocationHelper.invokeMethod(MethodInvocationHelper.java:86)
	at org.testng.internal.Invoker.invokeMethod(Invoker.java:643)
	at org.testng.internal.Invoker.invokeTestMethod(Invoker.java:820)
	at org.testng.internal.Invoker.invokeTestMethods(Invoker.java:1128)
	at org.testng.internal.TestMethodWorker.invokeTestMethods(TestMethodWorker.java:129)
	at org.testng.internal.TestMethodWorker.run(TestMethodWorker.java:112)
	at org.testng.TestRunner.privateRun(TestRunner.java:782)
	at org.testng.TestRunner.run(TestRunner.java:632)
	at org.testng.SuiteRunner.runTest(SuiteRunner.java:366)
	at org.testng.SuiteRunner.runSequentially(SuiteRunner.java:361)
	at org.testng.SuiteRunner.privateRun(SuiteRunner.java:319)
	at org.testng.SuiteRunner.run(SuiteRunner.java:268)
	at org.testng.SuiteRunnerWorker.runSuite(SuiteRunnerWorker.java:52)
	at org.testng.SuiteRunnerWorker.run(SuiteRunnerWorker.java:86)
	at org.testng.TestNG.runSuitesSequentially(TestNG.java:1244)
	at org.testng.TestNG.runSuitesSequentially(TestNG.java:1240)
	at org.testng.TestNG.runSuitesLocally(TestNG.java:1169)
	at org.testng.TestNG.run(TestNG.java:1064)
	at org.testng.remote.RemoteTestNG.run(RemoteTestNG.java:113)
	at org.testng.remote.RemoteTestNG.initAndRun(RemoteTestNG.java:206)
	at org.testng.remote.RemoteTestNG.main(RemoteTestNG.java:177)
</pre></div></td>
<td>2</td>
<td>com.arcapi.Common.DownloadDocumentsAPITest@fcd6521</td></tr>
<tr>
<td title='com.arcapi.Leedv4Testcases.LOProjectSyncAPITest.LOProjectSyncAPI()'><b>LOProjectSyncAPI</b><br>Test class: com.arcapi.Leedv4Testcases.LOProjectSyncAPITest<br>Parameters: STG, LeedIDEB, 2</td>
<td><div><pre>java.lang.AssertionError: expected [200] but found [400]
	at com.Utill.Controller.Assertion.verifyStatusCode(Assertion.java:20)
	at com.arcapi.Leedv4Testcases.LOProjectSyncAPITest.LOProjectSyncAPI(LOProjectSyncAPITest.java:19)
... Removed 31 stack frames</pre></div><a href='#' onClick='toggleBox("stack-trace678135680", this, "Click to show all stack frames", "Click to hide stack frames")'>Click to show all stack frames</a>
<div class='stack-trace' id='stack-trace678135680'><pre>java.lang.AssertionError: expected [200] but found [400]
	at org.testng.Assert.fail(Assert.java:94)
	at org.testng.Assert.failNotEquals(Assert.java:513)
	at org.testng.Assert.assertEqualsImpl(Assert.java:135)
	at org.testng.Assert.assertEquals(Assert.java:116)
	at org.testng.Assert.assertEquals(Assert.java:389)
	at org.testng.Assert.assertEquals(Assert.java:399)
	at com.Utill.Controller.Assertion.verifyStatusCode(Assertion.java:20)
	at com.arcapi.Leedv4Testcases.LOProjectSyncAPITest.LOProjectSyncAPI(LOProjectSyncAPITest.java:19)
	at sun.reflect.NativeMethodAccessorImpl.invoke0(Native Method)
	at sun.reflect.NativeMethodAccessorImpl.invoke(NativeMethodAccessorImpl.java:62)
	at sun.reflect.DelegatingMethodAccessorImpl.invoke(DelegatingMethodAccessorImpl.java:43)
	at java.lang.reflect.Method.invoke(Method.java:498)
	at org.testng.internal.MethodInvocationHelper.invokeMethod(MethodInvocationHelper.java:86)
	at org.testng.internal.Invoker.invokeMethod(Invoker.java:643)
	at org.testng.internal.Invoker.invokeTestMethod(Invoker.java:820)
	at org.testng.internal.Invoker.invokeTestMethods(Invoker.java:1128)
	at org.testng.internal.TestMethodWorker.invokeTestMethods(TestMethodWorker.java:129)
	at org.testng.internal.TestMethodWorker.run(TestMethodWorker.java:112)
	at org.testng.TestRunner.privateRun(TestRunner.java:782)
	at org.testng.TestRunner.run(TestRunner.java:632)
	at org.testng.SuiteRunner.runTest(SuiteRunner.java:366)
	at org.testng.SuiteRunner.runSequentially(SuiteRunner.java:361)
	at org.testng.SuiteRunner.privateRun(SuiteRunner.java:319)
	at org.testng.SuiteRunner.run(SuiteRunner.java:268)
	at org.testng.SuiteRunnerWorker.runSuite(SuiteRunnerWorker.java:52)
	at org.testng.SuiteRunnerWorker.run(SuiteRunnerWorker.java:86)
	at org.testng.TestNG.runSuitesSequentially(TestNG.java:1244)
	at org.testng.TestNG.runSuitesSequentially(TestNG.java:1240)
	at org.testng.TestNG.runSuitesLocally(TestNG.java:1169)
	at org.testng.TestNG.run(TestNG.java:1064)
	at org.testng.remote.RemoteTestNG.run(RemoteTestNG.java:113)
	at org.testng.remote.RemoteTestNG.initAndRun(RemoteTestNG.java:206)
	at org.testng.remote.RemoteTestNG.main(RemoteTestNG.java:177)
</pre></div></td>
<td>3</td>
<td>com.arcapi.Leedv4Testcases.LOProjectSyncAPITest@16f7c8c1</td></tr>
<tr>
<td title='com.arcapi.Citytestcases.LeedExistingCityCreateAssetAPITest.LeedExistingCityCreateAssetAPI()'><b>LeedExistingCityCreateAssetAPI</b><br>Test class: com.arcapi.Citytestcases.LeedExistingCityCreateAssetAPITest<br>Parameters: STG, 2, US</td>
<td><div><pre>java.lang.AssertionError: expected [200] but found [403]
	at com.Utill.Controller.Assertion.verifyStatusCode(Assertion.java:20)
	at com.arcapi.Citytestcases.LeedExistingCityCreateAssetAPITest.LeedExistingCityCreateAssetAPI(LeedExistingCityCreateAssetAPITest.java:29)
... Removed 31 stack frames</pre></div><a href='#' onClick='toggleBox("stack-trace1155930964", this, "Click to show all stack frames", "Click to hide stack frames")'>Click to show all stack frames</a>
<div class='stack-trace' id='stack-trace1155930964'><pre>java.lang.AssertionError: expected [200] but found [403]
	at org.testng.Assert.fail(Assert.java:94)
	at org.testng.Assert.failNotEquals(Assert.java:513)
	at org.testng.Assert.assertEqualsImpl(Assert.java:135)
	at org.testng.Assert.assertEquals(Assert.java:116)
	at org.testng.Assert.assertEquals(Assert.java:389)
	at org.testng.Assert.assertEquals(Assert.java:399)
	at com.Utill.Controller.Assertion.verifyStatusCode(Assertion.java:20)
	at com.arcapi.Citytestcases.LeedExistingCityCreateAssetAPITest.LeedExistingCityCreateAssetAPI(LeedExistingCityCreateAssetAPITest.java:29)
	at sun.reflect.NativeMethodAccessorImpl.invoke0(Native Method)
	at sun.reflect.NativeMethodAccessorImpl.invoke(NativeMethodAccessorImpl.java:62)
	at sun.reflect.DelegatingMethodAccessorImpl.invoke(DelegatingMethodAccessorImpl.java:43)
	at java.lang.reflect.Method.invoke(Method.java:498)
	at org.testng.internal.MethodInvocationHelper.invokeMethod(MethodInvocationHelper.java:86)
	at org.testng.internal.Invoker.invokeMethod(Invoker.java:643)
	at org.testng.internal.Invoker.invokeTestMethod(Invoker.java:820)
	at org.testng.internal.Invoker.invokeTestMethods(Invoker.java:1128)
	at org.testng.internal.TestMethodWorker.invokeTestMethods(TestMethodWorker.java:129)
	at org.testng.internal.TestMethodWorker.run(TestMethodWorker.java:112)
	at org.testng.TestRunner.privateRun(TestRunner.java:782)
	at org.testng.TestRunner.run(TestRunner.java:632)
	at org.testng.SuiteRunner.runTest(SuiteRunner.java:366)
	at org.testng.SuiteRunner.runSequentially(SuiteRunner.java:361)
	at org.testng.SuiteRunner.privateRun(SuiteRunner.java:319)
	at org.testng.SuiteRunner.run(SuiteRunner.java:268)
	at org.testng.SuiteRunnerWorker.runSuite(SuiteRunnerWorker.java:52)
	at org.testng.SuiteRunnerWorker.run(SuiteRunnerWorker.java:86)
	at org.testng.TestNG.runSuitesSequentially(TestNG.java:1244)
	at org.testng.TestNG.runSuitesSequentially(TestNG.java:1240)
	at org.testng.TestNG.runSuitesLocally(TestNG.java:1169)
	at org.testng.TestNG.run(TestNG.java:1064)
	at org.testng.remote.RemoteTestNG.run(RemoteTestNG.java:113)
	at org.testng.remote.RemoteTestNG.initAndRun(RemoteTestNG.java:206)
	at org.testng.remote.RemoteTestNG.main(RemoteTestNG.java:177)
</pre></div></td>
<td>2</td>
<td>com.arcapi.Citytestcases.LeedExistingCityCreateAssetAPITest@df27fae</td></tr>
<tr>
<td title='com.arcapi.Leedv4Testcases.SignAgreementRegistrationAPITest.SignAgreementRegistrationAPI()'><b>SignAgreementRegistrationAPI</b><br>Test class: com.arcapi.Leedv4Testcases.SignAgreementRegistrationAPITest<br>Parameters: STG, LeedIDEB, 2</td>
<td><div><pre>java.lang.AssertionError: expected [200] but found [404]
	at com.Utill.Controller.Assertion.verifyStatusCode(Assertion.java:20)
	at com.arcapi.Leedv4Testcases.SignAgreementRegistrationAPITest.SignAgreementRegistrationAPI(SignAgreementRegistrationAPITest.java:32)
... Removed 31 stack frames</pre></div><a href='#' onClick='toggleBox("stack-trace75737988", this, "Click to show all stack frames", "Click to hide stack frames")'>Click to show all stack frames</a>
<div class='stack-trace' id='stack-trace75737988'><pre>java.lang.AssertionError: expected [200] but found [404]
	at org.testng.Assert.fail(Assert.java:94)
	at org.testng.Assert.failNotEquals(Assert.java:513)
	at org.testng.Assert.assertEqualsImpl(Assert.java:135)
	at org.testng.Assert.assertEquals(Assert.java:116)
	at org.testng.Assert.assertEquals(Assert.java:389)
	at org.testng.Assert.assertEquals(Assert.java:399)
	at com.Utill.Controller.Assertion.verifyStatusCode(Assertion.java:20)
	at com.arcapi.Leedv4Testcases.SignAgreementRegistrationAPITest.SignAgreementRegistrationAPI(SignAgreementRegistrationAPITest.java:32)
	at sun.reflect.NativeMethodAccessorImpl.invoke0(Native Method)
	at sun.reflect.NativeMethodAccessorImpl.invoke(NativeMethodAccessorImpl.java:62)
	at sun.reflect.DelegatingMethodAccessorImpl.invoke(DelegatingMethodAccessorImpl.java:43)
	at java.lang.reflect.Method.invoke(Method.java:498)
	at org.testng.internal.MethodInvocationHelper.invokeMethod(MethodInvocationHelper.java:86)
	at org.testng.internal.Invoker.invokeMethod(Invoker.java:643)
	at org.testng.internal.Invoker.invokeTestMethod(Invoker.java:820)
	at org.testng.internal.Invoker.invokeTestMethods(Invoker.java:1128)
	at org.testng.internal.TestMethodWorker.invokeTestMethods(TestMethodWorker.java:129)
	at org.testng.internal.TestMethodWorker.run(TestMethodWorker.java:112)
	at org.testng.TestRunner.privateRun(TestRunner.java:782)
	at org.testng.TestRunner.run(TestRunner.java:632)
	at org.testng.SuiteRunner.runTest(SuiteRunner.java:366)
	at org.testng.SuiteRunner.runSequentially(SuiteRunner.java:361)
	at org.testng.SuiteRunner.privateRun(SuiteRunner.java:319)
	at org.testng.SuiteRunner.run(SuiteRunner.java:268)
	at org.testng.SuiteRunnerWorker.runSuite(SuiteRunnerWorker.java:52)
	at org.testng.SuiteRunnerWorker.run(SuiteRunnerWorker.java:86)
	at org.testng.TestNG.runSuitesSequentially(TestNG.java:1244)
	at org.testng.TestNG.runSuitesSequentially(TestNG.java:1240)
	at org.testng.TestNG.runSuitesLocally(TestNG.java:1169)
	at org.testng.TestNG.run(TestNG.java:1064)
	at org.testng.remote.RemoteTestNG.run(RemoteTestNG.java:113)
	at org.testng.remote.RemoteTestNG.initAndRun(RemoteTestNG.java:206)
	at org.testng.remote.RemoteTestNG.main(RemoteTestNG.java:177)
</pre></div></td>
<td>2</td>
<td>com.arcapi.Leedv4Testcases.SignAgreementRegistrationAPITest@2f0a87b3</td></tr>
<tr>
<td title='com.arcapi.Common.VerifyProjectRegisteredAssetListTest.VerifyProjectRegisteredAssetList()'><b>VerifyProjectRegisteredAssetList</b><br>Test class: com.arcapi.Common.VerifyProjectRegisteredAssetListTest<br>Parameters: STG, LeedIDEB, 2</td>
<td><div><pre>java.lang.AssertionError: List does not have LEED ID expected [true] but found [false]
	at com.arcapi.Common.VerifyProjectRegisteredAssetListTest.VerifyProjectRegisteredAssetList(VerifyProjectRegisteredAssetListTest.java:26)
... Removed 28 stack frames</pre></div><a href='#' onClick='toggleBox("stack-trace1543815140", this, "Click to show all stack frames", "Click to hide stack frames")'>Click to show all stack frames</a>
<div class='stack-trace' id='stack-trace1543815140'><pre>java.lang.AssertionError: List does not have LEED ID expected [true] but found [false]
	at org.testng.Assert.fail(Assert.java:94)
	at org.testng.Assert.failNotEquals(Assert.java:513)
	at org.testng.Assert.assertTrue(Assert.java:42)
	at com.arcapi.Common.VerifyProjectRegisteredAssetListTest.VerifyProjectRegisteredAssetList(VerifyProjectRegisteredAssetListTest.java:26)
	at sun.reflect.NativeMethodAccessorImpl.invoke0(Native Method)
	at sun.reflect.NativeMethodAccessorImpl.invoke(NativeMethodAccessorImpl.java:62)
	at sun.reflect.DelegatingMethodAccessorImpl.invoke(DelegatingMethodAccessorImpl.java:43)
	at java.lang.reflect.Method.invoke(Method.java:498)
	at org.testng.internal.MethodInvocationHelper.invokeMethod(MethodInvocationHelper.java:86)
	at org.testng.internal.Invoker.invokeMethod(Invoker.java:643)
	at org.testng.internal.Invoker.invokeTestMethod(Invoker.java:820)
	at org.testng.internal.Invoker.invokeTestMethods(Invoker.java:1128)
	at org.testng.internal.TestMethodWorker.invokeTestMethods(TestMethodWorker.java:129)
	at org.testng.internal.TestMethodWorker.run(TestMethodWorker.java:112)
	at org.testng.TestRunner.privateRun(TestRunner.java:782)
	at org.testng.TestRunner.run(TestRunner.java:632)
	at org.testng.SuiteRunner.runTest(SuiteRunner.java:366)
	at org.testng.SuiteRunner.runSequentially(SuiteRunner.java:361)
	at org.testng.SuiteRunner.privateRun(SuiteRunner.java:319)
	at org.testng.SuiteRunner.run(SuiteRunner.java:268)
	at org.testng.SuiteRunnerWorker.runSuite(SuiteRunnerWorker.java:52)
	at org.testng.SuiteRunnerWorker.run(SuiteRunnerWorker.java:86)
	at org.testng.TestNG.runSuitesSequentially(TestNG.java:1244)
	at org.testng.TestNG.runSuitesSequentially(TestNG.java:1240)
	at org.testng.TestNG.runSuitesLocally(TestNG.java:1169)
	at org.testng.TestNG.run(TestNG.java:1064)
	at org.testng.remote.RemoteTestNG.run(RemoteTestNG.java:113)
	at org.testng.remote.RemoteTestNG.initAndRun(RemoteTestNG.java:206)
	at org.testng.remote.RemoteTestNG.main(RemoteTestNG.java:177)
</pre></div></td>
<td>2</td>
<td>com.arcapi.Common.VerifyProjectRegisteredAssetListTest@2fd66ad3</td></tr>
</table><p>
<table width='100%' border='1' class='invocation-passed'>
<tr><td colspan='4' align='center'><b>PASSED TESTS</b></td></tr>
<tr><td><b>Test method</b></td>
<td width="30%"><b>Exception</b></td>
<td width="10%"><b>Time (seconds)</b></td>
<td><b>Instance</b></td>
</tr>
<tr>
<td title='com.arcapi.Common.AssetDocumentAPITest.AssetDocumentAPI()'><b>AssetDocumentAPI</b><br>Test class: com.arcapi.Common.AssetDocumentAPITest<br>Parameters: STG, LeedIDEB, 2</td>
<td></td>
<td>1</td>
<td>com.arcapi.Common.AssetDocumentAPITest@319b92f3</td></tr>
<tr>
<td title='com.arcapi.Common.AssetListAPITest.AssetListAPI()'><b>AssetListAPI</b><br>Test class: com.arcapi.Common.AssetListAPITest</td>
<td></td>
<td>2</td>
<td>com.arcapi.Common.AssetListAPITest@4fcd19b3</td></tr>
<tr>
<td title='com.arcapi.Common.AssetSearchAPITest.AssetSearchAPI()'><b>AssetSearchAPI</b><br>Test class: com.arcapi.Common.AssetSearchAPITest<br>Parameters: STG, LeedIDEB, 2</td>
<td></td>
<td>1</td>
<td>com.arcapi.Common.AssetSearchAPITest@5579bb86</td></tr>
<tr>
<td title='com.arcapi.Common.AssetSearchOwnerAPITest.AssetSearchOwnerAPI()'><b>AssetSearchOwnerAPI</b><br>Test class: com.arcapi.Common.AssetSearchOwnerAPITest<br>Parameters: STG, LeedIDEB, 2</td>
<td></td>
<td>1</td>
<td>com.arcapi.Common.AssetSearchOwnerAPITest@31f924f5</td></tr>
<tr>
<td title='com.arcapi.Common.AssetValidationInfoPOSTAPITest.AssetValidationInfoPOSTAPI()'><b>AssetValidationInfoPOSTAPI</b><br>Test class: com.arcapi.Common.AssetValidationInfoPOSTAPITest</td>
<td></td>
<td>2</td>
<td>com.arcapi.Common.AssetValidationInfoPOSTAPITest@5204062d</td></tr>
<tr>
<td title='com.arcapi.Common.FetchingAgreementDetailsAPITest.FetchingAgreementDetailsAPI()'><b>FetchingAgreementDetailsAPI</b><br>Test class: com.arcapi.Common.FetchingAgreementDetailsAPITest<br>Parameters: STG, LeedIDEB, 2</td>
<td></td>
<td>1</td>
<td>com.arcapi.Common.FetchingAgreementDetailsAPITest@27d415d9</td></tr>
<tr>
<td title='com.arcapi.Leedv4Testcases.LOAuthenticateAPITest.LOAuthenticateAPI()'><b>LOAuthenticateAPI</b><br>Test class: com.arcapi.Leedv4Testcases.LOAuthenticateAPITest<br>Parameters: STG, 2</td>
<td></td>
<td>1</td>
<td>com.arcapi.Leedv4Testcases.LOAuthenticateAPITest@704921a5</td></tr>
<tr>
<td title='com.arcapi.Common.LoginAPITest.LoginAPI()'><b>LoginAPI</b><br>Test class: com.arcapi.Common.LoginAPITest</td>
<td></td>
<td>6</td>
<td>com.arcapi.Common.LoginAPITest@24a35978</td></tr>
</table><p>
</body>
</html>