<?xml version="1.0" encoding="UTF-8"?>
<!-- Generated by org.testng.reporters.JUnitXMLReporter -->
<testsuite hostname="G10GGNLT052" name="LEED v4.1 Cities: Plan and Design" tests="70" failures="52" timestamp="20 Sep 2019 10:26:04 GMT" time="199.403" errors="0">
  <testcase name="LOAuthenticateAPI" time="1.913" classname="com.arcapi.Leedv4Testcases.LOAuthenticateAPITest"/>
  <testcase name="LeedExistingCityCreateAssetAPI" time="10.873" classname="com.arcapi.Citytestcases.LEEDV4CitiesPlanandDesign">
    <failure type="java.lang.AssertionError" message="expected [200] but found [403]">
      <![CDATA[java.lang.AssertionError: expected [200] but found [403]
	at com.Utill.Controller.Assertion.verifyStatusCode(Assertion.java:20)
	at com.arcapi.Citytestcases.LEEDV4CitiesPlanandDesign.LeedExistingCityCreateAssetAPI(LEEDV4CitiesPlanandDesign.java:31)
... Removed 31 stack frames]]>
    </failure>
  </testcase> <!-- LeedExistingCityCreateAssetAPI -->
  <testcase name="LoginAPI" time="6.269" classname="com.arcapi.Common.LoginAPITest"/>
  <testcase name="LOProjectSyncAPI" time="3.166" classname="com.arcapi.Leedv4Testcases.LOProjectSyncAPITest">
    <failure type="java.lang.AssertionError" message="expected [200] but found [400]">
      <![CDATA[java.lang.AssertionError: expected [200] but found [400]
	at com.Utill.Controller.Assertion.verifyStatusCode(Assertion.java:20)
	at com.arcapi.Leedv4Testcases.LOProjectSyncAPITest.LOProjectSyncAPI(LOProjectSyncAPITest.java:19)
... Removed 31 stack frames]]>
    </failure>
  </testcase> <!-- LOProjectSyncAPI -->
  <testcase name="SignAgreementRegistrationAPI" time="2.627" classname="com.arcapi.Leedv4Testcases.SignAgreementRegistrationAPITest">
    <failure type="java.lang.AssertionError" message="expected [200] but found [404]">
      <![CDATA[java.lang.AssertionError: expected [200] but found [404]
	at com.Utill.Controller.Assertion.verifyStatusCode(Assertion.java:20)
	at com.arcapi.Leedv4Testcases.SignAgreementRegistrationAPITest.SignAgreementRegistrationAPI(SignAgreementRegistrationAPITest.java:32)
... Removed 31 stack frames]]>
    </failure>
  </testcase> <!-- SignAgreementRegistrationAPI -->
  <testcase name="AssetDocumentAPI" time="1.903" classname="com.arcapi.Common.AssetDocumentAPITest"/>
  <testcase name="DownloadDocumentsAPI" time="1.838" classname="com.arcapi.Common.DownloadDocumentsAPITest">
    <failure type="java.lang.AssertionError" message="expected [200] but found [404]">
      <![CDATA[java.lang.AssertionError: expected [200] but found [404]
	at com.Utill.Controller.Assertion.verifyStatusCode(Assertion.java:20)
	at com.arcapi.Common.DownloadDocumentsAPITest.DownloadDocumentsAPI(DownloadDocumentsAPITest.java:29)
... Removed 31 stack frames]]>
    </failure>
  </testcase> <!-- DownloadDocumentsAPI -->
  <testcase name="FetchingAgreementDetailsAPI" time="1.743" classname="com.arcapi.Common.FetchingAgreementDetailsAPITest"/>
  <testcase name="AssetDetailAPI" time="2.029" classname="com.arcapi.Common.AssetDetailAPITest">
    <failure type="java.lang.AssertionError" message="expected [200] but found [404]">
      <![CDATA[java.lang.AssertionError: expected [200] but found [404]
	at com.Utill.Controller.Assertion.verifyStatusCode(Assertion.java:20)
	at com.arcapi.Common.AssetDetailAPITest.AssetDetailAPI(AssetDetailAPITest.java:24)
... Removed 31 stack frames]]>
    </failure>
  </testcase> <!-- AssetDetailAPI -->
  <testcase name="AssetSearchOwnerAPI" time="2.007" classname="com.arcapi.Common.AssetSearchOwnerAPITest"/>
  <testcase name="AssetSearchAPI" time="2.245" classname="com.arcapi.Common.AssetSearchAPITest"/>
  <testcase name="AssetValidationInfoPOSTAPI" time="2.549" classname="com.arcapi.Common.AssetValidationInfoPOSTAPITest"/>
  <testcase name="AssetListAPI" time="2.175" classname="com.arcapi.Common.AssetListAPITest"/>
  <testcase name="AssetUpdateforNewAssetPUTAPI" time="1.785" classname="com.arcapi.Common.CityCom.AssetUpdateAPITest">
    <failure type="java.lang.AssertionError" message="expected [200] but found [404]">
      <![CDATA[java.lang.AssertionError: expected [200] but found [404]
	at com.Utill.Controller.Assertion.verifyStatusCode(Assertion.java:20)
	at com.arcapi.Common.CityCom.AssetUpdateAPITest.AssetUpdateforNewAssetPUTAPI(AssetUpdateAPITest.java:24)
... Removed 31 stack frames]]>
    </failure>
  </testcase> <!-- AssetUpdateforNewAssetPUTAPI -->
  <testcase name="VerifyProjectRegisteredAssetList" time="3.313" classname="com.arcapi.Common.VerifyProjectRegisteredAssetListTest">
    <failure type="java.lang.AssertionError" message="List does not have LEED ID expected [true] but found [false]">
      <![CDATA[java.lang.AssertionError: List does not have LEED ID expected [true] but found [false]
	at com.arcapi.Common.VerifyProjectRegisteredAssetListTest.VerifyProjectRegisteredAssetList(VerifyProjectRegisteredAssetListTest.java:26)
... Removed 28 stack frames]]>
    </failure>
  </testcase> <!-- VerifyProjectRegisteredAssetList -->
  <testcase name="VerifyAgreementDeleteAPI" time="2.077" classname="com.arcapi.Common.VerifyAgreementDeleteAPITest">
    <failure type="java.lang.AssertionError" message="expected [403] but found [404]">
      <![CDATA[java.lang.AssertionError: expected [403] but found [404]
	at com.Utill.Controller.Assertion.verifyStatusCode(Assertion.java:20)
	at com.arcapi.Common.VerifyAgreementDeleteAPITest.VerifyAgreementDeleteAPI(VerifyAgreementDeleteAPITest.java:29)
... Removed 31 stack frames]]>
    </failure>
  </testcase> <!-- VerifyAgreementDeleteAPI -->
  <testcase name="CreditGetAPI" time="1.804" classname="com.arcapi.Common.CityCom.CreditGetAPITest">
    <failure type="org.json.JSONException" message="JSONObject[&amp;quot;EtScorecardList&amp;quot;] not found.">
      <![CDATA[org.json.JSONException: JSONObject["EtScorecardList"] not found.
	at org.json.JSONObject.get(JSONObject.java:473)
	at org.json.JSONObject.getJSONArray(JSONObject.java:555)
	at com.arcapi.Common.CityCom.CreditGetAPITest.CreditGetAPI(CreditGetAPITest.java:20)
... Removed 25 stack frames]]>
    </failure>
  </testcase> <!-- CreditGetAPI -->
  <testcase name="CreditAddTeamPOSTAPI" time="2.115" classname="com.arcapi.Common.CityCom.CreditAddTeamPOSTAPITest">
    <failure type="java.lang.AssertionError" message="expected [200] but found [404]">
      <![CDATA[java.lang.AssertionError: expected [200] but found [404]
	at com.Utill.Controller.Assertion.verifyStatusCode(Assertion.java:20)
	at com.arcapi.Common.CityCom.CreditAddTeamPOSTAPITest.CreditAddTeamPOSTAPI(CreditAddTeamPOSTAPITest.java:27)
... Removed 31 stack frames]]>
    </failure>
  </testcase> <!-- CreditAddTeamPOSTAPI -->
  <testcase name="MeasuresListAPI" time="1.829" classname="com.arcapi.Common.CityCom.MeasuresListAPITest">
    <failure type="java.lang.AssertionError" message="expected [200] but found [404]">
      <![CDATA[java.lang.AssertionError: expected [200] but found [404]
	at com.Utill.Controller.Assertion.verifyStatusCode(Assertion.java:20)
	at com.arcapi.Common.CityCom.MeasuresListAPITest.MeasuresListAPI(MeasuresListAPITest.java:20)
... Removed 31 stack frames]]>
    </failure>
  </testcase> <!-- MeasuresListAPI -->
  <testcase name="MeasuresDetailAPI" time="1.791" classname="com.arcapi.Common.CityCom.MeasuresDetailAPITest">
    <failure type="java.lang.AssertionError" message="expected [200] but found [404]">
      <![CDATA[java.lang.AssertionError: expected [200] but found [404]
	at com.Utill.Controller.Assertion.verifyStatusCode(Assertion.java:20)
	at com.arcapi.Common.CityCom.MeasuresDetailAPITest.MeasuresDetailAPI(MeasuresDetailAPITest.java:19)
... Removed 31 stack frames]]>
    </failure>
  </testcase> <!-- MeasuresDetailAPI -->
  <testcase name="MeasuresPostAPI" time="1.74" classname="com.arcapi.Common.CityCom.MeasuresPostAPITest">
    <failure type="java.lang.AssertionError" message="expected [200] but found [404]">
      <![CDATA[java.lang.AssertionError: expected [200] but found [404]
	at com.Utill.Controller.Assertion.verifyStatusCode(Assertion.java:20)
	at com.arcapi.Common.CityCom.MeasuresPostAPITest.MeasuresPostAPI(MeasuresPostAPITest.java:24)
... Removed 31 stack frames]]>
    </failure>
  </testcase> <!-- MeasuresPostAPI -->
  <testcase name="MeasuresUpdateAPI" time="1.881" classname="com.arcapi.Common.CityCom.MeasuresUpdateAPITest">
    <failure type="java.lang.AssertionError" message="expected [200] but found [404]">
      <![CDATA[java.lang.AssertionError: expected [200] but found [404]
	at com.Utill.Controller.Assertion.verifyStatusCode(Assertion.java:20)
	at com.arcapi.Common.CityCom.MeasuresUpdateAPITest.MeasuresUpdateAPI(MeasuresUpdateAPITest.java:22)
... Removed 31 stack frames]]>
    </failure>
  </testcase> <!-- MeasuresUpdateAPI -->
  <testcase name="MeasuresVersionListAPI" time="1.833" classname="com.arcapi.Common.CityCom.MeasuresVersionListAPITest">
    <failure type="java.lang.AssertionError" message="expected [200] but found [404]">
      <![CDATA[java.lang.AssertionError: expected [200] but found [404]
	at com.Utill.Controller.Assertion.verifyStatusCode(Assertion.java:20)
	at com.arcapi.Common.CityCom.MeasuresVersionListAPITest.MeasuresVersionListAPI(MeasuresVersionListAPITest.java:20)
... Removed 31 stack frames]]>
    </failure>
  </testcase> <!-- MeasuresVersionListAPI -->
  <testcase name="MeasuresVersionDetailAPI" time="1.829" classname="com.arcapi.Common.CityCom.MeasuresVersionDetailAPITest">
    <failure type="java.lang.AssertionError" message="expected [200] but found [404]">
      <![CDATA[java.lang.AssertionError: expected [200] but found [404]
	at com.Utill.Controller.Assertion.verifyStatusCode(Assertion.java:20)
	at com.arcapi.Common.CityCom.MeasuresVersionDetailAPITest.MeasuresVersionDetailAPI(MeasuresVersionDetailAPITest.java:20)
... Removed 31 stack frames]]>
    </failure>
  </testcase> <!-- MeasuresVersionDetailAPI -->
  <testcase name="MeasuresVersionPostAPI" time="1.55" classname="com.arcapi.Common.CityCom.MeasuresVersionPostAPITest">
    <failure type="java.lang.AssertionError" message="expected [200] but found [404]">
      <![CDATA[java.lang.AssertionError: expected [200] but found [404]
	at com.Utill.Controller.Assertion.verifyStatusCode(Assertion.java:20)
	at com.arcapi.Common.CityCom.MeasuresVersionPostAPITest.MeasuresVersionPostAPI(MeasuresVersionPostAPITest.java:22)
... Removed 31 stack frames]]>
    </failure>
  </testcase> <!-- MeasuresVersionPostAPI -->
  <testcase name="MeterCreatePOSTAPI" time="1.993" classname="com.arcapi.Common.CityCom.MeterCreateAPICityCommTest">
    <failure type="java.lang.NullPointerException">
      <![CDATA[java.lang.NullPointerException
	at com.arcapi.Common.CityCom.MeterCreateAPICityCommTest.MeterCreatePOSTAPI(MeterCreateAPICityCommTest.java:26)
... Removed 25 stack frames]]>
    </failure>
  </testcase> <!-- MeterCreatePOSTAPI -->
  <testcase name="ConsumptionCreatePOSTAPI" time="1.949" classname="com.arcapi.Common.CityCom.ConsumptionCreateAPITest">
    <failure type="java.lang.AssertionError" message="expected [201] but found [404]">
      <![CDATA[java.lang.AssertionError: expected [201] but found [404]
	at com.Utill.Controller.Assertion.verifyStatusCode(Assertion.java:20)
	at com.arcapi.Common.CityCom.ConsumptionCreateAPITest.ConsumptionCreatePOSTAPI(ConsumptionCreateAPITest.java:31)
... Removed 31 stack frames]]>
    </failure>
  </testcase> <!-- ConsumptionCreatePOSTAPI -->
  <testcase name="AssetTeamMemberRoleAPI" time="2.013" classname="com.arcapi.Common.AssetTeamMemberRoleAPITest">
    <failure type="java.lang.AssertionError" message="expected [200] but found [404]">
      <![CDATA[java.lang.AssertionError: expected [200] but found [404]
	at com.Utill.Controller.Assertion.verifyStatusCode(Assertion.java:20)
	at com.arcapi.Common.AssetTeamMemberRoleAPITest.AssetTeamMemberRoleAPI(AssetTeamMemberRoleAPITest.java:20)
... Removed 31 stack frames]]>
    </failure>
  </testcase> <!-- AssetTeamMemberRoleAPI -->
  <testcase name="AssetTeamMemberListAPI" time="1.828" classname="com.arcapi.Common.AssetTeamMemberListAPITest">
    <failure type="java.lang.AssertionError" message="expected [200] but found [404]">
      <![CDATA[java.lang.AssertionError: expected [200] but found [404]
	at com.Utill.Controller.Assertion.verifyStatusCode(Assertion.java:20)
	at com.arcapi.Common.AssetTeamMemberListAPITest.AssetTeamMemberListAPI(AssetTeamMemberListAPITest.java:20)
... Removed 31 stack frames]]>
    </failure>
  </testcase> <!-- AssetTeamMemberListAPI -->
  <testcase name="AssetTeamMemberAddPOSTAPI" time="2.018" classname="com.arcapi.Common.AssetTeamMemberAddPOSTAPITest">
    <failure type="java.lang.AssertionError" message="expected [200] but found [404]">
      <![CDATA[java.lang.AssertionError: expected [200] but found [404]
	at com.Utill.Controller.Assertion.verifyStatusCode(Assertion.java:20)
	at com.arcapi.Common.AssetTeamMemberAddPOSTAPITest.AssetTeamMemberAddPOSTAPI(AssetTeamMemberAddPOSTAPITest.java:22)
... Removed 31 stack frames]]>
    </failure>
  </testcase> <!-- AssetTeamMemberAddPOSTAPI -->
  <testcase name="AssetTeamMemberRemoveAPI" time="2.001" classname="com.arcapi.Common.AssetTeamMemberRemoveAPITest">
    <failure type="java.lang.AssertionError" message="expected [200] but found [404]">
      <![CDATA[java.lang.AssertionError: expected [200] but found [404]
	at com.Utill.Controller.Assertion.verifyStatusCode(Assertion.java:20)
	at com.arcapi.Common.AssetTeamMemberRemoveAPITest.AssetTeamMemberRemoveAPI(AssetTeamMemberRemoveAPITest.java:23)
... Removed 31 stack frames]]>
    </failure>
  </testcase> <!-- AssetTeamMemberRemoveAPI -->
  <testcase name="AssetTeamMemberUpdateAPI" time="1.948" classname="com.arcapi.Common.AssetTeamMemberUpdateAPITest">
    <failure type="java.lang.AssertionError" message="expected [200] but found [404]">
      <![CDATA[java.lang.AssertionError: expected [200] but found [404]
	at com.Utill.Controller.Assertion.verifyStatusCode(Assertion.java:20)
	at com.arcapi.Common.AssetTeamMemberUpdateAPITest.AssetTeamMemberUpdateAPI(AssetTeamMemberUpdateAPITest.java:22)
... Removed 31 stack frames]]>
    </failure>
  </testcase> <!-- AssetTeamMemberUpdateAPI -->
  <testcase name="DeleteAllAppsAPI" time="2.013" classname="com.arcapi.Common.DeleteAllAppsAPITest">
    <failure type="java.lang.AssertionError" message="expected [200] but found [404]">
      <![CDATA[java.lang.AssertionError: expected [200] but found [404]
	at com.Utill.Controller.Assertion.verifyStatusCode(Assertion.java:20)
	at com.arcapi.Common.DeleteAllAppsAPITest.DeleteAllAppsAPI(DeleteAllAppsAPITest.java:22)
... Removed 31 stack frames]]>
    </failure>
  </testcase> <!-- DeleteAllAppsAPI -->
  <testcase name="InstallAllAppsAfterDeleteAPI" time="1.733" classname="com.arcapi.Common.InstallAllAppsAfterDeleteAPITest">
    <failure type="java.lang.AssertionError" message="expected [200] but found [404]">
      <![CDATA[java.lang.AssertionError: expected [200] but found [404]
	at com.Utill.Controller.Assertion.verifyStatusCode(Assertion.java:20)
	at com.arcapi.Common.InstallAllAppsAfterDeleteAPITest.InstallAllAppsAfterDeleteAPI(InstallAllAppsAfterDeleteAPITest.java:23)
... Removed 31 stack frames]]>
    </failure>
  </testcase> <!-- InstallAllAppsAfterDeleteAPI -->
  <testcase name="S3DocumentUploadPOSTAPI" time="3.139" classname="com.arcapi.Common.S3DocumentUploadPOSTAPITest">
    <failure type="java.lang.AssertionError" message="expected [200] but found [404]">
      <![CDATA[java.lang.AssertionError: expected [200] but found [404]
	at com.Utill.Controller.Assertion.verifyStatusCode(Assertion.java:20)
	at com.arcapi.Common.S3DocumentUploadPOSTAPITest.S3DocumentUploadPOSTAPI(S3DocumentUploadPOSTAPITest.java:32)
... Removed 31 stack frames]]>
    </failure>
  </testcase> <!-- S3DocumentUploadPOSTAPI -->
  <testcase name="S3DocumentListAPI" time="1.855" classname="com.arcapi.Common.S3DocumentListAPITest"/>
  <testcase name="S3DocumentRemoveAPI" time="1.695" classname="com.arcapi.Common.S3DocumentRemoveAPITest">
    <failure type="java.lang.AssertionError" message="expected [200] but found [404]">
      <![CDATA[java.lang.AssertionError: expected [200] but found [404]
	at com.Utill.Controller.Assertion.verifyStatusCode(Assertion.java:20)
	at com.arcapi.Common.S3DocumentRemoveAPITest.S3DocumentRemoveAPI(S3DocumentRemoveAPITest.java:22)
... Removed 31 stack frames]]>
    </failure>
  </testcase> <!-- S3DocumentRemoveAPI -->
  <testcase name="AssetTeamPermissionListAPI" time="1.861" classname="com.arcapi.Common.AssetTeamPermissionListAPITest">
    <failure type="java.lang.AssertionError" message="expected [200] but found [404]">
      <![CDATA[java.lang.AssertionError: expected [200] but found [404]
	at com.Utill.Controller.Assertion.verifyStatusCode(Assertion.java:20)
	at com.arcapi.Common.AssetTeamPermissionListAPITest.AssetTeamPermissionListAPI(AssetTeamPermissionListAPITest.java:22)
... Removed 31 stack frames]]>
    </failure>
  </testcase> <!-- AssetTeamPermissionListAPI -->
  <testcase name="AssetTeamPermissionPostAPI" time="2.098" classname="com.arcapi.Common.AssetTeamPermissionPostAPITest">
    <failure type="java.lang.AssertionError" message="expected [201] but found [404]">
      <![CDATA[java.lang.AssertionError: expected [201] but found [404]
	at com.Utill.Controller.Assertion.verifyStatusCode(Assertion.java:20)
	at com.arcapi.Common.AssetTeamPermissionPostAPITest.AssetTeamPermissionPostAPI(AssetTeamPermissionPostAPITest.java:22)
... Removed 31 stack frames]]>
    </failure>
  </testcase> <!-- AssetTeamPermissionPostAPI -->
  <testcase name="AssetTeamPermissionPutAPI" time="2.207" classname="com.arcapi.Common.AssetTeamPermissionPutAPITest">
    <failure type="java.lang.AssertionError" message="expected [200] but found [404]">
      <![CDATA[java.lang.AssertionError: expected [200] but found [404]
	at com.Utill.Controller.Assertion.verifyStatusCode(Assertion.java:20)
	at com.arcapi.Common.AssetTeamPermissionPutAPITest.AssetTeamPermissionPutAPI(AssetTeamPermissionPutAPITest.java:22)
... Removed 31 stack frames]]>
    </failure>
  </testcase> <!-- AssetTeamPermissionPutAPI -->
  <testcase name="AssetTeamMemberAddPOSTAPI" time="1.955" classname="com.arcapi.Common.AssetArcProjectAdminAddPOSTAPITest">
    <failure type="java.lang.AssertionError" message="expected [200] but found [404]">
      <![CDATA[java.lang.AssertionError: expected [200] but found [404]
	at com.Utill.Controller.Assertion.verifyStatusCode(Assertion.java:20)
	at com.arcapi.Common.AssetArcProjectAdminAddPOSTAPITest.AssetTeamMemberAddPOSTAPI(AssetArcProjectAdminAddPOSTAPITest.java:22)
... Removed 31 stack frames]]>
    </failure>
  </testcase> <!-- AssetTeamMemberAddPOSTAPI -->
  <testcase name="AssetNotificationSubscriptionList" time="1.661" classname="com.arcapi.Common.AssetNotificationSubscriptionListTest">
    <failure type="java.lang.AssertionError" message="expected [200] but found [404]">
      <![CDATA[java.lang.AssertionError: expected [200] but found [404]
	at com.Utill.Controller.Assertion.verifyStatusCode(Assertion.java:20)
	at com.arcapi.Common.AssetNotificationSubscriptionListTest.AssetNotificationSubscriptionList(AssetNotificationSubscriptionListTest.java:21)
... Removed 31 stack frames]]>
    </failure>
  </testcase> <!-- AssetNotificationSubscriptionList -->
  <testcase name="AssetNotificationSubscriptionPost" time="2.024" classname="com.arcapi.Common.AssetNotificationSubscriptionPostTest"/>
  <testcase name="NotificationSubscriptionDetail" time="2.004" classname="com.arcapi.Common.NotificationSubscriptionDetailGetTest">
    <failure type="java.lang.AssertionError" message="expected [200] but found [404]">
      <![CDATA[java.lang.AssertionError: expected [200] but found [404]
	at com.Utill.Controller.Assertion.verifyStatusCode(Assertion.java:20)
	at com.arcapi.Common.NotificationSubscriptionDetailGetTest.NotificationSubscriptionDetail(NotificationSubscriptionDetailGetTest.java:21)
... Removed 31 stack frames]]>
    </failure>
  </testcase> <!-- NotificationSubscriptionDetail -->
  <testcase name="NotificationSubscriptionDetail" time="2.118" classname="com.arcapi.Common.NotificationSubscriptionDetailPutTest">
    <failure type="java.lang.AssertionError" message="expected [200] but found [404]">
      <![CDATA[java.lang.AssertionError: expected [200] but found [404]
	at com.Utill.Controller.Assertion.verifyStatusCode(Assertion.java:20)
	at com.arcapi.Common.NotificationSubscriptionDetailPutTest.NotificationSubscriptionDetail(NotificationSubscriptionDetailPutTest.java:22)
... Removed 31 stack frames]]>
    </failure>
  </testcase> <!-- NotificationSubscriptionDetail -->
  <testcase name="NotificationSubscriptionDetailDelete" time="2.109" classname="com.arcapi.Common.NotificationSubscriptionDetailDeleteTest">
    <failure type="java.lang.AssertionError" message="expected [200] but found [404]">
      <![CDATA[java.lang.AssertionError: expected [200] but found [404]
	at com.Utill.Controller.Assertion.verifyStatusCode(Assertion.java:20)
	at com.arcapi.Common.NotificationSubscriptionDetailDeleteTest.NotificationSubscriptionDetailDelete(NotificationSubscriptionDetailDeleteTest.java:24)
... Removed 31 stack frames]]>
    </failure>
  </testcase> <!-- NotificationSubscriptionDetailDelete -->
  <testcase name="AssetDataSnapshotAPI" time="1.852" classname="com.arcapi.Common.AssetDataSnapshotAPITest">
    <failure type="java.lang.AssertionError" message="expected [200] but found [404]">
      <![CDATA[java.lang.AssertionError: expected [200] but found [404]
	at com.Utill.Controller.Assertion.verifyStatusCode(Assertion.java:20)
	at com.arcapi.Common.AssetDataSnapshotAPITest.AssetDataSnapshotAPI(AssetDataSnapshotAPITest.java:20)
... Removed 31 stack frames]]>
    </failure>
  </testcase> <!-- AssetDataSnapshotAPI -->
  <testcase name="RecomputePerformanceScoreGet" time="1.721" classname="com.arcapi.Common.RecomputePerformanceScoreGetTest">
    <failure type="java.lang.AssertionError" message="expected [200] but found [404]">
      <![CDATA[java.lang.AssertionError: expected [200] but found [404]
	at com.Utill.Controller.Assertion.verifyStatusCode(Assertion.java:20)
	at com.arcapi.Common.RecomputePerformanceScoreGetTest.RecomputePerformanceScoreGet(RecomputePerformanceScoreGetTest.java:20)
... Removed 31 stack frames]]>
    </failure>
  </testcase> <!-- RecomputePerformanceScoreGet -->
  <testcase name="NotificationCreatePOSTAPI" time="1.979" classname="com.arcapi.Common.NotificationCreatePOSTAPITest">
    <failure type="java.lang.AssertionError" message="expected [200] but found [404]">
      <![CDATA[java.lang.AssertionError: expected [200] but found [404]
	at com.Utill.Controller.Assertion.verifyStatusCode(Assertion.java:20)
	at com.arcapi.Common.NotificationCreatePOSTAPITest.NotificationCreatePOSTAPI(NotificationCreatePOSTAPITest.java:22)
... Removed 31 stack frames]]>
    </failure>
  </testcase> <!-- NotificationCreatePOSTAPI -->
  <testcase name="NotificationGetAPI" time="1.633" classname="com.arcapi.Common.NotificationGetAPITest">
    <failure type="java.lang.AssertionError" message="expected [200] but found [404]">
      <![CDATA[java.lang.AssertionError: expected [200] but found [404]
	at com.Utill.Controller.Assertion.verifyStatusCode(Assertion.java:20)
	at com.arcapi.Common.NotificationGetAPITest.NotificationGetAPI(NotificationGetAPITest.java:22)
... Removed 31 stack frames]]>
    </failure>
  </testcase> <!-- NotificationGetAPI -->
  <testcase name="NotificationDeleteAPI" time="1.993" classname="com.arcapi.Common.NotificationDeleteAPITest">
    <failure type="java.lang.AssertionError" message="expected [200] but found [404]">
      <![CDATA[java.lang.AssertionError: expected [200] but found [404]
	at com.Utill.Controller.Assertion.verifyStatusCode(Assertion.java:20)
	at com.arcapi.Common.NotificationDeleteAPITest.NotificationDeleteAPI(NotificationDeleteAPITest.java:20)
... Removed 31 stack frames]]>
    </failure>
  </testcase> <!-- NotificationDeleteAPI -->
  <testcase name="FeedbackSubmitPostAPI" time="1.765" classname="com.arcapi.Common.FeedbackSubmitPostAPITest">
    <failure type="java.lang.AssertionError" message="expected [200] but found [404]">
      <![CDATA[java.lang.AssertionError: expected [200] but found [404]
	at com.Utill.Controller.Assertion.verifyStatusCode(Assertion.java:20)
	at com.arcapi.Common.FeedbackSubmitPostAPITest.FeedbackSubmitPostAPI(FeedbackSubmitPostAPITest.java:22)
... Removed 31 stack frames]]>
    </failure>
  </testcase> <!-- FeedbackSubmitPostAPI -->
  <testcase name="AssetDataExportAPI" time="2.027" classname="com.arcapi.Common.AssetDataExportAPITest">
    <failure type="java.lang.AssertionError" message="expected [200] but found [404]">
      <![CDATA[java.lang.AssertionError: expected [200] but found [404]
	at com.Utill.Controller.Assertion.verifyStatusCode(Assertion.java:20)
	at com.arcapi.Common.AssetDataExportAPITest.AssetDataExportAPI(AssetDataExportAPITest.java:20)
... Removed 31 stack frames]]>
    </failure>
  </testcase> <!-- AssetDataExportAPI -->
  <testcase name="AssetPerformanceScoreListAPI" time="1.904" classname="com.arcapi.Common.AssetPerformanceScoreListAPITest">
    <failure type="java.lang.AssertionError" message="expected [200] but found [404]">
      <![CDATA[java.lang.AssertionError: expected [200] but found [404]
	at com.Utill.Controller.Assertion.verifyStatusCode(Assertion.java:20)
	at com.arcapi.Common.AssetPerformanceScoreListAPITest.AssetPerformanceScoreListAPI(AssetPerformanceScoreListAPITest.java:20)
... Removed 31 stack frames]]>
    </failure>
  </testcase> <!-- AssetPerformanceScoreListAPI -->
  <testcase name="AnalysisDataSubmitPOSTAPI" time="0.0" classname="com.arcapi.Common.AnalysisDataSubmitPOSTAPITest">
    <failure type="java.lang.AssertionError" message="expected [200] but found [404]">
      <![CDATA[java.lang.AssertionError: expected [200] but found [404]
	at com.Utill.Controller.Assertion.verifyStatusCode(Assertion.java:20)
	at com.arcapi.Common.AnalysisDataSubmitPOSTAPITest.AnalysisDataSubmitPOSTAPI(AnalysisDataSubmitPOSTAPITest.java:18)
... Removed 31 stack frames]]>
    </failure>
  </testcase> <!-- AnalysisDataSubmitPOSTAPI -->
  <testcase name="AnalysisDataGetAPI" time="2.071" classname="com.arcapi.Common.AnalysisDataGetAPITest">
    <failure type="java.lang.AssertionError" message="expected [200] but found [404]">
      <![CDATA[java.lang.AssertionError: expected [200] but found [404]
	at com.Utill.Controller.Assertion.verifyStatusCode(Assertion.java:20)
	at com.arcapi.Common.AnalysisDataGetAPITest.AnalysisDataGetAPI(AnalysisDataGetAPITest.java:20)
... Removed 31 stack frames]]>
    </failure>
  </testcase> <!-- AnalysisDataGetAPI -->
  <testcase name="AssetCertificationListAPI" time="1.868" classname="com.arcapi.Common.AssetCertificationListAPITest">
    <failure type="java.lang.AssertionError" message="expected [200] but found [404]">
      <![CDATA[java.lang.AssertionError: expected [200] but found [404]
	at com.Utill.Controller.Assertion.verifyStatusCode(Assertion.java:20)
	at com.arcapi.Common.AssetCertificationListAPITest.AssetCertificationListAPI(AssetCertificationListAPITest.java:20)
... Removed 31 stack frames]]>
    </failure>
  </testcase> <!-- AssetCertificationListAPI -->
  <testcase name="AssetCertificationPOSTAPI" time="1.914" classname="com.arcapi.Common.AssetCertificationPOSTAPITest">
    <failure type="java.lang.AssertionError" message="expected [200] but found [404]">
      <![CDATA[java.lang.AssertionError: expected [200] but found [404]
	at com.Utill.Controller.Assertion.verifyStatusCode(Assertion.java:20)
	at com.arcapi.Common.AssetCertificationPOSTAPITest.AssetCertificationPOSTAPI(AssetCertificationPOSTAPITest.java:22)
... Removed 31 stack frames]]>
    </failure>
  </testcase> <!-- AssetCertificationPOSTAPI -->
  <testcase name="AssetRequiredFieldsAPI" time="1.939" classname="com.arcapi.Common.AssetRequiredFieldsAPITest">
    <failure type="java.lang.AssertionError" message="expected [200] but found [404]">
      <![CDATA[java.lang.AssertionError: expected [200] but found [404]
	at com.Utill.Controller.Assertion.verifyStatusCode(Assertion.java:20)
	at com.arcapi.Common.AssetRequiredFieldsAPITest.AssetRequiredFieldsAPI(AssetRequiredFieldsAPITest.java:20)
... Removed 31 stack frames]]>
    </failure>
  </testcase> <!-- AssetRequiredFieldsAPI -->
  <testcase name="CountryStatesJSONAPI" time="2.098" classname="com.arcapi.Common.CountryStatesJSONAPITest"/>
  <testcase name="AssociatedCategoriesAPI" time="2.073" classname="com.arcapi.Common.AssociatedCategoriesAPITest"/>
  <testcase name="RatingSystemListAPI" time="1.981" classname="com.arcapi.Common.RatingSystemListAPITest"/>
  <testcase name="AppVersionDetailAPI" time="1.899" classname="com.arcapi.Common.AppVersionDetailAPITest"/>
  <testcase name="FuelCategoryAPI" time="1.846" classname="com.arcapi.Common.FuelCategoryAPITest"/>
  <testcase name="GetAllDocumentListAPI" time="2.064" classname="com.arcapi.Common.GetAllDocumentListAPITest">
    <failure type="java.lang.AssertionError" message="expected [200] but found [404]">
      <![CDATA[java.lang.AssertionError: expected [200] but found [404]
	at com.Utill.Controller.Assertion.verifyStatusCode(Assertion.java:20)
	at com.arcapi.Common.GetAllDocumentListAPITest.GetAllDocumentListAPI(GetAllDocumentListAPITest.java:20)
... Removed 31 stack frames]]>
    </failure>
  </testcase> <!-- GetAllDocumentListAPI -->
  <testcase name="PerformanceComparablesGetAPI" time="1.95" classname="com.arcapi.Common.PerformanceComparablesGetAPITest"/>
  <testcase name="ScoreWeightsAPI" time="1.911" classname="com.arcapi.Common.ScoreWeightsAPITest">
    <failure type="java.lang.AssertionError" message="expected [200] but found [404]">
      <![CDATA[java.lang.AssertionError: expected [200] but found [404]
	at com.Utill.Controller.Assertion.verifyStatusCode(Assertion.java:20)
	at com.arcapi.Common.ScoreWeightsAPITest.ScoreWeightsAPI(ScoreWeightsAPITest.java:20)
... Removed 31 stack frames]]>
    </failure>
  </testcase> <!-- ScoreWeightsAPI -->
  <testcase name="ThirdPartyListAppsAPI" time="1.677" classname="com.arcapi.Common.ThirdPartyListAppsAPITest"/>
  <testcase name="AvgPerformaceList" time="1.839" classname="com.arcapi.Common.AvgPerformaceListGetTest"/>
  <testcase name="AssetSnapshotKeysAPI" time="2.233" classname="com.arcapi.Common.AssetSnapshotKeysAPITest">
    <failure type="java.lang.AssertionError" message="expected [200] but found [404]">
      <![CDATA[java.lang.AssertionError: expected [200] but found [404]
	at com.Utill.Controller.Assertion.verifyStatusCode(Assertion.java:20)
	at com.arcapi.Common.AssetSnapshotKeysAPITest.AssetSnapshotKeysAPI(AssetSnapshotKeysAPITest.java:19)
... Removed 31 stack frames]]>
    </failure>
  </testcase> <!-- AssetSnapshotKeysAPI -->
</testsuite> <!-- LEED v4.1 Cities: Plan and Design -->
