<html>
<head>
<title>TestNG:  CompleteFlowTest-Building-Other</title>
<link href="../testng.css" rel="stylesheet" type="text/css" />
<link href="../my-testng.css" rel="stylesheet" type="text/css" />

<style type="text/css">
.log { display: none;} 
.stack-trace { display: none;} 
</style>
<script type="text/javascript">
<!--
function flip(e) {
  current = e.style.display;
  if (current == 'block') {
    e.style.display = 'none';
    return 0;
  }
  else {
    e.style.display = 'block';
    return 1;
  }
}

function toggleBox(szDivId, elem, msg1, msg2)
{
  var res = -1;  if (document.getElementById) {
    res = flip(document.getElementById(szDivId));
  }
  else if (document.all) {
    // this is the way old msie versions work
    res = flip(document.all[szDivId]);
  }
  if(elem) {
    if(res == 0) elem.innerHTML = msg1; else elem.innerHTML = msg2;
  }

}

function toggleAllBoxes() {
  if (document.getElementsByTagName) {
    d = document.getElementsByTagName('div');
    for (i = 0; i < d.length; i++) {
      if (d[i].className == 'log') {
        flip(d[i]);
      }
    }
  }
}

// -->
</script>

</head>
<body>
<h2 align='center'>CompleteFlowTest-Building-Other</h2><table border='1' align="center">
<tr>
<td>Tests passed/Failed/Skipped:</td><td>12/1/0</td>
</tr><tr>
<td>Started on:</td><td>Fri Nov 08 11:03:08 IST 2019</td>
</tr>
<tr><td>Total time:</td><td>35 seconds (35915 ms)</td>
</tr><tr>
<td>Included groups:</td><td></td>
</tr><tr>
<td>Excluded groups:</td><td></td>
</tr>
</table><p/>
<small><i>(Hover the method name to see the test class name)</i></small><p/>
<table width='100%' border='1' class='invocation-failed'>
<tr><td colspan='4' align='center'><b>FAILED TESTS</b></td></tr>
<tr><td><b>Test method</b></td>
<td width="30%"><b>Exception</b></td>
<td width="10%"><b>Time (seconds)</b></td>
<td><b>Instance</b></td>
</tr>
<tr>
<td title='com.arcapi.Common.V2.SetUserprofileV2APITest.SetUserprofileV2API()'><b>SetUserprofileV2API</b><br>Test class: com.arcapi.Common.V2.SetUserprofileV2APITest<br>Parameters: DEV2, ProjectIDBuildingOther, 2</td>
<td><div><pre>java.lang.AssertionError: expected [200] but found [400]
	at com.Utill.Controller.Assertion.verifyStatusCode(Assertion.java:21)
	at com.arcapi.Common.V2.SetUserprofileV2APITest.SetUserprofileV2API(SetUserprofileV2APITest.java:23)
... Removed 31 stack frames</pre></div><a href='#' onClick='toggleBox("stack-trace318644008", this, "Click to show all stack frames", "Click to hide stack frames")'>Click to show all stack frames</a>
<div class='stack-trace' id='stack-trace318644008'><pre>java.lang.AssertionError: expected [200] but found [400]
	at org.testng.Assert.fail(Assert.java:94)
	at org.testng.Assert.failNotEquals(Assert.java:513)
	at org.testng.Assert.assertEqualsImpl(Assert.java:135)
	at org.testng.Assert.assertEquals(Assert.java:116)
	at org.testng.Assert.assertEquals(Assert.java:389)
	at org.testng.Assert.assertEquals(Assert.java:399)
	at com.Utill.Controller.Assertion.verifyStatusCode(Assertion.java:21)
	at com.arcapi.Common.V2.SetUserprofileV2APITest.SetUserprofileV2API(SetUserprofileV2APITest.java:23)
	at sun.reflect.NativeMethodAccessorImpl.invoke0(Native Method)
	at sun.reflect.NativeMethodAccessorImpl.invoke(NativeMethodAccessorImpl.java:62)
	at sun.reflect.DelegatingMethodAccessorImpl.invoke(DelegatingMethodAccessorImpl.java:43)
	at java.lang.reflect.Method.invoke(Method.java:498)
	at org.testng.internal.MethodInvocationHelper.invokeMethod(MethodInvocationHelper.java:86)
	at org.testng.internal.Invoker.invokeMethod(Invoker.java:643)
	at org.testng.internal.Invoker.invokeTestMethod(Invoker.java:820)
	at org.testng.internal.Invoker.invokeTestMethods(Invoker.java:1128)
	at org.testng.internal.TestMethodWorker.invokeTestMethods(TestMethodWorker.java:129)
	at org.testng.internal.TestMethodWorker.run(TestMethodWorker.java:112)
	at org.testng.TestRunner.privateRun(TestRunner.java:782)
	at org.testng.TestRunner.run(TestRunner.java:632)
	at org.testng.SuiteRunner.runTest(SuiteRunner.java:366)
	at org.testng.SuiteRunner.runSequentially(SuiteRunner.java:361)
	at org.testng.SuiteRunner.privateRun(SuiteRunner.java:319)
	at org.testng.SuiteRunner.run(SuiteRunner.java:268)
	at org.testng.SuiteRunnerWorker.runSuite(SuiteRunnerWorker.java:52)
	at org.testng.SuiteRunnerWorker.run(SuiteRunnerWorker.java:86)
	at org.testng.TestNG.runSuitesSequentially(TestNG.java:1244)
	at org.testng.TestNG.runSuitesSequentially(TestNG.java:1240)
	at org.testng.TestNG.runSuitesLocally(TestNG.java:1169)
	at org.testng.TestNG.run(TestNG.java:1064)
	at org.testng.remote.RemoteTestNG.run(RemoteTestNG.java:113)
	at org.testng.remote.RemoteTestNG.initAndRun(RemoteTestNG.java:206)
	at org.testng.remote.RemoteTestNG.main(RemoteTestNG.java:177)
</pre></div></td>
<td>1</td>
<td>com.arcapi.Common.V2.SetUserprofileV2APITest@2096442d</td></tr>
</table><p>
<table width='100%' border='1' class='invocation-passed'>
<tr><td colspan='4' align='center'><b>PASSED TESTS</b></td></tr>
<tr><td><b>Test method</b></td>
<td width="30%"><b>Exception</b></td>
<td width="10%"><b>Time (seconds)</b></td>
<td><b>Instance</b></td>
</tr>
<tr>
<td title='com.arcapi.Common.V2.BasicAnalysisDataGetAPITest.BasicAnalysisDataGetAPI()'><b>BasicAnalysisDataGetAPI</b><br>Test class: com.arcapi.Common.V2.BasicAnalysisDataGetAPITest<br>Parameters: DEV2, ProjectIDBuildingOther, 2</td>
<td></td>
<td>4</td>
<td>com.arcapi.Common.V2.BasicAnalysisDataGetAPITest@234bef66</td></tr>
<tr>
<td title='com.arcapi.Common.V2.EnergBasicAnalysisDataGetAPITest.EnergBasicAnalysisDataGetAPI()'><b>EnergBasicAnalysisDataGetAPI</b><br>Test class: com.arcapi.Common.V2.EnergBasicAnalysisDataGetAPITest<br>Parameters: DEV2, ProjectIDBuildingOther, 2</td>
<td></td>
<td>1</td>
<td>com.arcapi.Common.V2.EnergBasicAnalysisDataGetAPITest@737996a0</td></tr>
<tr>
<td title='com.arcapi.Common.V2.Energy_ScoreBasicAnalysisDataGetAPITest.Energy_ScoreBasicAnalysisDataGetAPI()'><b>Energy_ScoreBasicAnalysisDataGetAPI</b><br>Test class: com.arcapi.Common.V2.Energy_ScoreBasicAnalysisDataGetAPITest<br>Parameters: DEV2, ProjectIDBuildingOther, 2</td>
<td></td>
<td>1</td>
<td>com.arcapi.Common.V2.Energy_ScoreBasicAnalysisDataGetAPITest@61dc03ce</td></tr>
<tr>
<td title='com.arcapi.Common.V2.Humanexperience_ScoreBasicAnalysisDataGetAPITest.Humanexperience_ScoreBasicAnalysisDataGetAPI()'><b>Humanexperience_ScoreBasicAnalysisDataGetAPI</b><br>Test class: com.arcapi.Common.V2.Humanexperience_ScoreBasicAnalysisDataGetAPITest<br>Parameters: DEV2, ProjectIDBuildingOther, 2</td>
<td></td>
<td>1</td>
<td>com.arcapi.Common.V2.Humanexperience_ScoreBasicAnalysisDataGetAPITest@50f8360d</td></tr>
<tr>
<td title='com.arcapi.Common.V2.Improvement_ScoreBasicAnalysisDataGetAPITest.Improvement_ScoreBasicAnalysisDataGetAPI()'><b>Improvement_ScoreBasicAnalysisDataGetAPI</b><br>Test class: com.arcapi.Common.V2.Improvement_ScoreBasicAnalysisDataGetAPITest<br>Parameters: DEV2, ProjectIDBuildingOther, 2</td>
<td></td>
<td>1</td>
<td>com.arcapi.Common.V2.Improvement_ScoreBasicAnalysisDataGetAPITest@2cb4c3ab</td></tr>
<tr>
<td title='com.arcapi.Common.LoginAPITest.LoginAPI()'><b>LoginAPI</b><br>Test class: com.arcapi.Common.LoginAPITest</td>
<td></td>
<td>9</td>
<td>com.arcapi.Common.LoginAPITest@2c9f9fb0</td></tr>
<tr>
<td title='com.arcapi.Common.V2.SetUserprofileV1APITest.SetUserprofileV2API()'><b>SetUserprofileV2API</b><br>Test class: com.arcapi.Common.V2.SetUserprofileV1APITest<br>Parameters: DEV2, ProjectIDBuildingOther, 2</td>
<td></td>
<td>1</td>
<td>com.arcapi.Common.V2.SetUserprofileV1APITest@9f70c54</td></tr>
<tr>
<td title='com.arcapi.Common.V2.Waste_AnalysisDataGetAPITest.Waste_AnalysisDataGetAPI()'><b>Waste_AnalysisDataGetAPI</b><br>Test class: com.arcapi.Common.V2.Waste_AnalysisDataGetAPITest<br>Parameters: DEV2, ProjectIDBuildingOther, 2</td>
<td></td>
<td>1</td>
<td>com.arcapi.Common.V2.Waste_AnalysisDataGetAPITest@12843fce</td></tr>
<tr>
<td title='com.arcapi.Common.V2.Transport_ScoreBasicAnalysisDataGetAPITest.Waste_ScoreBasicAnalysisDataGetAPI()'><b>Waste_ScoreBasicAnalysisDataGetAPI</b><br>Test class: com.arcapi.Common.V2.Transport_ScoreBasicAnalysisDataGetAPITest<br>Parameters: DEV2, ProjectIDBuildingOther, 2</td>
<td></td>
<td>1</td>
<td>com.arcapi.Common.V2.Transport_ScoreBasicAnalysisDataGetAPITest@13c78c0b</td></tr>
<tr>
<td title='com.arcapi.Common.V2.Waste_ScoreDataGetAPITest.Waste_ScoreDataGetAPI()'><b>Waste_ScoreDataGetAPI</b><br>Test class: com.arcapi.Common.V2.Waste_ScoreDataGetAPITest<br>Parameters: DEV2, ProjectIDBuildingOther, 2</td>
<td></td>
<td>1</td>
<td>com.arcapi.Common.V2.Waste_ScoreDataGetAPITest@3dd3bcd</td></tr>
<tr>
<td title='com.arcapi.Common.V2.WaterBasicAnalysisDataGetAPITest.WaterBasicAnalysisDataGetAPI()'><b>WaterBasicAnalysisDataGetAPI</b><br>Test class: com.arcapi.Common.V2.WaterBasicAnalysisDataGetAPITest<br>Parameters: DEV2, ProjectIDBuildingOther, 2</td>
<td></td>
<td>1</td>
<td>com.arcapi.Common.V2.WaterBasicAnalysisDataGetAPITest@97e1986</td></tr>
<tr>
<td title='com.arcapi.Common.V2.WaterScoreGetAPITest.WaterScoreGetAPI()'><b>WaterScoreGetAPI</b><br>Test class: com.arcapi.Common.V2.WaterScoreGetAPITest<br>Parameters: DEV2, ProjectIDBuildingOther, 2</td>
<td></td>
<td>1</td>
<td>com.arcapi.Common.V2.WaterScoreGetAPITest@26f67b76</td></tr>
</table><p>
</body>
</html>