<html>
<head>
<title>TestNG:  CompleteFlowTest-Community-None</title>
<link href="../testng.css" rel="stylesheet" type="text/css" />
<link href="../my-testng.css" rel="stylesheet" type="text/css" />

<style type="text/css">
.log { display: none;} 
.stack-trace { display: none;} 
</style>
<script type="text/javascript">
<!--
function flip(e) {
  current = e.style.display;
  if (current == 'block') {
    e.style.display = 'none';
    return 0;
  }
  else {
    e.style.display = 'block';
    return 1;
  }
}

function toggleBox(szDivId, elem, msg1, msg2)
{
  var res = -1;  if (document.getElementById) {
    res = flip(document.getElementById(szDivId));
  }
  else if (document.all) {
    // this is the way old msie versions work
    res = flip(document.all[szDivId]);
  }
  if(elem) {
    if(res == 0) elem.innerHTML = msg1; else elem.innerHTML = msg2;
  }

}

function toggleAllBoxes() {
  if (document.getElementsByTagName) {
    d = document.getElementsByTagName('div');
    for (i = 0; i < d.length; i++) {
      if (d[i].className == 'log') {
        flip(d[i]);
      }
    }
  }
}

// -->
</script>

</head>
<body>
<h2 align='center'>CompleteFlowTest-Community-None</h2><table border='1' align="center">
<tr>
<td>Tests passed/Failed/Skipped:</td><td>78/3/0</td>
</tr><tr>
<td>Started on:</td><td>Thu May 09 12:01:05 IST 2019</td>
</tr>
<tr><td>Total time:</td><td>548 seconds (548207 ms)</td>
</tr><tr>
<td>Included groups:</td><td></td>
</tr><tr>
<td>Excluded groups:</td><td></td>
</tr>
</table><p/>
<small><i>(Hover the method name to see the test class name)</i></small><p/>
<table width='100%' border='1' class='invocation-failed'>
<tr><td colspan='4' align='center'><b>FAILED TESTS</b></td></tr>
<tr><td><b>Test method</b></td>
<td width="30%"><b>Exception</b></td>
<td width="10%"><b>Time (seconds)</b></td>
<td><b>Instance</b></td>
</tr>
<tr>
<td title='com.arcapi.Communitytestcases.PaymentReceiptAPITest.PaymentReceiptAPI()'><b>PaymentReceiptAPI</b><br>Test class: com.arcapi.Communitytestcases.PaymentReceiptAPITest<br>Parameters: DEV, ProjectIDCommunityNone, 2</td>
<td><div><pre>java.lang.AssertionError: 1 expectation failed.
Expected status code &lt;200&gt; doesn&apos;t match actual status code &lt;400&gt;.

	at org.codehaus.groovy.runtime.callsite.ConstructorSite$ConstructorSiteNoUnwrap.callConstructor(ConstructorSite.java:84)
	at org.codehaus.groovy.runtime.callsite.AbstractCallSite.callConstructor(AbstractCallSite.java:247)
	at com.jayway.restassured.internal.ResponseSpecificationImpl$HamcrestAssertionClosure.validate(ResponseSpecificationImpl.groovy:598)
	at com.jayway.restassured.internal.ResponseSpecificationImpl$HamcrestAssertionClosure$validate$1.call(Unknown Source)
	at com.jayway.restassured.internal.ResponseSpecificationImpl.validate(ResponseSpecificationImpl.groovy:86)
	at com.jayway.restassured.internal.ValidatableResponseOptionsImpl.specification(ValidatableResponseOptionsImpl.java:307)
	at com.jayway.restassured.internal.ValidatableResponseOptionsImpl.spec(ValidatableResponseOptionsImpl.java:288)
	at com.arcapi.Communitytestcases.PaymentReceiptAPITest.PaymentReceiptAPI(PaymentReceiptAPITest.java:46)
... Removed 31 stack frames</pre></div><a href='#' onClick='toggleBox("stack-trace1608543952", this, "Click to show all stack frames", "Click to hide stack frames")'>Click to show all stack frames</a>
<div class='stack-trace' id='stack-trace1608543952'><pre>java.lang.AssertionError: 1 expectation failed.
Expected status code &lt;200&gt; doesn&apos;t match actual status code &lt;400&gt;.

	at sun.reflect.GeneratedConstructorAccessor148.newInstance(Unknown Source)
	at sun.reflect.DelegatingConstructorAccessorImpl.newInstance(Unknown Source)
	at java.lang.reflect.Constructor.newInstance(Unknown Source)
	at org.codehaus.groovy.reflection.CachedConstructor.invoke(CachedConstructor.java:80)
	at org.codehaus.groovy.reflection.CachedConstructor.doConstructorInvoke(CachedConstructor.java:74)
	at org.codehaus.groovy.runtime.callsite.ConstructorSite$ConstructorSiteNoUnwrap.callConstructor(ConstructorSite.java:84)
	at org.codehaus.groovy.runtime.callsite.AbstractCallSite.callConstructor(AbstractCallSite.java:247)
	at com.jayway.restassured.internal.ResponseSpecificationImpl$HamcrestAssertionClosure.validate(ResponseSpecificationImpl.groovy:598)
	at com.jayway.restassured.internal.ResponseSpecificationImpl$HamcrestAssertionClosure$validate$1.call(Unknown Source)
	at com.jayway.restassured.internal.ResponseSpecificationImpl.validate(ResponseSpecificationImpl.groovy:86)
	at com.jayway.restassured.internal.ValidatableResponseOptionsImpl.specification(ValidatableResponseOptionsImpl.java:307)
	at com.jayway.restassured.internal.ValidatableResponseOptionsImpl.spec(ValidatableResponseOptionsImpl.java:288)
	at com.arcapi.Communitytestcases.PaymentReceiptAPITest.PaymentReceiptAPI(PaymentReceiptAPITest.java:46)
	at sun.reflect.NativeMethodAccessorImpl.invoke0(Native Method)
	at sun.reflect.NativeMethodAccessorImpl.invoke(Unknown Source)
	at sun.reflect.DelegatingMethodAccessorImpl.invoke(Unknown Source)
	at java.lang.reflect.Method.invoke(Unknown Source)
	at org.testng.internal.MethodInvocationHelper.invokeMethod(MethodInvocationHelper.java:124)
	at org.testng.internal.Invoker.invokeMethod(Invoker.java:571)
	at org.testng.internal.Invoker.invokeTestMethod(Invoker.java:707)
	at org.testng.internal.Invoker.invokeTestMethods(Invoker.java:979)
	at org.testng.internal.TestMethodWorker.invokeTestMethods(TestMethodWorker.java:125)
	at org.testng.internal.TestMethodWorker.run(TestMethodWorker.java:109)
	at org.testng.TestRunner.privateRun(TestRunner.java:648)
	at org.testng.TestRunner.run(TestRunner.java:505)
	at org.testng.SuiteRunner.runTest(SuiteRunner.java:455)
	at org.testng.SuiteRunner.runSequentially(SuiteRunner.java:450)
	at org.testng.SuiteRunner.privateRun(SuiteRunner.java:415)
	at org.testng.SuiteRunner.run(SuiteRunner.java:364)
	at org.testng.SuiteRunnerWorker.runSuite(SuiteRunnerWorker.java:52)
	at org.testng.SuiteRunnerWorker.run(SuiteRunnerWorker.java:84)
	at org.testng.TestNG.runSuitesSequentially(TestNG.java:1187)
	at org.testng.TestNG.runSuitesSequentially(TestNG.java:1183)
	at org.testng.TestNG.runSuitesLocally(TestNG.java:1116)
	at org.testng.TestNG.runSuites(TestNG.java:1028)
	at org.testng.TestNG.run(TestNG.java:996)
	at org.testng.remote.AbstractRemoteTestNG.run(AbstractRemoteTestNG.java:114)
	at org.testng.remote.RemoteTestNG.initAndRun(RemoteTestNG.java:251)
	at org.testng.remote.RemoteTestNG.main(RemoteTestNG.java:77)
</pre></div></td>
<td>2</td>
<td>com.arcapi.Communitytestcases.PaymentReceiptAPITest@6c80d78a</td></tr>
<tr>
<td title='com.arcapi.Communitytestcases.VerifyAdminRemoveAPITest.VerifyAdminRemoveAPI()'><b>VerifyAdminRemoveAPI</b><br>Test class: com.arcapi.Communitytestcases.VerifyAdminRemoveAPITest<br>Parameters: DEV, ProjectIDCommunityNone, 2</td>
<td><div><pre>java.lang.AssertionError: 1 expectation failed.
Expected status code &lt;200&gt; doesn&apos;t match actual status code &lt;400&gt;.

	at org.codehaus.groovy.runtime.callsite.ConstructorSite$ConstructorSiteNoUnwrap.callConstructor(ConstructorSite.java:84)
	at org.codehaus.groovy.runtime.callsite.AbstractCallSite.callConstructor(AbstractCallSite.java:247)
	at com.jayway.restassured.internal.ResponseSpecificationImpl$HamcrestAssertionClosure.validate(ResponseSpecificationImpl.groovy:598)
	at com.jayway.restassured.internal.ResponseSpecificationImpl$HamcrestAssertionClosure$validate$1.call(Unknown Source)
	at com.jayway.restassured.internal.RequestSpecificationImpl.applyPathParamsAndSendRequest(RequestSpecificationImpl.groovy:1597)
	at groovy.lang.MetaMethod.doMethodInvoke(MetaMethod.java:325)
	at groovy.lang.MetaClassImpl.invokeMethod(MetaClassImpl.java:1210)
	at groovy.lang.MetaClassImpl.invokeMethod(MetaClassImpl.java:1019)
	at groovy.lang.MetaClassImpl.invokeMethod(MetaClassImpl.java:810)
	at com.jayway.restassured.internal.RequestSpecificationImpl.invokeMethod(RequestSpecificationImpl.groovy)
	at org.codehaus.groovy.runtime.callsite.PogoInterceptableSite.call(PogoInterceptableSite.java:48)
	at org.codehaus.groovy.runtime.callsite.PogoInterceptableSite.callCurrent(PogoInterceptableSite.java:58)
	at org.codehaus.groovy.runtime.callsite.AbstractCallSite.callCurrent(AbstractCallSite.java:182)
	at com.jayway.restassured.internal.RequestSpecificationImpl.post(RequestSpecificationImpl.groovy:164)
	at com.jayway.restassured.internal.RequestSpecificationImpl.post(RequestSpecificationImpl.groovy)
	at groovy.lang.MetaMethod.doMethodInvoke(MetaMethod.java:325)
	at groovy.lang.MetaClassImpl.invokeMethod(MetaClassImpl.java:1210)
	at groovy.lang.MetaClassImpl.invokeMethod(MetaClassImpl.java:1019)
	at groovy.lang.MetaClassImpl.invokeMethod(MetaClassImpl.java:810)
	at com.jayway.restassured.internal.RequestSpecificationImpl.invokeMethod(RequestSpecificationImpl.groovy)
	at org.codehaus.groovy.runtime.callsite.PogoInterceptableSite.call(PogoInterceptableSite.java:48)
	at org.codehaus.groovy.runtime.callsite.AbstractCallSite.call(AbstractCallSite.java:133)
	at com.jayway.restassured.internal.ResponseSpecificationImpl.post(ResponseSpecificationImpl.groovy:293)
	at com.jayway.restassured.internal.ResponseSpecificationImpl.post(ResponseSpecificationImpl.groovy)
	at com.arc.driver.CommonMethod.GeneratingAuthCodeForLOUser(CommonMethod.java:81)
	at com.arcapi.Communitytestcases.VerifyAdminRemoveAPITest.VerifyAdminRemoveAPI(VerifyAdminRemoveAPITest.java:27)
... Removed 39 stack frames</pre></div><a href='#' onClick='toggleBox("stack-trace897682248", this, "Click to show all stack frames", "Click to hide stack frames")'>Click to show all stack frames</a>
<div class='stack-trace' id='stack-trace897682248'><pre>java.lang.AssertionError: 1 expectation failed.
Expected status code &lt;200&gt; doesn&apos;t match actual status code &lt;400&gt;.

	at sun.reflect.GeneratedConstructorAccessor148.newInstance(Unknown Source)
	at sun.reflect.DelegatingConstructorAccessorImpl.newInstance(Unknown Source)
	at java.lang.reflect.Constructor.newInstance(Unknown Source)
	at org.codehaus.groovy.reflection.CachedConstructor.invoke(CachedConstructor.java:80)
	at org.codehaus.groovy.reflection.CachedConstructor.doConstructorInvoke(CachedConstructor.java:74)
	at org.codehaus.groovy.runtime.callsite.ConstructorSite$ConstructorSiteNoUnwrap.callConstructor(ConstructorSite.java:84)
	at org.codehaus.groovy.runtime.callsite.AbstractCallSite.callConstructor(AbstractCallSite.java:247)
	at com.jayway.restassured.internal.ResponseSpecificationImpl$HamcrestAssertionClosure.validate(ResponseSpecificationImpl.groovy:598)
	at com.jayway.restassured.internal.ResponseSpecificationImpl$HamcrestAssertionClosure$validate$1.call(Unknown Source)
	at com.jayway.restassured.internal.RequestSpecificationImpl.applyPathParamsAndSendRequest(RequestSpecificationImpl.groovy:1597)
	at sun.reflect.GeneratedMethodAccessor144.invoke(Unknown Source)
	at sun.reflect.DelegatingMethodAccessorImpl.invoke(Unknown Source)
	at java.lang.reflect.Method.invoke(Unknown Source)
	at org.codehaus.groovy.reflection.CachedMethod.invoke(CachedMethod.java:93)
	at groovy.lang.MetaMethod.doMethodInvoke(MetaMethod.java:325)
	at groovy.lang.MetaClassImpl.invokeMethod(MetaClassImpl.java:1210)
	at groovy.lang.MetaClassImpl.invokeMethod(MetaClassImpl.java:1019)
	at groovy.lang.MetaClassImpl.invokeMethod(MetaClassImpl.java:810)
	at com.jayway.restassured.internal.RequestSpecificationImpl.invokeMethod(RequestSpecificationImpl.groovy)
	at org.codehaus.groovy.runtime.callsite.PogoInterceptableSite.call(PogoInterceptableSite.java:48)
	at org.codehaus.groovy.runtime.callsite.PogoInterceptableSite.callCurrent(PogoInterceptableSite.java:58)
	at org.codehaus.groovy.runtime.callsite.AbstractCallSite.callCurrent(AbstractCallSite.java:182)
	at com.jayway.restassured.internal.RequestSpecificationImpl.post(RequestSpecificationImpl.groovy:164)
	at com.jayway.restassured.internal.RequestSpecificationImpl.post(RequestSpecificationImpl.groovy)
	at sun.reflect.GeneratedMethodAccessor290.invoke(Unknown Source)
	at sun.reflect.DelegatingMethodAccessorImpl.invoke(Unknown Source)
	at java.lang.reflect.Method.invoke(Unknown Source)
	at org.codehaus.groovy.reflection.CachedMethod.invoke(CachedMethod.java:93)
	at groovy.lang.MetaMethod.doMethodInvoke(MetaMethod.java:325)
	at groovy.lang.MetaClassImpl.invokeMethod(MetaClassImpl.java:1210)
	at groovy.lang.MetaClassImpl.invokeMethod(MetaClassImpl.java:1019)
	at groovy.lang.MetaClassImpl.invokeMethod(MetaClassImpl.java:810)
	at com.jayway.restassured.internal.RequestSpecificationImpl.invokeMethod(RequestSpecificationImpl.groovy)
	at org.codehaus.groovy.runtime.callsite.PogoInterceptableSite.call(PogoInterceptableSite.java:48)
	at org.codehaus.groovy.runtime.callsite.AbstractCallSite.call(AbstractCallSite.java:133)
	at com.jayway.restassured.internal.ResponseSpecificationImpl.post(ResponseSpecificationImpl.groovy:293)
	at com.jayway.restassured.internal.ResponseSpecificationImpl.post(ResponseSpecificationImpl.groovy)
	at com.arc.driver.CommonMethod.GeneratingAuthCodeForLOUser(CommonMethod.java:81)
	at com.arcapi.Communitytestcases.VerifyAdminRemoveAPITest.VerifyAdminRemoveAPI(VerifyAdminRemoveAPITest.java:27)
	at sun.reflect.NativeMethodAccessorImpl.invoke0(Native Method)
	at sun.reflect.NativeMethodAccessorImpl.invoke(Unknown Source)
	at sun.reflect.DelegatingMethodAccessorImpl.invoke(Unknown Source)
	at java.lang.reflect.Method.invoke(Unknown Source)
	at org.testng.internal.MethodInvocationHelper.invokeMethod(MethodInvocationHelper.java:124)
	at org.testng.internal.Invoker.invokeMethod(Invoker.java:571)
	at org.testng.internal.Invoker.invokeTestMethod(Invoker.java:707)
	at org.testng.internal.Invoker.invokeTestMethods(Invoker.java:979)
	at org.testng.internal.TestMethodWorker.invokeTestMethods(TestMethodWorker.java:125)
	at org.testng.internal.TestMethodWorker.run(TestMethodWorker.java:109)
	at org.testng.TestRunner.privateRun(TestRunner.java:648)
	at org.testng.TestRunner.run(TestRunner.java:505)
	at org.testng.SuiteRunner.runTest(SuiteRunner.java:455)
	at org.testng.SuiteRunner.runSequentially(SuiteRunner.java:450)
	at org.testng.SuiteRunner.privateRun(SuiteRunner.java:415)
	at org.testng.SuiteRunner.run(SuiteRunner.java:364)
	at org.testng.SuiteRunnerWorker.runSuite(SuiteRunnerWorker.java:52)
	at org.testng.SuiteRunnerWorker.run(SuiteRunnerWorker.java:84)
	at org.testng.TestNG.runSuitesSequentially(TestNG.java:1187)
	at org.testng.TestNG.runSuitesSequentially(TestNG.java:1183)
	at org.testng.TestNG.runSuitesLocally(TestNG.java:1116)
	at org.testng.TestNG.runSuites(TestNG.java:1028)
	at org.testng.TestNG.run(TestNG.java:996)
	at org.testng.remote.AbstractRemoteTestNG.run(AbstractRemoteTestNG.java:114)
	at org.testng.remote.RemoteTestNG.initAndRun(RemoteTestNG.java:251)
	at org.testng.remote.RemoteTestNG.main(RemoteTestNG.java:77)
</pre></div></td>
<td>1</td>
<td>com.arcapi.Communitytestcases.VerifyAdminRemoveAPITest@359f7cdf</td></tr>
<tr>
<td title='com.arcapi.Communitytestcases.VerifyAgreementDeleteAPITest.VerifyAgreementDeleteAPI()'><b>VerifyAgreementDeleteAPI</b><br>Test class: com.arcapi.Communitytestcases.VerifyAgreementDeleteAPITest<br>Parameters: DEV, ProjectIDCommunityNone, 2</td>
<td><div><pre>java.lang.AssertionError: 1 expectation failed.
Expected status code &lt;403&gt; doesn&apos;t match actual status code &lt;404&gt;.

	at org.codehaus.groovy.runtime.callsite.ConstructorSite$ConstructorSiteNoUnwrap.callConstructor(ConstructorSite.java:84)
	at org.codehaus.groovy.runtime.callsite.AbstractCallSite.callConstructor(AbstractCallSite.java:247)
	at com.jayway.restassured.internal.ResponseSpecificationImpl$HamcrestAssertionClosure.validate(ResponseSpecificationImpl.groovy:598)
	at com.jayway.restassured.internal.ResponseSpecificationImpl$HamcrestAssertionClosure$validate$1.call(Unknown Source)
	at com.jayway.restassured.internal.ResponseSpecificationImpl.validateResponseIfRequired(ResponseSpecificationImpl.groovy:760)
	at org.codehaus.groovy.runtime.callsite.PogoMetaMethodSite$PogoCachedMethodSiteNoUnwrapNoCoerce.invoke(PogoMetaMethodSite.java:210)
	at org.codehaus.groovy.runtime.callsite.PogoMetaMethodSite.callCurrent(PogoMetaMethodSite.java:59)
	at org.codehaus.groovy.runtime.callsite.AbstractCallSite.callCurrent(AbstractCallSite.java:166)
	at com.jayway.restassured.internal.ResponseSpecificationImpl.statusCode(ResponseSpecificationImpl.groovy:120)
	at com.jayway.restassured.specification.ResponseSpecification$statusCode$0.callCurrent(Unknown Source)
	at com.jayway.restassured.internal.ResponseSpecificationImpl.statusCode(ResponseSpecificationImpl.groovy:128)
	at com.jayway.restassured.internal.ValidatableResponseOptionsImpl.statusCode(ValidatableResponseOptionsImpl.java:117)
	at com.arcapi.Communitytestcases.VerifyAgreementDeleteAPITest.VerifyAgreementDeleteAPI(VerifyAgreementDeleteAPITest.java:69)
... Removed 34 stack frames</pre></div><a href='#' onClick='toggleBox("stack-trace1884909801", this, "Click to show all stack frames", "Click to hide stack frames")'>Click to show all stack frames</a>
<div class='stack-trace' id='stack-trace1884909801'><pre>java.lang.AssertionError: 1 expectation failed.
Expected status code &lt;403&gt; doesn&apos;t match actual status code &lt;404&gt;.

	at sun.reflect.GeneratedConstructorAccessor148.newInstance(Unknown Source)
	at sun.reflect.DelegatingConstructorAccessorImpl.newInstance(Unknown Source)
	at java.lang.reflect.Constructor.newInstance(Unknown Source)
	at org.codehaus.groovy.reflection.CachedConstructor.invoke(CachedConstructor.java:80)
	at org.codehaus.groovy.reflection.CachedConstructor.doConstructorInvoke(CachedConstructor.java:74)
	at org.codehaus.groovy.runtime.callsite.ConstructorSite$ConstructorSiteNoUnwrap.callConstructor(ConstructorSite.java:84)
	at org.codehaus.groovy.runtime.callsite.AbstractCallSite.callConstructor(AbstractCallSite.java:247)
	at com.jayway.restassured.internal.ResponseSpecificationImpl$HamcrestAssertionClosure.validate(ResponseSpecificationImpl.groovy:598)
	at com.jayway.restassured.internal.ResponseSpecificationImpl$HamcrestAssertionClosure$validate$1.call(Unknown Source)
	at com.jayway.restassured.internal.ResponseSpecificationImpl.validateResponseIfRequired(ResponseSpecificationImpl.groovy:760)
	at sun.reflect.GeneratedMethodAccessor106.invoke(Unknown Source)
	at sun.reflect.DelegatingMethodAccessorImpl.invoke(Unknown Source)
	at java.lang.reflect.Method.invoke(Unknown Source)
	at org.codehaus.groovy.runtime.callsite.PogoMetaMethodSite$PogoCachedMethodSiteNoUnwrapNoCoerce.invoke(PogoMetaMethodSite.java:210)
	at org.codehaus.groovy.runtime.callsite.PogoMetaMethodSite.callCurrent(PogoMetaMethodSite.java:59)
	at org.codehaus.groovy.runtime.callsite.AbstractCallSite.callCurrent(AbstractCallSite.java:166)
	at com.jayway.restassured.internal.ResponseSpecificationImpl.statusCode(ResponseSpecificationImpl.groovy:120)
	at com.jayway.restassured.specification.ResponseSpecification$statusCode$0.callCurrent(Unknown Source)
	at com.jayway.restassured.internal.ResponseSpecificationImpl.statusCode(ResponseSpecificationImpl.groovy:128)
	at com.jayway.restassured.internal.ValidatableResponseOptionsImpl.statusCode(ValidatableResponseOptionsImpl.java:117)
	at com.arcapi.Communitytestcases.VerifyAgreementDeleteAPITest.VerifyAgreementDeleteAPI(VerifyAgreementDeleteAPITest.java:69)
	at sun.reflect.NativeMethodAccessorImpl.invoke0(Native Method)
	at sun.reflect.NativeMethodAccessorImpl.invoke(Unknown Source)
	at sun.reflect.DelegatingMethodAccessorImpl.invoke(Unknown Source)
	at java.lang.reflect.Method.invoke(Unknown Source)
	at org.testng.internal.MethodInvocationHelper.invokeMethod(MethodInvocationHelper.java:124)
	at org.testng.internal.Invoker.invokeMethod(Invoker.java:571)
	at org.testng.internal.Invoker.invokeTestMethod(Invoker.java:707)
	at org.testng.internal.Invoker.invokeTestMethods(Invoker.java:979)
	at org.testng.internal.TestMethodWorker.invokeTestMethods(TestMethodWorker.java:125)
	at org.testng.internal.TestMethodWorker.run(TestMethodWorker.java:109)
	at org.testng.TestRunner.privateRun(TestRunner.java:648)
	at org.testng.TestRunner.run(TestRunner.java:505)
	at org.testng.SuiteRunner.runTest(SuiteRunner.java:455)
	at org.testng.SuiteRunner.runSequentially(SuiteRunner.java:450)
	at org.testng.SuiteRunner.privateRun(SuiteRunner.java:415)
	at org.testng.SuiteRunner.run(SuiteRunner.java:364)
	at org.testng.SuiteRunnerWorker.runSuite(SuiteRunnerWorker.java:52)
	at org.testng.SuiteRunnerWorker.run(SuiteRunnerWorker.java:84)
	at org.testng.TestNG.runSuitesSequentially(TestNG.java:1187)
	at org.testng.TestNG.runSuitesSequentially(TestNG.java:1183)
	at org.testng.TestNG.runSuitesLocally(TestNG.java:1116)
	at org.testng.TestNG.runSuites(TestNG.java:1028)
	at org.testng.TestNG.run(TestNG.java:996)
	at org.testng.remote.AbstractRemoteTestNG.run(AbstractRemoteTestNG.java:114)
	at org.testng.remote.RemoteTestNG.initAndRun(RemoteTestNG.java:251)
	at org.testng.remote.RemoteTestNG.main(RemoteTestNG.java:77)
</pre></div></td>
<td>2</td>
<td>com.arcapi.Communitytestcases.VerifyAgreementDeleteAPITest@6e20b53a</td></tr>
</table><p>
<table width='100%' border='1' class='invocation-passed'>
<tr><td colspan='4' align='center'><b>PASSED TESTS</b></td></tr>
<tr><td><b>Test method</b></td>
<td width="30%"><b>Exception</b></td>
<td width="10%"><b>Time (seconds)</b></td>
<td><b>Instance</b></td>
</tr>
<tr>
<td title='com.arcapi.Communitytestcases.AddAssestTimelinePOSTAPITest.AddAssestTimeline()'><b>AddAssestTimeline</b><br>Test class: com.arcapi.Communitytestcases.AddAssestTimelinePOSTAPITest<br>Parameters: DEV, ProjectIDCommunityNone, 2</td>
<td></td>
<td>19</td>
<td>com.arcapi.Communitytestcases.AddAssestTimelinePOSTAPITest@14dd9eb7</td></tr>
<tr>
<td title='com.arcapi.Communitytestcases.AnalysisDataGetAPITest.AnalysisDataGetAPI()'><b>AnalysisDataGetAPI</b><br>Test class: com.arcapi.Communitytestcases.AnalysisDataGetAPITest<br>Parameters: DEV, ProjectIDCommunityNone, 2</td>
<td></td>
<td>1</td>
<td>com.arcapi.Communitytestcases.AnalysisDataGetAPITest@6572421</td></tr>
<tr>
<td title='com.arcapi.Communitytestcases.AnalysisDataSubmitPOSTAPITest.AnalysisDataSubmitPOSTAPI()'><b>AnalysisDataSubmitPOSTAPI</b><br>Test class: com.arcapi.Communitytestcases.AnalysisDataSubmitPOSTAPITest<br>Parameters: DEV, ProjectIDCommunityNone, 2</td>
<td></td>
<td>13</td>
<td>com.arcapi.Communitytestcases.AnalysisDataSubmitPOSTAPITest@5b239d7d</td></tr>
<tr>
<td title='com.arcapi.Communitytestcases.AppVersionDetailAPITest.AppVersionDetailAPI()'><b>AppVersionDetailAPI</b><br>Test class: com.arcapi.Communitytestcases.AppVersionDetailAPITest</td>
<td></td>
<td>2</td>
<td>com.arcapi.Communitytestcases.AppVersionDetailAPITest@37afeb11</td></tr>
<tr>
<td title='com.arcapi.Communitytestcases.AssetDataExportAPITest.AssetDataExportAPI()'><b>AssetDataExportAPI</b><br>Test class: com.arcapi.Communitytestcases.AssetDataExportAPITest<br>Parameters: DEV, ProjectIDCommunityNone, 2</td>
<td></td>
<td>2</td>
<td>com.arcapi.Communitytestcases.AssetDataExportAPITest@5876a9af</td></tr>
<tr>
<td title='com.arcapi.Communitytestcases.AssetDataSnapshotAPITest.AssetDataSnapshotAPI()'><b>AssetDataSnapshotAPI</b><br>Test class: com.arcapi.Communitytestcases.AssetDataSnapshotAPITest<br>Parameters: DEV, ProjectIDCommunityNone, 2</td>
<td></td>
<td>17</td>
<td>com.arcapi.Communitytestcases.AssetDataSnapshotAPITest@4a94ee4</td></tr>
<tr>
<td title='com.arcapi.Communitytestcases.AssetDetailAPITest.AssetDetailAPI()'><b>AssetDetailAPI</b><br>Test class: com.arcapi.Communitytestcases.AssetDetailAPITest<br>Parameters: DEV, ProjectIDCommunityNone, 2</td>
<td></td>
<td>2</td>
<td>com.arcapi.Communitytestcases.AssetDetailAPITest@1a451d4d</td></tr>
<tr>
<td title='com.arcapi.Communitytestcases.VerifyAssetDetailAPITest.AssetDetailAPI()'><b>AssetDetailAPI</b><br>Test class: com.arcapi.Communitytestcases.VerifyAssetDetailAPITest<br>Parameters: DEV, ProjectIDCommunityNone, 2</td>
<td></td>
<td>1</td>
<td>com.arcapi.Communitytestcases.VerifyAssetDetailAPITest@15ff3e9e</td></tr>
<tr>
<td title='com.arcapi.Communitytestcases.AssetDocumentAPITest.AssetDocumentAPI()'><b>AssetDocumentAPI</b><br>Test class: com.arcapi.Communitytestcases.AssetDocumentAPITest<br>Parameters: DEV, ProjectIDCommunityNone, 2</td>
<td></td>
<td>5</td>
<td>com.arcapi.Communitytestcases.AssetDocumentAPITest@6dc17b83</td></tr>
<tr>
<td title='com.arcapi.Communitytestcases.AssetListAPITest.AssetListAPI()'><b>AssetListAPI</b><br>Test class: com.arcapi.Communitytestcases.AssetListAPITest</td>
<td></td>
<td>2</td>
<td>com.arcapi.Communitytestcases.AssetListAPITest@441772e</td></tr>
<tr>
<td title='com.arcapi.Communitytestcases.AssetNotificationSubscriptionListTest.AssetNotificationSubscriptionList()'><b>AssetNotificationSubscriptionList</b><br>Test class: com.arcapi.Communitytestcases.AssetNotificationSubscriptionListTest<br>Parameters: DEV, ProjectIDCommunityNone, 2</td>
<td></td>
<td>1</td>
<td>com.arcapi.Communitytestcases.AssetNotificationSubscriptionListTest@3e58a80e</td></tr>
<tr>
<td title='com.arcapi.Communitytestcases.AssetNotificationSubscriptionPostTest.AssetNotificationSubscriptionPost()'><b>AssetNotificationSubscriptionPost</b><br>Test class: com.arcapi.Communitytestcases.AssetNotificationSubscriptionPostTest<br>Parameters: DEV, ProjectIDCommunityNone, 2</td>
<td></td>
<td>2</td>
<td>com.arcapi.Communitytestcases.AssetNotificationSubscriptionPostTest@4fb61f4a</td></tr>
<tr>
<td title='com.arcapi.Communitytestcases.AssetOwnerOrgPOSTAPITest.AssetOwnerOrgPOSTAPI()'><b>AssetOwnerOrgPOSTAPI</b><br>Test class: com.arcapi.Communitytestcases.AssetOwnerOrgPOSTAPITest</td>
<td></td>
<td>2</td>
<td>com.arcapi.Communitytestcases.AssetOwnerOrgPOSTAPITest@61862a7f</td></tr>
<tr>
<td title='com.arcapi.Communitytestcases.AssetPerformanceScoreListAPITest.AssetPerformanceScoreListAPI()'><b>AssetPerformanceScoreListAPI</b><br>Test class: com.arcapi.Communitytestcases.AssetPerformanceScoreListAPITest<br>Parameters: DEV, ProjectIDCommunityNone, 2</td>
<td></td>
<td>2</td>
<td>com.arcapi.Communitytestcases.AssetPerformanceScoreListAPITest@7ec7ffd3</td></tr>
<tr>
<td title='com.arcapi.Communitytestcases.AssetRequiredFieldsAPITest.AssetRequiredFieldsAPI()'><b>AssetRequiredFieldsAPI</b><br>Test class: com.arcapi.Communitytestcases.AssetRequiredFieldsAPITest<br>Parameters: DEV, ProjectIDCommunityNone, 2</td>
<td></td>
<td>2</td>
<td>com.arcapi.Communitytestcases.AssetRequiredFieldsAPITest@6b81ce95</td></tr>
<tr>
<td title='com.arcapi.Communitytestcases.AssetSearchAPITest.AssetSearchAPI()'><b>AssetSearchAPI</b><br>Test class: com.arcapi.Communitytestcases.AssetSearchAPITest<br>Parameters: DEV, ProjectIDCommunityNone, 2</td>
<td></td>
<td>2</td>
<td>com.arcapi.Communitytestcases.AssetSearchAPITest@123ef382</td></tr>
<tr>
<td title='com.arcapi.Communitytestcases.AssetSearchOwnerAPITest.AssetSearchOwnerAPI()'><b>AssetSearchOwnerAPI</b><br>Test class: com.arcapi.Communitytestcases.AssetSearchOwnerAPITest<br>Parameters: DEV, ProjectIDCommunityNone, 2</td>
<td></td>
<td>1</td>
<td>com.arcapi.Communitytestcases.AssetSearchOwnerAPITest@384ad17b</td></tr>
<tr>
<td title='com.arcapi.Communitytestcases.AssetSnapshotDownloadAPITest.AssetSnapshotDownloadAPI()'><b>AssetSnapshotDownloadAPI</b><br>Test class: com.arcapi.Communitytestcases.AssetSnapshotDownloadAPITest<br>Parameters: DEV, ProjectIDCommunityNone, 2</td>
<td></td>
<td>17</td>
<td>com.arcapi.Communitytestcases.AssetSnapshotDownloadAPITest@16293aa2</td></tr>
<tr>
<td title='com.arcapi.Communitytestcases.AssetSnapshotKeysAPITest.AssetSnapshotKeysAPI()'><b>AssetSnapshotKeysAPI</b><br>Test class: com.arcapi.Communitytestcases.AssetSnapshotKeysAPITest<br>Parameters: DEV, ProjectIDCommunityNone, 2</td>
<td></td>
<td>2</td>
<td>com.arcapi.Communitytestcases.AssetSnapshotKeysAPITest@5c5eefef</td></tr>
<tr>
<td title='com.arcapi.Communitytestcases.AssetTeamMemberAddPOSTAPITest.AssetTeamMemberAddPOSTAPI()'><b>AssetTeamMemberAddPOSTAPI</b><br>Test class: com.arcapi.Communitytestcases.AssetTeamMemberAddPOSTAPITest<br>Parameters: DEV, ProjectIDCommunityNone, 2</td>
<td></td>
<td>7</td>
<td>com.arcapi.Communitytestcases.AssetTeamMemberAddPOSTAPITest@2e005c4b</td></tr>
<tr>
<td title='com.arcapi.Communitytestcases.AssetTeamMemberListAPITest.AssetTeamMemberListAPI()'><b>AssetTeamMemberListAPI</b><br>Test class: com.arcapi.Communitytestcases.AssetTeamMemberListAPITest<br>Parameters: DEV, ProjectIDCommunityNone, 2</td>
<td></td>
<td>5</td>
<td>com.arcapi.Communitytestcases.AssetTeamMemberListAPITest@694abbdc</td></tr>
<tr>
<td title='com.arcapi.Communitytestcases.AssetTeamMemberRemoveAPITest.AssetTeamMemberRemoveAPI()'><b>AssetTeamMemberRemoveAPI</b><br>Test class: com.arcapi.Communitytestcases.AssetTeamMemberRemoveAPITest<br>Parameters: DEV, ProjectIDCommunityNone, 2</td>
<td></td>
<td>7</td>
<td>com.arcapi.Communitytestcases.AssetTeamMemberRemoveAPITest@5ffead27</td></tr>
<tr>
<td title='com.arcapi.Communitytestcases.AssetTeamMemberRoleAPITest.AssetTeamMemberRoleAPI()'><b>AssetTeamMemberRoleAPI</b><br>Test class: com.arcapi.Communitytestcases.AssetTeamMemberRoleAPITest<br>Parameters: DEV, ProjectIDCommunityNone, 2</td>
<td></td>
<td>4</td>
<td>com.arcapi.Communitytestcases.AssetTeamMemberRoleAPITest@44ebcd03</td></tr>
<tr>
<td title='com.arcapi.Communitytestcases.AssetTeamMemberUpdateAPITest.AssetTeamMemberUpdateAPI()'><b>AssetTeamMemberUpdateAPI</b><br>Test class: com.arcapi.Communitytestcases.AssetTeamMemberUpdateAPITest<br>Parameters: DEV, ProjectIDCommunityNone, 2</td>
<td></td>
<td>7</td>
<td>com.arcapi.Communitytestcases.AssetTeamMemberUpdateAPITest@4567f35d</td></tr>
<tr>
<td title='com.arcapi.Communitytestcases.AssetTeamPermissionListAPITest.AssetTeamPermissionListAPI()'><b>AssetTeamPermissionListAPI</b><br>Test class: com.arcapi.Communitytestcases.AssetTeamPermissionListAPITest<br>Parameters: DEV, ProjectIDCommunityNone, 2</td>
<td></td>
<td>4</td>
<td>com.arcapi.Communitytestcases.AssetTeamPermissionListAPITest@4466af20</td></tr>
<tr>
<td title='com.arcapi.Communitytestcases.AssetTeamPermissionPostAPITest.AssetTeamPermissionPostAPI()'><b>AssetTeamPermissionPostAPI</b><br>Test class: com.arcapi.Communitytestcases.AssetTeamPermissionPostAPITest<br>Parameters: DEV, ProjectIDCommunityNone, 2</td>
<td></td>
<td>4</td>
<td>com.arcapi.Communitytestcases.AssetTeamPermissionPostAPITest@a514af7</td></tr>
<tr>
<td title='com.arcapi.Communitytestcases.AssetTeamPermissionPutAPITest.AssetTeamPermissionPutAPI()'><b>AssetTeamPermissionPutAPI</b><br>Test class: com.arcapi.Communitytestcases.AssetTeamPermissionPutAPITest<br>Parameters: DEV, ProjectIDCommunityNone, 2</td>
<td></td>
<td>5</td>
<td>com.arcapi.Communitytestcases.AssetTeamPermissionPutAPITest@6b927fb</td></tr>
<tr>
<td title='com.arcapi.Communitytestcases.AssetUpdateCommunityNoneAPITest.AssetUpdateforNewAssetPUTAPI()'><b>AssetUpdateforNewAssetPUTAPI</b><br>Test class: com.arcapi.Communitytestcases.AssetUpdateCommunityNoneAPITest<br>Parameters: DEV, ProjectIDCommunityNone, 2</td>
<td></td>
<td>7</td>
<td>com.arcapi.Communitytestcases.AssetUpdateCommunityNoneAPITest@7fa98a66</td></tr>
<tr>
<td title='com.arcapi.Communitytestcases.AssetValidationInfoPOSTAPITest.AssetValidationInfoPOSTAPI()'><b>AssetValidationInfoPOSTAPI</b><br>Test class: com.arcapi.Communitytestcases.AssetValidationInfoPOSTAPITest</td>
<td></td>
<td>3</td>
<td>com.arcapi.Communitytestcases.AssetValidationInfoPOSTAPITest@dbf57b3</td></tr>
<tr>
<td title='com.arcapi.Communitytestcases.AssociatedCategoriesAPITest.AssociatedCategoriesAPI()'><b>AssociatedCategoriesAPI</b><br>Test class: com.arcapi.Communitytestcases.AssociatedCategoriesAPITest</td>
<td></td>
<td>1</td>
<td>com.arcapi.Communitytestcases.AssociatedCategoriesAPITest@6d763516</td></tr>
<tr>
<td title='com.arcapi.Communitytestcases.AvgPerformaceListGetTest.AvgPerformaceList()'><b>AvgPerformaceList</b><br>Test class: com.arcapi.Communitytestcases.AvgPerformaceListGetTest</td>
<td></td>
<td>1</td>
<td>com.arcapi.Communitytestcases.AvgPerformaceListGetTest@222545dc</td></tr>
<tr>
<td title='com.arcapi.Communitytestcases.CityCommConsumptionCreateAPITest.ConsumptionCreatePOSTAPI()'><b>ConsumptionCreatePOSTAPI</b><br>Test class: com.arcapi.Communitytestcases.CityCommConsumptionCreateAPITest<br>Parameters: DEV, ProjectIDCommunityNone, 2</td>
<td></td>
<td>30</td>
<td>com.arcapi.Communitytestcases.CityCommConsumptionCreateAPITest@323b36e0</td></tr>
<tr>
<td title='com.arcapi.Communitytestcases.CountryStatesJSONAPITest.CountryStatesJSONAPI()'><b>CountryStatesJSONAPI</b><br>Test class: com.arcapi.Communitytestcases.CountryStatesJSONAPITest</td>
<td></td>
<td>2</td>
<td>com.arcapi.Communitytestcases.CountryStatesJSONAPITest@2a798d51</td></tr>
<tr>
<td title='com.arcapi.Communitytestcases.CreateAssetCommunityNoneAPITest.CreateAssetPOSTAPI()'><b>CreateAssetPOSTAPI</b><br>Test class: com.arcapi.Communitytestcases.CreateAssetCommunityNoneAPITest<br>Parameters: DEV, community, ProjectIDCommunityNone, 2, US</td>
<td></td>
<td>23</td>
<td>com.arcapi.Communitytestcases.CreateAssetCommunityNoneAPITest@7334aada</td></tr>
<tr>
<td title='com.arcapi.Communitytestcases.CreditAddTeamPOSTAPITest.CreditAddTeamPOSTAPI()'><b>CreditAddTeamPOSTAPI</b><br>Test class: com.arcapi.Communitytestcases.CreditAddTeamPOSTAPITest<br>Parameters: DEV, ProjectIDCommunityNone, 2, CommunityOtherNoneCredit, 6</td>
<td></td>
<td>28</td>
<td>com.arcapi.Communitytestcases.CreditAddTeamPOSTAPITest@3ce1e309</td></tr>
<tr>
<td title='com.arcapi.Communitytestcases.CreditGetAPITest.CreditGetAPI()'><b>CreditGetAPI</b><br>Test class: com.arcapi.Communitytestcases.CreditGetAPITest<br>Parameters: DEV, ProjectIDCommunityNone, 2, CommunityOtherNoneCredit</td>
<td></td>
<td>14</td>
<td>com.arcapi.Communitytestcases.CreditGetAPITest@71809907</td></tr>
<tr>
<td title='com.arcapi.Communitytestcases.DeleteAllAppsAPITest.DeleteAllAppsAPI()'><b>DeleteAllAppsAPI</b><br>Test class: com.arcapi.Communitytestcases.DeleteAllAppsAPITest<br>Parameters: DEV, ProjectIDCommunityNone, 2</td>
<td></td>
<td>6</td>
<td>com.arcapi.Communitytestcases.DeleteAllAppsAPITest@6356695f</td></tr>
<tr>
<td title='com.arcapi.Communitytestcases.DownloadDocumentsAPITest.DownloadDocumentsAPI()'><b>DownloadDocumentsAPI</b><br>Test class: com.arcapi.Communitytestcases.DownloadDocumentsAPITest<br>Parameters: DEV, ProjectIDCommunityNone, 2</td>
<td></td>
<td>5</td>
<td>com.arcapi.Communitytestcases.DownloadDocumentsAPITest@5e0826e7</td></tr>
<tr>
<td title='com.arcapi.Communitytestcases.FeedbackSubmitPostAPITest.FeedbackSubmitPostAPI()'><b>FeedbackSubmitPostAPI</b><br>Test class: com.arcapi.Communitytestcases.FeedbackSubmitPostAPITest<br>Parameters: DEV, ProjectIDCommunityNone, 2</td>
<td></td>
<td>1</td>
<td>com.arcapi.Communitytestcases.FeedbackSubmitPostAPITest@59309333</td></tr>
<tr>
<td title='com.arcapi.Communitytestcases.FetchingAgreementDetailsAPITest.FetchingAgreementDetailsAPI()'><b>FetchingAgreementDetailsAPI</b><br>Test class: com.arcapi.Communitytestcases.FetchingAgreementDetailsAPITest<br>Parameters: DEV, ProjectIDCommunityNone, 2</td>
<td></td>
<td>5</td>
<td>com.arcapi.Communitytestcases.FetchingAgreementDetailsAPITest@8dbdac1</td></tr>
<tr>
<td title='com.arcapi.Communitytestcases.FuelCategoryAPITest.FuelCategoryAPI()'><b>FuelCategoryAPI</b><br>Test class: com.arcapi.Communitytestcases.FuelCategoryAPITest</td>
<td></td>
<td>1</td>
<td>com.arcapi.Communitytestcases.FuelCategoryAPITest@515aebb0</td></tr>
<tr>
<td title='com.arcapi.Communitytestcases.GetAllDocumentListAPITest.GetAllDocumentListAPI()'><b>GetAllDocumentListAPI</b><br>Test class: com.arcapi.Communitytestcases.GetAllDocumentListAPITest<br>Parameters: DEV, ProjectIDCommunityNone, 2</td>
<td></td>
<td>5</td>
<td>com.arcapi.Communitytestcases.GetAllDocumentListAPITest@dd8ba08</td></tr>
<tr>
<td title='com.arcapi.Communitytestcases.InstallAllAppsAfterDeleteAPITest.InstallAllAppsAfterDeleteAPI()'><b>InstallAllAppsAfterDeleteAPI</b><br>Test class: com.arcapi.Communitytestcases.InstallAllAppsAfterDeleteAPITest<br>Parameters: DEV, ProjectIDCommunityNone, 2</td>
<td></td>
<td>6</td>
<td>com.arcapi.Communitytestcases.InstallAllAppsAfterDeleteAPITest@4f18837a</td></tr>
<tr>
<td title='com.arcapi.Communitytestcases.LOTokenAPITest.LOTokenAPI()'><b>LOTokenAPI</b><br>Test class: com.arcapi.Communitytestcases.LOTokenAPITest<br>Parameters: DEV, 2</td>
<td></td>
<td>1</td>
<td>com.arcapi.Communitytestcases.LOTokenAPITest@f5ac9e4</td></tr>
<tr>
<td title='com.arcapi.Communitytestcases.LoginAPITest.LoginAPI()'><b>LoginAPI</b><br>Test class: com.arcapi.Communitytestcases.LoginAPITest<br>Parameters: DEV, 2</td>
<td></td>
<td>9</td>
<td>com.arcapi.Communitytestcases.LoginAPITest@402bba4f</td></tr>
<tr>
<td title='com.arcapi.Communitytestcases.MeasuresDetailAPITest.MeasuresDetailAPI()'><b>MeasuresDetailAPI</b><br>Test class: com.arcapi.Communitytestcases.MeasuresDetailAPITest<br>Parameters: DEV, ProjectIDCommunityNone, 2</td>
<td></td>
<td>2</td>
<td>com.arcapi.Communitytestcases.MeasuresDetailAPITest@158da8e</td></tr>
<tr>
<td title='com.arcapi.Communitytestcases.MeasuresListAPITest.MeasuresListAPI()'><b>MeasuresListAPI</b><br>Test class: com.arcapi.Communitytestcases.MeasuresListAPITest<br>Parameters: DEV, ProjectIDCommunityNone, 2</td>
<td></td>
<td>1</td>
<td>com.arcapi.Communitytestcases.MeasuresListAPITest@6aba2b86</td></tr>
<tr>
<td title='com.arcapi.Communitytestcases.MeasuresPostAPITest.MeasuresPostAPI()'><b>MeasuresPostAPI</b><br>Test class: com.arcapi.Communitytestcases.MeasuresPostAPITest<br>Parameters: DEV, ProjectIDCommunityNone, 2</td>
<td></td>
<td>21</td>
<td>com.arcapi.Communitytestcases.MeasuresPostAPITest@74e52303</td></tr>
<tr>
<td title='com.arcapi.Communitytestcases.MeasuresUpdateAPITest.MeasuresUpdateAPI()'><b>MeasuresUpdateAPI</b><br>Test class: com.arcapi.Communitytestcases.MeasuresUpdateAPITest<br>Parameters: DEV, ProjectIDCommunityNone, 2</td>
<td></td>
<td>1</td>
<td>com.arcapi.Communitytestcases.MeasuresUpdateAPITest@47af7f3d</td></tr>
<tr>
<td title='com.arcapi.Communitytestcases.MeasuresVersionDetailAPITest.MeasuresVersionDetailAPI()'><b>MeasuresVersionDetailAPI</b><br>Test class: com.arcapi.Communitytestcases.MeasuresVersionDetailAPITest<br>Parameters: DEV, ProjectIDCommunityNone, 2</td>
<td></td>
<td>5</td>
<td>com.arcapi.Communitytestcases.MeasuresVersionDetailAPITest@3bb9a3ff</td></tr>
<tr>
<td title='com.arcapi.Communitytestcases.MeasuresVersionListAPITest.MeasuresVersionListAPI()'><b>MeasuresVersionListAPI</b><br>Test class: com.arcapi.Communitytestcases.MeasuresVersionListAPITest<br>Parameters: DEV, ProjectIDCommunityNone, 2</td>
<td></td>
<td>1</td>
<td>com.arcapi.Communitytestcases.MeasuresVersionListAPITest@7c729a55</td></tr>
<tr>
<td title='com.arcapi.Communitytestcases.MeasuresVersionPostAPITest.MeasuresVersionPostAPI()'><b>MeasuresVersionPostAPI</b><br>Test class: com.arcapi.Communitytestcases.MeasuresVersionPostAPITest<br>Parameters: DEV, ProjectIDCommunityNone, 2</td>
<td></td>
<td>1</td>
<td>com.arcapi.Communitytestcases.MeasuresVersionPostAPITest@661972b0</td></tr>
<tr>
<td title='com.arcapi.Communitytestcases.MeterCreateAPICityCommTest.MeterCreatePOSTAPI()'><b>MeterCreatePOSTAPI</b><br>Test class: com.arcapi.Communitytestcases.MeterCreateAPICityCommTest<br>Parameters: DEV, ProjectIDCommunityNone, 2</td>
<td></td>
<td>38</td>
<td>com.arcapi.Communitytestcases.MeterCreateAPICityCommTest@5af3afd9</td></tr>
<tr>
<td title='com.arcapi.Communitytestcases.NotificationCreatePOSTAPITest.NotificationCreatePOSTAPI()'><b>NotificationCreatePOSTAPI</b><br>Test class: com.arcapi.Communitytestcases.NotificationCreatePOSTAPITest<br>Parameters: DEV, ProjectIDCommunityNone, 2</td>
<td></td>
<td>1</td>
<td>com.arcapi.Communitytestcases.NotificationCreatePOSTAPITest@9f116cc</td></tr>
<tr>
<td title='com.arcapi.Communitytestcases.NotificationDeleteAPITest.NotificationDeleteAPI()'><b>NotificationDeleteAPI</b><br>Test class: com.arcapi.Communitytestcases.NotificationDeleteAPITest<br>Parameters: DEV, ProjectIDCommunityNone, 2</td>
<td></td>
<td>2</td>
<td>com.arcapi.Communitytestcases.NotificationDeleteAPITest@1aa7ecca</td></tr>
<tr>
<td title='com.arcapi.Communitytestcases.NotificationGetAPITest.NotificationGetAPI()'><b>NotificationGetAPI</b><br>Test class: com.arcapi.Communitytestcases.NotificationGetAPITest<br>Parameters: DEV, ProjectIDCommunityNone, 2</td>
<td></td>
<td>1</td>
<td>com.arcapi.Communitytestcases.NotificationGetAPITest@12468a38</td></tr>
<tr>
<td title='com.arcapi.Communitytestcases.NotificationSubscriptionDetailGetTest.NotificationSubscriptionDetail()'><b>NotificationSubscriptionDetail</b><br>Test class: com.arcapi.Communitytestcases.NotificationSubscriptionDetailGetTest<br>Parameters: DEV, ProjectIDCommunityNone, 2</td>
<td></td>
<td>1</td>
<td>com.arcapi.Communitytestcases.NotificationSubscriptionDetailGetTest@4fb0f2b9</td></tr>
<tr>
<td title='com.arcapi.Communitytestcases.NotificationSubscriptionDetailPutTest.NotificationSubscriptionDetail()'><b>NotificationSubscriptionDetail</b><br>Test class: com.arcapi.Communitytestcases.NotificationSubscriptionDetailPutTest<br>Parameters: DEV, ProjectIDCommunityNone, 2</td>
<td></td>
<td>2</td>
<td>com.arcapi.Communitytestcases.NotificationSubscriptionDetailPutTest@79924b</td></tr>
<tr>
<td title='com.arcapi.Communitytestcases.NotificationSubscriptionDetailDeleteTest.NotificationSubscriptionDetailDelete()'><b>NotificationSubscriptionDetailDelete</b><br>Test class: com.arcapi.Communitytestcases.NotificationSubscriptionDetailDeleteTest<br>Parameters: DEV, ProjectIDCommunityNone, 2</td>
<td></td>
<td>1</td>
<td>com.arcapi.Communitytestcases.NotificationSubscriptionDetailDeleteTest@7b9a4292</td></tr>
<tr>
<td title='com.arcapi.Communitytestcases.PaymentHistoryAPITest.PaymentHistoryAPI()'><b>PaymentHistoryAPI</b><br>Test class: com.arcapi.Communitytestcases.PaymentHistoryAPITest<br>Parameters: DEV, ProjectIDCommunityNone, 2</td>
<td></td>
<td>1</td>
<td>com.arcapi.Communitytestcases.PaymentHistoryAPITest@62150f9e</td></tr>
<tr>
<td title='com.arcapi.Communitytestcases.PaymentOrderGetAPITest.PaymentOrderGetAPI()'><b>PaymentOrderGetAPI</b><br>Test class: com.arcapi.Communitytestcases.PaymentOrderGetAPITest<br>Parameters: DEV, ProjectIDCommunityNone, 2</td>
<td></td>
<td>3</td>
<td>com.arcapi.Communitytestcases.PaymentOrderGetAPITest@52e6fdee</td></tr>
<tr>
<td title='com.arcapi.Communitytestcases.PaymentOrderSubmitPOSTAPITest.PaymentOrderSubmitPOSTAPI()'><b>PaymentOrderSubmitPOSTAPI</b><br>Test class: com.arcapi.Communitytestcases.PaymentOrderSubmitPOSTAPITest<br>Parameters: DEV, ProjectIDCommunityNone, 2, CreditCardPayment</td>
<td></td>
<td>45</td>
<td>com.arcapi.Communitytestcases.PaymentOrderSubmitPOSTAPITest@42e99e4a</td></tr>
<tr>
<td title='com.arcapi.Communitytestcases.PerformanceComparablesGetAPITest.PerformanceComparablesGetAPI()'><b>PerformanceComparablesGetAPI</b><br>Test class: com.arcapi.Communitytestcases.PerformanceComparablesGetAPITest</td>
<td></td>
<td>1</td>
<td>com.arcapi.Communitytestcases.PerformanceComparablesGetAPITest@245b4bdc</td></tr>
<tr>
<td title='com.arcapi.Communitytestcases.RatingSystemListAPITest.RatingSystemListAPI()'><b>RatingSystemListAPI</b><br>Test class: com.arcapi.Communitytestcases.RatingSystemListAPITest</td>
<td></td>
<td>1</td>
<td>com.arcapi.Communitytestcases.RatingSystemListAPITest@52bf72b5</td></tr>
<tr>
<td title='com.arcapi.Communitytestcases.RecomputePerformanceScoreGetTest.RecomputePerformanceScoreGet()'><b>RecomputePerformanceScoreGet</b><br>Test class: com.arcapi.Communitytestcases.RecomputePerformanceScoreGetTest<br>Parameters: DEV, ProjectIDCommunityNone, 2</td>
<td></td>
<td>6</td>
<td>com.arcapi.Communitytestcases.RecomputePerformanceScoreGetTest@4cc451f2</td></tr>
<tr>
<td title='com.arcapi.Communitytestcases.RegistrationPaymentPricingGetAPITest.RegistrationPaymentPricingGetAPI()'><b>RegistrationPaymentPricingGetAPI</b><br>Test class: com.arcapi.Communitytestcases.RegistrationPaymentPricingGetAPITest<br>Parameters: DEV, ProjectIDCommunityNone, 2</td>
<td></td>
<td>3</td>
<td>com.arcapi.Communitytestcases.RegistrationPaymentPricingGetAPITest@4d9e68d0</td></tr>
<tr>
<td title='com.arcapi.Communitytestcases.ReviewCertificationPricingAPITest.ReviewCertificationPricingAPI()'><b>ReviewCertificationPricingAPI</b><br>Test class: com.arcapi.Communitytestcases.ReviewCertificationPricingAPITest<br>Parameters: DEV, ProjectIDCommunityNone, 2, performance score</td>
<td></td>
<td>4</td>
<td>com.arcapi.Communitytestcases.ReviewCertificationPricingAPITest@6379eb</td></tr>
<tr>
<td title='com.arcapi.Communitytestcases.S3DocumentRemoveAPITest.S3DocumentRemoveAPI()'><b>S3DocumentRemoveAPI</b><br>Test class: com.arcapi.Communitytestcases.S3DocumentRemoveAPITest<br>Parameters: DEV, ProjectIDCommunityNone, 2</td>
<td></td>
<td>2</td>
<td>com.arcapi.Communitytestcases.S3DocumentRemoveAPITest@4f6ee6e4</td></tr>
<tr>
<td title='com.arcapi.Communitytestcases.S3DocumentUploadPOSTAPITest.S3DocumentUploadPOSTAPI()'><b>S3DocumentUploadPOSTAPI</b><br>Test class: com.arcapi.Communitytestcases.S3DocumentUploadPOSTAPITest<br>Parameters: DEV, ProjectIDCommunityNone, 2</td>
<td></td>
<td>23</td>
<td>com.arcapi.Communitytestcases.S3DocumentUploadPOSTAPITest@1fa268de</td></tr>
<tr>
<td title='com.arcapi.Communitytestcases.ScoreWeightsAPITest.ScoreWeightsAPI()'><b>ScoreWeightsAPI</b><br>Test class: com.arcapi.Communitytestcases.ScoreWeightsAPITest</td>
<td></td>
<td>1</td>
<td>com.arcapi.Communitytestcases.ScoreWeightsAPITest@6c64cb25</td></tr>
<tr>
<td title='com.arcapi.Communitytestcases.SignAgreementRegistrationAPITest.SignAgreementRegistrationAPI()'><b>SignAgreementRegistrationAPI</b><br>Test class: com.arcapi.Communitytestcases.SignAgreementRegistrationAPITest<br>Parameters: DEV, ProjectIDCommunityNone, 2</td>
<td></td>
<td>7</td>
<td>com.arcapi.Communitytestcases.SignAgreementRegistrationAPITest@1d9b7cce</td></tr>
<tr>
<td title='com.arcapi.Communitytestcases.SubmitReviewGetAPITest.SubmitReviewGetAPI()'><b>SubmitReviewGetAPI</b><br>Test class: com.arcapi.Communitytestcases.SubmitReviewGetAPITest<br>Parameters: DEV, ProjectIDCommunityNone, 2</td>
<td></td>
<td>2</td>
<td>com.arcapi.Communitytestcases.SubmitReviewGetAPITest@67d48005</td></tr>
<tr>
<td title='com.arcapi.Communitytestcases.SubmitReviewPOSTAPITest.SubmitReviewPOSTAPI()'><b>SubmitReviewPOSTAPI</b><br>Test class: com.arcapi.Communitytestcases.SubmitReviewPOSTAPITest<br>Parameters: DEV, ProjectIDCommunityNone, 2, community, performance score</td>
<td></td>
<td>5</td>
<td>com.arcapi.Communitytestcases.SubmitReviewPOSTAPITest@294425a7</td></tr>
<tr>
<td title='com.arcapi.Communitytestcases.ThirdPartyListAppsAPITest.ThirdPartyListAppsAPI()'><b>ThirdPartyListAppsAPI</b><br>Test class: com.arcapi.Communitytestcases.ThirdPartyListAppsAPITest</td>
<td></td>
<td>1</td>
<td>com.arcapi.Communitytestcases.ThirdPartyListAppsAPITest@6ae5aa72</td></tr>
<tr>
<td title='com.arcapi.Communitytestcases.UserAccessLevelSAPGetTest.UserAccessLevelSAPGet()'><b>UserAccessLevelSAPGet</b><br>Test class: com.arcapi.Communitytestcases.UserAccessLevelSAPGetTest</td>
<td></td>
<td>3</td>
<td>com.arcapi.Communitytestcases.UserAccessLevelSAPGetTest@59fd97a8</td></tr>
<tr>
<td title='com.arcapi.Communitytestcases.UserDetailAPITest.UserDetailAPI()'><b>UserDetailAPI</b><br>Test class: com.arcapi.Communitytestcases.UserDetailAPITest<br>Parameters: DEV, 2</td>
<td></td>
<td>3</td>
<td>com.arcapi.Communitytestcases.UserDetailAPITest@795cd85e</td></tr>
<tr>
<td title='com.arcapi.Communitytestcases.VerifyAgreementPresentAPITest.VerifyAgreementPresentAPI()'><b>VerifyAgreementPresentAPI</b><br>Test class: com.arcapi.Communitytestcases.VerifyAgreementPresentAPITest<br>Parameters: DEV, ProjectIDCommunityNone, 2</td>
<td></td>
<td>5</td>
<td>com.arcapi.Communitytestcases.VerifyAgreementPresentAPITest@32eff876</td></tr>
<tr>
<td title='com.arcapi.Communitytestcases.VerifyProjectRegisteredAssetListTest.VerifyProjectRegisteredAssetList()'><b>VerifyProjectRegisteredAssetList</b><br>Test class: com.arcapi.Communitytestcases.VerifyProjectRegisteredAssetListTest<br>Parameters: DEV, ProjectIDCommunityNone, 2</td>
<td></td>
<td>1</td>
<td>com.arcapi.Communitytestcases.VerifyProjectRegisteredAssetListTest@5fdcaa40</td></tr>
</table><p>
</body>
</html>