<?xml version="1.0" encoding="UTF-8"?>
<!-- Generated by org.testng.reporters.JUnitXMLReporter -->
<testsuite hostname="G10GGNLT052" name="CompleteTrailFlow-Building-None" tests="47" failures="6" timestamp="13 Sep 2019 09:56:31 GMT" time="298.577" errors="0">
  <testcase name="LoginAPI" time="9.401" classname="com.arcapi.Common.LoginAPITest"/>
  <testcase name="TrialCreateAssetPOSTAPIV3" time="7.134" classname="com.arcapi.TrailFlowtestcasesComplete.TrialCreateAssetPOSTAPIV3APITest"/>
  <testcase name="AssetUpdateforNewAssetPUTAPI" time="2.919" classname="com.arcapi.TrailFlowtestcasesComplete.AssetUpdateBuildingTrailActAPITest"/>
  <testcase name="VerifyAssetDetailAPI" time="2.952" classname="com.arcapi.TrailFlowtestcasesComplete.VerifyAssetDetailAPITest"/>
  <testcase name="CO2GetTestAPI" time="3.294" classname="com.arcapi.Buildingtestcases.CO2GetTest"/>
  <testcase name="GhgGetTestAPI" time="4.244" classname="com.arcapi.Buildingtestcases.GhgGetTest"/>
  <testcase name="GhgCalcGet" time="2.545" classname="com.arcapi.Buildingtestcases.GhgCalcGetTest"/>
  <testcase name="VOCGet" time="3.706" classname="com.arcapi.Buildingtestcases.VOCGetTest"/>
  <testcase name="WaterGet" time="2.328" classname="com.arcapi.Buildingtestcases.WaterGetTest"/>
  <testcase name="AssetDetailAPI" time="3.008" classname="com.arcapi.Common.AssetDetailAPITest"/>
  <testcase name="SurveyAllRoutesFeedbackRegularAPI" time="6.033" classname="com.arcapi.Buildingtestcases.SurveyAllRoutesFeedbackRegularAPIPOSTAPITest"/>
  <testcase name="SurveyWithAllRoutesExtremelyUnsatisfiedDeatailCreatePOSTAPI" time="2.301" classname="com.arcapi.Buildingtestcases.SurveyAllRoutesFeedbackVisitorAPIPOSTAPITest">
    <failure type="java.lang.AssertionError" message="expected [201] but found [400]">
      <![CDATA[java.lang.AssertionError: expected [201] but found [400]
	at com.Utill.Controller.Assertion.verifyStatusCode(Assertion.java:20)
	at com.arcapi.Buildingtestcases.SurveyAllRoutesFeedbackVisitorAPIPOSTAPITest.SurveyWithAllRoutesExtremelyUnsatisfiedDeatailCreatePOSTAPI(SurveyAllRoutesFeedbackVisitorAPIPOSTAPITest.java:22)
... Removed 31 stack frames]]>
    </failure>
  </testcase> <!-- SurveyWithAllRoutesExtremelyUnsatisfiedDeatailCreatePOSTAPI -->
  <testcase name="CO2MeterCreateAPI" time="3.411" classname="com.arcapi.Buildingtestcases.CO2MeterCreateAPITest"/>
  <testcase name="CO2ConsumptionCreateAPI" time="2.64" classname="com.arcapi.Buildingtestcases.CO2ConsumptionCreateAPITest">
    <failure type="java.lang.AssertionError" message="expected [201] but found [404]">
      <![CDATA[java.lang.AssertionError: expected [201] but found [404]
	at com.Utill.Controller.Assertion.verifyStatusCode(Assertion.java:20)
	at com.arcapi.Buildingtestcases.CO2ConsumptionCreateAPITest.CO2ConsumptionCreateAPI(CO2ConsumptionCreateAPITest.java:27)
... Removed 31 stack frames]]>
    </failure>
  </testcase> <!-- CO2ConsumptionCreateAPI -->
  <testcase name="CO2ConsumptionUpdateAPI" time="2.098" classname="com.arcapi.Buildingtestcases.CO2ConsumptionUpdateAPITest">
    <failure type="java.lang.AssertionError" message="expected [200] but found [404]">
      <![CDATA[java.lang.AssertionError: expected [200] but found [404]
	at com.Utill.Controller.Assertion.verifyStatusCode(Assertion.java:20)
	at com.arcapi.Buildingtestcases.CO2ConsumptionUpdateAPITest.CO2ConsumptionUpdateAPI(CO2ConsumptionUpdateAPITest.java:28)
... Removed 31 stack frames]]>
    </failure>
  </testcase> <!-- CO2ConsumptionUpdateAPI -->
  <testcase name="CO2ConsumptionDeleteAPI" time="2.351" classname="com.arcapi.Buildingtestcases.CO2ConsumptionDeleteAPITest">
    <failure type="java.lang.AssertionError" message="expected [200] but found [404]">
      <![CDATA[java.lang.AssertionError: expected [200] but found [404]
	at com.Utill.Controller.Assertion.verifyStatusCode(Assertion.java:20)
	at com.arcapi.Buildingtestcases.CO2ConsumptionDeleteAPITest.CO2ConsumptionDeleteAPI(CO2ConsumptionDeleteAPITest.java:24)
... Removed 31 stack frames]]>
    </failure>
  </testcase> <!-- CO2ConsumptionDeleteAPI -->
  <testcase name="CO2MeterDeleteAPI" time="2.447" classname="com.arcapi.Buildingtestcases.CO2MeterDeleteAPITest">
    <failure type="java.lang.AssertionError" message="expected [403] but found [404]">
      <![CDATA[java.lang.AssertionError: expected [403] but found [404]
	at com.Utill.Controller.Assertion.verifyStatusCode(Assertion.java:20)
	at com.arcapi.Buildingtestcases.CO2MeterDeleteAPITest.CO2MeterDeleteAPI(CO2MeterDeleteAPITest.java:25)
... Removed 31 stack frames]]>
    </failure>
  </testcase> <!-- CO2MeterDeleteAPI -->
  <testcase name="VOCMeterCreateAPI" time="3.119" classname="com.arcapi.Buildingtestcases.VOCMeterCreateAPITest"/>
  <testcase name="VOCConsumptionCreateAPI" time="2.854" classname="com.arcapi.Buildingtestcases.VOCConsumptionCreateAPITest"/>
  <testcase name="VOCConsumptionUpdateAPI" time="2.377" classname="com.arcapi.Buildingtestcases.VOCConsumptionUpdateAPITest"/>
  <testcase name="VOCConsumptionDeleteAPI" time="2.599" classname="com.arcapi.Buildingtestcases.VOCConsumptionDeleteAPITest"/>
  <testcase name="VOCMeterDeleteAPI" time="2.727" classname="com.arcapi.Buildingtestcases.VOCMeterDeleteAPITest"/>
  <testcase name="ExcelUploadTemplatePOSTAPI" time="40.223" classname="com.arcapi.Buildingtestcases.ExcelUploadTemplatePOSTAPITest"/>
  <testcase name="MetersAPI" time="7.244" classname="com.arcapi.Leedv4Testcases.MetersAPITest"/>
  <testcase name="S3DocumentListAPI" time="3.031" classname="com.arcapi.Common.S3DocumentListAPITest"/>
  <testcase name="S3DocumentRemoveAPI" time="2.773" classname="com.arcapi.Common.S3DocumentRemoveAPITest"/>
  <testcase name="MeterCommentPostGroup1API" time="27.6" classname="com.arcapi.Leedv4Testcases.MeterCommentPostGroup1APITest"/>
  <testcase name="MeterCommentPostGroup2API" time="8.897" classname="com.arcapi.Leedv4Testcases.MeterCommentPostGroup2APITest"/>
  <testcase name="MeterCommentPostGroup3API" time="11.448" classname="com.arcapi.Leedv4Testcases.MeterCommentPostGroup3APITest"/>
  <testcase name="MeterCommentReplyGroup1API" time="20.992" classname="com.arcapi.Leedv4Testcases.MeterCommentReplyGroup1APITest"/>
  <testcase name="MeterCommentReplyGroup2API" time="7.084" classname="com.arcapi.Leedv4Testcases.MeterCommentReplyGroup2APITest"/>
  <testcase name="MeterCommentReplyGroup3API" time="6.275" classname="com.arcapi.Leedv4Testcases.MeterCommentReplyGroup3APITest"/>
  <testcase name="MeterCommentDeleteGroup2API" time="6.536" classname="com.arcapi.Leedv4Testcases.MeterCommentDeleteGroup2APITest"/>
  <testcase name="ExcelTemplateMetersAPI" time="4.306" classname="com.arcapi.Buildingtestcases.ExcelTemplateMetersAPITest"/>
  <testcase name="VerifyExcelTemplateConsumptionAPI" time="11.968" classname="com.arcapi.Buildingtestcases.VerifyExcelTemplateConsumptionAPITest"/>
  <testcase name="VerifyWasteDataExcelAPI" time="2.935" classname="com.arcapi.Buildingtestcases.VerifyWasteDataExcelAPITest"/>
  <testcase name="VerifyActivityEnergyDataInputAPI" time="2.842" classname="com.arcapi.Leedv4Testcases.VerifyActivityEnergyDataInputAPITest"/>
  <testcase name="VerifyActivityWaterDataInputAPI" time="2.643" classname="com.arcapi.Leedv4Testcases.VerifyActivityWaterDataInputAPITest"/>
  <testcase name="VerifyActivityWasteDataInputAPI" time="2.246" classname="com.arcapi.Leedv4Testcases.VerifyActivityWasteDataInputAPITest"/>
  <testcase name="VerifyActivityHEMeterDataInputAPI" time="2.827" classname="com.arcapi.Leedv4Testcases.VerifyActivityHEMeterDataInputAPITest"/>
  <testcase name="ReviewCertificationPricingAPI" time="2.139" classname="com.arcapi.Common.Neg.ReviewCertificationPricingAPITest">
    <failure type="java.lang.AssertionError" message="expected [403] but found [400]">
      <![CDATA[java.lang.AssertionError: expected [403] but found [400]
	at com.Utill.Controller.Assertion.verifyStatusCode(Assertion.java:20)
	at com.arcapi.Common.Neg.ReviewCertificationPricingAPITest.ReviewCertificationPricingAPI(ReviewCertificationPricingAPITest.java:22)
... Removed 31 stack frames]]>
    </failure>
  </testcase> <!-- ReviewCertificationPricingAPI -->
  <testcase name="SubmitReviewPOSTAPI" time="2.728" classname="com.arcapi.Common.Neg.SubmitReviewPOSTAPITest"/>
  <testcase name="SubmitReviewGetAPI" time="2.517" classname="com.arcapi.Common.Neg.SubmitReviewGetAPITest"/>
  <testcase name="CreateAssetPOSTAPI" time="6.375" classname="com.arcapi.TrailFlowtestcasesComplete.SyncSAPTrailProjectAPITest"/>
  <testcase name="RegistrationPaymentPricingGetAPI" time="3.739" classname="com.arcapi.Common.RegistrationPaymentPricingGetAPITest"/>
  <testcase name="PaymentOrderSubmitPOSTAPI" time="11.751" classname="com.arcapi.Common.PaymentOrderSubmitPOSTAPITest"/>
  <testcase name="AddAssestTimeline" time="6.907" classname="com.arcapi.Common.AddAssestTimelinePOSTAPITest"/>
</testsuite> <!-- CompleteTrailFlow-Building-None -->
