<?xml version="1.0" encoding="UTF-8"?>
<!-- Generated by org.testng.reporters.JUnitXMLReporter -->
<testsuite hostname="G10GGNLT052" name="LEED v4.1 Communities: Plan and Design" tests="15" failures="7" timestamp="20 Sep 2019 10:21:59 GMT" time="47.625" errors="0">
  <testcase name="LOAuthenticateAPI" time="1.734" classname="com.arcapi.Leedv4Testcases.LOAuthenticateAPITest"/>
  <testcase name="LeedExistingCityCreateAssetAPI" time="2.71" classname="com.arcapi.Communitytestcases.LEEDV4CommunityPlanandDesignTest">
    <failure type="java.lang.AssertionError" message="expected [200] but found [403]">
      <![CDATA[java.lang.AssertionError: expected [200] but found [403]
	at com.Utill.Controller.Assertion.verifyStatusCode(Assertion.java:20)
	at com.arcapi.Communitytestcases.LEEDV4CommunityPlanandDesignTest.LeedExistingCityCreateAssetAPI(LEEDV4CommunityPlanandDesignTest.java:29)
... Removed 31 stack frames]]>
    </failure>
  </testcase> <!-- LeedExistingCityCreateAssetAPI -->
  <testcase name="LoginAPI" time="5.589" classname="com.arcapi.Common.LoginAPITest"/>
  <testcase name="LOProjectSyncAPI" time="3.465" classname="com.arcapi.Leedv4Testcases.LOProjectSyncAPITest">
    <failure type="java.lang.AssertionError" message="expected [200] but found [400]">
      <![CDATA[java.lang.AssertionError: expected [200] but found [400]
	at com.Utill.Controller.Assertion.verifyStatusCode(Assertion.java:20)
	at com.arcapi.Leedv4Testcases.LOProjectSyncAPITest.LOProjectSyncAPI(LOProjectSyncAPITest.java:19)
... Removed 31 stack frames]]>
    </failure>
  </testcase> <!-- LOProjectSyncAPI -->
  <testcase name="SignAgreementRegistrationAPI" time="3.119" classname="com.arcapi.Leedv4Testcases.SignAgreementRegistrationAPITest">
    <failure type="java.lang.AssertionError" message="expected [200] but found [404]">
      <![CDATA[java.lang.AssertionError: expected [200] but found [404]
	at com.Utill.Controller.Assertion.verifyStatusCode(Assertion.java:20)
	at com.arcapi.Leedv4Testcases.SignAgreementRegistrationAPITest.SignAgreementRegistrationAPI(SignAgreementRegistrationAPITest.java:32)
... Removed 31 stack frames]]>
    </failure>
  </testcase> <!-- SignAgreementRegistrationAPI -->
  <testcase name="AssetDocumentAPI" time="1.956" classname="com.arcapi.Common.AssetDocumentAPITest"/>
  <testcase name="DownloadDocumentsAPI" time="2.357" classname="com.arcapi.Common.DownloadDocumentsAPITest">
    <failure type="java.lang.AssertionError" message="expected [200] but found [404]">
      <![CDATA[java.lang.AssertionError: expected [200] but found [404]
	at com.Utill.Controller.Assertion.verifyStatusCode(Assertion.java:20)
	at com.arcapi.Common.DownloadDocumentsAPITest.DownloadDocumentsAPI(DownloadDocumentsAPITest.java:29)
... Removed 31 stack frames]]>
    </failure>
  </testcase> <!-- DownloadDocumentsAPI -->
  <testcase name="FetchingAgreementDetailsAPI" time="2.141" classname="com.arcapi.Common.FetchingAgreementDetailsAPITest"/>
  <testcase name="AssetDetailAPI" time="2.328" classname="com.arcapi.Common.AssetDetailAPITest">
    <failure type="java.lang.AssertionError" message="expected [200] but found [404]">
      <![CDATA[java.lang.AssertionError: expected [200] but found [404]
	at com.Utill.Controller.Assertion.verifyStatusCode(Assertion.java:20)
	at com.arcapi.Common.AssetDetailAPITest.AssetDetailAPI(AssetDetailAPITest.java:24)
... Removed 31 stack frames]]>
    </failure>
  </testcase> <!-- AssetDetailAPI -->
  <testcase name="AssetSearchOwnerAPI" time="1.975" classname="com.arcapi.Common.AssetSearchOwnerAPITest"/>
  <testcase name="AssetSearchAPI" time="1.715" classname="com.arcapi.Common.AssetSearchAPITest"/>
  <testcase name="AssetValidationInfoPOSTAPI" time="2.912" classname="com.arcapi.Common.AssetValidationInfoPOSTAPITest"/>
  <testcase name="AssetListAPI" time="2.498" classname="com.arcapi.Common.AssetListAPITest"/>
  <testcase name="AssetUpdateforNewAssetPUTAPI" time="1.988" classname="com.arcapi.Common.CityCom.AssetUpdateAPITest">
    <failure type="java.lang.AssertionError" message="expected [200] but found [404]">
      <![CDATA[java.lang.AssertionError: expected [200] but found [404]
	at com.Utill.Controller.Assertion.verifyStatusCode(Assertion.java:20)
	at com.arcapi.Common.CityCom.AssetUpdateAPITest.AssetUpdateforNewAssetPUTAPI(AssetUpdateAPITest.java:24)
... Removed 31 stack frames]]>
    </failure>
  </testcase> <!-- AssetUpdateforNewAssetPUTAPI -->
  <testcase name="VerifyProjectRegisteredAssetList" time="2.309" classname="com.arcapi.Common.VerifyProjectRegisteredAssetListTest">
    <failure type="java.lang.AssertionError" message="List does not have LEED ID expected [true] but found [false]">
      <![CDATA[java.lang.AssertionError: List does not have LEED ID expected [true] but found [false]
	at com.arcapi.Common.VerifyProjectRegisteredAssetListTest.VerifyProjectRegisteredAssetList(VerifyProjectRegisteredAssetListTest.java:26)
... Removed 28 stack frames]]>
    </failure>
  </testcase> <!-- VerifyProjectRegisteredAssetList -->
</testsuite> <!-- LEED v4.1 Communities: Plan and Design -->
