<html>
<head>
<title>TestNG:  ScoreScenariosCity-None</title>
<link href="../testng.css" rel="stylesheet" type="text/css" />
<link href="../my-testng.css" rel="stylesheet" type="text/css" />

<style type="text/css">
.log { display: none;} 
.stack-trace { display: none;} 
</style>
<script type="text/javascript">
<!--
function flip(e) {
  current = e.style.display;
  if (current == 'block') {
    e.style.display = 'none';
    return 0;
  }
  else {
    e.style.display = 'block';
    return 1;
  }
}

function toggleBox(szDivId, elem, msg1, msg2)
{
  var res = -1;  if (document.getElementById) {
    res = flip(document.getElementById(szDivId));
  }
  else if (document.all) {
    // this is the way old msie versions work
    res = flip(document.all[szDivId]);
  }
  if(elem) {
    if(res == 0) elem.innerHTML = msg1; else elem.innerHTML = msg2;
  }

}

function toggleAllBoxes() {
  if (document.getElementsByTagName) {
    d = document.getElementsByTagName('div');
    for (i = 0; i < d.length; i++) {
      if (d[i].className == 'log') {
        flip(d[i]);
      }
    }
  }
}

// -->
</script>

</head>
<body>
<h2 align='center'>ScoreScenariosCity-None</h2><table border='1' align="center">
<tr>
<td>Tests passed/Failed/Skipped:</td><td>0/0/26</td>
</tr><tr>
<td>Started on:</td><td>Thu Nov 28 10:26:30 IST 2019</td>
</tr>
<tr><td>Total time:</td><td>0 seconds (16 ms)</td>
</tr><tr>
<td>Included groups:</td><td></td>
</tr><tr>
<td>Excluded groups:</td><td></td>
</tr>
</table><p/>
<small><i>(Hover the method name to see the test class name)</i></small><p/>
<table width='100%' border='1' class='invocation-failed'>
<tr><td colspan='4' align='center'><b>FAILED CONFIGURATIONS</b></td></tr>
<tr><td><b>Test method</b></td>
<td width="30%"><b>Exception</b></td>
<td width="10%"><b>Time (seconds)</b></td>
<td><b>Instance</b></td>
</tr>
<tr>
<td title='com.arcapi.Common.LoginAPITest.setBaseUri()'><b>setBaseUri</b><br>Test class: com.arcapi.Common.LoginAPITest</td>
<td><div><pre>org.testng.TestNGException: 
Parameter &apos;environment&apos; is required by @Configuration on method setBaseUri but has not been marked @Optional or defined
in D:\worksapceNew\TestArcAPI\src\main\resources\TestNGFiles\ScoreScenariosTestNG.xml
... Removed 22 stack frames</pre></div><a href='#' onClick='toggleBox("stack-trace1109258131", this, "Click to show all stack frames", "Click to hide stack frames")'>Click to show all stack frames</a>
<div class='stack-trace' id='stack-trace1109258131'><pre>org.testng.TestNGException: 
Parameter &apos;environment&apos; is required by @Configuration on method setBaseUri but has not been marked @Optional or defined
in D:\worksapceNew\TestArcAPI\src\main\resources\TestNGFiles\ScoreScenariosTestNG.xml
	at org.testng.internal.Parameters.createParameters(Parameters.java:154)
	at org.testng.internal.Parameters.createParameters(Parameters.java:361)
	at org.testng.internal.Parameters.createConfigurationParameters(Parameters.java:84)
	at org.testng.internal.Invoker.invokeConfigurations(Invoker.java:201)
	at org.testng.internal.Invoker.invokeConfigurations(Invoker.java:142)
	at org.testng.internal.TestMethodWorker.invokeBeforeClassMethods(TestMethodWorker.java:178)
	at org.testng.internal.TestMethodWorker.run(TestMethodWorker.java:108)
	at org.testng.TestRunner.privateRun(TestRunner.java:782)
	at org.testng.TestRunner.run(TestRunner.java:632)
	at org.testng.SuiteRunner.runTest(SuiteRunner.java:366)
	at org.testng.SuiteRunner.runSequentially(SuiteRunner.java:361)
	at org.testng.SuiteRunner.privateRun(SuiteRunner.java:319)
	at org.testng.SuiteRunner.run(SuiteRunner.java:268)
	at org.testng.SuiteRunnerWorker.runSuite(SuiteRunnerWorker.java:52)
	at org.testng.SuiteRunnerWorker.run(SuiteRunnerWorker.java:86)
	at org.testng.TestNG.runSuitesSequentially(TestNG.java:1244)
	at org.testng.TestNG.runSuitesSequentially(TestNG.java:1240)
	at org.testng.TestNG.runSuitesLocally(TestNG.java:1169)
	at org.testng.TestNG.run(TestNG.java:1064)
	at org.testng.remote.RemoteTestNG.run(RemoteTestNG.java:113)
	at org.testng.remote.RemoteTestNG.initAndRun(RemoteTestNG.java:206)
	at org.testng.remote.RemoteTestNG.main(RemoteTestNG.java:177)
</pre></div></td>
<td>0</td>
<td>com.arcapi.Common.LoginAPITest@10b48321</td></tr>
</table><p>
<table width='100%' border='1' class='invocation-skipped'>
<tr><td colspan='4' align='center'><b>SKIPPED CONFIGURATIONS</b></td></tr>
<tr><td><b>Test method</b></td>
<td width="30%"><b>Exception</b></td>
<td width="10%"><b>Time (seconds)</b></td>
<td><b>Instance</b></td>
</tr>
<tr>
<td title='com.arcapi.Common.CityCom.CreateNewProjectAPITest.getSuiteName()'><b>getSuiteName</b><br>Test class: com.arcapi.Common.CityCom.CreateNewProjectAPITest</td>
<td></td>
<td>0</td>
<td>com.arcapi.Common.CityCom.CreateNewProjectAPITest@6b67034</td></tr>
<tr>
<td title='com.arcapi.Common.CityCom.CreateNewProjectAPITest.setBaseUri()'><b>setBaseUri</b><br>Test class: com.arcapi.Common.CityCom.CreateNewProjectAPITest</td>
<td></td>
<td>0</td>
<td>com.arcapi.Common.CityCom.CreateNewProjectAPITest@6b67034</td></tr>
<tr>
<td title='com.arcapi.Common.SignAgreementRegistrationAPITest.getSuiteName()'><b>getSuiteName</b><br>Test class: com.arcapi.Common.SignAgreementRegistrationAPITest</td>
<td></td>
<td>0</td>
<td>com.arcapi.Common.SignAgreementRegistrationAPITest@16267862</td></tr>
<tr>
<td title='com.arcapi.Common.SignAgreementRegistrationAPITest.setBaseUri()'><b>setBaseUri</b><br>Test class: com.arcapi.Common.SignAgreementRegistrationAPITest</td>
<td></td>
<td>0</td>
<td>com.arcapi.Common.SignAgreementRegistrationAPITest@16267862</td></tr>
<tr>
<td title='com.arcapi.Common.RegistrationPaymentPricingGetAPITest.getSuiteName()'><b>getSuiteName</b><br>Test class: com.arcapi.Common.RegistrationPaymentPricingGetAPITest</td>
<td></td>
<td>0</td>
<td>com.arcapi.Common.RegistrationPaymentPricingGetAPITest@453da22c</td></tr>
<tr>
<td title='com.arcapi.Common.RegistrationPaymentPricingGetAPITest.setBaseUri()'><b>setBaseUri</b><br>Test class: com.arcapi.Common.RegistrationPaymentPricingGetAPITest</td>
<td></td>
<td>0</td>
<td>com.arcapi.Common.RegistrationPaymentPricingGetAPITest@453da22c</td></tr>
<tr>
<td title='com.arcapi.Common.PaymentOrderSubmitPOSTAPITest.getSuiteName()'><b>getSuiteName</b><br>Test class: com.arcapi.Common.PaymentOrderSubmitPOSTAPITest</td>
<td></td>
<td>0</td>
<td>com.arcapi.Common.PaymentOrderSubmitPOSTAPITest@71248c21</td></tr>
<tr>
<td title='com.arcapi.Common.PaymentOrderSubmitPOSTAPITest.setBaseUri()'><b>setBaseUri</b><br>Test class: com.arcapi.Common.PaymentOrderSubmitPOSTAPITest</td>
<td></td>
<td>0</td>
<td>com.arcapi.Common.PaymentOrderSubmitPOSTAPITest@71248c21</td></tr>
<tr>
<td title='com.arcapi.Common.AddAssestTimelinePOSTAPITest.getSuiteName()'><b>getSuiteName</b><br>Test class: com.arcapi.Common.AddAssestTimelinePOSTAPITest</td>
<td></td>
<td>0</td>
<td>com.arcapi.Common.AddAssestTimelinePOSTAPITest@442675e1</td></tr>
<tr>
<td title='com.arcapi.Common.AddAssestTimelinePOSTAPITest.setBaseUri()'><b>setBaseUri</b><br>Test class: com.arcapi.Common.AddAssestTimelinePOSTAPITest</td>
<td></td>
<td>0</td>
<td>com.arcapi.Common.AddAssestTimelinePOSTAPITest@442675e1</td></tr>
<tr>
<td title='com.arcapi.Common.CityCom.AssetUpdateAPITest.getSuiteName()'><b>getSuiteName</b><br>Test class: com.arcapi.Common.CityCom.AssetUpdateAPITest</td>
<td></td>
<td>0</td>
<td>com.arcapi.Common.CityCom.AssetUpdateAPITest@6166e06f</td></tr>
<tr>
<td title='com.arcapi.Common.CityCom.AssetUpdateAPITest.setBaseUri()'><b>setBaseUri</b><br>Test class: com.arcapi.Common.CityCom.AssetUpdateAPITest</td>
<td></td>
<td>0</td>
<td>com.arcapi.Common.CityCom.AssetUpdateAPITest@6166e06f</td></tr>
<tr>
<td title='com.arcapi.Common.CityCom.MeterCreateAPICityCommTest.getSuiteName()'><b>getSuiteName</b><br>Test class: com.arcapi.Common.CityCom.MeterCreateAPICityCommTest</td>
<td></td>
<td>0</td>
<td>com.arcapi.Common.CityCom.MeterCreateAPICityCommTest@49e202ad</td></tr>
<tr>
<td title='com.arcapi.Common.CityCom.MeterCreateAPICityCommTest.setBaseUri()'><b>setBaseUri</b><br>Test class: com.arcapi.Common.CityCom.MeterCreateAPICityCommTest</td>
<td></td>
<td>0</td>
<td>com.arcapi.Common.CityCom.MeterCreateAPICityCommTest@49e202ad</td></tr>
<tr>
<td title='com.arcapi.Common.CityCom.ConsumptionCreateAPITest.getSuiteName()'><b>getSuiteName</b><br>Test class: com.arcapi.Common.CityCom.ConsumptionCreateAPITest</td>
<td></td>
<td>0</td>
<td>com.arcapi.Common.CityCom.ConsumptionCreateAPITest@1c72da34</td></tr>
<tr>
<td title='com.arcapi.Common.CityCom.ConsumptionCreateAPITest.setBaseUri()'><b>setBaseUri</b><br>Test class: com.arcapi.Common.CityCom.ConsumptionCreateAPITest</td>
<td></td>
<td>0</td>
<td>com.arcapi.Common.CityCom.ConsumptionCreateAPITest@1c72da34</td></tr>
<tr>
<td title='com.arcapi.Scoretestcases.version3.CityAirQualityIndexGetTest.getSuiteName()'><b>getSuiteName</b><br>Test class: com.arcapi.Scoretestcases.version3.CityAirQualityIndexGetTest</td>
<td></td>
<td>0</td>
<td>com.arcapi.Scoretestcases.version3.CityAirQualityIndexGetTest@6b0c2d26</td></tr>
<tr>
<td title='com.arcapi.Scoretestcases.version3.CityAirQualityIndexGetTest.setBaseUri()'><b>setBaseUri</b><br>Test class: com.arcapi.Scoretestcases.version3.CityAirQualityIndexGetTest</td>
<td></td>
<td>0</td>
<td>com.arcapi.Scoretestcases.version3.CityAirQualityIndexGetTest@6b0c2d26</td></tr>
<tr>
<td title='com.arcapi.Scoretestcases.version3.CityBachelorDegreeGetTest.getSuiteName()'><b>getSuiteName</b><br>Test class: com.arcapi.Scoretestcases.version3.CityBachelorDegreeGetTest</td>
<td></td>
<td>0</td>
<td>com.arcapi.Scoretestcases.version3.CityBachelorDegreeGetTest@3d3fcdb0</td></tr>
<tr>
<td title='com.arcapi.Scoretestcases.version3.CityBachelorDegreeGetTest.setBaseUri()'><b>setBaseUri</b><br>Test class: com.arcapi.Scoretestcases.version3.CityBachelorDegreeGetTest</td>
<td></td>
<td>0</td>
<td>com.arcapi.Scoretestcases.version3.CityBachelorDegreeGetTest@3d3fcdb0</td></tr>
<tr>
<td title='com.arcapi.Scoretestcases.version3.CityGhgEmissionGetTest.getSuiteName()'><b>getSuiteName</b><br>Test class: com.arcapi.Scoretestcases.version3.CityGhgEmissionGetTest</td>
<td></td>
<td>0</td>
<td>com.arcapi.Scoretestcases.version3.CityGhgEmissionGetTest@641147d0</td></tr>
<tr>
<td title='com.arcapi.Scoretestcases.version3.CityGhgEmissionGetTest.setBaseUri()'><b>setBaseUri</b><br>Test class: com.arcapi.Scoretestcases.version3.CityGhgEmissionGetTest</td>
<td></td>
<td>0</td>
<td>com.arcapi.Scoretestcases.version3.CityGhgEmissionGetTest@641147d0</td></tr>
<tr>
<td title='com.arcapi.Scoretestcases.version3.CityGiniCoefficientGetTest.getSuiteName()'><b>getSuiteName</b><br>Test class: com.arcapi.Scoretestcases.version3.CityGiniCoefficientGetTest</td>
<td></td>
<td>0</td>
<td>com.arcapi.Scoretestcases.version3.CityGiniCoefficientGetTest@6e38921c</td></tr>
<tr>
<td title='com.arcapi.Scoretestcases.version3.CityGiniCoefficientGetTest.setBaseUri()'><b>setBaseUri</b><br>Test class: com.arcapi.Scoretestcases.version3.CityGiniCoefficientGetTest</td>
<td></td>
<td>0</td>
<td>com.arcapi.Scoretestcases.version3.CityGiniCoefficientGetTest@6e38921c</td></tr>
<tr>
<td title='com.arcapi.Scoretestcases.version3.CityHighSchoolGetTest.getSuiteName()'><b>getSuiteName</b><br>Test class: com.arcapi.Scoretestcases.version3.CityHighSchoolGetTest</td>
<td></td>
<td>0</td>
<td>com.arcapi.Scoretestcases.version3.CityHighSchoolGetTest@64d7f7e0</td></tr>
<tr>
<td title='com.arcapi.Scoretestcases.version3.CityHighSchoolGetTest.setBaseUri()'><b>setBaseUri</b><br>Test class: com.arcapi.Scoretestcases.version3.CityHighSchoolGetTest</td>
<td></td>
<td>0</td>
<td>com.arcapi.Scoretestcases.version3.CityHighSchoolGetTest@64d7f7e0</td></tr>
<tr>
<td title='com.arcapi.Scoretestcases.version3.CityMedianIncomeGetTest.getSuiteName()'><b>getSuiteName</b><br>Test class: com.arcapi.Scoretestcases.version3.CityMedianIncomeGetTest</td>
<td></td>
<td>0</td>
<td>com.arcapi.Scoretestcases.version3.CityMedianIncomeGetTest@27c6e487</td></tr>
<tr>
<td title='com.arcapi.Scoretestcases.version3.CityMedianIncomeGetTest.setBaseUri()'><b>setBaseUri</b><br>Test class: com.arcapi.Scoretestcases.version3.CityMedianIncomeGetTest</td>
<td></td>
<td>0</td>
<td>com.arcapi.Scoretestcases.version3.CityMedianIncomeGetTest@27c6e487</td></tr>
<tr>
<td title='com.arcapi.Scoretestcases.version3.CityRentIncomeGetTest.getSuiteName()'><b>getSuiteName</b><br>Test class: com.arcapi.Scoretestcases.version3.CityRentIncomeGetTest</td>
<td></td>
<td>0</td>
<td>com.arcapi.Scoretestcases.version3.CityRentIncomeGetTest@49070868</td></tr>
<tr>
<td title='com.arcapi.Scoretestcases.version3.CityRentIncomeGetTest.setBaseUri()'><b>setBaseUri</b><br>Test class: com.arcapi.Scoretestcases.version3.CityRentIncomeGetTest</td>
<td></td>
<td>0</td>
<td>com.arcapi.Scoretestcases.version3.CityRentIncomeGetTest@49070868</td></tr>
<tr>
<td title='com.arcapi.Scoretestcases.version3.CityUnemploymentGetTest.getSuiteName()'><b>getSuiteName</b><br>Test class: com.arcapi.Scoretestcases.version3.CityUnemploymentGetTest</td>
<td></td>
<td>0</td>
<td>com.arcapi.Scoretestcases.version3.CityUnemploymentGetTest@6385cb26</td></tr>
<tr>
<td title='com.arcapi.Scoretestcases.version3.CityUnemploymentGetTest.setBaseUri()'><b>setBaseUri</b><br>Test class: com.arcapi.Scoretestcases.version3.CityUnemploymentGetTest</td>
<td></td>
<td>0</td>
<td>com.arcapi.Scoretestcases.version3.CityUnemploymentGetTest@6385cb26</td></tr>
<tr>
<td title='com.arcapi.Scoretestcases.version3.CityUnhealthyDaysGetTest.getSuiteName()'><b>getSuiteName</b><br>Test class: com.arcapi.Scoretestcases.version3.CityUnhealthyDaysGetTest</td>
<td></td>
<td>0</td>
<td>com.arcapi.Scoretestcases.version3.CityUnhealthyDaysGetTest@38364841</td></tr>
<tr>
<td title='com.arcapi.Scoretestcases.version3.CityUnhealthyDaysGetTest.setBaseUri()'><b>setBaseUri</b><br>Test class: com.arcapi.Scoretestcases.version3.CityUnhealthyDaysGetTest</td>
<td></td>
<td>0</td>
<td>com.arcapi.Scoretestcases.version3.CityUnhealthyDaysGetTest@38364841</td></tr>
<tr>
<td title='com.arcapi.Scoretestcases.version3.CityVehiclesMilesGetTest.getSuiteName()'><b>getSuiteName</b><br>Test class: com.arcapi.Scoretestcases.version3.CityVehiclesMilesGetTest</td>
<td></td>
<td>0</td>
<td>com.arcapi.Scoretestcases.version3.CityVehiclesMilesGetTest@28c4711c</td></tr>
<tr>
<td title='com.arcapi.Scoretestcases.version3.CityVehiclesMilesGetTest.setBaseUri()'><b>setBaseUri</b><br>Test class: com.arcapi.Scoretestcases.version3.CityVehiclesMilesGetTest</td>
<td></td>
<td>0</td>
<td>com.arcapi.Scoretestcases.version3.CityVehiclesMilesGetTest@28c4711c</td></tr>
<tr>
<td title='com.arcapi.Scoretestcases.version3.CityViolentCrimeGetTest.getSuiteName()'><b>getSuiteName</b><br>Test class: com.arcapi.Scoretestcases.version3.CityViolentCrimeGetTest</td>
<td></td>
<td>0</td>
<td>com.arcapi.Scoretestcases.version3.CityViolentCrimeGetTest@59717824</td></tr>
<tr>
<td title='com.arcapi.Scoretestcases.version3.CityViolentCrimeGetTest.setBaseUri()'><b>setBaseUri</b><br>Test class: com.arcapi.Scoretestcases.version3.CityViolentCrimeGetTest</td>
<td></td>
<td>0</td>
<td>com.arcapi.Scoretestcases.version3.CityViolentCrimeGetTest@59717824</td></tr>
<tr>
<td title='com.arcapi.Scoretestcases.version3.CityWasteDivertedGetTest.getSuiteName()'><b>getSuiteName</b><br>Test class: com.arcapi.Scoretestcases.version3.CityWasteDivertedGetTest</td>
<td></td>
<td>0</td>
<td>com.arcapi.Scoretestcases.version3.CityWasteDivertedGetTest@146044d7</td></tr>
<tr>
<td title='com.arcapi.Scoretestcases.version3.CityWasteDivertedGetTest.setBaseUri()'><b>setBaseUri</b><br>Test class: com.arcapi.Scoretestcases.version3.CityWasteDivertedGetTest</td>
<td></td>
<td>0</td>
<td>com.arcapi.Scoretestcases.version3.CityWasteDivertedGetTest@146044d7</td></tr>
<tr>
<td title='com.arcapi.Scoretestcases.version3.CityWasteGeneratedGetTest.getSuiteName()'><b>getSuiteName</b><br>Test class: com.arcapi.Scoretestcases.version3.CityWasteGeneratedGetTest</td>
<td></td>
<td>0</td>
<td>com.arcapi.Scoretestcases.version3.CityWasteGeneratedGetTest@1e9e725a</td></tr>
<tr>
<td title='com.arcapi.Scoretestcases.version3.CityWasteGeneratedGetTest.setBaseUri()'><b>setBaseUri</b><br>Test class: com.arcapi.Scoretestcases.version3.CityWasteGeneratedGetTest</td>
<td></td>
<td>0</td>
<td>com.arcapi.Scoretestcases.version3.CityWasteGeneratedGetTest@1e9e725a</td></tr>
<tr>
<td title='com.arcapi.Scoretestcases.version3.CityWaterGetTest.getSuiteName()'><b>getSuiteName</b><br>Test class: com.arcapi.Scoretestcases.version3.CityWaterGetTest</td>
<td></td>
<td>0</td>
<td>com.arcapi.Scoretestcases.version3.CityWaterGetTest@15d9bc04</td></tr>
<tr>
<td title='com.arcapi.Scoretestcases.version3.CityWaterGetTest.setBaseUri()'><b>setBaseUri</b><br>Test class: com.arcapi.Scoretestcases.version3.CityWaterGetTest</td>
<td></td>
<td>0</td>
<td>com.arcapi.Scoretestcases.version3.CityWaterGetTest@15d9bc04</td></tr>
<tr>
<td title='com.arcapi.Scoretestcases.version3.SatisfactionGetTest.getSuiteName()'><b>getSuiteName</b><br>Test class: com.arcapi.Scoretestcases.version3.SatisfactionGetTest</td>
<td></td>
<td>0</td>
<td>com.arcapi.Scoretestcases.version3.SatisfactionGetTest@473b46c3</td></tr>
<tr>
<td title='com.arcapi.Scoretestcases.version3.SatisfactionGetTest.setBaseUri()'><b>setBaseUri</b><br>Test class: com.arcapi.Scoretestcases.version3.SatisfactionGetTest</td>
<td></td>
<td>0</td>
<td>com.arcapi.Scoretestcases.version3.SatisfactionGetTest@473b46c3</td></tr>
<tr>
<td title='com.arcapi.Scoretestcases.version3.SourceEnergyGetTest.getSuiteName()'><b>getSuiteName</b><br>Test class: com.arcapi.Scoretestcases.version3.SourceEnergyGetTest</td>
<td></td>
<td>0</td>
<td>com.arcapi.Scoretestcases.version3.SourceEnergyGetTest@516be40f</td></tr>
<tr>
<td title='com.arcapi.Scoretestcases.version3.SourceEnergyGetTest.setBaseUri()'><b>setBaseUri</b><br>Test class: com.arcapi.Scoretestcases.version3.SourceEnergyGetTest</td>
<td></td>
<td>0</td>
<td>com.arcapi.Scoretestcases.version3.SourceEnergyGetTest@516be40f</td></tr>
<tr>
<td title='com.arcapi.Scoretestcases.version3.TransitGetTest.getSuiteName()'><b>getSuiteName</b><br>Test class: com.arcapi.Scoretestcases.version3.TransitGetTest</td>
<td></td>
<td>0</td>
<td>com.arcapi.Scoretestcases.version3.TransitGetTest@3c0a50da</td></tr>
<tr>
<td title='com.arcapi.Scoretestcases.version3.TransitGetTest.setBaseUri()'><b>setBaseUri</b><br>Test class: com.arcapi.Scoretestcases.version3.TransitGetTest</td>
<td></td>
<td>0</td>
<td>com.arcapi.Scoretestcases.version3.TransitGetTest@3c0a50da</td></tr>
<tr>
<td title='com.arcapi.Common.LoginAPITest.ExtentReportConfig()'><b>ExtentReportConfig</b><br>Test class: com.arcapi.Common.LoginAPITest</td>
<td></td>
<td>0</td>
<td>com.arcapi.Common.LoginAPITest@10b48321</td></tr>
<tr>
<td title='com.arcapi.Common.LoginAPITest.start()'><b>start</b><br>Test class: com.arcapi.Common.LoginAPITest</td>
<td></td>
<td>0</td>
<td>com.arcapi.Common.LoginAPITest@10b48321</td></tr>
<tr>
<td title='com.arcapi.Common.LoginAPITest.teardown()'><b>teardown</b><br>Test class: com.arcapi.Common.LoginAPITest</td>
<td></td>
<td>0</td>
<td>com.arcapi.Common.LoginAPITest@10b48321</td></tr>
<tr>
<td title='com.arcapi.Common.LoginAPITest.end()'><b>end</b><br>Test class: com.arcapi.Common.LoginAPITest</td>
<td></td>
<td>0</td>
<td>com.arcapi.Common.LoginAPITest@10b48321</td></tr>
<tr>
<td title='com.arcapi.Common.CityCom.CreateNewProjectAPITest.end()'><b>end</b><br>Test class: com.arcapi.Common.CityCom.CreateNewProjectAPITest</td>
<td></td>
<td>0</td>
<td>com.arcapi.Common.CityCom.CreateNewProjectAPITest@6b67034</td></tr>
<tr>
<td title='com.arcapi.Common.SignAgreementRegistrationAPITest.end()'><b>end</b><br>Test class: com.arcapi.Common.SignAgreementRegistrationAPITest</td>
<td></td>
<td>0</td>
<td>com.arcapi.Common.SignAgreementRegistrationAPITest@16267862</td></tr>
<tr>
<td title='com.arcapi.Common.RegistrationPaymentPricingGetAPITest.end()'><b>end</b><br>Test class: com.arcapi.Common.RegistrationPaymentPricingGetAPITest</td>
<td></td>
<td>0</td>
<td>com.arcapi.Common.RegistrationPaymentPricingGetAPITest@453da22c</td></tr>
<tr>
<td title='com.arcapi.Common.PaymentOrderSubmitPOSTAPITest.end()'><b>end</b><br>Test class: com.arcapi.Common.PaymentOrderSubmitPOSTAPITest</td>
<td></td>
<td>0</td>
<td>com.arcapi.Common.PaymentOrderSubmitPOSTAPITest@71248c21</td></tr>
<tr>
<td title='com.arcapi.Common.AddAssestTimelinePOSTAPITest.end()'><b>end</b><br>Test class: com.arcapi.Common.AddAssestTimelinePOSTAPITest</td>
<td></td>
<td>0</td>
<td>com.arcapi.Common.AddAssestTimelinePOSTAPITest@442675e1</td></tr>
<tr>
<td title='com.arcapi.Common.CityCom.AssetUpdateAPITest.end()'><b>end</b><br>Test class: com.arcapi.Common.CityCom.AssetUpdateAPITest</td>
<td></td>
<td>0</td>
<td>com.arcapi.Common.CityCom.AssetUpdateAPITest@6166e06f</td></tr>
<tr>
<td title='com.arcapi.Common.CityCom.MeterCreateAPICityCommTest.end()'><b>end</b><br>Test class: com.arcapi.Common.CityCom.MeterCreateAPICityCommTest</td>
<td></td>
<td>0</td>
<td>com.arcapi.Common.CityCom.MeterCreateAPICityCommTest@49e202ad</td></tr>
<tr>
<td title='com.arcapi.Common.CityCom.ConsumptionCreateAPITest.end()'><b>end</b><br>Test class: com.arcapi.Common.CityCom.ConsumptionCreateAPITest</td>
<td></td>
<td>0</td>
<td>com.arcapi.Common.CityCom.ConsumptionCreateAPITest@1c72da34</td></tr>
<tr>
<td title='com.arcapi.Scoretestcases.version3.CityAirQualityIndexGetTest.end()'><b>end</b><br>Test class: com.arcapi.Scoretestcases.version3.CityAirQualityIndexGetTest</td>
<td></td>
<td>0</td>
<td>com.arcapi.Scoretestcases.version3.CityAirQualityIndexGetTest@6b0c2d26</td></tr>
<tr>
<td title='com.arcapi.Scoretestcases.version3.CityBachelorDegreeGetTest.end()'><b>end</b><br>Test class: com.arcapi.Scoretestcases.version3.CityBachelorDegreeGetTest</td>
<td></td>
<td>0</td>
<td>com.arcapi.Scoretestcases.version3.CityBachelorDegreeGetTest@3d3fcdb0</td></tr>
<tr>
<td title='com.arcapi.Scoretestcases.version3.CityGhgEmissionGetTest.end()'><b>end</b><br>Test class: com.arcapi.Scoretestcases.version3.CityGhgEmissionGetTest</td>
<td></td>
<td>0</td>
<td>com.arcapi.Scoretestcases.version3.CityGhgEmissionGetTest@641147d0</td></tr>
<tr>
<td title='com.arcapi.Scoretestcases.version3.CityGiniCoefficientGetTest.end()'><b>end</b><br>Test class: com.arcapi.Scoretestcases.version3.CityGiniCoefficientGetTest</td>
<td></td>
<td>0</td>
<td>com.arcapi.Scoretestcases.version3.CityGiniCoefficientGetTest@6e38921c</td></tr>
<tr>
<td title='com.arcapi.Scoretestcases.version3.CityHighSchoolGetTest.end()'><b>end</b><br>Test class: com.arcapi.Scoretestcases.version3.CityHighSchoolGetTest</td>
<td></td>
<td>0</td>
<td>com.arcapi.Scoretestcases.version3.CityHighSchoolGetTest@64d7f7e0</td></tr>
<tr>
<td title='com.arcapi.Scoretestcases.version3.CityMedianIncomeGetTest.end()'><b>end</b><br>Test class: com.arcapi.Scoretestcases.version3.CityMedianIncomeGetTest</td>
<td></td>
<td>0</td>
<td>com.arcapi.Scoretestcases.version3.CityMedianIncomeGetTest@27c6e487</td></tr>
<tr>
<td title='com.arcapi.Scoretestcases.version3.CityRentIncomeGetTest.end()'><b>end</b><br>Test class: com.arcapi.Scoretestcases.version3.CityRentIncomeGetTest</td>
<td></td>
<td>0</td>
<td>com.arcapi.Scoretestcases.version3.CityRentIncomeGetTest@49070868</td></tr>
<tr>
<td title='com.arcapi.Scoretestcases.version3.CityUnemploymentGetTest.end()'><b>end</b><br>Test class: com.arcapi.Scoretestcases.version3.CityUnemploymentGetTest</td>
<td></td>
<td>0</td>
<td>com.arcapi.Scoretestcases.version3.CityUnemploymentGetTest@6385cb26</td></tr>
<tr>
<td title='com.arcapi.Scoretestcases.version3.CityUnhealthyDaysGetTest.end()'><b>end</b><br>Test class: com.arcapi.Scoretestcases.version3.CityUnhealthyDaysGetTest</td>
<td></td>
<td>0</td>
<td>com.arcapi.Scoretestcases.version3.CityUnhealthyDaysGetTest@38364841</td></tr>
<tr>
<td title='com.arcapi.Scoretestcases.version3.CityVehiclesMilesGetTest.end()'><b>end</b><br>Test class: com.arcapi.Scoretestcases.version3.CityVehiclesMilesGetTest</td>
<td></td>
<td>0</td>
<td>com.arcapi.Scoretestcases.version3.CityVehiclesMilesGetTest@28c4711c</td></tr>
<tr>
<td title='com.arcapi.Scoretestcases.version3.CityViolentCrimeGetTest.end()'><b>end</b><br>Test class: com.arcapi.Scoretestcases.version3.CityViolentCrimeGetTest</td>
<td></td>
<td>0</td>
<td>com.arcapi.Scoretestcases.version3.CityViolentCrimeGetTest@59717824</td></tr>
<tr>
<td title='com.arcapi.Scoretestcases.version3.CityWasteDivertedGetTest.end()'><b>end</b><br>Test class: com.arcapi.Scoretestcases.version3.CityWasteDivertedGetTest</td>
<td></td>
<td>0</td>
<td>com.arcapi.Scoretestcases.version3.CityWasteDivertedGetTest@146044d7</td></tr>
<tr>
<td title='com.arcapi.Scoretestcases.version3.CityWasteGeneratedGetTest.end()'><b>end</b><br>Test class: com.arcapi.Scoretestcases.version3.CityWasteGeneratedGetTest</td>
<td></td>
<td>0</td>
<td>com.arcapi.Scoretestcases.version3.CityWasteGeneratedGetTest@1e9e725a</td></tr>
<tr>
<td title='com.arcapi.Scoretestcases.version3.CityWaterGetTest.end()'><b>end</b><br>Test class: com.arcapi.Scoretestcases.version3.CityWaterGetTest</td>
<td></td>
<td>0</td>
<td>com.arcapi.Scoretestcases.version3.CityWaterGetTest@15d9bc04</td></tr>
<tr>
<td title='com.arcapi.Scoretestcases.version3.SatisfactionGetTest.end()'><b>end</b><br>Test class: com.arcapi.Scoretestcases.version3.SatisfactionGetTest</td>
<td></td>
<td>0</td>
<td>com.arcapi.Scoretestcases.version3.SatisfactionGetTest@473b46c3</td></tr>
<tr>
<td title='com.arcapi.Scoretestcases.version3.SourceEnergyGetTest.end()'><b>end</b><br>Test class: com.arcapi.Scoretestcases.version3.SourceEnergyGetTest</td>
<td></td>
<td>0</td>
<td>com.arcapi.Scoretestcases.version3.SourceEnergyGetTest@516be40f</td></tr>
<tr>
<td title='com.arcapi.Scoretestcases.version3.TransitGetTest.end()'><b>end</b><br>Test class: com.arcapi.Scoretestcases.version3.TransitGetTest</td>
<td></td>
<td>0</td>
<td>com.arcapi.Scoretestcases.version3.TransitGetTest@3c0a50da</td></tr>
</table><p>
<table width='100%' border='1' class='invocation-skipped'>
<tr><td colspan='4' align='center'><b>SKIPPED TESTS</b></td></tr>
<tr><td><b>Test method</b></td>
<td width="30%"><b>Exception</b></td>
<td width="10%"><b>Time (seconds)</b></td>
<td><b>Instance</b></td>
</tr>
<tr>
<td title='com.arcapi.Common.AddAssestTimelinePOSTAPITest.AddAssestTimeline()'><b>AddAssestTimeline</b><br>Test class: com.arcapi.Common.AddAssestTimelinePOSTAPITest</td>
<td><div><pre>org.testng.TestNGException: 
Parameter &apos;SheetName&apos; is required by @Test on method AddAssestTimeline but has not been marked @Optional or defined
in D:\worksapceNew\TestArcAPI\src\main\resources\TestNGFiles\ScoreScenariosTestNG.xml
... Removed 23 stack frames</pre></div><a href='#' onClick='toggleBox("stack-trace1494158416", this, "Click to show all stack frames", "Click to hide stack frames")'>Click to show all stack frames</a>
<div class='stack-trace' id='stack-trace1494158416'><pre>org.testng.TestNGException: 
Parameter &apos;SheetName&apos; is required by @Test on method AddAssestTimeline but has not been marked @Optional or defined
in D:\worksapceNew\TestArcAPI\src\main\resources\TestNGFiles\ScoreScenariosTestNG.xml
	at org.testng.internal.Parameters.createParameters(Parameters.java:154)
	at org.testng.internal.Parameters.createParameters(Parameters.java:361)
	at org.testng.internal.Parameters.handleParameters(Parameters.java:451)
	at org.testng.internal.Invoker.handleParameters(Invoker.java:1274)
	at org.testng.internal.Invoker.createParameters(Invoker.java:989)
	at org.testng.internal.Invoker.invokeTestMethods(Invoker.java:1079)
	at org.testng.internal.TestMethodWorker.invokeTestMethods(TestMethodWorker.java:129)
	at org.testng.internal.TestMethodWorker.run(TestMethodWorker.java:112)
	at org.testng.TestRunner.privateRun(TestRunner.java:782)
	at org.testng.TestRunner.run(TestRunner.java:632)
	at org.testng.SuiteRunner.runTest(SuiteRunner.java:366)
	at org.testng.SuiteRunner.runSequentially(SuiteRunner.java:361)
	at org.testng.SuiteRunner.privateRun(SuiteRunner.java:319)
	at org.testng.SuiteRunner.run(SuiteRunner.java:268)
	at org.testng.SuiteRunnerWorker.runSuite(SuiteRunnerWorker.java:52)
	at org.testng.SuiteRunnerWorker.run(SuiteRunnerWorker.java:86)
	at org.testng.TestNG.runSuitesSequentially(TestNG.java:1244)
	at org.testng.TestNG.runSuitesSequentially(TestNG.java:1240)
	at org.testng.TestNG.runSuitesLocally(TestNG.java:1169)
	at org.testng.TestNG.run(TestNG.java:1064)
	at org.testng.remote.RemoteTestNG.run(RemoteTestNG.java:113)
	at org.testng.remote.RemoteTestNG.initAndRun(RemoteTestNG.java:206)
	at org.testng.remote.RemoteTestNG.main(RemoteTestNG.java:177)
</pre></div></td>
<td>0</td>
<td>com.arcapi.Common.AddAssestTimelinePOSTAPITest@442675e1</td></tr>
<tr>
<td title='com.arcapi.Common.CityCom.AssetUpdateAPITest.AssetUpdateforNewAssetPUTAPI()'><b>AssetUpdateforNewAssetPUTAPI</b><br>Test class: com.arcapi.Common.CityCom.AssetUpdateAPITest</td>
<td><div><pre>org.testng.TestNGException: 
Parameter &apos;SheetName&apos; is required by @Test on method AssetUpdateforNewAssetPUTAPI but has not been marked @Optional or defined
in D:\worksapceNew\TestArcAPI\src\main\resources\TestNGFiles\ScoreScenariosTestNG.xml
... Removed 23 stack frames</pre></div><a href='#' onClick='toggleBox("stack-trace802573073", this, "Click to show all stack frames", "Click to hide stack frames")'>Click to show all stack frames</a>
<div class='stack-trace' id='stack-trace802573073'><pre>org.testng.TestNGException: 
Parameter &apos;SheetName&apos; is required by @Test on method AssetUpdateforNewAssetPUTAPI but has not been marked @Optional or defined
in D:\worksapceNew\TestArcAPI\src\main\resources\TestNGFiles\ScoreScenariosTestNG.xml
	at org.testng.internal.Parameters.createParameters(Parameters.java:154)
	at org.testng.internal.Parameters.createParameters(Parameters.java:361)
	at org.testng.internal.Parameters.handleParameters(Parameters.java:451)
	at org.testng.internal.Invoker.handleParameters(Invoker.java:1274)
	at org.testng.internal.Invoker.createParameters(Invoker.java:989)
	at org.testng.internal.Invoker.invokeTestMethods(Invoker.java:1079)
	at org.testng.internal.TestMethodWorker.invokeTestMethods(TestMethodWorker.java:129)
	at org.testng.internal.TestMethodWorker.run(TestMethodWorker.java:112)
	at org.testng.TestRunner.privateRun(TestRunner.java:782)
	at org.testng.TestRunner.run(TestRunner.java:632)
	at org.testng.SuiteRunner.runTest(SuiteRunner.java:366)
	at org.testng.SuiteRunner.runSequentially(SuiteRunner.java:361)
	at org.testng.SuiteRunner.privateRun(SuiteRunner.java:319)
	at org.testng.SuiteRunner.run(SuiteRunner.java:268)
	at org.testng.SuiteRunnerWorker.runSuite(SuiteRunnerWorker.java:52)
	at org.testng.SuiteRunnerWorker.run(SuiteRunnerWorker.java:86)
	at org.testng.TestNG.runSuitesSequentially(TestNG.java:1244)
	at org.testng.TestNG.runSuitesSequentially(TestNG.java:1240)
	at org.testng.TestNG.runSuitesLocally(TestNG.java:1169)
	at org.testng.TestNG.run(TestNG.java:1064)
	at org.testng.remote.RemoteTestNG.run(RemoteTestNG.java:113)
	at org.testng.remote.RemoteTestNG.initAndRun(RemoteTestNG.java:206)
	at org.testng.remote.RemoteTestNG.main(RemoteTestNG.java:177)
</pre></div></td>
<td>0</td>
<td>com.arcapi.Common.CityCom.AssetUpdateAPITest@6166e06f</td></tr>
<tr>
<td title='com.arcapi.Scoretestcases.version3.CityAirQualityIndexGetTest.CityAirQualityIndexGet()'><b>CityAirQualityIndexGet</b><br>Test class: com.arcapi.Scoretestcases.version3.CityAirQualityIndexGetTest</td>
<td><div><pre>org.testng.TestNGException: 
Parameter &apos;SheetName&apos; is required by @Test on method CityAirQualityIndexGet but has not been marked @Optional or defined
in D:\worksapceNew\TestArcAPI\src\main\resources\TestNGFiles\ScoreScenariosTestNG.xml
... Removed 23 stack frames</pre></div><a href='#' onClick='toggleBox("stack-trace223566397", this, "Click to show all stack frames", "Click to hide stack frames")'>Click to show all stack frames</a>
<div class='stack-trace' id='stack-trace223566397'><pre>org.testng.TestNGException: 
Parameter &apos;SheetName&apos; is required by @Test on method CityAirQualityIndexGet but has not been marked @Optional or defined
in D:\worksapceNew\TestArcAPI\src\main\resources\TestNGFiles\ScoreScenariosTestNG.xml
	at org.testng.internal.Parameters.createParameters(Parameters.java:154)
	at org.testng.internal.Parameters.createParameters(Parameters.java:361)
	at org.testng.internal.Parameters.handleParameters(Parameters.java:451)
	at org.testng.internal.Invoker.handleParameters(Invoker.java:1274)
	at org.testng.internal.Invoker.createParameters(Invoker.java:989)
	at org.testng.internal.Invoker.invokeTestMethods(Invoker.java:1079)
	at org.testng.internal.TestMethodWorker.invokeTestMethods(TestMethodWorker.java:129)
	at org.testng.internal.TestMethodWorker.run(TestMethodWorker.java:112)
	at org.testng.TestRunner.privateRun(TestRunner.java:782)
	at org.testng.TestRunner.run(TestRunner.java:632)
	at org.testng.SuiteRunner.runTest(SuiteRunner.java:366)
	at org.testng.SuiteRunner.runSequentially(SuiteRunner.java:361)
	at org.testng.SuiteRunner.privateRun(SuiteRunner.java:319)
	at org.testng.SuiteRunner.run(SuiteRunner.java:268)
	at org.testng.SuiteRunnerWorker.runSuite(SuiteRunnerWorker.java:52)
	at org.testng.SuiteRunnerWorker.run(SuiteRunnerWorker.java:86)
	at org.testng.TestNG.runSuitesSequentially(TestNG.java:1244)
	at org.testng.TestNG.runSuitesSequentially(TestNG.java:1240)
	at org.testng.TestNG.runSuitesLocally(TestNG.java:1169)
	at org.testng.TestNG.run(TestNG.java:1064)
	at org.testng.remote.RemoteTestNG.run(RemoteTestNG.java:113)
	at org.testng.remote.RemoteTestNG.initAndRun(RemoteTestNG.java:206)
	at org.testng.remote.RemoteTestNG.main(RemoteTestNG.java:177)
</pre></div></td>
<td>0</td>
<td>com.arcapi.Scoretestcases.version3.CityAirQualityIndexGetTest@6b0c2d26</td></tr>
<tr>
<td title='com.arcapi.Scoretestcases.version3.CityBachelorDegreeGetTest.CityBachelorDegreeGet()'><b>CityBachelorDegreeGet</b><br>Test class: com.arcapi.Scoretestcases.version3.CityBachelorDegreeGetTest</td>
<td><div><pre>org.testng.TestNGException: 
Parameter &apos;SheetName&apos; is required by @Test on method CityBachelorDegreeGet but has not been marked @Optional or defined
in D:\worksapceNew\TestArcAPI\src\main\resources\TestNGFiles\ScoreScenariosTestNG.xml
... Removed 23 stack frames</pre></div><a href='#' onClick='toggleBox("stack-trace220558713", this, "Click to show all stack frames", "Click to hide stack frames")'>Click to show all stack frames</a>
<div class='stack-trace' id='stack-trace220558713'><pre>org.testng.TestNGException: 
Parameter &apos;SheetName&apos; is required by @Test on method CityBachelorDegreeGet but has not been marked @Optional or defined
in D:\worksapceNew\TestArcAPI\src\main\resources\TestNGFiles\ScoreScenariosTestNG.xml
	at org.testng.internal.Parameters.createParameters(Parameters.java:154)
	at org.testng.internal.Parameters.createParameters(Parameters.java:361)
	at org.testng.internal.Parameters.handleParameters(Parameters.java:451)
	at org.testng.internal.Invoker.handleParameters(Invoker.java:1274)
	at org.testng.internal.Invoker.createParameters(Invoker.java:989)
	at org.testng.internal.Invoker.invokeTestMethods(Invoker.java:1079)
	at org.testng.internal.TestMethodWorker.invokeTestMethods(TestMethodWorker.java:129)
	at org.testng.internal.TestMethodWorker.run(TestMethodWorker.java:112)
	at org.testng.TestRunner.privateRun(TestRunner.java:782)
	at org.testng.TestRunner.run(TestRunner.java:632)
	at org.testng.SuiteRunner.runTest(SuiteRunner.java:366)
	at org.testng.SuiteRunner.runSequentially(SuiteRunner.java:361)
	at org.testng.SuiteRunner.privateRun(SuiteRunner.java:319)
	at org.testng.SuiteRunner.run(SuiteRunner.java:268)
	at org.testng.SuiteRunnerWorker.runSuite(SuiteRunnerWorker.java:52)
	at org.testng.SuiteRunnerWorker.run(SuiteRunnerWorker.java:86)
	at org.testng.TestNG.runSuitesSequentially(TestNG.java:1244)
	at org.testng.TestNG.runSuitesSequentially(TestNG.java:1240)
	at org.testng.TestNG.runSuitesLocally(TestNG.java:1169)
	at org.testng.TestNG.run(TestNG.java:1064)
	at org.testng.remote.RemoteTestNG.run(RemoteTestNG.java:113)
	at org.testng.remote.RemoteTestNG.initAndRun(RemoteTestNG.java:206)
	at org.testng.remote.RemoteTestNG.main(RemoteTestNG.java:177)
</pre></div></td>
<td>0</td>
<td>com.arcapi.Scoretestcases.version3.CityBachelorDegreeGetTest@3d3fcdb0</td></tr>
<tr>
<td title='com.arcapi.Scoretestcases.version3.CityGhgEmissionGetTest.CityGhgEmissionGet()'><b>CityGhgEmissionGet</b><br>Test class: com.arcapi.Scoretestcases.version3.CityGhgEmissionGetTest</td>
<td><div><pre>org.testng.TestNGException: 
Parameter &apos;SheetName&apos; is required by @Test on method CityGhgEmissionGet but has not been marked @Optional or defined
in D:\worksapceNew\TestArcAPI\src\main\resources\TestNGFiles\ScoreScenariosTestNG.xml
... Removed 23 stack frames</pre></div><a href='#' onClick='toggleBox("stack-trace766681183", this, "Click to show all stack frames", "Click to hide stack frames")'>Click to show all stack frames</a>
<div class='stack-trace' id='stack-trace766681183'><pre>org.testng.TestNGException: 
Parameter &apos;SheetName&apos; is required by @Test on method CityGhgEmissionGet but has not been marked @Optional or defined
in D:\worksapceNew\TestArcAPI\src\main\resources\TestNGFiles\ScoreScenariosTestNG.xml
	at org.testng.internal.Parameters.createParameters(Parameters.java:154)
	at org.testng.internal.Parameters.createParameters(Parameters.java:361)
	at org.testng.internal.Parameters.handleParameters(Parameters.java:451)
	at org.testng.internal.Invoker.handleParameters(Invoker.java:1274)
	at org.testng.internal.Invoker.createParameters(Invoker.java:989)
	at org.testng.internal.Invoker.invokeTestMethods(Invoker.java:1079)
	at org.testng.internal.TestMethodWorker.invokeTestMethods(TestMethodWorker.java:129)
	at org.testng.internal.TestMethodWorker.run(TestMethodWorker.java:112)
	at org.testng.TestRunner.privateRun(TestRunner.java:782)
	at org.testng.TestRunner.run(TestRunner.java:632)
	at org.testng.SuiteRunner.runTest(SuiteRunner.java:366)
	at org.testng.SuiteRunner.runSequentially(SuiteRunner.java:361)
	at org.testng.SuiteRunner.privateRun(SuiteRunner.java:319)
	at org.testng.SuiteRunner.run(SuiteRunner.java:268)
	at org.testng.SuiteRunnerWorker.runSuite(SuiteRunnerWorker.java:52)
	at org.testng.SuiteRunnerWorker.run(SuiteRunnerWorker.java:86)
	at org.testng.TestNG.runSuitesSequentially(TestNG.java:1244)
	at org.testng.TestNG.runSuitesSequentially(TestNG.java:1240)
	at org.testng.TestNG.runSuitesLocally(TestNG.java:1169)
	at org.testng.TestNG.run(TestNG.java:1064)
	at org.testng.remote.RemoteTestNG.run(RemoteTestNG.java:113)
	at org.testng.remote.RemoteTestNG.initAndRun(RemoteTestNG.java:206)
	at org.testng.remote.RemoteTestNG.main(RemoteTestNG.java:177)
</pre></div></td>
<td>0</td>
<td>com.arcapi.Scoretestcases.version3.CityGhgEmissionGetTest@641147d0</td></tr>
<tr>
<td title='com.arcapi.Scoretestcases.version3.CityGiniCoefficientGetTest.CityGiniCoefficientGet()'><b>CityGiniCoefficientGet</b><br>Test class: com.arcapi.Scoretestcases.version3.CityGiniCoefficientGetTest</td>
<td><div><pre>org.testng.TestNGException: 
Parameter &apos;SheetName&apos; is required by @Test on method CityGiniCoefficientGet but has not been marked @Optional or defined
in D:\worksapceNew\TestArcAPI\src\main\resources\TestNGFiles\ScoreScenariosTestNG.xml
... Removed 23 stack frames</pre></div><a href='#' onClick='toggleBox("stack-trace1112560756", this, "Click to show all stack frames", "Click to hide stack frames")'>Click to show all stack frames</a>
<div class='stack-trace' id='stack-trace1112560756'><pre>org.testng.TestNGException: 
Parameter &apos;SheetName&apos; is required by @Test on method CityGiniCoefficientGet but has not been marked @Optional or defined
in D:\worksapceNew\TestArcAPI\src\main\resources\TestNGFiles\ScoreScenariosTestNG.xml
	at org.testng.internal.Parameters.createParameters(Parameters.java:154)
	at org.testng.internal.Parameters.createParameters(Parameters.java:361)
	at org.testng.internal.Parameters.handleParameters(Parameters.java:451)
	at org.testng.internal.Invoker.handleParameters(Invoker.java:1274)
	at org.testng.internal.Invoker.createParameters(Invoker.java:989)
	at org.testng.internal.Invoker.invokeTestMethods(Invoker.java:1079)
	at org.testng.internal.TestMethodWorker.invokeTestMethods(TestMethodWorker.java:129)
	at org.testng.internal.TestMethodWorker.run(TestMethodWorker.java:112)
	at org.testng.TestRunner.privateRun(TestRunner.java:782)
	at org.testng.TestRunner.run(TestRunner.java:632)
	at org.testng.SuiteRunner.runTest(SuiteRunner.java:366)
	at org.testng.SuiteRunner.runSequentially(SuiteRunner.java:361)
	at org.testng.SuiteRunner.privateRun(SuiteRunner.java:319)
	at org.testng.SuiteRunner.run(SuiteRunner.java:268)
	at org.testng.SuiteRunnerWorker.runSuite(SuiteRunnerWorker.java:52)
	at org.testng.SuiteRunnerWorker.run(SuiteRunnerWorker.java:86)
	at org.testng.TestNG.runSuitesSequentially(TestNG.java:1244)
	at org.testng.TestNG.runSuitesSequentially(TestNG.java:1240)
	at org.testng.TestNG.runSuitesLocally(TestNG.java:1169)
	at org.testng.TestNG.run(TestNG.java:1064)
	at org.testng.remote.RemoteTestNG.run(RemoteTestNG.java:113)
	at org.testng.remote.RemoteTestNG.initAndRun(RemoteTestNG.java:206)
	at org.testng.remote.RemoteTestNG.main(RemoteTestNG.java:177)
</pre></div></td>
<td>0</td>
<td>com.arcapi.Scoretestcases.version3.CityGiniCoefficientGetTest@6e38921c</td></tr>
<tr>
<td title='com.arcapi.Scoretestcases.version3.CityHighSchoolGetTest.CityHighSchoolGet()'><b>CityHighSchoolGet</b><br>Test class: com.arcapi.Scoretestcases.version3.CityHighSchoolGetTest</td>
<td><div><pre>org.testng.TestNGException: 
Parameter &apos;SheetName&apos; is required by @Test on method CityHighSchoolGet but has not been marked @Optional or defined
in D:\worksapceNew\TestArcAPI\src\main\resources\TestNGFiles\ScoreScenariosTestNG.xml
... Removed 23 stack frames</pre></div><a href='#' onClick='toggleBox("stack-trace1974918491", this, "Click to show all stack frames", "Click to hide stack frames")'>Click to show all stack frames</a>
<div class='stack-trace' id='stack-trace1974918491'><pre>org.testng.TestNGException: 
Parameter &apos;SheetName&apos; is required by @Test on method CityHighSchoolGet but has not been marked @Optional or defined
in D:\worksapceNew\TestArcAPI\src\main\resources\TestNGFiles\ScoreScenariosTestNG.xml
	at org.testng.internal.Parameters.createParameters(Parameters.java:154)
	at org.testng.internal.Parameters.createParameters(Parameters.java:361)
	at org.testng.internal.Parameters.handleParameters(Parameters.java:451)
	at org.testng.internal.Invoker.handleParameters(Invoker.java:1274)
	at org.testng.internal.Invoker.createParameters(Invoker.java:989)
	at org.testng.internal.Invoker.invokeTestMethods(Invoker.java:1079)
	at org.testng.internal.TestMethodWorker.invokeTestMethods(TestMethodWorker.java:129)
	at org.testng.internal.TestMethodWorker.run(TestMethodWorker.java:112)
	at org.testng.TestRunner.privateRun(TestRunner.java:782)
	at org.testng.TestRunner.run(TestRunner.java:632)
	at org.testng.SuiteRunner.runTest(SuiteRunner.java:366)
	at org.testng.SuiteRunner.runSequentially(SuiteRunner.java:361)
	at org.testng.SuiteRunner.privateRun(SuiteRunner.java:319)
	at org.testng.SuiteRunner.run(SuiteRunner.java:268)
	at org.testng.SuiteRunnerWorker.runSuite(SuiteRunnerWorker.java:52)
	at org.testng.SuiteRunnerWorker.run(SuiteRunnerWorker.java:86)
	at org.testng.TestNG.runSuitesSequentially(TestNG.java:1244)
	at org.testng.TestNG.runSuitesSequentially(TestNG.java:1240)
	at org.testng.TestNG.runSuitesLocally(TestNG.java:1169)
	at org.testng.TestNG.run(TestNG.java:1064)
	at org.testng.remote.RemoteTestNG.run(RemoteTestNG.java:113)
	at org.testng.remote.RemoteTestNG.initAndRun(RemoteTestNG.java:206)
	at org.testng.remote.RemoteTestNG.main(RemoteTestNG.java:177)
</pre></div></td>
<td>0</td>
<td>com.arcapi.Scoretestcases.version3.CityHighSchoolGetTest@64d7f7e0</td></tr>
<tr>
<td title='com.arcapi.Scoretestcases.version3.CityMedianIncomeGetTest.CityMedianIncomeGet()'><b>CityMedianIncomeGet</b><br>Test class: com.arcapi.Scoretestcases.version3.CityMedianIncomeGetTest</td>
<td><div><pre>org.testng.TestNGException: 
Parameter &apos;SheetName&apos; is required by @Test on method CityMedianIncomeGet but has not been marked @Optional or defined
in D:\worksapceNew\TestArcAPI\src\main\resources\TestNGFiles\ScoreScenariosTestNG.xml
... Removed 23 stack frames</pre></div><a href='#' onClick='toggleBox("stack-trace1201360998", this, "Click to show all stack frames", "Click to hide stack frames")'>Click to show all stack frames</a>
<div class='stack-trace' id='stack-trace1201360998'><pre>org.testng.TestNGException: 
Parameter &apos;SheetName&apos; is required by @Test on method CityMedianIncomeGet but has not been marked @Optional or defined
in D:\worksapceNew\TestArcAPI\src\main\resources\TestNGFiles\ScoreScenariosTestNG.xml
	at org.testng.internal.Parameters.createParameters(Parameters.java:154)
	at org.testng.internal.Parameters.createParameters(Parameters.java:361)
	at org.testng.internal.Parameters.handleParameters(Parameters.java:451)
	at org.testng.internal.Invoker.handleParameters(Invoker.java:1274)
	at org.testng.internal.Invoker.createParameters(Invoker.java:989)
	at org.testng.internal.Invoker.invokeTestMethods(Invoker.java:1079)
	at org.testng.internal.TestMethodWorker.invokeTestMethods(TestMethodWorker.java:129)
	at org.testng.internal.TestMethodWorker.run(TestMethodWorker.java:112)
	at org.testng.TestRunner.privateRun(TestRunner.java:782)
	at org.testng.TestRunner.run(TestRunner.java:632)
	at org.testng.SuiteRunner.runTest(SuiteRunner.java:366)
	at org.testng.SuiteRunner.runSequentially(SuiteRunner.java:361)
	at org.testng.SuiteRunner.privateRun(SuiteRunner.java:319)
	at org.testng.SuiteRunner.run(SuiteRunner.java:268)
	at org.testng.SuiteRunnerWorker.runSuite(SuiteRunnerWorker.java:52)
	at org.testng.SuiteRunnerWorker.run(SuiteRunnerWorker.java:86)
	at org.testng.TestNG.runSuitesSequentially(TestNG.java:1244)
	at org.testng.TestNG.runSuitesSequentially(TestNG.java:1240)
	at org.testng.TestNG.runSuitesLocally(TestNG.java:1169)
	at org.testng.TestNG.run(TestNG.java:1064)
	at org.testng.remote.RemoteTestNG.run(RemoteTestNG.java:113)
	at org.testng.remote.RemoteTestNG.initAndRun(RemoteTestNG.java:206)
	at org.testng.remote.RemoteTestNG.main(RemoteTestNG.java:177)
</pre></div></td>
<td>0</td>
<td>com.arcapi.Scoretestcases.version3.CityMedianIncomeGetTest@27c6e487</td></tr>
<tr>
<td title='com.arcapi.Scoretestcases.version3.CityRentIncomeGetTest.CityRentIncomeGet()'><b>CityRentIncomeGet</b><br>Test class: com.arcapi.Scoretestcases.version3.CityRentIncomeGetTest</td>
<td><div><pre>org.testng.TestNGException: 
Parameter &apos;SheetName&apos; is required by @Test on method CityRentIncomeGet but has not been marked @Optional or defined
in D:\worksapceNew\TestArcAPI\src\main\resources\TestNGFiles\ScoreScenariosTestNG.xml
... Removed 23 stack frames</pre></div><a href='#' onClick='toggleBox("stack-trace1845746463", this, "Click to show all stack frames", "Click to hide stack frames")'>Click to show all stack frames</a>
<div class='stack-trace' id='stack-trace1845746463'><pre>org.testng.TestNGException: 
Parameter &apos;SheetName&apos; is required by @Test on method CityRentIncomeGet but has not been marked @Optional or defined
in D:\worksapceNew\TestArcAPI\src\main\resources\TestNGFiles\ScoreScenariosTestNG.xml
	at org.testng.internal.Parameters.createParameters(Parameters.java:154)
	at org.testng.internal.Parameters.createParameters(Parameters.java:361)
	at org.testng.internal.Parameters.handleParameters(Parameters.java:451)
	at org.testng.internal.Invoker.handleParameters(Invoker.java:1274)
	at org.testng.internal.Invoker.createParameters(Invoker.java:989)
	at org.testng.internal.Invoker.invokeTestMethods(Invoker.java:1079)
	at org.testng.internal.TestMethodWorker.invokeTestMethods(TestMethodWorker.java:129)
	at org.testng.internal.TestMethodWorker.run(TestMethodWorker.java:112)
	at org.testng.TestRunner.privateRun(TestRunner.java:782)
	at org.testng.TestRunner.run(TestRunner.java:632)
	at org.testng.SuiteRunner.runTest(SuiteRunner.java:366)
	at org.testng.SuiteRunner.runSequentially(SuiteRunner.java:361)
	at org.testng.SuiteRunner.privateRun(SuiteRunner.java:319)
	at org.testng.SuiteRunner.run(SuiteRunner.java:268)
	at org.testng.SuiteRunnerWorker.runSuite(SuiteRunnerWorker.java:52)
	at org.testng.SuiteRunnerWorker.run(SuiteRunnerWorker.java:86)
	at org.testng.TestNG.runSuitesSequentially(TestNG.java:1244)
	at org.testng.TestNG.runSuitesSequentially(TestNG.java:1240)
	at org.testng.TestNG.runSuitesLocally(TestNG.java:1169)
	at org.testng.TestNG.run(TestNG.java:1064)
	at org.testng.remote.RemoteTestNG.run(RemoteTestNG.java:113)
	at org.testng.remote.RemoteTestNG.initAndRun(RemoteTestNG.java:206)
	at org.testng.remote.RemoteTestNG.main(RemoteTestNG.java:177)
</pre></div></td>
<td>0</td>
<td>com.arcapi.Scoretestcases.version3.CityRentIncomeGetTest@49070868</td></tr>
<tr>
<td title='com.arcapi.Scoretestcases.version3.CityUnemploymentGetTest.CityUnemploymentGet()'><b>CityUnemploymentGet</b><br>Test class: com.arcapi.Scoretestcases.version3.CityUnemploymentGetTest</td>
<td><div><pre>org.testng.TestNGException: 
Parameter &apos;SheetName&apos; is required by @Test on method CityUnemploymentGet but has not been marked @Optional or defined
in D:\worksapceNew\TestArcAPI\src\main\resources\TestNGFiles\ScoreScenariosTestNG.xml
... Removed 23 stack frames</pre></div><a href='#' onClick='toggleBox("stack-trace2135359921", this, "Click to show all stack frames", "Click to hide stack frames")'>Click to show all stack frames</a>
<div class='stack-trace' id='stack-trace2135359921'><pre>org.testng.TestNGException: 
Parameter &apos;SheetName&apos; is required by @Test on method CityUnemploymentGet but has not been marked @Optional or defined
in D:\worksapceNew\TestArcAPI\src\main\resources\TestNGFiles\ScoreScenariosTestNG.xml
	at org.testng.internal.Parameters.createParameters(Parameters.java:154)
	at org.testng.internal.Parameters.createParameters(Parameters.java:361)
	at org.testng.internal.Parameters.handleParameters(Parameters.java:451)
	at org.testng.internal.Invoker.handleParameters(Invoker.java:1274)
	at org.testng.internal.Invoker.createParameters(Invoker.java:989)
	at org.testng.internal.Invoker.invokeTestMethods(Invoker.java:1079)
	at org.testng.internal.TestMethodWorker.invokeTestMethods(TestMethodWorker.java:129)
	at org.testng.internal.TestMethodWorker.run(TestMethodWorker.java:112)
	at org.testng.TestRunner.privateRun(TestRunner.java:782)
	at org.testng.TestRunner.run(TestRunner.java:632)
	at org.testng.SuiteRunner.runTest(SuiteRunner.java:366)
	at org.testng.SuiteRunner.runSequentially(SuiteRunner.java:361)
	at org.testng.SuiteRunner.privateRun(SuiteRunner.java:319)
	at org.testng.SuiteRunner.run(SuiteRunner.java:268)
	at org.testng.SuiteRunnerWorker.runSuite(SuiteRunnerWorker.java:52)
	at org.testng.SuiteRunnerWorker.run(SuiteRunnerWorker.java:86)
	at org.testng.TestNG.runSuitesSequentially(TestNG.java:1244)
	at org.testng.TestNG.runSuitesSequentially(TestNG.java:1240)
	at org.testng.TestNG.runSuitesLocally(TestNG.java:1169)
	at org.testng.TestNG.run(TestNG.java:1064)
	at org.testng.remote.RemoteTestNG.run(RemoteTestNG.java:113)
	at org.testng.remote.RemoteTestNG.initAndRun(RemoteTestNG.java:206)
	at org.testng.remote.RemoteTestNG.main(RemoteTestNG.java:177)
</pre></div></td>
<td>0</td>
<td>com.arcapi.Scoretestcases.version3.CityUnemploymentGetTest@6385cb26</td></tr>
<tr>
<td title='com.arcapi.Scoretestcases.version3.CityUnhealthyDaysGetTest.CityUnhealthyDaysGet()'><b>CityUnhealthyDaysGet</b><br>Test class: com.arcapi.Scoretestcases.version3.CityUnhealthyDaysGetTest</td>
<td><div><pre>org.testng.TestNGException: 
Parameter &apos;SheetName&apos; is required by @Test on method CityUnhealthyDaysGet but has not been marked @Optional or defined
in D:\worksapceNew\TestArcAPI\src\main\resources\TestNGFiles\ScoreScenariosTestNG.xml
... Removed 23 stack frames</pre></div><a href='#' onClick='toggleBox("stack-trace804993772", this, "Click to show all stack frames", "Click to hide stack frames")'>Click to show all stack frames</a>
<div class='stack-trace' id='stack-trace804993772'><pre>org.testng.TestNGException: 
Parameter &apos;SheetName&apos; is required by @Test on method CityUnhealthyDaysGet but has not been marked @Optional or defined
in D:\worksapceNew\TestArcAPI\src\main\resources\TestNGFiles\ScoreScenariosTestNG.xml
	at org.testng.internal.Parameters.createParameters(Parameters.java:154)
	at org.testng.internal.Parameters.createParameters(Parameters.java:361)
	at org.testng.internal.Parameters.handleParameters(Parameters.java:451)
	at org.testng.internal.Invoker.handleParameters(Invoker.java:1274)
	at org.testng.internal.Invoker.createParameters(Invoker.java:989)
	at org.testng.internal.Invoker.invokeTestMethods(Invoker.java:1079)
	at org.testng.internal.TestMethodWorker.invokeTestMethods(TestMethodWorker.java:129)
	at org.testng.internal.TestMethodWorker.run(TestMethodWorker.java:112)
	at org.testng.TestRunner.privateRun(TestRunner.java:782)
	at org.testng.TestRunner.run(TestRunner.java:632)
	at org.testng.SuiteRunner.runTest(SuiteRunner.java:366)
	at org.testng.SuiteRunner.runSequentially(SuiteRunner.java:361)
	at org.testng.SuiteRunner.privateRun(SuiteRunner.java:319)
	at org.testng.SuiteRunner.run(SuiteRunner.java:268)
	at org.testng.SuiteRunnerWorker.runSuite(SuiteRunnerWorker.java:52)
	at org.testng.SuiteRunnerWorker.run(SuiteRunnerWorker.java:86)
	at org.testng.TestNG.runSuitesSequentially(TestNG.java:1244)
	at org.testng.TestNG.runSuitesSequentially(TestNG.java:1240)
	at org.testng.TestNG.runSuitesLocally(TestNG.java:1169)
	at org.testng.TestNG.run(TestNG.java:1064)
	at org.testng.remote.RemoteTestNG.run(RemoteTestNG.java:113)
	at org.testng.remote.RemoteTestNG.initAndRun(RemoteTestNG.java:206)
	at org.testng.remote.RemoteTestNG.main(RemoteTestNG.java:177)
</pre></div></td>
<td>0</td>
<td>com.arcapi.Scoretestcases.version3.CityUnhealthyDaysGetTest@38364841</td></tr>
<tr>
<td title='com.arcapi.Scoretestcases.version3.CityVehiclesMilesGetTest.CityVehiclesMilesGet()'><b>CityVehiclesMilesGet</b><br>Test class: com.arcapi.Scoretestcases.version3.CityVehiclesMilesGetTest</td>
<td><div><pre>org.testng.TestNGException: 
Parameter &apos;SheetName&apos; is required by @Test on method CityVehiclesMilesGet but has not been marked @Optional or defined
in D:\worksapceNew\TestArcAPI\src\main\resources\TestNGFiles\ScoreScenariosTestNG.xml
... Removed 23 stack frames</pre></div><a href='#' onClick='toggleBox("stack-trace769195805", this, "Click to show all stack frames", "Click to hide stack frames")'>Click to show all stack frames</a>
<div class='stack-trace' id='stack-trace769195805'><pre>org.testng.TestNGException: 
Parameter &apos;SheetName&apos; is required by @Test on method CityVehiclesMilesGet but has not been marked @Optional or defined
in D:\worksapceNew\TestArcAPI\src\main\resources\TestNGFiles\ScoreScenariosTestNG.xml
	at org.testng.internal.Parameters.createParameters(Parameters.java:154)
	at org.testng.internal.Parameters.createParameters(Parameters.java:361)
	at org.testng.internal.Parameters.handleParameters(Parameters.java:451)
	at org.testng.internal.Invoker.handleParameters(Invoker.java:1274)
	at org.testng.internal.Invoker.createParameters(Invoker.java:989)
	at org.testng.internal.Invoker.invokeTestMethods(Invoker.java:1079)
	at org.testng.internal.TestMethodWorker.invokeTestMethods(TestMethodWorker.java:129)
	at org.testng.internal.TestMethodWorker.run(TestMethodWorker.java:112)
	at org.testng.TestRunner.privateRun(TestRunner.java:782)
	at org.testng.TestRunner.run(TestRunner.java:632)
	at org.testng.SuiteRunner.runTest(SuiteRunner.java:366)
	at org.testng.SuiteRunner.runSequentially(SuiteRunner.java:361)
	at org.testng.SuiteRunner.privateRun(SuiteRunner.java:319)
	at org.testng.SuiteRunner.run(SuiteRunner.java:268)
	at org.testng.SuiteRunnerWorker.runSuite(SuiteRunnerWorker.java:52)
	at org.testng.SuiteRunnerWorker.run(SuiteRunnerWorker.java:86)
	at org.testng.TestNG.runSuitesSequentially(TestNG.java:1244)
	at org.testng.TestNG.runSuitesSequentially(TestNG.java:1240)
	at org.testng.TestNG.runSuitesLocally(TestNG.java:1169)
	at org.testng.TestNG.run(TestNG.java:1064)
	at org.testng.remote.RemoteTestNG.run(RemoteTestNG.java:113)
	at org.testng.remote.RemoteTestNG.initAndRun(RemoteTestNG.java:206)
	at org.testng.remote.RemoteTestNG.main(RemoteTestNG.java:177)
</pre></div></td>
<td>0</td>
<td>com.arcapi.Scoretestcases.version3.CityVehiclesMilesGetTest@28c4711c</td></tr>
<tr>
<td title='com.arcapi.Scoretestcases.version3.CityViolentCrimeGetTest.CityViolentCrimeGet()'><b>CityViolentCrimeGet</b><br>Test class: com.arcapi.Scoretestcases.version3.CityViolentCrimeGetTest</td>
<td><div><pre>org.testng.TestNGException: 
Parameter &apos;SheetName&apos; is required by @Test on method CityViolentCrimeGet but has not been marked @Optional or defined
in D:\worksapceNew\TestArcAPI\src\main\resources\TestNGFiles\ScoreScenariosTestNG.xml
... Removed 23 stack frames</pre></div><a href='#' onClick='toggleBox("stack-trace2107105388", this, "Click to show all stack frames", "Click to hide stack frames")'>Click to show all stack frames</a>
<div class='stack-trace' id='stack-trace2107105388'><pre>org.testng.TestNGException: 
Parameter &apos;SheetName&apos; is required by @Test on method CityViolentCrimeGet but has not been marked @Optional or defined
in D:\worksapceNew\TestArcAPI\src\main\resources\TestNGFiles\ScoreScenariosTestNG.xml
	at org.testng.internal.Parameters.createParameters(Parameters.java:154)
	at org.testng.internal.Parameters.createParameters(Parameters.java:361)
	at org.testng.internal.Parameters.handleParameters(Parameters.java:451)
	at org.testng.internal.Invoker.handleParameters(Invoker.java:1274)
	at org.testng.internal.Invoker.createParameters(Invoker.java:989)
	at org.testng.internal.Invoker.invokeTestMethods(Invoker.java:1079)
	at org.testng.internal.TestMethodWorker.invokeTestMethods(TestMethodWorker.java:129)
	at org.testng.internal.TestMethodWorker.run(TestMethodWorker.java:112)
	at org.testng.TestRunner.privateRun(TestRunner.java:782)
	at org.testng.TestRunner.run(TestRunner.java:632)
	at org.testng.SuiteRunner.runTest(SuiteRunner.java:366)
	at org.testng.SuiteRunner.runSequentially(SuiteRunner.java:361)
	at org.testng.SuiteRunner.privateRun(SuiteRunner.java:319)
	at org.testng.SuiteRunner.run(SuiteRunner.java:268)
	at org.testng.SuiteRunnerWorker.runSuite(SuiteRunnerWorker.java:52)
	at org.testng.SuiteRunnerWorker.run(SuiteRunnerWorker.java:86)
	at org.testng.TestNG.runSuitesSequentially(TestNG.java:1244)
	at org.testng.TestNG.runSuitesSequentially(TestNG.java:1240)
	at org.testng.TestNG.runSuitesLocally(TestNG.java:1169)
	at org.testng.TestNG.run(TestNG.java:1064)
	at org.testng.remote.RemoteTestNG.run(RemoteTestNG.java:113)
	at org.testng.remote.RemoteTestNG.initAndRun(RemoteTestNG.java:206)
	at org.testng.remote.RemoteTestNG.main(RemoteTestNG.java:177)
</pre></div></td>
<td>0</td>
<td>com.arcapi.Scoretestcases.version3.CityViolentCrimeGetTest@59717824</td></tr>
<tr>
<td title='com.arcapi.Scoretestcases.version3.CityWasteDivertedGetTest.CityWasteDivertedGet()'><b>CityWasteDivertedGet</b><br>Test class: com.arcapi.Scoretestcases.version3.CityWasteDivertedGetTest</td>
<td><div><pre>org.testng.TestNGException: 
Parameter &apos;SheetName&apos; is required by @Test on method CityWasteDivertedGet but has not been marked @Optional or defined
in D:\worksapceNew\TestArcAPI\src\main\resources\TestNGFiles\ScoreScenariosTestNG.xml
... Removed 23 stack frames</pre></div><a href='#' onClick='toggleBox("stack-trace2050715938", this, "Click to show all stack frames", "Click to hide stack frames")'>Click to show all stack frames</a>
<div class='stack-trace' id='stack-trace2050715938'><pre>org.testng.TestNGException: 
Parameter &apos;SheetName&apos; is required by @Test on method CityWasteDivertedGet but has not been marked @Optional or defined
in D:\worksapceNew\TestArcAPI\src\main\resources\TestNGFiles\ScoreScenariosTestNG.xml
	at org.testng.internal.Parameters.createParameters(Parameters.java:154)
	at org.testng.internal.Parameters.createParameters(Parameters.java:361)
	at org.testng.internal.Parameters.handleParameters(Parameters.java:451)
	at org.testng.internal.Invoker.handleParameters(Invoker.java:1274)
	at org.testng.internal.Invoker.createParameters(Invoker.java:989)
	at org.testng.internal.Invoker.invokeTestMethods(Invoker.java:1079)
	at org.testng.internal.TestMethodWorker.invokeTestMethods(TestMethodWorker.java:129)
	at org.testng.internal.TestMethodWorker.run(TestMethodWorker.java:112)
	at org.testng.TestRunner.privateRun(TestRunner.java:782)
	at org.testng.TestRunner.run(TestRunner.java:632)
	at org.testng.SuiteRunner.runTest(SuiteRunner.java:366)
	at org.testng.SuiteRunner.runSequentially(SuiteRunner.java:361)
	at org.testng.SuiteRunner.privateRun(SuiteRunner.java:319)
	at org.testng.SuiteRunner.run(SuiteRunner.java:268)
	at org.testng.SuiteRunnerWorker.runSuite(SuiteRunnerWorker.java:52)
	at org.testng.SuiteRunnerWorker.run(SuiteRunnerWorker.java:86)
	at org.testng.TestNG.runSuitesSequentially(TestNG.java:1244)
	at org.testng.TestNG.runSuitesSequentially(TestNG.java:1240)
	at org.testng.TestNG.runSuitesLocally(TestNG.java:1169)
	at org.testng.TestNG.run(TestNG.java:1064)
	at org.testng.remote.RemoteTestNG.run(RemoteTestNG.java:113)
	at org.testng.remote.RemoteTestNG.initAndRun(RemoteTestNG.java:206)
	at org.testng.remote.RemoteTestNG.main(RemoteTestNG.java:177)
</pre></div></td>
<td>0</td>
<td>com.arcapi.Scoretestcases.version3.CityWasteDivertedGetTest@146044d7</td></tr>
<tr>
<td title='com.arcapi.Scoretestcases.version3.CityWasteGeneratedGetTest.CityWasteGeneratedGet()'><b>CityWasteGeneratedGet</b><br>Test class: com.arcapi.Scoretestcases.version3.CityWasteGeneratedGetTest</td>
<td><div><pre>org.testng.TestNGException: 
Parameter &apos;SheetName&apos; is required by @Test on method CityWasteGeneratedGet but has not been marked @Optional or defined
in D:\worksapceNew\TestArcAPI\src\main\resources\TestNGFiles\ScoreScenariosTestNG.xml
... Removed 23 stack frames</pre></div><a href='#' onClick='toggleBox("stack-trace552266488", this, "Click to show all stack frames", "Click to hide stack frames")'>Click to show all stack frames</a>
<div class='stack-trace' id='stack-trace552266488'><pre>org.testng.TestNGException: 
Parameter &apos;SheetName&apos; is required by @Test on method CityWasteGeneratedGet but has not been marked @Optional or defined
in D:\worksapceNew\TestArcAPI\src\main\resources\TestNGFiles\ScoreScenariosTestNG.xml
	at org.testng.internal.Parameters.createParameters(Parameters.java:154)
	at org.testng.internal.Parameters.createParameters(Parameters.java:361)
	at org.testng.internal.Parameters.handleParameters(Parameters.java:451)
	at org.testng.internal.Invoker.handleParameters(Invoker.java:1274)
	at org.testng.internal.Invoker.createParameters(Invoker.java:989)
	at org.testng.internal.Invoker.invokeTestMethods(Invoker.java:1079)
	at org.testng.internal.TestMethodWorker.invokeTestMethods(TestMethodWorker.java:129)
	at org.testng.internal.TestMethodWorker.run(TestMethodWorker.java:112)
	at org.testng.TestRunner.privateRun(TestRunner.java:782)
	at org.testng.TestRunner.run(TestRunner.java:632)
	at org.testng.SuiteRunner.runTest(SuiteRunner.java:366)
	at org.testng.SuiteRunner.runSequentially(SuiteRunner.java:361)
	at org.testng.SuiteRunner.privateRun(SuiteRunner.java:319)
	at org.testng.SuiteRunner.run(SuiteRunner.java:268)
	at org.testng.SuiteRunnerWorker.runSuite(SuiteRunnerWorker.java:52)
	at org.testng.SuiteRunnerWorker.run(SuiteRunnerWorker.java:86)
	at org.testng.TestNG.runSuitesSequentially(TestNG.java:1244)
	at org.testng.TestNG.runSuitesSequentially(TestNG.java:1240)
	at org.testng.TestNG.runSuitesLocally(TestNG.java:1169)
	at org.testng.TestNG.run(TestNG.java:1064)
	at org.testng.remote.RemoteTestNG.run(RemoteTestNG.java:113)
	at org.testng.remote.RemoteTestNG.initAndRun(RemoteTestNG.java:206)
	at org.testng.remote.RemoteTestNG.main(RemoteTestNG.java:177)
</pre></div></td>
<td>0</td>
<td>com.arcapi.Scoretestcases.version3.CityWasteGeneratedGetTest@1e9e725a</td></tr>
<tr>
<td title='com.arcapi.Scoretestcases.version3.CityWaterGetTest.CityWaterGet()'><b>CityWaterGet</b><br>Test class: com.arcapi.Scoretestcases.version3.CityWaterGetTest</td>
<td><div><pre>org.testng.TestNGException: 
Parameter &apos;SheetName&apos; is required by @Test on method CityWaterGet but has not been marked @Optional or defined
in D:\worksapceNew\TestArcAPI\src\main\resources\TestNGFiles\ScoreScenariosTestNG.xml
... Removed 23 stack frames</pre></div><a href='#' onClick='toggleBox("stack-trace1282100951", this, "Click to show all stack frames", "Click to hide stack frames")'>Click to show all stack frames</a>
<div class='stack-trace' id='stack-trace1282100951'><pre>org.testng.TestNGException: 
Parameter &apos;SheetName&apos; is required by @Test on method CityWaterGet but has not been marked @Optional or defined
in D:\worksapceNew\TestArcAPI\src\main\resources\TestNGFiles\ScoreScenariosTestNG.xml
	at org.testng.internal.Parameters.createParameters(Parameters.java:154)
	at org.testng.internal.Parameters.createParameters(Parameters.java:361)
	at org.testng.internal.Parameters.handleParameters(Parameters.java:451)
	at org.testng.internal.Invoker.handleParameters(Invoker.java:1274)
	at org.testng.internal.Invoker.createParameters(Invoker.java:989)
	at org.testng.internal.Invoker.invokeTestMethods(Invoker.java:1079)
	at org.testng.internal.TestMethodWorker.invokeTestMethods(TestMethodWorker.java:129)
	at org.testng.internal.TestMethodWorker.run(TestMethodWorker.java:112)
	at org.testng.TestRunner.privateRun(TestRunner.java:782)
	at org.testng.TestRunner.run(TestRunner.java:632)
	at org.testng.SuiteRunner.runTest(SuiteRunner.java:366)
	at org.testng.SuiteRunner.runSequentially(SuiteRunner.java:361)
	at org.testng.SuiteRunner.privateRun(SuiteRunner.java:319)
	at org.testng.SuiteRunner.run(SuiteRunner.java:268)
	at org.testng.SuiteRunnerWorker.runSuite(SuiteRunnerWorker.java:52)
	at org.testng.SuiteRunnerWorker.run(SuiteRunnerWorker.java:86)
	at org.testng.TestNG.runSuitesSequentially(TestNG.java:1244)
	at org.testng.TestNG.runSuitesSequentially(TestNG.java:1240)
	at org.testng.TestNG.runSuitesLocally(TestNG.java:1169)
	at org.testng.TestNG.run(TestNG.java:1064)
	at org.testng.remote.RemoteTestNG.run(RemoteTestNG.java:113)
	at org.testng.remote.RemoteTestNG.initAndRun(RemoteTestNG.java:206)
	at org.testng.remote.RemoteTestNG.main(RemoteTestNG.java:177)
</pre></div></td>
<td>0</td>
<td>com.arcapi.Scoretestcases.version3.CityWaterGetTest@15d9bc04</td></tr>
<tr>
<td title='com.arcapi.Common.CityCom.ConsumptionCreateAPITest.ConsumptionCreatePOSTAPI()'><b>ConsumptionCreatePOSTAPI</b><br>Test class: com.arcapi.Common.CityCom.ConsumptionCreateAPITest</td>
<td><div><pre>org.testng.TestNGException: 
Parameter &apos;SheetName&apos; is required by @Test on method ConsumptionCreatePOSTAPI but has not been marked @Optional or defined
in D:\worksapceNew\TestArcAPI\src\main\resources\TestNGFiles\ScoreScenariosTestNG.xml
... Removed 23 stack frames</pre></div><a href='#' onClick='toggleBox("stack-trace1328388446", this, "Click to show all stack frames", "Click to hide stack frames")'>Click to show all stack frames</a>
<div class='stack-trace' id='stack-trace1328388446'><pre>org.testng.TestNGException: 
Parameter &apos;SheetName&apos; is required by @Test on method ConsumptionCreatePOSTAPI but has not been marked @Optional or defined
in D:\worksapceNew\TestArcAPI\src\main\resources\TestNGFiles\ScoreScenariosTestNG.xml
	at org.testng.internal.Parameters.createParameters(Parameters.java:154)
	at org.testng.internal.Parameters.createParameters(Parameters.java:361)
	at org.testng.internal.Parameters.handleParameters(Parameters.java:451)
	at org.testng.internal.Invoker.handleParameters(Invoker.java:1274)
	at org.testng.internal.Invoker.createParameters(Invoker.java:989)
	at org.testng.internal.Invoker.invokeTestMethods(Invoker.java:1079)
	at org.testng.internal.TestMethodWorker.invokeTestMethods(TestMethodWorker.java:129)
	at org.testng.internal.TestMethodWorker.run(TestMethodWorker.java:112)
	at org.testng.TestRunner.privateRun(TestRunner.java:782)
	at org.testng.TestRunner.run(TestRunner.java:632)
	at org.testng.SuiteRunner.runTest(SuiteRunner.java:366)
	at org.testng.SuiteRunner.runSequentially(SuiteRunner.java:361)
	at org.testng.SuiteRunner.privateRun(SuiteRunner.java:319)
	at org.testng.SuiteRunner.run(SuiteRunner.java:268)
	at org.testng.SuiteRunnerWorker.runSuite(SuiteRunnerWorker.java:52)
	at org.testng.SuiteRunnerWorker.run(SuiteRunnerWorker.java:86)
	at org.testng.TestNG.runSuitesSequentially(TestNG.java:1244)
	at org.testng.TestNG.runSuitesSequentially(TestNG.java:1240)
	at org.testng.TestNG.runSuitesLocally(TestNG.java:1169)
	at org.testng.TestNG.run(TestNG.java:1064)
	at org.testng.remote.RemoteTestNG.run(RemoteTestNG.java:113)
	at org.testng.remote.RemoteTestNG.initAndRun(RemoteTestNG.java:206)
	at org.testng.remote.RemoteTestNG.main(RemoteTestNG.java:177)
</pre></div></td>
<td>0</td>
<td>com.arcapi.Common.CityCom.ConsumptionCreateAPITest@1c72da34</td></tr>
<tr>
<td title='com.arcapi.Common.CityCom.CreateNewProjectAPITest.CreateAssetPOSTAPI()'><b>CreateAssetPOSTAPI</b><br>Test class: com.arcapi.Common.CityCom.CreateNewProjectAPITest</td>
<td><div><pre>org.testng.TestNGException: 
Parameter &apos;SheetName&apos; is required by @Test on method CreateAssetPOSTAPI but has not been marked @Optional or defined
in D:\worksapceNew\TestArcAPI\src\main\resources\TestNGFiles\ScoreScenariosTestNG.xml
... Removed 23 stack frames</pre></div><a href='#' onClick='toggleBox("stack-trace408132785", this, "Click to show all stack frames", "Click to hide stack frames")'>Click to show all stack frames</a>
<div class='stack-trace' id='stack-trace408132785'><pre>org.testng.TestNGException: 
Parameter &apos;SheetName&apos; is required by @Test on method CreateAssetPOSTAPI but has not been marked @Optional or defined
in D:\worksapceNew\TestArcAPI\src\main\resources\TestNGFiles\ScoreScenariosTestNG.xml
	at org.testng.internal.Parameters.createParameters(Parameters.java:154)
	at org.testng.internal.Parameters.createParameters(Parameters.java:361)
	at org.testng.internal.Parameters.handleParameters(Parameters.java:451)
	at org.testng.internal.Invoker.handleParameters(Invoker.java:1274)
	at org.testng.internal.Invoker.createParameters(Invoker.java:989)
	at org.testng.internal.Invoker.invokeTestMethods(Invoker.java:1079)
	at org.testng.internal.TestMethodWorker.invokeTestMethods(TestMethodWorker.java:129)
	at org.testng.internal.TestMethodWorker.run(TestMethodWorker.java:112)
	at org.testng.TestRunner.privateRun(TestRunner.java:782)
	at org.testng.TestRunner.run(TestRunner.java:632)
	at org.testng.SuiteRunner.runTest(SuiteRunner.java:366)
	at org.testng.SuiteRunner.runSequentially(SuiteRunner.java:361)
	at org.testng.SuiteRunner.privateRun(SuiteRunner.java:319)
	at org.testng.SuiteRunner.run(SuiteRunner.java:268)
	at org.testng.SuiteRunnerWorker.runSuite(SuiteRunnerWorker.java:52)
	at org.testng.SuiteRunnerWorker.run(SuiteRunnerWorker.java:86)
	at org.testng.TestNG.runSuitesSequentially(TestNG.java:1244)
	at org.testng.TestNG.runSuitesSequentially(TestNG.java:1240)
	at org.testng.TestNG.runSuitesLocally(TestNG.java:1169)
	at org.testng.TestNG.run(TestNG.java:1064)
	at org.testng.remote.RemoteTestNG.run(RemoteTestNG.java:113)
	at org.testng.remote.RemoteTestNG.initAndRun(RemoteTestNG.java:206)
	at org.testng.remote.RemoteTestNG.main(RemoteTestNG.java:177)
</pre></div></td>
<td>0</td>
<td>com.arcapi.Common.CityCom.CreateNewProjectAPITest@6b67034</td></tr>
<tr>
<td title='com.arcapi.Common.LoginAPITest.LoginAPI()'><b>LoginAPI</b><br>Test class: com.arcapi.Common.LoginAPITest</td>
<td></td>
<td>0</td>
<td>com.arcapi.Common.LoginAPITest@10b48321</td></tr>
<tr>
<td title='com.arcapi.Common.CityCom.MeterCreateAPICityCommTest.MeterCreatePOSTAPI()'><b>MeterCreatePOSTAPI</b><br>Test class: com.arcapi.Common.CityCom.MeterCreateAPICityCommTest</td>
<td><div><pre>org.testng.TestNGException: 
Parameter &apos;SheetName&apos; is required by @Test on method MeterCreatePOSTAPI but has not been marked @Optional or defined
in D:\worksapceNew\TestArcAPI\src\main\resources\TestNGFiles\ScoreScenariosTestNG.xml
... Removed 23 stack frames</pre></div><a href='#' onClick='toggleBox("stack-trace1065443868", this, "Click to show all stack frames", "Click to hide stack frames")'>Click to show all stack frames</a>
<div class='stack-trace' id='stack-trace1065443868'><pre>org.testng.TestNGException: 
Parameter &apos;SheetName&apos; is required by @Test on method MeterCreatePOSTAPI but has not been marked @Optional or defined
in D:\worksapceNew\TestArcAPI\src\main\resources\TestNGFiles\ScoreScenariosTestNG.xml
	at org.testng.internal.Parameters.createParameters(Parameters.java:154)
	at org.testng.internal.Parameters.createParameters(Parameters.java:361)
	at org.testng.internal.Parameters.handleParameters(Parameters.java:451)
	at org.testng.internal.Invoker.handleParameters(Invoker.java:1274)
	at org.testng.internal.Invoker.createParameters(Invoker.java:989)
	at org.testng.internal.Invoker.invokeTestMethods(Invoker.java:1079)
	at org.testng.internal.TestMethodWorker.invokeTestMethods(TestMethodWorker.java:129)
	at org.testng.internal.TestMethodWorker.run(TestMethodWorker.java:112)
	at org.testng.TestRunner.privateRun(TestRunner.java:782)
	at org.testng.TestRunner.run(TestRunner.java:632)
	at org.testng.SuiteRunner.runTest(SuiteRunner.java:366)
	at org.testng.SuiteRunner.runSequentially(SuiteRunner.java:361)
	at org.testng.SuiteRunner.privateRun(SuiteRunner.java:319)
	at org.testng.SuiteRunner.run(SuiteRunner.java:268)
	at org.testng.SuiteRunnerWorker.runSuite(SuiteRunnerWorker.java:52)
	at org.testng.SuiteRunnerWorker.run(SuiteRunnerWorker.java:86)
	at org.testng.TestNG.runSuitesSequentially(TestNG.java:1244)
	at org.testng.TestNG.runSuitesSequentially(TestNG.java:1240)
	at org.testng.TestNG.runSuitesLocally(TestNG.java:1169)
	at org.testng.TestNG.run(TestNG.java:1064)
	at org.testng.remote.RemoteTestNG.run(RemoteTestNG.java:113)
	at org.testng.remote.RemoteTestNG.initAndRun(RemoteTestNG.java:206)
	at org.testng.remote.RemoteTestNG.main(RemoteTestNG.java:177)
</pre></div></td>
<td>0</td>
<td>com.arcapi.Common.CityCom.MeterCreateAPICityCommTest@49e202ad</td></tr>
<tr>
<td title='com.arcapi.Common.PaymentOrderSubmitPOSTAPITest.PaymentOrderSubmitPOSTAPI()'><b>PaymentOrderSubmitPOSTAPI</b><br>Test class: com.arcapi.Common.PaymentOrderSubmitPOSTAPITest</td>
<td><div><pre>org.testng.TestNGException: 
Parameter &apos;SheetName&apos; is required by @Test on method PaymentOrderSubmitPOSTAPI but has not been marked @Optional or defined
in D:\worksapceNew\TestArcAPI\src\main\resources\TestNGFiles\ScoreScenariosTestNG.xml
... Removed 23 stack frames</pre></div><a href='#' onClick='toggleBox("stack-trace785340693", this, "Click to show all stack frames", "Click to hide stack frames")'>Click to show all stack frames</a>
<div class='stack-trace' id='stack-trace785340693'><pre>org.testng.TestNGException: 
Parameter &apos;SheetName&apos; is required by @Test on method PaymentOrderSubmitPOSTAPI but has not been marked @Optional or defined
in D:\worksapceNew\TestArcAPI\src\main\resources\TestNGFiles\ScoreScenariosTestNG.xml
	at org.testng.internal.Parameters.createParameters(Parameters.java:154)
	at org.testng.internal.Parameters.createParameters(Parameters.java:361)
	at org.testng.internal.Parameters.handleParameters(Parameters.java:451)
	at org.testng.internal.Invoker.handleParameters(Invoker.java:1274)
	at org.testng.internal.Invoker.createParameters(Invoker.java:989)
	at org.testng.internal.Invoker.invokeTestMethods(Invoker.java:1079)
	at org.testng.internal.TestMethodWorker.invokeTestMethods(TestMethodWorker.java:129)
	at org.testng.internal.TestMethodWorker.run(TestMethodWorker.java:112)
	at org.testng.TestRunner.privateRun(TestRunner.java:782)
	at org.testng.TestRunner.run(TestRunner.java:632)
	at org.testng.SuiteRunner.runTest(SuiteRunner.java:366)
	at org.testng.SuiteRunner.runSequentially(SuiteRunner.java:361)
	at org.testng.SuiteRunner.privateRun(SuiteRunner.java:319)
	at org.testng.SuiteRunner.run(SuiteRunner.java:268)
	at org.testng.SuiteRunnerWorker.runSuite(SuiteRunnerWorker.java:52)
	at org.testng.SuiteRunnerWorker.run(SuiteRunnerWorker.java:86)
	at org.testng.TestNG.runSuitesSequentially(TestNG.java:1244)
	at org.testng.TestNG.runSuitesSequentially(TestNG.java:1240)
	at org.testng.TestNG.runSuitesLocally(TestNG.java:1169)
	at org.testng.TestNG.run(TestNG.java:1064)
	at org.testng.remote.RemoteTestNG.run(RemoteTestNG.java:113)
	at org.testng.remote.RemoteTestNG.initAndRun(RemoteTestNG.java:206)
	at org.testng.remote.RemoteTestNG.main(RemoteTestNG.java:177)
</pre></div></td>
<td>0</td>
<td>com.arcapi.Common.PaymentOrderSubmitPOSTAPITest@71248c21</td></tr>
<tr>
<td title='com.arcapi.Common.RegistrationPaymentPricingGetAPITest.RegistrationPaymentPricingGetAPI()'><b>RegistrationPaymentPricingGetAPI</b><br>Test class: com.arcapi.Common.RegistrationPaymentPricingGetAPITest</td>
<td><div><pre>org.testng.TestNGException: 
Parameter &apos;SheetName&apos; is required by @Test on method RegistrationPaymentPricingGetAPI but has not been marked @Optional or defined
in D:\worksapceNew\TestArcAPI\src\main\resources\TestNGFiles\ScoreScenariosTestNG.xml
... Removed 23 stack frames</pre></div><a href='#' onClick='toggleBox("stack-trace883087072", this, "Click to show all stack frames", "Click to hide stack frames")'>Click to show all stack frames</a>
<div class='stack-trace' id='stack-trace883087072'><pre>org.testng.TestNGException: 
Parameter &apos;SheetName&apos; is required by @Test on method RegistrationPaymentPricingGetAPI but has not been marked @Optional or defined
in D:\worksapceNew\TestArcAPI\src\main\resources\TestNGFiles\ScoreScenariosTestNG.xml
	at org.testng.internal.Parameters.createParameters(Parameters.java:154)
	at org.testng.internal.Parameters.createParameters(Parameters.java:361)
	at org.testng.internal.Parameters.handleParameters(Parameters.java:451)
	at org.testng.internal.Invoker.handleParameters(Invoker.java:1274)
	at org.testng.internal.Invoker.createParameters(Invoker.java:989)
	at org.testng.internal.Invoker.invokeTestMethods(Invoker.java:1079)
	at org.testng.internal.TestMethodWorker.invokeTestMethods(TestMethodWorker.java:129)
	at org.testng.internal.TestMethodWorker.run(TestMethodWorker.java:112)
	at org.testng.TestRunner.privateRun(TestRunner.java:782)
	at org.testng.TestRunner.run(TestRunner.java:632)
	at org.testng.SuiteRunner.runTest(SuiteRunner.java:366)
	at org.testng.SuiteRunner.runSequentially(SuiteRunner.java:361)
	at org.testng.SuiteRunner.privateRun(SuiteRunner.java:319)
	at org.testng.SuiteRunner.run(SuiteRunner.java:268)
	at org.testng.SuiteRunnerWorker.runSuite(SuiteRunnerWorker.java:52)
	at org.testng.SuiteRunnerWorker.run(SuiteRunnerWorker.java:86)
	at org.testng.TestNG.runSuitesSequentially(TestNG.java:1244)
	at org.testng.TestNG.runSuitesSequentially(TestNG.java:1240)
	at org.testng.TestNG.runSuitesLocally(TestNG.java:1169)
	at org.testng.TestNG.run(TestNG.java:1064)
	at org.testng.remote.RemoteTestNG.run(RemoteTestNG.java:113)
	at org.testng.remote.RemoteTestNG.initAndRun(RemoteTestNG.java:206)
	at org.testng.remote.RemoteTestNG.main(RemoteTestNG.java:177)
</pre></div></td>
<td>0</td>
<td>com.arcapi.Common.RegistrationPaymentPricingGetAPITest@453da22c</td></tr>
<tr>
<td title='com.arcapi.Scoretestcases.version3.SatisfactionGetTest.SatisfactionGet()'><b>SatisfactionGet</b><br>Test class: com.arcapi.Scoretestcases.version3.SatisfactionGetTest</td>
<td><div><pre>org.testng.TestNGException: 
Parameter &apos;SheetName&apos; is required by @Test on method SatisfactionGet but has not been marked @Optional or defined
in D:\worksapceNew\TestArcAPI\src\main\resources\TestNGFiles\ScoreScenariosTestNG.xml
... Removed 23 stack frames</pre></div><a href='#' onClick='toggleBox("stack-trace1655081931", this, "Click to show all stack frames", "Click to hide stack frames")'>Click to show all stack frames</a>
<div class='stack-trace' id='stack-trace1655081931'><pre>org.testng.TestNGException: 
Parameter &apos;SheetName&apos; is required by @Test on method SatisfactionGet but has not been marked @Optional or defined
in D:\worksapceNew\TestArcAPI\src\main\resources\TestNGFiles\ScoreScenariosTestNG.xml
	at org.testng.internal.Parameters.createParameters(Parameters.java:154)
	at org.testng.internal.Parameters.createParameters(Parameters.java:361)
	at org.testng.internal.Parameters.handleParameters(Parameters.java:451)
	at org.testng.internal.Invoker.handleParameters(Invoker.java:1274)
	at org.testng.internal.Invoker.createParameters(Invoker.java:989)
	at org.testng.internal.Invoker.invokeTestMethods(Invoker.java:1079)
	at org.testng.internal.TestMethodWorker.invokeTestMethods(TestMethodWorker.java:129)
	at org.testng.internal.TestMethodWorker.run(TestMethodWorker.java:112)
	at org.testng.TestRunner.privateRun(TestRunner.java:782)
	at org.testng.TestRunner.run(TestRunner.java:632)
	at org.testng.SuiteRunner.runTest(SuiteRunner.java:366)
	at org.testng.SuiteRunner.runSequentially(SuiteRunner.java:361)
	at org.testng.SuiteRunner.privateRun(SuiteRunner.java:319)
	at org.testng.SuiteRunner.run(SuiteRunner.java:268)
	at org.testng.SuiteRunnerWorker.runSuite(SuiteRunnerWorker.java:52)
	at org.testng.SuiteRunnerWorker.run(SuiteRunnerWorker.java:86)
	at org.testng.TestNG.runSuitesSequentially(TestNG.java:1244)
	at org.testng.TestNG.runSuitesSequentially(TestNG.java:1240)
	at org.testng.TestNG.runSuitesLocally(TestNG.java:1169)
	at org.testng.TestNG.run(TestNG.java:1064)
	at org.testng.remote.RemoteTestNG.run(RemoteTestNG.java:113)
	at org.testng.remote.RemoteTestNG.initAndRun(RemoteTestNG.java:206)
	at org.testng.remote.RemoteTestNG.main(RemoteTestNG.java:177)
</pre></div></td>
<td>0</td>
<td>com.arcapi.Scoretestcases.version3.SatisfactionGetTest@473b46c3</td></tr>
<tr>
<td title='com.arcapi.Common.SignAgreementRegistrationAPITest.SignAgreementRegistrationAPI()'><b>SignAgreementRegistrationAPI</b><br>Test class: com.arcapi.Common.SignAgreementRegistrationAPITest</td>
<td><div><pre>org.testng.TestNGException: 
Parameter &apos;SheetName&apos; is required by @Test on method SignAgreementRegistrationAPI but has not been marked @Optional or defined
in D:\worksapceNew\TestArcAPI\src\main\resources\TestNGFiles\ScoreScenariosTestNG.xml
... Removed 23 stack frames</pre></div><a href='#' onClick='toggleBox("stack-trace999211009", this, "Click to show all stack frames", "Click to hide stack frames")'>Click to show all stack frames</a>
<div class='stack-trace' id='stack-trace999211009'><pre>org.testng.TestNGException: 
Parameter &apos;SheetName&apos; is required by @Test on method SignAgreementRegistrationAPI but has not been marked @Optional or defined
in D:\worksapceNew\TestArcAPI\src\main\resources\TestNGFiles\ScoreScenariosTestNG.xml
	at org.testng.internal.Parameters.createParameters(Parameters.java:154)
	at org.testng.internal.Parameters.createParameters(Parameters.java:361)
	at org.testng.internal.Parameters.handleParameters(Parameters.java:451)
	at org.testng.internal.Invoker.handleParameters(Invoker.java:1274)
	at org.testng.internal.Invoker.createParameters(Invoker.java:989)
	at org.testng.internal.Invoker.invokeTestMethods(Invoker.java:1079)
	at org.testng.internal.TestMethodWorker.invokeTestMethods(TestMethodWorker.java:129)
	at org.testng.internal.TestMethodWorker.run(TestMethodWorker.java:112)
	at org.testng.TestRunner.privateRun(TestRunner.java:782)
	at org.testng.TestRunner.run(TestRunner.java:632)
	at org.testng.SuiteRunner.runTest(SuiteRunner.java:366)
	at org.testng.SuiteRunner.runSequentially(SuiteRunner.java:361)
	at org.testng.SuiteRunner.privateRun(SuiteRunner.java:319)
	at org.testng.SuiteRunner.run(SuiteRunner.java:268)
	at org.testng.SuiteRunnerWorker.runSuite(SuiteRunnerWorker.java:52)
	at org.testng.SuiteRunnerWorker.run(SuiteRunnerWorker.java:86)
	at org.testng.TestNG.runSuitesSequentially(TestNG.java:1244)
	at org.testng.TestNG.runSuitesSequentially(TestNG.java:1240)
	at org.testng.TestNG.runSuitesLocally(TestNG.java:1169)
	at org.testng.TestNG.run(TestNG.java:1064)
	at org.testng.remote.RemoteTestNG.run(RemoteTestNG.java:113)
	at org.testng.remote.RemoteTestNG.initAndRun(RemoteTestNG.java:206)
	at org.testng.remote.RemoteTestNG.main(RemoteTestNG.java:177)
</pre></div></td>
<td>0</td>
<td>com.arcapi.Common.SignAgreementRegistrationAPITest@16267862</td></tr>
<tr>
<td title='com.arcapi.Scoretestcases.version3.SourceEnergyGetTest.SourceEnergyGet()'><b>SourceEnergyGet</b><br>Test class: com.arcapi.Scoretestcases.version3.SourceEnergyGetTest</td>
<td><div><pre>org.testng.TestNGException: 
Parameter &apos;SheetName&apos; is required by @Test on method SourceEnergyGet but has not been marked @Optional or defined
in D:\worksapceNew\TestArcAPI\src\main\resources\TestNGFiles\ScoreScenariosTestNG.xml
... Removed 23 stack frames</pre></div><a href='#' onClick='toggleBox("stack-trace820804897", this, "Click to show all stack frames", "Click to hide stack frames")'>Click to show all stack frames</a>
<div class='stack-trace' id='stack-trace820804897'><pre>org.testng.TestNGException: 
Parameter &apos;SheetName&apos; is required by @Test on method SourceEnergyGet but has not been marked @Optional or defined
in D:\worksapceNew\TestArcAPI\src\main\resources\TestNGFiles\ScoreScenariosTestNG.xml
	at org.testng.internal.Parameters.createParameters(Parameters.java:154)
	at org.testng.internal.Parameters.createParameters(Parameters.java:361)
	at org.testng.internal.Parameters.handleParameters(Parameters.java:451)
	at org.testng.internal.Invoker.handleParameters(Invoker.java:1274)
	at org.testng.internal.Invoker.createParameters(Invoker.java:989)
	at org.testng.internal.Invoker.invokeTestMethods(Invoker.java:1079)
	at org.testng.internal.TestMethodWorker.invokeTestMethods(TestMethodWorker.java:129)
	at org.testng.internal.TestMethodWorker.run(TestMethodWorker.java:112)
	at org.testng.TestRunner.privateRun(TestRunner.java:782)
	at org.testng.TestRunner.run(TestRunner.java:632)
	at org.testng.SuiteRunner.runTest(SuiteRunner.java:366)
	at org.testng.SuiteRunner.runSequentially(SuiteRunner.java:361)
	at org.testng.SuiteRunner.privateRun(SuiteRunner.java:319)
	at org.testng.SuiteRunner.run(SuiteRunner.java:268)
	at org.testng.SuiteRunnerWorker.runSuite(SuiteRunnerWorker.java:52)
	at org.testng.SuiteRunnerWorker.run(SuiteRunnerWorker.java:86)
	at org.testng.TestNG.runSuitesSequentially(TestNG.java:1244)
	at org.testng.TestNG.runSuitesSequentially(TestNG.java:1240)
	at org.testng.TestNG.runSuitesLocally(TestNG.java:1169)
	at org.testng.TestNG.run(TestNG.java:1064)
	at org.testng.remote.RemoteTestNG.run(RemoteTestNG.java:113)
	at org.testng.remote.RemoteTestNG.initAndRun(RemoteTestNG.java:206)
	at org.testng.remote.RemoteTestNG.main(RemoteTestNG.java:177)
</pre></div></td>
<td>0</td>
<td>com.arcapi.Scoretestcases.version3.SourceEnergyGetTest@516be40f</td></tr>
<tr>
<td title='com.arcapi.Scoretestcases.version3.TransitGetTest.TransitGet()'><b>TransitGet</b><br>Test class: com.arcapi.Scoretestcases.version3.TransitGetTest</td>
<td><div><pre>org.testng.TestNGException: 
Parameter &apos;SheetName&apos; is required by @Test on method TransitGet but has not been marked @Optional or defined
in D:\worksapceNew\TestArcAPI\src\main\resources\TestNGFiles\ScoreScenariosTestNG.xml
... Removed 23 stack frames</pre></div><a href='#' onClick='toggleBox("stack-trace1344946518", this, "Click to show all stack frames", "Click to hide stack frames")'>Click to show all stack frames</a>
<div class='stack-trace' id='stack-trace1344946518'><pre>org.testng.TestNGException: 
Parameter &apos;SheetName&apos; is required by @Test on method TransitGet but has not been marked @Optional or defined
in D:\worksapceNew\TestArcAPI\src\main\resources\TestNGFiles\ScoreScenariosTestNG.xml
	at org.testng.internal.Parameters.createParameters(Parameters.java:154)
	at org.testng.internal.Parameters.createParameters(Parameters.java:361)
	at org.testng.internal.Parameters.handleParameters(Parameters.java:451)
	at org.testng.internal.Invoker.handleParameters(Invoker.java:1274)
	at org.testng.internal.Invoker.createParameters(Invoker.java:989)
	at org.testng.internal.Invoker.invokeTestMethods(Invoker.java:1079)
	at org.testng.internal.TestMethodWorker.invokeTestMethods(TestMethodWorker.java:129)
	at org.testng.internal.TestMethodWorker.run(TestMethodWorker.java:112)
	at org.testng.TestRunner.privateRun(TestRunner.java:782)
	at org.testng.TestRunner.run(TestRunner.java:632)
	at org.testng.SuiteRunner.runTest(SuiteRunner.java:366)
	at org.testng.SuiteRunner.runSequentially(SuiteRunner.java:361)
	at org.testng.SuiteRunner.privateRun(SuiteRunner.java:319)
	at org.testng.SuiteRunner.run(SuiteRunner.java:268)
	at org.testng.SuiteRunnerWorker.runSuite(SuiteRunnerWorker.java:52)
	at org.testng.SuiteRunnerWorker.run(SuiteRunnerWorker.java:86)
	at org.testng.TestNG.runSuitesSequentially(TestNG.java:1244)
	at org.testng.TestNG.runSuitesSequentially(TestNG.java:1240)
	at org.testng.TestNG.runSuitesLocally(TestNG.java:1169)
	at org.testng.TestNG.run(TestNG.java:1064)
	at org.testng.remote.RemoteTestNG.run(RemoteTestNG.java:113)
	at org.testng.remote.RemoteTestNG.initAndRun(RemoteTestNG.java:206)
	at org.testng.remote.RemoteTestNG.main(RemoteTestNG.java:177)
</pre></div></td>
<td>0</td>
<td>com.arcapi.Scoretestcases.version3.TransitGetTest@3c0a50da</td></tr>
</table><p>
</body>
</html>