<html>
<head>
<title>TestNG:  LEED v4.1 O+M: Interiors</title>
<link href="../testng.css" rel="stylesheet" type="text/css" />
<link href="../my-testng.css" rel="stylesheet" type="text/css" />

<style type="text/css">
.log { display: none;} 
.stack-trace { display: none;} 
</style>
<script type="text/javascript">
<!--
function flip(e) {
  current = e.style.display;
  if (current == 'block') {
    e.style.display = 'none';
    return 0;
  }
  else {
    e.style.display = 'block';
    return 1;
  }
}

function toggleBox(szDivId, elem, msg1, msg2)
{
  var res = -1;  if (document.getElementById) {
    res = flip(document.getElementById(szDivId));
  }
  else if (document.all) {
    // this is the way old msie versions work
    res = flip(document.all[szDivId]);
  }
  if(elem) {
    if(res == 0) elem.innerHTML = msg1; else elem.innerHTML = msg2;
  }

}

function toggleAllBoxes() {
  if (document.getElementsByTagName) {
    d = document.getElementsByTagName('div');
    for (i = 0; i < d.length; i++) {
      if (d[i].className == 'log') {
        flip(d[i]);
      }
    }
  }
}

// -->
</script>

</head>
<body>
<h2 align='center'>LEED v4.1 O+M: Interiors</h2><table border='1' align="center">
<tr>
<td>Tests passed/Failed/Skipped:</td><td>0/0/10</td>
</tr><tr>
<td>Started on:</td><td>Fri Oct 25 14:34:35 IST 2019</td>
</tr>
<tr><td>Total time:</td><td>0 seconds (10 ms)</td>
</tr><tr>
<td>Included groups:</td><td></td>
</tr><tr>
<td>Excluded groups:</td><td></td>
</tr>
</table><p/>
<small><i>(Hover the method name to see the test class name)</i></small><p/>
<table width='100%' border='1' class='invocation-failed'>
<tr><td colspan='4' align='center'><b>FAILED CONFIGURATIONS</b></td></tr>
<tr><td><b>Test method</b></td>
<td width="30%"><b>Exception</b></td>
<td width="10%"><b>Time (seconds)</b></td>
<td><b>Instance</b></td>
</tr>
<tr>
<td title='com.arcapi.Leedv4Testcases.LOAuthenticateAPITest.setBaseUri()'><b>setBaseUri</b><br>Test class: com.arcapi.Leedv4Testcases.LOAuthenticateAPITest</td>
<td><div><pre>org.testng.TestNGException: 
Parameter &apos;environment&apos; is required by @Configuration on method setBaseUri but has not been marked @Optional or defined
in D:\worksapceNew\TestArcAPI\src\main\resources\TestNGFiles\LEEDv4Building.xml
... Removed 21 stack frames</pre></div><a href='#' onClick='toggleBox("stack-trace1792550665", this, "Click to show all stack frames", "Click to hide stack frames")'>Click to show all stack frames</a>
<div class='stack-trace' id='stack-trace1792550665'><pre>org.testng.TestNGException: 
Parameter &apos;environment&apos; is required by @Configuration on method setBaseUri but has not been marked @Optional or defined
in D:\worksapceNew\TestArcAPI\src\main\resources\TestNGFiles\LEEDv4Building.xml
	at org.testng.internal.Parameters.createParameters(Parameters.java:154)
	at org.testng.internal.Parameters.createParameters(Parameters.java:361)
	at org.testng.internal.Parameters.createConfigurationParameters(Parameters.java:84)
	at org.testng.internal.Invoker.invokeConfigurations(Invoker.java:201)
	at org.testng.internal.Invoker.invokeConfigurations(Invoker.java:142)
	at org.testng.internal.TestMethodWorker.invokeBeforeClassMethods(TestMethodWorker.java:178)
	at org.testng.internal.TestMethodWorker.run(TestMethodWorker.java:108)
	at org.testng.TestRunner.privateRun(TestRunner.java:782)
	at org.testng.TestRunner.run(TestRunner.java:632)
	at org.testng.SuiteRunner.runTest(SuiteRunner.java:366)
	at org.testng.SuiteRunner.runSequentially(SuiteRunner.java:361)
	at org.testng.SuiteRunner.privateRun(SuiteRunner.java:319)
	at org.testng.SuiteRunner.run(SuiteRunner.java:268)
	at org.testng.SuiteRunnerWorker.runSuite(SuiteRunnerWorker.java:52)
	at org.testng.SuiteRunnerWorker.run(SuiteRunnerWorker.java:86)
	at org.testng.TestNG.runSuitesSequentially(TestNG.java:1244)
	at org.testng.TestNG.runSuitesLocally(TestNG.java:1169)
	at org.testng.TestNG.run(TestNG.java:1064)
	at org.testng.remote.RemoteTestNG.run(RemoteTestNG.java:113)
	at org.testng.remote.RemoteTestNG.initAndRun(RemoteTestNG.java:206)
	at org.testng.remote.RemoteTestNG.main(RemoteTestNG.java:177)
</pre></div></td>
<td>0</td>
<td>com.arcapi.Leedv4Testcases.LOAuthenticateAPITest@6a4f787b</td></tr>
</table><p>
<table width='100%' border='1' class='invocation-skipped'>
<tr><td colspan='4' align='center'><b>SKIPPED CONFIGURATIONS</b></td></tr>
<tr><td><b>Test method</b></td>
<td width="30%"><b>Exception</b></td>
<td width="10%"><b>Time (seconds)</b></td>
<td><b>Instance</b></td>
</tr>
<tr>
<td title='com.arcapi.Leedv4Testcases.LEEDv4OMInteriorsBuildingsAPITest.getSuiteName()'><b>getSuiteName</b><br>Test class: com.arcapi.Leedv4Testcases.LEEDv4OMInteriorsBuildingsAPITest</td>
<td></td>
<td>0</td>
<td>com.arcapi.Leedv4Testcases.LEEDv4OMInteriorsBuildingsAPITest@685cb137</td></tr>
<tr>
<td title='com.arcapi.Leedv4Testcases.LEEDv4OMInteriorsBuildingsAPITest.setBaseUri()'><b>setBaseUri</b><br>Test class: com.arcapi.Leedv4Testcases.LEEDv4OMInteriorsBuildingsAPITest</td>
<td></td>
<td>0</td>
<td>com.arcapi.Leedv4Testcases.LEEDv4OMInteriorsBuildingsAPITest@685cb137</td></tr>
<tr>
<td title='com.arcapi.Common.LoginAPITest.getSuiteName()'><b>getSuiteName</b><br>Test class: com.arcapi.Common.LoginAPITest</td>
<td></td>
<td>0</td>
<td>com.arcapi.Common.LoginAPITest@6a41eaa2</td></tr>
<tr>
<td title='com.arcapi.Common.LoginAPITest.setBaseUri()'><b>setBaseUri</b><br>Test class: com.arcapi.Common.LoginAPITest</td>
<td></td>
<td>0</td>
<td>com.arcapi.Common.LoginAPITest@6a41eaa2</td></tr>
<tr>
<td title='com.arcapi.Leedv4Testcases.LOProjectSyncAPITest.getSuiteName()'><b>getSuiteName</b><br>Test class: com.arcapi.Leedv4Testcases.LOProjectSyncAPITest</td>
<td></td>
<td>0</td>
<td>com.arcapi.Leedv4Testcases.LOProjectSyncAPITest@7cd62f43</td></tr>
<tr>
<td title='com.arcapi.Leedv4Testcases.LOProjectSyncAPITest.setBaseUri()'><b>setBaseUri</b><br>Test class: com.arcapi.Leedv4Testcases.LOProjectSyncAPITest</td>
<td></td>
<td>0</td>
<td>com.arcapi.Leedv4Testcases.LOProjectSyncAPITest@7cd62f43</td></tr>
<tr>
<td title='com.arcapi.Leedv4Testcases.SignAgreementRegistrationAPITest.getSuiteName()'><b>getSuiteName</b><br>Test class: com.arcapi.Leedv4Testcases.SignAgreementRegistrationAPITest</td>
<td></td>
<td>0</td>
<td>com.arcapi.Leedv4Testcases.SignAgreementRegistrationAPITest@6d4b1c02</td></tr>
<tr>
<td title='com.arcapi.Leedv4Testcases.SignAgreementRegistrationAPITest.setBaseUri()'><b>setBaseUri</b><br>Test class: com.arcapi.Leedv4Testcases.SignAgreementRegistrationAPITest</td>
<td></td>
<td>0</td>
<td>com.arcapi.Leedv4Testcases.SignAgreementRegistrationAPITest@6d4b1c02</td></tr>
<tr>
<td title='com.arcapi.Buildingtestcases.AssetUpdateBuildingAPITest.getSuiteName()'><b>getSuiteName</b><br>Test class: com.arcapi.Buildingtestcases.AssetUpdateBuildingAPITest</td>
<td></td>
<td>0</td>
<td>com.arcapi.Buildingtestcases.AssetUpdateBuildingAPITest@6093dd95</td></tr>
<tr>
<td title='com.arcapi.Buildingtestcases.AssetUpdateBuildingAPITest.setBaseUri()'><b>setBaseUri</b><br>Test class: com.arcapi.Buildingtestcases.AssetUpdateBuildingAPITest</td>
<td></td>
<td>0</td>
<td>com.arcapi.Buildingtestcases.AssetUpdateBuildingAPITest@6093dd95</td></tr>
<tr>
<td title='com.arcapi.Common.VerifyProjectRegisteredAssetListTest.getSuiteName()'><b>getSuiteName</b><br>Test class: com.arcapi.Common.VerifyProjectRegisteredAssetListTest</td>
<td></td>
<td>0</td>
<td>com.arcapi.Common.VerifyProjectRegisteredAssetListTest@5622fdf</td></tr>
<tr>
<td title='com.arcapi.Common.VerifyProjectRegisteredAssetListTest.setBaseUri()'><b>setBaseUri</b><br>Test class: com.arcapi.Common.VerifyProjectRegisteredAssetListTest</td>
<td></td>
<td>0</td>
<td>com.arcapi.Common.VerifyProjectRegisteredAssetListTest@5622fdf</td></tr>
<tr>
<td title='com.arcapi.Common.AssetDocumentAPITest.getSuiteName()'><b>getSuiteName</b><br>Test class: com.arcapi.Common.AssetDocumentAPITest</td>
<td></td>
<td>0</td>
<td>com.arcapi.Common.AssetDocumentAPITest@4883b407</td></tr>
<tr>
<td title='com.arcapi.Common.AssetDocumentAPITest.setBaseUri()'><b>setBaseUri</b><br>Test class: com.arcapi.Common.AssetDocumentAPITest</td>
<td></td>
<td>0</td>
<td>com.arcapi.Common.AssetDocumentAPITest@4883b407</td></tr>
<tr>
<td title='com.arcapi.Common.DownloadDocumentsAPITest.getSuiteName()'><b>getSuiteName</b><br>Test class: com.arcapi.Common.DownloadDocumentsAPITest</td>
<td></td>
<td>0</td>
<td>com.arcapi.Common.DownloadDocumentsAPITest@7d9d1a19</td></tr>
<tr>
<td title='com.arcapi.Common.DownloadDocumentsAPITest.setBaseUri()'><b>setBaseUri</b><br>Test class: com.arcapi.Common.DownloadDocumentsAPITest</td>
<td></td>
<td>0</td>
<td>com.arcapi.Common.DownloadDocumentsAPITest@7d9d1a19</td></tr>
<tr>
<td title='com.arcapi.Common.FetchingAgreementDetailsAPITest.getSuiteName()'><b>getSuiteName</b><br>Test class: com.arcapi.Common.FetchingAgreementDetailsAPITest</td>
<td></td>
<td>0</td>
<td>com.arcapi.Common.FetchingAgreementDetailsAPITest@39c0f4a</td></tr>
<tr>
<td title='com.arcapi.Common.FetchingAgreementDetailsAPITest.setBaseUri()'><b>setBaseUri</b><br>Test class: com.arcapi.Common.FetchingAgreementDetailsAPITest</td>
<td></td>
<td>0</td>
<td>com.arcapi.Common.FetchingAgreementDetailsAPITest@39c0f4a</td></tr>
<tr>
<td title='com.arcapi.Common.LoginAPITest.ExtentReportConfig()'><b>ExtentReportConfig</b><br>Test class: com.arcapi.Common.LoginAPITest</td>
<td></td>
<td>0</td>
<td>com.arcapi.Common.LoginAPITest@6a41eaa2</td></tr>
<tr>
<td title='com.arcapi.Common.LoginAPITest.start()'><b>start</b><br>Test class: com.arcapi.Common.LoginAPITest</td>
<td></td>
<td>0</td>
<td>com.arcapi.Common.LoginAPITest@6a41eaa2</td></tr>
<tr>
<td title='com.arcapi.Common.LoginAPITest.teardown()'><b>teardown</b><br>Test class: com.arcapi.Common.LoginAPITest</td>
<td></td>
<td>0</td>
<td>com.arcapi.Common.LoginAPITest@6a41eaa2</td></tr>
<tr>
<td title='com.arcapi.Leedv4Testcases.LOAuthenticateAPITest.end()'><b>end</b><br>Test class: com.arcapi.Leedv4Testcases.LOAuthenticateAPITest</td>
<td></td>
<td>0</td>
<td>com.arcapi.Leedv4Testcases.LOAuthenticateAPITest@6a4f787b</td></tr>
<tr>
<td title='com.arcapi.Leedv4Testcases.LEEDv4OMInteriorsBuildingsAPITest.end()'><b>end</b><br>Test class: com.arcapi.Leedv4Testcases.LEEDv4OMInteriorsBuildingsAPITest</td>
<td></td>
<td>0</td>
<td>com.arcapi.Leedv4Testcases.LEEDv4OMInteriorsBuildingsAPITest@685cb137</td></tr>
<tr>
<td title='com.arcapi.Common.LoginAPITest.end()'><b>end</b><br>Test class: com.arcapi.Common.LoginAPITest</td>
<td></td>
<td>0</td>
<td>com.arcapi.Common.LoginAPITest@6a41eaa2</td></tr>
<tr>
<td title='com.arcapi.Leedv4Testcases.LOProjectSyncAPITest.end()'><b>end</b><br>Test class: com.arcapi.Leedv4Testcases.LOProjectSyncAPITest</td>
<td></td>
<td>0</td>
<td>com.arcapi.Leedv4Testcases.LOProjectSyncAPITest@7cd62f43</td></tr>
<tr>
<td title='com.arcapi.Leedv4Testcases.SignAgreementRegistrationAPITest.end()'><b>end</b><br>Test class: com.arcapi.Leedv4Testcases.SignAgreementRegistrationAPITest</td>
<td></td>
<td>0</td>
<td>com.arcapi.Leedv4Testcases.SignAgreementRegistrationAPITest@6d4b1c02</td></tr>
<tr>
<td title='com.arcapi.Buildingtestcases.AssetUpdateBuildingAPITest.end()'><b>end</b><br>Test class: com.arcapi.Buildingtestcases.AssetUpdateBuildingAPITest</td>
<td></td>
<td>0</td>
<td>com.arcapi.Buildingtestcases.AssetUpdateBuildingAPITest@6093dd95</td></tr>
<tr>
<td title='com.arcapi.Common.VerifyProjectRegisteredAssetListTest.end()'><b>end</b><br>Test class: com.arcapi.Common.VerifyProjectRegisteredAssetListTest</td>
<td></td>
<td>0</td>
<td>com.arcapi.Common.VerifyProjectRegisteredAssetListTest@5622fdf</td></tr>
<tr>
<td title='com.arcapi.Common.AssetDocumentAPITest.end()'><b>end</b><br>Test class: com.arcapi.Common.AssetDocumentAPITest</td>
<td></td>
<td>0</td>
<td>com.arcapi.Common.AssetDocumentAPITest@4883b407</td></tr>
<tr>
<td title='com.arcapi.Common.DownloadDocumentsAPITest.end()'><b>end</b><br>Test class: com.arcapi.Common.DownloadDocumentsAPITest</td>
<td></td>
<td>0</td>
<td>com.arcapi.Common.DownloadDocumentsAPITest@7d9d1a19</td></tr>
<tr>
<td title='com.arcapi.Common.FetchingAgreementDetailsAPITest.end()'><b>end</b><br>Test class: com.arcapi.Common.FetchingAgreementDetailsAPITest</td>
<td></td>
<td>0</td>
<td>com.arcapi.Common.FetchingAgreementDetailsAPITest@39c0f4a</td></tr>
</table><p>
<table width='100%' border='1' class='invocation-skipped'>
<tr><td colspan='4' align='center'><b>SKIPPED TESTS</b></td></tr>
<tr><td><b>Test method</b></td>
<td width="30%"><b>Exception</b></td>
<td width="10%"><b>Time (seconds)</b></td>
<td><b>Instance</b></td>
</tr>
<tr>
<td title='com.arcapi.Common.AssetDocumentAPITest.AssetDocumentAPI()'><b>AssetDocumentAPI</b><br>Test class: com.arcapi.Common.AssetDocumentAPITest</td>
<td><div><pre>org.testng.TestNGException: 
Parameter &apos;SheetName&apos; is required by @Test on method AssetDocumentAPI but has not been marked @Optional or defined
in D:\worksapceNew\TestArcAPI\src\main\resources\TestNGFiles\LEEDv4Building.xml
... Removed 22 stack frames</pre></div><a href='#' onClick='toggleBox("stack-trace262366552", this, "Click to show all stack frames", "Click to hide stack frames")'>Click to show all stack frames</a>
<div class='stack-trace' id='stack-trace262366552'><pre>org.testng.TestNGException: 
Parameter &apos;SheetName&apos; is required by @Test on method AssetDocumentAPI but has not been marked @Optional or defined
in D:\worksapceNew\TestArcAPI\src\main\resources\TestNGFiles\LEEDv4Building.xml
	at org.testng.internal.Parameters.createParameters(Parameters.java:154)
	at org.testng.internal.Parameters.createParameters(Parameters.java:361)
	at org.testng.internal.Parameters.handleParameters(Parameters.java:451)
	at org.testng.internal.Invoker.handleParameters(Invoker.java:1274)
	at org.testng.internal.Invoker.createParameters(Invoker.java:989)
	at org.testng.internal.Invoker.invokeTestMethods(Invoker.java:1079)
	at org.testng.internal.TestMethodWorker.invokeTestMethods(TestMethodWorker.java:129)
	at org.testng.internal.TestMethodWorker.run(TestMethodWorker.java:112)
	at org.testng.TestRunner.privateRun(TestRunner.java:782)
	at org.testng.TestRunner.run(TestRunner.java:632)
	at org.testng.SuiteRunner.runTest(SuiteRunner.java:366)
	at org.testng.SuiteRunner.runSequentially(SuiteRunner.java:361)
	at org.testng.SuiteRunner.privateRun(SuiteRunner.java:319)
	at org.testng.SuiteRunner.run(SuiteRunner.java:268)
	at org.testng.SuiteRunnerWorker.runSuite(SuiteRunnerWorker.java:52)
	at org.testng.SuiteRunnerWorker.run(SuiteRunnerWorker.java:86)
	at org.testng.TestNG.runSuitesSequentially(TestNG.java:1244)
	at org.testng.TestNG.runSuitesLocally(TestNG.java:1169)
	at org.testng.TestNG.run(TestNG.java:1064)
	at org.testng.remote.RemoteTestNG.run(RemoteTestNG.java:113)
	at org.testng.remote.RemoteTestNG.initAndRun(RemoteTestNG.java:206)
	at org.testng.remote.RemoteTestNG.main(RemoteTestNG.java:177)
</pre></div></td>
<td>0</td>
<td>com.arcapi.Common.AssetDocumentAPITest@4883b407</td></tr>
<tr>
<td title='com.arcapi.Buildingtestcases.AssetUpdateBuildingAPITest.AssetUpdateforNewAssetPUTAPI()'><b>AssetUpdateforNewAssetPUTAPI</b><br>Test class: com.arcapi.Buildingtestcases.AssetUpdateBuildingAPITest</td>
<td><div><pre>org.testng.TestNGException: 
Parameter &apos;SheetName&apos; is required by @Test on method AssetUpdateforNewAssetPUTAPI but has not been marked @Optional or defined
in D:\worksapceNew\TestArcAPI\src\main\resources\TestNGFiles\LEEDv4Building.xml
... Removed 22 stack frames</pre></div><a href='#' onClick='toggleBox("stack-trace1112414583", this, "Click to show all stack frames", "Click to hide stack frames")'>Click to show all stack frames</a>
<div class='stack-trace' id='stack-trace1112414583'><pre>org.testng.TestNGException: 
Parameter &apos;SheetName&apos; is required by @Test on method AssetUpdateforNewAssetPUTAPI but has not been marked @Optional or defined
in D:\worksapceNew\TestArcAPI\src\main\resources\TestNGFiles\LEEDv4Building.xml
	at org.testng.internal.Parameters.createParameters(Parameters.java:154)
	at org.testng.internal.Parameters.createParameters(Parameters.java:361)
	at org.testng.internal.Parameters.handleParameters(Parameters.java:451)
	at org.testng.internal.Invoker.handleParameters(Invoker.java:1274)
	at org.testng.internal.Invoker.createParameters(Invoker.java:989)
	at org.testng.internal.Invoker.invokeTestMethods(Invoker.java:1079)
	at org.testng.internal.TestMethodWorker.invokeTestMethods(TestMethodWorker.java:129)
	at org.testng.internal.TestMethodWorker.run(TestMethodWorker.java:112)
	at org.testng.TestRunner.privateRun(TestRunner.java:782)
	at org.testng.TestRunner.run(TestRunner.java:632)
	at org.testng.SuiteRunner.runTest(SuiteRunner.java:366)
	at org.testng.SuiteRunner.runSequentially(SuiteRunner.java:361)
	at org.testng.SuiteRunner.privateRun(SuiteRunner.java:319)
	at org.testng.SuiteRunner.run(SuiteRunner.java:268)
	at org.testng.SuiteRunnerWorker.runSuite(SuiteRunnerWorker.java:52)
	at org.testng.SuiteRunnerWorker.run(SuiteRunnerWorker.java:86)
	at org.testng.TestNG.runSuitesSequentially(TestNG.java:1244)
	at org.testng.TestNG.runSuitesLocally(TestNG.java:1169)
	at org.testng.TestNG.run(TestNG.java:1064)
	at org.testng.remote.RemoteTestNG.run(RemoteTestNG.java:113)
	at org.testng.remote.RemoteTestNG.initAndRun(RemoteTestNG.java:206)
	at org.testng.remote.RemoteTestNG.main(RemoteTestNG.java:177)
</pre></div></td>
<td>0</td>
<td>com.arcapi.Buildingtestcases.AssetUpdateBuildingAPITest@6093dd95</td></tr>
<tr>
<td title='com.arcapi.Common.DownloadDocumentsAPITest.DownloadDocumentsAPI()'><b>DownloadDocumentsAPI</b><br>Test class: com.arcapi.Common.DownloadDocumentsAPITest</td>
<td><div><pre>org.testng.TestNGException: 
Parameter &apos;SheetName&apos; is required by @Test on method DownloadDocumentsAPI but has not been marked @Optional or defined
in D:\worksapceNew\TestArcAPI\src\main\resources\TestNGFiles\LEEDv4Building.xml
... Removed 22 stack frames</pre></div><a href='#' onClick='toggleBox("stack-trace254801937", this, "Click to show all stack frames", "Click to hide stack frames")'>Click to show all stack frames</a>
<div class='stack-trace' id='stack-trace254801937'><pre>org.testng.TestNGException: 
Parameter &apos;SheetName&apos; is required by @Test on method DownloadDocumentsAPI but has not been marked @Optional or defined
in D:\worksapceNew\TestArcAPI\src\main\resources\TestNGFiles\LEEDv4Building.xml
	at org.testng.internal.Parameters.createParameters(Parameters.java:154)
	at org.testng.internal.Parameters.createParameters(Parameters.java:361)
	at org.testng.internal.Parameters.handleParameters(Parameters.java:451)
	at org.testng.internal.Invoker.handleParameters(Invoker.java:1274)
	at org.testng.internal.Invoker.createParameters(Invoker.java:989)
	at org.testng.internal.Invoker.invokeTestMethods(Invoker.java:1079)
	at org.testng.internal.TestMethodWorker.invokeTestMethods(TestMethodWorker.java:129)
	at org.testng.internal.TestMethodWorker.run(TestMethodWorker.java:112)
	at org.testng.TestRunner.privateRun(TestRunner.java:782)
	at org.testng.TestRunner.run(TestRunner.java:632)
	at org.testng.SuiteRunner.runTest(SuiteRunner.java:366)
	at org.testng.SuiteRunner.runSequentially(SuiteRunner.java:361)
	at org.testng.SuiteRunner.privateRun(SuiteRunner.java:319)
	at org.testng.SuiteRunner.run(SuiteRunner.java:268)
	at org.testng.SuiteRunnerWorker.runSuite(SuiteRunnerWorker.java:52)
	at org.testng.SuiteRunnerWorker.run(SuiteRunnerWorker.java:86)
	at org.testng.TestNG.runSuitesSequentially(TestNG.java:1244)
	at org.testng.TestNG.runSuitesLocally(TestNG.java:1169)
	at org.testng.TestNG.run(TestNG.java:1064)
	at org.testng.remote.RemoteTestNG.run(RemoteTestNG.java:113)
	at org.testng.remote.RemoteTestNG.initAndRun(RemoteTestNG.java:206)
	at org.testng.remote.RemoteTestNG.main(RemoteTestNG.java:177)
</pre></div></td>
<td>0</td>
<td>com.arcapi.Common.DownloadDocumentsAPITest@7d9d1a19</td></tr>
<tr>
<td title='com.arcapi.Common.FetchingAgreementDetailsAPITest.FetchingAgreementDetailsAPI()'><b>FetchingAgreementDetailsAPI</b><br>Test class: com.arcapi.Common.FetchingAgreementDetailsAPITest</td>
<td><div><pre>org.testng.TestNGException: 
Parameter &apos;SheetName&apos; is required by @Test on method FetchingAgreementDetailsAPI but has not been marked @Optional or defined
in D:\worksapceNew\TestArcAPI\src\main\resources\TestNGFiles\LEEDv4Building.xml
... Removed 22 stack frames</pre></div><a href='#' onClick='toggleBox("stack-trace1019298652", this, "Click to show all stack frames", "Click to hide stack frames")'>Click to show all stack frames</a>
<div class='stack-trace' id='stack-trace1019298652'><pre>org.testng.TestNGException: 
Parameter &apos;SheetName&apos; is required by @Test on method FetchingAgreementDetailsAPI but has not been marked @Optional or defined
in D:\worksapceNew\TestArcAPI\src\main\resources\TestNGFiles\LEEDv4Building.xml
	at org.testng.internal.Parameters.createParameters(Parameters.java:154)
	at org.testng.internal.Parameters.createParameters(Parameters.java:361)
	at org.testng.internal.Parameters.handleParameters(Parameters.java:451)
	at org.testng.internal.Invoker.handleParameters(Invoker.java:1274)
	at org.testng.internal.Invoker.createParameters(Invoker.java:989)
	at org.testng.internal.Invoker.invokeTestMethods(Invoker.java:1079)
	at org.testng.internal.TestMethodWorker.invokeTestMethods(TestMethodWorker.java:129)
	at org.testng.internal.TestMethodWorker.run(TestMethodWorker.java:112)
	at org.testng.TestRunner.privateRun(TestRunner.java:782)
	at org.testng.TestRunner.run(TestRunner.java:632)
	at org.testng.SuiteRunner.runTest(SuiteRunner.java:366)
	at org.testng.SuiteRunner.runSequentially(SuiteRunner.java:361)
	at org.testng.SuiteRunner.privateRun(SuiteRunner.java:319)
	at org.testng.SuiteRunner.run(SuiteRunner.java:268)
	at org.testng.SuiteRunnerWorker.runSuite(SuiteRunnerWorker.java:52)
	at org.testng.SuiteRunnerWorker.run(SuiteRunnerWorker.java:86)
	at org.testng.TestNG.runSuitesSequentially(TestNG.java:1244)
	at org.testng.TestNG.runSuitesLocally(TestNG.java:1169)
	at org.testng.TestNG.run(TestNG.java:1064)
	at org.testng.remote.RemoteTestNG.run(RemoteTestNG.java:113)
	at org.testng.remote.RemoteTestNG.initAndRun(RemoteTestNG.java:206)
	at org.testng.remote.RemoteTestNG.main(RemoteTestNG.java:177)
</pre></div></td>
<td>0</td>
<td>com.arcapi.Common.FetchingAgreementDetailsAPITest@39c0f4a</td></tr>
<tr>
<td title='com.arcapi.Leedv4Testcases.LEEDv4OMInteriorsBuildingsAPITest.LEEDv4OMInteriorsBuildingsAPI()'><b>LEEDv4OMInteriorsBuildingsAPI</b><br>Test class: com.arcapi.Leedv4Testcases.LEEDv4OMInteriorsBuildingsAPITest</td>
<td><div><pre>org.testng.TestNGException: 
Parameter &apos;SheetName&apos; is required by @Test on method LEEDv4OMInteriorsBuildingsAPI but has not been marked @Optional or defined
in D:\worksapceNew\TestArcAPI\src\main\resources\TestNGFiles\LEEDv4Building.xml
... Removed 22 stack frames</pre></div><a href='#' onClick='toggleBox("stack-trace130668770", this, "Click to show all stack frames", "Click to hide stack frames")'>Click to show all stack frames</a>
<div class='stack-trace' id='stack-trace130668770'><pre>org.testng.TestNGException: 
Parameter &apos;SheetName&apos; is required by @Test on method LEEDv4OMInteriorsBuildingsAPI but has not been marked @Optional or defined
in D:\worksapceNew\TestArcAPI\src\main\resources\TestNGFiles\LEEDv4Building.xml
	at org.testng.internal.Parameters.createParameters(Parameters.java:154)
	at org.testng.internal.Parameters.createParameters(Parameters.java:361)
	at org.testng.internal.Parameters.handleParameters(Parameters.java:451)
	at org.testng.internal.Invoker.handleParameters(Invoker.java:1274)
	at org.testng.internal.Invoker.createParameters(Invoker.java:989)
	at org.testng.internal.Invoker.invokeTestMethods(Invoker.java:1079)
	at org.testng.internal.TestMethodWorker.invokeTestMethods(TestMethodWorker.java:129)
	at org.testng.internal.TestMethodWorker.run(TestMethodWorker.java:112)
	at org.testng.TestRunner.privateRun(TestRunner.java:782)
	at org.testng.TestRunner.run(TestRunner.java:632)
	at org.testng.SuiteRunner.runTest(SuiteRunner.java:366)
	at org.testng.SuiteRunner.runSequentially(SuiteRunner.java:361)
	at org.testng.SuiteRunner.privateRun(SuiteRunner.java:319)
	at org.testng.SuiteRunner.run(SuiteRunner.java:268)
	at org.testng.SuiteRunnerWorker.runSuite(SuiteRunnerWorker.java:52)
	at org.testng.SuiteRunnerWorker.run(SuiteRunnerWorker.java:86)
	at org.testng.TestNG.runSuitesSequentially(TestNG.java:1244)
	at org.testng.TestNG.runSuitesLocally(TestNG.java:1169)
	at org.testng.TestNG.run(TestNG.java:1064)
	at org.testng.remote.RemoteTestNG.run(RemoteTestNG.java:113)
	at org.testng.remote.RemoteTestNG.initAndRun(RemoteTestNG.java:206)
	at org.testng.remote.RemoteTestNG.main(RemoteTestNG.java:177)
</pre></div></td>
<td>0</td>
<td>com.arcapi.Leedv4Testcases.LEEDv4OMInteriorsBuildingsAPITest@685cb137</td></tr>
<tr>
<td title='com.arcapi.Leedv4Testcases.LOAuthenticateAPITest.LOAuthenticateAPI()'><b>LOAuthenticateAPI</b><br>Test class: com.arcapi.Leedv4Testcases.LOAuthenticateAPITest</td>
<td><div><pre>org.testng.TestNGException: 
Parameter &apos;SheetName&apos; is required by @Test on method LOAuthenticateAPI but has not been marked @Optional or defined
in D:\worksapceNew\TestArcAPI\src\main\resources\TestNGFiles\LEEDv4Building.xml
... Removed 22 stack frames</pre></div><a href='#' onClick='toggleBox("stack-trace1276611190", this, "Click to show all stack frames", "Click to hide stack frames")'>Click to show all stack frames</a>
<div class='stack-trace' id='stack-trace1276611190'><pre>org.testng.TestNGException: 
Parameter &apos;SheetName&apos; is required by @Test on method LOAuthenticateAPI but has not been marked @Optional or defined
in D:\worksapceNew\TestArcAPI\src\main\resources\TestNGFiles\LEEDv4Building.xml
	at org.testng.internal.Parameters.createParameters(Parameters.java:154)
	at org.testng.internal.Parameters.createParameters(Parameters.java:361)
	at org.testng.internal.Parameters.handleParameters(Parameters.java:451)
	at org.testng.internal.Invoker.handleParameters(Invoker.java:1274)
	at org.testng.internal.Invoker.createParameters(Invoker.java:989)
	at org.testng.internal.Invoker.invokeTestMethods(Invoker.java:1079)
	at org.testng.internal.TestMethodWorker.invokeTestMethods(TestMethodWorker.java:129)
	at org.testng.internal.TestMethodWorker.run(TestMethodWorker.java:112)
	at org.testng.TestRunner.privateRun(TestRunner.java:782)
	at org.testng.TestRunner.run(TestRunner.java:632)
	at org.testng.SuiteRunner.runTest(SuiteRunner.java:366)
	at org.testng.SuiteRunner.runSequentially(SuiteRunner.java:361)
	at org.testng.SuiteRunner.privateRun(SuiteRunner.java:319)
	at org.testng.SuiteRunner.run(SuiteRunner.java:268)
	at org.testng.SuiteRunnerWorker.runSuite(SuiteRunnerWorker.java:52)
	at org.testng.SuiteRunnerWorker.run(SuiteRunnerWorker.java:86)
	at org.testng.TestNG.runSuitesSequentially(TestNG.java:1244)
	at org.testng.TestNG.runSuitesLocally(TestNG.java:1169)
	at org.testng.TestNG.run(TestNG.java:1064)
	at org.testng.remote.RemoteTestNG.run(RemoteTestNG.java:113)
	at org.testng.remote.RemoteTestNG.initAndRun(RemoteTestNG.java:206)
	at org.testng.remote.RemoteTestNG.main(RemoteTestNG.java:177)
</pre></div></td>
<td>0</td>
<td>com.arcapi.Leedv4Testcases.LOAuthenticateAPITest@6a4f787b</td></tr>
<tr>
<td title='com.arcapi.Leedv4Testcases.LOProjectSyncAPITest.LOProjectSyncAPI()'><b>LOProjectSyncAPI</b><br>Test class: com.arcapi.Leedv4Testcases.LOProjectSyncAPITest</td>
<td><div><pre>org.testng.TestNGException: 
Parameter &apos;SheetName&apos; is required by @Test on method LOProjectSyncAPI but has not been marked @Optional or defined
in D:\worksapceNew\TestArcAPI\src\main\resources\TestNGFiles\LEEDv4Building.xml
... Removed 22 stack frames</pre></div><a href='#' onClick='toggleBox("stack-trace2129144075", this, "Click to show all stack frames", "Click to hide stack frames")'>Click to show all stack frames</a>
<div class='stack-trace' id='stack-trace2129144075'><pre>org.testng.TestNGException: 
Parameter &apos;SheetName&apos; is required by @Test on method LOProjectSyncAPI but has not been marked @Optional or defined
in D:\worksapceNew\TestArcAPI\src\main\resources\TestNGFiles\LEEDv4Building.xml
	at org.testng.internal.Parameters.createParameters(Parameters.java:154)
	at org.testng.internal.Parameters.createParameters(Parameters.java:361)
	at org.testng.internal.Parameters.handleParameters(Parameters.java:451)
	at org.testng.internal.Invoker.handleParameters(Invoker.java:1274)
	at org.testng.internal.Invoker.createParameters(Invoker.java:989)
	at org.testng.internal.Invoker.invokeTestMethods(Invoker.java:1079)
	at org.testng.internal.TestMethodWorker.invokeTestMethods(TestMethodWorker.java:129)
	at org.testng.internal.TestMethodWorker.run(TestMethodWorker.java:112)
	at org.testng.TestRunner.privateRun(TestRunner.java:782)
	at org.testng.TestRunner.run(TestRunner.java:632)
	at org.testng.SuiteRunner.runTest(SuiteRunner.java:366)
	at org.testng.SuiteRunner.runSequentially(SuiteRunner.java:361)
	at org.testng.SuiteRunner.privateRun(SuiteRunner.java:319)
	at org.testng.SuiteRunner.run(SuiteRunner.java:268)
	at org.testng.SuiteRunnerWorker.runSuite(SuiteRunnerWorker.java:52)
	at org.testng.SuiteRunnerWorker.run(SuiteRunnerWorker.java:86)
	at org.testng.TestNG.runSuitesSequentially(TestNG.java:1244)
	at org.testng.TestNG.runSuitesLocally(TestNG.java:1169)
	at org.testng.TestNG.run(TestNG.java:1064)
	at org.testng.remote.RemoteTestNG.run(RemoteTestNG.java:113)
	at org.testng.remote.RemoteTestNG.initAndRun(RemoteTestNG.java:206)
	at org.testng.remote.RemoteTestNG.main(RemoteTestNG.java:177)
</pre></div></td>
<td>0</td>
<td>com.arcapi.Leedv4Testcases.LOProjectSyncAPITest@7cd62f43</td></tr>
<tr>
<td title='com.arcapi.Common.LoginAPITest.LoginAPI()'><b>LoginAPI</b><br>Test class: com.arcapi.Common.LoginAPITest</td>
<td></td>
<td>0</td>
<td>com.arcapi.Common.LoginAPITest@6a41eaa2</td></tr>
<tr>
<td title='com.arcapi.Leedv4Testcases.SignAgreementRegistrationAPITest.SignAgreementRegistrationAPI()'><b>SignAgreementRegistrationAPI</b><br>Test class: com.arcapi.Leedv4Testcases.SignAgreementRegistrationAPITest</td>
<td><div><pre>org.testng.TestNGException: 
Parameter &apos;SheetName&apos; is required by @Test on method SignAgreementRegistrationAPI but has not been marked @Optional or defined
in D:\worksapceNew\TestArcAPI\src\main\resources\TestNGFiles\LEEDv4Building.xml
... Removed 22 stack frames</pre></div><a href='#' onClick='toggleBox("stack-trace925308434", this, "Click to show all stack frames", "Click to hide stack frames")'>Click to show all stack frames</a>
<div class='stack-trace' id='stack-trace925308434'><pre>org.testng.TestNGException: 
Parameter &apos;SheetName&apos; is required by @Test on method SignAgreementRegistrationAPI but has not been marked @Optional or defined
in D:\worksapceNew\TestArcAPI\src\main\resources\TestNGFiles\LEEDv4Building.xml
	at org.testng.internal.Parameters.createParameters(Parameters.java:154)
	at org.testng.internal.Parameters.createParameters(Parameters.java:361)
	at org.testng.internal.Parameters.handleParameters(Parameters.java:451)
	at org.testng.internal.Invoker.handleParameters(Invoker.java:1274)
	at org.testng.internal.Invoker.createParameters(Invoker.java:989)
	at org.testng.internal.Invoker.invokeTestMethods(Invoker.java:1079)
	at org.testng.internal.TestMethodWorker.invokeTestMethods(TestMethodWorker.java:129)
	at org.testng.internal.TestMethodWorker.run(TestMethodWorker.java:112)
	at org.testng.TestRunner.privateRun(TestRunner.java:782)
	at org.testng.TestRunner.run(TestRunner.java:632)
	at org.testng.SuiteRunner.runTest(SuiteRunner.java:366)
	at org.testng.SuiteRunner.runSequentially(SuiteRunner.java:361)
	at org.testng.SuiteRunner.privateRun(SuiteRunner.java:319)
	at org.testng.SuiteRunner.run(SuiteRunner.java:268)
	at org.testng.SuiteRunnerWorker.runSuite(SuiteRunnerWorker.java:52)
	at org.testng.SuiteRunnerWorker.run(SuiteRunnerWorker.java:86)
	at org.testng.TestNG.runSuitesSequentially(TestNG.java:1244)
	at org.testng.TestNG.runSuitesLocally(TestNG.java:1169)
	at org.testng.TestNG.run(TestNG.java:1064)
	at org.testng.remote.RemoteTestNG.run(RemoteTestNG.java:113)
	at org.testng.remote.RemoteTestNG.initAndRun(RemoteTestNG.java:206)
	at org.testng.remote.RemoteTestNG.main(RemoteTestNG.java:177)
</pre></div></td>
<td>0</td>
<td>com.arcapi.Leedv4Testcases.SignAgreementRegistrationAPITest@6d4b1c02</td></tr>
<tr>
<td title='com.arcapi.Common.VerifyProjectRegisteredAssetListTest.VerifyProjectRegisteredAssetList()'><b>VerifyProjectRegisteredAssetList</b><br>Test class: com.arcapi.Common.VerifyProjectRegisteredAssetListTest</td>
<td><div><pre>org.testng.TestNGException: 
Parameter &apos;SheetName&apos; is required by @Test on method VerifyProjectRegisteredAssetList but has not been marked @Optional or defined
in D:\worksapceNew\TestArcAPI\src\main\resources\TestNGFiles\LEEDv4Building.xml
... Removed 22 stack frames</pre></div><a href='#' onClick='toggleBox("stack-trace793138072", this, "Click to show all stack frames", "Click to hide stack frames")'>Click to show all stack frames</a>
<div class='stack-trace' id='stack-trace793138072'><pre>org.testng.TestNGException: 
Parameter &apos;SheetName&apos; is required by @Test on method VerifyProjectRegisteredAssetList but has not been marked @Optional or defined
in D:\worksapceNew\TestArcAPI\src\main\resources\TestNGFiles\LEEDv4Building.xml
	at org.testng.internal.Parameters.createParameters(Parameters.java:154)
	at org.testng.internal.Parameters.createParameters(Parameters.java:361)
	at org.testng.internal.Parameters.handleParameters(Parameters.java:451)
	at org.testng.internal.Invoker.handleParameters(Invoker.java:1274)
	at org.testng.internal.Invoker.createParameters(Invoker.java:989)
	at org.testng.internal.Invoker.invokeTestMethods(Invoker.java:1079)
	at org.testng.internal.TestMethodWorker.invokeTestMethods(TestMethodWorker.java:129)
	at org.testng.internal.TestMethodWorker.run(TestMethodWorker.java:112)
	at org.testng.TestRunner.privateRun(TestRunner.java:782)
	at org.testng.TestRunner.run(TestRunner.java:632)
	at org.testng.SuiteRunner.runTest(SuiteRunner.java:366)
	at org.testng.SuiteRunner.runSequentially(SuiteRunner.java:361)
	at org.testng.SuiteRunner.privateRun(SuiteRunner.java:319)
	at org.testng.SuiteRunner.run(SuiteRunner.java:268)
	at org.testng.SuiteRunnerWorker.runSuite(SuiteRunnerWorker.java:52)
	at org.testng.SuiteRunnerWorker.run(SuiteRunnerWorker.java:86)
	at org.testng.TestNG.runSuitesSequentially(TestNG.java:1244)
	at org.testng.TestNG.runSuitesLocally(TestNG.java:1169)
	at org.testng.TestNG.run(TestNG.java:1064)
	at org.testng.remote.RemoteTestNG.run(RemoteTestNG.java:113)
	at org.testng.remote.RemoteTestNG.initAndRun(RemoteTestNG.java:206)
	at org.testng.remote.RemoteTestNG.main(RemoteTestNG.java:177)
</pre></div></td>
<td>0</td>
<td>com.arcapi.Common.VerifyProjectRegisteredAssetListTest@5622fdf</td></tr>
</table><p>
</body>
</html>