<html>
<head>
<title>TestNG:  DataValidationTest-Building</title>
<link href="../testng.css" rel="stylesheet" type="text/css" />
<link href="../my-testng.css" rel="stylesheet" type="text/css" />

<style type="text/css">
.log { display: none;} 
.stack-trace { display: none;} 
</style>
<script type="text/javascript">
<!--
function flip(e) {
  current = e.style.display;
  if (current == 'block') {
    e.style.display = 'none';
    return 0;
  }
  else {
    e.style.display = 'block';
    return 1;
  }
}

function toggleBox(szDivId, elem, msg1, msg2)
{
  var res = -1;  if (document.getElementById) {
    res = flip(document.getElementById(szDivId));
  }
  else if (document.all) {
    // this is the way old msie versions work
    res = flip(document.all[szDivId]);
  }
  if(elem) {
    if(res == 0) elem.innerHTML = msg1; else elem.innerHTML = msg2;
  }

}

function toggleAllBoxes() {
  if (document.getElementsByTagName) {
    d = document.getElementsByTagName('div');
    for (i = 0; i < d.length; i++) {
      if (d[i].className == 'log') {
        flip(d[i]);
      }
    }
  }
}

// -->
</script>

</head>
<body>
<h2 align='center'>DataValidationTest-Building</h2><table border='1' align="center">
<tr>
<td>Tests passed/Failed/Skipped:</td><td>46/4/0</td>
</tr><tr>
<td>Started on:</td><td>Fri Jun 21 11:08:45 IST 2019</td>
</tr>
<tr><td>Total time:</td><td>963 seconds (963879 ms)</td>
</tr><tr>
<td>Included groups:</td><td></td>
</tr><tr>
<td>Excluded groups:</td><td></td>
</tr>
</table><p/>
<small><i>(Hover the method name to see the test class name)</i></small><p/>
<table width='100%' border='1' class='invocation-failed'>
<tr><td colspan='4' align='center'><b>FAILED TESTS</b></td></tr>
<tr><td><b>Test method</b></td>
<td width="30%"><b>Exception</b></td>
<td width="10%"><b>Time (seconds)</b></td>
<td><b>Instance</b></td>
</tr>
<tr>
<td title='com.arcapi.CompleteDataValidationTestcases.AssetCertificationPOSTAPITest.AssetCertificationPOSTAPI()'><b>AssetCertificationPOSTAPI</b><br>Test class: com.arcapi.CompleteDataValidationTestcases.AssetCertificationPOSTAPITest<br>Parameters: QAS, ProjectIDBuildingOther, 2</td>
<td><div><pre>java.lang.NullPointerException
	at com.arc.driver.CommonMethod.GeneratingAuthCodeAdminUser(CommonMethod.java:101)
	at com.arcapi.CompleteDataValidationTestcases.AssetCertificationPOSTAPITest.AssetCertificationPOSTAPI(AssetCertificationPOSTAPITest.java:28)
... Removed 26 stack frames</pre></div><a href='#' onClick='toggleBox("stack-trace179899325", this, "Click to show all stack frames", "Click to hide stack frames")'>Click to show all stack frames</a>
<div class='stack-trace' id='stack-trace179899325'><pre>java.lang.NullPointerException
	at com.arc.driver.CommonMethod.GeneratingAuthCodeAdminUser(CommonMethod.java:101)
	at com.arcapi.CompleteDataValidationTestcases.AssetCertificationPOSTAPITest.AssetCertificationPOSTAPI(AssetCertificationPOSTAPITest.java:28)
	at sun.reflect.NativeMethodAccessorImpl.invoke0(Native Method)
	at sun.reflect.NativeMethodAccessorImpl.invoke(Unknown Source)
	at sun.reflect.DelegatingMethodAccessorImpl.invoke(Unknown Source)
	at java.lang.reflect.Method.invoke(Unknown Source)
	at org.testng.internal.MethodInvocationHelper.invokeMethod(MethodInvocationHelper.java:124)
	at org.testng.internal.Invoker.invokeMethod(Invoker.java:571)
	at org.testng.internal.Invoker.invokeTestMethod(Invoker.java:707)
	at org.testng.internal.Invoker.invokeTestMethods(Invoker.java:979)
	at org.testng.internal.TestMethodWorker.invokeTestMethods(TestMethodWorker.java:125)
	at org.testng.internal.TestMethodWorker.run(TestMethodWorker.java:109)
	at org.testng.TestRunner.privateRun(TestRunner.java:648)
	at org.testng.TestRunner.run(TestRunner.java:505)
	at org.testng.SuiteRunner.runTest(SuiteRunner.java:455)
	at org.testng.SuiteRunner.runSequentially(SuiteRunner.java:450)
	at org.testng.SuiteRunner.privateRun(SuiteRunner.java:415)
	at org.testng.SuiteRunner.run(SuiteRunner.java:364)
	at org.testng.SuiteRunnerWorker.runSuite(SuiteRunnerWorker.java:52)
	at org.testng.SuiteRunnerWorker.run(SuiteRunnerWorker.java:84)
	at org.testng.TestNG.runSuitesSequentially(TestNG.java:1187)
	at org.testng.TestNG.runSuitesSequentially(TestNG.java:1183)
	at org.testng.TestNG.runSuitesLocally(TestNG.java:1116)
	at org.testng.TestNG.runSuites(TestNG.java:1028)
	at org.testng.TestNG.run(TestNG.java:996)
	at org.testng.remote.AbstractRemoteTestNG.run(AbstractRemoteTestNG.java:114)
	at org.testng.remote.RemoteTestNG.initAndRun(RemoteTestNG.java:251)
	at org.testng.remote.RemoteTestNG.main(RemoteTestNG.java:77)
</pre></div></td>
<td>2</td>
<td>com.arcapi.CompleteDataValidationTestcases.AssetCertificationPOSTAPITest@3d0f8e03</td></tr>
<tr>
<td title='com.arcapi.CompleteDataValidationTestcases.CreditFormUploadPOSTAPITest.CreditFormUploadPOSTAPI()'><b>CreditFormUploadPOSTAPI</b><br>Test class: com.arcapi.CompleteDataValidationTestcases.CreditFormUploadPOSTAPITest<br>Parameters: QAS, ProjectIDBuildingOther, 2</td>
<td><div><pre>java.lang.AssertionError: 1 expectation failed.
Expected content-type &quot;JSON&quot; doesn&apos;t match actual content-type &quot;text/html&quot;.

	at org.codehaus.groovy.runtime.callsite.ConstructorSite$ConstructorSiteNoUnwrap.callConstructor(ConstructorSite.java:84)
	at org.codehaus.groovy.runtime.callsite.CallSiteArray.defaultCallConstructor(CallSiteArray.java:60)
	at org.codehaus.groovy.runtime.callsite.AbstractCallSite.callConstructor(AbstractCallSite.java:235)
	at org.codehaus.groovy.runtime.callsite.AbstractCallSite.callConstructor(AbstractCallSite.java:247)
	at com.jayway.restassured.internal.ResponseSpecificationImpl$HamcrestAssertionClosure.validate(ResponseSpecificationImpl.groovy:598)
	at com.jayway.restassured.internal.ResponseSpecificationImpl$HamcrestAssertionClosure$validate$1.call(Unknown Source)
	at com.jayway.restassured.internal.ResponseSpecificationImpl.validateResponseIfRequired(ResponseSpecificationImpl.groovy:760)
	at org.codehaus.groovy.runtime.callsite.PogoMetaMethodSite$PogoCachedMethodSiteNoUnwrapNoCoerce.invoke(PogoMetaMethodSite.java:210)
	at org.codehaus.groovy.runtime.callsite.PogoMetaMethodSite.callCurrent(PogoMetaMethodSite.java:59)
	at org.codehaus.groovy.runtime.callsite.AbstractCallSite.callCurrent(AbstractCallSite.java:166)
	at com.jayway.restassured.internal.ResponseSpecificationImpl.contentType(ResponseSpecificationImpl.groovy:526)
	at com.jayway.restassured.internal.ValidatableResponseOptionsImpl.contentType(ValidatableResponseOptionsImpl.java:240)
	at com.arcapi.CompleteDataValidationTestcases.CreditFormUploadPOSTAPITest.CreditFormUploadPOSTAPI(CreditFormUploadPOSTAPITest.java:62)
... Removed 35 stack frames</pre></div><a href='#' onClick='toggleBox("stack-trace282375539", this, "Click to show all stack frames", "Click to hide stack frames")'>Click to show all stack frames</a>
<div class='stack-trace' id='stack-trace282375539'><pre>java.lang.AssertionError: 1 expectation failed.
Expected content-type &quot;JSON&quot; doesn&apos;t match actual content-type &quot;text/html&quot;.

	at sun.reflect.NativeConstructorAccessorImpl.newInstance0(Native Method)
	at sun.reflect.NativeConstructorAccessorImpl.newInstance(Unknown Source)
	at sun.reflect.DelegatingConstructorAccessorImpl.newInstance(Unknown Source)
	at java.lang.reflect.Constructor.newInstance(Unknown Source)
	at org.codehaus.groovy.reflection.CachedConstructor.invoke(CachedConstructor.java:80)
	at org.codehaus.groovy.reflection.CachedConstructor.doConstructorInvoke(CachedConstructor.java:74)
	at org.codehaus.groovy.runtime.callsite.ConstructorSite$ConstructorSiteNoUnwrap.callConstructor(ConstructorSite.java:84)
	at org.codehaus.groovy.runtime.callsite.CallSiteArray.defaultCallConstructor(CallSiteArray.java:60)
	at org.codehaus.groovy.runtime.callsite.AbstractCallSite.callConstructor(AbstractCallSite.java:235)
	at org.codehaus.groovy.runtime.callsite.AbstractCallSite.callConstructor(AbstractCallSite.java:247)
	at com.jayway.restassured.internal.ResponseSpecificationImpl$HamcrestAssertionClosure.validate(ResponseSpecificationImpl.groovy:598)
	at com.jayway.restassured.internal.ResponseSpecificationImpl$HamcrestAssertionClosure$validate$1.call(Unknown Source)
	at com.jayway.restassured.internal.ResponseSpecificationImpl.validateResponseIfRequired(ResponseSpecificationImpl.groovy:760)
	at sun.reflect.GeneratedMethodAccessor114.invoke(Unknown Source)
	at sun.reflect.DelegatingMethodAccessorImpl.invoke(Unknown Source)
	at java.lang.reflect.Method.invoke(Unknown Source)
	at org.codehaus.groovy.runtime.callsite.PogoMetaMethodSite$PogoCachedMethodSiteNoUnwrapNoCoerce.invoke(PogoMetaMethodSite.java:210)
	at org.codehaus.groovy.runtime.callsite.PogoMetaMethodSite.callCurrent(PogoMetaMethodSite.java:59)
	at org.codehaus.groovy.runtime.callsite.AbstractCallSite.callCurrent(AbstractCallSite.java:166)
	at com.jayway.restassured.internal.ResponseSpecificationImpl.contentType(ResponseSpecificationImpl.groovy:526)
	at com.jayway.restassured.internal.ValidatableResponseOptionsImpl.contentType(ValidatableResponseOptionsImpl.java:240)
	at com.arcapi.CompleteDataValidationTestcases.CreditFormUploadPOSTAPITest.CreditFormUploadPOSTAPI(CreditFormUploadPOSTAPITest.java:62)
	at sun.reflect.NativeMethodAccessorImpl.invoke0(Native Method)
	at sun.reflect.NativeMethodAccessorImpl.invoke(Unknown Source)
	at sun.reflect.DelegatingMethodAccessorImpl.invoke(Unknown Source)
	at java.lang.reflect.Method.invoke(Unknown Source)
	at org.testng.internal.MethodInvocationHelper.invokeMethod(MethodInvocationHelper.java:124)
	at org.testng.internal.Invoker.invokeMethod(Invoker.java:571)
	at org.testng.internal.Invoker.invokeTestMethod(Invoker.java:707)
	at org.testng.internal.Invoker.invokeTestMethods(Invoker.java:979)
	at org.testng.internal.TestMethodWorker.invokeTestMethods(TestMethodWorker.java:125)
	at org.testng.internal.TestMethodWorker.run(TestMethodWorker.java:109)
	at org.testng.TestRunner.privateRun(TestRunner.java:648)
	at org.testng.TestRunner.run(TestRunner.java:505)
	at org.testng.SuiteRunner.runTest(SuiteRunner.java:455)
	at org.testng.SuiteRunner.runSequentially(SuiteRunner.java:450)
	at org.testng.SuiteRunner.privateRun(SuiteRunner.java:415)
	at org.testng.SuiteRunner.run(SuiteRunner.java:364)
	at org.testng.SuiteRunnerWorker.runSuite(SuiteRunnerWorker.java:52)
	at org.testng.SuiteRunnerWorker.run(SuiteRunnerWorker.java:84)
	at org.testng.TestNG.runSuitesSequentially(TestNG.java:1187)
	at org.testng.TestNG.runSuitesSequentially(TestNG.java:1183)
	at org.testng.TestNG.runSuitesLocally(TestNG.java:1116)
	at org.testng.TestNG.runSuites(TestNG.java:1028)
	at org.testng.TestNG.run(TestNG.java:996)
	at org.testng.remote.AbstractRemoteTestNG.run(AbstractRemoteTestNG.java:114)
	at org.testng.remote.RemoteTestNG.initAndRun(RemoteTestNG.java:251)
	at org.testng.remote.RemoteTestNG.main(RemoteTestNG.java:77)
</pre></div></td>
<td>2</td>
<td>com.arcapi.CompleteDataValidationTestcases.CreditFormUploadPOSTAPITest@281e3708</td></tr>
<tr>
<td title='com.arcapi.Buildingtestcases.EnvironmentSurveyCreatePOSTAPITest.EnvironmentSurveyCreatePOSTAPI()'><b>EnvironmentSurveyCreatePOSTAPI</b><br>Test class: com.arcapi.Buildingtestcases.EnvironmentSurveyCreatePOSTAPITest<br>Parameters: QAS, ProjectIDBuildingOther, 2</td>
<td><div><pre>java.lang.AssertionError: 1 expectation failed.
Expected status code &lt;201&gt; doesn&apos;t match actual status code &lt;400&gt;.

	at org.codehaus.groovy.runtime.callsite.ConstructorSite$ConstructorSiteNoUnwrap.callConstructor(ConstructorSite.java:84)
	at org.codehaus.groovy.runtime.callsite.AbstractCallSite.callConstructor(AbstractCallSite.java:247)
	at com.jayway.restassured.internal.ResponseSpecificationImpl$HamcrestAssertionClosure.validate(ResponseSpecificationImpl.groovy:598)
	at com.jayway.restassured.internal.ResponseSpecificationImpl$HamcrestAssertionClosure$validate$1.call(Unknown Source)
	at com.jayway.restassured.internal.ResponseSpecificationImpl.validateResponseIfRequired(ResponseSpecificationImpl.groovy:760)
	at org.codehaus.groovy.runtime.callsite.PogoMetaMethodSite$PogoCachedMethodSiteNoUnwrapNoCoerce.invoke(PogoMetaMethodSite.java:210)
	at org.codehaus.groovy.runtime.callsite.PogoMetaMethodSite.callCurrent(PogoMetaMethodSite.java:59)
	at org.codehaus.groovy.runtime.callsite.AbstractCallSite.callCurrent(AbstractCallSite.java:166)
	at com.jayway.restassured.internal.ResponseSpecificationImpl.statusCode(ResponseSpecificationImpl.groovy:120)
	at com.jayway.restassured.specification.ResponseSpecification$statusCode$0.callCurrent(Unknown Source)
	at com.jayway.restassured.internal.ResponseSpecificationImpl.statusCode(ResponseSpecificationImpl.groovy:128)
	at com.jayway.restassured.internal.ValidatableResponseOptionsImpl.statusCode(ValidatableResponseOptionsImpl.java:117)
	at com.arcapi.Buildingtestcases.EnvironmentSurveyCreatePOSTAPITest.EnvironmentSurveyCreatePOSTAPI(EnvironmentSurveyCreatePOSTAPITest.java:65)
... Removed 35 stack frames</pre></div><a href='#' onClick='toggleBox("stack-trace1924533224", this, "Click to show all stack frames", "Click to hide stack frames")'>Click to show all stack frames</a>
<div class='stack-trace' id='stack-trace1924533224'><pre>java.lang.AssertionError: 1 expectation failed.
Expected status code &lt;201&gt; doesn&apos;t match actual status code &lt;400&gt;.

	at sun.reflect.NativeConstructorAccessorImpl.newInstance0(Native Method)
	at sun.reflect.NativeConstructorAccessorImpl.newInstance(Unknown Source)
	at sun.reflect.DelegatingConstructorAccessorImpl.newInstance(Unknown Source)
	at java.lang.reflect.Constructor.newInstance(Unknown Source)
	at org.codehaus.groovy.reflection.CachedConstructor.invoke(CachedConstructor.java:80)
	at org.codehaus.groovy.reflection.CachedConstructor.doConstructorInvoke(CachedConstructor.java:74)
	at org.codehaus.groovy.runtime.callsite.ConstructorSite$ConstructorSiteNoUnwrap.callConstructor(ConstructorSite.java:84)
	at org.codehaus.groovy.runtime.callsite.AbstractCallSite.callConstructor(AbstractCallSite.java:247)
	at com.jayway.restassured.internal.ResponseSpecificationImpl$HamcrestAssertionClosure.validate(ResponseSpecificationImpl.groovy:598)
	at com.jayway.restassured.internal.ResponseSpecificationImpl$HamcrestAssertionClosure$validate$1.call(Unknown Source)
	at com.jayway.restassured.internal.ResponseSpecificationImpl.validateResponseIfRequired(ResponseSpecificationImpl.groovy:760)
	at sun.reflect.GeneratedMethodAccessor114.invoke(Unknown Source)
	at sun.reflect.DelegatingMethodAccessorImpl.invoke(Unknown Source)
	at java.lang.reflect.Method.invoke(Unknown Source)
	at org.codehaus.groovy.runtime.callsite.PogoMetaMethodSite$PogoCachedMethodSiteNoUnwrapNoCoerce.invoke(PogoMetaMethodSite.java:210)
	at org.codehaus.groovy.runtime.callsite.PogoMetaMethodSite.callCurrent(PogoMetaMethodSite.java:59)
	at org.codehaus.groovy.runtime.callsite.AbstractCallSite.callCurrent(AbstractCallSite.java:166)
	at com.jayway.restassured.internal.ResponseSpecificationImpl.statusCode(ResponseSpecificationImpl.groovy:120)
	at com.jayway.restassured.specification.ResponseSpecification$statusCode$0.callCurrent(Unknown Source)
	at com.jayway.restassured.internal.ResponseSpecificationImpl.statusCode(ResponseSpecificationImpl.groovy:128)
	at com.jayway.restassured.internal.ValidatableResponseOptionsImpl.statusCode(ValidatableResponseOptionsImpl.java:117)
	at com.arcapi.Buildingtestcases.EnvironmentSurveyCreatePOSTAPITest.EnvironmentSurveyCreatePOSTAPI(EnvironmentSurveyCreatePOSTAPITest.java:65)
	at sun.reflect.NativeMethodAccessorImpl.invoke0(Native Method)
	at sun.reflect.NativeMethodAccessorImpl.invoke(Unknown Source)
	at sun.reflect.DelegatingMethodAccessorImpl.invoke(Unknown Source)
	at java.lang.reflect.Method.invoke(Unknown Source)
	at org.testng.internal.MethodInvocationHelper.invokeMethod(MethodInvocationHelper.java:124)
	at org.testng.internal.Invoker.invokeMethod(Invoker.java:571)
	at org.testng.internal.Invoker.invokeTestMethod(Invoker.java:707)
	at org.testng.internal.Invoker.invokeTestMethods(Invoker.java:979)
	at org.testng.internal.TestMethodWorker.invokeTestMethods(TestMethodWorker.java:125)
	at org.testng.internal.TestMethodWorker.run(TestMethodWorker.java:109)
	at org.testng.TestRunner.privateRun(TestRunner.java:648)
	at org.testng.TestRunner.run(TestRunner.java:505)
	at org.testng.SuiteRunner.runTest(SuiteRunner.java:455)
	at org.testng.SuiteRunner.runSequentially(SuiteRunner.java:450)
	at org.testng.SuiteRunner.privateRun(SuiteRunner.java:415)
	at org.testng.SuiteRunner.run(SuiteRunner.java:364)
	at org.testng.SuiteRunnerWorker.runSuite(SuiteRunnerWorker.java:52)
	at org.testng.SuiteRunnerWorker.run(SuiteRunnerWorker.java:84)
	at org.testng.TestNG.runSuitesSequentially(TestNG.java:1187)
	at org.testng.TestNG.runSuitesSequentially(TestNG.java:1183)
	at org.testng.TestNG.runSuitesLocally(TestNG.java:1116)
	at org.testng.TestNG.runSuites(TestNG.java:1028)
	at org.testng.TestNG.run(TestNG.java:996)
	at org.testng.remote.AbstractRemoteTestNG.run(AbstractRemoteTestNG.java:114)
	at org.testng.remote.RemoteTestNG.initAndRun(RemoteTestNG.java:251)
	at org.testng.remote.RemoteTestNG.main(RemoteTestNG.java:77)
</pre></div></td>
<td>2</td>
<td>com.arcapi.Buildingtestcases.EnvironmentSurveyCreatePOSTAPITest@768b970c</td></tr>
<tr>
<td title='com.arcapi.CompleteDataValidationTestcases.TemperatureDataPostTest.TemperatureDataPost()'><b>TemperatureDataPost</b><br>Test class: com.arcapi.CompleteDataValidationTestcases.TemperatureDataPostTest<br>Parameters: QAS, ProjectIDBuildingOther, 2</td>
<td><div><pre>java.lang.AssertionError: 1 expectation failed.
Expected status code &lt;400&gt; doesn&apos;t match actual status code &lt;405&gt;.

	at org.codehaus.groovy.runtime.callsite.ConstructorSite$ConstructorSiteNoUnwrap.callConstructor(ConstructorSite.java:84)
	at org.codehaus.groovy.runtime.callsite.AbstractCallSite.callConstructor(AbstractCallSite.java:247)
	at com.jayway.restassured.internal.ResponseSpecificationImpl$HamcrestAssertionClosure.validate(ResponseSpecificationImpl.groovy:598)
	at com.jayway.restassured.internal.ResponseSpecificationImpl$HamcrestAssertionClosure$validate$1.call(Unknown Source)
	at com.jayway.restassured.internal.ResponseSpecificationImpl.validateResponseIfRequired(ResponseSpecificationImpl.groovy:760)
	at org.codehaus.groovy.runtime.callsite.PogoMetaMethodSite$PogoCachedMethodSiteNoUnwrapNoCoerce.invoke(PogoMetaMethodSite.java:210)
	at org.codehaus.groovy.runtime.callsite.PogoMetaMethodSite.callCurrent(PogoMetaMethodSite.java:59)
	at org.codehaus.groovy.runtime.callsite.AbstractCallSite.callCurrent(AbstractCallSite.java:166)
	at com.jayway.restassured.internal.ResponseSpecificationImpl.statusCode(ResponseSpecificationImpl.groovy:120)
	at com.jayway.restassured.specification.ResponseSpecification$statusCode$0.callCurrent(Unknown Source)
	at com.jayway.restassured.internal.ResponseSpecificationImpl.statusCode(ResponseSpecificationImpl.groovy:128)
	at com.jayway.restassured.internal.ValidatableResponseOptionsImpl.statusCode(ValidatableResponseOptionsImpl.java:117)
	at com.arcapi.CompleteDataValidationTestcases.TemperatureDataPostTest.TemperatureDataPost(TemperatureDataPostTest.java:67)
... Removed 35 stack frames</pre></div><a href='#' onClick='toggleBox("stack-trace1071962580", this, "Click to show all stack frames", "Click to hide stack frames")'>Click to show all stack frames</a>
<div class='stack-trace' id='stack-trace1071962580'><pre>java.lang.AssertionError: 1 expectation failed.
Expected status code &lt;400&gt; doesn&apos;t match actual status code &lt;405&gt;.

	at sun.reflect.NativeConstructorAccessorImpl.newInstance0(Native Method)
	at sun.reflect.NativeConstructorAccessorImpl.newInstance(Unknown Source)
	at sun.reflect.DelegatingConstructorAccessorImpl.newInstance(Unknown Source)
	at java.lang.reflect.Constructor.newInstance(Unknown Source)
	at org.codehaus.groovy.reflection.CachedConstructor.invoke(CachedConstructor.java:80)
	at org.codehaus.groovy.reflection.CachedConstructor.doConstructorInvoke(CachedConstructor.java:74)
	at org.codehaus.groovy.runtime.callsite.ConstructorSite$ConstructorSiteNoUnwrap.callConstructor(ConstructorSite.java:84)
	at org.codehaus.groovy.runtime.callsite.AbstractCallSite.callConstructor(AbstractCallSite.java:247)
	at com.jayway.restassured.internal.ResponseSpecificationImpl$HamcrestAssertionClosure.validate(ResponseSpecificationImpl.groovy:598)
	at com.jayway.restassured.internal.ResponseSpecificationImpl$HamcrestAssertionClosure$validate$1.call(Unknown Source)
	at com.jayway.restassured.internal.ResponseSpecificationImpl.validateResponseIfRequired(ResponseSpecificationImpl.groovy:760)
	at sun.reflect.GeneratedMethodAccessor114.invoke(Unknown Source)
	at sun.reflect.DelegatingMethodAccessorImpl.invoke(Unknown Source)
	at java.lang.reflect.Method.invoke(Unknown Source)
	at org.codehaus.groovy.runtime.callsite.PogoMetaMethodSite$PogoCachedMethodSiteNoUnwrapNoCoerce.invoke(PogoMetaMethodSite.java:210)
	at org.codehaus.groovy.runtime.callsite.PogoMetaMethodSite.callCurrent(PogoMetaMethodSite.java:59)
	at org.codehaus.groovy.runtime.callsite.AbstractCallSite.callCurrent(AbstractCallSite.java:166)
	at com.jayway.restassured.internal.ResponseSpecificationImpl.statusCode(ResponseSpecificationImpl.groovy:120)
	at com.jayway.restassured.specification.ResponseSpecification$statusCode$0.callCurrent(Unknown Source)
	at com.jayway.restassured.internal.ResponseSpecificationImpl.statusCode(ResponseSpecificationImpl.groovy:128)
	at com.jayway.restassured.internal.ValidatableResponseOptionsImpl.statusCode(ValidatableResponseOptionsImpl.java:117)
	at com.arcapi.CompleteDataValidationTestcases.TemperatureDataPostTest.TemperatureDataPost(TemperatureDataPostTest.java:67)
	at sun.reflect.NativeMethodAccessorImpl.invoke0(Native Method)
	at sun.reflect.NativeMethodAccessorImpl.invoke(Unknown Source)
	at sun.reflect.DelegatingMethodAccessorImpl.invoke(Unknown Source)
	at java.lang.reflect.Method.invoke(Unknown Source)
	at org.testng.internal.MethodInvocationHelper.invokeMethod(MethodInvocationHelper.java:124)
	at org.testng.internal.Invoker.invokeMethod(Invoker.java:571)
	at org.testng.internal.Invoker.invokeTestMethod(Invoker.java:707)
	at org.testng.internal.Invoker.invokeTestMethods(Invoker.java:979)
	at org.testng.internal.TestMethodWorker.invokeTestMethods(TestMethodWorker.java:125)
	at org.testng.internal.TestMethodWorker.run(TestMethodWorker.java:109)
	at org.testng.TestRunner.privateRun(TestRunner.java:648)
	at org.testng.TestRunner.run(TestRunner.java:505)
	at org.testng.SuiteRunner.runTest(SuiteRunner.java:455)
	at org.testng.SuiteRunner.runSequentially(SuiteRunner.java:450)
	at org.testng.SuiteRunner.privateRun(SuiteRunner.java:415)
	at org.testng.SuiteRunner.run(SuiteRunner.java:364)
	at org.testng.SuiteRunnerWorker.runSuite(SuiteRunnerWorker.java:52)
	at org.testng.SuiteRunnerWorker.run(SuiteRunnerWorker.java:84)
	at org.testng.TestNG.runSuitesSequentially(TestNG.java:1187)
	at org.testng.TestNG.runSuitesSequentially(TestNG.java:1183)
	at org.testng.TestNG.runSuitesLocally(TestNG.java:1116)
	at org.testng.TestNG.runSuites(TestNG.java:1028)
	at org.testng.TestNG.run(TestNG.java:996)
	at org.testng.remote.AbstractRemoteTestNG.run(AbstractRemoteTestNG.java:114)
	at org.testng.remote.RemoteTestNG.initAndRun(RemoteTestNG.java:251)
	at org.testng.remote.RemoteTestNG.main(RemoteTestNG.java:77)
</pre></div></td>
<td>1</td>
<td>com.arcapi.CompleteDataValidationTestcases.TemperatureDataPostTest@6366ebe0</td></tr>
</table><p>
<table width='100%' border='1' class='invocation-passed'>
<tr><td colspan='4' align='center'><b>PASSED TESTS</b></td></tr>
<tr><td><b>Test method</b></td>
<td width="30%"><b>Exception</b></td>
<td width="10%"><b>Time (seconds)</b></td>
<td><b>Instance</b></td>
</tr>
<tr>
<td title='com.arcapi.Buildingtestcases.AddAssestTimelinePOSTAPITest.AddAssestTimeline()'><b>AddAssestTimeline</b><br>Test class: com.arcapi.Buildingtestcases.AddAssestTimelinePOSTAPITest<br>Parameters: QAS, ProjectIDBuildingOther, 2</td>
<td></td>
<td>6</td>
<td>com.arcapi.Buildingtestcases.AddAssestTimelinePOSTAPITest@6fb0d3ed</td></tr>
<tr>
<td title='com.arcapi.CompleteDataValidationTestcases.AnalysisDataSubmitPOSTAPITest.AnalysisDataSubmitPOSTAPI()'><b>AnalysisDataSubmitPOSTAPI</b><br>Test class: com.arcapi.CompleteDataValidationTestcases.AnalysisDataSubmitPOSTAPITest<br>Parameters: QAS, ProjectIDBuildingOther, 2</td>
<td></td>
<td>16</td>
<td>com.arcapi.CompleteDataValidationTestcases.AnalysisDataSubmitPOSTAPITest@57f23557</td></tr>
<tr>
<td title='com.arcapi.CompleteDataValidationTestcases.AssetAppaddPOSTAPITest.AssetAppaddPOSTAPI()'><b>AssetAppaddPOSTAPI</b><br>Test class: com.arcapi.CompleteDataValidationTestcases.AssetAppaddPOSTAPITest<br>Parameters: QAS, ProjectIDBuildingOther, 2</td>
<td></td>
<td>24</td>
<td>com.arcapi.CompleteDataValidationTestcases.AssetAppaddPOSTAPITest@4bb4de6a</td></tr>
<tr>
<td title='com.arcapi.Buildingtestcases.AssetDetailAPITest.AssetDetailAPI()'><b>AssetDetailAPI</b><br>Test class: com.arcapi.Buildingtestcases.AssetDetailAPITest<br>Parameters: QAS, ProjectIDBuildingOther, 2</td>
<td></td>
<td>5</td>
<td>com.arcapi.Buildingtestcases.AssetDetailAPITest@6dde5c8c</td></tr>
<tr>
<td title='com.arcapi.Buildingtestcases.AssetNotificationSubscriptionPostTest.AssetNotificationSubscriptionPost()'><b>AssetNotificationSubscriptionPost</b><br>Test class: com.arcapi.Buildingtestcases.AssetNotificationSubscriptionPostTest<br>Parameters: QAS, ProjectIDBuildingOther, 2</td>
<td></td>
<td>2</td>
<td>com.arcapi.Buildingtestcases.AssetNotificationSubscriptionPostTest@5fcd892a</td></tr>
<tr>
<td title='com.arcapi.CompleteDataValidationTestcases.AssetNotificationSubscriptionPostTest.AssetNotificationSubscriptionPost()'><b>AssetNotificationSubscriptionPost</b><br>Test class: com.arcapi.CompleteDataValidationTestcases.AssetNotificationSubscriptionPostTest<br>Parameters: QAS, ProjectIDBuildingOther, 2</td>
<td></td>
<td>24</td>
<td>com.arcapi.CompleteDataValidationTestcases.AssetNotificationSubscriptionPostTest@8b87145</td></tr>
<tr>
<td title='com.arcapi.CompleteDataValidationTestcases.AssetOwnerOrgPOSTAPITest.AssetOwnerOrgPOSTAPI()'><b>AssetOwnerOrgPOSTAPI</b><br>Test class: com.arcapi.CompleteDataValidationTestcases.AssetOwnerOrgPOSTAPITest</td>
<td></td>
<td>23</td>
<td>com.arcapi.CompleteDataValidationTestcases.AssetOwnerOrgPOSTAPITest@52525845</td></tr>
<tr>
<td title='com.arcapi.CompleteDataValidationTestcases.AssetPerformanceScorePostAPITest.AssetPerformanceScorePostAPI()'><b>AssetPerformanceScorePostAPI</b><br>Test class: com.arcapi.CompleteDataValidationTestcases.AssetPerformanceScorePostAPITest<br>Parameters: QAS, ProjectIDBuildingOther, 2</td>
<td></td>
<td>16</td>
<td>com.arcapi.CompleteDataValidationTestcases.AssetPerformanceScorePostAPITest@543e710e</td></tr>
<tr>
<td title='com.arcapi.CompleteDataValidationTestcases.AssetTeamMemberAddPOSTAPITest.AssetTeamMemberAddPOSTAPI()'><b>AssetTeamMemberAddPOSTAPI</b><br>Test class: com.arcapi.CompleteDataValidationTestcases.AssetTeamMemberAddPOSTAPITest<br>Parameters: QAS, ProjectIDBuildingOther, 2</td>
<td></td>
<td>36</td>
<td>com.arcapi.CompleteDataValidationTestcases.AssetTeamMemberAddPOSTAPITest@61ca2dfa</td></tr>
<tr>
<td title='com.arcapi.CompleteDataValidationTestcases.AssetTeamMemberRemoveAPITest.AssetTeamMemberRemoveAPI()'><b>AssetTeamMemberRemoveAPI</b><br>Test class: com.arcapi.CompleteDataValidationTestcases.AssetTeamMemberRemoveAPITest<br>Parameters: QAS, ProjectIDBuildingOther, 2</td>
<td></td>
<td>32</td>
<td>com.arcapi.CompleteDataValidationTestcases.AssetTeamMemberRemoveAPITest@134593bf</td></tr>
<tr>
<td title='com.arcapi.CompleteDataValidationTestcases.AssetTeamMemberUpdateAPITest.AssetTeamMemberUpdateAPI()'><b>AssetTeamMemberUpdateAPI</b><br>Test class: com.arcapi.CompleteDataValidationTestcases.AssetTeamMemberUpdateAPITest<br>Parameters: QAS, ProjectIDBuildingOther, 2</td>
<td></td>
<td>33</td>
<td>com.arcapi.CompleteDataValidationTestcases.AssetTeamMemberUpdateAPITest@4b53f538</td></tr>
<tr>
<td title='com.arcapi.CompleteDataValidationTestcases.AssetTeamPermissionPostAPITest.AssetTeamPermissionPostAPI()'><b>AssetTeamPermissionPostAPI</b><br>Test class: com.arcapi.CompleteDataValidationTestcases.AssetTeamPermissionPostAPITest<br>Parameters: QAS, ProjectIDBuildingOther, 2</td>
<td></td>
<td>23</td>
<td>com.arcapi.CompleteDataValidationTestcases.AssetTeamPermissionPostAPITest@7dc222ae</td></tr>
<tr>
<td title='com.arcapi.CompleteDataValidationTestcases.AssetTeamPermissionPutAPITest.AssetTeamPermissionPutAPI()'><b>AssetTeamPermissionPutAPI</b><br>Test class: com.arcapi.CompleteDataValidationTestcases.AssetTeamPermissionPutAPITest<br>Parameters: QAS, ProjectIDBuildingOther, 2</td>
<td></td>
<td>24</td>
<td>com.arcapi.CompleteDataValidationTestcases.AssetTeamPermissionPutAPITest@aecb35a</td></tr>
<tr>
<td title='com.arcapi.CompleteDataValidationTestcases.AssetUpdateforNewAssetPUTAPITest.AssetUpdateforNewAssetPUTAPI()'><b>AssetUpdateforNewAssetPUTAPI</b><br>Test class: com.arcapi.CompleteDataValidationTestcases.AssetUpdateforNewAssetPUTAPITest<br>Parameters: QAS, ProjectIDBuildingOther, 2</td>
<td></td>
<td>35</td>
<td>com.arcapi.CompleteDataValidationTestcases.AssetUpdateforNewAssetPUTAPITest@68ceda24</td></tr>
<tr>
<td title='com.arcapi.CompleteDataValidationTestcases.AssetValidationInfoPOSTAPITest.AssetValidationInfoPOSTAPI()'><b>AssetValidationInfoPOSTAPI</b><br>Test class: com.arcapi.CompleteDataValidationTestcases.AssetValidationInfoPOSTAPITest</td>
<td></td>
<td>24</td>
<td>com.arcapi.CompleteDataValidationTestcases.AssetValidationInfoPOSTAPITest@5123a213</td></tr>
<tr>
<td title='com.arcapi.Buildingtestcases.ConsumptionCreatePOSTAPITest.ConsumptionCreatePOSTAPI()'><b>ConsumptionCreatePOSTAPI</b><br>Test class: com.arcapi.Buildingtestcases.ConsumptionCreatePOSTAPITest<br>Parameters: QAS, ProjectIDBuildingOther, 2</td>
<td></td>
<td>5</td>
<td>com.arcapi.Buildingtestcases.ConsumptionCreatePOSTAPITest@4516af24</td></tr>
<tr>
<td title='com.arcapi.CompleteDataValidationTestcases.ConsumptionCreatePOSTAPITest.ConsumptionCreatePOSTAPI()'><b>ConsumptionCreatePOSTAPI</b><br>Test class: com.arcapi.CompleteDataValidationTestcases.ConsumptionCreatePOSTAPITest<br>Parameters: QAS, ProjectIDBuildingOther, 2</td>
<td></td>
<td>23</td>
<td>com.arcapi.CompleteDataValidationTestcases.ConsumptionCreatePOSTAPITest@4ae82894</td></tr>
<tr>
<td title='com.arcapi.CompleteDataValidationTestcases.ConsumptionUpdatePUTAPITest.ConsumptionUpdatePUTAPI()'><b>ConsumptionUpdatePUTAPI</b><br>Test class: com.arcapi.CompleteDataValidationTestcases.ConsumptionUpdatePUTAPITest<br>Parameters: QAS, ProjectIDBuildingOther, 2</td>
<td></td>
<td>22</td>
<td>com.arcapi.CompleteDataValidationTestcases.ConsumptionUpdatePUTAPITest@543788f3</td></tr>
<tr>
<td title='com.arcapi.Buildingtestcases.CreateAssetBuildingOtherAPITest.CreateAssetPOSTAPI()'><b>CreateAssetPOSTAPI</b><br>Test class: com.arcapi.Buildingtestcases.CreateAssetBuildingOtherAPITest<br>Parameters: QAS, building, ProjectIDBuildingOther, 2, US</td>
<td></td>
<td>21</td>
<td>com.arcapi.Buildingtestcases.CreateAssetBuildingOtherAPITest@b3d7190</td></tr>
<tr>
<td title='com.arcapi.CompleteDataValidationTestcases.CreateAssetPOSTAPITest.CreateAssetPOSTAPI()'><b>CreateAssetPOSTAPI</b><br>Test class: com.arcapi.CompleteDataValidationTestcases.CreateAssetPOSTAPITest<br>Parameters: QAS, building, ProjectIDBuildingOther, 2</td>
<td></td>
<td>32</td>
<td>com.arcapi.CompleteDataValidationTestcases.CreateAssetPOSTAPITest@3b94d659</td></tr>
<tr>
<td title='com.arcapi.CompleteDataValidationTestcases.EnvironmentSurveyCreatePOSTAPITest.EnvironmentSurveyCreatePOSTAPI()'><b>EnvironmentSurveyCreatePOSTAPI</b><br>Test class: com.arcapi.CompleteDataValidationTestcases.EnvironmentSurveyCreatePOSTAPITest<br>Parameters: QAS, ProjectIDBuildingOther, 2</td>
<td></td>
<td>29</td>
<td>com.arcapi.CompleteDataValidationTestcases.EnvironmentSurveyCreatePOSTAPITest@15b3e5b</td></tr>
<tr>
<td title='com.arcapi.CompleteDataValidationTestcases.ExcelUploadTemplatePOSTAPITest.ExcelUploadTemplatePOSTAPI()'><b>ExcelUploadTemplatePOSTAPI</b><br>Test class: com.arcapi.CompleteDataValidationTestcases.ExcelUploadTemplatePOSTAPITest<br>Parameters: QAS, ProjectIDBuildingOther, 2</td>
<td></td>
<td>23</td>
<td>com.arcapi.CompleteDataValidationTestcases.ExcelUploadTemplatePOSTAPITest@1068e947</td></tr>
<tr>
<td title='com.arcapi.CompleteDataValidationTestcases.FeedbackSubmitPostAPITest.FeedbackSubmitPostAPI()'><b>FeedbackSubmitPostAPI</b><br>Test class: com.arcapi.CompleteDataValidationTestcases.FeedbackSubmitPostAPITest<br>Parameters: QAS, ProjectIDBuildingOther, 2</td>
<td></td>
<td>24</td>
<td>com.arcapi.CompleteDataValidationTestcases.FeedbackSubmitPostAPITest@15bfd87</td></tr>
<tr>
<td title='com.arcapi.CompleteDataValidationTestcases.MeterBulkConsumptionPOSTAPITest.MeterBulkConsumptionPOSTAPI()'><b>MeterBulkConsumptionPOSTAPI</b><br>Test class: com.arcapi.CompleteDataValidationTestcases.MeterBulkConsumptionPOSTAPITest<br>Parameters: QAS, ProjectIDBuildingOther, 2</td>
<td></td>
<td>23</td>
<td>com.arcapi.CompleteDataValidationTestcases.MeterBulkConsumptionPOSTAPITest@587c290d</td></tr>
<tr>
<td title='com.arcapi.Buildingtestcases.MeterCreatePOSTAPITest.MeterCreatePOSTAPI()'><b>MeterCreatePOSTAPI</b><br>Test class: com.arcapi.Buildingtestcases.MeterCreatePOSTAPITest<br>Parameters: QAS, ProjectIDBuildingOther, 2</td>
<td></td>
<td>2</td>
<td>com.arcapi.Buildingtestcases.MeterCreatePOSTAPITest@35a50a4c</td></tr>
<tr>
<td title='com.arcapi.CompleteDataValidationTestcases.MeterCreatePOSTAPITest.MeterCreatePOSTAPI()'><b>MeterCreatePOSTAPI</b><br>Test class: com.arcapi.CompleteDataValidationTestcases.MeterCreatePOSTAPITest<br>Parameters: QAS, ProjectIDBuildingOther, 2</td>
<td></td>
<td>24</td>
<td>com.arcapi.CompleteDataValidationTestcases.MeterCreatePOSTAPITest@1f021e6c</td></tr>
<tr>
<td title='com.arcapi.CompleteDataValidationTestcases.MeterUpdatePUTAPITest.MeterUpdatePUTAPI()'><b>MeterUpdatePUTAPI</b><br>Test class: com.arcapi.CompleteDataValidationTestcases.MeterUpdatePUTAPITest<br>Parameters: QAS, ProjectIDBuildingOther, 2</td>
<td></td>
<td>23</td>
<td>com.arcapi.CompleteDataValidationTestcases.MeterUpdatePUTAPITest@103f852</td></tr>
<tr>
<td title='com.arcapi.CompleteDataValidationTestcases.NotificationCreatePOSTAPITest.NotificationCreatePOSTAPI()'><b>NotificationCreatePOSTAPI</b><br>Test class: com.arcapi.CompleteDataValidationTestcases.NotificationCreatePOSTAPITest<br>Parameters: QAS, ProjectIDBuildingOther, 2</td>
<td></td>
<td>23</td>
<td>com.arcapi.CompleteDataValidationTestcases.NotificationCreatePOSTAPITest@80169cf</td></tr>
<tr>
<td title='com.arcapi.CompleteDataValidationTestcases.NotificationDeleteAPITest.NotificationDeleteAPI()'><b>NotificationDeleteAPI</b><br>Test class: com.arcapi.CompleteDataValidationTestcases.NotificationDeleteAPITest<br>Parameters: QAS, ProjectIDBuildingOther, 2</td>
<td></td>
<td>31</td>
<td>com.arcapi.CompleteDataValidationTestcases.NotificationDeleteAPITest@5427c60c</td></tr>
<tr>
<td title='com.arcapi.CompleteDataValidationTestcases.NotificationSubscriptionDetailPutTest.NotificationSubscriptionDetail()'><b>NotificationSubscriptionDetail</b><br>Test class: com.arcapi.CompleteDataValidationTestcases.NotificationSubscriptionDetailPutTest<br>Parameters: QAS, ProjectIDBuildingOther, 2</td>
<td></td>
<td>23</td>
<td>com.arcapi.CompleteDataValidationTestcases.NotificationSubscriptionDetailPutTest@6483f5ae</td></tr>
<tr>
<td title='com.arcapi.Buildingtestcases.NotificationSubscriptionDetailDeleteTest.NotificationSubscriptionDetailDelete()'><b>NotificationSubscriptionDetailDelete</b><br>Test class: com.arcapi.Buildingtestcases.NotificationSubscriptionDetailDeleteTest<br>Parameters: QAS, ProjectIDBuildingOther, 2</td>
<td></td>
<td>2</td>
<td>com.arcapi.Buildingtestcases.NotificationSubscriptionDetailDeleteTest@b9afc07</td></tr>
<tr>
<td title='com.arcapi.CompleteDataValidationTestcases.NotificationSubscriptionDetailDeleteTest.NotificationSubscriptionDetailDelete()'><b>NotificationSubscriptionDetailDelete</b><br>Test class: com.arcapi.CompleteDataValidationTestcases.NotificationSubscriptionDetailDeleteTest<br>Parameters: QAS, ProjectIDBuildingOther, 2</td>
<td></td>
<td>24</td>
<td>com.arcapi.CompleteDataValidationTestcases.NotificationSubscriptionDetailDeleteTest@382db087</td></tr>
<tr>
<td title='com.arcapi.Buildingtestcases.PaymentOrderSubmitPOSTAPITest.PaymentOrderSubmitPOSTAPI()'><b>PaymentOrderSubmitPOSTAPI</b><br>Test class: com.arcapi.Buildingtestcases.PaymentOrderSubmitPOSTAPITest<br>Parameters: QAS, ProjectIDBuildingOther, 2, CheckPayment</td>
<td></td>
<td>5</td>
<td>com.arcapi.Buildingtestcases.PaymentOrderSubmitPOSTAPITest@fe18270</td></tr>
<tr>
<td title='com.arcapi.CompleteDataValidationTestcases.PaymentOrderSubmitPOSTAPITest.PaymentOrderSubmitPOSTAPI()'><b>PaymentOrderSubmitPOSTAPI</b><br>Test class: com.arcapi.CompleteDataValidationTestcases.PaymentOrderSubmitPOSTAPITest<br>Parameters: QAS, ProjectIDBuildingOther, 2</td>
<td></td>
<td>23</td>
<td>com.arcapi.CompleteDataValidationTestcases.PaymentOrderSubmitPOSTAPITest@24b1d79b</td></tr>
<tr>
<td title='com.arcapi.Buildingtestcases.RegistrationPaymentPricingGetAPITest.RegistrationPaymentPricingGetAPI()'><b>RegistrationPaymentPricingGetAPI</b><br>Test class: com.arcapi.Buildingtestcases.RegistrationPaymentPricingGetAPITest<br>Parameters: QAS, ProjectIDBuildingOther, 2</td>
<td></td>
<td>3</td>
<td>com.arcapi.Buildingtestcases.RegistrationPaymentPricingGetAPITest@10d59286</td></tr>
<tr>
<td title='com.arcapi.CompleteDataValidationTestcases.S3DocumentRemoveAPITest.S3DocumentRemoveAPI()'><b>S3DocumentRemoveAPI</b><br>Test class: com.arcapi.CompleteDataValidationTestcases.S3DocumentRemoveAPITest<br>Parameters: QAS, ProjectIDBuildingOther, 2</td>
<td></td>
<td>24</td>
<td>com.arcapi.CompleteDataValidationTestcases.S3DocumentRemoveAPITest@2f8f5f62</td></tr>
<tr>
<td title='com.arcapi.CompleteDataValidationTestcases.S3DocumentUploadPOSTAPITest.S3DocumentUploadPOSTAPI()'><b>S3DocumentUploadPOSTAPI</b><br>Test class: com.arcapi.CompleteDataValidationTestcases.S3DocumentUploadPOSTAPITest<br>Parameters: QAS, ProjectIDBuildingOther, 2</td>
<td></td>
<td>23</td>
<td>com.arcapi.CompleteDataValidationTestcases.S3DocumentUploadPOSTAPITest@7ba18f1b</td></tr>
<tr>
<td title='com.arcapi.Buildingtestcases.SignAgreementRegistrationAPITest.SignAgreementRegistrationAPI()'><b>SignAgreementRegistrationAPI</b><br>Test class: com.arcapi.Buildingtestcases.SignAgreementRegistrationAPITest<br>Parameters: QAS, ProjectIDBuildingOther, 2</td>
<td></td>
<td>4</td>
<td>com.arcapi.Buildingtestcases.SignAgreementRegistrationAPITest@5fdba6f9</td></tr>
<tr>
<td title='com.arcapi.CompleteDataValidationTestcases.SubmitReviewPOSTAPITest.SubmitReviewPOSTAPI()'><b>SubmitReviewPOSTAPI</b><br>Test class: com.arcapi.CompleteDataValidationTestcases.SubmitReviewPOSTAPITest<br>Parameters: QAS, ProjectIDBuildingOther, 2, building, performance score</td>
<td></td>
<td>29</td>
<td>com.arcapi.CompleteDataValidationTestcases.SubmitReviewPOSTAPITest@73d4cc9e</td></tr>
<tr>
<td title='com.arcapi.Buildingtestcases.TransitSurveyCreatePOSTAPITest.TransitSurveyCreatePOSTAPI()'><b>TransitSurveyCreatePOSTAPI</b><br>Test class: com.arcapi.Buildingtestcases.TransitSurveyCreatePOSTAPITest<br>Parameters: QAS, ProjectIDBuildingOther, 2</td>
<td></td>
<td>3</td>
<td>com.arcapi.Buildingtestcases.TransitSurveyCreatePOSTAPITest@71623278</td></tr>
<tr>
<td title='com.arcapi.CompleteDataValidationTestcases.TransitSurveyCreatePOSTAPITest.TransitSurveyCreatePOSTAPI()'><b>TransitSurveyCreatePOSTAPI</b><br>Test class: com.arcapi.CompleteDataValidationTestcases.TransitSurveyCreatePOSTAPITest<br>Parameters: QAS, ProjectIDBuildingOther, 2</td>
<td></td>
<td>24</td>
<td>com.arcapi.CompleteDataValidationTestcases.TransitSurveyCreatePOSTAPITest@5a4041cc</td></tr>
<tr>
<td title='com.arcapi.Buildingtestcases.WasteCreatePOSTAPITest.WasteCreatePOSTAPI()'><b>WasteCreatePOSTAPI</b><br>Test class: com.arcapi.Buildingtestcases.WasteCreatePOSTAPITest<br>Parameters: QAS, ProjectIDBuildingOther, 2</td>
<td></td>
<td>2</td>
<td>com.arcapi.Buildingtestcases.WasteCreatePOSTAPITest@16022d9d</td></tr>
<tr>
<td title='com.arcapi.CompleteDataValidationTestcases.WasteCreatePOSTAPITest.WasteCreatePOSTAPI()'><b>WasteCreatePOSTAPI</b><br>Test class: com.arcapi.CompleteDataValidationTestcases.WasteCreatePOSTAPITest<br>Parameters: QAS, ProjectIDBuildingOther, 2</td>
<td></td>
<td>20</td>
<td>com.arcapi.CompleteDataValidationTestcases.WasteCreatePOSTAPITest@7e9a5fbe</td></tr>
<tr>
<td title='com.arcapi.CompleteDataValidationTestcases.WasteDivertedBulkDataPostTest.WasteDivertedBulkDataPost()'><b>WasteDivertedBulkDataPost</b><br>Test class: com.arcapi.CompleteDataValidationTestcases.WasteDivertedBulkDataPostTest<br>Parameters: QAS, ProjectIDBuildingOther, 2</td>
<td></td>
<td>23</td>
<td>com.arcapi.CompleteDataValidationTestcases.WasteDivertedBulkDataPostTest@1da51a35</td></tr>
<tr>
<td title='com.arcapi.CompleteDataValidationTestcases.WasteGeneratedBulkDataPostTest.WasteGeneratedBulkDataPost()'><b>WasteGeneratedBulkDataPost</b><br>Test class: com.arcapi.CompleteDataValidationTestcases.WasteGeneratedBulkDataPostTest<br>Parameters: QAS, ProjectIDBuildingOther, 2</td>
<td></td>
<td>22</td>
<td>com.arcapi.CompleteDataValidationTestcases.WasteGeneratedBulkDataPostTest@6d3af739</td></tr>
<tr>
<td title='com.arcapi.CompleteDataValidationTestcases.WasteUpdatePUTAPITest.WasteUpdatePUTAPI()'><b>WasteUpdatePUTAPI</b><br>Test class: com.arcapi.CompleteDataValidationTestcases.WasteUpdatePUTAPITest<br>Parameters: QAS, ProjectIDBuildingOther, 2</td>
<td></td>
<td>24</td>
<td>com.arcapi.CompleteDataValidationTestcases.WasteUpdatePUTAPITest@44a3ec6b</td></tr>
</table><p>
</body>
</html>