<html>
<head>
<title>TestNG:  DataValidationTest-City</title>
<link href="../testng.css" rel="stylesheet" type="text/css" />
<link href="../my-testng.css" rel="stylesheet" type="text/css" />

<style type="text/css">
.log { display: none;} 
.stack-trace { display: none;} 
</style>
<script type="text/javascript">
<!--
function flip(e) {
  current = e.style.display;
  if (current == 'block') {
    e.style.display = 'none';
    return 0;
  }
  else {
    e.style.display = 'block';
    return 1;
  }
}

function toggleBox(szDivId, elem, msg1, msg2)
{
  var res = -1;  if (document.getElementById) {
    res = flip(document.getElementById(szDivId));
  }
  else if (document.all) {
    // this is the way old msie versions work
    res = flip(document.all[szDivId]);
  }
  if(elem) {
    if(res == 0) elem.innerHTML = msg1; else elem.innerHTML = msg2;
  }

}

function toggleAllBoxes() {
  if (document.getElementsByTagName) {
    d = document.getElementsByTagName('div');
    for (i = 0; i < d.length; i++) {
      if (d[i].className == 'log') {
        flip(d[i]);
      }
    }
  }
}

// -->
</script>

</head>
<body>
<h2 align='center'>DataValidationTest-City</h2><table border='1' align="center">
<tr>
<td>Tests passed/Failed/Skipped:</td><td>0/2/8</td>
</tr><tr>
<td>Started on:</td><td>Wed Aug 21 10:12:44 IST 2019</td>
</tr>
<tr><td>Total time:</td><td>0 seconds (257 ms)</td>
</tr><tr>
<td>Included groups:</td><td></td>
</tr><tr>
<td>Excluded groups:</td><td></td>
</tr>
</table><p/>
<small><i>(Hover the method name to see the test class name)</i></small><p/>
<table width='100%' border='1' class='invocation-failed'>
<tr><td colspan='4' align='center'><b>FAILED CONFIGURATIONS</b></td></tr>
<tr><td><b>Test method</b></td>
<td width="30%"><b>Exception</b></td>
<td width="10%"><b>Time (seconds)</b></td>
<td><b>Instance</b></td>
</tr>
<tr>
<td title='com.arcapi.Citytestcases.SignAgreementRegistrationAPITest.teardown()'><b>teardown</b><br>Test class: com.arcapi.Citytestcases.SignAgreementRegistrationAPITest<br>Parameters: [TestResult name=SignAgreementRegistrationAPI status=FAILURE method=SignAgreementRegistrationAPITest.SignAgreementRegistrationAPI(java.lang.String, java.lang.String, int)[pri:0, instance:com.arcapi.Citytestcases.SignAgreementRegistrationAPITest@7c6908d7] output={null}]</td>
<td><div><pre>java.lang.Error: Unresolved compilation problems: 
	LogStatus cannot be resolved to a variable
	LogStatus cannot be resolved to a variable
	LogStatus cannot be resolved to a variable
	The method endTest(Test) in the type Report is not applicable for the arguments (ExtentTest)

	at com.arcapi.Citytestcases.SignAgreementRegistrationAPITest.teardown(SignAgreementRegistrationAPITest.java:60)
... Removed 27 stack frames</pre></div><a href='#' onClick='toggleBox("stack-trace1292410615", this, "Click to show all stack frames", "Click to hide stack frames")'>Click to show all stack frames</a>
<div class='stack-trace' id='stack-trace1292410615'><pre>java.lang.Error: Unresolved compilation problems: 
	LogStatus cannot be resolved to a variable
	LogStatus cannot be resolved to a variable
	LogStatus cannot be resolved to a variable
	The method endTest(Test) in the type Report is not applicable for the arguments (ExtentTest)

	at com.arcapi.Citytestcases.SignAgreementRegistrationAPITest.teardown(SignAgreementRegistrationAPITest.java:60)
	at sun.reflect.NativeMethodAccessorImpl.invoke0(Native Method)
	at sun.reflect.NativeMethodAccessorImpl.invoke(NativeMethodAccessorImpl.java:62)
	at sun.reflect.DelegatingMethodAccessorImpl.invoke(DelegatingMethodAccessorImpl.java:43)
	at java.lang.reflect.Method.invoke(Method.java:498)
	at org.testng.internal.MethodInvocationHelper.invokeMethod(MethodInvocationHelper.java:86)
	at org.testng.internal.Invoker.invokeConfigurationMethod(Invoker.java:514)
	at org.testng.internal.Invoker.invokeConfigurations(Invoker.java:215)
	at org.testng.internal.Invoker.invokeMethod(Invoker.java:707)
	at org.testng.internal.Invoker.invokeTestMethod(Invoker.java:820)
	at org.testng.internal.Invoker.invokeTestMethods(Invoker.java:1128)
	at org.testng.internal.TestMethodWorker.invokeTestMethods(TestMethodWorker.java:129)
	at org.testng.internal.TestMethodWorker.run(TestMethodWorker.java:112)
	at org.testng.TestRunner.privateRun(TestRunner.java:782)
	at org.testng.TestRunner.run(TestRunner.java:632)
	at org.testng.SuiteRunner.runTest(SuiteRunner.java:366)
	at org.testng.SuiteRunner.runSequentially(SuiteRunner.java:361)
	at org.testng.SuiteRunner.privateRun(SuiteRunner.java:319)
	at org.testng.SuiteRunner.run(SuiteRunner.java:268)
	at org.testng.SuiteRunnerWorker.runSuite(SuiteRunnerWorker.java:52)
	at org.testng.SuiteRunnerWorker.run(SuiteRunnerWorker.java:86)
	at org.testng.TestNG.runSuitesSequentially(TestNG.java:1244)
	at org.testng.TestNG.runSuitesSequentially(TestNG.java:1240)
	at org.testng.TestNG.runSuitesLocally(TestNG.java:1169)
	at org.testng.TestNG.run(TestNG.java:1064)
	at org.testng.remote.RemoteTestNG.run(RemoteTestNG.java:113)
	at org.testng.remote.RemoteTestNG.initAndRun(RemoteTestNG.java:206)
	at org.testng.remote.RemoteTestNG.main(RemoteTestNG.java:177)
</pre></div></td>
<td>0</td>
<td>com.arcapi.Citytestcases.SignAgreementRegistrationAPITest@7c6908d7</td></tr>
</table><p>
<table width='100%' border='1' class='invocation-skipped'>
<tr><td colspan='4' align='center'><b>SKIPPED CONFIGURATIONS</b></td></tr>
<tr><td><b>Test method</b></td>
<td width="30%"><b>Exception</b></td>
<td width="10%"><b>Time (seconds)</b></td>
<td><b>Instance</b></td>
</tr>
<tr>
<td title='com.arcapi.Citytestcases.RegistrationPaymentPricingGetAPITest.getSuiteName()'><b>getSuiteName</b><br>Test class: com.arcapi.Citytestcases.RegistrationPaymentPricingGetAPITest</td>
<td></td>
<td>0</td>
<td>com.arcapi.Citytestcases.RegistrationPaymentPricingGetAPITest@3c9754d8</td></tr>
<tr>
<td title='com.arcapi.Citytestcases.RegistrationPaymentPricingGetAPITest.setBaseUri()'><b>setBaseUri</b><br>Test class: com.arcapi.Citytestcases.RegistrationPaymentPricingGetAPITest</td>
<td></td>
<td>0</td>
<td>com.arcapi.Citytestcases.RegistrationPaymentPricingGetAPITest@3c9754d8</td></tr>
<tr>
<td title='com.arcapi.Citytestcases.PaymentOrderSubmitPOSTAPITest.getSuiteName()'><b>getSuiteName</b><br>Test class: com.arcapi.Citytestcases.PaymentOrderSubmitPOSTAPITest</td>
<td></td>
<td>0</td>
<td>com.arcapi.Citytestcases.PaymentOrderSubmitPOSTAPITest@3bf7ca37</td></tr>
<tr>
<td title='com.arcapi.Citytestcases.PaymentOrderSubmitPOSTAPITest.setBaseUri()'><b>setBaseUri</b><br>Test class: com.arcapi.Citytestcases.PaymentOrderSubmitPOSTAPITest</td>
<td></td>
<td>0</td>
<td>com.arcapi.Citytestcases.PaymentOrderSubmitPOSTAPITest@3bf7ca37</td></tr>
<tr>
<td title='com.arcapi.Citytestcases.AddAssestTimelinePOSTAPITest.getSuiteName()'><b>getSuiteName</b><br>Test class: com.arcapi.Citytestcases.AddAssestTimelinePOSTAPITest</td>
<td></td>
<td>0</td>
<td>com.arcapi.Citytestcases.AddAssestTimelinePOSTAPITest@79079097</td></tr>
<tr>
<td title='com.arcapi.Citytestcases.AddAssestTimelinePOSTAPITest.setBaseUri()'><b>setBaseUri</b><br>Test class: com.arcapi.Citytestcases.AddAssestTimelinePOSTAPITest</td>
<td></td>
<td>0</td>
<td>com.arcapi.Citytestcases.AddAssestTimelinePOSTAPITest@79079097</td></tr>
<tr>
<td title='com.arcapi.Citytestcases.AssetDetailAPITest.getSuiteName()'><b>getSuiteName</b><br>Test class: com.arcapi.Citytestcases.AssetDetailAPITest</td>
<td></td>
<td>0</td>
<td>com.arcapi.Citytestcases.AssetDetailAPITest@4d1c00d0</td></tr>
<tr>
<td title='com.arcapi.Citytestcases.AssetDetailAPITest.setBaseUri()'><b>setBaseUri</b><br>Test class: com.arcapi.Citytestcases.AssetDetailAPITest</td>
<td></td>
<td>0</td>
<td>com.arcapi.Citytestcases.AssetDetailAPITest@4d1c00d0</td></tr>
<tr>
<td title='com.arcapi.CompleteDataValidationTestcases.CreditAddTeamPOSTAPITest.getSuiteName()'><b>getSuiteName</b><br>Test class: com.arcapi.CompleteDataValidationTestcases.CreditAddTeamPOSTAPITest</td>
<td></td>
<td>0</td>
<td>com.arcapi.CompleteDataValidationTestcases.CreditAddTeamPOSTAPITest@4b2bac3f</td></tr>
<tr>
<td title='com.arcapi.CompleteDataValidationTestcases.CreditAddTeamPOSTAPITest.setBaseUri()'><b>setBaseUri</b><br>Test class: com.arcapi.CompleteDataValidationTestcases.CreditAddTeamPOSTAPITest</td>
<td></td>
<td>0</td>
<td>com.arcapi.CompleteDataValidationTestcases.CreditAddTeamPOSTAPITest@4b2bac3f</td></tr>
<tr>
<td title='com.arcapi.CompleteDataValidationTestcases.MeasuresPostAPITest.getSuiteName()'><b>getSuiteName</b><br>Test class: com.arcapi.CompleteDataValidationTestcases.MeasuresPostAPITest</td>
<td></td>
<td>0</td>
<td>com.arcapi.CompleteDataValidationTestcases.MeasuresPostAPITest@4e08711f</td></tr>
<tr>
<td title='com.arcapi.CompleteDataValidationTestcases.MeasuresPostAPITest.setBaseUri()'><b>setBaseUri</b><br>Test class: com.arcapi.CompleteDataValidationTestcases.MeasuresPostAPITest</td>
<td></td>
<td>0</td>
<td>com.arcapi.CompleteDataValidationTestcases.MeasuresPostAPITest@4e08711f</td></tr>
<tr>
<td title='com.arcapi.CompleteDataValidationTestcases.MeasuresUpdateAPITest.getSuiteName()'><b>getSuiteName</b><br>Test class: com.arcapi.CompleteDataValidationTestcases.MeasuresUpdateAPITest</td>
<td></td>
<td>0</td>
<td>com.arcapi.CompleteDataValidationTestcases.MeasuresUpdateAPITest@bcec361</td></tr>
<tr>
<td title='com.arcapi.CompleteDataValidationTestcases.MeasuresUpdateAPITest.setBaseUri()'><b>setBaseUri</b><br>Test class: com.arcapi.CompleteDataValidationTestcases.MeasuresUpdateAPITest</td>
<td></td>
<td>0</td>
<td>com.arcapi.CompleteDataValidationTestcases.MeasuresUpdateAPITest@bcec361</td></tr>
<tr>
<td title='com.arcapi.CompleteDataValidationTestcases.MeasuresVersionPostAPITest.getSuiteName()'><b>getSuiteName</b><br>Test class: com.arcapi.CompleteDataValidationTestcases.MeasuresVersionPostAPITest</td>
<td></td>
<td>0</td>
<td>com.arcapi.CompleteDataValidationTestcases.MeasuresVersionPostAPITest@26794848</td></tr>
<tr>
<td title='com.arcapi.CompleteDataValidationTestcases.MeasuresVersionPostAPITest.setBaseUri()'><b>setBaseUri</b><br>Test class: com.arcapi.CompleteDataValidationTestcases.MeasuresVersionPostAPITest</td>
<td></td>
<td>0</td>
<td>com.arcapi.CompleteDataValidationTestcases.MeasuresVersionPostAPITest@26794848</td></tr>
<tr>
<td title='com.arcapi.Citytestcases.RegistrationPaymentPricingGetAPITest.ExtentReportConfig()'><b>ExtentReportConfig</b><br>Test class: com.arcapi.Citytestcases.RegistrationPaymentPricingGetAPITest</td>
<td></td>
<td>0</td>
<td>com.arcapi.Citytestcases.RegistrationPaymentPricingGetAPITest@3c9754d8</td></tr>
<tr>
<td title='com.arcapi.Citytestcases.RegistrationPaymentPricingGetAPITest.startTest()'><b>startTest</b><br>Test class: com.arcapi.Citytestcases.RegistrationPaymentPricingGetAPITest</td>
<td></td>
<td>0</td>
<td>com.arcapi.Citytestcases.RegistrationPaymentPricingGetAPITest@3c9754d8</td></tr>
<tr>
<td title='com.arcapi.Citytestcases.PaymentOrderSubmitPOSTAPITest.ExtentReportConfig()'><b>ExtentReportConfig</b><br>Test class: com.arcapi.Citytestcases.PaymentOrderSubmitPOSTAPITest</td>
<td></td>
<td>0</td>
<td>com.arcapi.Citytestcases.PaymentOrderSubmitPOSTAPITest@3bf7ca37</td></tr>
<tr>
<td title='com.arcapi.Citytestcases.PaymentOrderSubmitPOSTAPITest.startTest()'><b>startTest</b><br>Test class: com.arcapi.Citytestcases.PaymentOrderSubmitPOSTAPITest</td>
<td></td>
<td>0</td>
<td>com.arcapi.Citytestcases.PaymentOrderSubmitPOSTAPITest@3bf7ca37</td></tr>
<tr>
<td title='com.arcapi.Citytestcases.AddAssestTimelinePOSTAPITest.ExtentReportConfig()'><b>ExtentReportConfig</b><br>Test class: com.arcapi.Citytestcases.AddAssestTimelinePOSTAPITest</td>
<td></td>
<td>0</td>
<td>com.arcapi.Citytestcases.AddAssestTimelinePOSTAPITest@79079097</td></tr>
<tr>
<td title='com.arcapi.Citytestcases.AddAssestTimelinePOSTAPITest.startTest()'><b>startTest</b><br>Test class: com.arcapi.Citytestcases.AddAssestTimelinePOSTAPITest</td>
<td></td>
<td>0</td>
<td>com.arcapi.Citytestcases.AddAssestTimelinePOSTAPITest@79079097</td></tr>
<tr>
<td title='com.arcapi.Citytestcases.AssetDetailAPITest.ExtentReportConfig()'><b>ExtentReportConfig</b><br>Test class: com.arcapi.Citytestcases.AssetDetailAPITest</td>
<td></td>
<td>0</td>
<td>com.arcapi.Citytestcases.AssetDetailAPITest@4d1c00d0</td></tr>
<tr>
<td title='com.arcapi.Citytestcases.AssetDetailAPITest.startTest()'><b>startTest</b><br>Test class: com.arcapi.Citytestcases.AssetDetailAPITest</td>
<td></td>
<td>0</td>
<td>com.arcapi.Citytestcases.AssetDetailAPITest@4d1c00d0</td></tr>
<tr>
<td title='com.arcapi.CompleteDataValidationTestcases.CreditAddTeamPOSTAPITest.ExtentReportConfig()'><b>ExtentReportConfig</b><br>Test class: com.arcapi.CompleteDataValidationTestcases.CreditAddTeamPOSTAPITest</td>
<td></td>
<td>0</td>
<td>com.arcapi.CompleteDataValidationTestcases.CreditAddTeamPOSTAPITest@4b2bac3f</td></tr>
<tr>
<td title='com.arcapi.CompleteDataValidationTestcases.CreditAddTeamPOSTAPITest.startTest()'><b>startTest</b><br>Test class: com.arcapi.CompleteDataValidationTestcases.CreditAddTeamPOSTAPITest</td>
<td></td>
<td>0</td>
<td>com.arcapi.CompleteDataValidationTestcases.CreditAddTeamPOSTAPITest@4b2bac3f</td></tr>
<tr>
<td title='com.arcapi.CompleteDataValidationTestcases.MeasuresPostAPITest.ExtentReportConfig()'><b>ExtentReportConfig</b><br>Test class: com.arcapi.CompleteDataValidationTestcases.MeasuresPostAPITest</td>
<td></td>
<td>0</td>
<td>com.arcapi.CompleteDataValidationTestcases.MeasuresPostAPITest@4e08711f</td></tr>
<tr>
<td title='com.arcapi.CompleteDataValidationTestcases.MeasuresPostAPITest.startTest()'><b>startTest</b><br>Test class: com.arcapi.CompleteDataValidationTestcases.MeasuresPostAPITest</td>
<td></td>
<td>0</td>
<td>com.arcapi.CompleteDataValidationTestcases.MeasuresPostAPITest@4e08711f</td></tr>
<tr>
<td title='com.arcapi.CompleteDataValidationTestcases.MeasuresUpdateAPITest.ExtentReportConfig()'><b>ExtentReportConfig</b><br>Test class: com.arcapi.CompleteDataValidationTestcases.MeasuresUpdateAPITest</td>
<td></td>
<td>0</td>
<td>com.arcapi.CompleteDataValidationTestcases.MeasuresUpdateAPITest@bcec361</td></tr>
<tr>
<td title='com.arcapi.CompleteDataValidationTestcases.MeasuresUpdateAPITest.startTest()'><b>startTest</b><br>Test class: com.arcapi.CompleteDataValidationTestcases.MeasuresUpdateAPITest</td>
<td></td>
<td>0</td>
<td>com.arcapi.CompleteDataValidationTestcases.MeasuresUpdateAPITest@bcec361</td></tr>
<tr>
<td title='com.arcapi.CompleteDataValidationTestcases.MeasuresVersionPostAPITest.ExtentReportConfig()'><b>ExtentReportConfig</b><br>Test class: com.arcapi.CompleteDataValidationTestcases.MeasuresVersionPostAPITest</td>
<td></td>
<td>0</td>
<td>com.arcapi.CompleteDataValidationTestcases.MeasuresVersionPostAPITest@26794848</td></tr>
<tr>
<td title='com.arcapi.CompleteDataValidationTestcases.MeasuresVersionPostAPITest.startTest()'><b>startTest</b><br>Test class: com.arcapi.CompleteDataValidationTestcases.MeasuresVersionPostAPITest</td>
<td></td>
<td>0</td>
<td>com.arcapi.CompleteDataValidationTestcases.MeasuresVersionPostAPITest@26794848</td></tr>
<tr>
<td title='com.arcapi.Citytestcases.RegistrationPaymentPricingGetAPITest.teardown()'><b>teardown</b><br>Test class: com.arcapi.Citytestcases.RegistrationPaymentPricingGetAPITest</td>
<td></td>
<td>0</td>
<td>com.arcapi.Citytestcases.RegistrationPaymentPricingGetAPITest@3c9754d8</td></tr>
<tr>
<td title='com.arcapi.Citytestcases.PaymentOrderSubmitPOSTAPITest.teardown()'><b>teardown</b><br>Test class: com.arcapi.Citytestcases.PaymentOrderSubmitPOSTAPITest</td>
<td></td>
<td>0</td>
<td>com.arcapi.Citytestcases.PaymentOrderSubmitPOSTAPITest@3bf7ca37</td></tr>
<tr>
<td title='com.arcapi.Citytestcases.AddAssestTimelinePOSTAPITest.teardown()'><b>teardown</b><br>Test class: com.arcapi.Citytestcases.AddAssestTimelinePOSTAPITest</td>
<td></td>
<td>0</td>
<td>com.arcapi.Citytestcases.AddAssestTimelinePOSTAPITest@79079097</td></tr>
<tr>
<td title='com.arcapi.Citytestcases.AssetDetailAPITest.teardown()'><b>teardown</b><br>Test class: com.arcapi.Citytestcases.AssetDetailAPITest</td>
<td></td>
<td>0</td>
<td>com.arcapi.Citytestcases.AssetDetailAPITest@4d1c00d0</td></tr>
<tr>
<td title='com.arcapi.CompleteDataValidationTestcases.CreditAddTeamPOSTAPITest.teardown()'><b>teardown</b><br>Test class: com.arcapi.CompleteDataValidationTestcases.CreditAddTeamPOSTAPITest</td>
<td></td>
<td>0</td>
<td>com.arcapi.CompleteDataValidationTestcases.CreditAddTeamPOSTAPITest@4b2bac3f</td></tr>
<tr>
<td title='com.arcapi.CompleteDataValidationTestcases.MeasuresPostAPITest.teardown()'><b>teardown</b><br>Test class: com.arcapi.CompleteDataValidationTestcases.MeasuresPostAPITest</td>
<td></td>
<td>0</td>
<td>com.arcapi.CompleteDataValidationTestcases.MeasuresPostAPITest@4e08711f</td></tr>
<tr>
<td title='com.arcapi.CompleteDataValidationTestcases.MeasuresUpdateAPITest.teardown()'><b>teardown</b><br>Test class: com.arcapi.CompleteDataValidationTestcases.MeasuresUpdateAPITest</td>
<td></td>
<td>0</td>
<td>com.arcapi.CompleteDataValidationTestcases.MeasuresUpdateAPITest@bcec361</td></tr>
<tr>
<td title='com.arcapi.CompleteDataValidationTestcases.MeasuresVersionPostAPITest.teardown()'><b>teardown</b><br>Test class: com.arcapi.CompleteDataValidationTestcases.MeasuresVersionPostAPITest</td>
<td></td>
<td>0</td>
<td>com.arcapi.CompleteDataValidationTestcases.MeasuresVersionPostAPITest@26794848</td></tr>
<tr>
<td title='com.arcapi.Citytestcases.SignAgreementRegistrationAPITest.end()'><b>end</b><br>Test class: com.arcapi.Citytestcases.SignAgreementRegistrationAPITest</td>
<td></td>
<td>0</td>
<td>com.arcapi.Citytestcases.SignAgreementRegistrationAPITest@7c6908d7</td></tr>
<tr>
<td title='com.arcapi.Citytestcases.RegistrationPaymentPricingGetAPITest.end()'><b>end</b><br>Test class: com.arcapi.Citytestcases.RegistrationPaymentPricingGetAPITest</td>
<td></td>
<td>0</td>
<td>com.arcapi.Citytestcases.RegistrationPaymentPricingGetAPITest@3c9754d8</td></tr>
<tr>
<td title='com.arcapi.Citytestcases.PaymentOrderSubmitPOSTAPITest.end()'><b>end</b><br>Test class: com.arcapi.Citytestcases.PaymentOrderSubmitPOSTAPITest</td>
<td></td>
<td>0</td>
<td>com.arcapi.Citytestcases.PaymentOrderSubmitPOSTAPITest@3bf7ca37</td></tr>
<tr>
<td title='com.arcapi.Citytestcases.AddAssestTimelinePOSTAPITest.end()'><b>end</b><br>Test class: com.arcapi.Citytestcases.AddAssestTimelinePOSTAPITest</td>
<td></td>
<td>0</td>
<td>com.arcapi.Citytestcases.AddAssestTimelinePOSTAPITest@79079097</td></tr>
<tr>
<td title='com.arcapi.Citytestcases.AssetDetailAPITest.end()'><b>end</b><br>Test class: com.arcapi.Citytestcases.AssetDetailAPITest</td>
<td></td>
<td>0</td>
<td>com.arcapi.Citytestcases.AssetDetailAPITest@4d1c00d0</td></tr>
<tr>
<td title='com.arcapi.CompleteDataValidationTestcases.CreditAddTeamPOSTAPITest.end()'><b>end</b><br>Test class: com.arcapi.CompleteDataValidationTestcases.CreditAddTeamPOSTAPITest</td>
<td></td>
<td>0</td>
<td>com.arcapi.CompleteDataValidationTestcases.CreditAddTeamPOSTAPITest@4b2bac3f</td></tr>
<tr>
<td title='com.arcapi.CompleteDataValidationTestcases.MeasuresPostAPITest.end()'><b>end</b><br>Test class: com.arcapi.CompleteDataValidationTestcases.MeasuresPostAPITest</td>
<td></td>
<td>0</td>
<td>com.arcapi.CompleteDataValidationTestcases.MeasuresPostAPITest@4e08711f</td></tr>
<tr>
<td title='com.arcapi.CompleteDataValidationTestcases.MeasuresUpdateAPITest.end()'><b>end</b><br>Test class: com.arcapi.CompleteDataValidationTestcases.MeasuresUpdateAPITest</td>
<td></td>
<td>0</td>
<td>com.arcapi.CompleteDataValidationTestcases.MeasuresUpdateAPITest@bcec361</td></tr>
<tr>
<td title='com.arcapi.CompleteDataValidationTestcases.MeasuresVersionPostAPITest.end()'><b>end</b><br>Test class: com.arcapi.CompleteDataValidationTestcases.MeasuresVersionPostAPITest</td>
<td></td>
<td>0</td>
<td>com.arcapi.CompleteDataValidationTestcases.MeasuresVersionPostAPITest@26794848</td></tr>
</table><p>
<table width='100%' border='1' class='invocation-failed'>
<tr><td colspan='4' align='center'><b>FAILED TESTS</b></td></tr>
<tr><td><b>Test method</b></td>
<td width="30%"><b>Exception</b></td>
<td width="10%"><b>Time (seconds)</b></td>
<td><b>Instance</b></td>
</tr>
<tr>
<td title='com.arcapi.Citytestcases.CreateAssetCityLeedAPITest.CreateAssetPOSTAPI()'><b>CreateAssetPOSTAPI</b><br>Test class: com.arcapi.Citytestcases.CreateAssetCityLeedAPITest<br>Parameters: STG, city, ProjectIDCityLeed, 2, US</td>
<td><div><pre>java.lang.Error: Unresolved compilation problem: 
	The method startTest(String, String) is undefined for the type ExtentReports

	at com.arcapi.Citytestcases.CreateAssetCityLeedAPITest.CreateAssetPOSTAPI(CreateAssetCityLeedAPITest.java:176)
... Removed 25 stack frames</pre></div><a href='#' onClick='toggleBox("stack-trace1828160182", this, "Click to show all stack frames", "Click to hide stack frames")'>Click to show all stack frames</a>
<div class='stack-trace' id='stack-trace1828160182'><pre>java.lang.Error: Unresolved compilation problem: 
	The method startTest(String, String) is undefined for the type ExtentReports

	at com.arcapi.Citytestcases.CreateAssetCityLeedAPITest.CreateAssetPOSTAPI(CreateAssetCityLeedAPITest.java:176)
	at sun.reflect.NativeMethodAccessorImpl.invoke0(Native Method)
	at sun.reflect.NativeMethodAccessorImpl.invoke(NativeMethodAccessorImpl.java:62)
	at sun.reflect.DelegatingMethodAccessorImpl.invoke(DelegatingMethodAccessorImpl.java:43)
	at java.lang.reflect.Method.invoke(Method.java:498)
	at org.testng.internal.MethodInvocationHelper.invokeMethod(MethodInvocationHelper.java:86)
	at org.testng.internal.Invoker.invokeMethod(Invoker.java:643)
	at org.testng.internal.Invoker.invokeTestMethod(Invoker.java:820)
	at org.testng.internal.Invoker.invokeTestMethods(Invoker.java:1128)
	at org.testng.internal.TestMethodWorker.invokeTestMethods(TestMethodWorker.java:129)
	at org.testng.internal.TestMethodWorker.run(TestMethodWorker.java:112)
	at org.testng.TestRunner.privateRun(TestRunner.java:782)
	at org.testng.TestRunner.run(TestRunner.java:632)
	at org.testng.SuiteRunner.runTest(SuiteRunner.java:366)
	at org.testng.SuiteRunner.runSequentially(SuiteRunner.java:361)
	at org.testng.SuiteRunner.privateRun(SuiteRunner.java:319)
	at org.testng.SuiteRunner.run(SuiteRunner.java:268)
	at org.testng.SuiteRunnerWorker.runSuite(SuiteRunnerWorker.java:52)
	at org.testng.SuiteRunnerWorker.run(SuiteRunnerWorker.java:86)
	at org.testng.TestNG.runSuitesSequentially(TestNG.java:1244)
	at org.testng.TestNG.runSuitesSequentially(TestNG.java:1240)
	at org.testng.TestNG.runSuitesLocally(TestNG.java:1169)
	at org.testng.TestNG.run(TestNG.java:1064)
	at org.testng.remote.RemoteTestNG.run(RemoteTestNG.java:113)
	at org.testng.remote.RemoteTestNG.initAndRun(RemoteTestNG.java:206)
	at org.testng.remote.RemoteTestNG.main(RemoteTestNG.java:177)
</pre></div></td>
<td>0</td>
<td>com.arcapi.Citytestcases.CreateAssetCityLeedAPITest@198b6731</td></tr>
<tr>
<td title='com.arcapi.Citytestcases.SignAgreementRegistrationAPITest.SignAgreementRegistrationAPI()'><b>SignAgreementRegistrationAPI</b><br>Test class: com.arcapi.Citytestcases.SignAgreementRegistrationAPITest<br>Parameters: STG, ProjectIDCityLeed, 2</td>
<td><div><pre>java.lang.Error: Unresolved compilation problem: 
	The method startTest(String, String) is undefined for the type ExtentReports

	at com.arcapi.Citytestcases.SignAgreementRegistrationAPITest.SignAgreementRegistrationAPI(SignAgreementRegistrationAPITest.java:40)
... Removed 25 stack frames</pre></div><a href='#' onClick='toggleBox("stack-trace574978104", this, "Click to show all stack frames", "Click to hide stack frames")'>Click to show all stack frames</a>
<div class='stack-trace' id='stack-trace574978104'><pre>java.lang.Error: Unresolved compilation problem: 
	The method startTest(String, String) is undefined for the type ExtentReports

	at com.arcapi.Citytestcases.SignAgreementRegistrationAPITest.SignAgreementRegistrationAPI(SignAgreementRegistrationAPITest.java:40)
	at sun.reflect.NativeMethodAccessorImpl.invoke0(Native Method)
	at sun.reflect.NativeMethodAccessorImpl.invoke(NativeMethodAccessorImpl.java:62)
	at sun.reflect.DelegatingMethodAccessorImpl.invoke(DelegatingMethodAccessorImpl.java:43)
	at java.lang.reflect.Method.invoke(Method.java:498)
	at org.testng.internal.MethodInvocationHelper.invokeMethod(MethodInvocationHelper.java:86)
	at org.testng.internal.Invoker.invokeMethod(Invoker.java:643)
	at org.testng.internal.Invoker.invokeTestMethod(Invoker.java:820)
	at org.testng.internal.Invoker.invokeTestMethods(Invoker.java:1128)
	at org.testng.internal.TestMethodWorker.invokeTestMethods(TestMethodWorker.java:129)
	at org.testng.internal.TestMethodWorker.run(TestMethodWorker.java:112)
	at org.testng.TestRunner.privateRun(TestRunner.java:782)
	at org.testng.TestRunner.run(TestRunner.java:632)
	at org.testng.SuiteRunner.runTest(SuiteRunner.java:366)
	at org.testng.SuiteRunner.runSequentially(SuiteRunner.java:361)
	at org.testng.SuiteRunner.privateRun(SuiteRunner.java:319)
	at org.testng.SuiteRunner.run(SuiteRunner.java:268)
	at org.testng.SuiteRunnerWorker.runSuite(SuiteRunnerWorker.java:52)
	at org.testng.SuiteRunnerWorker.run(SuiteRunnerWorker.java:86)
	at org.testng.TestNG.runSuitesSequentially(TestNG.java:1244)
	at org.testng.TestNG.runSuitesSequentially(TestNG.java:1240)
	at org.testng.TestNG.runSuitesLocally(TestNG.java:1169)
	at org.testng.TestNG.run(TestNG.java:1064)
	at org.testng.remote.RemoteTestNG.run(RemoteTestNG.java:113)
	at org.testng.remote.RemoteTestNG.initAndRun(RemoteTestNG.java:206)
	at org.testng.remote.RemoteTestNG.main(RemoteTestNG.java:177)
</pre></div></td>
<td>0</td>
<td>com.arcapi.Citytestcases.SignAgreementRegistrationAPITest@7c6908d7</td></tr>
</table><p>
<table width='100%' border='1' class='invocation-skipped'>
<tr><td colspan='4' align='center'><b>SKIPPED TESTS</b></td></tr>
<tr><td><b>Test method</b></td>
<td width="30%"><b>Exception</b></td>
<td width="10%"><b>Time (seconds)</b></td>
<td><b>Instance</b></td>
</tr>
<tr>
<td title='com.arcapi.Citytestcases.AddAssestTimelinePOSTAPITest.AddAssestTimeline()'><b>AddAssestTimeline</b><br>Test class: com.arcapi.Citytestcases.AddAssestTimelinePOSTAPITest<br>Parameters: STG, ProjectIDCityLeed, 2</td>
<td></td>
<td>0</td>
<td>com.arcapi.Citytestcases.AddAssestTimelinePOSTAPITest@79079097</td></tr>
<tr>
<td title='com.arcapi.Citytestcases.AssetDetailAPITest.AssetDetailAPI()'><b>AssetDetailAPI</b><br>Test class: com.arcapi.Citytestcases.AssetDetailAPITest<br>Parameters: STG, ProjectIDCityLeed, 2</td>
<td></td>
<td>0</td>
<td>com.arcapi.Citytestcases.AssetDetailAPITest@4d1c00d0</td></tr>
<tr>
<td title='com.arcapi.CompleteDataValidationTestcases.CreditAddTeamPOSTAPITest.CreditAddTeamPOSTAPI()'><b>CreditAddTeamPOSTAPI</b><br>Test class: com.arcapi.CompleteDataValidationTestcases.CreditAddTeamPOSTAPITest<br>Parameters: STG, ProjectIDCityLeed, 2</td>
<td></td>
<td>0</td>
<td>com.arcapi.CompleteDataValidationTestcases.CreditAddTeamPOSTAPITest@4b2bac3f</td></tr>
<tr>
<td title='com.arcapi.CompleteDataValidationTestcases.MeasuresPostAPITest.MeasuresPostAPI()'><b>MeasuresPostAPI</b><br>Test class: com.arcapi.CompleteDataValidationTestcases.MeasuresPostAPITest<br>Parameters: STG, ProjectIDCityLeed, 2</td>
<td></td>
<td>0</td>
<td>com.arcapi.CompleteDataValidationTestcases.MeasuresPostAPITest@4e08711f</td></tr>
<tr>
<td title='com.arcapi.CompleteDataValidationTestcases.MeasuresUpdateAPITest.MeasuresUpdateAPI()'><b>MeasuresUpdateAPI</b><br>Test class: com.arcapi.CompleteDataValidationTestcases.MeasuresUpdateAPITest<br>Parameters: STG, ProjectIDCityLeed, 2</td>
<td></td>
<td>0</td>
<td>com.arcapi.CompleteDataValidationTestcases.MeasuresUpdateAPITest@bcec361</td></tr>
<tr>
<td title='com.arcapi.CompleteDataValidationTestcases.MeasuresVersionPostAPITest.MeasuresVersionPostAPI()'><b>MeasuresVersionPostAPI</b><br>Test class: com.arcapi.CompleteDataValidationTestcases.MeasuresVersionPostAPITest<br>Parameters: STG, ProjectIDCityLeed, 2</td>
<td></td>
<td>0</td>
<td>com.arcapi.CompleteDataValidationTestcases.MeasuresVersionPostAPITest@26794848</td></tr>
<tr>
<td title='com.arcapi.Citytestcases.PaymentOrderSubmitPOSTAPITest.PaymentOrderSubmitPOSTAPI()'><b>PaymentOrderSubmitPOSTAPI</b><br>Test class: com.arcapi.Citytestcases.PaymentOrderSubmitPOSTAPITest<br>Parameters: STG, ProjectIDCityLeed, 2, CreditCardPayment</td>
<td></td>
<td>0</td>
<td>com.arcapi.Citytestcases.PaymentOrderSubmitPOSTAPITest@3bf7ca37</td></tr>
<tr>
<td title='com.arcapi.Citytestcases.RegistrationPaymentPricingGetAPITest.RegistrationPaymentPricingGetAPI()'><b>RegistrationPaymentPricingGetAPI</b><br>Test class: com.arcapi.Citytestcases.RegistrationPaymentPricingGetAPITest<br>Parameters: STG, ProjectIDCityLeed, 2</td>
<td></td>
<td>0</td>
<td>com.arcapi.Citytestcases.RegistrationPaymentPricingGetAPITest@3c9754d8</td></tr>
</table><p>
</body>
</html>