<?xml version="1.0" encoding="UTF-8"?>
<!-- Generated by org.testng.reporters.JUnitXMLReporter -->
<testsuite hostname="G10GNLT041" ignored="0" name="DataValidationTest-Building" tests="50" failures="4" timestamp="21 Jun 2019 05:54:49 GMT" time="963.879" errors="0">
  <testcase name="CreateAssetPOSTAPI" time="21.489" classname="com.arcapi.Buildingtestcases.CreateAssetBuildingOtherAPITest"/>
  <testcase name="SignAgreementRegistrationAPI" time="4.764" classname="com.arcapi.Buildingtestcases.SignAgreementRegistrationAPITest"/>
  <testcase name="RegistrationPaymentPricingGetAPI" time="3.586" classname="com.arcapi.Buildingtestcases.RegistrationPaymentPricingGetAPITest"/>
  <testcase name="PaymentOrderSubmitPOSTAPI" time="5.528" classname="com.arcapi.Buildingtestcases.PaymentOrderSubmitPOSTAPITest"/>
  <testcase name="AddAssestTimeline" time="6.634" classname="com.arcapi.Buildingtestcases.AddAssestTimelinePOSTAPITest"/>
  <testcase name="AssetDetailAPI" time="5.955" classname="com.arcapi.Buildingtestcases.AssetDetailAPITest"/>
  <testcase name="AssetValidationInfoPOSTAPI" time="24.124" classname="com.arcapi.CompleteDataValidationTestcases.AssetValidationInfoPOSTAPITest"/>
  <testcase name="AssetOwnerOrgPOSTAPI" time="23.517" classname="com.arcapi.CompleteDataValidationTestcases.AssetOwnerOrgPOSTAPITest"/>
  <testcase name="CreateAssetPOSTAPI" time="32.713" classname="com.arcapi.CompleteDataValidationTestcases.CreateAssetPOSTAPITest"/>
  <testcase name="PaymentOrderSubmitPOSTAPI" time="23.938" classname="com.arcapi.CompleteDataValidationTestcases.PaymentOrderSubmitPOSTAPITest"/>
  <testcase name="AssetUpdateforNewAssetPUTAPI" time="35.137" classname="com.arcapi.CompleteDataValidationTestcases.AssetUpdateforNewAssetPUTAPITest"/>
  <testcase name="CreditFormUploadPOSTAPI" time="2.238" classname="com.arcapi.CompleteDataValidationTestcases.CreditFormUploadPOSTAPITest">
    <failure type="java.lang.AssertionError" message="1 expectation failed.
Expected content-type &amp;quot;JSON&amp;quot; doesn&amp;apos;t match actual content-type &amp;quot;text/html&amp;quot;.
">
      <![CDATA[java.lang.AssertionError: 1 expectation failed.Expected content-type "JSON" doesn't match actual content-type "text/html".at org.codehaus.groovy.runtime.callsite.ConstructorSite$ConstructorSiteNoUnwrap.callConstructor(ConstructorSite.java:84)at org.codehaus.groovy.runtime.callsite.CallSiteArray.defaultCallConstructor(CallSiteArray.java:60)at org.codehaus.groovy.runtime.callsite.AbstractCallSite.callConstructor(AbstractCallSite.java:235)at org.codehaus.groovy.runtime.callsite.AbstractCallSite.callConstructor(AbstractCallSite.java:247)at com.jayway.restassured.internal.ResponseSpecificationImpl$HamcrestAssertionClosure.validate(ResponseSpecificationImpl.groovy:598)at com.jayway.restassured.internal.ResponseSpecificationImpl$HamcrestAssertionClosure$validate$1.call(Unknown Source)at com.jayway.restassured.internal.ResponseSpecificationImpl.validateResponseIfRequired(ResponseSpecificationImpl.groovy:760)at org.codehaus.groovy.runtime.callsite.PogoMetaMethodSite$PogoCachedMethodSiteNoUnwrapNoCoerce.invoke(PogoMetaMethodSite.java:210)at org.codehaus.groovy.runtime.callsite.PogoMetaMethodSite.callCurrent(PogoMetaMethodSite.java:59)at org.codehaus.groovy.runtime.callsite.AbstractCallSite.callCurrent(AbstractCallSite.java:166)at com.jayway.restassured.internal.ResponseSpecificationImpl.contentType(ResponseSpecificationImpl.groovy:526)at com.jayway.restassured.internal.ValidatableResponseOptionsImpl.contentType(ValidatableResponseOptionsImpl.java:240)at com.arcapi.CompleteDataValidationTestcases.CreditFormUploadPOSTAPITest.CreditFormUploadPOSTAPI(CreditFormUploadPOSTAPITest.java:62)... Removed 35 stack frames]]>
    </failure>
  </testcase> <!-- CreditFormUploadPOSTAPI -->
  <testcase name="MeterCreatePOSTAPI" time="2.559" classname="com.arcapi.Buildingtestcases.MeterCreatePOSTAPITest"/>
  <testcase name="MeterCreatePOSTAPI" time="24.293" classname="com.arcapi.CompleteDataValidationTestcases.MeterCreatePOSTAPITest"/>
  <testcase name="MeterUpdatePUTAPI" time="23.067" classname="com.arcapi.CompleteDataValidationTestcases.MeterUpdatePUTAPITest"/>
  <testcase name="MeterBulkConsumptionPOSTAPI" time="23.09" classname="com.arcapi.CompleteDataValidationTestcases.MeterBulkConsumptionPOSTAPITest"/>
  <testcase name="ConsumptionCreatePOSTAPI" time="5.188" classname="com.arcapi.Buildingtestcases.ConsumptionCreatePOSTAPITest"/>
  <testcase name="ConsumptionCreatePOSTAPI" time="23.527" classname="com.arcapi.CompleteDataValidationTestcases.ConsumptionCreatePOSTAPITest"/>
  <testcase name="ConsumptionUpdatePUTAPI" time="22.364" classname="com.arcapi.CompleteDataValidationTestcases.ConsumptionUpdatePUTAPITest"/>
  <testcase name="WasteGeneratedBulkDataPost" time="22.955" classname="com.arcapi.CompleteDataValidationTestcases.WasteGeneratedBulkDataPostTest"/>
  <testcase name="WasteDivertedBulkDataPost" time="23.927" classname="com.arcapi.CompleteDataValidationTestcases.WasteDivertedBulkDataPostTest"/>
  <testcase name="WasteCreatePOSTAPI" time="2.654" classname="com.arcapi.Buildingtestcases.WasteCreatePOSTAPITest"/>
  <testcase name="WasteCreatePOSTAPI" time="20.336" classname="com.arcapi.CompleteDataValidationTestcases.WasteCreatePOSTAPITest"/>
  <testcase name="WasteUpdatePUTAPI" time="24.927" classname="com.arcapi.CompleteDataValidationTestcases.WasteUpdatePUTAPITest"/>
  <testcase name="TransitSurveyCreatePOSTAPI" time="3.23" classname="com.arcapi.Buildingtestcases.TransitSurveyCreatePOSTAPITest"/>
  <testcase name="EnvironmentSurveyCreatePOSTAPI" time="2.071" classname="com.arcapi.Buildingtestcases.EnvironmentSurveyCreatePOSTAPITest">
    <failure type="java.lang.AssertionError" message="1 expectation failed.
Expected status code &amp;lt;201&amp;gt; doesn&amp;apos;t match actual status code &amp;lt;400&amp;gt;.
">
      <![CDATA[java.lang.AssertionError: 1 expectation failed.Expected status code <201> doesn't match actual status code <400>.at org.codehaus.groovy.runtime.callsite.ConstructorSite$ConstructorSiteNoUnwrap.callConstructor(ConstructorSite.java:84)at org.codehaus.groovy.runtime.callsite.AbstractCallSite.callConstructor(AbstractCallSite.java:247)at com.jayway.restassured.internal.ResponseSpecificationImpl$HamcrestAssertionClosure.validate(ResponseSpecificationImpl.groovy:598)at com.jayway.restassured.internal.ResponseSpecificationImpl$HamcrestAssertionClosure$validate$1.call(Unknown Source)at com.jayway.restassured.internal.ResponseSpecificationImpl.validateResponseIfRequired(ResponseSpecificationImpl.groovy:760)at org.codehaus.groovy.runtime.callsite.PogoMetaMethodSite$PogoCachedMethodSiteNoUnwrapNoCoerce.invoke(PogoMetaMethodSite.java:210)at org.codehaus.groovy.runtime.callsite.PogoMetaMethodSite.callCurrent(PogoMetaMethodSite.java:59)at org.codehaus.groovy.runtime.callsite.AbstractCallSite.callCurrent(AbstractCallSite.java:166)at com.jayway.restassured.internal.ResponseSpecificationImpl.statusCode(ResponseSpecificationImpl.groovy:120)at com.jayway.restassured.specification.ResponseSpecification$statusCode$0.callCurrent(Unknown Source)at com.jayway.restassured.internal.ResponseSpecificationImpl.statusCode(ResponseSpecificationImpl.groovy:128)at com.jayway.restassured.internal.ValidatableResponseOptionsImpl.statusCode(ValidatableResponseOptionsImpl.java:117)at com.arcapi.Buildingtestcases.EnvironmentSurveyCreatePOSTAPITest.EnvironmentSurveyCreatePOSTAPI(EnvironmentSurveyCreatePOSTAPITest.java:65)... Removed 35 stack frames]]>
    </failure>
  </testcase> <!-- EnvironmentSurveyCreatePOSTAPI -->
  <testcase name="TransitSurveyCreatePOSTAPI" time="24.034" classname="com.arcapi.CompleteDataValidationTestcases.TransitSurveyCreatePOSTAPITest"/>
  <testcase name="EnvironmentSurveyCreatePOSTAPI" time="29.832" classname="com.arcapi.CompleteDataValidationTestcases.EnvironmentSurveyCreatePOSTAPITest"/>
  <testcase name="AssetTeamMemberAddPOSTAPI" time="36.714" classname="com.arcapi.CompleteDataValidationTestcases.AssetTeamMemberAddPOSTAPITest"/>
  <testcase name="AssetTeamMemberUpdateAPI" time="33.712" classname="com.arcapi.CompleteDataValidationTestcases.AssetTeamMemberUpdateAPITest"/>
  <testcase name="AssetTeamMemberRemoveAPI" time="32.218" classname="com.arcapi.CompleteDataValidationTestcases.AssetTeamMemberRemoveAPITest"/>
  <testcase name="AssetAppaddPOSTAPI" time="24.303" classname="com.arcapi.CompleteDataValidationTestcases.AssetAppaddPOSTAPITest"/>
  <testcase name="S3DocumentUploadPOSTAPI" time="23.027" classname="com.arcapi.CompleteDataValidationTestcases.S3DocumentUploadPOSTAPITest"/>
  <testcase name="S3DocumentRemoveAPI" time="24.398" classname="com.arcapi.CompleteDataValidationTestcases.S3DocumentRemoveAPITest"/>
  <testcase name="ExcelUploadTemplatePOSTAPI" time="23.434" classname="com.arcapi.CompleteDataValidationTestcases.ExcelUploadTemplatePOSTAPITest"/>
  <testcase name="AssetTeamPermissionPostAPI" time="23.608" classname="com.arcapi.CompleteDataValidationTestcases.AssetTeamPermissionPostAPITest"/>
  <testcase name="AssetTeamPermissionPutAPI" time="24.638" classname="com.arcapi.CompleteDataValidationTestcases.AssetTeamPermissionPutAPITest"/>
  <testcase name="AssetNotificationSubscriptionPost" time="2.396" classname="com.arcapi.Buildingtestcases.AssetNotificationSubscriptionPostTest"/>
  <testcase name="AssetNotificationSubscriptionPost" time="24.009" classname="com.arcapi.CompleteDataValidationTestcases.AssetNotificationSubscriptionPostTest"/>
  <testcase name="NotificationSubscriptionDetail" time="23.737" classname="com.arcapi.CompleteDataValidationTestcases.NotificationSubscriptionDetailPutTest"/>
  <testcase name="NotificationSubscriptionDetailDelete" time="2.115" classname="com.arcapi.Buildingtestcases.NotificationSubscriptionDetailDeleteTest"/>
  <testcase name="NotificationSubscriptionDetailDelete" time="24.233" classname="com.arcapi.CompleteDataValidationTestcases.NotificationSubscriptionDetailDeleteTest"/>
  <testcase name="SubmitReviewPOSTAPI" time="29.736" classname="com.arcapi.CompleteDataValidationTestcases.SubmitReviewPOSTAPITest"/>
  <testcase name="NotificationCreatePOSTAPI" time="23.801" classname="com.arcapi.CompleteDataValidationTestcases.NotificationCreatePOSTAPITest"/>
  <testcase name="NotificationDeleteAPI" time="31.192" classname="com.arcapi.CompleteDataValidationTestcases.NotificationDeleteAPITest"/>
  <testcase name="FeedbackSubmitPostAPI" time="24.006" classname="com.arcapi.CompleteDataValidationTestcases.FeedbackSubmitPostAPITest"/>
  <testcase name="AssetPerformanceScorePostAPI" time="16.926" classname="com.arcapi.CompleteDataValidationTestcases.AssetPerformanceScorePostAPITest"/>
  <testcase name="AnalysisDataSubmitPOSTAPI" time="16.503" classname="com.arcapi.CompleteDataValidationTestcases.AnalysisDataSubmitPOSTAPITest"/>
  <testcase name="AssetCertificationPOSTAPI" time="2.282" classname="com.arcapi.CompleteDataValidationTestcases.AssetCertificationPOSTAPITest">
    <failure type="java.lang.NullPointerException">
      <![CDATA[java.lang.NullPointerExceptionat com.arc.driver.CommonMethod.GeneratingAuthCodeAdminUser(CommonMethod.java:101)at com.arcapi.CompleteDataValidationTestcases.AssetCertificationPOSTAPITest.AssetCertificationPOSTAPI(AssetCertificationPOSTAPITest.java:28)... Removed 26 stack frames]]>
    </failure>
  </testcase> <!-- AssetCertificationPOSTAPI -->
  <testcase name="TemperatureDataPost" time="1.558" classname="com.arcapi.CompleteDataValidationTestcases.TemperatureDataPostTest">
    <failure type="java.lang.AssertionError" message="1 expectation failed.
Expected status code &amp;lt;400&amp;gt; doesn&amp;apos;t match actual status code &amp;lt;405&amp;gt;.
">
      <![CDATA[java.lang.AssertionError: 1 expectation failed.Expected status code <400> doesn't match actual status code <405>.at org.codehaus.groovy.runtime.callsite.ConstructorSite$ConstructorSiteNoUnwrap.callConstructor(ConstructorSite.java:84)at org.codehaus.groovy.runtime.callsite.AbstractCallSite.callConstructor(AbstractCallSite.java:247)at com.jayway.restassured.internal.ResponseSpecificationImpl$HamcrestAssertionClosure.validate(ResponseSpecificationImpl.groovy:598)at com.jayway.restassured.internal.ResponseSpecificationImpl$HamcrestAssertionClosure$validate$1.call(Unknown Source)at com.jayway.restassured.internal.ResponseSpecificationImpl.validateResponseIfRequired(ResponseSpecificationImpl.groovy:760)at org.codehaus.groovy.runtime.callsite.PogoMetaMethodSite$PogoCachedMethodSiteNoUnwrapNoCoerce.invoke(PogoMetaMethodSite.java:210)at org.codehaus.groovy.runtime.callsite.PogoMetaMethodSite.callCurrent(PogoMetaMethodSite.java:59)at org.codehaus.groovy.runtime.callsite.AbstractCallSite.callCurrent(AbstractCallSite.java:166)at com.jayway.restassured.internal.ResponseSpecificationImpl.statusCode(ResponseSpecificationImpl.groovy:120)at com.jayway.restassured.specification.ResponseSpecification$statusCode$0.callCurrent(Unknown Source)at com.jayway.restassured.internal.ResponseSpecificationImpl.statusCode(ResponseSpecificationImpl.groovy:128)at com.jayway.restassured.internal.ValidatableResponseOptionsImpl.statusCode(ValidatableResponseOptionsImpl.java:117)at com.arcapi.CompleteDataValidationTestcases.TemperatureDataPostTest.TemperatureDataPost(TemperatureDataPostTest.java:67)... Removed 35 stack frames]]>
    </failure>
  </testcase> <!-- TemperatureDataPost -->
</testsuite> <!-- DataValidationTest-Building -->
