<?xml version="1.0" encoding="UTF-8"?>
<!-- Generated by org.testng.reporters.JUnitXMLReporter -->
<testsuite hostname="G10GNLT041" ignored="0" name="DataValidationTest-City" tests="10" failures="2" timestamp="21 Jun 2019 05:56:42 GMT" time="112.751" errors="0">
  <testcase name="CreateAssetPOSTAPI" time="13.58" classname="com.arcapi.Citytestcases.CreateAssetCityLeedAPITest"/>
  <testcase name="SignAgreementRegistrationAPI" time="3.801" classname="com.arcapi.Citytestcases.SignAgreementRegistrationAPITest"/>
  <testcase name="RegistrationPaymentPricingGetAPI" time="2.872" classname="com.arcapi.Citytestcases.RegistrationPaymentPricingGetAPITest"/>
  <testcase name="PaymentOrderSubmitPOSTAPI" time="5.267" classname="com.arcapi.Citytestcases.PaymentOrderSubmitPOSTAPITest"/>
  <testcase name="AddAssestTimeline" time="3.086" classname="com.arcapi.Citytestcases.AddAssestTimelinePOSTAPITest"/>
  <testcase name="AssetDetailAPI" time="8.874" classname="com.arcapi.Citytestcases.AssetDetailAPITest"/>
  <testcase name="CreditAddTeamPOSTAPI" time="2.945" classname="com.arcapi.CompleteDataValidationTestcases.CreditAddTeamPOSTAPITest">
    <failure type="java.lang.AssertionError" message="1 expectation failed.
Expected status code &amp;lt;400&amp;gt; doesn&amp;apos;t match actual status code &amp;lt;404&amp;gt;.
">
      <![CDATA[java.lang.AssertionError: 1 expectation failed.Expected status code <400> doesn't match actual status code <404>.at org.codehaus.groovy.runtime.callsite.ConstructorSite$ConstructorSiteNoUnwrap.callConstructor(ConstructorSite.java:84)at org.codehaus.groovy.runtime.callsite.AbstractCallSite.callConstructor(AbstractCallSite.java:247)at com.jayway.restassured.internal.ResponseSpecificationImpl$HamcrestAssertionClosure.validate(ResponseSpecificationImpl.groovy:598)at com.jayway.restassured.internal.ResponseSpecificationImpl$HamcrestAssertionClosure$validate$1.call(Unknown Source)at com.jayway.restassured.internal.ResponseSpecificationImpl.validateResponseIfRequired(ResponseSpecificationImpl.groovy:760)at org.codehaus.groovy.runtime.callsite.PogoMetaMethodSite$PogoCachedMethodSiteNoUnwrapNoCoerce.invoke(PogoMetaMethodSite.java:210)at org.codehaus.groovy.runtime.callsite.PogoMetaMethodSite.callCurrent(PogoMetaMethodSite.java:59)at org.codehaus.groovy.runtime.callsite.AbstractCallSite.callCurrent(AbstractCallSite.java:166)at com.jayway.restassured.internal.ResponseSpecificationImpl.statusCode(ResponseSpecificationImpl.groovy:120)at com.jayway.restassured.specification.ResponseSpecification$statusCode$0.callCurrent(Unknown Source)at com.jayway.restassured.internal.ResponseSpecificationImpl.statusCode(ResponseSpecificationImpl.groovy:128)at com.jayway.restassured.internal.ValidatableResponseOptionsImpl.statusCode(ValidatableResponseOptionsImpl.java:117)at com.arcapi.CompleteDataValidationTestcases.CreditAddTeamPOSTAPITest.CreditAddTeamPOSTAPI(CreditAddTeamPOSTAPITest.java:59)... Removed 35 stack frames]]>
    </failure>
  </testcase> <!-- CreditAddTeamPOSTAPI -->
  <testcase name="MeasuresPostAPI" time="24.966" classname="com.arcapi.CompleteDataValidationTestcases.MeasuresPostAPITest"/>
  <testcase name="MeasuresUpdateAPI" time="25.76" classname="com.arcapi.CompleteDataValidationTestcases.MeasuresUpdateAPITest"/>
  <testcase name="MeasuresVersionPostAPI" time="1.649" classname="com.arcapi.CompleteDataValidationTestcases.MeasuresVersionPostAPITest">
    <failure type="java.lang.AssertionError" message="1 expectation failed.
Expected status code &amp;lt;400&amp;gt; doesn&amp;apos;t match actual status code &amp;lt;200&amp;gt;.
">
      <![CDATA[java.lang.AssertionError: 1 expectation failed.Expected status code <400> doesn't match actual status code <200>.at org.codehaus.groovy.runtime.callsite.ConstructorSite$ConstructorSiteNoUnwrap.callConstructor(ConstructorSite.java:84)at org.codehaus.groovy.runtime.callsite.AbstractCallSite.callConstructor(AbstractCallSite.java:247)at com.jayway.restassured.internal.ResponseSpecificationImpl$HamcrestAssertionClosure.validate(ResponseSpecificationImpl.groovy:598)at com.jayway.restassured.internal.ResponseSpecificationImpl$HamcrestAssertionClosure$validate$1.call(Unknown Source)at com.jayway.restassured.internal.ResponseSpecificationImpl.validateResponseIfRequired(ResponseSpecificationImpl.groovy:760)at org.codehaus.groovy.runtime.callsite.PogoMetaMethodSite$PogoCachedMethodSiteNoUnwrapNoCoerce.invoke(PogoMetaMethodSite.java:210)at org.codehaus.groovy.runtime.callsite.PogoMetaMethodSite.callCurrent(PogoMetaMethodSite.java:59)at org.codehaus.groovy.runtime.callsite.AbstractCallSite.callCurrent(AbstractCallSite.java:166)at com.jayway.restassured.internal.ResponseSpecificationImpl.statusCode(ResponseSpecificationImpl.groovy:120)at com.jayway.restassured.specification.ResponseSpecification$statusCode$0.callCurrent(Unknown Source)at com.jayway.restassured.internal.ResponseSpecificationImpl.statusCode(ResponseSpecificationImpl.groovy:128)at com.jayway.restassured.internal.ValidatableResponseOptionsImpl.statusCode(ValidatableResponseOptionsImpl.java:117)at com.arcapi.CompleteDataValidationTestcases.MeasuresVersionPostAPITest.MeasuresVersionPostAPI(MeasuresVersionPostAPITest.java:79)... Removed 35 stack frames]]>
    </failure>
  </testcase> <!-- MeasuresVersionPostAPI -->
</testsuite> <!-- DataValidationTest-City -->
