<html>
<head>
<title>TestNG:  DataValidationTest-Portfolios</title>
<link href="../testng.css" rel="stylesheet" type="text/css" />
<link href="../my-testng.css" rel="stylesheet" type="text/css" />

<style type="text/css">
.log { display: none;} 
.stack-trace { display: none;} 
</style>
<script type="text/javascript">
<!--
function flip(e) {
  current = e.style.display;
  if (current == 'block') {
    e.style.display = 'none';
    return 0;
  }
  else {
    e.style.display = 'block';
    return 1;
  }
}

function toggleBox(szDivId, elem, msg1, msg2)
{
  var res = -1;  if (document.getElementById) {
    res = flip(document.getElementById(szDivId));
  }
  else if (document.all) {
    // this is the way old msie versions work
    res = flip(document.all[szDivId]);
  }
  if(elem) {
    if(res == 0) elem.innerHTML = msg1; else elem.innerHTML = msg2;
  }

}

function toggleAllBoxes() {
  if (document.getElementsByTagName) {
    d = document.getElementsByTagName('div');
    for (i = 0; i < d.length; i++) {
      if (d[i].className == 'log') {
        flip(d[i]);
      }
    }
  }
}

// -->
</script>

</head>
<body>
<h2 align='center'>DataValidationTest-Portfolios</h2><table border='1' align="center">
<tr>
<td>Tests passed/Failed/Skipped:</td><td>11/1/0</td>
</tr><tr>
<td>Started on:</td><td>Fri Jun 21 11:26:42 IST 2019</td>
</tr>
<tr><td>Total time:</td><td>273 seconds (273024 ms)</td>
</tr><tr>
<td>Included groups:</td><td></td>
</tr><tr>
<td>Excluded groups:</td><td></td>
</tr>
</table><p/>
<small><i>(Hover the method name to see the test class name)</i></small><p/>
<table width='100%' border='1' class='invocation-failed'>
<tr><td colspan='4' align='center'><b>FAILED TESTS</b></td></tr>
<tr><td><b>Test method</b></td>
<td width="30%"><b>Exception</b></td>
<td width="10%"><b>Time (seconds)</b></td>
<td><b>Instance</b></td>
</tr>
<tr>
<td title='com.arcapi.CompleteDataValidationTestcases.PortfoliosAssetPostAPITest.PortfoliosAssetPostAPI()'><b>PortfoliosAssetPostAPI</b><br>Test class: com.arcapi.CompleteDataValidationTestcases.PortfoliosAssetPostAPITest<br>Parameters: QAS, ProjectIDBuildingOther, 2</td>
<td><div><pre>java.lang.AssertionError: 1 expectation failed.
Expected status code &lt;400&gt; doesn&apos;t match actual status code &lt;404&gt;.

	at org.codehaus.groovy.runtime.callsite.ConstructorSite$ConstructorSiteNoUnwrap.callConstructor(ConstructorSite.java:84)
	at org.codehaus.groovy.runtime.callsite.AbstractCallSite.callConstructor(AbstractCallSite.java:247)
	at com.jayway.restassured.internal.ResponseSpecificationImpl$HamcrestAssertionClosure.validate(ResponseSpecificationImpl.groovy:598)
	at com.jayway.restassured.internal.ResponseSpecificationImpl$HamcrestAssertionClosure$validate$1.call(Unknown Source)
	at com.jayway.restassured.internal.ResponseSpecificationImpl.validateResponseIfRequired(ResponseSpecificationImpl.groovy:760)
	at org.codehaus.groovy.runtime.callsite.PogoMetaMethodSite$PogoCachedMethodSiteNoUnwrapNoCoerce.invoke(PogoMetaMethodSite.java:210)
	at org.codehaus.groovy.runtime.callsite.PogoMetaMethodSite.callCurrent(PogoMetaMethodSite.java:59)
	at org.codehaus.groovy.runtime.callsite.AbstractCallSite.callCurrent(AbstractCallSite.java:166)
	at com.jayway.restassured.internal.ResponseSpecificationImpl.statusCode(ResponseSpecificationImpl.groovy:120)
	at com.jayway.restassured.specification.ResponseSpecification$statusCode$0.callCurrent(Unknown Source)
	at com.jayway.restassured.internal.ResponseSpecificationImpl.statusCode(ResponseSpecificationImpl.groovy:128)
	at com.jayway.restassured.internal.ValidatableResponseOptionsImpl.statusCode(ValidatableResponseOptionsImpl.java:117)
	at com.arcapi.CompleteDataValidationTestcases.PortfoliosAssetPostAPITest.PortfoliosAssetPostAPI(PortfoliosAssetPostAPITest.java:65)
... Removed 35 stack frames</pre></div><a href='#' onClick='toggleBox("stack-trace643495655", this, "Click to show all stack frames", "Click to hide stack frames")'>Click to show all stack frames</a>
<div class='stack-trace' id='stack-trace643495655'><pre>java.lang.AssertionError: 1 expectation failed.
Expected status code &lt;400&gt; doesn&apos;t match actual status code &lt;404&gt;.

	at sun.reflect.NativeConstructorAccessorImpl.newInstance0(Native Method)
	at sun.reflect.NativeConstructorAccessorImpl.newInstance(Unknown Source)
	at sun.reflect.DelegatingConstructorAccessorImpl.newInstance(Unknown Source)
	at java.lang.reflect.Constructor.newInstance(Unknown Source)
	at org.codehaus.groovy.reflection.CachedConstructor.invoke(CachedConstructor.java:80)
	at org.codehaus.groovy.reflection.CachedConstructor.doConstructorInvoke(CachedConstructor.java:74)
	at org.codehaus.groovy.runtime.callsite.ConstructorSite$ConstructorSiteNoUnwrap.callConstructor(ConstructorSite.java:84)
	at org.codehaus.groovy.runtime.callsite.AbstractCallSite.callConstructor(AbstractCallSite.java:247)
	at com.jayway.restassured.internal.ResponseSpecificationImpl$HamcrestAssertionClosure.validate(ResponseSpecificationImpl.groovy:598)
	at com.jayway.restassured.internal.ResponseSpecificationImpl$HamcrestAssertionClosure$validate$1.call(Unknown Source)
	at com.jayway.restassured.internal.ResponseSpecificationImpl.validateResponseIfRequired(ResponseSpecificationImpl.groovy:760)
	at sun.reflect.GeneratedMethodAccessor114.invoke(Unknown Source)
	at sun.reflect.DelegatingMethodAccessorImpl.invoke(Unknown Source)
	at java.lang.reflect.Method.invoke(Unknown Source)
	at org.codehaus.groovy.runtime.callsite.PogoMetaMethodSite$PogoCachedMethodSiteNoUnwrapNoCoerce.invoke(PogoMetaMethodSite.java:210)
	at org.codehaus.groovy.runtime.callsite.PogoMetaMethodSite.callCurrent(PogoMetaMethodSite.java:59)
	at org.codehaus.groovy.runtime.callsite.AbstractCallSite.callCurrent(AbstractCallSite.java:166)
	at com.jayway.restassured.internal.ResponseSpecificationImpl.statusCode(ResponseSpecificationImpl.groovy:120)
	at com.jayway.restassured.specification.ResponseSpecification$statusCode$0.callCurrent(Unknown Source)
	at com.jayway.restassured.internal.ResponseSpecificationImpl.statusCode(ResponseSpecificationImpl.groovy:128)
	at com.jayway.restassured.internal.ValidatableResponseOptionsImpl.statusCode(ValidatableResponseOptionsImpl.java:117)
	at com.arcapi.CompleteDataValidationTestcases.PortfoliosAssetPostAPITest.PortfoliosAssetPostAPI(PortfoliosAssetPostAPITest.java:65)
	at sun.reflect.NativeMethodAccessorImpl.invoke0(Native Method)
	at sun.reflect.NativeMethodAccessorImpl.invoke(Unknown Source)
	at sun.reflect.DelegatingMethodAccessorImpl.invoke(Unknown Source)
	at java.lang.reflect.Method.invoke(Unknown Source)
	at org.testng.internal.MethodInvocationHelper.invokeMethod(MethodInvocationHelper.java:124)
	at org.testng.internal.Invoker.invokeMethod(Invoker.java:571)
	at org.testng.internal.Invoker.invokeTestMethod(Invoker.java:707)
	at org.testng.internal.Invoker.invokeTestMethods(Invoker.java:979)
	at org.testng.internal.TestMethodWorker.invokeTestMethods(TestMethodWorker.java:125)
	at org.testng.internal.TestMethodWorker.run(TestMethodWorker.java:109)
	at org.testng.TestRunner.privateRun(TestRunner.java:648)
	at org.testng.TestRunner.run(TestRunner.java:505)
	at org.testng.SuiteRunner.runTest(SuiteRunner.java:455)
	at org.testng.SuiteRunner.runSequentially(SuiteRunner.java:450)
	at org.testng.SuiteRunner.privateRun(SuiteRunner.java:415)
	at org.testng.SuiteRunner.run(SuiteRunner.java:364)
	at org.testng.SuiteRunnerWorker.runSuite(SuiteRunnerWorker.java:52)
	at org.testng.SuiteRunnerWorker.run(SuiteRunnerWorker.java:84)
	at org.testng.TestNG.runSuitesSequentially(TestNG.java:1187)
	at org.testng.TestNG.runSuitesSequentially(TestNG.java:1183)
	at org.testng.TestNG.runSuitesLocally(TestNG.java:1116)
	at org.testng.TestNG.runSuites(TestNG.java:1028)
	at org.testng.TestNG.run(TestNG.java:996)
	at org.testng.remote.AbstractRemoteTestNG.run(AbstractRemoteTestNG.java:114)
	at org.testng.remote.RemoteTestNG.initAndRun(RemoteTestNG.java:251)
	at org.testng.remote.RemoteTestNG.main(RemoteTestNG.java:77)
</pre></div></td>
<td>2</td>
<td>com.arcapi.CompleteDataValidationTestcases.PortfoliosAssetPostAPITest@71a794e5</td></tr>
</table><p>
<table width='100%' border='1' class='invocation-passed'>
<tr><td colspan='4' align='center'><b>PASSED TESTS</b></td></tr>
<tr><td><b>Test method</b></td>
<td width="30%"><b>Exception</b></td>
<td width="10%"><b>Time (seconds)</b></td>
<td><b>Instance</b></td>
</tr>
<tr>
<td title='com.arcapi.Portfoliostestcases.LoginAPITest.LoginAPI()'><b>LoginAPI</b><br>Test class: com.arcapi.Portfoliostestcases.LoginAPITest<br>Parameters: QAS, 2</td>
<td></td>
<td>8</td>
<td>com.arcapi.Portfoliostestcases.LoginAPITest@365c30cc</td></tr>
<tr>
<td title='com.arcapi.CompleteDataValidationTestcases.PortfoliosAssetDetailPUTAPITest.PortfoliosAssetDetailPUTAPI()'><b>PortfoliosAssetDetailPUTAPI</b><br>Test class: com.arcapi.CompleteDataValidationTestcases.PortfoliosAssetDetailPUTAPITest<br>Parameters: QAS, ProjectIDBuildingOther, 2</td>
<td></td>
<td>26</td>
<td>com.arcapi.CompleteDataValidationTestcases.PortfoliosAssetDetailPUTAPITest@76329302</td></tr>
<tr>
<td title='com.arcapi.Portfoliostestcases.PortfoliosAssetPostAPITest.PortfoliosAssetPostAPI()'><b>PortfoliosAssetPostAPI</b><br>Test class: com.arcapi.Portfoliostestcases.PortfoliosAssetPostAPITest<br>Parameters: QAS, ProjectIDBuildingOther, 2</td>
<td></td>
<td>20</td>
<td>com.arcapi.Portfoliostestcases.PortfoliosAssetPostAPITest@7fad8c79</td></tr>
<tr>
<td title='com.arcapi.CompleteDataValidationTestcases.PortfoliosDetailPUTAPITest.PortfoliosDetailPUTAPI()'><b>PortfoliosDetailPUTAPI</b><br>Test class: com.arcapi.CompleteDataValidationTestcases.PortfoliosDetailPUTAPITest<br>Parameters: QAS, 2</td>
<td></td>
<td>25</td>
<td>com.arcapi.CompleteDataValidationTestcases.PortfoliosDetailPUTAPITest@282003e1</td></tr>
<tr>
<td title='com.arcapi.CompleteDataValidationTestcases.PortfoliosGoalsUpdateAPITest.PortfoliosGoalsUpdateAPI()'><b>PortfoliosGoalsUpdateAPI</b><br>Test class: com.arcapi.CompleteDataValidationTestcases.PortfoliosGoalsUpdateAPITest<br>Parameters: QAS, ProjectIDBuildingOther, 2</td>
<td></td>
<td>26</td>
<td>com.arcapi.CompleteDataValidationTestcases.PortfoliosGoalsUpdateAPITest@5e25a92e</td></tr>
<tr>
<td title='com.arcapi.Portfoliostestcases.PortfoliosPostAPITest.PortfoliosPostAPI()'><b>PortfoliosPostAPI</b><br>Test class: com.arcapi.Portfoliostestcases.PortfoliosPostAPITest<br>Parameters: QAS, 2</td>
<td></td>
<td>2</td>
<td>com.arcapi.Portfoliostestcases.PortfoliosPostAPITest@701fc37a</td></tr>
<tr>
<td title='com.arcapi.CompleteDataValidationTestcases.PortfoliosPostAPITest.PortfoliosPostAPI()'><b>PortfoliosPostAPI</b><br>Test class: com.arcapi.CompleteDataValidationTestcases.PortfoliosPostAPITest<br>Parameters: QAS, ProjectIDBuildingOther, 2</td>
<td></td>
<td>22</td>
<td>com.arcapi.CompleteDataValidationTestcases.PortfoliosPostAPITest@4148db48</td></tr>
<tr>
<td title='com.arcapi.CompleteDataValidationTestcases.PortfoliosTeamsDELETEAPITest.PortfoliosTeamsDELETEAPI()'><b>PortfoliosTeamsDELETEAPI</b><br>Test class: com.arcapi.CompleteDataValidationTestcases.PortfoliosTeamsDELETEAPITest<br>Parameters: QAS, ProjectIDBuildingOther, 2</td>
<td></td>
<td>26</td>
<td>com.arcapi.CompleteDataValidationTestcases.PortfoliosTeamsDELETEAPITest@11e21d0e</td></tr>
<tr>
<td title='com.arcapi.CompleteDataValidationTestcases.PortfoliosTeamsPUTAPITest.PortfoliosTeamsPUTAPI()'><b>PortfoliosTeamsPUTAPI</b><br>Test class: com.arcapi.CompleteDataValidationTestcases.PortfoliosTeamsPUTAPITest<br>Parameters: QAS, ProjectIDBuildingOther, 2</td>
<td></td>
<td>28</td>
<td>com.arcapi.CompleteDataValidationTestcases.PortfoliosTeamsPUTAPITest@62fdb4a6</td></tr>
<tr>
<td title='com.arcapi.Portfoliostestcases.PortfoliosTeamsPostAPITest.PortfoliosTeamsPostAPI()'><b>PortfoliosTeamsPostAPI</b><br>Test class: com.arcapi.Portfoliostestcases.PortfoliosTeamsPostAPITest<br>Parameters: QAS, 2</td>
<td></td>
<td>3</td>
<td>com.arcapi.Portfoliostestcases.PortfoliosTeamsPostAPITest@4df828d7</td></tr>
<tr>
<td title='com.arcapi.CompleteDataValidationTestcases.PortfoliosTeamsPostAPITest.PortfoliosTeamsPostAPI()'><b>PortfoliosTeamsPostAPI</b><br>Test class: com.arcapi.CompleteDataValidationTestcases.PortfoliosTeamsPostAPITest<br>Parameters: QAS, ProjectIDBuildingOther, 2</td>
<td></td>
<td>28</td>
<td>com.arcapi.CompleteDataValidationTestcases.PortfoliosTeamsPostAPITest@b59d31</td></tr>
</table><p>
</body>
</html>