<?xml version="1.0" encoding="UTF-8"?>
<!-- Generated by org.testng.reporters.JUnitXMLReporter -->
<testsuite hostname="G10GNLT041" ignored="0" name="DataValidationTest-Portfolios" tests="12" failures="1" timestamp="21 Jun 2019 06:01:15 GMT" time="273.024" errors="0">
  <testcase name="LoginAPI" time="8.482" classname="com.arcapi.Portfoliostestcases.LoginAPITest"/>
  <testcase name="PortfoliosPostAPI" time="2.589" classname="com.arcapi.Portfoliostestcases.PortfoliosPostAPITest"/>
  <testcase name="PortfoliosPostAPI" time="22.687" classname="com.arcapi.CompleteDataValidationTestcases.PortfoliosPostAPITest"/>
  <testcase name="PortfoliosDetailPUTAPI" time="25.97" classname="com.arcapi.CompleteDataValidationTestcases.PortfoliosDetailPUTAPITest"/>
  <testcase name="PortfoliosAssetPostAPI" time="20.499" classname="com.arcapi.Portfoliostestcases.PortfoliosAssetPostAPITest"/>
  <testcase name="PortfoliosAssetPostAPI" time="2.099" classname="com.arcapi.CompleteDataValidationTestcases.PortfoliosAssetPostAPITest">
    <failure type="java.lang.AssertionError" message="1 expectation failed.
Expected status code &amp;lt;400&amp;gt; doesn&amp;apos;t match actual status code &amp;lt;404&amp;gt;.
">
      <![CDATA[java.lang.AssertionError: 1 expectation failed.Expected status code <400> doesn't match actual status code <404>.at org.codehaus.groovy.runtime.callsite.ConstructorSite$ConstructorSiteNoUnwrap.callConstructor(ConstructorSite.java:84)at org.codehaus.groovy.runtime.callsite.AbstractCallSite.callConstructor(AbstractCallSite.java:247)at com.jayway.restassured.internal.ResponseSpecificationImpl$HamcrestAssertionClosure.validate(ResponseSpecificationImpl.groovy:598)at com.jayway.restassured.internal.ResponseSpecificationImpl$HamcrestAssertionClosure$validate$1.call(Unknown Source)at com.jayway.restassured.internal.ResponseSpecificationImpl.validateResponseIfRequired(ResponseSpecificationImpl.groovy:760)at org.codehaus.groovy.runtime.callsite.PogoMetaMethodSite$PogoCachedMethodSiteNoUnwrapNoCoerce.invoke(PogoMetaMethodSite.java:210)at org.codehaus.groovy.runtime.callsite.PogoMetaMethodSite.callCurrent(PogoMetaMethodSite.java:59)at org.codehaus.groovy.runtime.callsite.AbstractCallSite.callCurrent(AbstractCallSite.java:166)at com.jayway.restassured.internal.ResponseSpecificationImpl.statusCode(ResponseSpecificationImpl.groovy:120)at com.jayway.restassured.specification.ResponseSpecification$statusCode$0.callCurrent(Unknown Source)at com.jayway.restassured.internal.ResponseSpecificationImpl.statusCode(ResponseSpecificationImpl.groovy:128)at com.jayway.restassured.internal.ValidatableResponseOptionsImpl.statusCode(ValidatableResponseOptionsImpl.java:117)at com.arcapi.CompleteDataValidationTestcases.PortfoliosAssetPostAPITest.PortfoliosAssetPostAPI(PortfoliosAssetPostAPITest.java:65)... Removed 35 stack frames]]>
    </failure>
  </testcase> <!-- PortfoliosAssetPostAPI -->
  <testcase name="PortfoliosAssetDetailPUTAPI" time="26.648" classname="com.arcapi.CompleteDataValidationTestcases.PortfoliosAssetDetailPUTAPITest"/>
  <testcase name="PortfoliosGoalsUpdateAPI" time="26.235" classname="com.arcapi.CompleteDataValidationTestcases.PortfoliosGoalsUpdateAPITest"/>
  <testcase name="PortfoliosTeamsPostAPI" time="3.578" classname="com.arcapi.Portfoliostestcases.PortfoliosTeamsPostAPITest"/>
  <testcase name="PortfoliosTeamsPostAPI" time="28.041" classname="com.arcapi.CompleteDataValidationTestcases.PortfoliosTeamsPostAPITest"/>
  <testcase name="PortfoliosTeamsPUTAPI" time="28.32" classname="com.arcapi.CompleteDataValidationTestcases.PortfoliosTeamsPUTAPITest"/>
  <testcase name="PortfoliosTeamsDELETEAPI" time="26.361" classname="com.arcapi.CompleteDataValidationTestcases.PortfoliosTeamsDELETEAPITest"/>
</testsuite> <!-- DataValidationTest-Portfolios -->
