<?xml version="1.0" encoding="UTF-8"?>
<!-- Generated by org.testng.reporters.JUnitXMLReporter -->
<testsuite hostname="G10GGNLT052" name="CompleteFlowTest-Building-None" tests="20" failures="12" timestamp="20 Sep 2019 13:05:47 GMT" time="5004.343" errors="0">
  <testcase name="LoginAPI" time="5.805" classname="com.arcapi.Common.LoginAPITest"/>
  <testcase name="CreateAssetPOSTAPI" time="23.028" classname="com.arcapi.Buildingtestcases.CreateAssetBuildingV3APITest"/>
  <testcase name="SignAgreementRegistrationAPI" time="9.001" classname="com.arcapi.Common.SignAgreementRegistrationAPITest"/>
  <testcase name="PaymentOrderSubmitPOSTAPI" time="77.653" classname="com.arcapi.Common.PaymentOrderSubmitPOSTAPITest"/>
  <testcase name="AddAssestTimeline" time="19.601" classname="com.arcapi.Common.AddAssestTimelinePOSTAPITest">
    <failure type="java.lang.AssertionError" message="expected [200] but found [502]">
      <![CDATA[java.lang.AssertionError: expected [200] but found [502]
	at com.Utill.Controller.Assertion.verifyStatusCode(Assertion.java:20)
	at com.arcapi.Common.AddAssestTimelinePOSTAPITest.AddAssestTimeline(AddAssestTimelinePOSTAPITest.java:25)
... Removed 31 stack frames]]>
    </failure>
  </testcase> <!-- AddAssestTimeline -->
  <testcase name="AssetDetailAPI" time="5.089" classname="com.arcapi.Buildingtestcases.AssetDetailEmissionFactorTest">
    <failure type="java.lang.AssertionError" message="expected [200] but found [502]">
      <![CDATA[java.lang.AssertionError: expected [200] but found [502]
	at com.Utill.Controller.Assertion.verifyStatusCode(Assertion.java:20)
	at com.arcapi.Buildingtestcases.AssetDetailEmissionFactorTest.AssetDetailAPI(AssetDetailEmissionFactorTest.java:26)
... Removed 31 stack frames]]>
    </failure>
  </testcase> <!-- AssetDetailAPI -->
  <testcase name="MeterCreatePOSTAPI" time="2.25" classname="com.arcapi.Buildingtestcases.MeterCreatePOSTEmissionTest"/>
  <testcase name="MeterBulkConsumptionPOSTAPI" time="1.427" classname="com.arcapi.Buildingtestcases.EnergyMeterBulkConsumptionPOSTEmissionTest">
    <failure type="java.lang.AssertionError" message="expected [200] but found [403]">
      <![CDATA[java.lang.AssertionError: expected [200] but found [403]
	at com.Utill.Controller.Assertion.verifyStatusCode(Assertion.java:20)
	at com.arcapi.Buildingtestcases.EnergyMeterBulkConsumptionPOSTEmissionTest.MeterBulkConsumptionPOSTAPI(EnergyMeterBulkConsumptionPOSTEmissionTest.java:49)
... Removed 31 stack frames]]>
    </failure>
  </testcase> <!-- MeterBulkConsumptionPOSTAPI -->
  <testcase name="GhgGetTestAPI" time="1.974" classname="com.arcapi.Buildingtestcases.GhgMeanEmissionTest"/>
  <testcase name="AssetUpdateforNewAssetPUTAPI" time="1.848" classname="com.arcapi.Buildingtestcases.AssetUpdateBuildingEmissionTest">
    <failure type="java.lang.AssertionError" message="expected [200] but found [403]">
      <![CDATA[java.lang.AssertionError: expected [200] but found [403]
	at com.Utill.Controller.Assertion.verifyStatusCode(Assertion.java:20)
	at com.arcapi.Buildingtestcases.AssetUpdateBuildingEmissionTest.AssetUpdateforNewAssetPUTAPI(AssetUpdateBuildingEmissionTest.java:25)
... Removed 31 stack frames]]>
    </failure>
  </testcase> <!-- AssetUpdateforNewAssetPUTAPI -->
  <testcase name="MetersAPI" time="1.796" classname="com.arcapi.Buildingtestcases.MetersListEmissionTest"/>
  <testcase name="ConsumptionCreatePOSTAPI" time="2.183" classname="com.arcapi.Buildingtestcases.ConsumptionCreatePOSTEmissionTest">
    <failure type="java.lang.AssertionError" message="expected [201] but found [403]">
      <![CDATA[java.lang.AssertionError: expected [201] but found [403]
	at com.Utill.Controller.Assertion.verifyStatusCode(Assertion.java:20)
	at com.arcapi.Buildingtestcases.ConsumptionCreatePOSTEmissionTest.ConsumptionCreatePOSTAPI(ConsumptionCreatePOSTEmissionTest.java:34)
... Removed 31 stack frames]]>
    </failure>
  </testcase> <!-- ConsumptionCreatePOSTAPI -->
  <testcase name="GhgGetTestAPI" time="12.066" classname="com.arcapi.Buildingtestcases.GhgMeanEmissionAfterUpdateTest">
    <failure type="java.lang.NullPointerException">
      <![CDATA[java.lang.NullPointerException
	at com.arcapi.Buildingtestcases.GhgMeanEmissionAfterUpdateTest.GhgGetTestAPI(GhgMeanEmissionAfterUpdateTest.java:31)
... Removed 25 stack frames]]>
    </failure>
  </testcase> <!-- GhgGetTestAPI -->
  <testcase name="AnalysisDataEmissionAPI" time="22.207" classname="com.arcapi.Buildingtestcases.AnalysisDataEmissionAPITest">
    <failure type="java.lang.AssertionError" message="expected [200] but found [403]">
      <![CDATA[java.lang.AssertionError: expected [200] but found [403]
	at com.Utill.Controller.Assertion.verifyStatusCode(Assertion.java:20)
	at com.arcapi.Buildingtestcases.AnalysisDataEmissionAPITest.AnalysisDataEmissionAPI(AnalysisDataEmissionAPITest.java:27)
... Removed 31 stack frames]]>
    </failure>
  </testcase> <!-- AnalysisDataEmissionAPI -->
  <testcase name="ConsumptionUpdateEmissionAPI" time="1.952" classname="com.arcapi.Buildingtestcases.ConsumptionUpdateEmissionAPITest">
    <failure type="java.lang.AssertionError" message="expected [200] but found [403]">
      <![CDATA[java.lang.AssertionError: expected [200] but found [403]
	at com.Utill.Controller.Assertion.verifyStatusCode(Assertion.java:20)
	at com.arcapi.Buildingtestcases.ConsumptionUpdateEmissionAPITest.ConsumptionUpdateEmissionAPI(ConsumptionUpdateEmissionAPITest.java:32)
... Removed 31 stack frames]]>
    </failure>
  </testcase> <!-- ConsumptionUpdateEmissionAPI -->
  <testcase name="GhgMeanEmissionAfterIncrease" time="11.928" classname="com.arcapi.Buildingtestcases.GhgMeanEmissionAfterIncreaseTest">
    <failure type="java.lang.NullPointerException">
      <![CDATA[java.lang.NullPointerException
	at com.arcapi.Buildingtestcases.GhgMeanEmissionAfterIncreaseTest.GhgMeanEmissionAfterIncrease(GhgMeanEmissionAfterIncreaseTest.java:32)
... Removed 25 stack frames]]>
    </failure>
  </testcase> <!-- GhgMeanEmissionAfterIncrease -->
  <testcase name="AnalysisDataEmissionAfterIncrease" time="32.17" classname="com.arcapi.Buildingtestcases.AnalysisDataEmissionAfterIncreaseTest">
    <failure type="java.lang.AssertionError" message="expected [200] but found [403]">
      <![CDATA[java.lang.AssertionError: expected [200] but found [403]
	at com.Utill.Controller.Assertion.verifyStatusCode(Assertion.java:20)
	at com.arcapi.Buildingtestcases.AnalysisDataEmissionAfterIncreaseTest.AnalysisDataEmissionAfterIncrease(AnalysisDataEmissionAfterIncreaseTest.java:30)
... Removed 31 stack frames]]>
    </failure>
  </testcase> <!-- AnalysisDataEmissionAfterIncrease -->
  <testcase name="ConsumptionUpdateEmissionDecreaseAPI" time="1.78" classname="com.arcapi.Buildingtestcases.ConsumptionUpdateEmissionDecreaseAPITest">
    <failure type="java.lang.AssertionError" message="expected [200] but found [403]">
      <![CDATA[java.lang.AssertionError: expected [200] but found [403]
	at com.Utill.Controller.Assertion.verifyStatusCode(Assertion.java:20)
	at com.arcapi.Buildingtestcases.ConsumptionUpdateEmissionDecreaseAPITest.ConsumptionUpdateEmissionDecreaseAPI(ConsumptionUpdateEmissionDecreaseAPITest.java:32)
... Removed 31 stack frames]]>
    </failure>
  </testcase> <!-- ConsumptionUpdateEmissionDecreaseAPI -->
  <testcase name="GhgMeanEmissionAfterDecrease" time="2.06" classname="com.arcapi.Buildingtestcases.GhgMeanEmissionAfterDecreaseTest"/>
  <testcase name="AnalysisDataEmissionAfterDecrease" time="4645.953" classname="com.arcapi.Buildingtestcases.AnalysisDataEmissionAfterDecreaseTest">
    <failure type="java.lang.AssertionError" message="expected [200] but found [403]">
      <![CDATA[java.lang.AssertionError: expected [200] but found [403]
	at com.Utill.Controller.Assertion.verifyStatusCode(Assertion.java:20)
	at com.arcapi.Buildingtestcases.AnalysisDataEmissionAfterDecreaseTest.AnalysisDataEmissionAfterDecrease(AnalysisDataEmissionAfterDecreaseTest.java:29)
... Removed 31 stack frames]]>
    </failure>
  </testcase> <!-- AnalysisDataEmissionAfterDecrease -->
</testsuite> <!-- CompleteFlowTest-Building-None -->
