<?xml version="1.0" encoding="UTF-8"?>
<!-- Generated by org.testng.reporters.JUnitXMLReporter -->
<testsuite hostname="G10GGNLT052" name="CompleteFlowTest-Building-None" tests="26" failures="2" timestamp="27 Aug 2019 03:54:09 GMT" time="79.605" errors="0">
  <testcase name="LoginAPI" time="6.84" classname="com.arcapi.Common.LoginAPITest"/>
  <testcase name="UserDetailAPI" time="1.804" classname="com.arcapi.Common.UserDetailAPITest"/>
  <testcase name="UserAccessLevelSAPGet" time="1.555" classname="com.arcapi.Common.UserAccessLevelSAPGetTest"/>
  <testcase name="LOTokenAPI" time="1.539" classname="com.arcapi.Common.LOTokenAPITest"/>
  <testcase name="AssetSearchAPI" time="1.426" classname="com.arcapi.Common.AssetSearchAPITest"/>
  <testcase name="AssetValidationInfoPOSTAPI" time="1.703" classname="com.arcapi.Common.AssetValidationInfoPOSTAPITest"/>
  <testcase name="AssetSearchOwnerAPI" time="1.423" classname="com.arcapi.Common.AssetSearchOwnerAPITest"/>
  <testcase name="AssetOwnerOrgPOSTAPI" time="2.782" classname="com.arcapi.Common.AssetOwnerOrgPOSTAPITest">
    <failure type="java.lang.AssertionError" message="expected [201] but found [200]">
      <![CDATA[java.lang.AssertionError: expected [201] but found [200]
	at com.Utill.Controller.Assertion.verifyStatusCode(Assertion.java:18)
	at com.arcapi.Common.AssetOwnerOrgPOSTAPITest.AssetOwnerOrgPOSTAPI(AssetOwnerOrgPOSTAPITest.java:22)
... Removed 31 stack frames]]>
    </failure>
  </testcase> <!-- AssetOwnerOrgPOSTAPI -->
  <testcase name="AssetListAPI" time="1.734" classname="com.arcapi.Common.AssetListAPITest"/>
  <testcase name="CreateAssetPOSTAPI" time="4.921" classname="com.arcapi.Buildingtestcases.CreateAssetBuildingV3APITest"/>
  <testcase name="SignAgreementRegistrationAPI" time="3.351" classname="com.arcapi.Common.SignAgreementRegistrationAPITest"/>
  <testcase name="RegistrationPaymentPricingGetAPI" time="2.171" classname="com.arcapi.Common.RegistrationPaymentPricingGetAPITest"/>
  <testcase name="PaymentOrderSubmitPOSTAPI" time="9.853" classname="com.arcapi.Common.PaymentOrderSubmitPOSTAPITest">
    <failure type="java.lang.AssertionError" message="expected [201] but found [200]">
      <![CDATA[java.lang.AssertionError: expected [201] but found [200]
	at com.Utill.Controller.Assertion.verifyStatusCode(Assertion.java:18)
	at com.arcapi.Common.PaymentOrderSubmitPOSTAPITest.PaymentOrderSubmitPOSTAPI(PaymentOrderSubmitPOSTAPITest.java:33)
... Removed 31 stack frames]]>
    </failure>
  </testcase> <!-- PaymentOrderSubmitPOSTAPI -->
  <testcase name="AddAssestTimeline" time="6.12" classname="com.arcapi.Common.AddAssestTimelinePOSTAPITest"/>
  <testcase name="PaymentOrderGetAPI" time="1.855" classname="com.arcapi.Common.PaymentOrderGetAPITest"/>
  <testcase name="PaymentReceiptAPI" time="3.967" classname="com.arcapi.Common.PaymentReceiptAPITest"/>
  <testcase name="PaymentHistoryAPI" time="1.408" classname="com.arcapi.Common.PaymentHistoryAPITest"/>
  <testcase name="AssetDetailAPI" time="1.514" classname="com.arcapi.Common.AssetDetailAPITest"/>
  <testcase name="AssetUpdateforNewAssetPUTAPI" time="2.261" classname="com.arcapi.Buildingtestcases.AssetUpdateBuildingNoneAPITest"/>
  <testcase name="VerifyAssetDetailAPI" time="2.468" classname="com.arcapi.Buildingtestcases.VerifyAssetDetailAPITest"/>
  <testcase name="VerifyProjectRegisteredAssetList" time="2.004" classname="com.arcapi.Common.VerifyProjectRegisteredAssetListTest"/>
  <testcase name="AssetDocumentAPI" time="2.9" classname="com.arcapi.Common.AssetDocumentAPITest"/>
  <testcase name="DownloadDocumentsAPI" time="2.175" classname="com.arcapi.Common.DownloadDocumentsAPITest"/>
  <testcase name="VerifyAgreementPresentAPI" time="1.912" classname="com.arcapi.Common.VerifyAgreementPresentAPITest"/>
  <testcase name="FetchingAgreementDetailsAPI" time="1.672" classname="com.arcapi.Common.FetchingAgreementDetailsAPITest"/>
  <testcase name="VerifyAgreementDeleteAPI" time="1.41" classname="com.arcapi.Common.VerifyAgreementDeleteAPITest"/>
</testsuite> <!-- CompleteFlowTest-Building-None -->
