<?xml version="1.0" encoding="UTF-8"?>
<!-- Generated by org.testng.reporters.JUnitXMLReporter -->
<testsuite hostname="G10GNLT041" ignored="0" name="CompleteFlowTest-Building-Other" tests="103" failures="2" timestamp="17 Jun 2019 07:27:39 GMT" time="1576.667" errors="0">
  <testcase name="LoginAPI" time="18.313" classname="com.arcapi.Buildingtestcases.LoginAPITest"/>
  <testcase name="UserDetailAPI" time="4.185" classname="com.arcapi.Buildingtestcases.UserDetailAPITest"/>
  <testcase name="UserAccessLevelSAPGet" time="3.6" classname="com.arcapi.Buildingtestcases.UserAccessLevelSAPGetTest"/>
  <testcase name="LOTokenAPI" time="4.014" classname="com.arcapi.Buildingtestcases.LOTokenAPITest"/>
  <testcase name="AssetSearchAPI" time="13.555" classname="com.arcapi.Buildingtestcases.AssetSearchAPITest"/>
  <testcase name="AssetValidationInfoPOSTAPI" time="4.27" classname="com.arcapi.Buildingtestcases.AssetValidationInfoPOSTAPITest"/>
  <testcase name="AssetSearchOwnerAPI" time="4.017" classname="com.arcapi.Buildingtestcases.AssetSearchOwnerAPITest"/>
  <testcase name="AssetOwnerOrgPOSTAPI" time="5.029" classname="com.arcapi.Buildingtestcases.AssetOwnerOrgPOSTAPITest"/>
  <testcase name="AssetListAPI" time="4.564" classname="com.arcapi.Buildingtestcases.AssetListAPITest"/>
  <testcase name="CreateAssetPOSTAPI" time="24.645" classname="com.arcapi.Buildingtestcases.CreateAssetBuildingOtherAPITest"/>
  <testcase name="SignAgreementRegistrationAPI" time="7.995" classname="com.arcapi.Buildingtestcases.SignAgreementRegistrationAPITest"/>
  <testcase name="RegistrationPaymentPricingGetAPI" time="5.346" classname="com.arcapi.Buildingtestcases.RegistrationPaymentPricingGetAPITest"/>
  <testcase name="PaymentOrderSubmitPOSTAPI" time="11.136" classname="com.arcapi.Buildingtestcases.PaymentOrderSubmitPOSTAPITest"/>
  <testcase name="AddAssestTimeline" time="8.635" classname="com.arcapi.Buildingtestcases.AddAssestTimelinePOSTAPITest"/>
  <testcase name="PaymentOrderGetAPI" time="4.365" classname="com.arcapi.Buildingtestcases.PaymentOrderGetAPITest"/>
  <testcase name="PaymentReceiptAPI" time="13.885" classname="com.arcapi.Buildingtestcases.PaymentReceiptAPITest"/>
  <testcase name="PaymentHistoryAPI" time="4.392" classname="com.arcapi.Buildingtestcases.PaymentHistoryAPITest"/>
  <testcase name="AssetDetailAPI" time="19.981" classname="com.arcapi.Buildingtestcases.AssetDetailAPITest"/>
  <testcase name="AssetUpdateforNewAssetPUTAPI" time="7.155" classname="com.arcapi.Buildingtestcases.AssetUpdateBuildingOtherAPITest"/>
  <testcase name="VerifyAssetDetailAPI" time="4.946" classname="com.arcapi.Buildingtestcases.VerifyAssetDetailAPITest"/>
  <testcase name="VerifyProjectRegisteredAssetList" time="5.165" classname="com.arcapi.Buildingtestcases.VerifyProjectRegisteredAssetListTest"/>
  <testcase name="AssetDocumentAPI" time="5.178" classname="com.arcapi.Buildingtestcases.AssetDocumentAPITest"/>
  <testcase name="DownloadDocumentsAPI" time="4.752" classname="com.arcapi.Buildingtestcases.DownloadDocumentsAPITest"/>
  <testcase name="VerifyAgreementPresentAPI" time="4.913" classname="com.arcapi.Buildingtestcases.VerifyAgreementPresentAPITest"/>
  <testcase name="FetchingAgreementDetailsAPI" time="5.187" classname="com.arcapi.Buildingtestcases.FetchingAgreementDetailsAPITest"/>
  <testcase name="VerifyAgreementDeleteAPI" time="3.669" classname="com.arcapi.Buildingtestcases.VerifyAgreementDeleteAPITest"/>
  <testcase name="MetersAPI" time="5.08" classname="com.arcapi.Buildingtestcases.MetersAPITest"/>
  <testcase name="MeterCreatePOSTAPI" time="4.955" classname="com.arcapi.Buildingtestcases.MeterCreatePOSTAPITest"/>
  <testcase name="AssetMeterDetailAPI" time="3.815" classname="com.arcapi.Buildingtestcases.AssetMeterDetailAPITest"/>
  <testcase name="MeterUpdatePUTAPI" time="4.726" classname="com.arcapi.Buildingtestcases.MeterUpdatePUTAPITest"/>
  <testcase name="MeterBulkConsumptionPOSTAPI" time="4.491" classname="com.arcapi.Buildingtestcases.MeterBulkConsumptionPOSTAPITest"/>
  <testcase name="ConsumptionListAPI" time="3.774" classname="com.arcapi.Buildingtestcases.ConsumptionListAPITest"/>
  <testcase name="ConsumptionCreatePOSTAPI" time="5.858" classname="com.arcapi.Buildingtestcases.ConsumptionCreatePOSTAPITest"/>
  <testcase name="ConsumptionDetailAPI" time="4.15" classname="com.arcapi.Buildingtestcases.ConsumptionDetailAPITest"/>
  <testcase name="ConsumptionUpdatePUTAPI" time="5.549" classname="com.arcapi.Buildingtestcases.ConsumptionUpdatePUTAPITest"/>
  <testcase name="ConsumptionDeleteAPI" time="5.624" classname="com.arcapi.Buildingtestcases.ConsumptionDeleteAPITest"/>
  <testcase name="MeterDeleteAPI" time="4.923" classname="com.arcapi.Buildingtestcases.MeterDeleteAPITest"/>
  <testcase name="WasteGeneratedBulkDataPost" time="4.719" classname="com.arcapi.Buildingtestcases.WasteGeneratedBulkDataPostTest"/>
  <testcase name="WasteDivertedBulkDataPost" time="4.529" classname="com.arcapi.Buildingtestcases.WasteDivertedBulkDataPostTest"/>
  <testcase name="WasteCreatePOSTAPI" time="4.238" classname="com.arcapi.Buildingtestcases.WasteCreatePOSTAPITest"/>
  <testcase name="WasteGetAPI" time="6.663" classname="com.arcapi.Buildingtestcases.WasteGetAPITest"/>
  <testcase name="WasteDetailAPI" time="3.966" classname="com.arcapi.Buildingtestcases.WasteDetailAPITest"/>
  <testcase name="WasteUpdatePUTAPI" time="4.914" classname="com.arcapi.Buildingtestcases.WasteUpdatePUTAPITest"/>
  <testcase name="WasteDetailDeleteAPI" time="6.25" classname="com.arcapi.Buildingtestcases.WasteDetailDeleteAPITest"/>
  <testcase name="SurveyCreatePOSTAPI" time="380.073" classname="com.arcapi.Buildingtestcases.SurveyCreatePOSTAPITest"/>
  <testcase name="AssetTeamMemberRoleAPI" time="5.054" classname="com.arcapi.Buildingtestcases.AssetTeamMemberRoleAPITest"/>
  <testcase name="AssetTeamMemberListAPI" time="5.29" classname="com.arcapi.Buildingtestcases.AssetTeamMemberListAPITest"/>
  <testcase name="AssetTeamMemberAddPOSTAPI" time="5.875" classname="com.arcapi.Buildingtestcases.AssetTeamMemberAddPOSTAPITest"/>
  <testcase name="AssetTeamMemberUpdateAPI" time="5.757" classname="com.arcapi.Buildingtestcases.AssetTeamMemberUpdateAPITest"/>
  <testcase name="AssetTeamMemberRemoveAPI" time="6.01" classname="com.arcapi.Buildingtestcases.AssetTeamMemberRemoveAPITest"/>
  <testcase name="DeleteAllAppsAPI" time="9.621" classname="com.arcapi.Buildingtestcases.DeleteAllAppsAPITest"/>
  <testcase name="InstallAllAppsAfterDeleteAPI" time="8.371" classname="com.arcapi.Buildingtestcases.InstallAllAppsAfterDeleteAPITest"/>
  <testcase name="AssetAppListAPI" time="4.252" classname="com.arcapi.Buildingtestcases.AssetAppListAPITest"/>
  <testcase name="AssetAppDeleteAPI" time="4.311" classname="com.arcapi.Buildingtestcases.AssetAppDeleteAPITest"/>
  <testcase name="S3DocumentUploadPOSTAPI" time="24.566" classname="com.arcapi.Buildingtestcases.S3DocumentUploadPOSTAPITest"/>
  <testcase name="S3DocumentListAPI" time="4.449" classname="com.arcapi.Buildingtestcases.S3DocumentListAPITest"/>
  <testcase name="S3DocumentRemoveAPI" time="4.111" classname="com.arcapi.Buildingtestcases.S3DocumentRemoveAPITest"/>
  <testcase name="ExcelUploadTemplatePOSTAPI" time="7.823" classname="com.arcapi.Buildingtestcases.ExcelUploadTemplatePOSTAPITest"/>
  <testcase name="AssetTeamPermissionListAPI" time="4.955" classname="com.arcapi.Buildingtestcases.AssetTeamPermissionListAPITest"/>
  <testcase name="AssetTeamPermissionPostAPI" time="4.663" classname="com.arcapi.Buildingtestcases.AssetTeamPermissionPostAPITest"/>
  <testcase name="AssetTeamPermissionPutAPI" time="5.11" classname="com.arcapi.Buildingtestcases.AssetTeamPermissionPutAPITest"/>
  <testcase name="VerifyAdminRemoveAPI" time="5.296" classname="com.arcapi.Buildingtestcases.VerifyAdminRemoveAPITest">
    <failure type="java.lang.AssertionError" message="1 expectation failed.
Expected status code &amp;lt;403&amp;gt; doesn&amp;apos;t match actual status code &amp;lt;200&amp;gt;.
">
      <![CDATA[java.lang.AssertionError: 1 expectation failed.Expected status code <403> doesn't match actual status code <200>.at org.codehaus.groovy.runtime.callsite.ConstructorSite$ConstructorSiteNoUnwrap.callConstructor(ConstructorSite.java:84)at org.codehaus.groovy.runtime.callsite.AbstractCallSite.callConstructor(AbstractCallSite.java:247)at com.jayway.restassured.internal.ResponseSpecificationImpl$HamcrestAssertionClosure.validate(ResponseSpecificationImpl.groovy:598)at com.jayway.restassured.internal.ResponseSpecificationImpl$HamcrestAssertionClosure$validate$1.call(Unknown Source)at com.jayway.restassured.internal.ResponseSpecificationImpl.validateResponseIfRequired(ResponseSpecificationImpl.groovy:760)at org.codehaus.groovy.runtime.callsite.PogoMetaMethodSite$PogoCachedMethodSiteNoUnwrapNoCoerce.invoke(PogoMetaMethodSite.java:210)at org.codehaus.groovy.runtime.callsite.PogoMetaMethodSite.callCurrent(PogoMetaMethodSite.java:59)at org.codehaus.groovy.runtime.callsite.AbstractCallSite.callCurrent(AbstractCallSite.java:166)at com.jayway.restassured.internal.ResponseSpecificationImpl.statusCode(ResponseSpecificationImpl.groovy:120)at com.jayway.restassured.specification.ResponseSpecification$statusCode$0.callCurrent(Unknown Source)at com.jayway.restassured.internal.ResponseSpecificationImpl.statusCode(ResponseSpecificationImpl.groovy:128)at com.jayway.restassured.internal.ValidatableResponseOptionsImpl.statusCode(ValidatableResponseOptionsImpl.java:117)at com.arcapi.Buildingtestcases.VerifyAdminRemoveAPITest.VerifyAdminRemoveAPI(VerifyAdminRemoveAPITest.java:65)... Removed 35 stack frames]]>
    </failure>
  </testcase> <!-- VerifyAdminRemoveAPI -->
  <testcase name="AssetNotificationSubscriptionList" time="3.708" classname="com.arcapi.Buildingtestcases.AssetNotificationSubscriptionListTest"/>
  <testcase name="AssetNotificationSubscriptionPost" time="4.25" classname="com.arcapi.Buildingtestcases.AssetNotificationSubscriptionPostTest"/>
  <testcase name="NotificationSubscriptionDetail" time="3.864" classname="com.arcapi.Buildingtestcases.NotificationSubscriptionDetailGetTest"/>
  <testcase name="NotificationSubscriptionDetail" time="4.278" classname="com.arcapi.Buildingtestcases.NotificationSubscriptionDetailPutTest"/>
  <testcase name="NotificationSubscriptionDetailDelete" time="4.245" classname="com.arcapi.Buildingtestcases.NotificationSubscriptionDetailDeleteTest"/>
  <testcase name="AssetDataSnapshotAPI" time="19.205" classname="com.arcapi.Buildingtestcases.AssetDataSnapshotAPITest"/>
  <testcase name="RecomputePerformanceScoreGet" time="304.013" classname="com.arcapi.Buildingtestcases.RecomputePerformanceScoreGetTest">
    <failure type="java.lang.AssertionError" message="1 expectation failed.
Expected status code &amp;lt;200&amp;gt; doesn&amp;apos;t match actual status code &amp;lt;500&amp;gt;.
">
      <![CDATA[java.lang.AssertionError: 1 expectation failed.Expected status code <200> doesn't match actual status code <500>.at org.codehaus.groovy.runtime.callsite.ConstructorSite$ConstructorSiteNoUnwrap.callConstructor(ConstructorSite.java:84)at org.codehaus.groovy.runtime.callsite.AbstractCallSite.callConstructor(AbstractCallSite.java:247)at com.jayway.restassured.internal.ResponseSpecificationImpl$HamcrestAssertionClosure.validate(ResponseSpecificationImpl.groovy:598)at com.jayway.restassured.internal.ResponseSpecificationImpl$HamcrestAssertionClosure$validate$1.call(Unknown Source)at com.jayway.restassured.internal.ResponseSpecificationImpl.validate(ResponseSpecificationImpl.groovy:86)at com.jayway.restassured.internal.ValidatableResponseOptionsImpl.specification(ValidatableResponseOptionsImpl.java:307)at com.jayway.restassured.internal.ValidatableResponseOptionsImpl.spec(ValidatableResponseOptionsImpl.java:288)at com.arcapi.Buildingtestcases.RecomputePerformanceScoreGetTest.RecomputePerformanceScoreGet(RecomputePerformanceScoreGetTest.java:51)... Removed 32 stack frames]]>
    </failure>
  </testcase> <!-- RecomputePerformanceScoreGet -->
  <testcase name="ReviewCertificationPricingAPI" time="5.578" classname="com.arcapi.Buildingtestcases.ReviewCertificationPricingAPITest"/>
  <testcase name="SubmitReviewPOSTAPI" time="4.565" classname="com.arcapi.Buildingtestcases.SubmitReviewPOSTAPITest"/>
  <testcase name="SubmitReviewGetAPI" time="3.793" classname="com.arcapi.Buildingtestcases.SubmitReviewGetAPITest"/>
  <testcase name="NotificationCreatePOSTAPI" time="4.128" classname="com.arcapi.Buildingtestcases.NotificationCreatePOSTAPITest"/>
  <testcase name="NotificationGetAPI" time="4.376" classname="com.arcapi.Buildingtestcases.NotificationGetAPITest"/>
  <testcase name="NotificationDeleteAPI" time="4.708" classname="com.arcapi.Buildingtestcases.NotificationDeleteAPITest"/>
  <testcase name="FeedbackSubmitPostAPI" time="3.592" classname="com.arcapi.Buildingtestcases.FeedbackSubmitPostAPITest"/>
  <testcase name="TransitSurveyExportAPI" time="7.272" classname="com.arcapi.Buildingtestcases.TransitSurveyExportAPITest"/>
  <testcase name="EnvironmentSurveyExportAPI" time="5.793" classname="com.arcapi.Buildingtestcases.EnvironmentSurveyExportAPITest"/>
  <testcase name="AssetDataExportAPI" time="7.829" classname="com.arcapi.Buildingtestcases.AssetDataExportAPITest"/>
  <testcase name="AssetPerformanceScoreListAPI" time="4.202" classname="com.arcapi.Buildingtestcases.AssetPerformanceScoreListAPITest"/>
  <testcase name="AnalysisDataSubmitPOSTAPI" time="18.332" classname="com.arcapi.Buildingtestcases.AnalysisDataSubmitPOSTAPITest"/>
  <testcase name="AnalysisDataGetAPI" time="4.746" classname="com.arcapi.Buildingtestcases.AnalysisDataGetAPITest"/>
  <testcase name="CO2GetTestAPI" time="4.154" classname="com.arcapi.Buildingtestcases.CO2GetTest"/>
  <testcase name="GhgGetTestAPI" time="4.056" classname="com.arcapi.Buildingtestcases.GhgGetTest"/>
  <testcase name="GhgCalcGet" time="4.378" classname="com.arcapi.Buildingtestcases.GhgCalcGetTest"/>
  <testcase name="VOCGet" time="4.379" classname="com.arcapi.Buildingtestcases.VOCGetTest"/>
  <testcase name="WaterGet" time="3.994" classname="com.arcapi.Buildingtestcases.WaterGetTest"/>
  <testcase name="AssetCertificationListAPI" time="4.034" classname="com.arcapi.Buildingtestcases.AssetCertificationListAPITest"/>
  <testcase name="AssetCertificationPOSTAPI" time="7.048" classname="com.arcapi.Buildingtestcases.AssetCertificationPOSTAPITest"/>
  <testcase name="TemperatureDataGet" time="4.286" classname="com.arcapi.Buildingtestcases.TemperatureDataGetTest"/>
  <testcase name="AssetRequiredFieldsAPI" time="4.802" classname="com.arcapi.Buildingtestcases.AssetRequiredFieldsAPITest"/>
  <testcase name="CountryStatesJSONAPI" time="4.89" classname="com.arcapi.Buildingtestcases.CountryStatesJSONAPITest"/>
  <testcase name="AssociatedCategoriesAPI" time="4.365" classname="com.arcapi.Buildingtestcases.AssociatedCategoriesAPITest"/>
  <testcase name="RatingSystemListAPI" time="6.969" classname="com.arcapi.Buildingtestcases.RatingSystemListAPITest"/>
  <testcase name="AppVersionDetailAPI" time="4.129" classname="com.arcapi.Buildingtestcases.AppVersionDetailAPITest"/>
  <testcase name="FuelCategoryAPI" time="3.835" classname="com.arcapi.Buildingtestcases.FuelCategoryAPITest"/>
  <testcase name="GetAllDocumentListAPI" time="4.59" classname="com.arcapi.Buildingtestcases.GetAllDocumentListAPITest"/>
  <testcase name="PerformanceComparablesGetAPI" time="4.06" classname="com.arcapi.Buildingtestcases.PerformanceComparablesGetAPITest"/>
  <testcase name="ScoreWeightsAPI" time="3.87" classname="com.arcapi.Buildingtestcases.ScoreWeightsAPITest"/>
  <testcase name="ThirdPartyListAppsAPI" time="4.308" classname="com.arcapi.Buildingtestcases.ThirdPartyListAppsAPITest"/>
  <testcase name="AvgPerformaceList" time="4.417" classname="com.arcapi.Buildingtestcases.AvgPerformaceListGetTest"/>
  <testcase name="AssetSnapshotKeysAPI" time="4.115" classname="com.arcapi.Buildingtestcases.AssetSnapshotKeysAPITest"/>
  <testcase name="AssetSnapshotDownloadAPI" time="16.216" classname="com.arcapi.Buildingtestcases.AssetSnapshotDownloadAPITest"/>
</testsuite> <!-- CompleteFlowTest-Building-Other -->
