<?xml version="1.0" encoding="UTF-8"?>
<!-- Generated by org.testng.reporters.JUnitXMLReporter -->
<testsuite hostname="G10GNLT041" ignored="0" name="V4.1-1" tests="6" failures="1" timestamp="23 Aug 2018 09:40:36 GMT" time="130.676" errors="0">
  <testcase name="CreateAssetPOSTAPI" time="7.505" classname="com.arcapi.Leedv4Testcases.LOAuthenticateAPI"/>
  <testcase name="CreateAssetPOSTAPI" time="43.879" classname="com.arcapi.Leedv4Testcases.LOProjectRegistrationEB"/>
  <testcase name="AssetDocumentAPI" time="18.481" classname="com.arcapi.Leedv4Testcases.LOProjectSyncAPITest"/>
  <testcase name="SignAgreementRegistrationAPI" time="15.913" classname="com.arcapi.Leedv4Testcases.SignAgreementRegistrationAPITest"/>
  <testcase name="AssetUpdateforNewAssetPUTAPI" time="14.953" classname="com.arcapi.Leedv4Testcases.AssetUpdateforNewAssetPUTAPITest"/>
  <testcase name="AssetDetailAPI" time="8.383" classname="com.arcapi.Leedv4Testcases.VerifyAssetDetailAPITest">
    <failure type="java.lang.AssertionError" message="1 expectation failed.
JSON path spaceType doesn&amp;apos;t match.
Expected: Lodging: Dormitory
  Actual: null
">
      <![CDATA[java.lang.AssertionError: 1 expectation failed.JSON path spaceType doesn't match.Expected: Lodging: Dormitory  Actual: nullat org.codehaus.groovy.runtime.callsite.ConstructorSite$ConstructorSiteNoUnwrap.callConstructor(ConstructorSite.java:84)at org.codehaus.groovy.runtime.callsite.CallSiteArray.defaultCallConstructor(CallSiteArray.java:60)at org.codehaus.groovy.runtime.callsite.AbstractCallSite.callConstructor(AbstractCallSite.java:235)at org.codehaus.groovy.runtime.callsite.AbstractCallSite.callConstructor(AbstractCallSite.java:247)at com.jayway.restassured.internal.ResponseSpecificationImpl$HamcrestAssertionClosure.validate(ResponseSpecificationImpl.groovy:598)at com.jayway.restassured.internal.ResponseSpecificationImpl$HamcrestAssertionClosure$validate$1.call(Unknown Source)at com.jayway.restassured.internal.ResponseSpecificationImpl.validateResponseIfRequired(ResponseSpecificationImpl.groovy:760)at org.codehaus.groovy.runtime.callsite.PogoMetaMethodSite$PogoCachedMethodSiteNoUnwrapNoCoerce.invoke(PogoMetaMethodSite.java:210)at org.codehaus.groovy.runtime.callsite.PogoMetaMethodSite.callCurrent(PogoMetaMethodSite.java:59)at org.codehaus.groovy.runtime.callsite.AbstractCallSite.callCurrent(AbstractCallSite.java:166)at com.jayway.restassured.internal.ResponseSpecificationImpl.content(ResponseSpecificationImpl.groovy:251)at com.jayway.restassured.specification.ResponseSpecification$content$1.callCurrent(Unknown Source)at com.jayway.restassured.internal.ResponseSpecificationImpl.body(ResponseSpecificationImpl.groovy:234)at com.jayway.restassured.internal.ValidatableResponseOptionsImpl.body(ValidatableResponseOptionsImpl.java:264)at com.arcapi.Leedv4Testcases.VerifyAssetDetailAPITest.AssetDetailAPI(VerifyAssetDetailAPITest.java:57)... Removed 35 stack frames]]>
    </failure>
  </testcase> <!-- AssetDetailAPI -->
</testsuite> <!-- V4.1-1 -->
