<!DOCTYPE html PUBLIC "-//W3C//DTD XHTML 1.1//EN" "http://www.w3.org/TR/xhtml11/DTD/xhtml11.dtd">
<html xmlns="http://www.w3.org/1999/xhtml"><head><title>TestNG Report</title><style type="text/css">table {margin-bottom:10px;border-collapse:collapse;empty-cells:show}th,td {border:1px solid #009;padding:.25em .5em}th {vertical-align:bottom}td {vertical-align:top}table a {font-weight:bold}.stripe td {background-color: #E6EBF9}.num {text-align:right}.passedodd td {background-color: #3F3}.passedeven td {background-color: #0A0}.skippedodd td {background-color: #DDD}.skippedeven td {background-color: #CCC}.failedodd td,.attn {background-color: #F33}.failedeven td,.stripe .attn {background-color: #D00}.stacktrace {white-space:pre;font-family:monospace}.totop {font-size:85%;text-align:center;border-bottom:2px solid #000}</style></head><body><table><tr><th>Test</th><th># Passed</th><th># Skipped</th><th># Failed</th><th>Time (ms)</th><th>Included Groups</th><th>Excluded Groups</th></tr><tr><th colspan="7">BuildingV3CompletePositiveSuite</th></tr><tr><td><a href="#t0">CompleteFlowTest-Building-Other</a></td><td class="num">0</td><td class="num">0</td><td class="num">0</td><td class="num">0</td><td></td><td></td></tr><tr class="stripe"><td><a href="#t1">CompleteFlowTest-Building-None</a></td><td class="num">2</td><td class="num">0</td><td class="num attn">2</td><td class="num">12,901</td><td></td><td></td></tr><tr><th colspan="7">Existing-V1-CompleteFlow</th></tr><tr><td><a href="#t2">CompleteFlowTest-Community-Other</a></td><td class="num">2</td><td class="num">0</td><td class="num">0</td><td class="num">17,013</td><td></td><td></td></tr><tr><th colspan="7">V1MasterAPITestCasesSuite</th></tr><tr><th>Total</th><th class="num">4</th><th class="num">0</th><th class="num attn">2</th><th class="num">29,914</th><th colspan="2"></th></tr></table><table><thead><tr><th>Class</th><th>Method</th><th>Start</th><th>Time (ms)</th></tr></thead><tbody><tr><th colspan="4">BuildingV3CompletePositiveSuite</th></tr></tbody><tbody id="t0"></tbody><tbody id="t1"><tr><th colspan="4">CompleteFlowTest-Building-None &#8212; failed</th></tr><tr class="failedeven"><td rowspan="1">com.arcapi.Buildingtestcases.AssetArcPerformanceCertificationsAPITest</td><td><a href="#m0">AssetArcPerformanceCertificationsAPI</a></td><td rowspan="1">1576747556020</td><td rowspan="1">1771</td></tr><tr class="failedodd"><td rowspan="1">com.arcapi.Buildingtestcases.AssetCertificateDownloadAPITest</td><td><a href="#m1">AssetCertificateDownloadAPI</a></td><td rowspan="1">1576747552033</td><td rowspan="1">3722</td></tr><tr><th colspan="4">CompleteFlowTest-Building-None &#8212; passed</th></tr><tr class="passedeven"><td rowspan="1">com.arcapi.Buildingtestcases.AssetGetDoccumentIDAPITest</td><td><a href="#m2">AssetGetDoccumentIDAPI</a></td><td rowspan="1">1576747549281</td><td rowspan="1">2483</td></tr><tr class="passedodd"><td rowspan="1">com.arcapi.Buildingtestcases.AssetSubmitCertificatePostAPITest</td><td><a href="#m3">AssetSubmitCertificatePostAPI</a></td><td rowspan="1">1576747545582</td><td rowspan="1">3398</td></tr></tbody><tbody><tr><th colspan="4">Existing-V1-CompleteFlow</th></tr></tbody><tbody id="t2"><tr><th colspan="4">CompleteFlowTest-Community-Other &#8212; passed</th></tr><tr class="passedeven"><td rowspan="1">com.arcapi.Common.LoginAPITest</td><td><a href="#m4">LoginAPI</a></td><td rowspan="1">1576747530068</td><td rowspan="1">12320</td></tr><tr class="passedodd"><td rowspan="1">com.arcapi.Common.V2.SetUserprofileV1APITest</td><td><a href="#m5">SetUserprofileV1API</a></td><td rowspan="1">1576747543079</td><td rowspan="1">1763</td></tr></tbody><tbody><tr><th colspan="4">V1MasterAPITestCasesSuite</th></tr></tbody></table><h2>CompleteFlowTest-Building-Other</h2><h2>CompleteFlowTest-Building-None</h2><h3 id="m0">com.arcapi.Buildingtestcases.AssetArcPerformanceCertificationsAPITest#AssetArcPerformanceCertificationsAPI</h3><table class="result"><tr class="param"><th>Parameter #1</th><th>Parameter #2</th><th>Parameter #3</th></tr><tr class="param stripe"><td>STG</td><td>ProjectIDBuildingNone</td><td>2</td></tr><tr><th colspan="3">Exception</th></tr><tr><td colspan="3"><div class="stacktrace">java.lang.AssertionError: expected [302] but found [200]
	at com.Utill.Controller.Assertion.verifyStatusCode(Assertion.java:21)
	at com.arcapi.Buildingtestcases.AssetArcPerformanceCertificationsAPITest.AssetArcPerformanceCertificationsAPI(AssetArcPerformanceCertificationsAPITest.java:21)
... Removed 31 stack frames</div></td></tr></table><p class="totop"><a href="#summary">back to summary</a></p><h3 id="m1">com.arcapi.Buildingtestcases.AssetCertificateDownloadAPITest#AssetCertificateDownloadAPI</h3><table class="result"><tr class="param"><th>Parameter #1</th><th>Parameter #2</th><th>Parameter #3</th></tr><tr class="param stripe"><td>STG</td><td>ProjectIDBuildingNone</td><td>2</td></tr><tr><th colspan="3">Exception</th></tr><tr><td colspan="3"><div class="stacktrace">java.lang.AssertionError: expected [200] but found [400]
	at com.Utill.Controller.Assertion.verifyStatusCode(Assertion.java:21)
	at com.arcapi.Buildingtestcases.AssetCertificateDownloadAPITest.AssetCertificateDownloadAPI(AssetCertificateDownloadAPITest.java:22)
... Removed 31 stack frames</div></td></tr></table><p class="totop"><a href="#summary">back to summary</a></p><h3 id="m2">com.arcapi.Buildingtestcases.AssetGetDoccumentIDAPITest#AssetGetDoccumentIDAPI</h3><table class="result"><tr class="param"><th>Parameter #1</th><th>Parameter #2</th><th>Parameter #3</th></tr><tr class="param stripe"><td>STG</td><td>ProjectIDBuildingNone</td><td>2</td></tr></table><p class="totop"><a href="#summary">back to summary</a></p><h3 id="m3">com.arcapi.Buildingtestcases.AssetSubmitCertificatePostAPITest#AssetSubmitCertificatePostAPI</h3><table class="result"><tr class="param"><th>Parameter #1</th><th>Parameter #2</th><th>Parameter #3</th></tr><tr class="param stripe"><td>STG</td><td>ProjectIDBuildingNone</td><td>2</td></tr></table><p class="totop"><a href="#summary">back to summary</a></p><h2>CompleteFlowTest-Community-Other</h2><h3 id="m4">com.arcapi.Common.LoginAPITest#LoginAPI</h3><table class="result"></table><p class="totop"><a href="#summary">back to summary</a></p><h3 id="m5">com.arcapi.Common.V2.SetUserprofileV1APITest#SetUserprofileV1API</h3><table class="result"><tr class="param"><th>Parameter #1</th><th>Parameter #2</th><th>Parameter #3</th></tr><tr class="param stripe"><td>STG</td><td>LeedIDEB</td><td>2</td></tr></table><p class="totop"><a href="#summary">back to summary</a></p></body></html>