<?xml version="1.0" encoding="UTF-8"?>
<testng-results skipped="57" failed="0" total="57" passed="0">
  <reporter-output>
  </reporter-output>
  <suite name="CrossRatingSystem" duration-ms="472" started-at="2019-09-19T11:22:27Z" finished-at="2019-09-19T11:22:28Z">
    <groups>
      <group name="CheckPerformance">
        <method signature="AssetPerformanceScoreListAPITest.AssetPerformanceScoreListAPI(java.lang.String, java.lang.String, int)[pri:0, instance:com.arcapi.CrossRatingSystemtestcases.AssetPerformanceScoreListAPITest@4cc0edeb]" name="AssetPerformanceScoreListAPI" class="com.arcapi.CrossRatingSystemtestcases.AssetPerformanceScoreListAPITest"/>
      </group> <!-- CheckPerformance -->
      <group name="CheckAQI">
        <method signature="AQIDataGetAPITest.AQIDataGetAPI(java.lang.String, java.lang.String, int)[pri:0, instance:com.arcapi.CrossRatingSystemtestcases.AQIDataGetAPITest@34b7bfc0]" name="AQIDataGetAPI" class="com.arcapi.CrossRatingSystemtestcases.AQIDataGetAPITest"/>
      </group> <!-- CheckAQI -->
      <group name="CheckUserDetail">
        <method signature="UserDetailAPITest.UserDetailAPI(java.lang.String, int)[pri:0, instance:com.arcapi.Common.UserDetailAPITest@7ac7a4e4]" name="UserDetailAPI" class="com.arcapi.Common.UserDetailAPITest"/>
      </group> <!-- CheckUserDetail -->
      <group name="CheckCo2">
        <method signature="CO2GetTest.CO2GetTestAPI(java.lang.String, java.lang.String, int)[pri:0, instance:com.arcapi.CrossRatingSystemtestcases.CO2GetTest@6ea12c19]" name="CO2GetTestAPI" class="com.arcapi.CrossRatingSystemtestcases.CO2GetTest"/>
        <method signature="CO2GetTest.CO2GetTestAPI(java.lang.String, java.lang.String, int)[pri:0, instance:com.arcapi.CrossRatingSystemtestcases.CO2GetTest@2a2d45ba]" name="CO2GetTestAPI" class="com.arcapi.CrossRatingSystemtestcases.CO2GetTest"/>
      </group> <!-- CheckCo2 -->
      <group name="CheckCertification">
        <method signature="CertificationGetAPITest.CertificationGetAPI(java.lang.String, java.lang.String, int)[pri:0, instance:com.arcapi.CrossRatingSystemtestcases.CertificationGetAPITest@457e2f02]" name="CertificationGetAPI" class="com.arcapi.CrossRatingSystemtestcases.CertificationGetAPITest"/>
      </group> <!-- CheckCertification -->
      <group name="CheckMeasure">
        <method signature="MeasuresListAPITest.MeasuresListAPI(java.lang.String, java.lang.String, int)[pri:0, instance:com.arcapi.CrossRatingSystemtestcases.MeasuresListAPITest@6df97b55]" name="MeasuresListAPI" class="com.arcapi.CrossRatingSystemtestcases.MeasuresListAPITest"/>
        <method signature="MeasuresListAPITest.MeasuresListAPI(java.lang.String, java.lang.String, int)[pri:0, instance:com.arcapi.CrossRatingSystemtestcases.MeasuresListAPITest@4439f31e]" name="MeasuresListAPI" class="com.arcapi.CrossRatingSystemtestcases.MeasuresListAPITest"/>
      </group> <!-- CheckMeasure -->
      <group name="CheckParksmart">
        <method signature="AnalysisDataGetAPITest.AnalysisDataGetAPI(java.lang.String, java.lang.String, int)[pri:0, instance:com.arcapi.CrossRatingSystemtestcases.AnalysisDataGetAPITest@51565ec2]" name="AnalysisDataGetAPI" class="com.arcapi.CrossRatingSystemtestcases.AnalysisDataGetAPITest"/>
      </group> <!-- CheckParksmart -->
      <group name="Add Project Parksmart">
        <method signature="CreateAssetParksmartPOSTAPITest.CreateAssetParksmartPOST(java.lang.String, java.lang.String, java.lang.String, java.lang.String)[pri:0, instance:com.arcapi.Parksmarttestcases.CreateAssetParksmartPOSTAPITest@5419f379]" name="CreateAssetParksmartPOST" class="com.arcapi.Parksmarttestcases.CreateAssetParksmartPOSTAPITest"/>
      </group> <!-- Add Project Parksmart -->
      <group name="CheckReview">
        <method signature="SubmitReviewGetAPITest.SubmitReviewGetAPI(java.lang.String, java.lang.String, int)[pri:0, instance:com.arcapi.CrossRatingSystemtestcases.SubmitReviewGetAPITest@4678c730]" name="SubmitReviewGetAPI" class="com.arcapi.CrossRatingSystemtestcases.SubmitReviewGetAPITest"/>
      </group> <!-- CheckReview -->
      <group name="CheckCreateProject">
        <method signature="CreateNewProjectAPITest.CreateAssetPOSTAPI(java.lang.String, java.lang.String, java.lang.String, int, java.lang.String, java.lang.String)[pri:0, instance:com.arcapi.Common.CityCom.CreateNewProjectAPITest@32e6e9c3]" name="CreateAssetPOSTAPI" class="com.arcapi.Common.CityCom.CreateNewProjectAPITest"/>
      </group> <!-- CheckCreateProject -->
      <group name="Search">
        <method signature="AssetSearchAPITest.AssetSearchAPI(java.lang.String, java.lang.String, int)[pri:0, instance:com.arcapi.Common.AssetSearchAPITest@7dc7cbad]" name="AssetSearchAPI" class="com.arcapi.Common.AssetSearchAPITest"/>
      </group> <!-- Search -->
      <group name="CreditGet">
        <method signature="CreditGetAPITest.CreditGetAPI(java.lang.String, java.lang.String, int)[pri:0, instance:com.arcapi.CrossRatingSystemtestcases.CreditGetAPITest@5c7fa833]" name="CreditGetAPI" class="com.arcapi.CrossRatingSystemtestcases.CreditGetAPITest"/>
      </group> <!-- CreditGet -->
      <group name="CheckWaste">
        <method signature="WasteGetAPITest.WasteGetAPI(java.lang.String, java.lang.String, int)[pri:0, instance:com.arcapi.CrossRatingSystemtestcases.WasteGetAPITest@6767c1fc]" name="WasteGetAPI" class="com.arcapi.CrossRatingSystemtestcases.WasteGetAPITest"/>
      </group> <!-- CheckWaste -->
      <group name="UserAccess">
        <method signature="UserAccessLevelSAPGetTest.UserAccessLevelSAPGet()[pri:0, instance:com.arcapi.Common.UserAccessLevelSAPGetTest@6d78f375]" name="UserAccessLevelSAPGet" class="com.arcapi.Common.UserAccessLevelSAPGetTest"/>
      </group> <!-- UserAccess -->
      <group name="CheckNotification">
        <method signature="NotificationGetAPITest.NotificationGetAPI(java.lang.String, java.lang.String, int)[pri:0, instance:com.arcapi.CrossRatingSystemtestcases.NotificationGetAPITest@724af044]" name="NotificationGetAPI" class="com.arcapi.CrossRatingSystemtestcases.NotificationGetAPITest"/>
      </group> <!-- CheckNotification -->
      <group name="SignAgreement">
        <method signature="SignAgreementRegistrationAPITest.SignAgreementRegistrationAPI(java.lang.String, java.lang.String, int)[pri:0, instance:com.arcapi.Common.SignAgreementRegistrationAPITest@617c74e5]" name="SignAgreementRegistrationAPI" class="com.arcapi.Common.SignAgreementRegistrationAPITest"/>
        <method signature="SignAgreementRegistrationAPITest.SignAgreementRegistrationAPI(java.lang.String, java.lang.String, int)[pri:0, instance:com.arcapi.Common.SignAgreementRegistrationAPITest@5056dfcb]" name="SignAgreementRegistrationAPI" class="com.arcapi.Common.SignAgreementRegistrationAPITest"/>
        <method signature="SignAgreementRegistrationAPITest.SignAgreementRegistrationAPI(java.lang.String, java.lang.String, int)[pri:0, instance:com.arcapi.Common.SignAgreementRegistrationAPITest@5f375618]" name="SignAgreementRegistrationAPI" class="com.arcapi.Common.SignAgreementRegistrationAPITest"/>
      </group> <!-- SignAgreement -->
      <group name="CheckMeter">
        <method signature="MetersAPITest.MetersAPI(java.lang.String, java.lang.String, int)[pri:0, instance:com.arcapi.CrossRatingSystemtestcases.MetersAPITest@39aeed2f]" name="MetersAPI" class="com.arcapi.CrossRatingSystemtestcases.MetersAPITest"/>
      </group> <!-- CheckMeter -->
      <group name="CheckSurvey">
        <method signature="EnvironmentSurveyGetAPITest.EnvironmentSurveyGetAPI(java.lang.String, java.lang.String, int)[pri:0, instance:com.arcapi.CrossRatingSystemtestcases.EnvironmentSurveyGetAPITest@5afa04c]" name="EnvironmentSurveyGetAPI" class="com.arcapi.CrossRatingSystemtestcases.EnvironmentSurveyGetAPITest"/>
        <method signature="EnvironmentSurveyGetAPITest.EnvironmentSurveyGetAPI(java.lang.String, java.lang.String, int)[pri:0, instance:com.arcapi.CrossRatingSystemtestcases.EnvironmentSurveyGetAPITest@7c16905e]" name="EnvironmentSurveyGetAPI" class="com.arcapi.CrossRatingSystemtestcases.EnvironmentSurveyGetAPITest"/>
      </group> <!-- CheckSurvey -->
      <group name="Login">
        <method signature="LoginAPITest.LoginAPI()[pri:0, instance:com.arcapi.Common.LoginAPITest@3a03464]" name="LoginAPI" class="com.arcapi.Common.LoginAPITest"/>
        <method signature="LoginAPITest.LoginAPI()[pri:0, instance:com.arcapi.Common.LoginAPITest@4590c9c3]" name="LoginAPI" class="com.arcapi.Common.LoginAPITest"/>
        <method signature="LoginAPITest.LoginAPI()[pri:0, instance:com.arcapi.Common.LoginAPITest@548b7f67]" name="LoginAPI" class="com.arcapi.Common.LoginAPITest"/>
        <method signature="LoginAPITest.LoginAPI()[pri:0, instance:com.arcapi.Common.LoginAPITest@4520ebad]" name="LoginAPI" class="com.arcapi.Common.LoginAPITest"/>
      </group> <!-- Login -->
      <group name="CheckGhg">
        <method signature="GhgCalcGetTest.GhgCalcGet(java.lang.String, java.lang.String, int)[pri:0, instance:com.arcapi.CrossRatingSystemtestcases.GhgCalcGetTest@174d20a]" name="GhgCalcGet" class="com.arcapi.CrossRatingSystemtestcases.GhgCalcGetTest"/>
        <method signature="GhgCalcGetTest.GhgCalcGet(java.lang.String, java.lang.String, int)[pri:0, instance:com.arcapi.CrossRatingSystemtestcases.GhgCalcGetTest@68be2bc2]" name="GhgCalcGet" class="com.arcapi.CrossRatingSystemtestcases.GhgCalcGetTest"/>
      </group> <!-- CheckGhg -->
      <group name="CheckGHG">
        <method signature="GhgGetTest.GhgGetTestAPI(java.lang.String, java.lang.String, int)[pri:0, instance:com.arcapi.CrossRatingSystemtestcases.GhgGetTest@7921b0a2]" name="GhgGetTestAPI" class="com.arcapi.CrossRatingSystemtestcases.GhgGetTest"/>
        <method signature="GhgGetTest.GhgGetTestAPI(java.lang.String, java.lang.String, int)[pri:0, instance:com.arcapi.CrossRatingSystemtestcases.GhgGetTest@20e2cbe0]" name="GhgGetTestAPI" class="com.arcapi.CrossRatingSystemtestcases.GhgGetTest"/>
      </group> <!-- CheckGHG -->
      <group name="CheckApp">
        <method signature="AssetAppListAPITest.AssetAppListAPI(java.lang.String, java.lang.String, int)[pri:0, instance:com.arcapi.CrossRatingSystemtestcases.AssetAppListAPITest@482f8f11]" name="AssetAppListAPI" class="com.arcapi.CrossRatingSystemtestcases.AssetAppListAPITest"/>
      </group> <!-- CheckApp -->
      <group name="CheckAsset">
        <method signature="AddAssestTimelinePOSTAPITest.AddAssestTimeline(java.lang.String, java.lang.String, int)[pri:0, instance:com.arcapi.Common.AddAssestTimelinePOSTAPITest@67b6d4ae]" name="AddAssestTimeline" class="com.arcapi.Common.AddAssestTimelinePOSTAPITest"/>
        <method signature="AddAssestTimelinePOSTAPITest.AddAssestTimeline(java.lang.String, java.lang.String, int)[pri:0, instance:com.arcapi.Common.AddAssestTimelinePOSTAPITest@2344fc66]" name="AddAssestTimeline" class="com.arcapi.Common.AddAssestTimelinePOSTAPITest"/>
        <method signature="AddAssestTimelinePOSTAPITest.AddAssestTimeline(java.lang.String, java.lang.String, int)[pri:0, instance:com.arcapi.Common.AddAssestTimelinePOSTAPITest@215be6bb]" name="AddAssestTimeline" class="com.arcapi.Common.AddAssestTimelinePOSTAPITest"/>
        <method signature="AddAssestTimelinePOSTAPITest.AddAssestTimeline(java.lang.String, java.lang.String, int)[pri:0, instance:com.arcapi.Common.AddAssestTimelinePOSTAPITest@548a9f61]" name="AddAssestTimeline" class="com.arcapi.Common.AddAssestTimelinePOSTAPITest"/>
      </group> <!-- CheckAsset -->
      <group name="CheckTemp">
        <method signature="TemperatureDataGetTest.TemperatureDataGet(java.lang.String, java.lang.String, int)[pri:0, instance:com.arcapi.CrossRatingSystemtestcases.TemperatureDataGetTest@66d2e7d9]" name="TemperatureDataGet" class="com.arcapi.CrossRatingSystemtestcases.TemperatureDataGetTest"/>
        <method signature="TemperatureDataGetTest.TemperatureDataGet(java.lang.String, java.lang.String, int)[pri:0, instance:com.arcapi.CrossRatingSystemtestcases.TemperatureDataGetTest@28feb3fa]" name="TemperatureDataGet" class="com.arcapi.CrossRatingSystemtestcases.TemperatureDataGetTest"/>
      </group> <!-- CheckTemp -->
      <group name="Add Project">
        <method signature="CreateAssetBuildingV3APITest.CreateAssetPOSTAPI(java.lang.String, java.lang.String, java.lang.String, java.lang.String)[pri:0, instance:com.arcapi.Buildingtestcases.CreateAssetBuildingV3APITest@2d3fcdbd]" name="CreateAssetPOSTAPI" class="com.arcapi.Buildingtestcases.CreateAssetBuildingV3APITest"/>
        <method signature="CreateAssetTransitAPITest.CreateAssetTransitAPI(java.lang.String, java.lang.String, java.lang.String, java.lang.String)[pri:0, instance:com.arcapi.Transittestcases.CreateAssetTransitAPITest@50c87b21]" name="CreateAssetTransitAPI" class="com.arcapi.Transittestcases.CreateAssetTransitAPITest"/>
      </group> <!-- Add Project -->
      <group name="CheckExport">
        <method signature="AssetDataExportAPITest.AssetDataExportAPI(java.lang.String, java.lang.String, int)[pri:0, instance:com.arcapi.CrossRatingSystemtestcases.AssetDataExportAPITest@1593948d]" name="AssetDataExportAPI" class="com.arcapi.CrossRatingSystemtestcases.AssetDataExportAPITest"/>
      </group> <!-- CheckExport -->
      <group name="CheckRiderShip">
        <method signature="RidershipDataGetAPITest.RidershipDataGetAPI(java.lang.String, java.lang.String, int)[pri:0, instance:com.arcapi.CrossRatingSystemtestcases.RidershipDataGetAPITest@366e2eef]" name="RidershipDataGetAPI" class="com.arcapi.CrossRatingSystemtestcases.RidershipDataGetAPITest"/>
        <method signature="RidershipDataGetAPITest.RidershipDataGetAPI(java.lang.String, java.lang.String, int)[pri:0, instance:com.arcapi.CrossRatingSystemtestcases.RidershipDataGetAPITest@458ad742]" name="RidershipDataGetAPI" class="com.arcapi.CrossRatingSystemtestcases.RidershipDataGetAPITest"/>
        <method signature="RidershipDataGetAPITest.RidershipDataGetAPI(java.lang.String, java.lang.String, int)[pri:0, instance:com.arcapi.CrossRatingSystemtestcases.RidershipDataGetAPITest@1753acfe]" name="RidershipDataGetAPI" class="com.arcapi.CrossRatingSystemtestcases.RidershipDataGetAPITest"/>
      </group> <!-- CheckRiderShip -->
      <group name="CheckPayment">
        <method signature="PaymentOrderSubmitPOSTAPITest.PaymentOrderSubmitPOSTAPI(java.lang.String, java.lang.String, int, java.lang.String)[pri:0, instance:com.arcapi.Common.PaymentOrderSubmitPOSTAPITest@6537cf78]" name="PaymentOrderSubmitPOSTAPI" class="com.arcapi.Common.PaymentOrderSubmitPOSTAPITest"/>
        <method signature="PaymentOrderSubmitPOSTAPITest.PaymentOrderSubmitPOSTAPI(java.lang.String, java.lang.String, int, java.lang.String)[pri:0, instance:com.arcapi.Common.PaymentOrderSubmitPOSTAPITest@2669b199]" name="PaymentOrderSubmitPOSTAPI" class="com.arcapi.Common.PaymentOrderSubmitPOSTAPITest"/>
        <method signature="RegistrationPaymentPricingGetAPITest.RegistrationPaymentPricingGetAPI(java.lang.String, java.lang.String, int)[pri:0, instance:com.arcapi.Common.RegistrationPaymentPricingGetAPITest@6574b225]" name="RegistrationPaymentPricingGetAPI" class="com.arcapi.Common.RegistrationPaymentPricingGetAPITest"/>
        <method signature="PaymentOrderSubmitPOSTAPITest.PaymentOrderSubmitPOSTAPI(java.lang.String, java.lang.String, int, java.lang.String)[pri:0, instance:com.arcapi.Common.PaymentOrderSubmitPOSTAPITest@32d992b2]" name="PaymentOrderSubmitPOSTAPI" class="com.arcapi.Common.PaymentOrderSubmitPOSTAPITest"/>
        <method signature="RegistrationPaymentPricingGetAPITest.RegistrationPaymentPricingGetAPI(java.lang.String, java.lang.String, int)[pri:0, instance:com.arcapi.Common.RegistrationPaymentPricingGetAPITest@1810399e]" name="RegistrationPaymentPricingGetAPI" class="com.arcapi.Common.RegistrationPaymentPricingGetAPITest"/>
        <method signature="PaymentOrderSubmitPOSTAPITest.PaymentOrderSubmitPOSTAPI(java.lang.String, java.lang.String, int, java.lang.String)[pri:0, instance:com.arcapi.Common.PaymentOrderSubmitPOSTAPITest@4f933fd1]" name="PaymentOrderSubmitPOSTAPI" class="com.arcapi.Common.PaymentOrderSubmitPOSTAPITest"/>
        <method signature="RegistrationPaymentPricingGetAPITest.RegistrationPaymentPricingGetAPI(java.lang.String, java.lang.String, int)[pri:0, instance:com.arcapi.Common.RegistrationPaymentPricingGetAPITest@d2cc05a]" name="RegistrationPaymentPricingGetAPI" class="com.arcapi.Common.RegistrationPaymentPricingGetAPITest"/>
      </group> <!-- CheckPayment -->
      <group name="CheckVoc">
        <method signature="VOCGetTest.VOCGet(java.lang.String, java.lang.String, int)[pri:0, instance:com.arcapi.CrossRatingSystemtestcases.VOCGetTest@6a024a67]" name="VOCGet" class="com.arcapi.CrossRatingSystemtestcases.VOCGetTest"/>
        <method signature="VOCGetTest.VOCGet(java.lang.String, java.lang.String, int)[pri:0, instance:com.arcapi.CrossRatingSystemtestcases.VOCGetTest@2a5ca609]" name="VOCGet" class="com.arcapi.CrossRatingSystemtestcases.VOCGetTest"/>
      </group> <!-- CheckVoc -->
      <group name="CheckNotificaiton">
        <method signature="AssetNotificationSubscriptionListTest.AssetNotificationSubscriptionList(java.lang.String, java.lang.String, int)[pri:0, instance:com.arcapi.CrossRatingSystemtestcases.AssetNotificationSubscriptionListTest@7823a2f9]" name="AssetNotificationSubscriptionList" class="com.arcapi.CrossRatingSystemtestcases.AssetNotificationSubscriptionListTest"/>
      </group> <!-- CheckNotificaiton -->
      <group name="CheckWater">
        <method signature="WaterGetTest.WaterGet(java.lang.String, java.lang.String, int)[pri:0, instance:com.arcapi.CrossRatingSystemtestcases.WaterGetTest@1efbd816]" name="WaterGet" class="com.arcapi.CrossRatingSystemtestcases.WaterGetTest"/>
        <method signature="WaterGetTest.WaterGet(java.lang.String, java.lang.String, int)[pri:0, instance:com.arcapi.CrossRatingSystemtestcases.WaterGetTest@675d3402]" name="WaterGet" class="com.arcapi.CrossRatingSystemtestcases.WaterGetTest"/>
      </group> <!-- CheckWater -->
    </groups>
    <test name="CrossRatingSystem-Building" duration-ms="86" started-at="2019-09-19T11:22:27Z" finished-at="2019-09-19T11:22:27Z">
      <class name="com.arcapi.Common.LoginAPITest">
        <test-method status="PASS" signature="getSuiteName(org.testng.ITestContext)[pri:0, instance:com.arcapi.Common.LoginAPITest@3a03464]" name="getSuiteName" is-config="true" duration-ms="31" started-at="2019-09-19T16:52:27Z" finished-at="2019-09-19T16:52:27Z">
          <params>
            <param index="0">
              <value>
                <![CDATA[org.testng.TestRunner@4562e04d]]>
              </value>
            </param>
          </params>
          <reporter-output>
          </reporter-output>
        </test-method> <!-- getSuiteName -->
        <test-method status="FAIL" signature="setBaseUri(java.lang.String)[pri:0, instance:com.arcapi.Common.LoginAPITest@3a03464]" name="setBaseUri" is-config="true" duration-ms="0" started-at="2019-09-19T16:52:27Z" finished-at="2019-09-19T16:52:27Z">
          <exception class="org.testng.TestNGException">
            <message>
              <![CDATA[
Parameter 'environment' is required by @Configuration on method setBaseUri but has not been marked @Optional or defined
in D:\worksapceNew\TestArcAPI\src\main\resources\TestNGFiles\CrossRatingSystemTestng.xml]]>
            </message>
            <full-stacktrace>
              <![CDATA[org.testng.TestNGException: 
Parameter 'environment' is required by @Configuration on method setBaseUri but has not been marked @Optional or defined
in D:\worksapceNew\TestArcAPI\src\main\resources\TestNGFiles\CrossRatingSystemTestng.xml
	at org.testng.internal.Parameters.createParameters(Parameters.java:154)
	at org.testng.internal.Parameters.createParameters(Parameters.java:361)
	at org.testng.internal.Parameters.createConfigurationParameters(Parameters.java:84)
	at org.testng.internal.Invoker.invokeConfigurations(Invoker.java:201)
	at org.testng.internal.Invoker.invokeConfigurations(Invoker.java:142)
	at org.testng.internal.TestMethodWorker.invokeBeforeClassMethods(TestMethodWorker.java:178)
	at org.testng.internal.TestMethodWorker.run(TestMethodWorker.java:108)
	at org.testng.TestRunner.privateRun(TestRunner.java:782)
	at org.testng.TestRunner.run(TestRunner.java:632)
	at org.testng.SuiteRunner.runTest(SuiteRunner.java:366)
	at org.testng.SuiteRunner.runSequentially(SuiteRunner.java:361)
	at org.testng.SuiteRunner.privateRun(SuiteRunner.java:319)
	at org.testng.SuiteRunner.run(SuiteRunner.java:268)
	at org.testng.SuiteRunnerWorker.runSuite(SuiteRunnerWorker.java:52)
	at org.testng.SuiteRunnerWorker.run(SuiteRunnerWorker.java:86)
	at org.testng.TestNG.runSuitesSequentially(TestNG.java:1244)
	at org.testng.TestNG.runSuitesLocally(TestNG.java:1169)
	at org.testng.TestNG.run(TestNG.java:1064)
	at org.testng.remote.RemoteTestNG.run(RemoteTestNG.java:113)
	at org.testng.remote.RemoteTestNG.initAndRun(RemoteTestNG.java:206)
	at org.testng.remote.RemoteTestNG.main(RemoteTestNG.java:177)
]]>
            </full-stacktrace>
          </exception> <!-- org.testng.TestNGException -->
          <reporter-output>
          </reporter-output>
        </test-method> <!-- setBaseUri -->
        <test-method status="SKIP" signature="ExtentReportConfig()[pri:0, instance:com.arcapi.Common.LoginAPITest@3a03464]" name="ExtentReportConfig" is-config="true" duration-ms="0" started-at="2019-09-19T16:52:27Z" finished-at="2019-09-19T16:52:27Z">
          <reporter-output>
          </reporter-output>
        </test-method> <!-- ExtentReportConfig -->
        <test-method status="SKIP" signature="LoginAPI()[pri:0, instance:com.arcapi.Common.LoginAPITest@3a03464]" name="LoginAPI" duration-ms="1" started-at="2019-09-19T16:52:27Z" finished-at="2019-09-19T16:52:27Z">
          <reporter-output>
          </reporter-output>
        </test-method> <!-- LoginAPI -->
        <test-method status="SKIP" signature="start(java.lang.reflect.Method)[pri:0, instance:com.arcapi.Common.LoginAPITest@3a03464]" name="start" is-config="true" duration-ms="0" started-at="2019-09-19T16:52:27Z" finished-at="2019-09-19T16:52:27Z">
          <reporter-output>
          </reporter-output>
        </test-method> <!-- start -->
        <test-method status="SKIP" signature="teardown(org.testng.ITestResult)[pri:0, instance:com.arcapi.Common.LoginAPITest@3a03464]" name="teardown" is-config="true" duration-ms="0" started-at="2019-09-19T16:52:27Z" finished-at="2019-09-19T16:52:27Z">
          <reporter-output>
          </reporter-output>
        </test-method> <!-- teardown -->
        <test-method status="SKIP" signature="end()[pri:0, instance:com.arcapi.Common.LoginAPITest@3a03464]" name="end" is-config="true" duration-ms="0" started-at="2019-09-19T16:52:27Z" finished-at="2019-09-19T16:52:27Z">
          <reporter-output>
          </reporter-output>
        </test-method> <!-- end -->
      </class> <!-- com.arcapi.Common.LoginAPITest -->
      <class name="com.arcapi.Buildingtestcases.CreateAssetBuildingV3APITest">
        <test-method status="SKIP" signature="getSuiteName(org.testng.ITestContext)[pri:0, instance:com.arcapi.Buildingtestcases.CreateAssetBuildingV3APITest@2d3fcdbd]" name="getSuiteName" is-config="true" duration-ms="0" started-at="2019-09-19T16:52:27Z" finished-at="2019-09-19T16:52:27Z">
          <reporter-output>
          </reporter-output>
        </test-method> <!-- getSuiteName -->
        <test-method status="SKIP" signature="setBaseUri(java.lang.String)[pri:0, instance:com.arcapi.Buildingtestcases.CreateAssetBuildingV3APITest@2d3fcdbd]" name="setBaseUri" is-config="true" duration-ms="0" started-at="2019-09-19T16:52:27Z" finished-at="2019-09-19T16:52:27Z">
          <reporter-output>
          </reporter-output>
        </test-method> <!-- setBaseUri -->
        <test-method status="SKIP" signature="CreateAssetPOSTAPI(java.lang.String, java.lang.String, java.lang.String, java.lang.String)[pri:0, instance:com.arcapi.Buildingtestcases.CreateAssetBuildingV3APITest@2d3fcdbd]" name="CreateAssetPOSTAPI" duration-ms="0" started-at="2019-09-19T16:52:27Z" finished-at="2019-09-19T16:52:27Z">
          <exception class="org.testng.TestNGException">
            <message>
              <![CDATA[
Parameter 'Country' is required by @Test on method CreateAssetPOSTAPI but has not been marked @Optional or defined
in D:\worksapceNew\TestArcAPI\src\main\resources\TestNGFiles\CrossRatingSystemTestng.xml]]>
            </message>
            <full-stacktrace>
              <![CDATA[org.testng.TestNGException: 
Parameter 'Country' is required by @Test on method CreateAssetPOSTAPI but has not been marked @Optional or defined
in D:\worksapceNew\TestArcAPI\src\main\resources\TestNGFiles\CrossRatingSystemTestng.xml
	at org.testng.internal.Parameters.createParameters(Parameters.java:154)
	at org.testng.internal.Parameters.createParameters(Parameters.java:361)
	at org.testng.internal.Parameters.handleParameters(Parameters.java:451)
	at org.testng.internal.Invoker.handleParameters(Invoker.java:1274)
	at org.testng.internal.Invoker.createParameters(Invoker.java:989)
	at org.testng.internal.Invoker.invokeTestMethods(Invoker.java:1079)
	at org.testng.internal.TestMethodWorker.invokeTestMethods(TestMethodWorker.java:129)
	at org.testng.internal.TestMethodWorker.run(TestMethodWorker.java:112)
	at org.testng.TestRunner.privateRun(TestRunner.java:782)
	at org.testng.TestRunner.run(TestRunner.java:632)
	at org.testng.SuiteRunner.runTest(SuiteRunner.java:366)
	at org.testng.SuiteRunner.runSequentially(SuiteRunner.java:361)
	at org.testng.SuiteRunner.privateRun(SuiteRunner.java:319)
	at org.testng.SuiteRunner.run(SuiteRunner.java:268)
	at org.testng.SuiteRunnerWorker.runSuite(SuiteRunnerWorker.java:52)
	at org.testng.SuiteRunnerWorker.run(SuiteRunnerWorker.java:86)
	at org.testng.TestNG.runSuitesSequentially(TestNG.java:1244)
	at org.testng.TestNG.runSuitesLocally(TestNG.java:1169)
	at org.testng.TestNG.run(TestNG.java:1064)
	at org.testng.remote.RemoteTestNG.run(RemoteTestNG.java:113)
	at org.testng.remote.RemoteTestNG.initAndRun(RemoteTestNG.java:206)
	at org.testng.remote.RemoteTestNG.main(RemoteTestNG.java:177)
]]>
            </full-stacktrace>
          </exception> <!-- org.testng.TestNGException -->
          <reporter-output>
          </reporter-output>
        </test-method> <!-- CreateAssetPOSTAPI -->
        <test-method status="SKIP" signature="end()[pri:0, instance:com.arcapi.Buildingtestcases.CreateAssetBuildingV3APITest@2d3fcdbd]" name="end" is-config="true" duration-ms="0" started-at="2019-09-19T16:52:27Z" finished-at="2019-09-19T16:52:27Z">
          <reporter-output>
          </reporter-output>
        </test-method> <!-- end -->
      </class> <!-- com.arcapi.Buildingtestcases.CreateAssetBuildingV3APITest -->
      <class name="com.arcapi.Common.SignAgreementRegistrationAPITest">
        <test-method status="SKIP" signature="getSuiteName(org.testng.ITestContext)[pri:0, instance:com.arcapi.Common.SignAgreementRegistrationAPITest@617c74e5]" name="getSuiteName" is-config="true" duration-ms="0" started-at="2019-09-19T16:52:27Z" finished-at="2019-09-19T16:52:27Z">
          <reporter-output>
          </reporter-output>
        </test-method> <!-- getSuiteName -->
        <test-method status="SKIP" signature="setBaseUri(java.lang.String)[pri:0, instance:com.arcapi.Common.SignAgreementRegistrationAPITest@617c74e5]" name="setBaseUri" is-config="true" duration-ms="0" started-at="2019-09-19T16:52:27Z" finished-at="2019-09-19T16:52:27Z">
          <reporter-output>
          </reporter-output>
        </test-method> <!-- setBaseUri -->
        <test-method status="SKIP" signature="SignAgreementRegistrationAPI(java.lang.String, java.lang.String, int)[pri:0, instance:com.arcapi.Common.SignAgreementRegistrationAPITest@617c74e5]" name="SignAgreementRegistrationAPI" duration-ms="0" started-at="2019-09-19T16:52:27Z" finished-at="2019-09-19T16:52:27Z">
          <exception class="org.testng.TestNGException">
            <message>
              <![CDATA[
Parameter 'SheetName' is required by @Test on method SignAgreementRegistrationAPI but has not been marked @Optional or defined
in D:\worksapceNew\TestArcAPI\src\main\resources\TestNGFiles\CrossRatingSystemTestng.xml]]>
            </message>
            <full-stacktrace>
              <![CDATA[org.testng.TestNGException: 
Parameter 'SheetName' is required by @Test on method SignAgreementRegistrationAPI but has not been marked @Optional or defined
in D:\worksapceNew\TestArcAPI\src\main\resources\TestNGFiles\CrossRatingSystemTestng.xml
	at org.testng.internal.Parameters.createParameters(Parameters.java:154)
	at org.testng.internal.Parameters.createParameters(Parameters.java:361)
	at org.testng.internal.Parameters.handleParameters(Parameters.java:451)
	at org.testng.internal.Invoker.handleParameters(Invoker.java:1274)
	at org.testng.internal.Invoker.createParameters(Invoker.java:989)
	at org.testng.internal.Invoker.invokeTestMethods(Invoker.java:1079)
	at org.testng.internal.TestMethodWorker.invokeTestMethods(TestMethodWorker.java:129)
	at org.testng.internal.TestMethodWorker.run(TestMethodWorker.java:112)
	at org.testng.TestRunner.privateRun(TestRunner.java:782)
	at org.testng.TestRunner.run(TestRunner.java:632)
	at org.testng.SuiteRunner.runTest(SuiteRunner.java:366)
	at org.testng.SuiteRunner.runSequentially(SuiteRunner.java:361)
	at org.testng.SuiteRunner.privateRun(SuiteRunner.java:319)
	at org.testng.SuiteRunner.run(SuiteRunner.java:268)
	at org.testng.SuiteRunnerWorker.runSuite(SuiteRunnerWorker.java:52)
	at org.testng.SuiteRunnerWorker.run(SuiteRunnerWorker.java:86)
	at org.testng.TestNG.runSuitesSequentially(TestNG.java:1244)
	at org.testng.TestNG.runSuitesLocally(TestNG.java:1169)
	at org.testng.TestNG.run(TestNG.java:1064)
	at org.testng.remote.RemoteTestNG.run(RemoteTestNG.java:113)
	at org.testng.remote.RemoteTestNG.initAndRun(RemoteTestNG.java:206)
	at org.testng.remote.RemoteTestNG.main(RemoteTestNG.java:177)
]]>
            </full-stacktrace>
          </exception> <!-- org.testng.TestNGException -->
          <reporter-output>
          </reporter-output>
        </test-method> <!-- SignAgreementRegistrationAPI -->
        <test-method status="SKIP" signature="end()[pri:0, instance:com.arcapi.Common.SignAgreementRegistrationAPITest@617c74e5]" name="end" is-config="true" duration-ms="0" started-at="2019-09-19T16:52:27Z" finished-at="2019-09-19T16:52:27Z">
          <reporter-output>
          </reporter-output>
        </test-method> <!-- end -->
      </class> <!-- com.arcapi.Common.SignAgreementRegistrationAPITest -->
      <class name="com.arcapi.Common.AddAssestTimelinePOSTAPITest">
        <test-method status="SKIP" signature="setBaseUri(java.lang.String)[pri:0, instance:com.arcapi.Common.AddAssestTimelinePOSTAPITest@67b6d4ae]" name="setBaseUri" is-config="true" duration-ms="0" started-at="2019-09-19T16:52:27Z" finished-at="2019-09-19T16:52:27Z">
          <reporter-output>
          </reporter-output>
        </test-method> <!-- setBaseUri -->
        <test-method status="SKIP" signature="getSuiteName(org.testng.ITestContext)[pri:0, instance:com.arcapi.Common.AddAssestTimelinePOSTAPITest@67b6d4ae]" name="getSuiteName" is-config="true" duration-ms="0" started-at="2019-09-19T16:52:27Z" finished-at="2019-09-19T16:52:27Z">
          <reporter-output>
          </reporter-output>
        </test-method> <!-- getSuiteName -->
        <test-method status="SKIP" signature="AddAssestTimeline(java.lang.String, java.lang.String, int)[pri:0, instance:com.arcapi.Common.AddAssestTimelinePOSTAPITest@67b6d4ae]" name="AddAssestTimeline" duration-ms="0" started-at="2019-09-19T16:52:27Z" finished-at="2019-09-19T16:52:27Z">
          <exception class="org.testng.TestNGException">
            <message>
              <![CDATA[
Parameter 'SheetName' is required by @Test on method AddAssestTimeline but has not been marked @Optional or defined
in D:\worksapceNew\TestArcAPI\src\main\resources\TestNGFiles\CrossRatingSystemTestng.xml]]>
            </message>
            <full-stacktrace>
              <![CDATA[org.testng.TestNGException: 
Parameter 'SheetName' is required by @Test on method AddAssestTimeline but has not been marked @Optional or defined
in D:\worksapceNew\TestArcAPI\src\main\resources\TestNGFiles\CrossRatingSystemTestng.xml
	at org.testng.internal.Parameters.createParameters(Parameters.java:154)
	at org.testng.internal.Parameters.createParameters(Parameters.java:361)
	at org.testng.internal.Parameters.handleParameters(Parameters.java:451)
	at org.testng.internal.Invoker.handleParameters(Invoker.java:1274)
	at org.testng.internal.Invoker.createParameters(Invoker.java:989)
	at org.testng.internal.Invoker.invokeTestMethods(Invoker.java:1079)
	at org.testng.internal.TestMethodWorker.invokeTestMethods(TestMethodWorker.java:129)
	at org.testng.internal.TestMethodWorker.run(TestMethodWorker.java:112)
	at org.testng.TestRunner.privateRun(TestRunner.java:782)
	at org.testng.TestRunner.run(TestRunner.java:632)
	at org.testng.SuiteRunner.runTest(SuiteRunner.java:366)
	at org.testng.SuiteRunner.runSequentially(SuiteRunner.java:361)
	at org.testng.SuiteRunner.privateRun(SuiteRunner.java:319)
	at org.testng.SuiteRunner.run(SuiteRunner.java:268)
	at org.testng.SuiteRunnerWorker.runSuite(SuiteRunnerWorker.java:52)
	at org.testng.SuiteRunnerWorker.run(SuiteRunnerWorker.java:86)
	at org.testng.TestNG.runSuitesSequentially(TestNG.java:1244)
	at org.testng.TestNG.runSuitesLocally(TestNG.java:1169)
	at org.testng.TestNG.run(TestNG.java:1064)
	at org.testng.remote.RemoteTestNG.run(RemoteTestNG.java:113)
	at org.testng.remote.RemoteTestNG.initAndRun(RemoteTestNG.java:206)
	at org.testng.remote.RemoteTestNG.main(RemoteTestNG.java:177)
]]>
            </full-stacktrace>
          </exception> <!-- org.testng.TestNGException -->
          <reporter-output>
          </reporter-output>
        </test-method> <!-- AddAssestTimeline -->
        <test-method status="SKIP" signature="end()[pri:0, instance:com.arcapi.Common.AddAssestTimelinePOSTAPITest@67b6d4ae]" name="end" is-config="true" duration-ms="0" started-at="2019-09-19T16:52:27Z" finished-at="2019-09-19T16:52:27Z">
          <reporter-output>
          </reporter-output>
        </test-method> <!-- end -->
      </class> <!-- com.arcapi.Common.AddAssestTimelinePOSTAPITest -->
      <class name="com.arcapi.CrossRatingSystemtestcases.MeasuresListAPITest">
        <test-method status="SKIP" signature="getSuiteName(org.testng.ITestContext)[pri:0, instance:com.arcapi.CrossRatingSystemtestcases.MeasuresListAPITest@6df97b55]" name="getSuiteName" is-config="true" duration-ms="0" started-at="2019-09-19T16:52:27Z" finished-at="2019-09-19T16:52:27Z">
          <reporter-output>
          </reporter-output>
        </test-method> <!-- getSuiteName -->
        <test-method status="SKIP" signature="setBaseUri(java.lang.String)[pri:0, instance:com.arcapi.CrossRatingSystemtestcases.MeasuresListAPITest@6df97b55]" name="setBaseUri" is-config="true" duration-ms="0" started-at="2019-09-19T16:52:27Z" finished-at="2019-09-19T16:52:27Z">
          <reporter-output>
          </reporter-output>
        </test-method> <!-- setBaseUri -->
        <test-method status="SKIP" signature="MeasuresListAPI(java.lang.String, java.lang.String, int)[pri:0, instance:com.arcapi.CrossRatingSystemtestcases.MeasuresListAPITest@6df97b55]" name="MeasuresListAPI" duration-ms="0" started-at="2019-09-19T16:52:27Z" finished-at="2019-09-19T16:52:27Z">
          <exception class="org.testng.TestNGException">
            <message>
              <![CDATA[
Parameter 'SheetName' is required by @Test on method MeasuresListAPI but has not been marked @Optional or defined
in D:\worksapceNew\TestArcAPI\src\main\resources\TestNGFiles\CrossRatingSystemTestng.xml]]>
            </message>
            <full-stacktrace>
              <![CDATA[org.testng.TestNGException: 
Parameter 'SheetName' is required by @Test on method MeasuresListAPI but has not been marked @Optional or defined
in D:\worksapceNew\TestArcAPI\src\main\resources\TestNGFiles\CrossRatingSystemTestng.xml
	at org.testng.internal.Parameters.createParameters(Parameters.java:154)
	at org.testng.internal.Parameters.createParameters(Parameters.java:361)
	at org.testng.internal.Parameters.handleParameters(Parameters.java:451)
	at org.testng.internal.Invoker.handleParameters(Invoker.java:1274)
	at org.testng.internal.Invoker.createParameters(Invoker.java:989)
	at org.testng.internal.Invoker.invokeTestMethods(Invoker.java:1079)
	at org.testng.internal.TestMethodWorker.invokeTestMethods(TestMethodWorker.java:129)
	at org.testng.internal.TestMethodWorker.run(TestMethodWorker.java:112)
	at org.testng.TestRunner.privateRun(TestRunner.java:782)
	at org.testng.TestRunner.run(TestRunner.java:632)
	at org.testng.SuiteRunner.runTest(SuiteRunner.java:366)
	at org.testng.SuiteRunner.runSequentially(SuiteRunner.java:361)
	at org.testng.SuiteRunner.privateRun(SuiteRunner.java:319)
	at org.testng.SuiteRunner.run(SuiteRunner.java:268)
	at org.testng.SuiteRunnerWorker.runSuite(SuiteRunnerWorker.java:52)
	at org.testng.SuiteRunnerWorker.run(SuiteRunnerWorker.java:86)
	at org.testng.TestNG.runSuitesSequentially(TestNG.java:1244)
	at org.testng.TestNG.runSuitesLocally(TestNG.java:1169)
	at org.testng.TestNG.run(TestNG.java:1064)
	at org.testng.remote.RemoteTestNG.run(RemoteTestNG.java:113)
	at org.testng.remote.RemoteTestNG.initAndRun(RemoteTestNG.java:206)
	at org.testng.remote.RemoteTestNG.main(RemoteTestNG.java:177)
]]>
            </full-stacktrace>
          </exception> <!-- org.testng.TestNGException -->
          <reporter-output>
          </reporter-output>
        </test-method> <!-- MeasuresListAPI -->
        <test-method status="SKIP" signature="end()[pri:0, instance:com.arcapi.CrossRatingSystemtestcases.MeasuresListAPITest@6df97b55]" name="end" is-config="true" duration-ms="0" started-at="2019-09-19T16:52:27Z" finished-at="2019-09-19T16:52:27Z">
          <reporter-output>
          </reporter-output>
        </test-method> <!-- end -->
      </class> <!-- com.arcapi.CrossRatingSystemtestcases.MeasuresListAPITest -->
      <class name="com.arcapi.Common.PaymentOrderSubmitPOSTAPITest">
        <test-method status="SKIP" signature="getSuiteName(org.testng.ITestContext)[pri:0, instance:com.arcapi.Common.PaymentOrderSubmitPOSTAPITest@6537cf78]" name="getSuiteName" is-config="true" duration-ms="0" started-at="2019-09-19T16:52:27Z" finished-at="2019-09-19T16:52:27Z">
          <reporter-output>
          </reporter-output>
        </test-method> <!-- getSuiteName -->
        <test-method status="SKIP" signature="setBaseUri(java.lang.String)[pri:0, instance:com.arcapi.Common.PaymentOrderSubmitPOSTAPITest@6537cf78]" name="setBaseUri" is-config="true" duration-ms="0" started-at="2019-09-19T16:52:27Z" finished-at="2019-09-19T16:52:27Z">
          <reporter-output>
          </reporter-output>
        </test-method> <!-- setBaseUri -->
        <test-method status="SKIP" signature="PaymentOrderSubmitPOSTAPI(java.lang.String, java.lang.String, int, java.lang.String)[pri:0, instance:com.arcapi.Common.PaymentOrderSubmitPOSTAPITest@6537cf78]" name="PaymentOrderSubmitPOSTAPI" duration-ms="0" started-at="2019-09-19T16:52:27Z" finished-at="2019-09-19T16:52:27Z">
          <exception class="org.testng.TestNGException">
            <message>
              <![CDATA[
Parameter 'SheetName' is required by @Test on method PaymentOrderSubmitPOSTAPI but has not been marked @Optional or defined
in D:\worksapceNew\TestArcAPI\src\main\resources\TestNGFiles\CrossRatingSystemTestng.xml]]>
            </message>
            <full-stacktrace>
              <![CDATA[org.testng.TestNGException: 
Parameter 'SheetName' is required by @Test on method PaymentOrderSubmitPOSTAPI but has not been marked @Optional or defined
in D:\worksapceNew\TestArcAPI\src\main\resources\TestNGFiles\CrossRatingSystemTestng.xml
	at org.testng.internal.Parameters.createParameters(Parameters.java:154)
	at org.testng.internal.Parameters.createParameters(Parameters.java:361)
	at org.testng.internal.Parameters.handleParameters(Parameters.java:451)
	at org.testng.internal.Invoker.handleParameters(Invoker.java:1274)
	at org.testng.internal.Invoker.createParameters(Invoker.java:989)
	at org.testng.internal.Invoker.invokeTestMethods(Invoker.java:1079)
	at org.testng.internal.TestMethodWorker.invokeTestMethods(TestMethodWorker.java:129)
	at org.testng.internal.TestMethodWorker.run(TestMethodWorker.java:112)
	at org.testng.TestRunner.privateRun(TestRunner.java:782)
	at org.testng.TestRunner.run(TestRunner.java:632)
	at org.testng.SuiteRunner.runTest(SuiteRunner.java:366)
	at org.testng.SuiteRunner.runSequentially(SuiteRunner.java:361)
	at org.testng.SuiteRunner.privateRun(SuiteRunner.java:319)
	at org.testng.SuiteRunner.run(SuiteRunner.java:268)
	at org.testng.SuiteRunnerWorker.runSuite(SuiteRunnerWorker.java:52)
	at org.testng.SuiteRunnerWorker.run(SuiteRunnerWorker.java:86)
	at org.testng.TestNG.runSuitesSequentially(TestNG.java:1244)
	at org.testng.TestNG.runSuitesLocally(TestNG.java:1169)
	at org.testng.TestNG.run(TestNG.java:1064)
	at org.testng.remote.RemoteTestNG.run(RemoteTestNG.java:113)
	at org.testng.remote.RemoteTestNG.initAndRun(RemoteTestNG.java:206)
	at org.testng.remote.RemoteTestNG.main(RemoteTestNG.java:177)
]]>
            </full-stacktrace>
          </exception> <!-- org.testng.TestNGException -->
          <reporter-output>
          </reporter-output>
        </test-method> <!-- PaymentOrderSubmitPOSTAPI -->
        <test-method status="SKIP" signature="end()[pri:0, instance:com.arcapi.Common.PaymentOrderSubmitPOSTAPITest@6537cf78]" name="end" is-config="true" duration-ms="0" started-at="2019-09-19T16:52:27Z" finished-at="2019-09-19T16:52:27Z">
          <reporter-output>
          </reporter-output>
        </test-method> <!-- end -->
      </class> <!-- com.arcapi.Common.PaymentOrderSubmitPOSTAPITest -->
      <class name="com.arcapi.CrossRatingSystemtestcases.AQIDataGetAPITest">
        <test-method status="SKIP" signature="getSuiteName(org.testng.ITestContext)[pri:0, instance:com.arcapi.CrossRatingSystemtestcases.AQIDataGetAPITest@34b7bfc0]" name="getSuiteName" is-config="true" duration-ms="0" started-at="2019-09-19T16:52:27Z" finished-at="2019-09-19T16:52:27Z">
          <reporter-output>
          </reporter-output>
        </test-method> <!-- getSuiteName -->
        <test-method status="SKIP" signature="setBaseUri(java.lang.String)[pri:0, instance:com.arcapi.CrossRatingSystemtestcases.AQIDataGetAPITest@34b7bfc0]" name="setBaseUri" is-config="true" duration-ms="0" started-at="2019-09-19T16:52:27Z" finished-at="2019-09-19T16:52:27Z">
          <reporter-output>
          </reporter-output>
        </test-method> <!-- setBaseUri -->
        <test-method status="SKIP" signature="AQIDataGetAPI(java.lang.String, java.lang.String, int)[pri:0, instance:com.arcapi.CrossRatingSystemtestcases.AQIDataGetAPITest@34b7bfc0]" name="AQIDataGetAPI" duration-ms="0" started-at="2019-09-19T16:52:27Z" finished-at="2019-09-19T16:52:27Z">
          <exception class="org.testng.TestNGException">
            <message>
              <![CDATA[
Parameter 'SheetName' is required by @Test on method AQIDataGetAPI but has not been marked @Optional or defined
in D:\worksapceNew\TestArcAPI\src\main\resources\TestNGFiles\CrossRatingSystemTestng.xml]]>
            </message>
            <full-stacktrace>
              <![CDATA[org.testng.TestNGException: 
Parameter 'SheetName' is required by @Test on method AQIDataGetAPI but has not been marked @Optional or defined
in D:\worksapceNew\TestArcAPI\src\main\resources\TestNGFiles\CrossRatingSystemTestng.xml
	at org.testng.internal.Parameters.createParameters(Parameters.java:154)
	at org.testng.internal.Parameters.createParameters(Parameters.java:361)
	at org.testng.internal.Parameters.handleParameters(Parameters.java:451)
	at org.testng.internal.Invoker.handleParameters(Invoker.java:1274)
	at org.testng.internal.Invoker.createParameters(Invoker.java:989)
	at org.testng.internal.Invoker.invokeTestMethods(Invoker.java:1079)
	at org.testng.internal.TestMethodWorker.invokeTestMethods(TestMethodWorker.java:129)
	at org.testng.internal.TestMethodWorker.run(TestMethodWorker.java:112)
	at org.testng.TestRunner.privateRun(TestRunner.java:782)
	at org.testng.TestRunner.run(TestRunner.java:632)
	at org.testng.SuiteRunner.runTest(SuiteRunner.java:366)
	at org.testng.SuiteRunner.runSequentially(SuiteRunner.java:361)
	at org.testng.SuiteRunner.privateRun(SuiteRunner.java:319)
	at org.testng.SuiteRunner.run(SuiteRunner.java:268)
	at org.testng.SuiteRunnerWorker.runSuite(SuiteRunnerWorker.java:52)
	at org.testng.SuiteRunnerWorker.run(SuiteRunnerWorker.java:86)
	at org.testng.TestNG.runSuitesSequentially(TestNG.java:1244)
	at org.testng.TestNG.runSuitesLocally(TestNG.java:1169)
	at org.testng.TestNG.run(TestNG.java:1064)
	at org.testng.remote.RemoteTestNG.run(RemoteTestNG.java:113)
	at org.testng.remote.RemoteTestNG.initAndRun(RemoteTestNG.java:206)
	at org.testng.remote.RemoteTestNG.main(RemoteTestNG.java:177)
]]>
            </full-stacktrace>
          </exception> <!-- org.testng.TestNGException -->
          <reporter-output>
          </reporter-output>
        </test-method> <!-- AQIDataGetAPI -->
        <test-method status="SKIP" signature="end()[pri:0, instance:com.arcapi.CrossRatingSystemtestcases.AQIDataGetAPITest@34b7bfc0]" name="end" is-config="true" duration-ms="0" started-at="2019-09-19T16:52:27Z" finished-at="2019-09-19T16:52:27Z">
          <reporter-output>
          </reporter-output>
        </test-method> <!-- end -->
      </class> <!-- com.arcapi.CrossRatingSystemtestcases.AQIDataGetAPITest -->
      <class name="com.arcapi.CrossRatingSystemtestcases.RidershipDataGetAPITest">
        <test-method status="SKIP" signature="getSuiteName(org.testng.ITestContext)[pri:0, instance:com.arcapi.CrossRatingSystemtestcases.RidershipDataGetAPITest@366e2eef]" name="getSuiteName" is-config="true" duration-ms="0" started-at="2019-09-19T16:52:27Z" finished-at="2019-09-19T16:52:27Z">
          <reporter-output>
          </reporter-output>
        </test-method> <!-- getSuiteName -->
        <test-method status="SKIP" signature="setBaseUri(java.lang.String)[pri:0, instance:com.arcapi.CrossRatingSystemtestcases.RidershipDataGetAPITest@366e2eef]" name="setBaseUri" is-config="true" duration-ms="0" started-at="2019-09-19T16:52:27Z" finished-at="2019-09-19T16:52:27Z">
          <reporter-output>
          </reporter-output>
        </test-method> <!-- setBaseUri -->
        <test-method status="SKIP" signature="end()[pri:0, instance:com.arcapi.CrossRatingSystemtestcases.RidershipDataGetAPITest@366e2eef]" name="end" is-config="true" duration-ms="0" started-at="2019-09-19T16:52:27Z" finished-at="2019-09-19T16:52:27Z">
          <reporter-output>
          </reporter-output>
        </test-method> <!-- end -->
        <test-method status="SKIP" signature="RidershipDataGetAPI(java.lang.String, java.lang.String, int)[pri:0, instance:com.arcapi.CrossRatingSystemtestcases.RidershipDataGetAPITest@366e2eef]" name="RidershipDataGetAPI" duration-ms="0" started-at="2019-09-19T16:52:27Z" finished-at="2019-09-19T16:52:27Z">
          <exception class="org.testng.TestNGException">
            <message>
              <![CDATA[
Parameter 'SheetName' is required by @Test on method RidershipDataGetAPI but has not been marked @Optional or defined
in D:\worksapceNew\TestArcAPI\src\main\resources\TestNGFiles\CrossRatingSystemTestng.xml]]>
            </message>
            <full-stacktrace>
              <![CDATA[org.testng.TestNGException: 
Parameter 'SheetName' is required by @Test on method RidershipDataGetAPI but has not been marked @Optional or defined
in D:\worksapceNew\TestArcAPI\src\main\resources\TestNGFiles\CrossRatingSystemTestng.xml
	at org.testng.internal.Parameters.createParameters(Parameters.java:154)
	at org.testng.internal.Parameters.createParameters(Parameters.java:361)
	at org.testng.internal.Parameters.handleParameters(Parameters.java:451)
	at org.testng.internal.Invoker.handleParameters(Invoker.java:1274)
	at org.testng.internal.Invoker.createParameters(Invoker.java:989)
	at org.testng.internal.Invoker.invokeTestMethods(Invoker.java:1079)
	at org.testng.internal.TestMethodWorker.invokeTestMethods(TestMethodWorker.java:129)
	at org.testng.internal.TestMethodWorker.run(TestMethodWorker.java:112)
	at org.testng.TestRunner.privateRun(TestRunner.java:782)
	at org.testng.TestRunner.run(TestRunner.java:632)
	at org.testng.SuiteRunner.runTest(SuiteRunner.java:366)
	at org.testng.SuiteRunner.runSequentially(SuiteRunner.java:361)
	at org.testng.SuiteRunner.privateRun(SuiteRunner.java:319)
	at org.testng.SuiteRunner.run(SuiteRunner.java:268)
	at org.testng.SuiteRunnerWorker.runSuite(SuiteRunnerWorker.java:52)
	at org.testng.SuiteRunnerWorker.run(SuiteRunnerWorker.java:86)
	at org.testng.TestNG.runSuitesSequentially(TestNG.java:1244)
	at org.testng.TestNG.runSuitesLocally(TestNG.java:1169)
	at org.testng.TestNG.run(TestNG.java:1064)
	at org.testng.remote.RemoteTestNG.run(RemoteTestNG.java:113)
	at org.testng.remote.RemoteTestNG.initAndRun(RemoteTestNG.java:206)
	at org.testng.remote.RemoteTestNG.main(RemoteTestNG.java:177)
]]>
            </full-stacktrace>
          </exception> <!-- org.testng.TestNGException -->
          <reporter-output>
          </reporter-output>
        </test-method> <!-- RidershipDataGetAPI -->
      </class> <!-- com.arcapi.CrossRatingSystemtestcases.RidershipDataGetAPITest -->
    </test> <!-- CrossRatingSystem-Building -->
    <test name="CrossRatingSystem-City" duration-ms="68" started-at="2019-09-19T11:22:27Z" finished-at="2019-09-19T11:22:27Z">
      <class name="com.arcapi.CrossRatingSystemtestcases.EnvironmentSurveyGetAPITest">
        <test-method status="SKIP" signature="getSuiteName(org.testng.ITestContext)[pri:0, instance:com.arcapi.CrossRatingSystemtestcases.EnvironmentSurveyGetAPITest@5afa04c]" name="getSuiteName" is-config="true" duration-ms="0" started-at="2019-09-19T16:52:27Z" finished-at="2019-09-19T16:52:27Z">
          <reporter-output>
          </reporter-output>
        </test-method> <!-- getSuiteName -->
        <test-method status="SKIP" signature="end()[pri:0, instance:com.arcapi.CrossRatingSystemtestcases.EnvironmentSurveyGetAPITest@5afa04c]" name="end" is-config="true" duration-ms="0" started-at="2019-09-19T16:52:27Z" finished-at="2019-09-19T16:52:27Z">
          <reporter-output>
          </reporter-output>
        </test-method> <!-- end -->
        <test-method status="SKIP" signature="setBaseUri(java.lang.String)[pri:0, instance:com.arcapi.CrossRatingSystemtestcases.EnvironmentSurveyGetAPITest@5afa04c]" name="setBaseUri" is-config="true" duration-ms="0" started-at="2019-09-19T16:52:27Z" finished-at="2019-09-19T16:52:27Z">
          <reporter-output>
          </reporter-output>
        </test-method> <!-- setBaseUri -->
        <test-method status="SKIP" signature="EnvironmentSurveyGetAPI(java.lang.String, java.lang.String, int)[pri:0, instance:com.arcapi.CrossRatingSystemtestcases.EnvironmentSurveyGetAPITest@5afa04c]" name="EnvironmentSurveyGetAPI" duration-ms="0" started-at="2019-09-19T16:52:27Z" finished-at="2019-09-19T16:52:27Z">
          <exception class="org.testng.TestNGException">
            <message>
              <![CDATA[
Parameter 'SheetName' is required by @Test on method EnvironmentSurveyGetAPI but has not been marked @Optional or defined
in D:\worksapceNew\TestArcAPI\src\main\resources\TestNGFiles\CrossRatingSystemTestng.xml]]>
            </message>
            <full-stacktrace>
              <![CDATA[org.testng.TestNGException: 
Parameter 'SheetName' is required by @Test on method EnvironmentSurveyGetAPI but has not been marked @Optional or defined
in D:\worksapceNew\TestArcAPI\src\main\resources\TestNGFiles\CrossRatingSystemTestng.xml
	at org.testng.internal.Parameters.createParameters(Parameters.java:154)
	at org.testng.internal.Parameters.createParameters(Parameters.java:361)
	at org.testng.internal.Parameters.handleParameters(Parameters.java:451)
	at org.testng.internal.Invoker.handleParameters(Invoker.java:1274)
	at org.testng.internal.Invoker.createParameters(Invoker.java:989)
	at org.testng.internal.Invoker.invokeTestMethods(Invoker.java:1079)
	at org.testng.internal.TestMethodWorker.invokeTestMethods(TestMethodWorker.java:129)
	at org.testng.internal.TestMethodWorker.run(TestMethodWorker.java:112)
	at org.testng.TestRunner.privateRun(TestRunner.java:782)
	at org.testng.TestRunner.run(TestRunner.java:632)
	at org.testng.SuiteRunner.runTest(SuiteRunner.java:366)
	at org.testng.SuiteRunner.runSequentially(SuiteRunner.java:361)
	at org.testng.SuiteRunner.privateRun(SuiteRunner.java:319)
	at org.testng.SuiteRunner.run(SuiteRunner.java:268)
	at org.testng.SuiteRunnerWorker.runSuite(SuiteRunnerWorker.java:52)
	at org.testng.SuiteRunnerWorker.run(SuiteRunnerWorker.java:86)
	at org.testng.TestNG.runSuitesSequentially(TestNG.java:1244)
	at org.testng.TestNG.runSuitesLocally(TestNG.java:1169)
	at org.testng.TestNG.run(TestNG.java:1064)
	at org.testng.remote.RemoteTestNG.run(RemoteTestNG.java:113)
	at org.testng.remote.RemoteTestNG.initAndRun(RemoteTestNG.java:206)
	at org.testng.remote.RemoteTestNG.main(RemoteTestNG.java:177)
]]>
            </full-stacktrace>
          </exception> <!-- org.testng.TestNGException -->
          <reporter-output>
          </reporter-output>
        </test-method> <!-- EnvironmentSurveyGetAPI -->
      </class> <!-- com.arcapi.CrossRatingSystemtestcases.EnvironmentSurveyGetAPITest -->
      <class name="com.arcapi.CrossRatingSystemtestcases.CO2GetTest">
        <test-method status="SKIP" signature="getSuiteName(org.testng.ITestContext)[pri:0, instance:com.arcapi.CrossRatingSystemtestcases.CO2GetTest@6ea12c19]" name="getSuiteName" is-config="true" duration-ms="0" started-at="2019-09-19T16:52:27Z" finished-at="2019-09-19T16:52:27Z">
          <reporter-output>
          </reporter-output>
        </test-method> <!-- getSuiteName -->
        <test-method status="SKIP" signature="CO2GetTestAPI(java.lang.String, java.lang.String, int)[pri:0, instance:com.arcapi.CrossRatingSystemtestcases.CO2GetTest@6ea12c19]" name="CO2GetTestAPI" duration-ms="0" started-at="2019-09-19T16:52:27Z" finished-at="2019-09-19T16:52:27Z">
          <exception class="org.testng.TestNGException">
            <message>
              <![CDATA[
Parameter 'SheetName' is required by @Test on method CO2GetTestAPI but has not been marked @Optional or defined
in D:\worksapceNew\TestArcAPI\src\main\resources\TestNGFiles\CrossRatingSystemTestng.xml]]>
            </message>
            <full-stacktrace>
              <![CDATA[org.testng.TestNGException: 
Parameter 'SheetName' is required by @Test on method CO2GetTestAPI but has not been marked @Optional or defined
in D:\worksapceNew\TestArcAPI\src\main\resources\TestNGFiles\CrossRatingSystemTestng.xml
	at org.testng.internal.Parameters.createParameters(Parameters.java:154)
	at org.testng.internal.Parameters.createParameters(Parameters.java:361)
	at org.testng.internal.Parameters.handleParameters(Parameters.java:451)
	at org.testng.internal.Invoker.handleParameters(Invoker.java:1274)
	at org.testng.internal.Invoker.createParameters(Invoker.java:989)
	at org.testng.internal.Invoker.invokeTestMethods(Invoker.java:1079)
	at org.testng.internal.TestMethodWorker.invokeTestMethods(TestMethodWorker.java:129)
	at org.testng.internal.TestMethodWorker.run(TestMethodWorker.java:112)
	at org.testng.TestRunner.privateRun(TestRunner.java:782)
	at org.testng.TestRunner.run(TestRunner.java:632)
	at org.testng.SuiteRunner.runTest(SuiteRunner.java:366)
	at org.testng.SuiteRunner.runSequentially(SuiteRunner.java:361)
	at org.testng.SuiteRunner.privateRun(SuiteRunner.java:319)
	at org.testng.SuiteRunner.run(SuiteRunner.java:268)
	at org.testng.SuiteRunnerWorker.runSuite(SuiteRunnerWorker.java:52)
	at org.testng.SuiteRunnerWorker.run(SuiteRunnerWorker.java:86)
	at org.testng.TestNG.runSuitesSequentially(TestNG.java:1244)
	at org.testng.TestNG.runSuitesLocally(TestNG.java:1169)
	at org.testng.TestNG.run(TestNG.java:1064)
	at org.testng.remote.RemoteTestNG.run(RemoteTestNG.java:113)
	at org.testng.remote.RemoteTestNG.initAndRun(RemoteTestNG.java:206)
	at org.testng.remote.RemoteTestNG.main(RemoteTestNG.java:177)
]]>
            </full-stacktrace>
          </exception> <!-- org.testng.TestNGException -->
          <reporter-output>
          </reporter-output>
        </test-method> <!-- CO2GetTestAPI -->
        <test-method status="SKIP" signature="end()[pri:0, instance:com.arcapi.CrossRatingSystemtestcases.CO2GetTest@6ea12c19]" name="end" is-config="true" duration-ms="0" started-at="2019-09-19T16:52:27Z" finished-at="2019-09-19T16:52:27Z">
          <reporter-output>
          </reporter-output>
        </test-method> <!-- end -->
        <test-method status="SKIP" signature="setBaseUri(java.lang.String)[pri:0, instance:com.arcapi.CrossRatingSystemtestcases.CO2GetTest@6ea12c19]" name="setBaseUri" is-config="true" duration-ms="0" started-at="2019-09-19T16:52:27Z" finished-at="2019-09-19T16:52:27Z">
          <reporter-output>
          </reporter-output>
        </test-method> <!-- setBaseUri -->
      </class> <!-- com.arcapi.CrossRatingSystemtestcases.CO2GetTest -->
      <class name="com.arcapi.Common.CityCom.CreateNewProjectAPITest">
        <test-method status="SKIP" signature="getSuiteName(org.testng.ITestContext)[pri:0, instance:com.arcapi.Common.CityCom.CreateNewProjectAPITest@32e6e9c3]" name="getSuiteName" is-config="true" duration-ms="0" started-at="2019-09-19T16:52:27Z" finished-at="2019-09-19T16:52:27Z">
          <reporter-output>
          </reporter-output>
        </test-method> <!-- getSuiteName -->
        <test-method status="SKIP" signature="setBaseUri(java.lang.String)[pri:0, instance:com.arcapi.Common.CityCom.CreateNewProjectAPITest@32e6e9c3]" name="setBaseUri" is-config="true" duration-ms="0" started-at="2019-09-19T16:52:27Z" finished-at="2019-09-19T16:52:27Z">
          <reporter-output>
          </reporter-output>
        </test-method> <!-- setBaseUri -->
        <test-method status="SKIP" signature="end()[pri:0, instance:com.arcapi.Common.CityCom.CreateNewProjectAPITest@32e6e9c3]" name="end" is-config="true" duration-ms="0" started-at="2019-09-19T16:52:27Z" finished-at="2019-09-19T16:52:27Z">
          <reporter-output>
          </reporter-output>
        </test-method> <!-- end -->
        <test-method status="SKIP" signature="CreateAssetPOSTAPI(java.lang.String, java.lang.String, java.lang.String, int, java.lang.String, java.lang.String)[pri:0, instance:com.arcapi.Common.CityCom.CreateNewProjectAPITest@32e6e9c3]" name="CreateAssetPOSTAPI" duration-ms="0" started-at="2019-09-19T16:52:27Z" finished-at="2019-09-19T16:52:27Z">
          <exception class="org.testng.TestNGException">
            <message>
              <![CDATA[
Parameter 'SheetName' is required by @Test on method CreateAssetPOSTAPI but has not been marked @Optional or defined
in D:\worksapceNew\TestArcAPI\src\main\resources\TestNGFiles\CrossRatingSystemTestng.xml]]>
            </message>
            <full-stacktrace>
              <![CDATA[org.testng.TestNGException: 
Parameter 'SheetName' is required by @Test on method CreateAssetPOSTAPI but has not been marked @Optional or defined
in D:\worksapceNew\TestArcAPI\src\main\resources\TestNGFiles\CrossRatingSystemTestng.xml
	at org.testng.internal.Parameters.createParameters(Parameters.java:154)
	at org.testng.internal.Parameters.createParameters(Parameters.java:361)
	at org.testng.internal.Parameters.handleParameters(Parameters.java:451)
	at org.testng.internal.Invoker.handleParameters(Invoker.java:1274)
	at org.testng.internal.Invoker.createParameters(Invoker.java:989)
	at org.testng.internal.Invoker.invokeTestMethods(Invoker.java:1079)
	at org.testng.internal.TestMethodWorker.invokeTestMethods(TestMethodWorker.java:129)
	at org.testng.internal.TestMethodWorker.run(TestMethodWorker.java:112)
	at org.testng.TestRunner.privateRun(TestRunner.java:782)
	at org.testng.TestRunner.run(TestRunner.java:632)
	at org.testng.SuiteRunner.runTest(SuiteRunner.java:366)
	at org.testng.SuiteRunner.runSequentially(SuiteRunner.java:361)
	at org.testng.SuiteRunner.privateRun(SuiteRunner.java:319)
	at org.testng.SuiteRunner.run(SuiteRunner.java:268)
	at org.testng.SuiteRunnerWorker.runSuite(SuiteRunnerWorker.java:52)
	at org.testng.SuiteRunnerWorker.run(SuiteRunnerWorker.java:86)
	at org.testng.TestNG.runSuitesSequentially(TestNG.java:1244)
	at org.testng.TestNG.runSuitesLocally(TestNG.java:1169)
	at org.testng.TestNG.run(TestNG.java:1064)
	at org.testng.remote.RemoteTestNG.run(RemoteTestNG.java:113)
	at org.testng.remote.RemoteTestNG.initAndRun(RemoteTestNG.java:206)
	at org.testng.remote.RemoteTestNG.main(RemoteTestNG.java:177)
]]>
            </full-stacktrace>
          </exception> <!-- org.testng.TestNGException -->
          <reporter-output>
          </reporter-output>
        </test-method> <!-- CreateAssetPOSTAPI -->
      </class> <!-- com.arcapi.Common.CityCom.CreateNewProjectAPITest -->
      <class name="com.arcapi.CrossRatingSystemtestcases.GhgCalcGetTest">
        <test-method status="SKIP" signature="getSuiteName(org.testng.ITestContext)[pri:0, instance:com.arcapi.CrossRatingSystemtestcases.GhgCalcGetTest@174d20a]" name="getSuiteName" is-config="true" duration-ms="0" started-at="2019-09-19T16:52:27Z" finished-at="2019-09-19T16:52:27Z">
          <reporter-output>
          </reporter-output>
        </test-method> <!-- getSuiteName -->
        <test-method status="SKIP" signature="setBaseUri(java.lang.String)[pri:0, instance:com.arcapi.CrossRatingSystemtestcases.GhgCalcGetTest@174d20a]" name="setBaseUri" is-config="true" duration-ms="0" started-at="2019-09-19T16:52:27Z" finished-at="2019-09-19T16:52:27Z">
          <reporter-output>
          </reporter-output>
        </test-method> <!-- setBaseUri -->
        <test-method status="SKIP" signature="end()[pri:0, instance:com.arcapi.CrossRatingSystemtestcases.GhgCalcGetTest@174d20a]" name="end" is-config="true" duration-ms="0" started-at="2019-09-19T16:52:27Z" finished-at="2019-09-19T16:52:27Z">
          <reporter-output>
          </reporter-output>
        </test-method> <!-- end -->
        <test-method status="SKIP" signature="GhgCalcGet(java.lang.String, java.lang.String, int)[pri:0, instance:com.arcapi.CrossRatingSystemtestcases.GhgCalcGetTest@174d20a]" name="GhgCalcGet" duration-ms="0" started-at="2019-09-19T16:52:27Z" finished-at="2019-09-19T16:52:27Z">
          <exception class="org.testng.TestNGException">
            <message>
              <![CDATA[
Parameter 'SheetName' is required by @Test on method GhgCalcGet but has not been marked @Optional or defined
in D:\worksapceNew\TestArcAPI\src\main\resources\TestNGFiles\CrossRatingSystemTestng.xml]]>
            </message>
            <full-stacktrace>
              <![CDATA[org.testng.TestNGException: 
Parameter 'SheetName' is required by @Test on method GhgCalcGet but has not been marked @Optional or defined
in D:\worksapceNew\TestArcAPI\src\main\resources\TestNGFiles\CrossRatingSystemTestng.xml
	at org.testng.internal.Parameters.createParameters(Parameters.java:154)
	at org.testng.internal.Parameters.createParameters(Parameters.java:361)
	at org.testng.internal.Parameters.handleParameters(Parameters.java:451)
	at org.testng.internal.Invoker.handleParameters(Invoker.java:1274)
	at org.testng.internal.Invoker.createParameters(Invoker.java:989)
	at org.testng.internal.Invoker.invokeTestMethods(Invoker.java:1079)
	at org.testng.internal.TestMethodWorker.invokeTestMethods(TestMethodWorker.java:129)
	at org.testng.internal.TestMethodWorker.run(TestMethodWorker.java:112)
	at org.testng.TestRunner.privateRun(TestRunner.java:782)
	at org.testng.TestRunner.run(TestRunner.java:632)
	at org.testng.SuiteRunner.runTest(SuiteRunner.java:366)
	at org.testng.SuiteRunner.runSequentially(SuiteRunner.java:361)
	at org.testng.SuiteRunner.privateRun(SuiteRunner.java:319)
	at org.testng.SuiteRunner.run(SuiteRunner.java:268)
	at org.testng.SuiteRunnerWorker.runSuite(SuiteRunnerWorker.java:52)
	at org.testng.SuiteRunnerWorker.run(SuiteRunnerWorker.java:86)
	at org.testng.TestNG.runSuitesSequentially(TestNG.java:1244)
	at org.testng.TestNG.runSuitesLocally(TestNG.java:1169)
	at org.testng.TestNG.run(TestNG.java:1064)
	at org.testng.remote.RemoteTestNG.run(RemoteTestNG.java:113)
	at org.testng.remote.RemoteTestNG.initAndRun(RemoteTestNG.java:206)
	at org.testng.remote.RemoteTestNG.main(RemoteTestNG.java:177)
]]>
            </full-stacktrace>
          </exception> <!-- org.testng.TestNGException -->
          <reporter-output>
          </reporter-output>
        </test-method> <!-- GhgCalcGet -->
      </class> <!-- com.arcapi.CrossRatingSystemtestcases.GhgCalcGetTest -->
      <class name="com.arcapi.Common.AddAssestTimelinePOSTAPITest">
        <test-method status="SKIP" signature="setBaseUri(java.lang.String)[pri:0, instance:com.arcapi.Common.AddAssestTimelinePOSTAPITest@2344fc66]" name="setBaseUri" is-config="true" duration-ms="0" started-at="2019-09-19T16:52:27Z" finished-at="2019-09-19T16:52:27Z">
          <reporter-output>
          </reporter-output>
        </test-method> <!-- setBaseUri -->
        <test-method status="SKIP" signature="getSuiteName(org.testng.ITestContext)[pri:0, instance:com.arcapi.Common.AddAssestTimelinePOSTAPITest@2344fc66]" name="getSuiteName" is-config="true" duration-ms="0" started-at="2019-09-19T16:52:27Z" finished-at="2019-09-19T16:52:27Z">
          <reporter-output>
          </reporter-output>
        </test-method> <!-- getSuiteName -->
        <test-method status="SKIP" signature="end()[pri:0, instance:com.arcapi.Common.AddAssestTimelinePOSTAPITest@2344fc66]" name="end" is-config="true" duration-ms="0" started-at="2019-09-19T16:52:27Z" finished-at="2019-09-19T16:52:27Z">
          <reporter-output>
          </reporter-output>
        </test-method> <!-- end -->
        <test-method status="SKIP" signature="AddAssestTimeline(java.lang.String, java.lang.String, int)[pri:0, instance:com.arcapi.Common.AddAssestTimelinePOSTAPITest@2344fc66]" name="AddAssestTimeline" duration-ms="0" started-at="2019-09-19T16:52:27Z" finished-at="2019-09-19T16:52:27Z">
          <exception class="org.testng.TestNGException">
            <message>
              <![CDATA[
Parameter 'SheetName' is required by @Test on method AddAssestTimeline but has not been marked @Optional or defined
in D:\worksapceNew\TestArcAPI\src\main\resources\TestNGFiles\CrossRatingSystemTestng.xml]]>
            </message>
            <full-stacktrace>
              <![CDATA[org.testng.TestNGException: 
Parameter 'SheetName' is required by @Test on method AddAssestTimeline but has not been marked @Optional or defined
in D:\worksapceNew\TestArcAPI\src\main\resources\TestNGFiles\CrossRatingSystemTestng.xml
	at org.testng.internal.Parameters.createParameters(Parameters.java:154)
	at org.testng.internal.Parameters.createParameters(Parameters.java:361)
	at org.testng.internal.Parameters.handleParameters(Parameters.java:451)
	at org.testng.internal.Invoker.handleParameters(Invoker.java:1274)
	at org.testng.internal.Invoker.createParameters(Invoker.java:989)
	at org.testng.internal.Invoker.invokeTestMethods(Invoker.java:1079)
	at org.testng.internal.TestMethodWorker.invokeTestMethods(TestMethodWorker.java:129)
	at org.testng.internal.TestMethodWorker.run(TestMethodWorker.java:112)
	at org.testng.TestRunner.privateRun(TestRunner.java:782)
	at org.testng.TestRunner.run(TestRunner.java:632)
	at org.testng.SuiteRunner.runTest(SuiteRunner.java:366)
	at org.testng.SuiteRunner.runSequentially(SuiteRunner.java:361)
	at org.testng.SuiteRunner.privateRun(SuiteRunner.java:319)
	at org.testng.SuiteRunner.run(SuiteRunner.java:268)
	at org.testng.SuiteRunnerWorker.runSuite(SuiteRunnerWorker.java:52)
	at org.testng.SuiteRunnerWorker.run(SuiteRunnerWorker.java:86)
	at org.testng.TestNG.runSuitesSequentially(TestNG.java:1244)
	at org.testng.TestNG.runSuitesLocally(TestNG.java:1169)
	at org.testng.TestNG.run(TestNG.java:1064)
	at org.testng.remote.RemoteTestNG.run(RemoteTestNG.java:113)
	at org.testng.remote.RemoteTestNG.initAndRun(RemoteTestNG.java:206)
	at org.testng.remote.RemoteTestNG.main(RemoteTestNG.java:177)
]]>
            </full-stacktrace>
          </exception> <!-- org.testng.TestNGException -->
          <reporter-output>
          </reporter-output>
        </test-method> <!-- AddAssestTimeline -->
      </class> <!-- com.arcapi.Common.AddAssestTimelinePOSTAPITest -->
      <class name="com.arcapi.CrossRatingSystemtestcases.WaterGetTest">
        <test-method status="SKIP" signature="getSuiteName(org.testng.ITestContext)[pri:0, instance:com.arcapi.CrossRatingSystemtestcases.WaterGetTest@1efbd816]" name="getSuiteName" is-config="true" duration-ms="0" started-at="2019-09-19T16:52:27Z" finished-at="2019-09-19T16:52:27Z">
          <reporter-output>
          </reporter-output>
        </test-method> <!-- getSuiteName -->
        <test-method status="SKIP" signature="setBaseUri(java.lang.String)[pri:0, instance:com.arcapi.CrossRatingSystemtestcases.WaterGetTest@1efbd816]" name="setBaseUri" is-config="true" duration-ms="0" started-at="2019-09-19T16:52:27Z" finished-at="2019-09-19T16:52:27Z">
          <reporter-output>
          </reporter-output>
        </test-method> <!-- setBaseUri -->
        <test-method status="SKIP" signature="end()[pri:0, instance:com.arcapi.CrossRatingSystemtestcases.WaterGetTest@1efbd816]" name="end" is-config="true" duration-ms="0" started-at="2019-09-19T16:52:27Z" finished-at="2019-09-19T16:52:27Z">
          <reporter-output>
          </reporter-output>
        </test-method> <!-- end -->
        <test-method status="SKIP" signature="WaterGet(java.lang.String, java.lang.String, int)[pri:0, instance:com.arcapi.CrossRatingSystemtestcases.WaterGetTest@1efbd816]" name="WaterGet" duration-ms="0" started-at="2019-09-19T16:52:27Z" finished-at="2019-09-19T16:52:27Z">
          <exception class="org.testng.TestNGException">
            <message>
              <![CDATA[
Parameter 'SheetName' is required by @Test on method WaterGet but has not been marked @Optional or defined
in D:\worksapceNew\TestArcAPI\src\main\resources\TestNGFiles\CrossRatingSystemTestng.xml]]>
            </message>
            <full-stacktrace>
              <![CDATA[org.testng.TestNGException: 
Parameter 'SheetName' is required by @Test on method WaterGet but has not been marked @Optional or defined
in D:\worksapceNew\TestArcAPI\src\main\resources\TestNGFiles\CrossRatingSystemTestng.xml
	at org.testng.internal.Parameters.createParameters(Parameters.java:154)
	at org.testng.internal.Parameters.createParameters(Parameters.java:361)
	at org.testng.internal.Parameters.handleParameters(Parameters.java:451)
	at org.testng.internal.Invoker.handleParameters(Invoker.java:1274)
	at org.testng.internal.Invoker.createParameters(Invoker.java:989)
	at org.testng.internal.Invoker.invokeTestMethods(Invoker.java:1079)
	at org.testng.internal.TestMethodWorker.invokeTestMethods(TestMethodWorker.java:129)
	at org.testng.internal.TestMethodWorker.run(TestMethodWorker.java:112)
	at org.testng.TestRunner.privateRun(TestRunner.java:782)
	at org.testng.TestRunner.run(TestRunner.java:632)
	at org.testng.SuiteRunner.runTest(SuiteRunner.java:366)
	at org.testng.SuiteRunner.runSequentially(SuiteRunner.java:361)
	at org.testng.SuiteRunner.privateRun(SuiteRunner.java:319)
	at org.testng.SuiteRunner.run(SuiteRunner.java:268)
	at org.testng.SuiteRunnerWorker.runSuite(SuiteRunnerWorker.java:52)
	at org.testng.SuiteRunnerWorker.run(SuiteRunnerWorker.java:86)
	at org.testng.TestNG.runSuitesSequentially(TestNG.java:1244)
	at org.testng.TestNG.runSuitesLocally(TestNG.java:1169)
	at org.testng.TestNG.run(TestNG.java:1064)
	at org.testng.remote.RemoteTestNG.run(RemoteTestNG.java:113)
	at org.testng.remote.RemoteTestNG.initAndRun(RemoteTestNG.java:206)
	at org.testng.remote.RemoteTestNG.main(RemoteTestNG.java:177)
]]>
            </full-stacktrace>
          </exception> <!-- org.testng.TestNGException -->
          <reporter-output>
          </reporter-output>
        </test-method> <!-- WaterGet -->
      </class> <!-- com.arcapi.CrossRatingSystemtestcases.WaterGetTest -->
      <class name="com.arcapi.CrossRatingSystemtestcases.RidershipDataGetAPITest">
        <test-method status="SKIP" signature="getSuiteName(org.testng.ITestContext)[pri:0, instance:com.arcapi.CrossRatingSystemtestcases.RidershipDataGetAPITest@458ad742]" name="getSuiteName" is-config="true" duration-ms="0" started-at="2019-09-19T16:52:27Z" finished-at="2019-09-19T16:52:27Z">
          <reporter-output>
          </reporter-output>
        </test-method> <!-- getSuiteName -->
        <test-method status="SKIP" signature="setBaseUri(java.lang.String)[pri:0, instance:com.arcapi.CrossRatingSystemtestcases.RidershipDataGetAPITest@458ad742]" name="setBaseUri" is-config="true" duration-ms="0" started-at="2019-09-19T16:52:27Z" finished-at="2019-09-19T16:52:27Z">
          <reporter-output>
          </reporter-output>
        </test-method> <!-- setBaseUri -->
        <test-method status="SKIP" signature="end()[pri:0, instance:com.arcapi.CrossRatingSystemtestcases.RidershipDataGetAPITest@458ad742]" name="end" is-config="true" duration-ms="0" started-at="2019-09-19T16:52:27Z" finished-at="2019-09-19T16:52:27Z">
          <reporter-output>
          </reporter-output>
        </test-method> <!-- end -->
        <test-method status="SKIP" signature="RidershipDataGetAPI(java.lang.String, java.lang.String, int)[pri:0, instance:com.arcapi.CrossRatingSystemtestcases.RidershipDataGetAPITest@458ad742]" name="RidershipDataGetAPI" duration-ms="0" started-at="2019-09-19T16:52:27Z" finished-at="2019-09-19T16:52:27Z">
          <exception class="org.testng.TestNGException">
            <message>
              <![CDATA[
Parameter 'SheetName' is required by @Test on method RidershipDataGetAPI but has not been marked @Optional or defined
in D:\worksapceNew\TestArcAPI\src\main\resources\TestNGFiles\CrossRatingSystemTestng.xml]]>
            </message>
            <full-stacktrace>
              <![CDATA[org.testng.TestNGException: 
Parameter 'SheetName' is required by @Test on method RidershipDataGetAPI but has not been marked @Optional or defined
in D:\worksapceNew\TestArcAPI\src\main\resources\TestNGFiles\CrossRatingSystemTestng.xml
	at org.testng.internal.Parameters.createParameters(Parameters.java:154)
	at org.testng.internal.Parameters.createParameters(Parameters.java:361)
	at org.testng.internal.Parameters.handleParameters(Parameters.java:451)
	at org.testng.internal.Invoker.handleParameters(Invoker.java:1274)
	at org.testng.internal.Invoker.createParameters(Invoker.java:989)
	at org.testng.internal.Invoker.invokeTestMethods(Invoker.java:1079)
	at org.testng.internal.TestMethodWorker.invokeTestMethods(TestMethodWorker.java:129)
	at org.testng.internal.TestMethodWorker.run(TestMethodWorker.java:112)
	at org.testng.TestRunner.privateRun(TestRunner.java:782)
	at org.testng.TestRunner.run(TestRunner.java:632)
	at org.testng.SuiteRunner.runTest(SuiteRunner.java:366)
	at org.testng.SuiteRunner.runSequentially(SuiteRunner.java:361)
	at org.testng.SuiteRunner.privateRun(SuiteRunner.java:319)
	at org.testng.SuiteRunner.run(SuiteRunner.java:268)
	at org.testng.SuiteRunnerWorker.runSuite(SuiteRunnerWorker.java:52)
	at org.testng.SuiteRunnerWorker.run(SuiteRunnerWorker.java:86)
	at org.testng.TestNG.runSuitesSequentially(TestNG.java:1244)
	at org.testng.TestNG.runSuitesLocally(TestNG.java:1169)
	at org.testng.TestNG.run(TestNG.java:1064)
	at org.testng.remote.RemoteTestNG.run(RemoteTestNG.java:113)
	at org.testng.remote.RemoteTestNG.initAndRun(RemoteTestNG.java:206)
	at org.testng.remote.RemoteTestNG.main(RemoteTestNG.java:177)
]]>
            </full-stacktrace>
          </exception> <!-- org.testng.TestNGException -->
          <reporter-output>
          </reporter-output>
        </test-method> <!-- RidershipDataGetAPI -->
      </class> <!-- com.arcapi.CrossRatingSystemtestcases.RidershipDataGetAPITest -->
      <class name="com.arcapi.Common.LoginAPITest">
        <test-method status="PASS" signature="getSuiteName(org.testng.ITestContext)[pri:0, instance:com.arcapi.Common.LoginAPITest@4590c9c3]" name="getSuiteName" is-config="true" duration-ms="14" started-at="2019-09-19T16:52:27Z" finished-at="2019-09-19T16:52:27Z">
          <params>
            <param index="0">
              <value>
                <![CDATA[org.testng.TestRunner@2a65fe7c]]>
              </value>
            </param>
          </params>
          <reporter-output>
          </reporter-output>
        </test-method> <!-- getSuiteName -->
        <test-method status="FAIL" signature="setBaseUri(java.lang.String)[pri:0, instance:com.arcapi.Common.LoginAPITest@4590c9c3]" name="setBaseUri" is-config="true" duration-ms="0" started-at="2019-09-19T16:52:27Z" finished-at="2019-09-19T16:52:27Z">
          <exception class="org.testng.TestNGException">
            <message>
              <![CDATA[
Parameter 'environment' is required by @Configuration on method setBaseUri but has not been marked @Optional or defined
in D:\worksapceNew\TestArcAPI\src\main\resources\TestNGFiles\CrossRatingSystemTestng.xml]]>
            </message>
            <full-stacktrace>
              <![CDATA[org.testng.TestNGException: 
Parameter 'environment' is required by @Configuration on method setBaseUri but has not been marked @Optional or defined
in D:\worksapceNew\TestArcAPI\src\main\resources\TestNGFiles\CrossRatingSystemTestng.xml
	at org.testng.internal.Parameters.createParameters(Parameters.java:154)
	at org.testng.internal.Parameters.createParameters(Parameters.java:361)
	at org.testng.internal.Parameters.createConfigurationParameters(Parameters.java:84)
	at org.testng.internal.Invoker.invokeConfigurations(Invoker.java:201)
	at org.testng.internal.Invoker.invokeConfigurations(Invoker.java:142)
	at org.testng.internal.TestMethodWorker.invokeBeforeClassMethods(TestMethodWorker.java:178)
	at org.testng.internal.TestMethodWorker.run(TestMethodWorker.java:108)
	at org.testng.TestRunner.privateRun(TestRunner.java:782)
	at org.testng.TestRunner.run(TestRunner.java:632)
	at org.testng.SuiteRunner.runTest(SuiteRunner.java:366)
	at org.testng.SuiteRunner.runSequentially(SuiteRunner.java:361)
	at org.testng.SuiteRunner.privateRun(SuiteRunner.java:319)
	at org.testng.SuiteRunner.run(SuiteRunner.java:268)
	at org.testng.SuiteRunnerWorker.runSuite(SuiteRunnerWorker.java:52)
	at org.testng.SuiteRunnerWorker.run(SuiteRunnerWorker.java:86)
	at org.testng.TestNG.runSuitesSequentially(TestNG.java:1244)
	at org.testng.TestNG.runSuitesLocally(TestNG.java:1169)
	at org.testng.TestNG.run(TestNG.java:1064)
	at org.testng.remote.RemoteTestNG.run(RemoteTestNG.java:113)
	at org.testng.remote.RemoteTestNG.initAndRun(RemoteTestNG.java:206)
	at org.testng.remote.RemoteTestNG.main(RemoteTestNG.java:177)
]]>
            </full-stacktrace>
          </exception> <!-- org.testng.TestNGException -->
          <reporter-output>
          </reporter-output>
        </test-method> <!-- setBaseUri -->
        <test-method status="SKIP" signature="ExtentReportConfig()[pri:0, instance:com.arcapi.Common.LoginAPITest@4590c9c3]" name="ExtentReportConfig" is-config="true" duration-ms="0" started-at="2019-09-19T16:52:27Z" finished-at="2019-09-19T16:52:27Z">
          <reporter-output>
          </reporter-output>
        </test-method> <!-- ExtentReportConfig -->
        <test-method status="SKIP" signature="start(java.lang.reflect.Method)[pri:0, instance:com.arcapi.Common.LoginAPITest@4590c9c3]" name="start" is-config="true" duration-ms="0" started-at="2019-09-19T16:52:27Z" finished-at="2019-09-19T16:52:27Z">
          <reporter-output>
          </reporter-output>
        </test-method> <!-- start -->
        <test-method status="SKIP" signature="LoginAPI()[pri:0, instance:com.arcapi.Common.LoginAPITest@4590c9c3]" name="LoginAPI" duration-ms="1" started-at="2019-09-19T16:52:27Z" finished-at="2019-09-19T16:52:27Z">
          <reporter-output>
          </reporter-output>
        </test-method> <!-- LoginAPI -->
        <test-method status="SKIP" signature="teardown(org.testng.ITestResult)[pri:0, instance:com.arcapi.Common.LoginAPITest@4590c9c3]" name="teardown" is-config="true" duration-ms="0" started-at="2019-09-19T16:52:27Z" finished-at="2019-09-19T16:52:27Z">
          <reporter-output>
          </reporter-output>
        </test-method> <!-- teardown -->
        <test-method status="SKIP" signature="end()[pri:0, instance:com.arcapi.Common.LoginAPITest@4590c9c3]" name="end" is-config="true" duration-ms="0" started-at="2019-09-19T16:52:27Z" finished-at="2019-09-19T16:52:27Z">
          <reporter-output>
          </reporter-output>
        </test-method> <!-- end -->
      </class> <!-- com.arcapi.Common.LoginAPITest -->
      <class name="com.arcapi.Common.SignAgreementRegistrationAPITest">
        <test-method status="SKIP" signature="getSuiteName(org.testng.ITestContext)[pri:0, instance:com.arcapi.Common.SignAgreementRegistrationAPITest@5056dfcb]" name="getSuiteName" is-config="true" duration-ms="0" started-at="2019-09-19T16:52:27Z" finished-at="2019-09-19T16:52:27Z">
          <reporter-output>
          </reporter-output>
        </test-method> <!-- getSuiteName -->
        <test-method status="SKIP" signature="SignAgreementRegistrationAPI(java.lang.String, java.lang.String, int)[pri:0, instance:com.arcapi.Common.SignAgreementRegistrationAPITest@5056dfcb]" name="SignAgreementRegistrationAPI" duration-ms="0" started-at="2019-09-19T16:52:27Z" finished-at="2019-09-19T16:52:27Z">
          <exception class="org.testng.TestNGException">
            <message>
              <![CDATA[
Parameter 'SheetName' is required by @Test on method SignAgreementRegistrationAPI but has not been marked @Optional or defined
in D:\worksapceNew\TestArcAPI\src\main\resources\TestNGFiles\CrossRatingSystemTestng.xml]]>
            </message>
            <full-stacktrace>
              <![CDATA[org.testng.TestNGException: 
Parameter 'SheetName' is required by @Test on method SignAgreementRegistrationAPI but has not been marked @Optional or defined
in D:\worksapceNew\TestArcAPI\src\main\resources\TestNGFiles\CrossRatingSystemTestng.xml
	at org.testng.internal.Parameters.createParameters(Parameters.java:154)
	at org.testng.internal.Parameters.createParameters(Parameters.java:361)
	at org.testng.internal.Parameters.handleParameters(Parameters.java:451)
	at org.testng.internal.Invoker.handleParameters(Invoker.java:1274)
	at org.testng.internal.Invoker.createParameters(Invoker.java:989)
	at org.testng.internal.Invoker.invokeTestMethods(Invoker.java:1079)
	at org.testng.internal.TestMethodWorker.invokeTestMethods(TestMethodWorker.java:129)
	at org.testng.internal.TestMethodWorker.run(TestMethodWorker.java:112)
	at org.testng.TestRunner.privateRun(TestRunner.java:782)
	at org.testng.TestRunner.run(TestRunner.java:632)
	at org.testng.SuiteRunner.runTest(SuiteRunner.java:366)
	at org.testng.SuiteRunner.runSequentially(SuiteRunner.java:361)
	at org.testng.SuiteRunner.privateRun(SuiteRunner.java:319)
	at org.testng.SuiteRunner.run(SuiteRunner.java:268)
	at org.testng.SuiteRunnerWorker.runSuite(SuiteRunnerWorker.java:52)
	at org.testng.SuiteRunnerWorker.run(SuiteRunnerWorker.java:86)
	at org.testng.TestNG.runSuitesSequentially(TestNG.java:1244)
	at org.testng.TestNG.runSuitesLocally(TestNG.java:1169)
	at org.testng.TestNG.run(TestNG.java:1064)
	at org.testng.remote.RemoteTestNG.run(RemoteTestNG.java:113)
	at org.testng.remote.RemoteTestNG.initAndRun(RemoteTestNG.java:206)
	at org.testng.remote.RemoteTestNG.main(RemoteTestNG.java:177)
]]>
            </full-stacktrace>
          </exception> <!-- org.testng.TestNGException -->
          <reporter-output>
          </reporter-output>
        </test-method> <!-- SignAgreementRegistrationAPI -->
        <test-method status="SKIP" signature="setBaseUri(java.lang.String)[pri:0, instance:com.arcapi.Common.SignAgreementRegistrationAPITest@5056dfcb]" name="setBaseUri" is-config="true" duration-ms="0" started-at="2019-09-19T16:52:27Z" finished-at="2019-09-19T16:52:27Z">
          <reporter-output>
          </reporter-output>
        </test-method> <!-- setBaseUri -->
        <test-method status="SKIP" signature="end()[pri:0, instance:com.arcapi.Common.SignAgreementRegistrationAPITest@5056dfcb]" name="end" is-config="true" duration-ms="0" started-at="2019-09-19T16:52:27Z" finished-at="2019-09-19T16:52:27Z">
          <reporter-output>
          </reporter-output>
        </test-method> <!-- end -->
      </class> <!-- com.arcapi.Common.SignAgreementRegistrationAPITest -->
      <class name="com.arcapi.CrossRatingSystemtestcases.GhgGetTest">
        <test-method status="SKIP" signature="getSuiteName(org.testng.ITestContext)[pri:0, instance:com.arcapi.CrossRatingSystemtestcases.GhgGetTest@7921b0a2]" name="getSuiteName" is-config="true" duration-ms="0" started-at="2019-09-19T16:52:27Z" finished-at="2019-09-19T16:52:27Z">
          <reporter-output>
          </reporter-output>
        </test-method> <!-- getSuiteName -->
        <test-method status="SKIP" signature="setBaseUri(java.lang.String)[pri:0, instance:com.arcapi.CrossRatingSystemtestcases.GhgGetTest@7921b0a2]" name="setBaseUri" is-config="true" duration-ms="0" started-at="2019-09-19T16:52:27Z" finished-at="2019-09-19T16:52:27Z">
          <reporter-output>
          </reporter-output>
        </test-method> <!-- setBaseUri -->
        <test-method status="SKIP" signature="GhgGetTestAPI(java.lang.String, java.lang.String, int)[pri:0, instance:com.arcapi.CrossRatingSystemtestcases.GhgGetTest@7921b0a2]" name="GhgGetTestAPI" duration-ms="0" started-at="2019-09-19T16:52:27Z" finished-at="2019-09-19T16:52:27Z">
          <exception class="org.testng.TestNGException">
            <message>
              <![CDATA[
Parameter 'SheetName' is required by @Test on method GhgGetTestAPI but has not been marked @Optional or defined
in D:\worksapceNew\TestArcAPI\src\main\resources\TestNGFiles\CrossRatingSystemTestng.xml]]>
            </message>
            <full-stacktrace>
              <![CDATA[org.testng.TestNGException: 
Parameter 'SheetName' is required by @Test on method GhgGetTestAPI but has not been marked @Optional or defined
in D:\worksapceNew\TestArcAPI\src\main\resources\TestNGFiles\CrossRatingSystemTestng.xml
	at org.testng.internal.Parameters.createParameters(Parameters.java:154)
	at org.testng.internal.Parameters.createParameters(Parameters.java:361)
	at org.testng.internal.Parameters.handleParameters(Parameters.java:451)
	at org.testng.internal.Invoker.handleParameters(Invoker.java:1274)
	at org.testng.internal.Invoker.createParameters(Invoker.java:989)
	at org.testng.internal.Invoker.invokeTestMethods(Invoker.java:1079)
	at org.testng.internal.TestMethodWorker.invokeTestMethods(TestMethodWorker.java:129)
	at org.testng.internal.TestMethodWorker.run(TestMethodWorker.java:112)
	at org.testng.TestRunner.privateRun(TestRunner.java:782)
	at org.testng.TestRunner.run(TestRunner.java:632)
	at org.testng.SuiteRunner.runTest(SuiteRunner.java:366)
	at org.testng.SuiteRunner.runSequentially(SuiteRunner.java:361)
	at org.testng.SuiteRunner.privateRun(SuiteRunner.java:319)
	at org.testng.SuiteRunner.run(SuiteRunner.java:268)
	at org.testng.SuiteRunnerWorker.runSuite(SuiteRunnerWorker.java:52)
	at org.testng.SuiteRunnerWorker.run(SuiteRunnerWorker.java:86)
	at org.testng.TestNG.runSuitesSequentially(TestNG.java:1244)
	at org.testng.TestNG.runSuitesLocally(TestNG.java:1169)
	at org.testng.TestNG.run(TestNG.java:1064)
	at org.testng.remote.RemoteTestNG.run(RemoteTestNG.java:113)
	at org.testng.remote.RemoteTestNG.initAndRun(RemoteTestNG.java:206)
	at org.testng.remote.RemoteTestNG.main(RemoteTestNG.java:177)
]]>
            </full-stacktrace>
          </exception> <!-- org.testng.TestNGException -->
          <reporter-output>
          </reporter-output>
        </test-method> <!-- GhgGetTestAPI -->
        <test-method status="SKIP" signature="end()[pri:0, instance:com.arcapi.CrossRatingSystemtestcases.GhgGetTest@7921b0a2]" name="end" is-config="true" duration-ms="0" started-at="2019-09-19T16:52:27Z" finished-at="2019-09-19T16:52:27Z">
          <reporter-output>
          </reporter-output>
        </test-method> <!-- end -->
      </class> <!-- com.arcapi.CrossRatingSystemtestcases.GhgGetTest -->
      <class name="com.arcapi.CrossRatingSystemtestcases.VOCGetTest">
        <test-method status="SKIP" signature="setBaseUri(java.lang.String)[pri:0, instance:com.arcapi.CrossRatingSystemtestcases.VOCGetTest@6a024a67]" name="setBaseUri" is-config="true" duration-ms="0" started-at="2019-09-19T16:52:27Z" finished-at="2019-09-19T16:52:27Z">
          <reporter-output>
          </reporter-output>
        </test-method> <!-- setBaseUri -->
        <test-method status="SKIP" signature="getSuiteName(org.testng.ITestContext)[pri:0, instance:com.arcapi.CrossRatingSystemtestcases.VOCGetTest@6a024a67]" name="getSuiteName" is-config="true" duration-ms="0" started-at="2019-09-19T16:52:27Z" finished-at="2019-09-19T16:52:27Z">
          <reporter-output>
          </reporter-output>
        </test-method> <!-- getSuiteName -->
        <test-method status="SKIP" signature="VOCGet(java.lang.String, java.lang.String, int)[pri:0, instance:com.arcapi.CrossRatingSystemtestcases.VOCGetTest@6a024a67]" name="VOCGet" duration-ms="0" started-at="2019-09-19T16:52:27Z" finished-at="2019-09-19T16:52:27Z">
          <exception class="org.testng.TestNGException">
            <message>
              <![CDATA[
Parameter 'SheetName' is required by @Test on method VOCGet but has not been marked @Optional or defined
in D:\worksapceNew\TestArcAPI\src\main\resources\TestNGFiles\CrossRatingSystemTestng.xml]]>
            </message>
            <full-stacktrace>
              <![CDATA[org.testng.TestNGException: 
Parameter 'SheetName' is required by @Test on method VOCGet but has not been marked @Optional or defined
in D:\worksapceNew\TestArcAPI\src\main\resources\TestNGFiles\CrossRatingSystemTestng.xml
	at org.testng.internal.Parameters.createParameters(Parameters.java:154)
	at org.testng.internal.Parameters.createParameters(Parameters.java:361)
	at org.testng.internal.Parameters.handleParameters(Parameters.java:451)
	at org.testng.internal.Invoker.handleParameters(Invoker.java:1274)
	at org.testng.internal.Invoker.createParameters(Invoker.java:989)
	at org.testng.internal.Invoker.invokeTestMethods(Invoker.java:1079)
	at org.testng.internal.TestMethodWorker.invokeTestMethods(TestMethodWorker.java:129)
	at org.testng.internal.TestMethodWorker.run(TestMethodWorker.java:112)
	at org.testng.TestRunner.privateRun(TestRunner.java:782)
	at org.testng.TestRunner.run(TestRunner.java:632)
	at org.testng.SuiteRunner.runTest(SuiteRunner.java:366)
	at org.testng.SuiteRunner.runSequentially(SuiteRunner.java:361)
	at org.testng.SuiteRunner.privateRun(SuiteRunner.java:319)
	at org.testng.SuiteRunner.run(SuiteRunner.java:268)
	at org.testng.SuiteRunnerWorker.runSuite(SuiteRunnerWorker.java:52)
	at org.testng.SuiteRunnerWorker.run(SuiteRunnerWorker.java:86)
	at org.testng.TestNG.runSuitesSequentially(TestNG.java:1244)
	at org.testng.TestNG.runSuitesLocally(TestNG.java:1169)
	at org.testng.TestNG.run(TestNG.java:1064)
	at org.testng.remote.RemoteTestNG.run(RemoteTestNG.java:113)
	at org.testng.remote.RemoteTestNG.initAndRun(RemoteTestNG.java:206)
	at org.testng.remote.RemoteTestNG.main(RemoteTestNG.java:177)
]]>
            </full-stacktrace>
          </exception> <!-- org.testng.TestNGException -->
          <reporter-output>
          </reporter-output>
        </test-method> <!-- VOCGet -->
        <test-method status="SKIP" signature="end()[pri:0, instance:com.arcapi.CrossRatingSystemtestcases.VOCGetTest@6a024a67]" name="end" is-config="true" duration-ms="0" started-at="2019-09-19T16:52:27Z" finished-at="2019-09-19T16:52:27Z">
          <reporter-output>
          </reporter-output>
        </test-method> <!-- end -->
      </class> <!-- com.arcapi.CrossRatingSystemtestcases.VOCGetTest -->
      <class name="com.arcapi.CrossRatingSystemtestcases.TemperatureDataGetTest">
        <test-method status="SKIP" signature="getSuiteName(org.testng.ITestContext)[pri:0, instance:com.arcapi.CrossRatingSystemtestcases.TemperatureDataGetTest@66d2e7d9]" name="getSuiteName" is-config="true" duration-ms="0" started-at="2019-09-19T16:52:27Z" finished-at="2019-09-19T16:52:27Z">
          <reporter-output>
          </reporter-output>
        </test-method> <!-- getSuiteName -->
        <test-method status="SKIP" signature="setBaseUri(java.lang.String)[pri:0, instance:com.arcapi.CrossRatingSystemtestcases.TemperatureDataGetTest@66d2e7d9]" name="setBaseUri" is-config="true" duration-ms="0" started-at="2019-09-19T16:52:27Z" finished-at="2019-09-19T16:52:27Z">
          <reporter-output>
          </reporter-output>
        </test-method> <!-- setBaseUri -->
        <test-method status="SKIP" signature="TemperatureDataGet(java.lang.String, java.lang.String, int)[pri:0, instance:com.arcapi.CrossRatingSystemtestcases.TemperatureDataGetTest@66d2e7d9]" name="TemperatureDataGet" duration-ms="0" started-at="2019-09-19T16:52:27Z" finished-at="2019-09-19T16:52:27Z">
          <exception class="org.testng.TestNGException">
            <message>
              <![CDATA[
Parameter 'SheetName' is required by @Test on method TemperatureDataGet but has not been marked @Optional or defined
in D:\worksapceNew\TestArcAPI\src\main\resources\TestNGFiles\CrossRatingSystemTestng.xml]]>
            </message>
            <full-stacktrace>
              <![CDATA[org.testng.TestNGException: 
Parameter 'SheetName' is required by @Test on method TemperatureDataGet but has not been marked @Optional or defined
in D:\worksapceNew\TestArcAPI\src\main\resources\TestNGFiles\CrossRatingSystemTestng.xml
	at org.testng.internal.Parameters.createParameters(Parameters.java:154)
	at org.testng.internal.Parameters.createParameters(Parameters.java:361)
	at org.testng.internal.Parameters.handleParameters(Parameters.java:451)
	at org.testng.internal.Invoker.handleParameters(Invoker.java:1274)
	at org.testng.internal.Invoker.createParameters(Invoker.java:989)
	at org.testng.internal.Invoker.invokeTestMethods(Invoker.java:1079)
	at org.testng.internal.TestMethodWorker.invokeTestMethods(TestMethodWorker.java:129)
	at org.testng.internal.TestMethodWorker.run(TestMethodWorker.java:112)
	at org.testng.TestRunner.privateRun(TestRunner.java:782)
	at org.testng.TestRunner.run(TestRunner.java:632)
	at org.testng.SuiteRunner.runTest(SuiteRunner.java:366)
	at org.testng.SuiteRunner.runSequentially(SuiteRunner.java:361)
	at org.testng.SuiteRunner.privateRun(SuiteRunner.java:319)
	at org.testng.SuiteRunner.run(SuiteRunner.java:268)
	at org.testng.SuiteRunnerWorker.runSuite(SuiteRunnerWorker.java:52)
	at org.testng.SuiteRunnerWorker.run(SuiteRunnerWorker.java:86)
	at org.testng.TestNG.runSuitesSequentially(TestNG.java:1244)
	at org.testng.TestNG.runSuitesLocally(TestNG.java:1169)
	at org.testng.TestNG.run(TestNG.java:1064)
	at org.testng.remote.RemoteTestNG.run(RemoteTestNG.java:113)
	at org.testng.remote.RemoteTestNG.initAndRun(RemoteTestNG.java:206)
	at org.testng.remote.RemoteTestNG.main(RemoteTestNG.java:177)
]]>
            </full-stacktrace>
          </exception> <!-- org.testng.TestNGException -->
          <reporter-output>
          </reporter-output>
        </test-method> <!-- TemperatureDataGet -->
        <test-method status="SKIP" signature="end()[pri:0, instance:com.arcapi.CrossRatingSystemtestcases.TemperatureDataGetTest@66d2e7d9]" name="end" is-config="true" duration-ms="0" started-at="2019-09-19T16:52:27Z" finished-at="2019-09-19T16:52:27Z">
          <reporter-output>
          </reporter-output>
        </test-method> <!-- end -->
      </class> <!-- com.arcapi.CrossRatingSystemtestcases.TemperatureDataGetTest -->
      <class name="com.arcapi.Common.PaymentOrderSubmitPOSTAPITest">
        <test-method status="SKIP" signature="getSuiteName(org.testng.ITestContext)[pri:0, instance:com.arcapi.Common.PaymentOrderSubmitPOSTAPITest@2669b199]" name="getSuiteName" is-config="true" duration-ms="0" started-at="2019-09-19T16:52:27Z" finished-at="2019-09-19T16:52:27Z">
          <reporter-output>
          </reporter-output>
        </test-method> <!-- getSuiteName -->
        <test-method status="SKIP" signature="setBaseUri(java.lang.String)[pri:0, instance:com.arcapi.Common.PaymentOrderSubmitPOSTAPITest@2669b199]" name="setBaseUri" is-config="true" duration-ms="0" started-at="2019-09-19T16:52:27Z" finished-at="2019-09-19T16:52:27Z">
          <reporter-output>
          </reporter-output>
        </test-method> <!-- setBaseUri -->
        <test-method status="SKIP" signature="PaymentOrderSubmitPOSTAPI(java.lang.String, java.lang.String, int, java.lang.String)[pri:0, instance:com.arcapi.Common.PaymentOrderSubmitPOSTAPITest@2669b199]" name="PaymentOrderSubmitPOSTAPI" duration-ms="0" started-at="2019-09-19T16:52:27Z" finished-at="2019-09-19T16:52:27Z">
          <exception class="org.testng.TestNGException">
            <message>
              <![CDATA[
Parameter 'SheetName' is required by @Test on method PaymentOrderSubmitPOSTAPI but has not been marked @Optional or defined
in D:\worksapceNew\TestArcAPI\src\main\resources\TestNGFiles\CrossRatingSystemTestng.xml]]>
            </message>
            <full-stacktrace>
              <![CDATA[org.testng.TestNGException: 
Parameter 'SheetName' is required by @Test on method PaymentOrderSubmitPOSTAPI but has not been marked @Optional or defined
in D:\worksapceNew\TestArcAPI\src\main\resources\TestNGFiles\CrossRatingSystemTestng.xml
	at org.testng.internal.Parameters.createParameters(Parameters.java:154)
	at org.testng.internal.Parameters.createParameters(Parameters.java:361)
	at org.testng.internal.Parameters.handleParameters(Parameters.java:451)
	at org.testng.internal.Invoker.handleParameters(Invoker.java:1274)
	at org.testng.internal.Invoker.createParameters(Invoker.java:989)
	at org.testng.internal.Invoker.invokeTestMethods(Invoker.java:1079)
	at org.testng.internal.TestMethodWorker.invokeTestMethods(TestMethodWorker.java:129)
	at org.testng.internal.TestMethodWorker.run(TestMethodWorker.java:112)
	at org.testng.TestRunner.privateRun(TestRunner.java:782)
	at org.testng.TestRunner.run(TestRunner.java:632)
	at org.testng.SuiteRunner.runTest(SuiteRunner.java:366)
	at org.testng.SuiteRunner.runSequentially(SuiteRunner.java:361)
	at org.testng.SuiteRunner.privateRun(SuiteRunner.java:319)
	at org.testng.SuiteRunner.run(SuiteRunner.java:268)
	at org.testng.SuiteRunnerWorker.runSuite(SuiteRunnerWorker.java:52)
	at org.testng.SuiteRunnerWorker.run(SuiteRunnerWorker.java:86)
	at org.testng.TestNG.runSuitesSequentially(TestNG.java:1244)
	at org.testng.TestNG.runSuitesLocally(TestNG.java:1169)
	at org.testng.TestNG.run(TestNG.java:1064)
	at org.testng.remote.RemoteTestNG.run(RemoteTestNG.java:113)
	at org.testng.remote.RemoteTestNG.initAndRun(RemoteTestNG.java:206)
	at org.testng.remote.RemoteTestNG.main(RemoteTestNG.java:177)
]]>
            </full-stacktrace>
          </exception> <!-- org.testng.TestNGException -->
          <reporter-output>
          </reporter-output>
        </test-method> <!-- PaymentOrderSubmitPOSTAPI -->
        <test-method status="SKIP" signature="end()[pri:0, instance:com.arcapi.Common.PaymentOrderSubmitPOSTAPITest@2669b199]" name="end" is-config="true" duration-ms="0" started-at="2019-09-19T16:52:27Z" finished-at="2019-09-19T16:52:27Z">
          <reporter-output>
          </reporter-output>
        </test-method> <!-- end -->
      </class> <!-- com.arcapi.Common.PaymentOrderSubmitPOSTAPITest -->
      <class name="com.arcapi.Common.RegistrationPaymentPricingGetAPITest">
        <test-method status="SKIP" signature="getSuiteName(org.testng.ITestContext)[pri:0, instance:com.arcapi.Common.RegistrationPaymentPricingGetAPITest@6574b225]" name="getSuiteName" is-config="true" duration-ms="0" started-at="2019-09-19T16:52:27Z" finished-at="2019-09-19T16:52:27Z">
          <reporter-output>
          </reporter-output>
        </test-method> <!-- getSuiteName -->
        <test-method status="SKIP" signature="RegistrationPaymentPricingGetAPI(java.lang.String, java.lang.String, int)[pri:0, instance:com.arcapi.Common.RegistrationPaymentPricingGetAPITest@6574b225]" name="RegistrationPaymentPricingGetAPI" duration-ms="0" started-at="2019-09-19T16:52:27Z" finished-at="2019-09-19T16:52:27Z">
          <exception class="org.testng.TestNGException">
            <message>
              <![CDATA[
Parameter 'SheetName' is required by @Test on method RegistrationPaymentPricingGetAPI but has not been marked @Optional or defined
in D:\worksapceNew\TestArcAPI\src\main\resources\TestNGFiles\CrossRatingSystemTestng.xml]]>
            </message>
            <full-stacktrace>
              <![CDATA[org.testng.TestNGException: 
Parameter 'SheetName' is required by @Test on method RegistrationPaymentPricingGetAPI but has not been marked @Optional or defined
in D:\worksapceNew\TestArcAPI\src\main\resources\TestNGFiles\CrossRatingSystemTestng.xml
	at org.testng.internal.Parameters.createParameters(Parameters.java:154)
	at org.testng.internal.Parameters.createParameters(Parameters.java:361)
	at org.testng.internal.Parameters.handleParameters(Parameters.java:451)
	at org.testng.internal.Invoker.handleParameters(Invoker.java:1274)
	at org.testng.internal.Invoker.createParameters(Invoker.java:989)
	at org.testng.internal.Invoker.invokeTestMethods(Invoker.java:1079)
	at org.testng.internal.TestMethodWorker.invokeTestMethods(TestMethodWorker.java:129)
	at org.testng.internal.TestMethodWorker.run(TestMethodWorker.java:112)
	at org.testng.TestRunner.privateRun(TestRunner.java:782)
	at org.testng.TestRunner.run(TestRunner.java:632)
	at org.testng.SuiteRunner.runTest(SuiteRunner.java:366)
	at org.testng.SuiteRunner.runSequentially(SuiteRunner.java:361)
	at org.testng.SuiteRunner.privateRun(SuiteRunner.java:319)
	at org.testng.SuiteRunner.run(SuiteRunner.java:268)
	at org.testng.SuiteRunnerWorker.runSuite(SuiteRunnerWorker.java:52)
	at org.testng.SuiteRunnerWorker.run(SuiteRunnerWorker.java:86)
	at org.testng.TestNG.runSuitesSequentially(TestNG.java:1244)
	at org.testng.TestNG.runSuitesLocally(TestNG.java:1169)
	at org.testng.TestNG.run(TestNG.java:1064)
	at org.testng.remote.RemoteTestNG.run(RemoteTestNG.java:113)
	at org.testng.remote.RemoteTestNG.initAndRun(RemoteTestNG.java:206)
	at org.testng.remote.RemoteTestNG.main(RemoteTestNG.java:177)
]]>
            </full-stacktrace>
          </exception> <!-- org.testng.TestNGException -->
          <reporter-output>
          </reporter-output>
        </test-method> <!-- RegistrationPaymentPricingGetAPI -->
        <test-method status="SKIP" signature="setBaseUri(java.lang.String)[pri:0, instance:com.arcapi.Common.RegistrationPaymentPricingGetAPITest@6574b225]" name="setBaseUri" is-config="true" duration-ms="0" started-at="2019-09-19T16:52:27Z" finished-at="2019-09-19T16:52:27Z">
          <reporter-output>
          </reporter-output>
        </test-method> <!-- setBaseUri -->
        <test-method status="SKIP" signature="end()[pri:0, instance:com.arcapi.Common.RegistrationPaymentPricingGetAPITest@6574b225]" name="end" is-config="true" duration-ms="0" started-at="2019-09-19T16:52:27Z" finished-at="2019-09-19T16:52:27Z">
          <reporter-output>
          </reporter-output>
        </test-method> <!-- end -->
      </class> <!-- com.arcapi.Common.RegistrationPaymentPricingGetAPITest -->
    </test> <!-- CrossRatingSystem-City -->
    <test name="CrossRatingSystem-Transit" duration-ms="39" started-at="2019-09-19T11:22:27Z" finished-at="2019-09-19T11:22:27Z">
      <class name="com.arcapi.Common.LoginAPITest">
        <test-method status="PASS" signature="getSuiteName(org.testng.ITestContext)[pri:0, instance:com.arcapi.Common.LoginAPITest@548b7f67]" name="getSuiteName" is-config="true" duration-ms="1" started-at="2019-09-19T16:52:27Z" finished-at="2019-09-19T16:52:27Z">
          <params>
            <param index="0">
              <value>
                <![CDATA[org.testng.TestRunner@4135c3b]]>
              </value>
            </param>
          </params>
          <reporter-output>
          </reporter-output>
        </test-method> <!-- getSuiteName -->
        <test-method status="SKIP" signature="LoginAPI()[pri:0, instance:com.arcapi.Common.LoginAPITest@548b7f67]" name="LoginAPI" duration-ms="0" started-at="2019-09-19T16:52:27Z" finished-at="2019-09-19T16:52:27Z">
          <reporter-output>
          </reporter-output>
        </test-method> <!-- LoginAPI -->
        <test-method status="SKIP" signature="ExtentReportConfig()[pri:0, instance:com.arcapi.Common.LoginAPITest@548b7f67]" name="ExtentReportConfig" is-config="true" duration-ms="0" started-at="2019-09-19T16:52:27Z" finished-at="2019-09-19T16:52:27Z">
          <reporter-output>
          </reporter-output>
        </test-method> <!-- ExtentReportConfig -->
        <test-method status="SKIP" signature="start(java.lang.reflect.Method)[pri:0, instance:com.arcapi.Common.LoginAPITest@548b7f67]" name="start" is-config="true" duration-ms="0" started-at="2019-09-19T16:52:27Z" finished-at="2019-09-19T16:52:27Z">
          <reporter-output>
          </reporter-output>
        </test-method> <!-- start -->
        <test-method status="FAIL" signature="setBaseUri(java.lang.String)[pri:0, instance:com.arcapi.Common.LoginAPITest@548b7f67]" name="setBaseUri" is-config="true" duration-ms="0" started-at="2019-09-19T16:52:27Z" finished-at="2019-09-19T16:52:27Z">
          <exception class="org.testng.TestNGException">
            <message>
              <![CDATA[
Parameter 'environment' is required by @Configuration on method setBaseUri but has not been marked @Optional or defined
in D:\worksapceNew\TestArcAPI\src\main\resources\TestNGFiles\CrossRatingSystemTestng.xml]]>
            </message>
            <full-stacktrace>
              <![CDATA[org.testng.TestNGException: 
Parameter 'environment' is required by @Configuration on method setBaseUri but has not been marked @Optional or defined
in D:\worksapceNew\TestArcAPI\src\main\resources\TestNGFiles\CrossRatingSystemTestng.xml
	at org.testng.internal.Parameters.createParameters(Parameters.java:154)
	at org.testng.internal.Parameters.createParameters(Parameters.java:361)
	at org.testng.internal.Parameters.createConfigurationParameters(Parameters.java:84)
	at org.testng.internal.Invoker.invokeConfigurations(Invoker.java:201)
	at org.testng.internal.Invoker.invokeConfigurations(Invoker.java:142)
	at org.testng.internal.TestMethodWorker.invokeBeforeClassMethods(TestMethodWorker.java:178)
	at org.testng.internal.TestMethodWorker.run(TestMethodWorker.java:108)
	at org.testng.TestRunner.privateRun(TestRunner.java:782)
	at org.testng.TestRunner.run(TestRunner.java:632)
	at org.testng.SuiteRunner.runTest(SuiteRunner.java:366)
	at org.testng.SuiteRunner.runSequentially(SuiteRunner.java:361)
	at org.testng.SuiteRunner.privateRun(SuiteRunner.java:319)
	at org.testng.SuiteRunner.run(SuiteRunner.java:268)
	at org.testng.SuiteRunnerWorker.runSuite(SuiteRunnerWorker.java:52)
	at org.testng.SuiteRunnerWorker.run(SuiteRunnerWorker.java:86)
	at org.testng.TestNG.runSuitesSequentially(TestNG.java:1244)
	at org.testng.TestNG.runSuitesLocally(TestNG.java:1169)
	at org.testng.TestNG.run(TestNG.java:1064)
	at org.testng.remote.RemoteTestNG.run(RemoteTestNG.java:113)
	at org.testng.remote.RemoteTestNG.initAndRun(RemoteTestNG.java:206)
	at org.testng.remote.RemoteTestNG.main(RemoteTestNG.java:177)
]]>
            </full-stacktrace>
          </exception> <!-- org.testng.TestNGException -->
          <reporter-output>
          </reporter-output>
        </test-method> <!-- setBaseUri -->
        <test-method status="SKIP" signature="teardown(org.testng.ITestResult)[pri:0, instance:com.arcapi.Common.LoginAPITest@548b7f67]" name="teardown" is-config="true" duration-ms="0" started-at="2019-09-19T16:52:27Z" finished-at="2019-09-19T16:52:27Z">
          <reporter-output>
          </reporter-output>
        </test-method> <!-- teardown -->
        <test-method status="SKIP" signature="end()[pri:0, instance:com.arcapi.Common.LoginAPITest@548b7f67]" name="end" is-config="true" duration-ms="0" started-at="2019-09-19T16:52:27Z" finished-at="2019-09-19T16:52:27Z">
          <reporter-output>
          </reporter-output>
        </test-method> <!-- end -->
      </class> <!-- com.arcapi.Common.LoginAPITest -->
      <class name="com.arcapi.Common.SignAgreementRegistrationAPITest">
        <test-method status="SKIP" signature="getSuiteName(org.testng.ITestContext)[pri:0, instance:com.arcapi.Common.SignAgreementRegistrationAPITest@5f375618]" name="getSuiteName" is-config="true" duration-ms="0" started-at="2019-09-19T16:52:27Z" finished-at="2019-09-19T16:52:27Z">
          <reporter-output>
          </reporter-output>
        </test-method> <!-- getSuiteName -->
        <test-method status="SKIP" signature="setBaseUri(java.lang.String)[pri:0, instance:com.arcapi.Common.SignAgreementRegistrationAPITest@5f375618]" name="setBaseUri" is-config="true" duration-ms="0" started-at="2019-09-19T16:52:27Z" finished-at="2019-09-19T16:52:27Z">
          <reporter-output>
          </reporter-output>
        </test-method> <!-- setBaseUri -->
        <test-method status="SKIP" signature="SignAgreementRegistrationAPI(java.lang.String, java.lang.String, int)[pri:0, instance:com.arcapi.Common.SignAgreementRegistrationAPITest@5f375618]" name="SignAgreementRegistrationAPI" duration-ms="0" started-at="2019-09-19T16:52:27Z" finished-at="2019-09-19T16:52:27Z">
          <exception class="org.testng.TestNGException">
            <message>
              <![CDATA[
Parameter 'SheetName' is required by @Test on method SignAgreementRegistrationAPI but has not been marked @Optional or defined
in D:\worksapceNew\TestArcAPI\src\main\resources\TestNGFiles\CrossRatingSystemTestng.xml]]>
            </message>
            <full-stacktrace>
              <![CDATA[org.testng.TestNGException: 
Parameter 'SheetName' is required by @Test on method SignAgreementRegistrationAPI but has not been marked @Optional or defined
in D:\worksapceNew\TestArcAPI\src\main\resources\TestNGFiles\CrossRatingSystemTestng.xml
	at org.testng.internal.Parameters.createParameters(Parameters.java:154)
	at org.testng.internal.Parameters.createParameters(Parameters.java:361)
	at org.testng.internal.Parameters.handleParameters(Parameters.java:451)
	at org.testng.internal.Invoker.handleParameters(Invoker.java:1274)
	at org.testng.internal.Invoker.createParameters(Invoker.java:989)
	at org.testng.internal.Invoker.invokeTestMethods(Invoker.java:1079)
	at org.testng.internal.TestMethodWorker.invokeTestMethods(TestMethodWorker.java:129)
	at org.testng.internal.TestMethodWorker.run(TestMethodWorker.java:112)
	at org.testng.TestRunner.privateRun(TestRunner.java:782)
	at org.testng.TestRunner.run(TestRunner.java:632)
	at org.testng.SuiteRunner.runTest(SuiteRunner.java:366)
	at org.testng.SuiteRunner.runSequentially(SuiteRunner.java:361)
	at org.testng.SuiteRunner.privateRun(SuiteRunner.java:319)
	at org.testng.SuiteRunner.run(SuiteRunner.java:268)
	at org.testng.SuiteRunnerWorker.runSuite(SuiteRunnerWorker.java:52)
	at org.testng.SuiteRunnerWorker.run(SuiteRunnerWorker.java:86)
	at org.testng.TestNG.runSuitesSequentially(TestNG.java:1244)
	at org.testng.TestNG.runSuitesLocally(TestNG.java:1169)
	at org.testng.TestNG.run(TestNG.java:1064)
	at org.testng.remote.RemoteTestNG.run(RemoteTestNG.java:113)
	at org.testng.remote.RemoteTestNG.initAndRun(RemoteTestNG.java:206)
	at org.testng.remote.RemoteTestNG.main(RemoteTestNG.java:177)
]]>
            </full-stacktrace>
          </exception> <!-- org.testng.TestNGException -->
          <reporter-output>
          </reporter-output>
        </test-method> <!-- SignAgreementRegistrationAPI -->
        <test-method status="SKIP" signature="end()[pri:0, instance:com.arcapi.Common.SignAgreementRegistrationAPITest@5f375618]" name="end" is-config="true" duration-ms="0" started-at="2019-09-19T16:52:27Z" finished-at="2019-09-19T16:52:27Z">
          <reporter-output>
          </reporter-output>
        </test-method> <!-- end -->
      </class> <!-- com.arcapi.Common.SignAgreementRegistrationAPITest -->
      <class name="com.arcapi.Common.UserAccessLevelSAPGetTest">
        <test-method status="SKIP" signature="getSuiteName(org.testng.ITestContext)[pri:0, instance:com.arcapi.Common.UserAccessLevelSAPGetTest@6d78f375]" name="getSuiteName" is-config="true" duration-ms="0" started-at="2019-09-19T16:52:27Z" finished-at="2019-09-19T16:52:27Z">
          <reporter-output>
          </reporter-output>
        </test-method> <!-- getSuiteName -->
        <test-method status="SKIP" signature="setBaseUri(java.lang.String)[pri:0, instance:com.arcapi.Common.UserAccessLevelSAPGetTest@6d78f375]" name="setBaseUri" is-config="true" duration-ms="0" started-at="2019-09-19T16:52:27Z" finished-at="2019-09-19T16:52:27Z">
          <reporter-output>
          </reporter-output>
        </test-method> <!-- setBaseUri -->
        <test-method status="SKIP" signature="teardown(org.testng.ITestResult)[pri:0, instance:com.arcapi.Common.UserAccessLevelSAPGetTest@6d78f375]" name="teardown" is-config="true" duration-ms="0" started-at="2019-09-19T16:52:27Z" finished-at="2019-09-19T16:52:27Z">
          <reporter-output>
          </reporter-output>
        </test-method> <!-- teardown -->
        <test-method status="SKIP" signature="start(java.lang.reflect.Method)[pri:0, instance:com.arcapi.Common.UserAccessLevelSAPGetTest@6d78f375]" name="start" is-config="true" duration-ms="0" started-at="2019-09-19T16:52:27Z" finished-at="2019-09-19T16:52:27Z">
          <reporter-output>
          </reporter-output>
        </test-method> <!-- start -->
        <test-method status="SKIP" signature="UserAccessLevelSAPGet()[pri:0, instance:com.arcapi.Common.UserAccessLevelSAPGetTest@6d78f375]" name="UserAccessLevelSAPGet" duration-ms="0" started-at="2019-09-19T16:52:27Z" finished-at="2019-09-19T16:52:27Z">
          <reporter-output>
          </reporter-output>
        </test-method> <!-- UserAccessLevelSAPGet -->
        <test-method status="SKIP" signature="end()[pri:0, instance:com.arcapi.Common.UserAccessLevelSAPGetTest@6d78f375]" name="end" is-config="true" duration-ms="0" started-at="2019-09-19T16:52:27Z" finished-at="2019-09-19T16:52:27Z">
          <reporter-output>
          </reporter-output>
        </test-method> <!-- end -->
        <test-method status="SKIP" signature="ExtentReportConfig()[pri:0, instance:com.arcapi.Common.UserAccessLevelSAPGetTest@6d78f375]" name="ExtentReportConfig" is-config="true" duration-ms="0" started-at="2019-09-19T16:52:27Z" finished-at="2019-09-19T16:52:27Z">
          <reporter-output>
          </reporter-output>
        </test-method> <!-- ExtentReportConfig -->
      </class> <!-- com.arcapi.Common.UserAccessLevelSAPGetTest -->
      <class name="com.arcapi.Common.UserDetailAPITest">
        <test-method status="SKIP" signature="getSuiteName(org.testng.ITestContext)[pri:0, instance:com.arcapi.Common.UserDetailAPITest@7ac7a4e4]" name="getSuiteName" is-config="true" duration-ms="0" started-at="2019-09-19T16:52:27Z" finished-at="2019-09-19T16:52:27Z">
          <reporter-output>
          </reporter-output>
        </test-method> <!-- getSuiteName -->
        <test-method status="SKIP" signature="setBaseUri(java.lang.String)[pri:0, instance:com.arcapi.Common.UserDetailAPITest@7ac7a4e4]" name="setBaseUri" is-config="true" duration-ms="0" started-at="2019-09-19T16:52:27Z" finished-at="2019-09-19T16:52:27Z">
          <reporter-output>
          </reporter-output>
        </test-method> <!-- setBaseUri -->
        <test-method status="SKIP" signature="end()[pri:0, instance:com.arcapi.Common.UserDetailAPITest@7ac7a4e4]" name="end" is-config="true" duration-ms="0" started-at="2019-09-19T16:52:27Z" finished-at="2019-09-19T16:52:27Z">
          <reporter-output>
          </reporter-output>
        </test-method> <!-- end -->
        <test-method status="SKIP" signature="UserDetailAPI(java.lang.String, int)[pri:0, instance:com.arcapi.Common.UserDetailAPITest@7ac7a4e4]" name="UserDetailAPI" duration-ms="0" started-at="2019-09-19T16:52:27Z" finished-at="2019-09-19T16:52:27Z">
          <exception class="org.testng.TestNGException">
            <message>
              <![CDATA[
Parameter 'SheetName' is required by @Test on method UserDetailAPI but has not been marked @Optional or defined
in D:\worksapceNew\TestArcAPI\src\main\resources\TestNGFiles\CrossRatingSystemTestng.xml]]>
            </message>
            <full-stacktrace>
              <![CDATA[org.testng.TestNGException: 
Parameter 'SheetName' is required by @Test on method UserDetailAPI but has not been marked @Optional or defined
in D:\worksapceNew\TestArcAPI\src\main\resources\TestNGFiles\CrossRatingSystemTestng.xml
	at org.testng.internal.Parameters.createParameters(Parameters.java:154)
	at org.testng.internal.Parameters.createParameters(Parameters.java:361)
	at org.testng.internal.Parameters.handleParameters(Parameters.java:451)
	at org.testng.internal.Invoker.handleParameters(Invoker.java:1274)
	at org.testng.internal.Invoker.createParameters(Invoker.java:989)
	at org.testng.internal.Invoker.invokeTestMethods(Invoker.java:1079)
	at org.testng.internal.TestMethodWorker.invokeTestMethods(TestMethodWorker.java:129)
	at org.testng.internal.TestMethodWorker.run(TestMethodWorker.java:112)
	at org.testng.TestRunner.privateRun(TestRunner.java:782)
	at org.testng.TestRunner.run(TestRunner.java:632)
	at org.testng.SuiteRunner.runTest(SuiteRunner.java:366)
	at org.testng.SuiteRunner.runSequentially(SuiteRunner.java:361)
	at org.testng.SuiteRunner.privateRun(SuiteRunner.java:319)
	at org.testng.SuiteRunner.run(SuiteRunner.java:268)
	at org.testng.SuiteRunnerWorker.runSuite(SuiteRunnerWorker.java:52)
	at org.testng.SuiteRunnerWorker.run(SuiteRunnerWorker.java:86)
	at org.testng.TestNG.runSuitesSequentially(TestNG.java:1244)
	at org.testng.TestNG.runSuitesLocally(TestNG.java:1169)
	at org.testng.TestNG.run(TestNG.java:1064)
	at org.testng.remote.RemoteTestNG.run(RemoteTestNG.java:113)
	at org.testng.remote.RemoteTestNG.initAndRun(RemoteTestNG.java:206)
	at org.testng.remote.RemoteTestNG.main(RemoteTestNG.java:177)
]]>
            </full-stacktrace>
          </exception> <!-- org.testng.TestNGException -->
          <reporter-output>
          </reporter-output>
        </test-method> <!-- UserDetailAPI -->
      </class> <!-- com.arcapi.Common.UserDetailAPITest -->
      <class name="com.arcapi.Common.AddAssestTimelinePOSTAPITest">
        <test-method status="SKIP" signature="getSuiteName(org.testng.ITestContext)[pri:0, instance:com.arcapi.Common.AddAssestTimelinePOSTAPITest@215be6bb]" name="getSuiteName" is-config="true" duration-ms="0" started-at="2019-09-19T16:52:27Z" finished-at="2019-09-19T16:52:27Z">
          <reporter-output>
          </reporter-output>
        </test-method> <!-- getSuiteName -->
        <test-method status="SKIP" signature="end()[pri:0, instance:com.arcapi.Common.AddAssestTimelinePOSTAPITest@215be6bb]" name="end" is-config="true" duration-ms="0" started-at="2019-09-19T16:52:27Z" finished-at="2019-09-19T16:52:27Z">
          <reporter-output>
          </reporter-output>
        </test-method> <!-- end -->
        <test-method status="SKIP" signature="AddAssestTimeline(java.lang.String, java.lang.String, int)[pri:0, instance:com.arcapi.Common.AddAssestTimelinePOSTAPITest@215be6bb]" name="AddAssestTimeline" duration-ms="0" started-at="2019-09-19T16:52:27Z" finished-at="2019-09-19T16:52:27Z">
          <exception class="org.testng.TestNGException">
            <message>
              <![CDATA[
Parameter 'SheetName' is required by @Test on method AddAssestTimeline but has not been marked @Optional or defined
in D:\worksapceNew\TestArcAPI\src\main\resources\TestNGFiles\CrossRatingSystemTestng.xml]]>
            </message>
            <full-stacktrace>
              <![CDATA[org.testng.TestNGException: 
Parameter 'SheetName' is required by @Test on method AddAssestTimeline but has not been marked @Optional or defined
in D:\worksapceNew\TestArcAPI\src\main\resources\TestNGFiles\CrossRatingSystemTestng.xml
	at org.testng.internal.Parameters.createParameters(Parameters.java:154)
	at org.testng.internal.Parameters.createParameters(Parameters.java:361)
	at org.testng.internal.Parameters.handleParameters(Parameters.java:451)
	at org.testng.internal.Invoker.handleParameters(Invoker.java:1274)
	at org.testng.internal.Invoker.createParameters(Invoker.java:989)
	at org.testng.internal.Invoker.invokeTestMethods(Invoker.java:1079)
	at org.testng.internal.TestMethodWorker.invokeTestMethods(TestMethodWorker.java:129)
	at org.testng.internal.TestMethodWorker.run(TestMethodWorker.java:112)
	at org.testng.TestRunner.privateRun(TestRunner.java:782)
	at org.testng.TestRunner.run(TestRunner.java:632)
	at org.testng.SuiteRunner.runTest(SuiteRunner.java:366)
	at org.testng.SuiteRunner.runSequentially(SuiteRunner.java:361)
	at org.testng.SuiteRunner.privateRun(SuiteRunner.java:319)
	at org.testng.SuiteRunner.run(SuiteRunner.java:268)
	at org.testng.SuiteRunnerWorker.runSuite(SuiteRunnerWorker.java:52)
	at org.testng.SuiteRunnerWorker.run(SuiteRunnerWorker.java:86)
	at org.testng.TestNG.runSuitesSequentially(TestNG.java:1244)
	at org.testng.TestNG.runSuitesLocally(TestNG.java:1169)
	at org.testng.TestNG.run(TestNG.java:1064)
	at org.testng.remote.RemoteTestNG.run(RemoteTestNG.java:113)
	at org.testng.remote.RemoteTestNG.initAndRun(RemoteTestNG.java:206)
	at org.testng.remote.RemoteTestNG.main(RemoteTestNG.java:177)
]]>
            </full-stacktrace>
          </exception> <!-- org.testng.TestNGException -->
          <reporter-output>
          </reporter-output>
        </test-method> <!-- AddAssestTimeline -->
        <test-method status="SKIP" signature="setBaseUri(java.lang.String)[pri:0, instance:com.arcapi.Common.AddAssestTimelinePOSTAPITest@215be6bb]" name="setBaseUri" is-config="true" duration-ms="0" started-at="2019-09-19T16:52:27Z" finished-at="2019-09-19T16:52:27Z">
          <reporter-output>
          </reporter-output>
        </test-method> <!-- setBaseUri -->
      </class> <!-- com.arcapi.Common.AddAssestTimelinePOSTAPITest -->
      <class name="com.arcapi.Common.RegistrationPaymentPricingGetAPITest">
        <test-method status="SKIP" signature="getSuiteName(org.testng.ITestContext)[pri:0, instance:com.arcapi.Common.RegistrationPaymentPricingGetAPITest@1810399e]" name="getSuiteName" is-config="true" duration-ms="0" started-at="2019-09-19T16:52:27Z" finished-at="2019-09-19T16:52:27Z">
          <reporter-output>
          </reporter-output>
        </test-method> <!-- getSuiteName -->
        <test-method status="SKIP" signature="setBaseUri(java.lang.String)[pri:0, instance:com.arcapi.Common.RegistrationPaymentPricingGetAPITest@1810399e]" name="setBaseUri" is-config="true" duration-ms="0" started-at="2019-09-19T16:52:27Z" finished-at="2019-09-19T16:52:27Z">
          <reporter-output>
          </reporter-output>
        </test-method> <!-- setBaseUri -->
        <test-method status="SKIP" signature="RegistrationPaymentPricingGetAPI(java.lang.String, java.lang.String, int)[pri:0, instance:com.arcapi.Common.RegistrationPaymentPricingGetAPITest@1810399e]" name="RegistrationPaymentPricingGetAPI" duration-ms="0" started-at="2019-09-19T16:52:27Z" finished-at="2019-09-19T16:52:27Z">
          <exception class="org.testng.TestNGException">
            <message>
              <![CDATA[
Parameter 'SheetName' is required by @Test on method RegistrationPaymentPricingGetAPI but has not been marked @Optional or defined
in D:\worksapceNew\TestArcAPI\src\main\resources\TestNGFiles\CrossRatingSystemTestng.xml]]>
            </message>
            <full-stacktrace>
              <![CDATA[org.testng.TestNGException: 
Parameter 'SheetName' is required by @Test on method RegistrationPaymentPricingGetAPI but has not been marked @Optional or defined
in D:\worksapceNew\TestArcAPI\src\main\resources\TestNGFiles\CrossRatingSystemTestng.xml
	at org.testng.internal.Parameters.createParameters(Parameters.java:154)
	at org.testng.internal.Parameters.createParameters(Parameters.java:361)
	at org.testng.internal.Parameters.handleParameters(Parameters.java:451)
	at org.testng.internal.Invoker.handleParameters(Invoker.java:1274)
	at org.testng.internal.Invoker.createParameters(Invoker.java:989)
	at org.testng.internal.Invoker.invokeTestMethods(Invoker.java:1079)
	at org.testng.internal.TestMethodWorker.invokeTestMethods(TestMethodWorker.java:129)
	at org.testng.internal.TestMethodWorker.run(TestMethodWorker.java:112)
	at org.testng.TestRunner.privateRun(TestRunner.java:782)
	at org.testng.TestRunner.run(TestRunner.java:632)
	at org.testng.SuiteRunner.runTest(SuiteRunner.java:366)
	at org.testng.SuiteRunner.runSequentially(SuiteRunner.java:361)
	at org.testng.SuiteRunner.privateRun(SuiteRunner.java:319)
	at org.testng.SuiteRunner.run(SuiteRunner.java:268)
	at org.testng.SuiteRunnerWorker.runSuite(SuiteRunnerWorker.java:52)
	at org.testng.SuiteRunnerWorker.run(SuiteRunnerWorker.java:86)
	at org.testng.TestNG.runSuitesSequentially(TestNG.java:1244)
	at org.testng.TestNG.runSuitesLocally(TestNG.java:1169)
	at org.testng.TestNG.run(TestNG.java:1064)
	at org.testng.remote.RemoteTestNG.run(RemoteTestNG.java:113)
	at org.testng.remote.RemoteTestNG.initAndRun(RemoteTestNG.java:206)
	at org.testng.remote.RemoteTestNG.main(RemoteTestNG.java:177)
]]>
            </full-stacktrace>
          </exception> <!-- org.testng.TestNGException -->
          <reporter-output>
          </reporter-output>
        </test-method> <!-- RegistrationPaymentPricingGetAPI -->
        <test-method status="SKIP" signature="end()[pri:0, instance:com.arcapi.Common.RegistrationPaymentPricingGetAPITest@1810399e]" name="end" is-config="true" duration-ms="0" started-at="2019-09-19T16:52:27Z" finished-at="2019-09-19T16:52:27Z">
          <reporter-output>
          </reporter-output>
        </test-method> <!-- end -->
      </class> <!-- com.arcapi.Common.RegistrationPaymentPricingGetAPITest -->
      <class name="com.arcapi.Common.PaymentOrderSubmitPOSTAPITest">
        <test-method status="SKIP" signature="getSuiteName(org.testng.ITestContext)[pri:0, instance:com.arcapi.Common.PaymentOrderSubmitPOSTAPITest@32d992b2]" name="getSuiteName" is-config="true" duration-ms="0" started-at="2019-09-19T16:52:27Z" finished-at="2019-09-19T16:52:27Z">
          <reporter-output>
          </reporter-output>
        </test-method> <!-- getSuiteName -->
        <test-method status="SKIP" signature="PaymentOrderSubmitPOSTAPI(java.lang.String, java.lang.String, int, java.lang.String)[pri:0, instance:com.arcapi.Common.PaymentOrderSubmitPOSTAPITest@32d992b2]" name="PaymentOrderSubmitPOSTAPI" duration-ms="0" started-at="2019-09-19T16:52:27Z" finished-at="2019-09-19T16:52:27Z">
          <exception class="org.testng.TestNGException">
            <message>
              <![CDATA[
Parameter 'SheetName' is required by @Test on method PaymentOrderSubmitPOSTAPI but has not been marked @Optional or defined
in D:\worksapceNew\TestArcAPI\src\main\resources\TestNGFiles\CrossRatingSystemTestng.xml]]>
            </message>
            <full-stacktrace>
              <![CDATA[org.testng.TestNGException: 
Parameter 'SheetName' is required by @Test on method PaymentOrderSubmitPOSTAPI but has not been marked @Optional or defined
in D:\worksapceNew\TestArcAPI\src\main\resources\TestNGFiles\CrossRatingSystemTestng.xml
	at org.testng.internal.Parameters.createParameters(Parameters.java:154)
	at org.testng.internal.Parameters.createParameters(Parameters.java:361)
	at org.testng.internal.Parameters.handleParameters(Parameters.java:451)
	at org.testng.internal.Invoker.handleParameters(Invoker.java:1274)
	at org.testng.internal.Invoker.createParameters(Invoker.java:989)
	at org.testng.internal.Invoker.invokeTestMethods(Invoker.java:1079)
	at org.testng.internal.TestMethodWorker.invokeTestMethods(TestMethodWorker.java:129)
	at org.testng.internal.TestMethodWorker.run(TestMethodWorker.java:112)
	at org.testng.TestRunner.privateRun(TestRunner.java:782)
	at org.testng.TestRunner.run(TestRunner.java:632)
	at org.testng.SuiteRunner.runTest(SuiteRunner.java:366)
	at org.testng.SuiteRunner.runSequentially(SuiteRunner.java:361)
	at org.testng.SuiteRunner.privateRun(SuiteRunner.java:319)
	at org.testng.SuiteRunner.run(SuiteRunner.java:268)
	at org.testng.SuiteRunnerWorker.runSuite(SuiteRunnerWorker.java:52)
	at org.testng.SuiteRunnerWorker.run(SuiteRunnerWorker.java:86)
	at org.testng.TestNG.runSuitesSequentially(TestNG.java:1244)
	at org.testng.TestNG.runSuitesLocally(TestNG.java:1169)
	at org.testng.TestNG.run(TestNG.java:1064)
	at org.testng.remote.RemoteTestNG.run(RemoteTestNG.java:113)
	at org.testng.remote.RemoteTestNG.initAndRun(RemoteTestNG.java:206)
	at org.testng.remote.RemoteTestNG.main(RemoteTestNG.java:177)
]]>
            </full-stacktrace>
          </exception> <!-- org.testng.TestNGException -->
          <reporter-output>
          </reporter-output>
        </test-method> <!-- PaymentOrderSubmitPOSTAPI -->
        <test-method status="SKIP" signature="setBaseUri(java.lang.String)[pri:0, instance:com.arcapi.Common.PaymentOrderSubmitPOSTAPITest@32d992b2]" name="setBaseUri" is-config="true" duration-ms="0" started-at="2019-09-19T16:52:27Z" finished-at="2019-09-19T16:52:27Z">
          <reporter-output>
          </reporter-output>
        </test-method> <!-- setBaseUri -->
        <test-method status="SKIP" signature="end()[pri:0, instance:com.arcapi.Common.PaymentOrderSubmitPOSTAPITest@32d992b2]" name="end" is-config="true" duration-ms="0" started-at="2019-09-19T16:52:27Z" finished-at="2019-09-19T16:52:27Z">
          <reporter-output>
          </reporter-output>
        </test-method> <!-- end -->
      </class> <!-- com.arcapi.Common.PaymentOrderSubmitPOSTAPITest -->
      <class name="com.arcapi.CrossRatingSystemtestcases.MeasuresListAPITest">
        <test-method status="SKIP" signature="getSuiteName(org.testng.ITestContext)[pri:0, instance:com.arcapi.CrossRatingSystemtestcases.MeasuresListAPITest@4439f31e]" name="getSuiteName" is-config="true" duration-ms="0" started-at="2019-09-19T16:52:27Z" finished-at="2019-09-19T16:52:27Z">
          <reporter-output>
          </reporter-output>
        </test-method> <!-- getSuiteName -->
        <test-method status="SKIP" signature="setBaseUri(java.lang.String)[pri:0, instance:com.arcapi.CrossRatingSystemtestcases.MeasuresListAPITest@4439f31e]" name="setBaseUri" is-config="true" duration-ms="0" started-at="2019-09-19T16:52:27Z" finished-at="2019-09-19T16:52:27Z">
          <reporter-output>
          </reporter-output>
        </test-method> <!-- setBaseUri -->
        <test-method status="SKIP" signature="MeasuresListAPI(java.lang.String, java.lang.String, int)[pri:0, instance:com.arcapi.CrossRatingSystemtestcases.MeasuresListAPITest@4439f31e]" name="MeasuresListAPI" duration-ms="0" started-at="2019-09-19T16:52:27Z" finished-at="2019-09-19T16:52:27Z">
          <exception class="org.testng.TestNGException">
            <message>
              <![CDATA[
Parameter 'SheetName' is required by @Test on method MeasuresListAPI but has not been marked @Optional or defined
in D:\worksapceNew\TestArcAPI\src\main\resources\TestNGFiles\CrossRatingSystemTestng.xml]]>
            </message>
            <full-stacktrace>
              <![CDATA[org.testng.TestNGException: 
Parameter 'SheetName' is required by @Test on method MeasuresListAPI but has not been marked @Optional or defined
in D:\worksapceNew\TestArcAPI\src\main\resources\TestNGFiles\CrossRatingSystemTestng.xml
	at org.testng.internal.Parameters.createParameters(Parameters.java:154)
	at org.testng.internal.Parameters.createParameters(Parameters.java:361)
	at org.testng.internal.Parameters.handleParameters(Parameters.java:451)
	at org.testng.internal.Invoker.handleParameters(Invoker.java:1274)
	at org.testng.internal.Invoker.createParameters(Invoker.java:989)
	at org.testng.internal.Invoker.invokeTestMethods(Invoker.java:1079)
	at org.testng.internal.TestMethodWorker.invokeTestMethods(TestMethodWorker.java:129)
	at org.testng.internal.TestMethodWorker.run(TestMethodWorker.java:112)
	at org.testng.TestRunner.privateRun(TestRunner.java:782)
	at org.testng.TestRunner.run(TestRunner.java:632)
	at org.testng.SuiteRunner.runTest(SuiteRunner.java:366)
	at org.testng.SuiteRunner.runSequentially(SuiteRunner.java:361)
	at org.testng.SuiteRunner.privateRun(SuiteRunner.java:319)
	at org.testng.SuiteRunner.run(SuiteRunner.java:268)
	at org.testng.SuiteRunnerWorker.runSuite(SuiteRunnerWorker.java:52)
	at org.testng.SuiteRunnerWorker.run(SuiteRunnerWorker.java:86)
	at org.testng.TestNG.runSuitesSequentially(TestNG.java:1244)
	at org.testng.TestNG.runSuitesLocally(TestNG.java:1169)
	at org.testng.TestNG.run(TestNG.java:1064)
	at org.testng.remote.RemoteTestNG.run(RemoteTestNG.java:113)
	at org.testng.remote.RemoteTestNG.initAndRun(RemoteTestNG.java:206)
	at org.testng.remote.RemoteTestNG.main(RemoteTestNG.java:177)
]]>
            </full-stacktrace>
          </exception> <!-- org.testng.TestNGException -->
          <reporter-output>
          </reporter-output>
        </test-method> <!-- MeasuresListAPI -->
        <test-method status="SKIP" signature="end()[pri:0, instance:com.arcapi.CrossRatingSystemtestcases.MeasuresListAPITest@4439f31e]" name="end" is-config="true" duration-ms="0" started-at="2019-09-19T16:52:27Z" finished-at="2019-09-19T16:52:27Z">
          <reporter-output>
          </reporter-output>
        </test-method> <!-- end -->
      </class> <!-- com.arcapi.CrossRatingSystemtestcases.MeasuresListAPITest -->
      <class name="com.arcapi.Transittestcases.CreateAssetTransitAPITest">
        <test-method status="SKIP" signature="setBaseUri(java.lang.String)[pri:0, instance:com.arcapi.Transittestcases.CreateAssetTransitAPITest@50c87b21]" name="setBaseUri" is-config="true" duration-ms="0" started-at="2019-09-19T16:52:27Z" finished-at="2019-09-19T16:52:27Z">
          <reporter-output>
          </reporter-output>
        </test-method> <!-- setBaseUri -->
        <test-method status="SKIP" signature="getSuiteName(org.testng.ITestContext)[pri:0, instance:com.arcapi.Transittestcases.CreateAssetTransitAPITest@50c87b21]" name="getSuiteName" is-config="true" duration-ms="0" started-at="2019-09-19T16:52:27Z" finished-at="2019-09-19T16:52:27Z">
          <reporter-output>
          </reporter-output>
        </test-method> <!-- getSuiteName -->
        <test-method status="SKIP" signature="CreateAssetTransitAPI(java.lang.String, java.lang.String, java.lang.String, java.lang.String)[pri:0, instance:com.arcapi.Transittestcases.CreateAssetTransitAPITest@50c87b21]" name="CreateAssetTransitAPI" duration-ms="0" started-at="2019-09-19T16:52:27Z" finished-at="2019-09-19T16:52:27Z">
          <exception class="org.testng.TestNGException">
            <message>
              <![CDATA[
Parameter 'Country' is required by @Test on method CreateAssetTransitAPI but has not been marked @Optional or defined
in D:\worksapceNew\TestArcAPI\src\main\resources\TestNGFiles\CrossRatingSystemTestng.xml]]>
            </message>
            <full-stacktrace>
              <![CDATA[org.testng.TestNGException: 
Parameter 'Country' is required by @Test on method CreateAssetTransitAPI but has not been marked @Optional or defined
in D:\worksapceNew\TestArcAPI\src\main\resources\TestNGFiles\CrossRatingSystemTestng.xml
	at org.testng.internal.Parameters.createParameters(Parameters.java:154)
	at org.testng.internal.Parameters.createParameters(Parameters.java:361)
	at org.testng.internal.Parameters.handleParameters(Parameters.java:451)
	at org.testng.internal.Invoker.handleParameters(Invoker.java:1274)
	at org.testng.internal.Invoker.createParameters(Invoker.java:989)
	at org.testng.internal.Invoker.invokeTestMethods(Invoker.java:1079)
	at org.testng.internal.TestMethodWorker.invokeTestMethods(TestMethodWorker.java:129)
	at org.testng.internal.TestMethodWorker.run(TestMethodWorker.java:112)
	at org.testng.TestRunner.privateRun(TestRunner.java:782)
	at org.testng.TestRunner.run(TestRunner.java:632)
	at org.testng.SuiteRunner.runTest(SuiteRunner.java:366)
	at org.testng.SuiteRunner.runSequentially(SuiteRunner.java:361)
	at org.testng.SuiteRunner.privateRun(SuiteRunner.java:319)
	at org.testng.SuiteRunner.run(SuiteRunner.java:268)
	at org.testng.SuiteRunnerWorker.runSuite(SuiteRunnerWorker.java:52)
	at org.testng.SuiteRunnerWorker.run(SuiteRunnerWorker.java:86)
	at org.testng.TestNG.runSuitesSequentially(TestNG.java:1244)
	at org.testng.TestNG.runSuitesLocally(TestNG.java:1169)
	at org.testng.TestNG.run(TestNG.java:1064)
	at org.testng.remote.RemoteTestNG.run(RemoteTestNG.java:113)
	at org.testng.remote.RemoteTestNG.initAndRun(RemoteTestNG.java:206)
	at org.testng.remote.RemoteTestNG.main(RemoteTestNG.java:177)
]]>
            </full-stacktrace>
          </exception> <!-- org.testng.TestNGException -->
          <reporter-output>
          </reporter-output>
        </test-method> <!-- CreateAssetTransitAPI -->
        <test-method status="SKIP" signature="end()[pri:0, instance:com.arcapi.Transittestcases.CreateAssetTransitAPITest@50c87b21]" name="end" is-config="true" duration-ms="0" started-at="2019-09-19T16:52:27Z" finished-at="2019-09-19T16:52:27Z">
          <reporter-output>
          </reporter-output>
        </test-method> <!-- end -->
      </class> <!-- com.arcapi.Transittestcases.CreateAssetTransitAPITest -->
    </test> <!-- CrossRatingSystem-Transit -->
    <test name="CrossRatingSystem-Parksmart" duration-ms="71" started-at="2019-09-19T11:22:28Z" finished-at="2019-09-19T11:22:28Z">
      <class name="com.arcapi.CrossRatingSystemtestcases.CO2GetTest">
        <test-method status="SKIP" signature="getSuiteName(org.testng.ITestContext)[pri:0, instance:com.arcapi.CrossRatingSystemtestcases.CO2GetTest@2a2d45ba]" name="getSuiteName" is-config="true" duration-ms="0" started-at="2019-09-19T16:52:28Z" finished-at="2019-09-19T16:52:28Z">
          <reporter-output>
          </reporter-output>
        </test-method> <!-- getSuiteName -->
        <test-method status="SKIP" signature="setBaseUri(java.lang.String)[pri:0, instance:com.arcapi.CrossRatingSystemtestcases.CO2GetTest@2a2d45ba]" name="setBaseUri" is-config="true" duration-ms="0" started-at="2019-09-19T16:52:28Z" finished-at="2019-09-19T16:52:28Z">
          <reporter-output>
          </reporter-output>
        </test-method> <!-- setBaseUri -->
        <test-method status="SKIP" signature="end()[pri:0, instance:com.arcapi.CrossRatingSystemtestcases.CO2GetTest@2a2d45ba]" name="end" is-config="true" duration-ms="0" started-at="2019-09-19T16:52:28Z" finished-at="2019-09-19T16:52:28Z">
          <reporter-output>
          </reporter-output>
        </test-method> <!-- end -->
        <test-method status="SKIP" signature="CO2GetTestAPI(java.lang.String, java.lang.String, int)[pri:0, instance:com.arcapi.CrossRatingSystemtestcases.CO2GetTest@2a2d45ba]" name="CO2GetTestAPI" duration-ms="0" started-at="2019-09-19T16:52:28Z" finished-at="2019-09-19T16:52:28Z">
          <exception class="org.testng.TestNGException">
            <message>
              <![CDATA[
Parameter 'SheetName' is required by @Test on method CO2GetTestAPI but has not been marked @Optional or defined
in D:\worksapceNew\TestArcAPI\src\main\resources\TestNGFiles\CrossRatingSystemTestng.xml]]>
            </message>
            <full-stacktrace>
              <![CDATA[org.testng.TestNGException: 
Parameter 'SheetName' is required by @Test on method CO2GetTestAPI but has not been marked @Optional or defined
in D:\worksapceNew\TestArcAPI\src\main\resources\TestNGFiles\CrossRatingSystemTestng.xml
	at org.testng.internal.Parameters.createParameters(Parameters.java:154)
	at org.testng.internal.Parameters.createParameters(Parameters.java:361)
	at org.testng.internal.Parameters.handleParameters(Parameters.java:451)
	at org.testng.internal.Invoker.handleParameters(Invoker.java:1274)
	at org.testng.internal.Invoker.createParameters(Invoker.java:989)
	at org.testng.internal.Invoker.invokeTestMethods(Invoker.java:1079)
	at org.testng.internal.TestMethodWorker.invokeTestMethods(TestMethodWorker.java:129)
	at org.testng.internal.TestMethodWorker.run(TestMethodWorker.java:112)
	at org.testng.TestRunner.privateRun(TestRunner.java:782)
	at org.testng.TestRunner.run(TestRunner.java:632)
	at org.testng.SuiteRunner.runTest(SuiteRunner.java:366)
	at org.testng.SuiteRunner.runSequentially(SuiteRunner.java:361)
	at org.testng.SuiteRunner.privateRun(SuiteRunner.java:319)
	at org.testng.SuiteRunner.run(SuiteRunner.java:268)
	at org.testng.SuiteRunnerWorker.runSuite(SuiteRunnerWorker.java:52)
	at org.testng.SuiteRunnerWorker.run(SuiteRunnerWorker.java:86)
	at org.testng.TestNG.runSuitesSequentially(TestNG.java:1244)
	at org.testng.TestNG.runSuitesLocally(TestNG.java:1169)
	at org.testng.TestNG.run(TestNG.java:1064)
	at org.testng.remote.RemoteTestNG.run(RemoteTestNG.java:113)
	at org.testng.remote.RemoteTestNG.initAndRun(RemoteTestNG.java:206)
	at org.testng.remote.RemoteTestNG.main(RemoteTestNG.java:177)
]]>
            </full-stacktrace>
          </exception> <!-- org.testng.TestNGException -->
          <reporter-output>
          </reporter-output>
        </test-method> <!-- CO2GetTestAPI -->
      </class> <!-- com.arcapi.CrossRatingSystemtestcases.CO2GetTest -->
      <class name="com.arcapi.CrossRatingSystemtestcases.MetersAPITest">
        <test-method status="SKIP" signature="getSuiteName(org.testng.ITestContext)[pri:0, instance:com.arcapi.CrossRatingSystemtestcases.MetersAPITest@39aeed2f]" name="getSuiteName" is-config="true" duration-ms="0" started-at="2019-09-19T16:52:28Z" finished-at="2019-09-19T16:52:28Z">
          <reporter-output>
          </reporter-output>
        </test-method> <!-- getSuiteName -->
        <test-method status="SKIP" signature="setBaseUri(java.lang.String)[pri:0, instance:com.arcapi.CrossRatingSystemtestcases.MetersAPITest@39aeed2f]" name="setBaseUri" is-config="true" duration-ms="0" started-at="2019-09-19T16:52:28Z" finished-at="2019-09-19T16:52:28Z">
          <reporter-output>
          </reporter-output>
        </test-method> <!-- setBaseUri -->
        <test-method status="SKIP" signature="MetersAPI(java.lang.String, java.lang.String, int)[pri:0, instance:com.arcapi.CrossRatingSystemtestcases.MetersAPITest@39aeed2f]" name="MetersAPI" duration-ms="0" started-at="2019-09-19T16:52:28Z" finished-at="2019-09-19T16:52:28Z">
          <exception class="org.testng.TestNGException">
            <message>
              <![CDATA[
Parameter 'SheetName' is required by @Test on method MetersAPI but has not been marked @Optional or defined
in D:\worksapceNew\TestArcAPI\src\main\resources\TestNGFiles\CrossRatingSystemTestng.xml]]>
            </message>
            <full-stacktrace>
              <![CDATA[org.testng.TestNGException: 
Parameter 'SheetName' is required by @Test on method MetersAPI but has not been marked @Optional or defined
in D:\worksapceNew\TestArcAPI\src\main\resources\TestNGFiles\CrossRatingSystemTestng.xml
	at org.testng.internal.Parameters.createParameters(Parameters.java:154)
	at org.testng.internal.Parameters.createParameters(Parameters.java:361)
	at org.testng.internal.Parameters.handleParameters(Parameters.java:451)
	at org.testng.internal.Invoker.handleParameters(Invoker.java:1274)
	at org.testng.internal.Invoker.createParameters(Invoker.java:989)
	at org.testng.internal.Invoker.invokeTestMethods(Invoker.java:1079)
	at org.testng.internal.TestMethodWorker.invokeTestMethods(TestMethodWorker.java:129)
	at org.testng.internal.TestMethodWorker.run(TestMethodWorker.java:112)
	at org.testng.TestRunner.privateRun(TestRunner.java:782)
	at org.testng.TestRunner.run(TestRunner.java:632)
	at org.testng.SuiteRunner.runTest(SuiteRunner.java:366)
	at org.testng.SuiteRunner.runSequentially(SuiteRunner.java:361)
	at org.testng.SuiteRunner.privateRun(SuiteRunner.java:319)
	at org.testng.SuiteRunner.run(SuiteRunner.java:268)
	at org.testng.SuiteRunnerWorker.runSuite(SuiteRunnerWorker.java:52)
	at org.testng.SuiteRunnerWorker.run(SuiteRunnerWorker.java:86)
	at org.testng.TestNG.runSuitesSequentially(TestNG.java:1244)
	at org.testng.TestNG.runSuitesLocally(TestNG.java:1169)
	at org.testng.TestNG.run(TestNG.java:1064)
	at org.testng.remote.RemoteTestNG.run(RemoteTestNG.java:113)
	at org.testng.remote.RemoteTestNG.initAndRun(RemoteTestNG.java:206)
	at org.testng.remote.RemoteTestNG.main(RemoteTestNG.java:177)
]]>
            </full-stacktrace>
          </exception> <!-- org.testng.TestNGException -->
          <reporter-output>
          </reporter-output>
        </test-method> <!-- MetersAPI -->
        <test-method status="SKIP" signature="end()[pri:0, instance:com.arcapi.CrossRatingSystemtestcases.MetersAPITest@39aeed2f]" name="end" is-config="true" duration-ms="0" started-at="2019-09-19T16:52:28Z" finished-at="2019-09-19T16:52:28Z">
          <reporter-output>
          </reporter-output>
        </test-method> <!-- end -->
      </class> <!-- com.arcapi.CrossRatingSystemtestcases.MetersAPITest -->
      <class name="com.arcapi.CrossRatingSystemtestcases.SubmitReviewGetAPITest">
        <test-method status="SKIP" signature="getSuiteName(org.testng.ITestContext)[pri:0, instance:com.arcapi.CrossRatingSystemtestcases.SubmitReviewGetAPITest@4678c730]" name="getSuiteName" is-config="true" duration-ms="0" started-at="2019-09-19T16:52:28Z" finished-at="2019-09-19T16:52:28Z">
          <reporter-output>
          </reporter-output>
        </test-method> <!-- getSuiteName -->
        <test-method status="SKIP" signature="end()[pri:0, instance:com.arcapi.CrossRatingSystemtestcases.SubmitReviewGetAPITest@4678c730]" name="end" is-config="true" duration-ms="0" started-at="2019-09-19T16:52:28Z" finished-at="2019-09-19T16:52:28Z">
          <reporter-output>
          </reporter-output>
        </test-method> <!-- end -->
        <test-method status="SKIP" signature="SubmitReviewGetAPI(java.lang.String, java.lang.String, int)[pri:0, instance:com.arcapi.CrossRatingSystemtestcases.SubmitReviewGetAPITest@4678c730]" name="SubmitReviewGetAPI" duration-ms="0" started-at="2019-09-19T16:52:28Z" finished-at="2019-09-19T16:52:28Z">
          <exception class="org.testng.TestNGException">
            <message>
              <![CDATA[
Parameter 'SheetName' is required by @Test on method SubmitReviewGetAPI but has not been marked @Optional or defined
in D:\worksapceNew\TestArcAPI\src\main\resources\TestNGFiles\CrossRatingSystemTestng.xml]]>
            </message>
            <full-stacktrace>
              <![CDATA[org.testng.TestNGException: 
Parameter 'SheetName' is required by @Test on method SubmitReviewGetAPI but has not been marked @Optional or defined
in D:\worksapceNew\TestArcAPI\src\main\resources\TestNGFiles\CrossRatingSystemTestng.xml
	at org.testng.internal.Parameters.createParameters(Parameters.java:154)
	at org.testng.internal.Parameters.createParameters(Parameters.java:361)
	at org.testng.internal.Parameters.handleParameters(Parameters.java:451)
	at org.testng.internal.Invoker.handleParameters(Invoker.java:1274)
	at org.testng.internal.Invoker.createParameters(Invoker.java:989)
	at org.testng.internal.Invoker.invokeTestMethods(Invoker.java:1079)
	at org.testng.internal.TestMethodWorker.invokeTestMethods(TestMethodWorker.java:129)
	at org.testng.internal.TestMethodWorker.run(TestMethodWorker.java:112)
	at org.testng.TestRunner.privateRun(TestRunner.java:782)
	at org.testng.TestRunner.run(TestRunner.java:632)
	at org.testng.SuiteRunner.runTest(SuiteRunner.java:366)
	at org.testng.SuiteRunner.runSequentially(SuiteRunner.java:361)
	at org.testng.SuiteRunner.privateRun(SuiteRunner.java:319)
	at org.testng.SuiteRunner.run(SuiteRunner.java:268)
	at org.testng.SuiteRunnerWorker.runSuite(SuiteRunnerWorker.java:52)
	at org.testng.SuiteRunnerWorker.run(SuiteRunnerWorker.java:86)
	at org.testng.TestNG.runSuitesSequentially(TestNG.java:1244)
	at org.testng.TestNG.runSuitesLocally(TestNG.java:1169)
	at org.testng.TestNG.run(TestNG.java:1064)
	at org.testng.remote.RemoteTestNG.run(RemoteTestNG.java:113)
	at org.testng.remote.RemoteTestNG.initAndRun(RemoteTestNG.java:206)
	at org.testng.remote.RemoteTestNG.main(RemoteTestNG.java:177)
]]>
            </full-stacktrace>
          </exception> <!-- org.testng.TestNGException -->
          <reporter-output>
          </reporter-output>
        </test-method> <!-- SubmitReviewGetAPI -->
        <test-method status="SKIP" signature="setBaseUri(java.lang.String)[pri:0, instance:com.arcapi.CrossRatingSystemtestcases.SubmitReviewGetAPITest@4678c730]" name="setBaseUri" is-config="true" duration-ms="0" started-at="2019-09-19T16:52:28Z" finished-at="2019-09-19T16:52:28Z">
          <reporter-output>
          </reporter-output>
        </test-method> <!-- setBaseUri -->
      </class> <!-- com.arcapi.CrossRatingSystemtestcases.SubmitReviewGetAPITest -->
      <class name="com.arcapi.CrossRatingSystemtestcases.GhgCalcGetTest">
        <test-method status="SKIP" signature="setBaseUri(java.lang.String)[pri:0, instance:com.arcapi.CrossRatingSystemtestcases.GhgCalcGetTest@68be2bc2]" name="setBaseUri" is-config="true" duration-ms="0" started-at="2019-09-19T16:52:28Z" finished-at="2019-09-19T16:52:28Z">
          <reporter-output>
          </reporter-output>
        </test-method> <!-- setBaseUri -->
        <test-method status="SKIP" signature="getSuiteName(org.testng.ITestContext)[pri:0, instance:com.arcapi.CrossRatingSystemtestcases.GhgCalcGetTest@68be2bc2]" name="getSuiteName" is-config="true" duration-ms="0" started-at="2019-09-19T16:52:28Z" finished-at="2019-09-19T16:52:28Z">
          <reporter-output>
          </reporter-output>
        </test-method> <!-- getSuiteName -->
        <test-method status="SKIP" signature="GhgCalcGet(java.lang.String, java.lang.String, int)[pri:0, instance:com.arcapi.CrossRatingSystemtestcases.GhgCalcGetTest@68be2bc2]" name="GhgCalcGet" duration-ms="0" started-at="2019-09-19T16:52:28Z" finished-at="2019-09-19T16:52:28Z">
          <exception class="org.testng.TestNGException">
            <message>
              <![CDATA[
Parameter 'SheetName' is required by @Test on method GhgCalcGet but has not been marked @Optional or defined
in D:\worksapceNew\TestArcAPI\src\main\resources\TestNGFiles\CrossRatingSystemTestng.xml]]>
            </message>
            <full-stacktrace>
              <![CDATA[org.testng.TestNGException: 
Parameter 'SheetName' is required by @Test on method GhgCalcGet but has not been marked @Optional or defined
in D:\worksapceNew\TestArcAPI\src\main\resources\TestNGFiles\CrossRatingSystemTestng.xml
	at org.testng.internal.Parameters.createParameters(Parameters.java:154)
	at org.testng.internal.Parameters.createParameters(Parameters.java:361)
	at org.testng.internal.Parameters.handleParameters(Parameters.java:451)
	at org.testng.internal.Invoker.handleParameters(Invoker.java:1274)
	at org.testng.internal.Invoker.createParameters(Invoker.java:989)
	at org.testng.internal.Invoker.invokeTestMethods(Invoker.java:1079)
	at org.testng.internal.TestMethodWorker.invokeTestMethods(TestMethodWorker.java:129)
	at org.testng.internal.TestMethodWorker.run(TestMethodWorker.java:112)
	at org.testng.TestRunner.privateRun(TestRunner.java:782)
	at org.testng.TestRunner.run(TestRunner.java:632)
	at org.testng.SuiteRunner.runTest(SuiteRunner.java:366)
	at org.testng.SuiteRunner.runSequentially(SuiteRunner.java:361)
	at org.testng.SuiteRunner.privateRun(SuiteRunner.java:319)
	at org.testng.SuiteRunner.run(SuiteRunner.java:268)
	at org.testng.SuiteRunnerWorker.runSuite(SuiteRunnerWorker.java:52)
	at org.testng.SuiteRunnerWorker.run(SuiteRunnerWorker.java:86)
	at org.testng.TestNG.runSuitesSequentially(TestNG.java:1244)
	at org.testng.TestNG.runSuitesLocally(TestNG.java:1169)
	at org.testng.TestNG.run(TestNG.java:1064)
	at org.testng.remote.RemoteTestNG.run(RemoteTestNG.java:113)
	at org.testng.remote.RemoteTestNG.initAndRun(RemoteTestNG.java:206)
	at org.testng.remote.RemoteTestNG.main(RemoteTestNG.java:177)
]]>
            </full-stacktrace>
          </exception> <!-- org.testng.TestNGException -->
          <reporter-output>
          </reporter-output>
        </test-method> <!-- GhgCalcGet -->
        <test-method status="SKIP" signature="end()[pri:0, instance:com.arcapi.CrossRatingSystemtestcases.GhgCalcGetTest@68be2bc2]" name="end" is-config="true" duration-ms="0" started-at="2019-09-19T16:52:28Z" finished-at="2019-09-19T16:52:28Z">
          <reporter-output>
          </reporter-output>
        </test-method> <!-- end -->
      </class> <!-- com.arcapi.CrossRatingSystemtestcases.GhgCalcGetTest -->
      <class name="com.arcapi.CrossRatingSystemtestcases.AssetAppListAPITest">
        <test-method status="SKIP" signature="getSuiteName(org.testng.ITestContext)[pri:0, instance:com.arcapi.CrossRatingSystemtestcases.AssetAppListAPITest@482f8f11]" name="getSuiteName" is-config="true" duration-ms="0" started-at="2019-09-19T16:52:28Z" finished-at="2019-09-19T16:52:28Z">
          <reporter-output>
          </reporter-output>
        </test-method> <!-- getSuiteName -->
        <test-method status="SKIP" signature="setBaseUri(java.lang.String)[pri:0, instance:com.arcapi.CrossRatingSystemtestcases.AssetAppListAPITest@482f8f11]" name="setBaseUri" is-config="true" duration-ms="0" started-at="2019-09-19T16:52:28Z" finished-at="2019-09-19T16:52:28Z">
          <reporter-output>
          </reporter-output>
        </test-method> <!-- setBaseUri -->
        <test-method status="SKIP" signature="end()[pri:0, instance:com.arcapi.CrossRatingSystemtestcases.AssetAppListAPITest@482f8f11]" name="end" is-config="true" duration-ms="0" started-at="2019-09-19T16:52:28Z" finished-at="2019-09-19T16:52:28Z">
          <reporter-output>
          </reporter-output>
        </test-method> <!-- end -->
        <test-method status="SKIP" signature="AssetAppListAPI(java.lang.String, java.lang.String, int)[pri:0, instance:com.arcapi.CrossRatingSystemtestcases.AssetAppListAPITest@482f8f11]" name="AssetAppListAPI" duration-ms="0" started-at="2019-09-19T16:52:28Z" finished-at="2019-09-19T16:52:28Z">
          <exception class="org.testng.TestNGException">
            <message>
              <![CDATA[
Parameter 'SheetName' is required by @Test on method AssetAppListAPI but has not been marked @Optional or defined
in D:\worksapceNew\TestArcAPI\src\main\resources\TestNGFiles\CrossRatingSystemTestng.xml]]>
            </message>
            <full-stacktrace>
              <![CDATA[org.testng.TestNGException: 
Parameter 'SheetName' is required by @Test on method AssetAppListAPI but has not been marked @Optional or defined
in D:\worksapceNew\TestArcAPI\src\main\resources\TestNGFiles\CrossRatingSystemTestng.xml
	at org.testng.internal.Parameters.createParameters(Parameters.java:154)
	at org.testng.internal.Parameters.createParameters(Parameters.java:361)
	at org.testng.internal.Parameters.handleParameters(Parameters.java:451)
	at org.testng.internal.Invoker.handleParameters(Invoker.java:1274)
	at org.testng.internal.Invoker.createParameters(Invoker.java:989)
	at org.testng.internal.Invoker.invokeTestMethods(Invoker.java:1079)
	at org.testng.internal.TestMethodWorker.invokeTestMethods(TestMethodWorker.java:129)
	at org.testng.internal.TestMethodWorker.run(TestMethodWorker.java:112)
	at org.testng.TestRunner.privateRun(TestRunner.java:782)
	at org.testng.TestRunner.run(TestRunner.java:632)
	at org.testng.SuiteRunner.runTest(SuiteRunner.java:366)
	at org.testng.SuiteRunner.runSequentially(SuiteRunner.java:361)
	at org.testng.SuiteRunner.privateRun(SuiteRunner.java:319)
	at org.testng.SuiteRunner.run(SuiteRunner.java:268)
	at org.testng.SuiteRunnerWorker.runSuite(SuiteRunnerWorker.java:52)
	at org.testng.SuiteRunnerWorker.run(SuiteRunnerWorker.java:86)
	at org.testng.TestNG.runSuitesSequentially(TestNG.java:1244)
	at org.testng.TestNG.runSuitesLocally(TestNG.java:1169)
	at org.testng.TestNG.run(TestNG.java:1064)
	at org.testng.remote.RemoteTestNG.run(RemoteTestNG.java:113)
	at org.testng.remote.RemoteTestNG.initAndRun(RemoteTestNG.java:206)
	at org.testng.remote.RemoteTestNG.main(RemoteTestNG.java:177)
]]>
            </full-stacktrace>
          </exception> <!-- org.testng.TestNGException -->
          <reporter-output>
          </reporter-output>
        </test-method> <!-- AssetAppListAPI -->
      </class> <!-- com.arcapi.CrossRatingSystemtestcases.AssetAppListAPITest -->
      <class name="com.arcapi.CrossRatingSystemtestcases.CreditGetAPITest">
        <test-method status="SKIP" signature="setBaseUri(java.lang.String)[pri:0, instance:com.arcapi.CrossRatingSystemtestcases.CreditGetAPITest@5c7fa833]" name="setBaseUri" is-config="true" duration-ms="0" started-at="2019-09-19T16:52:28Z" finished-at="2019-09-19T16:52:28Z">
          <reporter-output>
          </reporter-output>
        </test-method> <!-- setBaseUri -->
        <test-method status="SKIP" signature="getSuiteName(org.testng.ITestContext)[pri:0, instance:com.arcapi.CrossRatingSystemtestcases.CreditGetAPITest@5c7fa833]" name="getSuiteName" is-config="true" duration-ms="0" started-at="2019-09-19T16:52:28Z" finished-at="2019-09-19T16:52:28Z">
          <reporter-output>
          </reporter-output>
        </test-method> <!-- getSuiteName -->
        <test-method status="SKIP" signature="CreditGetAPI(java.lang.String, java.lang.String, int)[pri:0, instance:com.arcapi.CrossRatingSystemtestcases.CreditGetAPITest@5c7fa833]" name="CreditGetAPI" duration-ms="0" started-at="2019-09-19T16:52:28Z" finished-at="2019-09-19T16:52:28Z">
          <exception class="org.testng.TestNGException">
            <message>
              <![CDATA[
Parameter 'SheetName' is required by @Test on method CreditGetAPI but has not been marked @Optional or defined
in D:\worksapceNew\TestArcAPI\src\main\resources\TestNGFiles\CrossRatingSystemTestng.xml]]>
            </message>
            <full-stacktrace>
              <![CDATA[org.testng.TestNGException: 
Parameter 'SheetName' is required by @Test on method CreditGetAPI but has not been marked @Optional or defined
in D:\worksapceNew\TestArcAPI\src\main\resources\TestNGFiles\CrossRatingSystemTestng.xml
	at org.testng.internal.Parameters.createParameters(Parameters.java:154)
	at org.testng.internal.Parameters.createParameters(Parameters.java:361)
	at org.testng.internal.Parameters.handleParameters(Parameters.java:451)
	at org.testng.internal.Invoker.handleParameters(Invoker.java:1274)
	at org.testng.internal.Invoker.createParameters(Invoker.java:989)
	at org.testng.internal.Invoker.invokeTestMethods(Invoker.java:1079)
	at org.testng.internal.TestMethodWorker.invokeTestMethods(TestMethodWorker.java:129)
	at org.testng.internal.TestMethodWorker.run(TestMethodWorker.java:112)
	at org.testng.TestRunner.privateRun(TestRunner.java:782)
	at org.testng.TestRunner.run(TestRunner.java:632)
	at org.testng.SuiteRunner.runTest(SuiteRunner.java:366)
	at org.testng.SuiteRunner.runSequentially(SuiteRunner.java:361)
	at org.testng.SuiteRunner.privateRun(SuiteRunner.java:319)
	at org.testng.SuiteRunner.run(SuiteRunner.java:268)
	at org.testng.SuiteRunnerWorker.runSuite(SuiteRunnerWorker.java:52)
	at org.testng.SuiteRunnerWorker.run(SuiteRunnerWorker.java:86)
	at org.testng.TestNG.runSuitesSequentially(TestNG.java:1244)
	at org.testng.TestNG.runSuitesLocally(TestNG.java:1169)
	at org.testng.TestNG.run(TestNG.java:1064)
	at org.testng.remote.RemoteTestNG.run(RemoteTestNG.java:113)
	at org.testng.remote.RemoteTestNG.initAndRun(RemoteTestNG.java:206)
	at org.testng.remote.RemoteTestNG.main(RemoteTestNG.java:177)
]]>
            </full-stacktrace>
          </exception> <!-- org.testng.TestNGException -->
          <reporter-output>
          </reporter-output>
        </test-method> <!-- CreditGetAPI -->
        <test-method status="SKIP" signature="end()[pri:0, instance:com.arcapi.CrossRatingSystemtestcases.CreditGetAPITest@5c7fa833]" name="end" is-config="true" duration-ms="0" started-at="2019-09-19T16:52:28Z" finished-at="2019-09-19T16:52:28Z">
          <reporter-output>
          </reporter-output>
        </test-method> <!-- end -->
      </class> <!-- com.arcapi.CrossRatingSystemtestcases.CreditGetAPITest -->
      <class name="com.arcapi.Common.LoginAPITest">
        <test-method status="PASS" signature="getSuiteName(org.testng.ITestContext)[pri:0, instance:com.arcapi.Common.LoginAPITest@4520ebad]" name="getSuiteName" is-config="true" duration-ms="1" started-at="2019-09-19T16:52:28Z" finished-at="2019-09-19T16:52:28Z">
          <params>
            <param index="0">
              <value>
                <![CDATA[org.testng.TestRunner@6302bbb1]]>
              </value>
            </param>
          </params>
          <reporter-output>
          </reporter-output>
        </test-method> <!-- getSuiteName -->
        <test-method status="FAIL" signature="setBaseUri(java.lang.String)[pri:0, instance:com.arcapi.Common.LoginAPITest@4520ebad]" name="setBaseUri" is-config="true" duration-ms="0" started-at="2019-09-19T16:52:28Z" finished-at="2019-09-19T16:52:28Z">
          <exception class="org.testng.TestNGException">
            <message>
              <![CDATA[
Parameter 'environment' is required by @Configuration on method setBaseUri but has not been marked @Optional or defined
in D:\worksapceNew\TestArcAPI\src\main\resources\TestNGFiles\CrossRatingSystemTestng.xml]]>
            </message>
            <full-stacktrace>
              <![CDATA[org.testng.TestNGException: 
Parameter 'environment' is required by @Configuration on method setBaseUri but has not been marked @Optional or defined
in D:\worksapceNew\TestArcAPI\src\main\resources\TestNGFiles\CrossRatingSystemTestng.xml
	at org.testng.internal.Parameters.createParameters(Parameters.java:154)
	at org.testng.internal.Parameters.createParameters(Parameters.java:361)
	at org.testng.internal.Parameters.createConfigurationParameters(Parameters.java:84)
	at org.testng.internal.Invoker.invokeConfigurations(Invoker.java:201)
	at org.testng.internal.Invoker.invokeConfigurations(Invoker.java:142)
	at org.testng.internal.TestMethodWorker.invokeBeforeClassMethods(TestMethodWorker.java:178)
	at org.testng.internal.TestMethodWorker.run(TestMethodWorker.java:108)
	at org.testng.TestRunner.privateRun(TestRunner.java:782)
	at org.testng.TestRunner.run(TestRunner.java:632)
	at org.testng.SuiteRunner.runTest(SuiteRunner.java:366)
	at org.testng.SuiteRunner.runSequentially(SuiteRunner.java:361)
	at org.testng.SuiteRunner.privateRun(SuiteRunner.java:319)
	at org.testng.SuiteRunner.run(SuiteRunner.java:268)
	at org.testng.SuiteRunnerWorker.runSuite(SuiteRunnerWorker.java:52)
	at org.testng.SuiteRunnerWorker.run(SuiteRunnerWorker.java:86)
	at org.testng.TestNG.runSuitesSequentially(TestNG.java:1244)
	at org.testng.TestNG.runSuitesLocally(TestNG.java:1169)
	at org.testng.TestNG.run(TestNG.java:1064)
	at org.testng.remote.RemoteTestNG.run(RemoteTestNG.java:113)
	at org.testng.remote.RemoteTestNG.initAndRun(RemoteTestNG.java:206)
	at org.testng.remote.RemoteTestNG.main(RemoteTestNG.java:177)
]]>
            </full-stacktrace>
          </exception> <!-- org.testng.TestNGException -->
          <reporter-output>
          </reporter-output>
        </test-method> <!-- setBaseUri -->
        <test-method status="SKIP" signature="ExtentReportConfig()[pri:0, instance:com.arcapi.Common.LoginAPITest@4520ebad]" name="ExtentReportConfig" is-config="true" duration-ms="0" started-at="2019-09-19T16:52:28Z" finished-at="2019-09-19T16:52:28Z">
          <reporter-output>
          </reporter-output>
        </test-method> <!-- ExtentReportConfig -->
        <test-method status="SKIP" signature="LoginAPI()[pri:0, instance:com.arcapi.Common.LoginAPITest@4520ebad]" name="LoginAPI" duration-ms="0" started-at="2019-09-19T16:52:28Z" finished-at="2019-09-19T16:52:28Z">
          <reporter-output>
          </reporter-output>
        </test-method> <!-- LoginAPI -->
        <test-method status="SKIP" signature="start(java.lang.reflect.Method)[pri:0, instance:com.arcapi.Common.LoginAPITest@4520ebad]" name="start" is-config="true" duration-ms="0" started-at="2019-09-19T16:52:28Z" finished-at="2019-09-19T16:52:28Z">
          <reporter-output>
          </reporter-output>
        </test-method> <!-- start -->
        <test-method status="SKIP" signature="teardown(org.testng.ITestResult)[pri:0, instance:com.arcapi.Common.LoginAPITest@4520ebad]" name="teardown" is-config="true" duration-ms="0" started-at="2019-09-19T16:52:28Z" finished-at="2019-09-19T16:52:28Z">
          <reporter-output>
          </reporter-output>
        </test-method> <!-- teardown -->
        <test-method status="SKIP" signature="end()[pri:0, instance:com.arcapi.Common.LoginAPITest@4520ebad]" name="end" is-config="true" duration-ms="0" started-at="2019-09-19T16:52:28Z" finished-at="2019-09-19T16:52:28Z">
          <reporter-output>
          </reporter-output>
        </test-method> <!-- end -->
      </class> <!-- com.arcapi.Common.LoginAPITest -->
      <class name="com.arcapi.CrossRatingSystemtestcases.AssetPerformanceScoreListAPITest">
        <test-method status="SKIP" signature="setBaseUri(java.lang.String)[pri:0, instance:com.arcapi.CrossRatingSystemtestcases.AssetPerformanceScoreListAPITest@4cc0edeb]" name="setBaseUri" is-config="true" duration-ms="0" started-at="2019-09-19T16:52:28Z" finished-at="2019-09-19T16:52:28Z">
          <reporter-output>
          </reporter-output>
        </test-method> <!-- setBaseUri -->
        <test-method status="SKIP" signature="getSuiteName(org.testng.ITestContext)[pri:0, instance:com.arcapi.CrossRatingSystemtestcases.AssetPerformanceScoreListAPITest@4cc0edeb]" name="getSuiteName" is-config="true" duration-ms="0" started-at="2019-09-19T16:52:28Z" finished-at="2019-09-19T16:52:28Z">
          <reporter-output>
          </reporter-output>
        </test-method> <!-- getSuiteName -->
        <test-method status="SKIP" signature="end()[pri:0, instance:com.arcapi.CrossRatingSystemtestcases.AssetPerformanceScoreListAPITest@4cc0edeb]" name="end" is-config="true" duration-ms="0" started-at="2019-09-19T16:52:28Z" finished-at="2019-09-19T16:52:28Z">
          <reporter-output>
          </reporter-output>
        </test-method> <!-- end -->
        <test-method status="SKIP" signature="AssetPerformanceScoreListAPI(java.lang.String, java.lang.String, int)[pri:0, instance:com.arcapi.CrossRatingSystemtestcases.AssetPerformanceScoreListAPITest@4cc0edeb]" name="AssetPerformanceScoreListAPI" duration-ms="0" started-at="2019-09-19T16:52:28Z" finished-at="2019-09-19T16:52:28Z">
          <exception class="org.testng.TestNGException">
            <message>
              <![CDATA[
Parameter 'SheetName' is required by @Test on method AssetPerformanceScoreListAPI but has not been marked @Optional or defined
in D:\worksapceNew\TestArcAPI\src\main\resources\TestNGFiles\CrossRatingSystemTestng.xml]]>
            </message>
            <full-stacktrace>
              <![CDATA[org.testng.TestNGException: 
Parameter 'SheetName' is required by @Test on method AssetPerformanceScoreListAPI but has not been marked @Optional or defined
in D:\worksapceNew\TestArcAPI\src\main\resources\TestNGFiles\CrossRatingSystemTestng.xml
	at org.testng.internal.Parameters.createParameters(Parameters.java:154)
	at org.testng.internal.Parameters.createParameters(Parameters.java:361)
	at org.testng.internal.Parameters.handleParameters(Parameters.java:451)
	at org.testng.internal.Invoker.handleParameters(Invoker.java:1274)
	at org.testng.internal.Invoker.createParameters(Invoker.java:989)
	at org.testng.internal.Invoker.invokeTestMethods(Invoker.java:1079)
	at org.testng.internal.TestMethodWorker.invokeTestMethods(TestMethodWorker.java:129)
	at org.testng.internal.TestMethodWorker.run(TestMethodWorker.java:112)
	at org.testng.TestRunner.privateRun(TestRunner.java:782)
	at org.testng.TestRunner.run(TestRunner.java:632)
	at org.testng.SuiteRunner.runTest(SuiteRunner.java:366)
	at org.testng.SuiteRunner.runSequentially(SuiteRunner.java:361)
	at org.testng.SuiteRunner.privateRun(SuiteRunner.java:319)
	at org.testng.SuiteRunner.run(SuiteRunner.java:268)
	at org.testng.SuiteRunnerWorker.runSuite(SuiteRunnerWorker.java:52)
	at org.testng.SuiteRunnerWorker.run(SuiteRunnerWorker.java:86)
	at org.testng.TestNG.runSuitesSequentially(TestNG.java:1244)
	at org.testng.TestNG.runSuitesLocally(TestNG.java:1169)
	at org.testng.TestNG.run(TestNG.java:1064)
	at org.testng.remote.RemoteTestNG.run(RemoteTestNG.java:113)
	at org.testng.remote.RemoteTestNG.initAndRun(RemoteTestNG.java:206)
	at org.testng.remote.RemoteTestNG.main(RemoteTestNG.java:177)
]]>
            </full-stacktrace>
          </exception> <!-- org.testng.TestNGException -->
          <reporter-output>
          </reporter-output>
        </test-method> <!-- AssetPerformanceScoreListAPI -->
      </class> <!-- com.arcapi.CrossRatingSystemtestcases.AssetPerformanceScoreListAPITest -->
      <class name="com.arcapi.CrossRatingSystemtestcases.CertificationGetAPITest">
        <test-method status="SKIP" signature="getSuiteName(org.testng.ITestContext)[pri:0, instance:com.arcapi.CrossRatingSystemtestcases.CertificationGetAPITest@457e2f02]" name="getSuiteName" is-config="true" duration-ms="0" started-at="2019-09-19T16:52:28Z" finished-at="2019-09-19T16:52:28Z">
          <reporter-output>
          </reporter-output>
        </test-method> <!-- getSuiteName -->
        <test-method status="SKIP" signature="setBaseUri(java.lang.String)[pri:0, instance:com.arcapi.CrossRatingSystemtestcases.CertificationGetAPITest@457e2f02]" name="setBaseUri" is-config="true" duration-ms="0" started-at="2019-09-19T16:52:28Z" finished-at="2019-09-19T16:52:28Z">
          <reporter-output>
          </reporter-output>
        </test-method> <!-- setBaseUri -->
        <test-method status="SKIP" signature="CertificationGetAPI(java.lang.String, java.lang.String, int)[pri:0, instance:com.arcapi.CrossRatingSystemtestcases.CertificationGetAPITest@457e2f02]" name="CertificationGetAPI" duration-ms="0" started-at="2019-09-19T16:52:28Z" finished-at="2019-09-19T16:52:28Z">
          <exception class="org.testng.TestNGException">
            <message>
              <![CDATA[
Parameter 'SheetName' is required by @Test on method CertificationGetAPI but has not been marked @Optional or defined
in D:\worksapceNew\TestArcAPI\src\main\resources\TestNGFiles\CrossRatingSystemTestng.xml]]>
            </message>
            <full-stacktrace>
              <![CDATA[org.testng.TestNGException: 
Parameter 'SheetName' is required by @Test on method CertificationGetAPI but has not been marked @Optional or defined
in D:\worksapceNew\TestArcAPI\src\main\resources\TestNGFiles\CrossRatingSystemTestng.xml
	at org.testng.internal.Parameters.createParameters(Parameters.java:154)
	at org.testng.internal.Parameters.createParameters(Parameters.java:361)
	at org.testng.internal.Parameters.handleParameters(Parameters.java:451)
	at org.testng.internal.Invoker.handleParameters(Invoker.java:1274)
	at org.testng.internal.Invoker.createParameters(Invoker.java:989)
	at org.testng.internal.Invoker.invokeTestMethods(Invoker.java:1079)
	at org.testng.internal.TestMethodWorker.invokeTestMethods(TestMethodWorker.java:129)
	at org.testng.internal.TestMethodWorker.run(TestMethodWorker.java:112)
	at org.testng.TestRunner.privateRun(TestRunner.java:782)
	at org.testng.TestRunner.run(TestRunner.java:632)
	at org.testng.SuiteRunner.runTest(SuiteRunner.java:366)
	at org.testng.SuiteRunner.runSequentially(SuiteRunner.java:361)
	at org.testng.SuiteRunner.privateRun(SuiteRunner.java:319)
	at org.testng.SuiteRunner.run(SuiteRunner.java:268)
	at org.testng.SuiteRunnerWorker.runSuite(SuiteRunnerWorker.java:52)
	at org.testng.SuiteRunnerWorker.run(SuiteRunnerWorker.java:86)
	at org.testng.TestNG.runSuitesSequentially(TestNG.java:1244)
	at org.testng.TestNG.runSuitesLocally(TestNG.java:1169)
	at org.testng.TestNG.run(TestNG.java:1064)
	at org.testng.remote.RemoteTestNG.run(RemoteTestNG.java:113)
	at org.testng.remote.RemoteTestNG.initAndRun(RemoteTestNG.java:206)
	at org.testng.remote.RemoteTestNG.main(RemoteTestNG.java:177)
]]>
            </full-stacktrace>
          </exception> <!-- org.testng.TestNGException -->
          <reporter-output>
          </reporter-output>
        </test-method> <!-- CertificationGetAPI -->
        <test-method status="SKIP" signature="end()[pri:0, instance:com.arcapi.CrossRatingSystemtestcases.CertificationGetAPITest@457e2f02]" name="end" is-config="true" duration-ms="0" started-at="2019-09-19T16:52:28Z" finished-at="2019-09-19T16:52:28Z">
          <reporter-output>
          </reporter-output>
        </test-method> <!-- end -->
      </class> <!-- com.arcapi.CrossRatingSystemtestcases.CertificationGetAPITest -->
      <class name="com.arcapi.CrossRatingSystemtestcases.GhgGetTest">
        <test-method status="SKIP" signature="getSuiteName(org.testng.ITestContext)[pri:0, instance:com.arcapi.CrossRatingSystemtestcases.GhgGetTest@20e2cbe0]" name="getSuiteName" is-config="true" duration-ms="0" started-at="2019-09-19T16:52:28Z" finished-at="2019-09-19T16:52:28Z">
          <reporter-output>
          </reporter-output>
        </test-method> <!-- getSuiteName -->
        <test-method status="SKIP" signature="setBaseUri(java.lang.String)[pri:0, instance:com.arcapi.CrossRatingSystemtestcases.GhgGetTest@20e2cbe0]" name="setBaseUri" is-config="true" duration-ms="0" started-at="2019-09-19T16:52:28Z" finished-at="2019-09-19T16:52:28Z">
          <reporter-output>
          </reporter-output>
        </test-method> <!-- setBaseUri -->
        <test-method status="SKIP" signature="end()[pri:0, instance:com.arcapi.CrossRatingSystemtestcases.GhgGetTest@20e2cbe0]" name="end" is-config="true" duration-ms="0" started-at="2019-09-19T16:52:28Z" finished-at="2019-09-19T16:52:28Z">
          <reporter-output>
          </reporter-output>
        </test-method> <!-- end -->
        <test-method status="SKIP" signature="GhgGetTestAPI(java.lang.String, java.lang.String, int)[pri:0, instance:com.arcapi.CrossRatingSystemtestcases.GhgGetTest@20e2cbe0]" name="GhgGetTestAPI" duration-ms="0" started-at="2019-09-19T16:52:28Z" finished-at="2019-09-19T16:52:28Z">
          <exception class="org.testng.TestNGException">
            <message>
              <![CDATA[
Parameter 'SheetName' is required by @Test on method GhgGetTestAPI but has not been marked @Optional or defined
in D:\worksapceNew\TestArcAPI\src\main\resources\TestNGFiles\CrossRatingSystemTestng.xml]]>
            </message>
            <full-stacktrace>
              <![CDATA[org.testng.TestNGException: 
Parameter 'SheetName' is required by @Test on method GhgGetTestAPI but has not been marked @Optional or defined
in D:\worksapceNew\TestArcAPI\src\main\resources\TestNGFiles\CrossRatingSystemTestng.xml
	at org.testng.internal.Parameters.createParameters(Parameters.java:154)
	at org.testng.internal.Parameters.createParameters(Parameters.java:361)
	at org.testng.internal.Parameters.handleParameters(Parameters.java:451)
	at org.testng.internal.Invoker.handleParameters(Invoker.java:1274)
	at org.testng.internal.Invoker.createParameters(Invoker.java:989)
	at org.testng.internal.Invoker.invokeTestMethods(Invoker.java:1079)
	at org.testng.internal.TestMethodWorker.invokeTestMethods(TestMethodWorker.java:129)
	at org.testng.internal.TestMethodWorker.run(TestMethodWorker.java:112)
	at org.testng.TestRunner.privateRun(TestRunner.java:782)
	at org.testng.TestRunner.run(TestRunner.java:632)
	at org.testng.SuiteRunner.runTest(SuiteRunner.java:366)
	at org.testng.SuiteRunner.runSequentially(SuiteRunner.java:361)
	at org.testng.SuiteRunner.privateRun(SuiteRunner.java:319)
	at org.testng.SuiteRunner.run(SuiteRunner.java:268)
	at org.testng.SuiteRunnerWorker.runSuite(SuiteRunnerWorker.java:52)
	at org.testng.SuiteRunnerWorker.run(SuiteRunnerWorker.java:86)
	at org.testng.TestNG.runSuitesSequentially(TestNG.java:1244)
	at org.testng.TestNG.runSuitesLocally(TestNG.java:1169)
	at org.testng.TestNG.run(TestNG.java:1064)
	at org.testng.remote.RemoteTestNG.run(RemoteTestNG.java:113)
	at org.testng.remote.RemoteTestNG.initAndRun(RemoteTestNG.java:206)
	at org.testng.remote.RemoteTestNG.main(RemoteTestNG.java:177)
]]>
            </full-stacktrace>
          </exception> <!-- org.testng.TestNGException -->
          <reporter-output>
          </reporter-output>
        </test-method> <!-- GhgGetTestAPI -->
      </class> <!-- com.arcapi.CrossRatingSystemtestcases.GhgGetTest -->
      <class name="com.arcapi.CrossRatingSystemtestcases.AssetDataExportAPITest">
        <test-method status="SKIP" signature="getSuiteName(org.testng.ITestContext)[pri:0, instance:com.arcapi.CrossRatingSystemtestcases.AssetDataExportAPITest@1593948d]" name="getSuiteName" is-config="true" duration-ms="0" started-at="2019-09-19T16:52:28Z" finished-at="2019-09-19T16:52:28Z">
          <reporter-output>
          </reporter-output>
        </test-method> <!-- getSuiteName -->
        <test-method status="SKIP" signature="setBaseUri(java.lang.String)[pri:0, instance:com.arcapi.CrossRatingSystemtestcases.AssetDataExportAPITest@1593948d]" name="setBaseUri" is-config="true" duration-ms="0" started-at="2019-09-19T16:52:28Z" finished-at="2019-09-19T16:52:28Z">
          <reporter-output>
          </reporter-output>
        </test-method> <!-- setBaseUri -->
        <test-method status="SKIP" signature="AssetDataExportAPI(java.lang.String, java.lang.String, int)[pri:0, instance:com.arcapi.CrossRatingSystemtestcases.AssetDataExportAPITest@1593948d]" name="AssetDataExportAPI" duration-ms="0" started-at="2019-09-19T16:52:28Z" finished-at="2019-09-19T16:52:28Z">
          <exception class="org.testng.TestNGException">
            <message>
              <![CDATA[
Parameter 'SheetName' is required by @Test on method AssetDataExportAPI but has not been marked @Optional or defined
in D:\worksapceNew\TestArcAPI\src\main\resources\TestNGFiles\CrossRatingSystemTestng.xml]]>
            </message>
            <full-stacktrace>
              <![CDATA[org.testng.TestNGException: 
Parameter 'SheetName' is required by @Test on method AssetDataExportAPI but has not been marked @Optional or defined
in D:\worksapceNew\TestArcAPI\src\main\resources\TestNGFiles\CrossRatingSystemTestng.xml
	at org.testng.internal.Parameters.createParameters(Parameters.java:154)
	at org.testng.internal.Parameters.createParameters(Parameters.java:361)
	at org.testng.internal.Parameters.handleParameters(Parameters.java:451)
	at org.testng.internal.Invoker.handleParameters(Invoker.java:1274)
	at org.testng.internal.Invoker.createParameters(Invoker.java:989)
	at org.testng.internal.Invoker.invokeTestMethods(Invoker.java:1079)
	at org.testng.internal.TestMethodWorker.invokeTestMethods(TestMethodWorker.java:129)
	at org.testng.internal.TestMethodWorker.run(TestMethodWorker.java:112)
	at org.testng.TestRunner.privateRun(TestRunner.java:782)
	at org.testng.TestRunner.run(TestRunner.java:632)
	at org.testng.SuiteRunner.runTest(SuiteRunner.java:366)
	at org.testng.SuiteRunner.runSequentially(SuiteRunner.java:361)
	at org.testng.SuiteRunner.privateRun(SuiteRunner.java:319)
	at org.testng.SuiteRunner.run(SuiteRunner.java:268)
	at org.testng.SuiteRunnerWorker.runSuite(SuiteRunnerWorker.java:52)
	at org.testng.SuiteRunnerWorker.run(SuiteRunnerWorker.java:86)
	at org.testng.TestNG.runSuitesSequentially(TestNG.java:1244)
	at org.testng.TestNG.runSuitesLocally(TestNG.java:1169)
	at org.testng.TestNG.run(TestNG.java:1064)
	at org.testng.remote.RemoteTestNG.run(RemoteTestNG.java:113)
	at org.testng.remote.RemoteTestNG.initAndRun(RemoteTestNG.java:206)
	at org.testng.remote.RemoteTestNG.main(RemoteTestNG.java:177)
]]>
            </full-stacktrace>
          </exception> <!-- org.testng.TestNGException -->
          <reporter-output>
          </reporter-output>
        </test-method> <!-- AssetDataExportAPI -->
        <test-method status="SKIP" signature="end()[pri:0, instance:com.arcapi.CrossRatingSystemtestcases.AssetDataExportAPITest@1593948d]" name="end" is-config="true" duration-ms="0" started-at="2019-09-19T16:52:28Z" finished-at="2019-09-19T16:52:28Z">
          <reporter-output>
          </reporter-output>
        </test-method> <!-- end -->
      </class> <!-- com.arcapi.CrossRatingSystemtestcases.AssetDataExportAPITest -->
      <class name="com.arcapi.CrossRatingSystemtestcases.VOCGetTest">
        <test-method status="SKIP" signature="getSuiteName(org.testng.ITestContext)[pri:0, instance:com.arcapi.CrossRatingSystemtestcases.VOCGetTest@2a5ca609]" name="getSuiteName" is-config="true" duration-ms="0" started-at="2019-09-19T16:52:28Z" finished-at="2019-09-19T16:52:28Z">
          <reporter-output>
          </reporter-output>
        </test-method> <!-- getSuiteName -->
        <test-method status="SKIP" signature="setBaseUri(java.lang.String)[pri:0, instance:com.arcapi.CrossRatingSystemtestcases.VOCGetTest@2a5ca609]" name="setBaseUri" is-config="true" duration-ms="0" started-at="2019-09-19T16:52:28Z" finished-at="2019-09-19T16:52:28Z">
          <reporter-output>
          </reporter-output>
        </test-method> <!-- setBaseUri -->
        <test-method status="SKIP" signature="end()[pri:0, instance:com.arcapi.CrossRatingSystemtestcases.VOCGetTest@2a5ca609]" name="end" is-config="true" duration-ms="0" started-at="2019-09-19T16:52:28Z" finished-at="2019-09-19T16:52:28Z">
          <reporter-output>
          </reporter-output>
        </test-method> <!-- end -->
        <test-method status="SKIP" signature="VOCGet(java.lang.String, java.lang.String, int)[pri:0, instance:com.arcapi.CrossRatingSystemtestcases.VOCGetTest@2a5ca609]" name="VOCGet" duration-ms="0" started-at="2019-09-19T16:52:28Z" finished-at="2019-09-19T16:52:28Z">
          <exception class="org.testng.TestNGException">
            <message>
              <![CDATA[
Parameter 'SheetName' is required by @Test on method VOCGet but has not been marked @Optional or defined
in D:\worksapceNew\TestArcAPI\src\main\resources\TestNGFiles\CrossRatingSystemTestng.xml]]>
            </message>
            <full-stacktrace>
              <![CDATA[org.testng.TestNGException: 
Parameter 'SheetName' is required by @Test on method VOCGet but has not been marked @Optional or defined
in D:\worksapceNew\TestArcAPI\src\main\resources\TestNGFiles\CrossRatingSystemTestng.xml
	at org.testng.internal.Parameters.createParameters(Parameters.java:154)
	at org.testng.internal.Parameters.createParameters(Parameters.java:361)
	at org.testng.internal.Parameters.handleParameters(Parameters.java:451)
	at org.testng.internal.Invoker.handleParameters(Invoker.java:1274)
	at org.testng.internal.Invoker.createParameters(Invoker.java:989)
	at org.testng.internal.Invoker.invokeTestMethods(Invoker.java:1079)
	at org.testng.internal.TestMethodWorker.invokeTestMethods(TestMethodWorker.java:129)
	at org.testng.internal.TestMethodWorker.run(TestMethodWorker.java:112)
	at org.testng.TestRunner.privateRun(TestRunner.java:782)
	at org.testng.TestRunner.run(TestRunner.java:632)
	at org.testng.SuiteRunner.runTest(SuiteRunner.java:366)
	at org.testng.SuiteRunner.runSequentially(SuiteRunner.java:361)
	at org.testng.SuiteRunner.privateRun(SuiteRunner.java:319)
	at org.testng.SuiteRunner.run(SuiteRunner.java:268)
	at org.testng.SuiteRunnerWorker.runSuite(SuiteRunnerWorker.java:52)
	at org.testng.SuiteRunnerWorker.run(SuiteRunnerWorker.java:86)
	at org.testng.TestNG.runSuitesSequentially(TestNG.java:1244)
	at org.testng.TestNG.runSuitesLocally(TestNG.java:1169)
	at org.testng.TestNG.run(TestNG.java:1064)
	at org.testng.remote.RemoteTestNG.run(RemoteTestNG.java:113)
	at org.testng.remote.RemoteTestNG.initAndRun(RemoteTestNG.java:206)
	at org.testng.remote.RemoteTestNG.main(RemoteTestNG.java:177)
]]>
            </full-stacktrace>
          </exception> <!-- org.testng.TestNGException -->
          <reporter-output>
          </reporter-output>
        </test-method> <!-- VOCGet -->
      </class> <!-- com.arcapi.CrossRatingSystemtestcases.VOCGetTest -->
      <class name="com.arcapi.CrossRatingSystemtestcases.AssetNotificationSubscriptionListTest">
        <test-method status="SKIP" signature="setBaseUri(java.lang.String)[pri:0, instance:com.arcapi.CrossRatingSystemtestcases.AssetNotificationSubscriptionListTest@7823a2f9]" name="setBaseUri" is-config="true" duration-ms="0" started-at="2019-09-19T16:52:28Z" finished-at="2019-09-19T16:52:28Z">
          <reporter-output>
          </reporter-output>
        </test-method> <!-- setBaseUri -->
        <test-method status="SKIP" signature="getSuiteName(org.testng.ITestContext)[pri:0, instance:com.arcapi.CrossRatingSystemtestcases.AssetNotificationSubscriptionListTest@7823a2f9]" name="getSuiteName" is-config="true" duration-ms="0" started-at="2019-09-19T16:52:28Z" finished-at="2019-09-19T16:52:28Z">
          <reporter-output>
          </reporter-output>
        </test-method> <!-- getSuiteName -->
        <test-method status="SKIP" signature="AssetNotificationSubscriptionList(java.lang.String, java.lang.String, int)[pri:0, instance:com.arcapi.CrossRatingSystemtestcases.AssetNotificationSubscriptionListTest@7823a2f9]" name="AssetNotificationSubscriptionList" duration-ms="0" started-at="2019-09-19T16:52:28Z" finished-at="2019-09-19T16:52:28Z">
          <exception class="org.testng.TestNGException">
            <message>
              <![CDATA[
Parameter 'SheetName' is required by @Test on method AssetNotificationSubscriptionList but has not been marked @Optional or defined
in D:\worksapceNew\TestArcAPI\src\main\resources\TestNGFiles\CrossRatingSystemTestng.xml]]>
            </message>
            <full-stacktrace>
              <![CDATA[org.testng.TestNGException: 
Parameter 'SheetName' is required by @Test on method AssetNotificationSubscriptionList but has not been marked @Optional or defined
in D:\worksapceNew\TestArcAPI\src\main\resources\TestNGFiles\CrossRatingSystemTestng.xml
	at org.testng.internal.Parameters.createParameters(Parameters.java:154)
	at org.testng.internal.Parameters.createParameters(Parameters.java:361)
	at org.testng.internal.Parameters.handleParameters(Parameters.java:451)
	at org.testng.internal.Invoker.handleParameters(Invoker.java:1274)
	at org.testng.internal.Invoker.createParameters(Invoker.java:989)
	at org.testng.internal.Invoker.invokeTestMethods(Invoker.java:1079)
	at org.testng.internal.TestMethodWorker.invokeTestMethods(TestMethodWorker.java:129)
	at org.testng.internal.TestMethodWorker.run(TestMethodWorker.java:112)
	at org.testng.TestRunner.privateRun(TestRunner.java:782)
	at org.testng.TestRunner.run(TestRunner.java:632)
	at org.testng.SuiteRunner.runTest(SuiteRunner.java:366)
	at org.testng.SuiteRunner.runSequentially(SuiteRunner.java:361)
	at org.testng.SuiteRunner.privateRun(SuiteRunner.java:319)
	at org.testng.SuiteRunner.run(SuiteRunner.java:268)
	at org.testng.SuiteRunnerWorker.runSuite(SuiteRunnerWorker.java:52)
	at org.testng.SuiteRunnerWorker.run(SuiteRunnerWorker.java:86)
	at org.testng.TestNG.runSuitesSequentially(TestNG.java:1244)
	at org.testng.TestNG.runSuitesLocally(TestNG.java:1169)
	at org.testng.TestNG.run(TestNG.java:1064)
	at org.testng.remote.RemoteTestNG.run(RemoteTestNG.java:113)
	at org.testng.remote.RemoteTestNG.initAndRun(RemoteTestNG.java:206)
	at org.testng.remote.RemoteTestNG.main(RemoteTestNG.java:177)
]]>
            </full-stacktrace>
          </exception> <!-- org.testng.TestNGException -->
          <reporter-output>
          </reporter-output>
        </test-method> <!-- AssetNotificationSubscriptionList -->
        <test-method status="SKIP" signature="end()[pri:0, instance:com.arcapi.CrossRatingSystemtestcases.AssetNotificationSubscriptionListTest@7823a2f9]" name="end" is-config="true" duration-ms="0" started-at="2019-09-19T16:52:28Z" finished-at="2019-09-19T16:52:28Z">
          <reporter-output>
          </reporter-output>
        </test-method> <!-- end -->
      </class> <!-- com.arcapi.CrossRatingSystemtestcases.AssetNotificationSubscriptionListTest -->
      <class name="com.arcapi.CrossRatingSystemtestcases.WasteGetAPITest">
        <test-method status="SKIP" signature="getSuiteName(org.testng.ITestContext)[pri:0, instance:com.arcapi.CrossRatingSystemtestcases.WasteGetAPITest@6767c1fc]" name="getSuiteName" is-config="true" duration-ms="0" started-at="2019-09-19T16:52:28Z" finished-at="2019-09-19T16:52:28Z">
          <reporter-output>
          </reporter-output>
        </test-method> <!-- getSuiteName -->
        <test-method status="SKIP" signature="WasteGetAPI(java.lang.String, java.lang.String, int)[pri:0, instance:com.arcapi.CrossRatingSystemtestcases.WasteGetAPITest@6767c1fc]" name="WasteGetAPI" duration-ms="0" started-at="2019-09-19T16:52:28Z" finished-at="2019-09-19T16:52:28Z">
          <exception class="org.testng.TestNGException">
            <message>
              <![CDATA[
Parameter 'SheetName' is required by @Test on method WasteGetAPI but has not been marked @Optional or defined
in D:\worksapceNew\TestArcAPI\src\main\resources\TestNGFiles\CrossRatingSystemTestng.xml]]>
            </message>
            <full-stacktrace>
              <![CDATA[org.testng.TestNGException: 
Parameter 'SheetName' is required by @Test on method WasteGetAPI but has not been marked @Optional or defined
in D:\worksapceNew\TestArcAPI\src\main\resources\TestNGFiles\CrossRatingSystemTestng.xml
	at org.testng.internal.Parameters.createParameters(Parameters.java:154)
	at org.testng.internal.Parameters.createParameters(Parameters.java:361)
	at org.testng.internal.Parameters.handleParameters(Parameters.java:451)
	at org.testng.internal.Invoker.handleParameters(Invoker.java:1274)
	at org.testng.internal.Invoker.createParameters(Invoker.java:989)
	at org.testng.internal.Invoker.invokeTestMethods(Invoker.java:1079)
	at org.testng.internal.TestMethodWorker.invokeTestMethods(TestMethodWorker.java:129)
	at org.testng.internal.TestMethodWorker.run(TestMethodWorker.java:112)
	at org.testng.TestRunner.privateRun(TestRunner.java:782)
	at org.testng.TestRunner.run(TestRunner.java:632)
	at org.testng.SuiteRunner.runTest(SuiteRunner.java:366)
	at org.testng.SuiteRunner.runSequentially(SuiteRunner.java:361)
	at org.testng.SuiteRunner.privateRun(SuiteRunner.java:319)
	at org.testng.SuiteRunner.run(SuiteRunner.java:268)
	at org.testng.SuiteRunnerWorker.runSuite(SuiteRunnerWorker.java:52)
	at org.testng.SuiteRunnerWorker.run(SuiteRunnerWorker.java:86)
	at org.testng.TestNG.runSuitesSequentially(TestNG.java:1244)
	at org.testng.TestNG.runSuitesLocally(TestNG.java:1169)
	at org.testng.TestNG.run(TestNG.java:1064)
	at org.testng.remote.RemoteTestNG.run(RemoteTestNG.java:113)
	at org.testng.remote.RemoteTestNG.initAndRun(RemoteTestNG.java:206)
	at org.testng.remote.RemoteTestNG.main(RemoteTestNG.java:177)
]]>
            </full-stacktrace>
          </exception> <!-- org.testng.TestNGException -->
          <reporter-output>
          </reporter-output>
        </test-method> <!-- WasteGetAPI -->
        <test-method status="SKIP" signature="setBaseUri(java.lang.String)[pri:0, instance:com.arcapi.CrossRatingSystemtestcases.WasteGetAPITest@6767c1fc]" name="setBaseUri" is-config="true" duration-ms="0" started-at="2019-09-19T16:52:28Z" finished-at="2019-09-19T16:52:28Z">
          <reporter-output>
          </reporter-output>
        </test-method> <!-- setBaseUri -->
        <test-method status="SKIP" signature="end()[pri:0, instance:com.arcapi.CrossRatingSystemtestcases.WasteGetAPITest@6767c1fc]" name="end" is-config="true" duration-ms="0" started-at="2019-09-19T16:52:28Z" finished-at="2019-09-19T16:52:28Z">
          <reporter-output>
          </reporter-output>
        </test-method> <!-- end -->
      </class> <!-- com.arcapi.CrossRatingSystemtestcases.WasteGetAPITest -->
      <class name="com.arcapi.Common.PaymentOrderSubmitPOSTAPITest">
        <test-method status="SKIP" signature="getSuiteName(org.testng.ITestContext)[pri:0, instance:com.arcapi.Common.PaymentOrderSubmitPOSTAPITest@4f933fd1]" name="getSuiteName" is-config="true" duration-ms="0" started-at="2019-09-19T16:52:28Z" finished-at="2019-09-19T16:52:28Z">
          <reporter-output>
          </reporter-output>
        </test-method> <!-- getSuiteName -->
        <test-method status="SKIP" signature="PaymentOrderSubmitPOSTAPI(java.lang.String, java.lang.String, int, java.lang.String)[pri:0, instance:com.arcapi.Common.PaymentOrderSubmitPOSTAPITest@4f933fd1]" name="PaymentOrderSubmitPOSTAPI" duration-ms="0" started-at="2019-09-19T16:52:28Z" finished-at="2019-09-19T16:52:28Z">
          <exception class="org.testng.TestNGException">
            <message>
              <![CDATA[
Parameter 'SheetName' is required by @Test on method PaymentOrderSubmitPOSTAPI but has not been marked @Optional or defined
in D:\worksapceNew\TestArcAPI\src\main\resources\TestNGFiles\CrossRatingSystemTestng.xml]]>
            </message>
            <full-stacktrace>
              <![CDATA[org.testng.TestNGException: 
Parameter 'SheetName' is required by @Test on method PaymentOrderSubmitPOSTAPI but has not been marked @Optional or defined
in D:\worksapceNew\TestArcAPI\src\main\resources\TestNGFiles\CrossRatingSystemTestng.xml
	at org.testng.internal.Parameters.createParameters(Parameters.java:154)
	at org.testng.internal.Parameters.createParameters(Parameters.java:361)
	at org.testng.internal.Parameters.handleParameters(Parameters.java:451)
	at org.testng.internal.Invoker.handleParameters(Invoker.java:1274)
	at org.testng.internal.Invoker.createParameters(Invoker.java:989)
	at org.testng.internal.Invoker.invokeTestMethods(Invoker.java:1079)
	at org.testng.internal.TestMethodWorker.invokeTestMethods(TestMethodWorker.java:129)
	at org.testng.internal.TestMethodWorker.run(TestMethodWorker.java:112)
	at org.testng.TestRunner.privateRun(TestRunner.java:782)
	at org.testng.TestRunner.run(TestRunner.java:632)
	at org.testng.SuiteRunner.runTest(SuiteRunner.java:366)
	at org.testng.SuiteRunner.runSequentially(SuiteRunner.java:361)
	at org.testng.SuiteRunner.privateRun(SuiteRunner.java:319)
	at org.testng.SuiteRunner.run(SuiteRunner.java:268)
	at org.testng.SuiteRunnerWorker.runSuite(SuiteRunnerWorker.java:52)
	at org.testng.SuiteRunnerWorker.run(SuiteRunnerWorker.java:86)
	at org.testng.TestNG.runSuitesSequentially(TestNG.java:1244)
	at org.testng.TestNG.runSuitesLocally(TestNG.java:1169)
	at org.testng.TestNG.run(TestNG.java:1064)
	at org.testng.remote.RemoteTestNG.run(RemoteTestNG.java:113)
	at org.testng.remote.RemoteTestNG.initAndRun(RemoteTestNG.java:206)
	at org.testng.remote.RemoteTestNG.main(RemoteTestNG.java:177)
]]>
            </full-stacktrace>
          </exception> <!-- org.testng.TestNGException -->
          <reporter-output>
          </reporter-output>
        </test-method> <!-- PaymentOrderSubmitPOSTAPI -->
        <test-method status="SKIP" signature="setBaseUri(java.lang.String)[pri:0, instance:com.arcapi.Common.PaymentOrderSubmitPOSTAPITest@4f933fd1]" name="setBaseUri" is-config="true" duration-ms="0" started-at="2019-09-19T16:52:28Z" finished-at="2019-09-19T16:52:28Z">
          <reporter-output>
          </reporter-output>
        </test-method> <!-- setBaseUri -->
        <test-method status="SKIP" signature="end()[pri:0, instance:com.arcapi.Common.PaymentOrderSubmitPOSTAPITest@4f933fd1]" name="end" is-config="true" duration-ms="0" started-at="2019-09-19T16:52:28Z" finished-at="2019-09-19T16:52:28Z">
          <reporter-output>
          </reporter-output>
        </test-method> <!-- end -->
      </class> <!-- com.arcapi.Common.PaymentOrderSubmitPOSTAPITest -->
      <class name="com.arcapi.CrossRatingSystemtestcases.EnvironmentSurveyGetAPITest">
        <test-method status="SKIP" signature="getSuiteName(org.testng.ITestContext)[pri:0, instance:com.arcapi.CrossRatingSystemtestcases.EnvironmentSurveyGetAPITest@7c16905e]" name="getSuiteName" is-config="true" duration-ms="0" started-at="2019-09-19T16:52:28Z" finished-at="2019-09-19T16:52:28Z">
          <reporter-output>
          </reporter-output>
        </test-method> <!-- getSuiteName -->
        <test-method status="SKIP" signature="setBaseUri(java.lang.String)[pri:0, instance:com.arcapi.CrossRatingSystemtestcases.EnvironmentSurveyGetAPITest@7c16905e]" name="setBaseUri" is-config="true" duration-ms="0" started-at="2019-09-19T16:52:28Z" finished-at="2019-09-19T16:52:28Z">
          <reporter-output>
          </reporter-output>
        </test-method> <!-- setBaseUri -->
        <test-method status="SKIP" signature="EnvironmentSurveyGetAPI(java.lang.String, java.lang.String, int)[pri:0, instance:com.arcapi.CrossRatingSystemtestcases.EnvironmentSurveyGetAPITest@7c16905e]" name="EnvironmentSurveyGetAPI" duration-ms="0" started-at="2019-09-19T16:52:28Z" finished-at="2019-09-19T16:52:28Z">
          <exception class="org.testng.TestNGException">
            <message>
              <![CDATA[
Parameter 'SheetName' is required by @Test on method EnvironmentSurveyGetAPI but has not been marked @Optional or defined
in D:\worksapceNew\TestArcAPI\src\main\resources\TestNGFiles\CrossRatingSystemTestng.xml]]>
            </message>
            <full-stacktrace>
              <![CDATA[org.testng.TestNGException: 
Parameter 'SheetName' is required by @Test on method EnvironmentSurveyGetAPI but has not been marked @Optional or defined
in D:\worksapceNew\TestArcAPI\src\main\resources\TestNGFiles\CrossRatingSystemTestng.xml
	at org.testng.internal.Parameters.createParameters(Parameters.java:154)
	at org.testng.internal.Parameters.createParameters(Parameters.java:361)
	at org.testng.internal.Parameters.handleParameters(Parameters.java:451)
	at org.testng.internal.Invoker.handleParameters(Invoker.java:1274)
	at org.testng.internal.Invoker.createParameters(Invoker.java:989)
	at org.testng.internal.Invoker.invokeTestMethods(Invoker.java:1079)
	at org.testng.internal.TestMethodWorker.invokeTestMethods(TestMethodWorker.java:129)
	at org.testng.internal.TestMethodWorker.run(TestMethodWorker.java:112)
	at org.testng.TestRunner.privateRun(TestRunner.java:782)
	at org.testng.TestRunner.run(TestRunner.java:632)
	at org.testng.SuiteRunner.runTest(SuiteRunner.java:366)
	at org.testng.SuiteRunner.runSequentially(SuiteRunner.java:361)
	at org.testng.SuiteRunner.privateRun(SuiteRunner.java:319)
	at org.testng.SuiteRunner.run(SuiteRunner.java:268)
	at org.testng.SuiteRunnerWorker.runSuite(SuiteRunnerWorker.java:52)
	at org.testng.SuiteRunnerWorker.run(SuiteRunnerWorker.java:86)
	at org.testng.TestNG.runSuitesSequentially(TestNG.java:1244)
	at org.testng.TestNG.runSuitesLocally(TestNG.java:1169)
	at org.testng.TestNG.run(TestNG.java:1064)
	at org.testng.remote.RemoteTestNG.run(RemoteTestNG.java:113)
	at org.testng.remote.RemoteTestNG.initAndRun(RemoteTestNG.java:206)
	at org.testng.remote.RemoteTestNG.main(RemoteTestNG.java:177)
]]>
            </full-stacktrace>
          </exception> <!-- org.testng.TestNGException -->
          <reporter-output>
          </reporter-output>
        </test-method> <!-- EnvironmentSurveyGetAPI -->
        <test-method status="SKIP" signature="end()[pri:0, instance:com.arcapi.CrossRatingSystemtestcases.EnvironmentSurveyGetAPITest@7c16905e]" name="end" is-config="true" duration-ms="0" started-at="2019-09-19T16:52:28Z" finished-at="2019-09-19T16:52:28Z">
          <reporter-output>
          </reporter-output>
        </test-method> <!-- end -->
      </class> <!-- com.arcapi.CrossRatingSystemtestcases.EnvironmentSurveyGetAPITest -->
      <class name="com.arcapi.Parksmarttestcases.CreateAssetParksmartPOSTAPITest">
        <test-method status="SKIP" signature="setBaseUri(java.lang.String)[pri:0, instance:com.arcapi.Parksmarttestcases.CreateAssetParksmartPOSTAPITest@5419f379]" name="setBaseUri" is-config="true" duration-ms="0" started-at="2019-09-19T16:52:28Z" finished-at="2019-09-19T16:52:28Z">
          <reporter-output>
          </reporter-output>
        </test-method> <!-- setBaseUri -->
        <test-method status="SKIP" signature="CreateAssetParksmartPOST(java.lang.String, java.lang.String, java.lang.String, java.lang.String)[pri:0, instance:com.arcapi.Parksmarttestcases.CreateAssetParksmartPOSTAPITest@5419f379]" name="CreateAssetParksmartPOST" duration-ms="0" started-at="2019-09-19T16:52:28Z" finished-at="2019-09-19T16:52:28Z">
          <exception class="org.testng.TestNGException">
            <message>
              <![CDATA[
Parameter 'Country' is required by @Test on method CreateAssetParksmartPOST but has not been marked @Optional or defined
in D:\worksapceNew\TestArcAPI\src\main\resources\TestNGFiles\CrossRatingSystemTestng.xml]]>
            </message>
            <full-stacktrace>
              <![CDATA[org.testng.TestNGException: 
Parameter 'Country' is required by @Test on method CreateAssetParksmartPOST but has not been marked @Optional or defined
in D:\worksapceNew\TestArcAPI\src\main\resources\TestNGFiles\CrossRatingSystemTestng.xml
	at org.testng.internal.Parameters.createParameters(Parameters.java:154)
	at org.testng.internal.Parameters.createParameters(Parameters.java:361)
	at org.testng.internal.Parameters.handleParameters(Parameters.java:451)
	at org.testng.internal.Invoker.handleParameters(Invoker.java:1274)
	at org.testng.internal.Invoker.createParameters(Invoker.java:989)
	at org.testng.internal.Invoker.invokeTestMethods(Invoker.java:1079)
	at org.testng.internal.TestMethodWorker.invokeTestMethods(TestMethodWorker.java:129)
	at org.testng.internal.TestMethodWorker.run(TestMethodWorker.java:112)
	at org.testng.TestRunner.privateRun(TestRunner.java:782)
	at org.testng.TestRunner.run(TestRunner.java:632)
	at org.testng.SuiteRunner.runTest(SuiteRunner.java:366)
	at org.testng.SuiteRunner.runSequentially(SuiteRunner.java:361)
	at org.testng.SuiteRunner.privateRun(SuiteRunner.java:319)
	at org.testng.SuiteRunner.run(SuiteRunner.java:268)
	at org.testng.SuiteRunnerWorker.runSuite(SuiteRunnerWorker.java:52)
	at org.testng.SuiteRunnerWorker.run(SuiteRunnerWorker.java:86)
	at org.testng.TestNG.runSuitesSequentially(TestNG.java:1244)
	at org.testng.TestNG.runSuitesLocally(TestNG.java:1169)
	at org.testng.TestNG.run(TestNG.java:1064)
	at org.testng.remote.RemoteTestNG.run(RemoteTestNG.java:113)
	at org.testng.remote.RemoteTestNG.initAndRun(RemoteTestNG.java:206)
	at org.testng.remote.RemoteTestNG.main(RemoteTestNG.java:177)
]]>
            </full-stacktrace>
          </exception> <!-- org.testng.TestNGException -->
          <reporter-output>
          </reporter-output>
        </test-method> <!-- CreateAssetParksmartPOST -->
        <test-method status="SKIP" signature="getSuiteName(org.testng.ITestContext)[pri:0, instance:com.arcapi.Parksmarttestcases.CreateAssetParksmartPOSTAPITest@5419f379]" name="getSuiteName" is-config="true" duration-ms="0" started-at="2019-09-19T16:52:28Z" finished-at="2019-09-19T16:52:28Z">
          <reporter-output>
          </reporter-output>
        </test-method> <!-- getSuiteName -->
        <test-method status="SKIP" signature="end()[pri:0, instance:com.arcapi.Parksmarttestcases.CreateAssetParksmartPOSTAPITest@5419f379]" name="end" is-config="true" duration-ms="0" started-at="2019-09-19T16:52:28Z" finished-at="2019-09-19T16:52:28Z">
          <reporter-output>
          </reporter-output>
        </test-method> <!-- end -->
      </class> <!-- com.arcapi.Parksmarttestcases.CreateAssetParksmartPOSTAPITest -->
      <class name="com.arcapi.Common.AddAssestTimelinePOSTAPITest">
        <test-method status="SKIP" signature="getSuiteName(org.testng.ITestContext)[pri:0, instance:com.arcapi.Common.AddAssestTimelinePOSTAPITest@548a9f61]" name="getSuiteName" is-config="true" duration-ms="0" started-at="2019-09-19T16:52:28Z" finished-at="2019-09-19T16:52:28Z">
          <reporter-output>
          </reporter-output>
        </test-method> <!-- getSuiteName -->
        <test-method status="SKIP" signature="setBaseUri(java.lang.String)[pri:0, instance:com.arcapi.Common.AddAssestTimelinePOSTAPITest@548a9f61]" name="setBaseUri" is-config="true" duration-ms="0" started-at="2019-09-19T16:52:28Z" finished-at="2019-09-19T16:52:28Z">
          <reporter-output>
          </reporter-output>
        </test-method> <!-- setBaseUri -->
        <test-method status="SKIP" signature="AddAssestTimeline(java.lang.String, java.lang.String, int)[pri:0, instance:com.arcapi.Common.AddAssestTimelinePOSTAPITest@548a9f61]" name="AddAssestTimeline" duration-ms="0" started-at="2019-09-19T16:52:28Z" finished-at="2019-09-19T16:52:28Z">
          <exception class="org.testng.TestNGException">
            <message>
              <![CDATA[
Parameter 'SheetName' is required by @Test on method AddAssestTimeline but has not been marked @Optional or defined
in D:\worksapceNew\TestArcAPI\src\main\resources\TestNGFiles\CrossRatingSystemTestng.xml]]>
            </message>
            <full-stacktrace>
              <![CDATA[org.testng.TestNGException: 
Parameter 'SheetName' is required by @Test on method AddAssestTimeline but has not been marked @Optional or defined
in D:\worksapceNew\TestArcAPI\src\main\resources\TestNGFiles\CrossRatingSystemTestng.xml
	at org.testng.internal.Parameters.createParameters(Parameters.java:154)
	at org.testng.internal.Parameters.createParameters(Parameters.java:361)
	at org.testng.internal.Parameters.handleParameters(Parameters.java:451)
	at org.testng.internal.Invoker.handleParameters(Invoker.java:1274)
	at org.testng.internal.Invoker.createParameters(Invoker.java:989)
	at org.testng.internal.Invoker.invokeTestMethods(Invoker.java:1079)
	at org.testng.internal.TestMethodWorker.invokeTestMethods(TestMethodWorker.java:129)
	at org.testng.internal.TestMethodWorker.run(TestMethodWorker.java:112)
	at org.testng.TestRunner.privateRun(TestRunner.java:782)
	at org.testng.TestRunner.run(TestRunner.java:632)
	at org.testng.SuiteRunner.runTest(SuiteRunner.java:366)
	at org.testng.SuiteRunner.runSequentially(SuiteRunner.java:361)
	at org.testng.SuiteRunner.privateRun(SuiteRunner.java:319)
	at org.testng.SuiteRunner.run(SuiteRunner.java:268)
	at org.testng.SuiteRunnerWorker.runSuite(SuiteRunnerWorker.java:52)
	at org.testng.SuiteRunnerWorker.run(SuiteRunnerWorker.java:86)
	at org.testng.TestNG.runSuitesSequentially(TestNG.java:1244)
	at org.testng.TestNG.runSuitesLocally(TestNG.java:1169)
	at org.testng.TestNG.run(TestNG.java:1064)
	at org.testng.remote.RemoteTestNG.run(RemoteTestNG.java:113)
	at org.testng.remote.RemoteTestNG.initAndRun(RemoteTestNG.java:206)
	at org.testng.remote.RemoteTestNG.main(RemoteTestNG.java:177)
]]>
            </full-stacktrace>
          </exception> <!-- org.testng.TestNGException -->
          <reporter-output>
          </reporter-output>
        </test-method> <!-- AddAssestTimeline -->
        <test-method status="SKIP" signature="end()[pri:0, instance:com.arcapi.Common.AddAssestTimelinePOSTAPITest@548a9f61]" name="end" is-config="true" duration-ms="0" started-at="2019-09-19T16:52:28Z" finished-at="2019-09-19T16:52:28Z">
          <reporter-output>
          </reporter-output>
        </test-method> <!-- end -->
      </class> <!-- com.arcapi.Common.AddAssestTimelinePOSTAPITest -->
      <class name="com.arcapi.CrossRatingSystemtestcases.WaterGetTest">
        <test-method status="SKIP" signature="getSuiteName(org.testng.ITestContext)[pri:0, instance:com.arcapi.CrossRatingSystemtestcases.WaterGetTest@675d3402]" name="getSuiteName" is-config="true" duration-ms="0" started-at="2019-09-19T16:52:28Z" finished-at="2019-09-19T16:52:28Z">
          <reporter-output>
          </reporter-output>
        </test-method> <!-- getSuiteName -->
        <test-method status="SKIP" signature="setBaseUri(java.lang.String)[pri:0, instance:com.arcapi.CrossRatingSystemtestcases.WaterGetTest@675d3402]" name="setBaseUri" is-config="true" duration-ms="0" started-at="2019-09-19T16:52:28Z" finished-at="2019-09-19T16:52:28Z">
          <reporter-output>
          </reporter-output>
        </test-method> <!-- setBaseUri -->
        <test-method status="SKIP" signature="WaterGet(java.lang.String, java.lang.String, int)[pri:0, instance:com.arcapi.CrossRatingSystemtestcases.WaterGetTest@675d3402]" name="WaterGet" duration-ms="0" started-at="2019-09-19T16:52:28Z" finished-at="2019-09-19T16:52:28Z">
          <exception class="org.testng.TestNGException">
            <message>
              <![CDATA[
Parameter 'SheetName' is required by @Test on method WaterGet but has not been marked @Optional or defined
in D:\worksapceNew\TestArcAPI\src\main\resources\TestNGFiles\CrossRatingSystemTestng.xml]]>
            </message>
            <full-stacktrace>
              <![CDATA[org.testng.TestNGException: 
Parameter 'SheetName' is required by @Test on method WaterGet but has not been marked @Optional or defined
in D:\worksapceNew\TestArcAPI\src\main\resources\TestNGFiles\CrossRatingSystemTestng.xml
	at org.testng.internal.Parameters.createParameters(Parameters.java:154)
	at org.testng.internal.Parameters.createParameters(Parameters.java:361)
	at org.testng.internal.Parameters.handleParameters(Parameters.java:451)
	at org.testng.internal.Invoker.handleParameters(Invoker.java:1274)
	at org.testng.internal.Invoker.createParameters(Invoker.java:989)
	at org.testng.internal.Invoker.invokeTestMethods(Invoker.java:1079)
	at org.testng.internal.TestMethodWorker.invokeTestMethods(TestMethodWorker.java:129)
	at org.testng.internal.TestMethodWorker.run(TestMethodWorker.java:112)
	at org.testng.TestRunner.privateRun(TestRunner.java:782)
	at org.testng.TestRunner.run(TestRunner.java:632)
	at org.testng.SuiteRunner.runTest(SuiteRunner.java:366)
	at org.testng.SuiteRunner.runSequentially(SuiteRunner.java:361)
	at org.testng.SuiteRunner.privateRun(SuiteRunner.java:319)
	at org.testng.SuiteRunner.run(SuiteRunner.java:268)
	at org.testng.SuiteRunnerWorker.runSuite(SuiteRunnerWorker.java:52)
	at org.testng.SuiteRunnerWorker.run(SuiteRunnerWorker.java:86)
	at org.testng.TestNG.runSuitesSequentially(TestNG.java:1244)
	at org.testng.TestNG.runSuitesLocally(TestNG.java:1169)
	at org.testng.TestNG.run(TestNG.java:1064)
	at org.testng.remote.RemoteTestNG.run(RemoteTestNG.java:113)
	at org.testng.remote.RemoteTestNG.initAndRun(RemoteTestNG.java:206)
	at org.testng.remote.RemoteTestNG.main(RemoteTestNG.java:177)
]]>
            </full-stacktrace>
          </exception> <!-- org.testng.TestNGException -->
          <reporter-output>
          </reporter-output>
        </test-method> <!-- WaterGet -->
        <test-method status="SKIP" signature="end()[pri:0, instance:com.arcapi.CrossRatingSystemtestcases.WaterGetTest@675d3402]" name="end" is-config="true" duration-ms="0" started-at="2019-09-19T16:52:28Z" finished-at="2019-09-19T16:52:28Z">
          <reporter-output>
          </reporter-output>
        </test-method> <!-- end -->
      </class> <!-- com.arcapi.CrossRatingSystemtestcases.WaterGetTest -->
      <class name="com.arcapi.CrossRatingSystemtestcases.RidershipDataGetAPITest">
        <test-method status="SKIP" signature="setBaseUri(java.lang.String)[pri:0, instance:com.arcapi.CrossRatingSystemtestcases.RidershipDataGetAPITest@1753acfe]" name="setBaseUri" is-config="true" duration-ms="0" started-at="2019-09-19T16:52:28Z" finished-at="2019-09-19T16:52:28Z">
          <reporter-output>
          </reporter-output>
        </test-method> <!-- setBaseUri -->
        <test-method status="SKIP" signature="end()[pri:0, instance:com.arcapi.CrossRatingSystemtestcases.RidershipDataGetAPITest@1753acfe]" name="end" is-config="true" duration-ms="0" started-at="2019-09-19T16:52:28Z" finished-at="2019-09-19T16:52:28Z">
          <reporter-output>
          </reporter-output>
        </test-method> <!-- end -->
        <test-method status="SKIP" signature="RidershipDataGetAPI(java.lang.String, java.lang.String, int)[pri:0, instance:com.arcapi.CrossRatingSystemtestcases.RidershipDataGetAPITest@1753acfe]" name="RidershipDataGetAPI" duration-ms="0" started-at="2019-09-19T16:52:28Z" finished-at="2019-09-19T16:52:28Z">
          <exception class="org.testng.TestNGException">
            <message>
              <![CDATA[
Parameter 'SheetName' is required by @Test on method RidershipDataGetAPI but has not been marked @Optional or defined
in D:\worksapceNew\TestArcAPI\src\main\resources\TestNGFiles\CrossRatingSystemTestng.xml]]>
            </message>
            <full-stacktrace>
              <![CDATA[org.testng.TestNGException: 
Parameter 'SheetName' is required by @Test on method RidershipDataGetAPI but has not been marked @Optional or defined
in D:\worksapceNew\TestArcAPI\src\main\resources\TestNGFiles\CrossRatingSystemTestng.xml
	at org.testng.internal.Parameters.createParameters(Parameters.java:154)
	at org.testng.internal.Parameters.createParameters(Parameters.java:361)
	at org.testng.internal.Parameters.handleParameters(Parameters.java:451)
	at org.testng.internal.Invoker.handleParameters(Invoker.java:1274)
	at org.testng.internal.Invoker.createParameters(Invoker.java:989)
	at org.testng.internal.Invoker.invokeTestMethods(Invoker.java:1079)
	at org.testng.internal.TestMethodWorker.invokeTestMethods(TestMethodWorker.java:129)
	at org.testng.internal.TestMethodWorker.run(TestMethodWorker.java:112)
	at org.testng.TestRunner.privateRun(TestRunner.java:782)
	at org.testng.TestRunner.run(TestRunner.java:632)
	at org.testng.SuiteRunner.runTest(SuiteRunner.java:366)
	at org.testng.SuiteRunner.runSequentially(SuiteRunner.java:361)
	at org.testng.SuiteRunner.privateRun(SuiteRunner.java:319)
	at org.testng.SuiteRunner.run(SuiteRunner.java:268)
	at org.testng.SuiteRunnerWorker.runSuite(SuiteRunnerWorker.java:52)
	at org.testng.SuiteRunnerWorker.run(SuiteRunnerWorker.java:86)
	at org.testng.TestNG.runSuitesSequentially(TestNG.java:1244)
	at org.testng.TestNG.runSuitesLocally(TestNG.java:1169)
	at org.testng.TestNG.run(TestNG.java:1064)
	at org.testng.remote.RemoteTestNG.run(RemoteTestNG.java:113)
	at org.testng.remote.RemoteTestNG.initAndRun(RemoteTestNG.java:206)
	at org.testng.remote.RemoteTestNG.main(RemoteTestNG.java:177)
]]>
            </full-stacktrace>
          </exception> <!-- org.testng.TestNGException -->
          <reporter-output>
          </reporter-output>
        </test-method> <!-- RidershipDataGetAPI -->
        <test-method status="SKIP" signature="getSuiteName(org.testng.ITestContext)[pri:0, instance:com.arcapi.CrossRatingSystemtestcases.RidershipDataGetAPITest@1753acfe]" name="getSuiteName" is-config="true" duration-ms="0" started-at="2019-09-19T16:52:28Z" finished-at="2019-09-19T16:52:28Z">
          <reporter-output>
          </reporter-output>
        </test-method> <!-- getSuiteName -->
      </class> <!-- com.arcapi.CrossRatingSystemtestcases.RidershipDataGetAPITest -->
      <class name="com.arcapi.CrossRatingSystemtestcases.NotificationGetAPITest">
        <test-method status="SKIP" signature="getSuiteName(org.testng.ITestContext)[pri:0, instance:com.arcapi.CrossRatingSystemtestcases.NotificationGetAPITest@724af044]" name="getSuiteName" is-config="true" duration-ms="0" started-at="2019-09-19T16:52:28Z" finished-at="2019-09-19T16:52:28Z">
          <reporter-output>
          </reporter-output>
        </test-method> <!-- getSuiteName -->
        <test-method status="SKIP" signature="setBaseUri(java.lang.String)[pri:0, instance:com.arcapi.CrossRatingSystemtestcases.NotificationGetAPITest@724af044]" name="setBaseUri" is-config="true" duration-ms="0" started-at="2019-09-19T16:52:28Z" finished-at="2019-09-19T16:52:28Z">
          <reporter-output>
          </reporter-output>
        </test-method> <!-- setBaseUri -->
        <test-method status="SKIP" signature="NotificationGetAPI(java.lang.String, java.lang.String, int)[pri:0, instance:com.arcapi.CrossRatingSystemtestcases.NotificationGetAPITest@724af044]" name="NotificationGetAPI" duration-ms="0" started-at="2019-09-19T16:52:28Z" finished-at="2019-09-19T16:52:28Z">
          <exception class="org.testng.TestNGException">
            <message>
              <![CDATA[
Parameter 'SheetName' is required by @Test on method NotificationGetAPI but has not been marked @Optional or defined
in D:\worksapceNew\TestArcAPI\src\main\resources\TestNGFiles\CrossRatingSystemTestng.xml]]>
            </message>
            <full-stacktrace>
              <![CDATA[org.testng.TestNGException: 
Parameter 'SheetName' is required by @Test on method NotificationGetAPI but has not been marked @Optional or defined
in D:\worksapceNew\TestArcAPI\src\main\resources\TestNGFiles\CrossRatingSystemTestng.xml
	at org.testng.internal.Parameters.createParameters(Parameters.java:154)
	at org.testng.internal.Parameters.createParameters(Parameters.java:361)
	at org.testng.internal.Parameters.handleParameters(Parameters.java:451)
	at org.testng.internal.Invoker.handleParameters(Invoker.java:1274)
	at org.testng.internal.Invoker.createParameters(Invoker.java:989)
	at org.testng.internal.Invoker.invokeTestMethods(Invoker.java:1079)
	at org.testng.internal.TestMethodWorker.invokeTestMethods(TestMethodWorker.java:129)
	at org.testng.internal.TestMethodWorker.run(TestMethodWorker.java:112)
	at org.testng.TestRunner.privateRun(TestRunner.java:782)
	at org.testng.TestRunner.run(TestRunner.java:632)
	at org.testng.SuiteRunner.runTest(SuiteRunner.java:366)
	at org.testng.SuiteRunner.runSequentially(SuiteRunner.java:361)
	at org.testng.SuiteRunner.privateRun(SuiteRunner.java:319)
	at org.testng.SuiteRunner.run(SuiteRunner.java:268)
	at org.testng.SuiteRunnerWorker.runSuite(SuiteRunnerWorker.java:52)
	at org.testng.SuiteRunnerWorker.run(SuiteRunnerWorker.java:86)
	at org.testng.TestNG.runSuitesSequentially(TestNG.java:1244)
	at org.testng.TestNG.runSuitesLocally(TestNG.java:1169)
	at org.testng.TestNG.run(TestNG.java:1064)
	at org.testng.remote.RemoteTestNG.run(RemoteTestNG.java:113)
	at org.testng.remote.RemoteTestNG.initAndRun(RemoteTestNG.java:206)
	at org.testng.remote.RemoteTestNG.main(RemoteTestNG.java:177)
]]>
            </full-stacktrace>
          </exception> <!-- org.testng.TestNGException -->
          <reporter-output>
          </reporter-output>
        </test-method> <!-- NotificationGetAPI -->
        <test-method status="SKIP" signature="end()[pri:0, instance:com.arcapi.CrossRatingSystemtestcases.NotificationGetAPITest@724af044]" name="end" is-config="true" duration-ms="0" started-at="2019-09-19T16:52:28Z" finished-at="2019-09-19T16:52:28Z">
          <reporter-output>
          </reporter-output>
        </test-method> <!-- end -->
      </class> <!-- com.arcapi.CrossRatingSystemtestcases.NotificationGetAPITest -->
      <class name="com.arcapi.CrossRatingSystemtestcases.AssetDataSnapshotAPITest">
        <test-method status="SKIP" signature="setBaseUri(java.lang.String)[pri:0, instance:com.arcapi.CrossRatingSystemtestcases.AssetDataSnapshotAPITest@1b604f19]" name="setBaseUri" is-config="true" duration-ms="0" started-at="2019-09-19T16:52:28Z" finished-at="2019-09-19T16:52:28Z">
          <reporter-output>
          </reporter-output>
        </test-method> <!-- setBaseUri -->
        <test-method status="SKIP" signature="getSuiteName(org.testng.ITestContext)[pri:0, instance:com.arcapi.CrossRatingSystemtestcases.AssetDataSnapshotAPITest@1b604f19]" name="getSuiteName" is-config="true" duration-ms="0" started-at="2019-09-19T16:52:28Z" finished-at="2019-09-19T16:52:28Z">
          <reporter-output>
          </reporter-output>
        </test-method> <!-- getSuiteName -->
        <test-method status="SKIP" signature="AssetDataSnapshotAPI(java.lang.String, java.lang.String, int)[pri:0, instance:com.arcapi.CrossRatingSystemtestcases.AssetDataSnapshotAPITest@1b604f19]" name="AssetDataSnapshotAPI" duration-ms="0" started-at="2019-09-19T16:52:28Z" finished-at="2019-09-19T16:52:28Z">
          <exception class="org.testng.TestNGException">
            <message>
              <![CDATA[
Parameter 'SheetName' is required by @Test on method AssetDataSnapshotAPI but has not been marked @Optional or defined
in D:\worksapceNew\TestArcAPI\src\main\resources\TestNGFiles\CrossRatingSystemTestng.xml]]>
            </message>
            <full-stacktrace>
              <![CDATA[org.testng.TestNGException: 
Parameter 'SheetName' is required by @Test on method AssetDataSnapshotAPI but has not been marked @Optional or defined
in D:\worksapceNew\TestArcAPI\src\main\resources\TestNGFiles\CrossRatingSystemTestng.xml
	at org.testng.internal.Parameters.createParameters(Parameters.java:154)
	at org.testng.internal.Parameters.createParameters(Parameters.java:361)
	at org.testng.internal.Parameters.handleParameters(Parameters.java:451)
	at org.testng.internal.Invoker.handleParameters(Invoker.java:1274)
	at org.testng.internal.Invoker.createParameters(Invoker.java:989)
	at org.testng.internal.Invoker.invokeTestMethods(Invoker.java:1079)
	at org.testng.internal.TestMethodWorker.invokeTestMethods(TestMethodWorker.java:129)
	at org.testng.internal.TestMethodWorker.run(TestMethodWorker.java:112)
	at org.testng.TestRunner.privateRun(TestRunner.java:782)
	at org.testng.TestRunner.run(TestRunner.java:632)
	at org.testng.SuiteRunner.runTest(SuiteRunner.java:366)
	at org.testng.SuiteRunner.runSequentially(SuiteRunner.java:361)
	at org.testng.SuiteRunner.privateRun(SuiteRunner.java:319)
	at org.testng.SuiteRunner.run(SuiteRunner.java:268)
	at org.testng.SuiteRunnerWorker.runSuite(SuiteRunnerWorker.java:52)
	at org.testng.SuiteRunnerWorker.run(SuiteRunnerWorker.java:86)
	at org.testng.TestNG.runSuitesSequentially(TestNG.java:1244)
	at org.testng.TestNG.runSuitesLocally(TestNG.java:1169)
	at org.testng.TestNG.run(TestNG.java:1064)
	at org.testng.remote.RemoteTestNG.run(RemoteTestNG.java:113)
	at org.testng.remote.RemoteTestNG.initAndRun(RemoteTestNG.java:206)
	at org.testng.remote.RemoteTestNG.main(RemoteTestNG.java:177)
]]>
            </full-stacktrace>
          </exception> <!-- org.testng.TestNGException -->
          <reporter-output>
          </reporter-output>
        </test-method> <!-- AssetDataSnapshotAPI -->
        <test-method status="SKIP" signature="end()[pri:0, instance:com.arcapi.CrossRatingSystemtestcases.AssetDataSnapshotAPITest@1b604f19]" name="end" is-config="true" duration-ms="0" started-at="2019-09-19T16:52:28Z" finished-at="2019-09-19T16:52:28Z">
          <reporter-output>
          </reporter-output>
        </test-method> <!-- end -->
      </class> <!-- com.arcapi.CrossRatingSystemtestcases.AssetDataSnapshotAPITest -->
      <class name="com.arcapi.CrossRatingSystemtestcases.TemperatureDataGetTest">
        <test-method status="SKIP" signature="setBaseUri(java.lang.String)[pri:0, instance:com.arcapi.CrossRatingSystemtestcases.TemperatureDataGetTest@28feb3fa]" name="setBaseUri" is-config="true" duration-ms="0" started-at="2019-09-19T16:52:28Z" finished-at="2019-09-19T16:52:28Z">
          <reporter-output>
          </reporter-output>
        </test-method> <!-- setBaseUri -->
        <test-method status="SKIP" signature="getSuiteName(org.testng.ITestContext)[pri:0, instance:com.arcapi.CrossRatingSystemtestcases.TemperatureDataGetTest@28feb3fa]" name="getSuiteName" is-config="true" duration-ms="0" started-at="2019-09-19T16:52:28Z" finished-at="2019-09-19T16:52:28Z">
          <reporter-output>
          </reporter-output>
        </test-method> <!-- getSuiteName -->
        <test-method status="SKIP" signature="end()[pri:0, instance:com.arcapi.CrossRatingSystemtestcases.TemperatureDataGetTest@28feb3fa]" name="end" is-config="true" duration-ms="0" started-at="2019-09-19T16:52:28Z" finished-at="2019-09-19T16:52:28Z">
          <reporter-output>
          </reporter-output>
        </test-method> <!-- end -->
        <test-method status="SKIP" signature="TemperatureDataGet(java.lang.String, java.lang.String, int)[pri:0, instance:com.arcapi.CrossRatingSystemtestcases.TemperatureDataGetTest@28feb3fa]" name="TemperatureDataGet" duration-ms="0" started-at="2019-09-19T16:52:28Z" finished-at="2019-09-19T16:52:28Z">
          <exception class="org.testng.TestNGException">
            <message>
              <![CDATA[
Parameter 'SheetName' is required by @Test on method TemperatureDataGet but has not been marked @Optional or defined
in D:\worksapceNew\TestArcAPI\src\main\resources\TestNGFiles\CrossRatingSystemTestng.xml]]>
            </message>
            <full-stacktrace>
              <![CDATA[org.testng.TestNGException: 
Parameter 'SheetName' is required by @Test on method TemperatureDataGet but has not been marked @Optional or defined
in D:\worksapceNew\TestArcAPI\src\main\resources\TestNGFiles\CrossRatingSystemTestng.xml
	at org.testng.internal.Parameters.createParameters(Parameters.java:154)
	at org.testng.internal.Parameters.createParameters(Parameters.java:361)
	at org.testng.internal.Parameters.handleParameters(Parameters.java:451)
	at org.testng.internal.Invoker.handleParameters(Invoker.java:1274)
	at org.testng.internal.Invoker.createParameters(Invoker.java:989)
	at org.testng.internal.Invoker.invokeTestMethods(Invoker.java:1079)
	at org.testng.internal.TestMethodWorker.invokeTestMethods(TestMethodWorker.java:129)
	at org.testng.internal.TestMethodWorker.run(TestMethodWorker.java:112)
	at org.testng.TestRunner.privateRun(TestRunner.java:782)
	at org.testng.TestRunner.run(TestRunner.java:632)
	at org.testng.SuiteRunner.runTest(SuiteRunner.java:366)
	at org.testng.SuiteRunner.runSequentially(SuiteRunner.java:361)
	at org.testng.SuiteRunner.privateRun(SuiteRunner.java:319)
	at org.testng.SuiteRunner.run(SuiteRunner.java:268)
	at org.testng.SuiteRunnerWorker.runSuite(SuiteRunnerWorker.java:52)
	at org.testng.SuiteRunnerWorker.run(SuiteRunnerWorker.java:86)
	at org.testng.TestNG.runSuitesSequentially(TestNG.java:1244)
	at org.testng.TestNG.runSuitesLocally(TestNG.java:1169)
	at org.testng.TestNG.run(TestNG.java:1064)
	at org.testng.remote.RemoteTestNG.run(RemoteTestNG.java:113)
	at org.testng.remote.RemoteTestNG.initAndRun(RemoteTestNG.java:206)
	at org.testng.remote.RemoteTestNG.main(RemoteTestNG.java:177)
]]>
            </full-stacktrace>
          </exception> <!-- org.testng.TestNGException -->
          <reporter-output>
          </reporter-output>
        </test-method> <!-- TemperatureDataGet -->
      </class> <!-- com.arcapi.CrossRatingSystemtestcases.TemperatureDataGetTest -->
      <class name="com.arcapi.CrossRatingSystemtestcases.AnalysisDataGetAPITest">
        <test-method status="SKIP" signature="getSuiteName(org.testng.ITestContext)[pri:0, instance:com.arcapi.CrossRatingSystemtestcases.AnalysisDataGetAPITest@51565ec2]" name="getSuiteName" is-config="true" duration-ms="0" started-at="2019-09-19T16:52:28Z" finished-at="2019-09-19T16:52:28Z">
          <reporter-output>
          </reporter-output>
        </test-method> <!-- getSuiteName -->
        <test-method status="SKIP" signature="setBaseUri(java.lang.String)[pri:0, instance:com.arcapi.CrossRatingSystemtestcases.AnalysisDataGetAPITest@51565ec2]" name="setBaseUri" is-config="true" duration-ms="0" started-at="2019-09-19T16:52:28Z" finished-at="2019-09-19T16:52:28Z">
          <reporter-output>
          </reporter-output>
        </test-method> <!-- setBaseUri -->
        <test-method status="SKIP" signature="end()[pri:0, instance:com.arcapi.CrossRatingSystemtestcases.AnalysisDataGetAPITest@51565ec2]" name="end" is-config="true" duration-ms="0" started-at="2019-09-19T16:52:28Z" finished-at="2019-09-19T16:52:28Z">
          <reporter-output>
          </reporter-output>
        </test-method> <!-- end -->
        <test-method status="SKIP" signature="AnalysisDataGetAPI(java.lang.String, java.lang.String, int)[pri:0, instance:com.arcapi.CrossRatingSystemtestcases.AnalysisDataGetAPITest@51565ec2]" name="AnalysisDataGetAPI" duration-ms="0" started-at="2019-09-19T16:52:28Z" finished-at="2019-09-19T16:52:28Z">
          <exception class="org.testng.TestNGException">
            <message>
              <![CDATA[
Parameter 'SheetName' is required by @Test on method AnalysisDataGetAPI but has not been marked @Optional or defined
in D:\worksapceNew\TestArcAPI\src\main\resources\TestNGFiles\CrossRatingSystemTestng.xml]]>
            </message>
            <full-stacktrace>
              <![CDATA[org.testng.TestNGException: 
Parameter 'SheetName' is required by @Test on method AnalysisDataGetAPI but has not been marked @Optional or defined
in D:\worksapceNew\TestArcAPI\src\main\resources\TestNGFiles\CrossRatingSystemTestng.xml
	at org.testng.internal.Parameters.createParameters(Parameters.java:154)
	at org.testng.internal.Parameters.createParameters(Parameters.java:361)
	at org.testng.internal.Parameters.handleParameters(Parameters.java:451)
	at org.testng.internal.Invoker.handleParameters(Invoker.java:1274)
	at org.testng.internal.Invoker.createParameters(Invoker.java:989)
	at org.testng.internal.Invoker.invokeTestMethods(Invoker.java:1079)
	at org.testng.internal.TestMethodWorker.invokeTestMethods(TestMethodWorker.java:129)
	at org.testng.internal.TestMethodWorker.run(TestMethodWorker.java:112)
	at org.testng.TestRunner.privateRun(TestRunner.java:782)
	at org.testng.TestRunner.run(TestRunner.java:632)
	at org.testng.SuiteRunner.runTest(SuiteRunner.java:366)
	at org.testng.SuiteRunner.runSequentially(SuiteRunner.java:361)
	at org.testng.SuiteRunner.privateRun(SuiteRunner.java:319)
	at org.testng.SuiteRunner.run(SuiteRunner.java:268)
	at org.testng.SuiteRunnerWorker.runSuite(SuiteRunnerWorker.java:52)
	at org.testng.SuiteRunnerWorker.run(SuiteRunnerWorker.java:86)
	at org.testng.TestNG.runSuitesSequentially(TestNG.java:1244)
	at org.testng.TestNG.runSuitesLocally(TestNG.java:1169)
	at org.testng.TestNG.run(TestNG.java:1064)
	at org.testng.remote.RemoteTestNG.run(RemoteTestNG.java:113)
	at org.testng.remote.RemoteTestNG.initAndRun(RemoteTestNG.java:206)
	at org.testng.remote.RemoteTestNG.main(RemoteTestNG.java:177)
]]>
            </full-stacktrace>
          </exception> <!-- org.testng.TestNGException -->
          <reporter-output>
          </reporter-output>
        </test-method> <!-- AnalysisDataGetAPI -->
      </class> <!-- com.arcapi.CrossRatingSystemtestcases.AnalysisDataGetAPITest -->
      <class name="com.arcapi.Common.RegistrationPaymentPricingGetAPITest">
        <test-method status="SKIP" signature="setBaseUri(java.lang.String)[pri:0, instance:com.arcapi.Common.RegistrationPaymentPricingGetAPITest@d2cc05a]" name="setBaseUri" is-config="true" duration-ms="0" started-at="2019-09-19T16:52:28Z" finished-at="2019-09-19T16:52:28Z">
          <reporter-output>
          </reporter-output>
        </test-method> <!-- setBaseUri -->
        <test-method status="SKIP" signature="getSuiteName(org.testng.ITestContext)[pri:0, instance:com.arcapi.Common.RegistrationPaymentPricingGetAPITest@d2cc05a]" name="getSuiteName" is-config="true" duration-ms="0" started-at="2019-09-19T16:52:28Z" finished-at="2019-09-19T16:52:28Z">
          <reporter-output>
          </reporter-output>
        </test-method> <!-- getSuiteName -->
        <test-method status="SKIP" signature="RegistrationPaymentPricingGetAPI(java.lang.String, java.lang.String, int)[pri:0, instance:com.arcapi.Common.RegistrationPaymentPricingGetAPITest@d2cc05a]" name="RegistrationPaymentPricingGetAPI" duration-ms="0" started-at="2019-09-19T16:52:28Z" finished-at="2019-09-19T16:52:28Z">
          <exception class="org.testng.TestNGException">
            <message>
              <![CDATA[
Parameter 'SheetName' is required by @Test on method RegistrationPaymentPricingGetAPI but has not been marked @Optional or defined
in D:\worksapceNew\TestArcAPI\src\main\resources\TestNGFiles\CrossRatingSystemTestng.xml]]>
            </message>
            <full-stacktrace>
              <![CDATA[org.testng.TestNGException: 
Parameter 'SheetName' is required by @Test on method RegistrationPaymentPricingGetAPI but has not been marked @Optional or defined
in D:\worksapceNew\TestArcAPI\src\main\resources\TestNGFiles\CrossRatingSystemTestng.xml
	at org.testng.internal.Parameters.createParameters(Parameters.java:154)
	at org.testng.internal.Parameters.createParameters(Parameters.java:361)
	at org.testng.internal.Parameters.handleParameters(Parameters.java:451)
	at org.testng.internal.Invoker.handleParameters(Invoker.java:1274)
	at org.testng.internal.Invoker.createParameters(Invoker.java:989)
	at org.testng.internal.Invoker.invokeTestMethods(Invoker.java:1079)
	at org.testng.internal.TestMethodWorker.invokeTestMethods(TestMethodWorker.java:129)
	at org.testng.internal.TestMethodWorker.run(TestMethodWorker.java:112)
	at org.testng.TestRunner.privateRun(TestRunner.java:782)
	at org.testng.TestRunner.run(TestRunner.java:632)
	at org.testng.SuiteRunner.runTest(SuiteRunner.java:366)
	at org.testng.SuiteRunner.runSequentially(SuiteRunner.java:361)
	at org.testng.SuiteRunner.privateRun(SuiteRunner.java:319)
	at org.testng.SuiteRunner.run(SuiteRunner.java:268)
	at org.testng.SuiteRunnerWorker.runSuite(SuiteRunnerWorker.java:52)
	at org.testng.SuiteRunnerWorker.run(SuiteRunnerWorker.java:86)
	at org.testng.TestNG.runSuitesSequentially(TestNG.java:1244)
	at org.testng.TestNG.runSuitesLocally(TestNG.java:1169)
	at org.testng.TestNG.run(TestNG.java:1064)
	at org.testng.remote.RemoteTestNG.run(RemoteTestNG.java:113)
	at org.testng.remote.RemoteTestNG.initAndRun(RemoteTestNG.java:206)
	at org.testng.remote.RemoteTestNG.main(RemoteTestNG.java:177)
]]>
            </full-stacktrace>
          </exception> <!-- org.testng.TestNGException -->
          <reporter-output>
          </reporter-output>
        </test-method> <!-- RegistrationPaymentPricingGetAPI -->
        <test-method status="SKIP" signature="end()[pri:0, instance:com.arcapi.Common.RegistrationPaymentPricingGetAPITest@d2cc05a]" name="end" is-config="true" duration-ms="0" started-at="2019-09-19T16:52:28Z" finished-at="2019-09-19T16:52:28Z">
          <reporter-output>
          </reporter-output>
        </test-method> <!-- end -->
      </class> <!-- com.arcapi.Common.RegistrationPaymentPricingGetAPITest -->
      <class name="com.arcapi.Common.AssetSearchAPITest">
        <test-method status="SKIP" signature="setBaseUri(java.lang.String)[pri:0, instance:com.arcapi.Common.AssetSearchAPITest@7dc7cbad]" name="setBaseUri" is-config="true" duration-ms="0" started-at="2019-09-19T16:52:28Z" finished-at="2019-09-19T16:52:28Z">
          <reporter-output>
          </reporter-output>
        </test-method> <!-- setBaseUri -->
        <test-method status="SKIP" signature="getSuiteName(org.testng.ITestContext)[pri:0, instance:com.arcapi.Common.AssetSearchAPITest@7dc7cbad]" name="getSuiteName" is-config="true" duration-ms="0" started-at="2019-09-19T16:52:28Z" finished-at="2019-09-19T16:52:28Z">
          <reporter-output>
          </reporter-output>
        </test-method> <!-- getSuiteName -->
        <test-method status="SKIP" signature="AssetSearchAPI(java.lang.String, java.lang.String, int)[pri:0, instance:com.arcapi.Common.AssetSearchAPITest@7dc7cbad]" name="AssetSearchAPI" duration-ms="0" started-at="2019-09-19T16:52:28Z" finished-at="2019-09-19T16:52:28Z">
          <exception class="org.testng.TestNGException">
            <message>
              <![CDATA[
Parameter 'SheetName' is required by @Test on method AssetSearchAPI but has not been marked @Optional or defined
in D:\worksapceNew\TestArcAPI\src\main\resources\TestNGFiles\CrossRatingSystemTestng.xml]]>
            </message>
            <full-stacktrace>
              <![CDATA[org.testng.TestNGException: 
Parameter 'SheetName' is required by @Test on method AssetSearchAPI but has not been marked @Optional or defined
in D:\worksapceNew\TestArcAPI\src\main\resources\TestNGFiles\CrossRatingSystemTestng.xml
	at org.testng.internal.Parameters.createParameters(Parameters.java:154)
	at org.testng.internal.Parameters.createParameters(Parameters.java:361)
	at org.testng.internal.Parameters.handleParameters(Parameters.java:451)
	at org.testng.internal.Invoker.handleParameters(Invoker.java:1274)
	at org.testng.internal.Invoker.createParameters(Invoker.java:989)
	at org.testng.internal.Invoker.invokeTestMethods(Invoker.java:1079)
	at org.testng.internal.TestMethodWorker.invokeTestMethods(TestMethodWorker.java:129)
	at org.testng.internal.TestMethodWorker.run(TestMethodWorker.java:112)
	at org.testng.TestRunner.privateRun(TestRunner.java:782)
	at org.testng.TestRunner.run(TestRunner.java:632)
	at org.testng.SuiteRunner.runTest(SuiteRunner.java:366)
	at org.testng.SuiteRunner.runSequentially(SuiteRunner.java:361)
	at org.testng.SuiteRunner.privateRun(SuiteRunner.java:319)
	at org.testng.SuiteRunner.run(SuiteRunner.java:268)
	at org.testng.SuiteRunnerWorker.runSuite(SuiteRunnerWorker.java:52)
	at org.testng.SuiteRunnerWorker.run(SuiteRunnerWorker.java:86)
	at org.testng.TestNG.runSuitesSequentially(TestNG.java:1244)
	at org.testng.TestNG.runSuitesLocally(TestNG.java:1169)
	at org.testng.TestNG.run(TestNG.java:1064)
	at org.testng.remote.RemoteTestNG.run(RemoteTestNG.java:113)
	at org.testng.remote.RemoteTestNG.initAndRun(RemoteTestNG.java:206)
	at org.testng.remote.RemoteTestNG.main(RemoteTestNG.java:177)
]]>
            </full-stacktrace>
          </exception> <!-- org.testng.TestNGException -->
          <reporter-output>
          </reporter-output>
        </test-method> <!-- AssetSearchAPI -->
        <test-method status="SKIP" signature="end()[pri:0, instance:com.arcapi.Common.AssetSearchAPITest@7dc7cbad]" name="end" is-config="true" duration-ms="0" started-at="2019-09-19T16:52:28Z" finished-at="2019-09-19T16:52:28Z">
          <reporter-output>
          </reporter-output>
        </test-method> <!-- end -->
      </class> <!-- com.arcapi.Common.AssetSearchAPITest -->
    </test> <!-- CrossRatingSystem-Parksmart -->
  </suite> <!-- CrossRatingSystem -->
</testng-results>
