<?xml version="1.0" encoding="UTF-8"?>
<!-- Generated by org.testng.reporters.JUnitXMLReporter -->
<testsuite hostname="G10GGNLT052" name="CompleteFlowTest-Parksmart" tests="46" failures="5" timestamp="16 Sep 2019 05:02:26 GMT" time="201.041" errors="0">
  <testcase name="LoginAPI" time="8.903" classname="com.arcapi.Common.LoginAPITest"/>
  <testcase name="CreateAssetParksmartPOST" time="9.148" classname="com.arcapi.Parksmarttestcases.CreateAssetParksmartPOSTAPITest"/>
  <testcase name="AssetSearchAPI" time="2.031" classname="com.arcapi.Common.AssetSearchAPITest"/>
  <testcase name="SignAgreementRegistrationAPI" time="2.692" classname="com.arcapi.Common.SignAgreementRegistrationAPITest">
    <failure type="java.lang.AssertionError" message="expected [200] but found [403]">
      <![CDATA[java.lang.AssertionError: expected [200] but found [403]
	at com.Utill.Controller.Assertion.verifyStatusCode(Assertion.java:20)
	at com.arcapi.Common.SignAgreementRegistrationAPITest.SignAgreementRegistrationAPI(SignAgreementRegistrationAPITest.java:32)
... Removed 31 stack frames]]>
    </failure>
  </testcase> <!-- SignAgreementRegistrationAPI -->
  <testcase name="RegistrationPaymentPricingGetAPI" time="2.892" classname="com.arcapi.Common.RegistrationPaymentPricingGetAPITest"/>
  <testcase name="PaymentOrderSubmitPOSTAPI" time="11.297" classname="com.arcapi.Common.PaymentOrderSubmitPOSTAPITest"/>
  <testcase name="AddAssestTimeline" time="2.49" classname="com.arcapi.Common.AddAssestTimelinePOSTAPITest"/>
  <testcase name="PaymentOrderGetAPI" time="2.416" classname="com.arcapi.Common.PaymentOrderGetAPITest"/>
  <testcase name="PaymentReceiptAPI" time="16.815" classname="com.arcapi.Common.PaymentReceiptAPITest"/>
  <testcase name="PaymentHistoryAPI" time="2.037" classname="com.arcapi.Common.PaymentHistoryAPITest"/>
  <testcase name="AssetDetailAPI" time="2.291" classname="com.arcapi.Common.AssetDetailAPITest"/>
  <testcase name="AssetValidationInfoPOSTAPI" time="2.404" classname="com.arcapi.Common.AssetValidationInfoPOSTAPITest"/>
  <testcase name="AssetSearchOwnerAPI" time="1.967" classname="com.arcapi.Common.AssetSearchOwnerAPITest"/>
  <testcase name="AssetOwnerOrgPOSTAPI" time="3.426" classname="com.arcapi.Common.AssetOwnerOrgPOSTAPITest">
    <failure type="java.lang.AssertionError" message="expected [201] but found [200]">
      <![CDATA[java.lang.AssertionError: expected [201] but found [200]
	at com.Utill.Controller.Assertion.verifyStatusCode(Assertion.java:20)
	at com.arcapi.Common.AssetOwnerOrgPOSTAPITest.AssetOwnerOrgPOSTAPI(AssetOwnerOrgPOSTAPITest.java:22)
... Removed 31 stack frames]]>
    </failure>
  </testcase> <!-- AssetOwnerOrgPOSTAPI -->
  <testcase name="AssetListAPI" time="2.409" classname="com.arcapi.Common.AssetListAPITest"/>
  <testcase name="AssetUpdateforNewAssetPUTAPI" time="2.607" classname="com.arcapi.Buildingtestcases.AssetUpdateBuildingAPITest"/>
  <testcase name="VerifyAssetDetailAPI" time="1.926" classname="com.arcapi.Buildingtestcases.VerifyAssetDetailAPITest">
    <failure type="java.lang.AssertionError" message="1 expectation failed.
JSON path spaceType doesn&amp;apos;t match.
Expected: Industrial Manufacturing
  Actual: null
">
      <![CDATA[java.lang.AssertionError: 1 expectation failed.
JSON path spaceType doesn't match.
Expected: Industrial Manufacturing
  Actual: null

	at org.codehaus.groovy.runtime.callsite.ConstructorSite$ConstructorSiteNoUnwrap.callConstructor(ConstructorSite.java:84)
	at org.codehaus.groovy.runtime.callsite.CallSiteArray.defaultCallConstructor(CallSiteArray.java:60)
	at org.codehaus.groovy.runtime.callsite.AbstractCallSite.callConstructor(AbstractCallSite.java:235)
	at org.codehaus.groovy.runtime.callsite.AbstractCallSite.callConstructor(AbstractCallSite.java:247)
	at com.jayway.restassured.internal.ResponseSpecificationImpl$HamcrestAssertionClosure.validate(ResponseSpecificationImpl.groovy:598)
	at com.jayway.restassured.internal.ResponseSpecificationImpl$HamcrestAssertionClosure$validate$1.call(Unknown Source)
	at com.jayway.restassured.internal.ResponseSpecificationImpl.validateResponseIfRequired(ResponseSpecificationImpl.groovy:760)
	at org.codehaus.groovy.runtime.callsite.PogoMetaMethodSite$PogoCachedMethodSiteNoUnwrapNoCoerce.invoke(PogoMetaMethodSite.java:210)
	at org.codehaus.groovy.runtime.callsite.PogoMetaMethodSite.callCurrent(PogoMetaMethodSite.java:59)
	at org.codehaus.groovy.runtime.callsite.AbstractCallSite.callCurrent(AbstractCallSite.java:166)
	at com.jayway.restassured.internal.ResponseSpecificationImpl.content(ResponseSpecificationImpl.groovy:251)
	at com.jayway.restassured.specification.ResponseSpecification$content$0.callCurrent(Unknown Source)
	at com.jayway.restassured.internal.ResponseSpecificationImpl.body(ResponseSpecificationImpl.groovy:234)
	at com.jayway.restassured.internal.ValidatableResponseOptionsImpl.body(ValidatableResponseOptionsImpl.java:264)
	at com.arcapi.Buildingtestcases.VerifyAssetDetailAPITest.VerifyAssetDetailAPI(VerifyAssetDetailAPITest.java:34)
... Removed 35 stack frames]]>
    </failure>
  </testcase> <!-- VerifyAssetDetailAPI -->
  <testcase name="VerifyProjectRegisteredAssetList" time="2.404" classname="com.arcapi.Common.VerifyProjectRegisteredAssetListTest"/>
  <testcase name="AssetDocumentAPI" time="3.885" classname="com.arcapi.Common.AssetDocumentAPITest"/>
  <testcase name="DownloadDocumentsAPI" time="2.675" classname="com.arcapi.Common.DownloadDocumentsAPITest"/>
  <testcase name="VerifyAgreementPresentAPI" time="2.276" classname="com.arcapi.Common.VerifyAgreementPresentAPITest"/>
  <testcase name="FetchingAgreementDetailsAPI" time="3.281" classname="com.arcapi.Common.FetchingAgreementDetailsAPITest"/>
  <testcase name="S3DocumentUploadPOSTAPI" time="20.099" classname="com.arcapi.Common.S3DocumentUploadPOSTAPITest"/>
  <testcase name="S3DocumentListAPI" time="2.375" classname="com.arcapi.Common.S3DocumentListAPITest"/>
  <testcase name="S3DocumentRemoveAPI" time="2.188" classname="com.arcapi.Common.S3DocumentRemoveAPITest"/>
  <testcase name="FeedbackSubmitPostAPI" time="1.971" classname="com.arcapi.Common.FeedbackSubmitPostAPITest"/>
  <testcase name="MeasuresListAPI" time="1.977" classname="com.arcapi.Common.CityCom.MeasuresListAPITest"/>
  <testcase name="MeasuresDetailAPI" time="1.74" classname="com.arcapi.Common.CityCom.MeasuresDetailAPITest"/>
  <testcase name="MeasuresPostAPI" time="25.019" classname="com.arcapi.Common.CityCom.MeasuresPostAPITest"/>
  <testcase name="MeasuresUpdateAPI" time="2.073" classname="com.arcapi.Common.CityCom.MeasuresUpdateAPITest"/>
  <testcase name="MeasuresVersionListAPI" time="1.992" classname="com.arcapi.Common.CityCom.MeasuresVersionListAPITest"/>
  <testcase name="MeasuresVersionDetailAPI" time="2.095" classname="com.arcapi.Common.CityCom.MeasuresVersionDetailAPITest"/>
  <testcase name="MeasuresVersionPostAPI" time="1.937" classname="com.arcapi.Common.CityCom.MeasuresVersionPostAPITest"/>
  <testcase name="UserActivityListAPI" time="1.955" classname="com.arcapi.Parksmarttestcases.UserActivityListAPITest"/>
  <testcase name="TemperatureDataGet" time="2.204" classname="com.arcapi.Common.TemperatureDataGetTest">
    <failure type="java.lang.AssertionError" message="expected [200] but found [404]">
      <![CDATA[java.lang.AssertionError: expected [200] but found [404]
	at com.Utill.Controller.Assertion.verifyStatusCode(Assertion.java:20)
	at com.arcapi.Common.TemperatureDataGetTest.TemperatureDataGet(TemperatureDataGetTest.java:20)
... Removed 31 stack frames]]>
    </failure>
  </testcase> <!-- TemperatureDataGet -->
  <testcase name="AssetRequiredFieldsAPI" time="2.07" classname="com.arcapi.Common.AssetRequiredFieldsAPITest"/>
  <testcase name="CountryStatesJSONAPI" time="2.475" classname="com.arcapi.Common.CountryStatesJSONAPITest"/>
  <testcase name="AssociatedCategoriesAPI" time="1.97" classname="com.arcapi.Common.AssociatedCategoriesAPITest"/>
  <testcase name="RatingSystemListAPI" time="1.998" classname="com.arcapi.Common.RatingSystemListAPITest"/>
  <testcase name="AppVersionDetailAPI" time="1.801" classname="com.arcapi.Common.AppVersionDetailAPITest"/>
  <testcase name="FuelCategoryAPI" time="3.614" classname="com.arcapi.Common.FuelCategoryAPITest"/>
  <testcase name="GetAllDocumentListAPI" time="2.544" classname="com.arcapi.Common.GetAllDocumentListAPITest"/>
  <testcase name="PerformanceComparablesGetAPI" time="4.573" classname="com.arcapi.Common.PerformanceComparablesGetAPITest"/>
  <testcase name="ScoreWeightsAPI" time="2.001" classname="com.arcapi.Common.ScoreWeightsAPITest">
    <failure type="java.lang.AssertionError" message="expected [200] but found [404]">
      <![CDATA[java.lang.AssertionError: expected [200] but found [404]
	at com.Utill.Controller.Assertion.verifyStatusCode(Assertion.java:20)
	at com.arcapi.Common.ScoreWeightsAPITest.ScoreWeightsAPI(ScoreWeightsAPITest.java:20)
... Removed 31 stack frames]]>
    </failure>
  </testcase> <!-- ScoreWeightsAPI -->
  <testcase name="ThirdPartyListAppsAPI" time="1.829" classname="com.arcapi.Common.ThirdPartyListAppsAPITest"/>
  <testcase name="AvgPerformaceList" time="1.436" classname="com.arcapi.Common.AvgPerformaceListGetTest"/>
</testsuite> <!-- CompleteFlowTest-Parksmart -->
