<html>
<head>
<title>TestNG:  CompleteFlowTest-Parksmart</title>
<link href="../testng.css" rel="stylesheet" type="text/css" />
<link href="../my-testng.css" rel="stylesheet" type="text/css" />

<style type="text/css">
.log { display: none;} 
.stack-trace { display: none;} 
</style>
<script type="text/javascript">
<!--
function flip(e) {
  current = e.style.display;
  if (current == 'block') {
    e.style.display = 'none';
    return 0;
  }
  else {
    e.style.display = 'block';
    return 1;
  }
}

function toggleBox(szDivId, elem, msg1, msg2)
{
  var res = -1;  if (document.getElementById) {
    res = flip(document.getElementById(szDivId));
  }
  else if (document.all) {
    // this is the way old msie versions work
    res = flip(document.all[szDivId]);
  }
  if(elem) {
    if(res == 0) elem.innerHTML = msg1; else elem.innerHTML = msg2;
  }

}

function toggleAllBoxes() {
  if (document.getElementsByTagName) {
    d = document.getElementsByTagName('div');
    for (i = 0; i < d.length; i++) {
      if (d[i].className == 'log') {
        flip(d[i]);
      }
    }
  }
}

// -->
</script>

</head>
<body>
<h2 align='center'>CompleteFlowTest-Parksmart</h2><table border='1' align="center">
<tr>
<td>Tests passed/Failed/Skipped:</td><td>0/0/42</td>
</tr><tr>
<td>Started on:</td><td>Thu Nov 28 10:26:29 IST 2019</td>
</tr>
<tr><td>Total time:</td><td>0 seconds (184 ms)</td>
</tr><tr>
<td>Included groups:</td><td></td>
</tr><tr>
<td>Excluded groups:</td><td></td>
</tr>
</table><p/>
<small><i>(Hover the method name to see the test class name)</i></small><p/>
<table width='100%' border='1' class='invocation-failed'>
<tr><td colspan='4' align='center'><b>FAILED CONFIGURATIONS</b></td></tr>
<tr><td><b>Test method</b></td>
<td width="30%"><b>Exception</b></td>
<td width="10%"><b>Time (seconds)</b></td>
<td><b>Instance</b></td>
</tr>
<tr>
<td title='com.arcapi.Common.LoginAPITest.setBaseUri()'><b>setBaseUri</b><br>Test class: com.arcapi.Common.LoginAPITest</td>
<td><div><pre>org.testng.TestNGException: 
Parameter &apos;environment&apos; is required by @Configuration on method setBaseUri but has not been marked @Optional or defined
in D:\worksapceNew\TestArcAPI\src\main\resources\TestNGFiles\Parksmarttestng.xml
... Removed 22 stack frames</pre></div><a href='#' onClick='toggleBox("stack-trace589309113", this, "Click to show all stack frames", "Click to hide stack frames")'>Click to show all stack frames</a>
<div class='stack-trace' id='stack-trace589309113'><pre>org.testng.TestNGException: 
Parameter &apos;environment&apos; is required by @Configuration on method setBaseUri but has not been marked @Optional or defined
in D:\worksapceNew\TestArcAPI\src\main\resources\TestNGFiles\Parksmarttestng.xml
	at org.testng.internal.Parameters.createParameters(Parameters.java:154)
	at org.testng.internal.Parameters.createParameters(Parameters.java:361)
	at org.testng.internal.Parameters.createConfigurationParameters(Parameters.java:84)
	at org.testng.internal.Invoker.invokeConfigurations(Invoker.java:201)
	at org.testng.internal.Invoker.invokeConfigurations(Invoker.java:142)
	at org.testng.internal.TestMethodWorker.invokeBeforeClassMethods(TestMethodWorker.java:178)
	at org.testng.internal.TestMethodWorker.run(TestMethodWorker.java:108)
	at org.testng.TestRunner.privateRun(TestRunner.java:782)
	at org.testng.TestRunner.run(TestRunner.java:632)
	at org.testng.SuiteRunner.runTest(SuiteRunner.java:366)
	at org.testng.SuiteRunner.runSequentially(SuiteRunner.java:361)
	at org.testng.SuiteRunner.privateRun(SuiteRunner.java:319)
	at org.testng.SuiteRunner.run(SuiteRunner.java:268)
	at org.testng.SuiteRunnerWorker.runSuite(SuiteRunnerWorker.java:52)
	at org.testng.SuiteRunnerWorker.run(SuiteRunnerWorker.java:86)
	at org.testng.TestNG.runSuitesSequentially(TestNG.java:1244)
	at org.testng.TestNG.runSuitesSequentially(TestNG.java:1240)
	at org.testng.TestNG.runSuitesLocally(TestNG.java:1169)
	at org.testng.TestNG.run(TestNG.java:1064)
	at org.testng.remote.RemoteTestNG.run(RemoteTestNG.java:113)
	at org.testng.remote.RemoteTestNG.initAndRun(RemoteTestNG.java:206)
	at org.testng.remote.RemoteTestNG.main(RemoteTestNG.java:177)
</pre></div></td>
<td>0</td>
<td>com.arcapi.Common.LoginAPITest@587d1d39</td></tr>
</table><p>
<table width='100%' border='1' class='invocation-skipped'>
<tr><td colspan='4' align='center'><b>SKIPPED CONFIGURATIONS</b></td></tr>
<tr><td><b>Test method</b></td>
<td width="30%"><b>Exception</b></td>
<td width="10%"><b>Time (seconds)</b></td>
<td><b>Instance</b></td>
</tr>
<tr>
<td title='com.arcapi.Parksmarttestcases.CreateAssetParksmartPOSTAPITest.getSuiteName()'><b>getSuiteName</b><br>Test class: com.arcapi.Parksmarttestcases.CreateAssetParksmartPOSTAPITest</td>
<td></td>
<td>0</td>
<td>com.arcapi.Parksmarttestcases.CreateAssetParksmartPOSTAPITest@58c1670b</td></tr>
<tr>
<td title='com.arcapi.Parksmarttestcases.CreateAssetParksmartPOSTAPITest.setBaseUri()'><b>setBaseUri</b><br>Test class: com.arcapi.Parksmarttestcases.CreateAssetParksmartPOSTAPITest</td>
<td></td>
<td>0</td>
<td>com.arcapi.Parksmarttestcases.CreateAssetParksmartPOSTAPITest@58c1670b</td></tr>
<tr>
<td title='com.arcapi.Common.AssetSearchAPITest.getSuiteName()'><b>getSuiteName</b><br>Test class: com.arcapi.Common.AssetSearchAPITest</td>
<td></td>
<td>0</td>
<td>com.arcapi.Common.AssetSearchAPITest@6b57696f</td></tr>
<tr>
<td title='com.arcapi.Common.AssetSearchAPITest.setBaseUri()'><b>setBaseUri</b><br>Test class: com.arcapi.Common.AssetSearchAPITest</td>
<td></td>
<td>0</td>
<td>com.arcapi.Common.AssetSearchAPITest@6b57696f</td></tr>
<tr>
<td title='com.arcapi.Common.RegistrationPaymentPricingGetAPITest.getSuiteName()'><b>getSuiteName</b><br>Test class: com.arcapi.Common.RegistrationPaymentPricingGetAPITest</td>
<td></td>
<td>0</td>
<td>com.arcapi.Common.RegistrationPaymentPricingGetAPITest@5bb21b69</td></tr>
<tr>
<td title='com.arcapi.Common.RegistrationPaymentPricingGetAPITest.setBaseUri()'><b>setBaseUri</b><br>Test class: com.arcapi.Common.RegistrationPaymentPricingGetAPITest</td>
<td></td>
<td>0</td>
<td>com.arcapi.Common.RegistrationPaymentPricingGetAPITest@5bb21b69</td></tr>
<tr>
<td title='com.arcapi.Common.PaymentOrderSubmitPOSTAPITest.getSuiteName()'><b>getSuiteName</b><br>Test class: com.arcapi.Common.PaymentOrderSubmitPOSTAPITest</td>
<td></td>
<td>0</td>
<td>com.arcapi.Common.PaymentOrderSubmitPOSTAPITest@6b9651f3</td></tr>
<tr>
<td title='com.arcapi.Common.PaymentOrderSubmitPOSTAPITest.setBaseUri()'><b>setBaseUri</b><br>Test class: com.arcapi.Common.PaymentOrderSubmitPOSTAPITest</td>
<td></td>
<td>0</td>
<td>com.arcapi.Common.PaymentOrderSubmitPOSTAPITest@6b9651f3</td></tr>
<tr>
<td title='com.arcapi.Common.AddAssestTimelinePOSTAPITest.getSuiteName()'><b>getSuiteName</b><br>Test class: com.arcapi.Common.AddAssestTimelinePOSTAPITest</td>
<td></td>
<td>0</td>
<td>com.arcapi.Common.AddAssestTimelinePOSTAPITest@38bc8ab5</td></tr>
<tr>
<td title='com.arcapi.Common.AddAssestTimelinePOSTAPITest.setBaseUri()'><b>setBaseUri</b><br>Test class: com.arcapi.Common.AddAssestTimelinePOSTAPITest</td>
<td></td>
<td>0</td>
<td>com.arcapi.Common.AddAssestTimelinePOSTAPITest@38bc8ab5</td></tr>
<tr>
<td title='com.arcapi.Common.PaymentOrderGetAPITest.getSuiteName()'><b>getSuiteName</b><br>Test class: com.arcapi.Common.PaymentOrderGetAPITest</td>
<td></td>
<td>0</td>
<td>com.arcapi.Common.PaymentOrderGetAPITest@687080dc</td></tr>
<tr>
<td title='com.arcapi.Common.PaymentOrderGetAPITest.setBaseUri()'><b>setBaseUri</b><br>Test class: com.arcapi.Common.PaymentOrderGetAPITest</td>
<td></td>
<td>0</td>
<td>com.arcapi.Common.PaymentOrderGetAPITest@687080dc</td></tr>
<tr>
<td title='com.arcapi.Common.PaymentReceiptAPITest.getSuiteName()'><b>getSuiteName</b><br>Test class: com.arcapi.Common.PaymentReceiptAPITest</td>
<td></td>
<td>0</td>
<td>com.arcapi.Common.PaymentReceiptAPITest@23d2a7e8</td></tr>
<tr>
<td title='com.arcapi.Common.PaymentReceiptAPITest.setBaseUri()'><b>setBaseUri</b><br>Test class: com.arcapi.Common.PaymentReceiptAPITest</td>
<td></td>
<td>0</td>
<td>com.arcapi.Common.PaymentReceiptAPITest@23d2a7e8</td></tr>
<tr>
<td title='com.arcapi.Common.PaymentHistoryAPITest.getSuiteName()'><b>getSuiteName</b><br>Test class: com.arcapi.Common.PaymentHistoryAPITest</td>
<td></td>
<td>0</td>
<td>com.arcapi.Common.PaymentHistoryAPITest@7a9273a8</td></tr>
<tr>
<td title='com.arcapi.Common.PaymentHistoryAPITest.setBaseUri()'><b>setBaseUri</b><br>Test class: com.arcapi.Common.PaymentHistoryAPITest</td>
<td></td>
<td>0</td>
<td>com.arcapi.Common.PaymentHistoryAPITest@7a9273a8</td></tr>
<tr>
<td title='com.arcapi.Common.AssetDetailAPITest.getSuiteName()'><b>getSuiteName</b><br>Test class: com.arcapi.Common.AssetDetailAPITest</td>
<td></td>
<td>0</td>
<td>com.arcapi.Common.AssetDetailAPITest@26a7b76d</td></tr>
<tr>
<td title='com.arcapi.Common.AssetDetailAPITest.setBaseUri()'><b>setBaseUri</b><br>Test class: com.arcapi.Common.AssetDetailAPITest</td>
<td></td>
<td>0</td>
<td>com.arcapi.Common.AssetDetailAPITest@26a7b76d</td></tr>
<tr>
<td title='com.arcapi.Common.AssetValidationInfoPOSTAPITest.getSuiteName()'><b>getSuiteName</b><br>Test class: com.arcapi.Common.AssetValidationInfoPOSTAPITest</td>
<td></td>
<td>0</td>
<td>com.arcapi.Common.AssetValidationInfoPOSTAPITest@4abdb505</td></tr>
<tr>
<td title='com.arcapi.Common.AssetValidationInfoPOSTAPITest.setBaseUri()'><b>setBaseUri</b><br>Test class: com.arcapi.Common.AssetValidationInfoPOSTAPITest</td>
<td></td>
<td>0</td>
<td>com.arcapi.Common.AssetValidationInfoPOSTAPITest@4abdb505</td></tr>
<tr>
<td title='com.arcapi.Common.AssetSearchOwnerAPITest.getSuiteName()'><b>getSuiteName</b><br>Test class: com.arcapi.Common.AssetSearchOwnerAPITest</td>
<td></td>
<td>0</td>
<td>com.arcapi.Common.AssetSearchOwnerAPITest@7ce6a65d</td></tr>
<tr>
<td title='com.arcapi.Common.AssetSearchOwnerAPITest.setBaseUri()'><b>setBaseUri</b><br>Test class: com.arcapi.Common.AssetSearchOwnerAPITest</td>
<td></td>
<td>0</td>
<td>com.arcapi.Common.AssetSearchOwnerAPITest@7ce6a65d</td></tr>
<tr>
<td title='com.arcapi.Common.AssetListAPITest.getSuiteName()'><b>getSuiteName</b><br>Test class: com.arcapi.Common.AssetListAPITest</td>
<td></td>
<td>0</td>
<td>com.arcapi.Common.AssetListAPITest@1500955a</td></tr>
<tr>
<td title='com.arcapi.Common.AssetListAPITest.setBaseUri()'><b>setBaseUri</b><br>Test class: com.arcapi.Common.AssetListAPITest</td>
<td></td>
<td>0</td>
<td>com.arcapi.Common.AssetListAPITest@1500955a</td></tr>
<tr>
<td title='com.arcapi.Buildingtestcases.AssetUpdateBuildingAPITest.getSuiteName()'><b>getSuiteName</b><br>Test class: com.arcapi.Buildingtestcases.AssetUpdateBuildingAPITest</td>
<td></td>
<td>0</td>
<td>com.arcapi.Buildingtestcases.AssetUpdateBuildingAPITest@e874448</td></tr>
<tr>
<td title='com.arcapi.Buildingtestcases.AssetUpdateBuildingAPITest.setBaseUri()'><b>setBaseUri</b><br>Test class: com.arcapi.Buildingtestcases.AssetUpdateBuildingAPITest</td>
<td></td>
<td>0</td>
<td>com.arcapi.Buildingtestcases.AssetUpdateBuildingAPITest@e874448</td></tr>
<tr>
<td title='com.arcapi.Parksmarttestcases.VerifyAssetDetailAPITest.getSuiteName()'><b>getSuiteName</b><br>Test class: com.arcapi.Parksmarttestcases.VerifyAssetDetailAPITest</td>
<td></td>
<td>0</td>
<td>com.arcapi.Parksmarttestcases.VerifyAssetDetailAPITest@29b5cd00</td></tr>
<tr>
<td title='com.arcapi.Parksmarttestcases.VerifyAssetDetailAPITest.setBaseUri()'><b>setBaseUri</b><br>Test class: com.arcapi.Parksmarttestcases.VerifyAssetDetailAPITest</td>
<td></td>
<td>0</td>
<td>com.arcapi.Parksmarttestcases.VerifyAssetDetailAPITest@29b5cd00</td></tr>
<tr>
<td title='com.arcapi.Common.VerifyProjectRegisteredAssetListTest.getSuiteName()'><b>getSuiteName</b><br>Test class: com.arcapi.Common.VerifyProjectRegisteredAssetListTest</td>
<td></td>
<td>0</td>
<td>com.arcapi.Common.VerifyProjectRegisteredAssetListTest@60285225</td></tr>
<tr>
<td title='com.arcapi.Common.VerifyProjectRegisteredAssetListTest.setBaseUri()'><b>setBaseUri</b><br>Test class: com.arcapi.Common.VerifyProjectRegisteredAssetListTest</td>
<td></td>
<td>0</td>
<td>com.arcapi.Common.VerifyProjectRegisteredAssetListTest@60285225</td></tr>
<tr>
<td title='com.arcapi.Common.AssetDocumentAPITest.getSuiteName()'><b>getSuiteName</b><br>Test class: com.arcapi.Common.AssetDocumentAPITest</td>
<td></td>
<td>0</td>
<td>com.arcapi.Common.AssetDocumentAPITest@7113b13f</td></tr>
<tr>
<td title='com.arcapi.Common.AssetDocumentAPITest.setBaseUri()'><b>setBaseUri</b><br>Test class: com.arcapi.Common.AssetDocumentAPITest</td>
<td></td>
<td>0</td>
<td>com.arcapi.Common.AssetDocumentAPITest@7113b13f</td></tr>
<tr>
<td title='com.arcapi.Common.DownloadDocumentsAPITest.getSuiteName()'><b>getSuiteName</b><br>Test class: com.arcapi.Common.DownloadDocumentsAPITest</td>
<td></td>
<td>0</td>
<td>com.arcapi.Common.DownloadDocumentsAPITest@45820e51</td></tr>
<tr>
<td title='com.arcapi.Common.DownloadDocumentsAPITest.setBaseUri()'><b>setBaseUri</b><br>Test class: com.arcapi.Common.DownloadDocumentsAPITest</td>
<td></td>
<td>0</td>
<td>com.arcapi.Common.DownloadDocumentsAPITest@45820e51</td></tr>
<tr>
<td title='com.arcapi.Common.VerifyAgreementPresentAPITest.getSuiteName()'><b>getSuiteName</b><br>Test class: com.arcapi.Common.VerifyAgreementPresentAPITest</td>
<td></td>
<td>0</td>
<td>com.arcapi.Common.VerifyAgreementPresentAPITest@42d8062c</td></tr>
<tr>
<td title='com.arcapi.Common.VerifyAgreementPresentAPITest.setBaseUri()'><b>setBaseUri</b><br>Test class: com.arcapi.Common.VerifyAgreementPresentAPITest</td>
<td></td>
<td>0</td>
<td>com.arcapi.Common.VerifyAgreementPresentAPITest@42d8062c</td></tr>
<tr>
<td title='com.arcapi.Common.FetchingAgreementDetailsAPITest.getSuiteName()'><b>getSuiteName</b><br>Test class: com.arcapi.Common.FetchingAgreementDetailsAPITest</td>
<td></td>
<td>0</td>
<td>com.arcapi.Common.FetchingAgreementDetailsAPITest@6043cd28</td></tr>
<tr>
<td title='com.arcapi.Common.FetchingAgreementDetailsAPITest.setBaseUri()'><b>setBaseUri</b><br>Test class: com.arcapi.Common.FetchingAgreementDetailsAPITest</td>
<td></td>
<td>0</td>
<td>com.arcapi.Common.FetchingAgreementDetailsAPITest@6043cd28</td></tr>
<tr>
<td title='com.arcapi.Common.S3DocumentUploadPOSTAPITest.getSuiteName()'><b>getSuiteName</b><br>Test class: com.arcapi.Common.S3DocumentUploadPOSTAPITest</td>
<td></td>
<td>0</td>
<td>com.arcapi.Common.S3DocumentUploadPOSTAPITest@cb51256</td></tr>
<tr>
<td title='com.arcapi.Common.S3DocumentUploadPOSTAPITest.setBaseUri()'><b>setBaseUri</b><br>Test class: com.arcapi.Common.S3DocumentUploadPOSTAPITest</td>
<td></td>
<td>0</td>
<td>com.arcapi.Common.S3DocumentUploadPOSTAPITest@cb51256</td></tr>
<tr>
<td title='com.arcapi.Common.S3DocumentListAPITest.getSuiteName()'><b>getSuiteName</b><br>Test class: com.arcapi.Common.S3DocumentListAPITest</td>
<td></td>
<td>0</td>
<td>com.arcapi.Common.S3DocumentListAPITest@59906517</td></tr>
<tr>
<td title='com.arcapi.Common.S3DocumentListAPITest.setBaseUri()'><b>setBaseUri</b><br>Test class: com.arcapi.Common.S3DocumentListAPITest</td>
<td></td>
<td>0</td>
<td>com.arcapi.Common.S3DocumentListAPITest@59906517</td></tr>
<tr>
<td title='com.arcapi.Common.S3DocumentRemoveAPITest.getSuiteName()'><b>getSuiteName</b><br>Test class: com.arcapi.Common.S3DocumentRemoveAPITest</td>
<td></td>
<td>0</td>
<td>com.arcapi.Common.S3DocumentRemoveAPITest@5bfbf16f</td></tr>
<tr>
<td title='com.arcapi.Common.S3DocumentRemoveAPITest.setBaseUri()'><b>setBaseUri</b><br>Test class: com.arcapi.Common.S3DocumentRemoveAPITest</td>
<td></td>
<td>0</td>
<td>com.arcapi.Common.S3DocumentRemoveAPITest@5bfbf16f</td></tr>
<tr>
<td title='com.arcapi.Common.FeedbackSubmitPostAPITest.getSuiteName()'><b>getSuiteName</b><br>Test class: com.arcapi.Common.FeedbackSubmitPostAPITest</td>
<td></td>
<td>0</td>
<td>com.arcapi.Common.FeedbackSubmitPostAPITest@25af5db5</td></tr>
<tr>
<td title='com.arcapi.Common.FeedbackSubmitPostAPITest.setBaseUri()'><b>setBaseUri</b><br>Test class: com.arcapi.Common.FeedbackSubmitPostAPITest</td>
<td></td>
<td>0</td>
<td>com.arcapi.Common.FeedbackSubmitPostAPITest@25af5db5</td></tr>
<tr>
<td title='com.arcapi.Common.CityCom.MeasuresListAPITest.getSuiteName()'><b>getSuiteName</b><br>Test class: com.arcapi.Common.CityCom.MeasuresListAPITest</td>
<td></td>
<td>0</td>
<td>com.arcapi.Common.CityCom.MeasuresListAPITest@12cdcf4</td></tr>
<tr>
<td title='com.arcapi.Common.CityCom.MeasuresListAPITest.setBaseUri()'><b>setBaseUri</b><br>Test class: com.arcapi.Common.CityCom.MeasuresListAPITest</td>
<td></td>
<td>0</td>
<td>com.arcapi.Common.CityCom.MeasuresListAPITest@12cdcf4</td></tr>
<tr>
<td title='com.arcapi.Common.CityCom.MeasuresDetailAPITest.getSuiteName()'><b>getSuiteName</b><br>Test class: com.arcapi.Common.CityCom.MeasuresDetailAPITest</td>
<td></td>
<td>0</td>
<td>com.arcapi.Common.CityCom.MeasuresDetailAPITest@5bcea91b</td></tr>
<tr>
<td title='com.arcapi.Common.CityCom.MeasuresDetailAPITest.setBaseUri()'><b>setBaseUri</b><br>Test class: com.arcapi.Common.CityCom.MeasuresDetailAPITest</td>
<td></td>
<td>0</td>
<td>com.arcapi.Common.CityCom.MeasuresDetailAPITest@5bcea91b</td></tr>
<tr>
<td title='com.arcapi.Common.CityCom.MeasuresPostAPITest.getSuiteName()'><b>getSuiteName</b><br>Test class: com.arcapi.Common.CityCom.MeasuresPostAPITest</td>
<td></td>
<td>0</td>
<td>com.arcapi.Common.CityCom.MeasuresPostAPITest@5f3a4b84</td></tr>
<tr>
<td title='com.arcapi.Common.CityCom.MeasuresPostAPITest.setBaseUri()'><b>setBaseUri</b><br>Test class: com.arcapi.Common.CityCom.MeasuresPostAPITest</td>
<td></td>
<td>0</td>
<td>com.arcapi.Common.CityCom.MeasuresPostAPITest@5f3a4b84</td></tr>
<tr>
<td title='com.arcapi.Common.CityCom.MeasuresUpdateAPITest.getSuiteName()'><b>getSuiteName</b><br>Test class: com.arcapi.Common.CityCom.MeasuresUpdateAPITest</td>
<td></td>
<td>0</td>
<td>com.arcapi.Common.CityCom.MeasuresUpdateAPITest@27f723</td></tr>
<tr>
<td title='com.arcapi.Common.CityCom.MeasuresUpdateAPITest.setBaseUri()'><b>setBaseUri</b><br>Test class: com.arcapi.Common.CityCom.MeasuresUpdateAPITest</td>
<td></td>
<td>0</td>
<td>com.arcapi.Common.CityCom.MeasuresUpdateAPITest@27f723</td></tr>
<tr>
<td title='com.arcapi.Common.CityCom.MeasuresVersionListAPITest.getSuiteName()'><b>getSuiteName</b><br>Test class: com.arcapi.Common.CityCom.MeasuresVersionListAPITest</td>
<td></td>
<td>0</td>
<td>com.arcapi.Common.CityCom.MeasuresVersionListAPITest@670b40af</td></tr>
<tr>
<td title='com.arcapi.Common.CityCom.MeasuresVersionListAPITest.setBaseUri()'><b>setBaseUri</b><br>Test class: com.arcapi.Common.CityCom.MeasuresVersionListAPITest</td>
<td></td>
<td>0</td>
<td>com.arcapi.Common.CityCom.MeasuresVersionListAPITest@670b40af</td></tr>
<tr>
<td title='com.arcapi.Common.CityCom.MeasuresVersionDetailAPITest.getSuiteName()'><b>getSuiteName</b><br>Test class: com.arcapi.Common.CityCom.MeasuresVersionDetailAPITest</td>
<td></td>
<td>0</td>
<td>com.arcapi.Common.CityCom.MeasuresVersionDetailAPITest@4923ab24</td></tr>
<tr>
<td title='com.arcapi.Common.CityCom.MeasuresVersionDetailAPITest.setBaseUri()'><b>setBaseUri</b><br>Test class: com.arcapi.Common.CityCom.MeasuresVersionDetailAPITest</td>
<td></td>
<td>0</td>
<td>com.arcapi.Common.CityCom.MeasuresVersionDetailAPITest@4923ab24</td></tr>
<tr>
<td title='com.arcapi.Common.CityCom.MeasuresVersionPostAPITest.getSuiteName()'><b>getSuiteName</b><br>Test class: com.arcapi.Common.CityCom.MeasuresVersionPostAPITest</td>
<td></td>
<td>0</td>
<td>com.arcapi.Common.CityCom.MeasuresVersionPostAPITest@44c8afef</td></tr>
<tr>
<td title='com.arcapi.Common.CityCom.MeasuresVersionPostAPITest.setBaseUri()'><b>setBaseUri</b><br>Test class: com.arcapi.Common.CityCom.MeasuresVersionPostAPITest</td>
<td></td>
<td>0</td>
<td>com.arcapi.Common.CityCom.MeasuresVersionPostAPITest@44c8afef</td></tr>
<tr>
<td title='com.arcapi.Parksmarttestcases.UserActivityListAPITest.getSuiteName()'><b>getSuiteName</b><br>Test class: com.arcapi.Parksmarttestcases.UserActivityListAPITest</td>
<td></td>
<td>0</td>
<td>com.arcapi.Parksmarttestcases.UserActivityListAPITest@7b69c6ba</td></tr>
<tr>
<td title='com.arcapi.Parksmarttestcases.UserActivityListAPITest.setBaseUri()'><b>setBaseUri</b><br>Test class: com.arcapi.Parksmarttestcases.UserActivityListAPITest</td>
<td></td>
<td>0</td>
<td>com.arcapi.Parksmarttestcases.UserActivityListAPITest@7b69c6ba</td></tr>
<tr>
<td title='com.arcapi.Common.AssetRequiredFieldsAPITest.getSuiteName()'><b>getSuiteName</b><br>Test class: com.arcapi.Common.AssetRequiredFieldsAPITest</td>
<td></td>
<td>0</td>
<td>com.arcapi.Common.AssetRequiredFieldsAPITest@46daef40</td></tr>
<tr>
<td title='com.arcapi.Common.AssetRequiredFieldsAPITest.setBaseUri()'><b>setBaseUri</b><br>Test class: com.arcapi.Common.AssetRequiredFieldsAPITest</td>
<td></td>
<td>0</td>
<td>com.arcapi.Common.AssetRequiredFieldsAPITest@46daef40</td></tr>
<tr>
<td title='com.arcapi.Common.CountryStatesJSONAPITest.getSuiteName()'><b>getSuiteName</b><br>Test class: com.arcapi.Common.CountryStatesJSONAPITest</td>
<td></td>
<td>0</td>
<td>com.arcapi.Common.CountryStatesJSONAPITest@12f41634</td></tr>
<tr>
<td title='com.arcapi.Common.CountryStatesJSONAPITest.setBaseUri()'><b>setBaseUri</b><br>Test class: com.arcapi.Common.CountryStatesJSONAPITest</td>
<td></td>
<td>0</td>
<td>com.arcapi.Common.CountryStatesJSONAPITest@12f41634</td></tr>
<tr>
<td title='com.arcapi.Common.AssociatedCategoriesAPITest.getSuiteName()'><b>getSuiteName</b><br>Test class: com.arcapi.Common.AssociatedCategoriesAPITest</td>
<td></td>
<td>0</td>
<td>com.arcapi.Common.AssociatedCategoriesAPITest@13c27452</td></tr>
<tr>
<td title='com.arcapi.Common.AssociatedCategoriesAPITest.setBaseUri()'><b>setBaseUri</b><br>Test class: com.arcapi.Common.AssociatedCategoriesAPITest</td>
<td></td>
<td>0</td>
<td>com.arcapi.Common.AssociatedCategoriesAPITest@13c27452</td></tr>
<tr>
<td title='com.arcapi.Common.RatingSystemListAPITest.getSuiteName()'><b>getSuiteName</b><br>Test class: com.arcapi.Common.RatingSystemListAPITest</td>
<td></td>
<td>0</td>
<td>com.arcapi.Common.RatingSystemListAPITest@262b2c86</td></tr>
<tr>
<td title='com.arcapi.Common.RatingSystemListAPITest.setBaseUri()'><b>setBaseUri</b><br>Test class: com.arcapi.Common.RatingSystemListAPITest</td>
<td></td>
<td>0</td>
<td>com.arcapi.Common.RatingSystemListAPITest@262b2c86</td></tr>
<tr>
<td title='com.arcapi.Common.AppVersionDetailAPITest.getSuiteName()'><b>getSuiteName</b><br>Test class: com.arcapi.Common.AppVersionDetailAPITest</td>
<td></td>
<td>0</td>
<td>com.arcapi.Common.AppVersionDetailAPITest@371a67ec</td></tr>
<tr>
<td title='com.arcapi.Common.AppVersionDetailAPITest.setBaseUri()'><b>setBaseUri</b><br>Test class: com.arcapi.Common.AppVersionDetailAPITest</td>
<td></td>
<td>0</td>
<td>com.arcapi.Common.AppVersionDetailAPITest@371a67ec</td></tr>
<tr>
<td title='com.arcapi.Common.FuelCategoryAPITest.getSuiteName()'><b>getSuiteName</b><br>Test class: com.arcapi.Common.FuelCategoryAPITest</td>
<td></td>
<td>0</td>
<td>com.arcapi.Common.FuelCategoryAPITest@5ed828d</td></tr>
<tr>
<td title='com.arcapi.Common.FuelCategoryAPITest.setBaseUri()'><b>setBaseUri</b><br>Test class: com.arcapi.Common.FuelCategoryAPITest</td>
<td></td>
<td>0</td>
<td>com.arcapi.Common.FuelCategoryAPITest@5ed828d</td></tr>
<tr>
<td title='com.arcapi.Common.GetAllDocumentListAPITest.getSuiteName()'><b>getSuiteName</b><br>Test class: com.arcapi.Common.GetAllDocumentListAPITest</td>
<td></td>
<td>0</td>
<td>com.arcapi.Common.GetAllDocumentListAPITest@50d0686</td></tr>
<tr>
<td title='com.arcapi.Common.GetAllDocumentListAPITest.setBaseUri()'><b>setBaseUri</b><br>Test class: com.arcapi.Common.GetAllDocumentListAPITest</td>
<td></td>
<td>0</td>
<td>com.arcapi.Common.GetAllDocumentListAPITest@50d0686</td></tr>
<tr>
<td title='com.arcapi.Common.PerformanceComparablesGetAPITest.getSuiteName()'><b>getSuiteName</b><br>Test class: com.arcapi.Common.PerformanceComparablesGetAPITest</td>
<td></td>
<td>0</td>
<td>com.arcapi.Common.PerformanceComparablesGetAPITest@7a3d45bd</td></tr>
<tr>
<td title='com.arcapi.Common.PerformanceComparablesGetAPITest.setBaseUri()'><b>setBaseUri</b><br>Test class: com.arcapi.Common.PerformanceComparablesGetAPITest</td>
<td></td>
<td>0</td>
<td>com.arcapi.Common.PerformanceComparablesGetAPITest@7a3d45bd</td></tr>
<tr>
<td title='com.arcapi.Common.ThirdPartyListAppsAPITest.getSuiteName()'><b>getSuiteName</b><br>Test class: com.arcapi.Common.ThirdPartyListAppsAPITest</td>
<td></td>
<td>0</td>
<td>com.arcapi.Common.ThirdPartyListAppsAPITest@1e7c7811</td></tr>
<tr>
<td title='com.arcapi.Common.ThirdPartyListAppsAPITest.setBaseUri()'><b>setBaseUri</b><br>Test class: com.arcapi.Common.ThirdPartyListAppsAPITest</td>
<td></td>
<td>0</td>
<td>com.arcapi.Common.ThirdPartyListAppsAPITest@1e7c7811</td></tr>
<tr>
<td title='com.arcapi.Common.AvgPerformaceListGetTest.getSuiteName()'><b>getSuiteName</b><br>Test class: com.arcapi.Common.AvgPerformaceListGetTest</td>
<td></td>
<td>0</td>
<td>com.arcapi.Common.AvgPerformaceListGetTest@77ec78b9</td></tr>
<tr>
<td title='com.arcapi.Common.AvgPerformaceListGetTest.setBaseUri()'><b>setBaseUri</b><br>Test class: com.arcapi.Common.AvgPerformaceListGetTest</td>
<td></td>
<td>0</td>
<td>com.arcapi.Common.AvgPerformaceListGetTest@77ec78b9</td></tr>
<tr>
<td title='com.arcapi.Common.LoginAPITest.ExtentReportConfig()'><b>ExtentReportConfig</b><br>Test class: com.arcapi.Common.LoginAPITest</td>
<td></td>
<td>0</td>
<td>com.arcapi.Common.LoginAPITest@587d1d39</td></tr>
<tr>
<td title='com.arcapi.Common.LoginAPITest.start()'><b>start</b><br>Test class: com.arcapi.Common.LoginAPITest</td>
<td></td>
<td>0</td>
<td>com.arcapi.Common.LoginAPITest@587d1d39</td></tr>
<tr>
<td title='com.arcapi.Parksmarttestcases.CreateAssetParksmartPOSTAPITest.ExtentReportConfig()'><b>ExtentReportConfig</b><br>Test class: com.arcapi.Parksmarttestcases.CreateAssetParksmartPOSTAPITest</td>
<td></td>
<td>0</td>
<td>com.arcapi.Parksmarttestcases.CreateAssetParksmartPOSTAPITest@58c1670b</td></tr>
<tr>
<td title='com.arcapi.Parksmarttestcases.CreateAssetParksmartPOSTAPITest.start()'><b>start</b><br>Test class: com.arcapi.Parksmarttestcases.CreateAssetParksmartPOSTAPITest</td>
<td></td>
<td>0</td>
<td>com.arcapi.Parksmarttestcases.CreateAssetParksmartPOSTAPITest@58c1670b</td></tr>
<tr>
<td title='com.arcapi.Common.AssetValidationInfoPOSTAPITest.ExtentReportConfig()'><b>ExtentReportConfig</b><br>Test class: com.arcapi.Common.AssetValidationInfoPOSTAPITest</td>
<td></td>
<td>0</td>
<td>com.arcapi.Common.AssetValidationInfoPOSTAPITest@4abdb505</td></tr>
<tr>
<td title='com.arcapi.Common.AssetValidationInfoPOSTAPITest.start()'><b>start</b><br>Test class: com.arcapi.Common.AssetValidationInfoPOSTAPITest</td>
<td></td>
<td>0</td>
<td>com.arcapi.Common.AssetValidationInfoPOSTAPITest@4abdb505</td></tr>
<tr>
<td title='com.arcapi.Common.AssetListAPITest.ExtentReportConfig()'><b>ExtentReportConfig</b><br>Test class: com.arcapi.Common.AssetListAPITest</td>
<td></td>
<td>0</td>
<td>com.arcapi.Common.AssetListAPITest@1500955a</td></tr>
<tr>
<td title='com.arcapi.Common.AssetListAPITest.start()'><b>start</b><br>Test class: com.arcapi.Common.AssetListAPITest</td>
<td></td>
<td>0</td>
<td>com.arcapi.Common.AssetListAPITest@1500955a</td></tr>
<tr>
<td title='com.arcapi.Common.CountryStatesJSONAPITest.ExtentReportConfig()'><b>ExtentReportConfig</b><br>Test class: com.arcapi.Common.CountryStatesJSONAPITest</td>
<td></td>
<td>0</td>
<td>com.arcapi.Common.CountryStatesJSONAPITest@12f41634</td></tr>
<tr>
<td title='com.arcapi.Common.CountryStatesJSONAPITest.start()'><b>start</b><br>Test class: com.arcapi.Common.CountryStatesJSONAPITest</td>
<td></td>
<td>0</td>
<td>com.arcapi.Common.CountryStatesJSONAPITest@12f41634</td></tr>
<tr>
<td title='com.arcapi.Common.AssociatedCategoriesAPITest.ExtentReportConfig()'><b>ExtentReportConfig</b><br>Test class: com.arcapi.Common.AssociatedCategoriesAPITest</td>
<td></td>
<td>0</td>
<td>com.arcapi.Common.AssociatedCategoriesAPITest@13c27452</td></tr>
<tr>
<td title='com.arcapi.Common.AssociatedCategoriesAPITest.start()'><b>start</b><br>Test class: com.arcapi.Common.AssociatedCategoriesAPITest</td>
<td></td>
<td>0</td>
<td>com.arcapi.Common.AssociatedCategoriesAPITest@13c27452</td></tr>
<tr>
<td title='com.arcapi.Common.RatingSystemListAPITest.ExtentReportConfig()'><b>ExtentReportConfig</b><br>Test class: com.arcapi.Common.RatingSystemListAPITest</td>
<td></td>
<td>0</td>
<td>com.arcapi.Common.RatingSystemListAPITest@262b2c86</td></tr>
<tr>
<td title='com.arcapi.Common.RatingSystemListAPITest.start()'><b>start</b><br>Test class: com.arcapi.Common.RatingSystemListAPITest</td>
<td></td>
<td>0</td>
<td>com.arcapi.Common.RatingSystemListAPITest@262b2c86</td></tr>
<tr>
<td title='com.arcapi.Common.AppVersionDetailAPITest.ExtentReportConfig()'><b>ExtentReportConfig</b><br>Test class: com.arcapi.Common.AppVersionDetailAPITest</td>
<td></td>
<td>0</td>
<td>com.arcapi.Common.AppVersionDetailAPITest@371a67ec</td></tr>
<tr>
<td title='com.arcapi.Common.AppVersionDetailAPITest.start()'><b>start</b><br>Test class: com.arcapi.Common.AppVersionDetailAPITest</td>
<td></td>
<td>0</td>
<td>com.arcapi.Common.AppVersionDetailAPITest@371a67ec</td></tr>
<tr>
<td title='com.arcapi.Common.FuelCategoryAPITest.ExtentReportConfig()'><b>ExtentReportConfig</b><br>Test class: com.arcapi.Common.FuelCategoryAPITest</td>
<td></td>
<td>0</td>
<td>com.arcapi.Common.FuelCategoryAPITest@5ed828d</td></tr>
<tr>
<td title='com.arcapi.Common.FuelCategoryAPITest.start()'><b>start</b><br>Test class: com.arcapi.Common.FuelCategoryAPITest</td>
<td></td>
<td>0</td>
<td>com.arcapi.Common.FuelCategoryAPITest@5ed828d</td></tr>
<tr>
<td title='com.arcapi.Common.PerformanceComparablesGetAPITest.ExtentReportConfig()'><b>ExtentReportConfig</b><br>Test class: com.arcapi.Common.PerformanceComparablesGetAPITest</td>
<td></td>
<td>0</td>
<td>com.arcapi.Common.PerformanceComparablesGetAPITest@7a3d45bd</td></tr>
<tr>
<td title='com.arcapi.Common.PerformanceComparablesGetAPITest.start()'><b>start</b><br>Test class: com.arcapi.Common.PerformanceComparablesGetAPITest</td>
<td></td>
<td>0</td>
<td>com.arcapi.Common.PerformanceComparablesGetAPITest@7a3d45bd</td></tr>
<tr>
<td title='com.arcapi.Common.ThirdPartyListAppsAPITest.ExtentReportConfig()'><b>ExtentReportConfig</b><br>Test class: com.arcapi.Common.ThirdPartyListAppsAPITest</td>
<td></td>
<td>0</td>
<td>com.arcapi.Common.ThirdPartyListAppsAPITest@1e7c7811</td></tr>
<tr>
<td title='com.arcapi.Common.ThirdPartyListAppsAPITest.start()'><b>start</b><br>Test class: com.arcapi.Common.ThirdPartyListAppsAPITest</td>
<td></td>
<td>0</td>
<td>com.arcapi.Common.ThirdPartyListAppsAPITest@1e7c7811</td></tr>
<tr>
<td title='com.arcapi.Common.AvgPerformaceListGetTest.ExtentReportConfig()'><b>ExtentReportConfig</b><br>Test class: com.arcapi.Common.AvgPerformaceListGetTest</td>
<td></td>
<td>0</td>
<td>com.arcapi.Common.AvgPerformaceListGetTest@77ec78b9</td></tr>
<tr>
<td title='com.arcapi.Common.AvgPerformaceListGetTest.start()'><b>start</b><br>Test class: com.arcapi.Common.AvgPerformaceListGetTest</td>
<td></td>
<td>0</td>
<td>com.arcapi.Common.AvgPerformaceListGetTest@77ec78b9</td></tr>
<tr>
<td title='com.arcapi.Common.LoginAPITest.teardown()'><b>teardown</b><br>Test class: com.arcapi.Common.LoginAPITest</td>
<td></td>
<td>0</td>
<td>com.arcapi.Common.LoginAPITest@587d1d39</td></tr>
<tr>
<td title='com.arcapi.Parksmarttestcases.CreateAssetParksmartPOSTAPITest.teardown()'><b>teardown</b><br>Test class: com.arcapi.Parksmarttestcases.CreateAssetParksmartPOSTAPITest</td>
<td></td>
<td>0</td>
<td>com.arcapi.Parksmarttestcases.CreateAssetParksmartPOSTAPITest@58c1670b</td></tr>
<tr>
<td title='com.arcapi.Common.AssetValidationInfoPOSTAPITest.teardown()'><b>teardown</b><br>Test class: com.arcapi.Common.AssetValidationInfoPOSTAPITest</td>
<td></td>
<td>0</td>
<td>com.arcapi.Common.AssetValidationInfoPOSTAPITest@4abdb505</td></tr>
<tr>
<td title='com.arcapi.Common.AssetListAPITest.teardown()'><b>teardown</b><br>Test class: com.arcapi.Common.AssetListAPITest</td>
<td></td>
<td>0</td>
<td>com.arcapi.Common.AssetListAPITest@1500955a</td></tr>
<tr>
<td title='com.arcapi.Common.CountryStatesJSONAPITest.teardown()'><b>teardown</b><br>Test class: com.arcapi.Common.CountryStatesJSONAPITest</td>
<td></td>
<td>0</td>
<td>com.arcapi.Common.CountryStatesJSONAPITest@12f41634</td></tr>
<tr>
<td title='com.arcapi.Common.AssociatedCategoriesAPITest.teardown()'><b>teardown</b><br>Test class: com.arcapi.Common.AssociatedCategoriesAPITest</td>
<td></td>
<td>0</td>
<td>com.arcapi.Common.AssociatedCategoriesAPITest@13c27452</td></tr>
<tr>
<td title='com.arcapi.Common.RatingSystemListAPITest.teardown()'><b>teardown</b><br>Test class: com.arcapi.Common.RatingSystemListAPITest</td>
<td></td>
<td>0</td>
<td>com.arcapi.Common.RatingSystemListAPITest@262b2c86</td></tr>
<tr>
<td title='com.arcapi.Common.AppVersionDetailAPITest.teardown()'><b>teardown</b><br>Test class: com.arcapi.Common.AppVersionDetailAPITest</td>
<td></td>
<td>0</td>
<td>com.arcapi.Common.AppVersionDetailAPITest@371a67ec</td></tr>
<tr>
<td title='com.arcapi.Common.FuelCategoryAPITest.teardown()'><b>teardown</b><br>Test class: com.arcapi.Common.FuelCategoryAPITest</td>
<td></td>
<td>0</td>
<td>com.arcapi.Common.FuelCategoryAPITest@5ed828d</td></tr>
<tr>
<td title='com.arcapi.Common.PerformanceComparablesGetAPITest.teardown()'><b>teardown</b><br>Test class: com.arcapi.Common.PerformanceComparablesGetAPITest</td>
<td></td>
<td>0</td>
<td>com.arcapi.Common.PerformanceComparablesGetAPITest@7a3d45bd</td></tr>
<tr>
<td title='com.arcapi.Common.ThirdPartyListAppsAPITest.teardown()'><b>teardown</b><br>Test class: com.arcapi.Common.ThirdPartyListAppsAPITest</td>
<td></td>
<td>0</td>
<td>com.arcapi.Common.ThirdPartyListAppsAPITest@1e7c7811</td></tr>
<tr>
<td title='com.arcapi.Common.AvgPerformaceListGetTest.teardown()'><b>teardown</b><br>Test class: com.arcapi.Common.AvgPerformaceListGetTest</td>
<td></td>
<td>0</td>
<td>com.arcapi.Common.AvgPerformaceListGetTest@77ec78b9</td></tr>
<tr>
<td title='com.arcapi.Common.LoginAPITest.end()'><b>end</b><br>Test class: com.arcapi.Common.LoginAPITest</td>
<td></td>
<td>0</td>
<td>com.arcapi.Common.LoginAPITest@587d1d39</td></tr>
<tr>
<td title='com.arcapi.Parksmarttestcases.CreateAssetParksmartPOSTAPITest.end()'><b>end</b><br>Test class: com.arcapi.Parksmarttestcases.CreateAssetParksmartPOSTAPITest</td>
<td></td>
<td>0</td>
<td>com.arcapi.Parksmarttestcases.CreateAssetParksmartPOSTAPITest@58c1670b</td></tr>
<tr>
<td title='com.arcapi.Common.AssetSearchAPITest.end()'><b>end</b><br>Test class: com.arcapi.Common.AssetSearchAPITest</td>
<td></td>
<td>0</td>
<td>com.arcapi.Common.AssetSearchAPITest@6b57696f</td></tr>
<tr>
<td title='com.arcapi.Common.RegistrationPaymentPricingGetAPITest.end()'><b>end</b><br>Test class: com.arcapi.Common.RegistrationPaymentPricingGetAPITest</td>
<td></td>
<td>0</td>
<td>com.arcapi.Common.RegistrationPaymentPricingGetAPITest@5bb21b69</td></tr>
<tr>
<td title='com.arcapi.Common.PaymentOrderSubmitPOSTAPITest.end()'><b>end</b><br>Test class: com.arcapi.Common.PaymentOrderSubmitPOSTAPITest</td>
<td></td>
<td>0</td>
<td>com.arcapi.Common.PaymentOrderSubmitPOSTAPITest@6b9651f3</td></tr>
<tr>
<td title='com.arcapi.Common.AddAssestTimelinePOSTAPITest.end()'><b>end</b><br>Test class: com.arcapi.Common.AddAssestTimelinePOSTAPITest</td>
<td></td>
<td>0</td>
<td>com.arcapi.Common.AddAssestTimelinePOSTAPITest@38bc8ab5</td></tr>
<tr>
<td title='com.arcapi.Common.PaymentOrderGetAPITest.end()'><b>end</b><br>Test class: com.arcapi.Common.PaymentOrderGetAPITest</td>
<td></td>
<td>0</td>
<td>com.arcapi.Common.PaymentOrderGetAPITest@687080dc</td></tr>
<tr>
<td title='com.arcapi.Common.PaymentReceiptAPITest.end()'><b>end</b><br>Test class: com.arcapi.Common.PaymentReceiptAPITest</td>
<td></td>
<td>0</td>
<td>com.arcapi.Common.PaymentReceiptAPITest@23d2a7e8</td></tr>
<tr>
<td title='com.arcapi.Common.PaymentHistoryAPITest.end()'><b>end</b><br>Test class: com.arcapi.Common.PaymentHistoryAPITest</td>
<td></td>
<td>0</td>
<td>com.arcapi.Common.PaymentHistoryAPITest@7a9273a8</td></tr>
<tr>
<td title='com.arcapi.Common.AssetDetailAPITest.end()'><b>end</b><br>Test class: com.arcapi.Common.AssetDetailAPITest</td>
<td></td>
<td>0</td>
<td>com.arcapi.Common.AssetDetailAPITest@26a7b76d</td></tr>
<tr>
<td title='com.arcapi.Common.AssetValidationInfoPOSTAPITest.end()'><b>end</b><br>Test class: com.arcapi.Common.AssetValidationInfoPOSTAPITest</td>
<td></td>
<td>0</td>
<td>com.arcapi.Common.AssetValidationInfoPOSTAPITest@4abdb505</td></tr>
<tr>
<td title='com.arcapi.Common.AssetSearchOwnerAPITest.end()'><b>end</b><br>Test class: com.arcapi.Common.AssetSearchOwnerAPITest</td>
<td></td>
<td>0</td>
<td>com.arcapi.Common.AssetSearchOwnerAPITest@7ce6a65d</td></tr>
<tr>
<td title='com.arcapi.Common.AssetListAPITest.end()'><b>end</b><br>Test class: com.arcapi.Common.AssetListAPITest</td>
<td></td>
<td>0</td>
<td>com.arcapi.Common.AssetListAPITest@1500955a</td></tr>
<tr>
<td title='com.arcapi.Buildingtestcases.AssetUpdateBuildingAPITest.end()'><b>end</b><br>Test class: com.arcapi.Buildingtestcases.AssetUpdateBuildingAPITest</td>
<td></td>
<td>0</td>
<td>com.arcapi.Buildingtestcases.AssetUpdateBuildingAPITest@e874448</td></tr>
<tr>
<td title='com.arcapi.Parksmarttestcases.VerifyAssetDetailAPITest.end()'><b>end</b><br>Test class: com.arcapi.Parksmarttestcases.VerifyAssetDetailAPITest</td>
<td></td>
<td>0</td>
<td>com.arcapi.Parksmarttestcases.VerifyAssetDetailAPITest@29b5cd00</td></tr>
<tr>
<td title='com.arcapi.Common.VerifyProjectRegisteredAssetListTest.end()'><b>end</b><br>Test class: com.arcapi.Common.VerifyProjectRegisteredAssetListTest</td>
<td></td>
<td>0</td>
<td>com.arcapi.Common.VerifyProjectRegisteredAssetListTest@60285225</td></tr>
<tr>
<td title='com.arcapi.Common.AssetDocumentAPITest.end()'><b>end</b><br>Test class: com.arcapi.Common.AssetDocumentAPITest</td>
<td></td>
<td>0</td>
<td>com.arcapi.Common.AssetDocumentAPITest@7113b13f</td></tr>
<tr>
<td title='com.arcapi.Common.DownloadDocumentsAPITest.end()'><b>end</b><br>Test class: com.arcapi.Common.DownloadDocumentsAPITest</td>
<td></td>
<td>0</td>
<td>com.arcapi.Common.DownloadDocumentsAPITest@45820e51</td></tr>
<tr>
<td title='com.arcapi.Common.VerifyAgreementPresentAPITest.end()'><b>end</b><br>Test class: com.arcapi.Common.VerifyAgreementPresentAPITest</td>
<td></td>
<td>0</td>
<td>com.arcapi.Common.VerifyAgreementPresentAPITest@42d8062c</td></tr>
<tr>
<td title='com.arcapi.Common.FetchingAgreementDetailsAPITest.end()'><b>end</b><br>Test class: com.arcapi.Common.FetchingAgreementDetailsAPITest</td>
<td></td>
<td>0</td>
<td>com.arcapi.Common.FetchingAgreementDetailsAPITest@6043cd28</td></tr>
<tr>
<td title='com.arcapi.Common.S3DocumentUploadPOSTAPITest.end()'><b>end</b><br>Test class: com.arcapi.Common.S3DocumentUploadPOSTAPITest</td>
<td></td>
<td>0</td>
<td>com.arcapi.Common.S3DocumentUploadPOSTAPITest@cb51256</td></tr>
<tr>
<td title='com.arcapi.Common.S3DocumentListAPITest.end()'><b>end</b><br>Test class: com.arcapi.Common.S3DocumentListAPITest</td>
<td></td>
<td>0</td>
<td>com.arcapi.Common.S3DocumentListAPITest@59906517</td></tr>
<tr>
<td title='com.arcapi.Common.S3DocumentRemoveAPITest.end()'><b>end</b><br>Test class: com.arcapi.Common.S3DocumentRemoveAPITest</td>
<td></td>
<td>0</td>
<td>com.arcapi.Common.S3DocumentRemoveAPITest@5bfbf16f</td></tr>
<tr>
<td title='com.arcapi.Common.FeedbackSubmitPostAPITest.end()'><b>end</b><br>Test class: com.arcapi.Common.FeedbackSubmitPostAPITest</td>
<td></td>
<td>0</td>
<td>com.arcapi.Common.FeedbackSubmitPostAPITest@25af5db5</td></tr>
<tr>
<td title='com.arcapi.Common.CityCom.MeasuresListAPITest.end()'><b>end</b><br>Test class: com.arcapi.Common.CityCom.MeasuresListAPITest</td>
<td></td>
<td>0</td>
<td>com.arcapi.Common.CityCom.MeasuresListAPITest@12cdcf4</td></tr>
<tr>
<td title='com.arcapi.Common.CityCom.MeasuresDetailAPITest.end()'><b>end</b><br>Test class: com.arcapi.Common.CityCom.MeasuresDetailAPITest</td>
<td></td>
<td>0</td>
<td>com.arcapi.Common.CityCom.MeasuresDetailAPITest@5bcea91b</td></tr>
<tr>
<td title='com.arcapi.Common.CityCom.MeasuresPostAPITest.end()'><b>end</b><br>Test class: com.arcapi.Common.CityCom.MeasuresPostAPITest</td>
<td></td>
<td>0</td>
<td>com.arcapi.Common.CityCom.MeasuresPostAPITest@5f3a4b84</td></tr>
<tr>
<td title='com.arcapi.Common.CityCom.MeasuresUpdateAPITest.end()'><b>end</b><br>Test class: com.arcapi.Common.CityCom.MeasuresUpdateAPITest</td>
<td></td>
<td>0</td>
<td>com.arcapi.Common.CityCom.MeasuresUpdateAPITest@27f723</td></tr>
<tr>
<td title='com.arcapi.Common.CityCom.MeasuresVersionListAPITest.end()'><b>end</b><br>Test class: com.arcapi.Common.CityCom.MeasuresVersionListAPITest</td>
<td></td>
<td>0</td>
<td>com.arcapi.Common.CityCom.MeasuresVersionListAPITest@670b40af</td></tr>
<tr>
<td title='com.arcapi.Common.CityCom.MeasuresVersionDetailAPITest.end()'><b>end</b><br>Test class: com.arcapi.Common.CityCom.MeasuresVersionDetailAPITest</td>
<td></td>
<td>0</td>
<td>com.arcapi.Common.CityCom.MeasuresVersionDetailAPITest@4923ab24</td></tr>
<tr>
<td title='com.arcapi.Common.CityCom.MeasuresVersionPostAPITest.end()'><b>end</b><br>Test class: com.arcapi.Common.CityCom.MeasuresVersionPostAPITest</td>
<td></td>
<td>0</td>
<td>com.arcapi.Common.CityCom.MeasuresVersionPostAPITest@44c8afef</td></tr>
<tr>
<td title='com.arcapi.Parksmarttestcases.UserActivityListAPITest.end()'><b>end</b><br>Test class: com.arcapi.Parksmarttestcases.UserActivityListAPITest</td>
<td></td>
<td>0</td>
<td>com.arcapi.Parksmarttestcases.UserActivityListAPITest@7b69c6ba</td></tr>
<tr>
<td title='com.arcapi.Common.AssetRequiredFieldsAPITest.end()'><b>end</b><br>Test class: com.arcapi.Common.AssetRequiredFieldsAPITest</td>
<td></td>
<td>0</td>
<td>com.arcapi.Common.AssetRequiredFieldsAPITest@46daef40</td></tr>
<tr>
<td title='com.arcapi.Common.CountryStatesJSONAPITest.end()'><b>end</b><br>Test class: com.arcapi.Common.CountryStatesJSONAPITest</td>
<td></td>
<td>0</td>
<td>com.arcapi.Common.CountryStatesJSONAPITest@12f41634</td></tr>
<tr>
<td title='com.arcapi.Common.AssociatedCategoriesAPITest.end()'><b>end</b><br>Test class: com.arcapi.Common.AssociatedCategoriesAPITest</td>
<td></td>
<td>0</td>
<td>com.arcapi.Common.AssociatedCategoriesAPITest@13c27452</td></tr>
<tr>
<td title='com.arcapi.Common.RatingSystemListAPITest.end()'><b>end</b><br>Test class: com.arcapi.Common.RatingSystemListAPITest</td>
<td></td>
<td>0</td>
<td>com.arcapi.Common.RatingSystemListAPITest@262b2c86</td></tr>
<tr>
<td title='com.arcapi.Common.AppVersionDetailAPITest.end()'><b>end</b><br>Test class: com.arcapi.Common.AppVersionDetailAPITest</td>
<td></td>
<td>0</td>
<td>com.arcapi.Common.AppVersionDetailAPITest@371a67ec</td></tr>
<tr>
<td title='com.arcapi.Common.FuelCategoryAPITest.end()'><b>end</b><br>Test class: com.arcapi.Common.FuelCategoryAPITest</td>
<td></td>
<td>0</td>
<td>com.arcapi.Common.FuelCategoryAPITest@5ed828d</td></tr>
<tr>
<td title='com.arcapi.Common.GetAllDocumentListAPITest.end()'><b>end</b><br>Test class: com.arcapi.Common.GetAllDocumentListAPITest</td>
<td></td>
<td>0</td>
<td>com.arcapi.Common.GetAllDocumentListAPITest@50d0686</td></tr>
<tr>
<td title='com.arcapi.Common.PerformanceComparablesGetAPITest.end()'><b>end</b><br>Test class: com.arcapi.Common.PerformanceComparablesGetAPITest</td>
<td></td>
<td>0</td>
<td>com.arcapi.Common.PerformanceComparablesGetAPITest@7a3d45bd</td></tr>
<tr>
<td title='com.arcapi.Common.ThirdPartyListAppsAPITest.end()'><b>end</b><br>Test class: com.arcapi.Common.ThirdPartyListAppsAPITest</td>
<td></td>
<td>0</td>
<td>com.arcapi.Common.ThirdPartyListAppsAPITest@1e7c7811</td></tr>
<tr>
<td title='com.arcapi.Common.AvgPerformaceListGetTest.end()'><b>end</b><br>Test class: com.arcapi.Common.AvgPerformaceListGetTest</td>
<td></td>
<td>0</td>
<td>com.arcapi.Common.AvgPerformaceListGetTest@77ec78b9</td></tr>
</table><p>
<table width='100%' border='1' class='invocation-skipped'>
<tr><td colspan='4' align='center'><b>SKIPPED TESTS</b></td></tr>
<tr><td><b>Test method</b></td>
<td width="30%"><b>Exception</b></td>
<td width="10%"><b>Time (seconds)</b></td>
<td><b>Instance</b></td>
</tr>
<tr>
<td title='com.arcapi.Common.AddAssestTimelinePOSTAPITest.AddAssestTimeline()'><b>AddAssestTimeline</b><br>Test class: com.arcapi.Common.AddAssestTimelinePOSTAPITest</td>
<td><div><pre>org.testng.TestNGException: 
Parameter &apos;SheetName&apos; is required by @Test on method AddAssestTimeline but has not been marked @Optional or defined
in D:\worksapceNew\TestArcAPI\src\main\resources\TestNGFiles\Parksmarttestng.xml
... Removed 23 stack frames</pre></div><a href='#' onClick='toggleBox("stack-trace1060928475", this, "Click to show all stack frames", "Click to hide stack frames")'>Click to show all stack frames</a>
<div class='stack-trace' id='stack-trace1060928475'><pre>org.testng.TestNGException: 
Parameter &apos;SheetName&apos; is required by @Test on method AddAssestTimeline but has not been marked @Optional or defined
in D:\worksapceNew\TestArcAPI\src\main\resources\TestNGFiles\Parksmarttestng.xml
	at org.testng.internal.Parameters.createParameters(Parameters.java:154)
	at org.testng.internal.Parameters.createParameters(Parameters.java:361)
	at org.testng.internal.Parameters.handleParameters(Parameters.java:451)
	at org.testng.internal.Invoker.handleParameters(Invoker.java:1274)
	at org.testng.internal.Invoker.createParameters(Invoker.java:989)
	at org.testng.internal.Invoker.invokeTestMethods(Invoker.java:1079)
	at org.testng.internal.TestMethodWorker.invokeTestMethods(TestMethodWorker.java:129)
	at org.testng.internal.TestMethodWorker.run(TestMethodWorker.java:112)
	at org.testng.TestRunner.privateRun(TestRunner.java:782)
	at org.testng.TestRunner.run(TestRunner.java:632)
	at org.testng.SuiteRunner.runTest(SuiteRunner.java:366)
	at org.testng.SuiteRunner.runSequentially(SuiteRunner.java:361)
	at org.testng.SuiteRunner.privateRun(SuiteRunner.java:319)
	at org.testng.SuiteRunner.run(SuiteRunner.java:268)
	at org.testng.SuiteRunnerWorker.runSuite(SuiteRunnerWorker.java:52)
	at org.testng.SuiteRunnerWorker.run(SuiteRunnerWorker.java:86)
	at org.testng.TestNG.runSuitesSequentially(TestNG.java:1244)
	at org.testng.TestNG.runSuitesSequentially(TestNG.java:1240)
	at org.testng.TestNG.runSuitesLocally(TestNG.java:1169)
	at org.testng.TestNG.run(TestNG.java:1064)
	at org.testng.remote.RemoteTestNG.run(RemoteTestNG.java:113)
	at org.testng.remote.RemoteTestNG.initAndRun(RemoteTestNG.java:206)
	at org.testng.remote.RemoteTestNG.main(RemoteTestNG.java:177)
</pre></div></td>
<td>0</td>
<td>com.arcapi.Common.AddAssestTimelinePOSTAPITest@38bc8ab5</td></tr>
<tr>
<td title='com.arcapi.Common.AppVersionDetailAPITest.AppVersionDetailAPI()'><b>AppVersionDetailAPI</b><br>Test class: com.arcapi.Common.AppVersionDetailAPITest</td>
<td></td>
<td>0</td>
<td>com.arcapi.Common.AppVersionDetailAPITest@371a67ec</td></tr>
<tr>
<td title='com.arcapi.Common.AssetDetailAPITest.AssetDetailAPI()'><b>AssetDetailAPI</b><br>Test class: com.arcapi.Common.AssetDetailAPITest</td>
<td><div><pre>org.testng.TestNGException: 
Parameter &apos;SheetName&apos; is required by @Test on method AssetDetailAPI but has not been marked @Optional or defined
in D:\worksapceNew\TestArcAPI\src\main\resources\TestNGFiles\Parksmarttestng.xml
... Removed 23 stack frames</pre></div><a href='#' onClick='toggleBox("stack-trace10405169", this, "Click to show all stack frames", "Click to hide stack frames")'>Click to show all stack frames</a>
<div class='stack-trace' id='stack-trace10405169'><pre>org.testng.TestNGException: 
Parameter &apos;SheetName&apos; is required by @Test on method AssetDetailAPI but has not been marked @Optional or defined
in D:\worksapceNew\TestArcAPI\src\main\resources\TestNGFiles\Parksmarttestng.xml
	at org.testng.internal.Parameters.createParameters(Parameters.java:154)
	at org.testng.internal.Parameters.createParameters(Parameters.java:361)
	at org.testng.internal.Parameters.handleParameters(Parameters.java:451)
	at org.testng.internal.Invoker.handleParameters(Invoker.java:1274)
	at org.testng.internal.Invoker.createParameters(Invoker.java:989)
	at org.testng.internal.Invoker.invokeTestMethods(Invoker.java:1079)
	at org.testng.internal.TestMethodWorker.invokeTestMethods(TestMethodWorker.java:129)
	at org.testng.internal.TestMethodWorker.run(TestMethodWorker.java:112)
	at org.testng.TestRunner.privateRun(TestRunner.java:782)
	at org.testng.TestRunner.run(TestRunner.java:632)
	at org.testng.SuiteRunner.runTest(SuiteRunner.java:366)
	at org.testng.SuiteRunner.runSequentially(SuiteRunner.java:361)
	at org.testng.SuiteRunner.privateRun(SuiteRunner.java:319)
	at org.testng.SuiteRunner.run(SuiteRunner.java:268)
	at org.testng.SuiteRunnerWorker.runSuite(SuiteRunnerWorker.java:52)
	at org.testng.SuiteRunnerWorker.run(SuiteRunnerWorker.java:86)
	at org.testng.TestNG.runSuitesSequentially(TestNG.java:1244)
	at org.testng.TestNG.runSuitesSequentially(TestNG.java:1240)
	at org.testng.TestNG.runSuitesLocally(TestNG.java:1169)
	at org.testng.TestNG.run(TestNG.java:1064)
	at org.testng.remote.RemoteTestNG.run(RemoteTestNG.java:113)
	at org.testng.remote.RemoteTestNG.initAndRun(RemoteTestNG.java:206)
	at org.testng.remote.RemoteTestNG.main(RemoteTestNG.java:177)
</pre></div></td>
<td>0</td>
<td>com.arcapi.Common.AssetDetailAPITest@26a7b76d</td></tr>
<tr>
<td title='com.arcapi.Common.AssetDocumentAPITest.AssetDocumentAPI()'><b>AssetDocumentAPI</b><br>Test class: com.arcapi.Common.AssetDocumentAPITest</td>
<td><div><pre>org.testng.TestNGException: 
Parameter &apos;SheetName&apos; is required by @Test on method AssetDocumentAPI but has not been marked @Optional or defined
in D:\worksapceNew\TestArcAPI\src\main\resources\TestNGFiles\Parksmarttestng.xml
... Removed 23 stack frames</pre></div><a href='#' onClick='toggleBox("stack-trace1273879638", this, "Click to show all stack frames", "Click to hide stack frames")'>Click to show all stack frames</a>
<div class='stack-trace' id='stack-trace1273879638'><pre>org.testng.TestNGException: 
Parameter &apos;SheetName&apos; is required by @Test on method AssetDocumentAPI but has not been marked @Optional or defined
in D:\worksapceNew\TestArcAPI\src\main\resources\TestNGFiles\Parksmarttestng.xml
	at org.testng.internal.Parameters.createParameters(Parameters.java:154)
	at org.testng.internal.Parameters.createParameters(Parameters.java:361)
	at org.testng.internal.Parameters.handleParameters(Parameters.java:451)
	at org.testng.internal.Invoker.handleParameters(Invoker.java:1274)
	at org.testng.internal.Invoker.createParameters(Invoker.java:989)
	at org.testng.internal.Invoker.invokeTestMethods(Invoker.java:1079)
	at org.testng.internal.TestMethodWorker.invokeTestMethods(TestMethodWorker.java:129)
	at org.testng.internal.TestMethodWorker.run(TestMethodWorker.java:112)
	at org.testng.TestRunner.privateRun(TestRunner.java:782)
	at org.testng.TestRunner.run(TestRunner.java:632)
	at org.testng.SuiteRunner.runTest(SuiteRunner.java:366)
	at org.testng.SuiteRunner.runSequentially(SuiteRunner.java:361)
	at org.testng.SuiteRunner.privateRun(SuiteRunner.java:319)
	at org.testng.SuiteRunner.run(SuiteRunner.java:268)
	at org.testng.SuiteRunnerWorker.runSuite(SuiteRunnerWorker.java:52)
	at org.testng.SuiteRunnerWorker.run(SuiteRunnerWorker.java:86)
	at org.testng.TestNG.runSuitesSequentially(TestNG.java:1244)
	at org.testng.TestNG.runSuitesSequentially(TestNG.java:1240)
	at org.testng.TestNG.runSuitesLocally(TestNG.java:1169)
	at org.testng.TestNG.run(TestNG.java:1064)
	at org.testng.remote.RemoteTestNG.run(RemoteTestNG.java:113)
	at org.testng.remote.RemoteTestNG.initAndRun(RemoteTestNG.java:206)
	at org.testng.remote.RemoteTestNG.main(RemoteTestNG.java:177)
</pre></div></td>
<td>0</td>
<td>com.arcapi.Common.AssetDocumentAPITest@7113b13f</td></tr>
<tr>
<td title='com.arcapi.Common.AssetListAPITest.AssetListAPI()'><b>AssetListAPI</b><br>Test class: com.arcapi.Common.AssetListAPITest</td>
<td></td>
<td>0</td>
<td>com.arcapi.Common.AssetListAPITest@1500955a</td></tr>
<tr>
<td title='com.arcapi.Common.AssetRequiredFieldsAPITest.AssetRequiredFieldsAPI()'><b>AssetRequiredFieldsAPI</b><br>Test class: com.arcapi.Common.AssetRequiredFieldsAPITest</td>
<td><div><pre>org.testng.TestNGException: 
Parameter &apos;SheetName&apos; is required by @Test on method AssetRequiredFieldsAPI but has not been marked @Optional or defined
in D:\worksapceNew\TestArcAPI\src\main\resources\TestNGFiles\Parksmarttestng.xml
... Removed 23 stack frames</pre></div><a href='#' onClick='toggleBox("stack-trace1476812556", this, "Click to show all stack frames", "Click to hide stack frames")'>Click to show all stack frames</a>
<div class='stack-trace' id='stack-trace1476812556'><pre>org.testng.TestNGException: 
Parameter &apos;SheetName&apos; is required by @Test on method AssetRequiredFieldsAPI but has not been marked @Optional or defined
in D:\worksapceNew\TestArcAPI\src\main\resources\TestNGFiles\Parksmarttestng.xml
	at org.testng.internal.Parameters.createParameters(Parameters.java:154)
	at org.testng.internal.Parameters.createParameters(Parameters.java:361)
	at org.testng.internal.Parameters.handleParameters(Parameters.java:451)
	at org.testng.internal.Invoker.handleParameters(Invoker.java:1274)
	at org.testng.internal.Invoker.createParameters(Invoker.java:989)
	at org.testng.internal.Invoker.invokeTestMethods(Invoker.java:1079)
	at org.testng.internal.TestMethodWorker.invokeTestMethods(TestMethodWorker.java:129)
	at org.testng.internal.TestMethodWorker.run(TestMethodWorker.java:112)
	at org.testng.TestRunner.privateRun(TestRunner.java:782)
	at org.testng.TestRunner.run(TestRunner.java:632)
	at org.testng.SuiteRunner.runTest(SuiteRunner.java:366)
	at org.testng.SuiteRunner.runSequentially(SuiteRunner.java:361)
	at org.testng.SuiteRunner.privateRun(SuiteRunner.java:319)
	at org.testng.SuiteRunner.run(SuiteRunner.java:268)
	at org.testng.SuiteRunnerWorker.runSuite(SuiteRunnerWorker.java:52)
	at org.testng.SuiteRunnerWorker.run(SuiteRunnerWorker.java:86)
	at org.testng.TestNG.runSuitesSequentially(TestNG.java:1244)
	at org.testng.TestNG.runSuitesSequentially(TestNG.java:1240)
	at org.testng.TestNG.runSuitesLocally(TestNG.java:1169)
	at org.testng.TestNG.run(TestNG.java:1064)
	at org.testng.remote.RemoteTestNG.run(RemoteTestNG.java:113)
	at org.testng.remote.RemoteTestNG.initAndRun(RemoteTestNG.java:206)
	at org.testng.remote.RemoteTestNG.main(RemoteTestNG.java:177)
</pre></div></td>
<td>0</td>
<td>com.arcapi.Common.AssetRequiredFieldsAPITest@46daef40</td></tr>
<tr>
<td title='com.arcapi.Common.AssetSearchAPITest.AssetSearchAPI()'><b>AssetSearchAPI</b><br>Test class: com.arcapi.Common.AssetSearchAPITest</td>
<td><div><pre>org.testng.TestNGException: 
Parameter &apos;SheetName&apos; is required by @Test on method AssetSearchAPI but has not been marked @Optional or defined
in D:\worksapceNew\TestArcAPI\src\main\resources\TestNGFiles\Parksmarttestng.xml
... Removed 23 stack frames</pre></div><a href='#' onClick='toggleBox("stack-trace379430898", this, "Click to show all stack frames", "Click to hide stack frames")'>Click to show all stack frames</a>
<div class='stack-trace' id='stack-trace379430898'><pre>org.testng.TestNGException: 
Parameter &apos;SheetName&apos; is required by @Test on method AssetSearchAPI but has not been marked @Optional or defined
in D:\worksapceNew\TestArcAPI\src\main\resources\TestNGFiles\Parksmarttestng.xml
	at org.testng.internal.Parameters.createParameters(Parameters.java:154)
	at org.testng.internal.Parameters.createParameters(Parameters.java:361)
	at org.testng.internal.Parameters.handleParameters(Parameters.java:451)
	at org.testng.internal.Invoker.handleParameters(Invoker.java:1274)
	at org.testng.internal.Invoker.createParameters(Invoker.java:989)
	at org.testng.internal.Invoker.invokeTestMethods(Invoker.java:1079)
	at org.testng.internal.TestMethodWorker.invokeTestMethods(TestMethodWorker.java:129)
	at org.testng.internal.TestMethodWorker.run(TestMethodWorker.java:112)
	at org.testng.TestRunner.privateRun(TestRunner.java:782)
	at org.testng.TestRunner.run(TestRunner.java:632)
	at org.testng.SuiteRunner.runTest(SuiteRunner.java:366)
	at org.testng.SuiteRunner.runSequentially(SuiteRunner.java:361)
	at org.testng.SuiteRunner.privateRun(SuiteRunner.java:319)
	at org.testng.SuiteRunner.run(SuiteRunner.java:268)
	at org.testng.SuiteRunnerWorker.runSuite(SuiteRunnerWorker.java:52)
	at org.testng.SuiteRunnerWorker.run(SuiteRunnerWorker.java:86)
	at org.testng.TestNG.runSuitesSequentially(TestNG.java:1244)
	at org.testng.TestNG.runSuitesSequentially(TestNG.java:1240)
	at org.testng.TestNG.runSuitesLocally(TestNG.java:1169)
	at org.testng.TestNG.run(TestNG.java:1064)
	at org.testng.remote.RemoteTestNG.run(RemoteTestNG.java:113)
	at org.testng.remote.RemoteTestNG.initAndRun(RemoteTestNG.java:206)
	at org.testng.remote.RemoteTestNG.main(RemoteTestNG.java:177)
</pre></div></td>
<td>0</td>
<td>com.arcapi.Common.AssetSearchAPITest@6b57696f</td></tr>
<tr>
<td title='com.arcapi.Common.AssetSearchOwnerAPITest.AssetSearchOwnerAPI()'><b>AssetSearchOwnerAPI</b><br>Test class: com.arcapi.Common.AssetSearchOwnerAPITest</td>
<td><div><pre>org.testng.TestNGException: 
Parameter &apos;SheetName&apos; is required by @Test on method AssetSearchOwnerAPI but has not been marked @Optional or defined
in D:\worksapceNew\TestArcAPI\src\main\resources\TestNGFiles\Parksmarttestng.xml
... Removed 23 stack frames</pre></div><a href='#' onClick='toggleBox("stack-trace930900166", this, "Click to show all stack frames", "Click to hide stack frames")'>Click to show all stack frames</a>
<div class='stack-trace' id='stack-trace930900166'><pre>org.testng.TestNGException: 
Parameter &apos;SheetName&apos; is required by @Test on method AssetSearchOwnerAPI but has not been marked @Optional or defined
in D:\worksapceNew\TestArcAPI\src\main\resources\TestNGFiles\Parksmarttestng.xml
	at org.testng.internal.Parameters.createParameters(Parameters.java:154)
	at org.testng.internal.Parameters.createParameters(Parameters.java:361)
	at org.testng.internal.Parameters.handleParameters(Parameters.java:451)
	at org.testng.internal.Invoker.handleParameters(Invoker.java:1274)
	at org.testng.internal.Invoker.createParameters(Invoker.java:989)
	at org.testng.internal.Invoker.invokeTestMethods(Invoker.java:1079)
	at org.testng.internal.TestMethodWorker.invokeTestMethods(TestMethodWorker.java:129)
	at org.testng.internal.TestMethodWorker.run(TestMethodWorker.java:112)
	at org.testng.TestRunner.privateRun(TestRunner.java:782)
	at org.testng.TestRunner.run(TestRunner.java:632)
	at org.testng.SuiteRunner.runTest(SuiteRunner.java:366)
	at org.testng.SuiteRunner.runSequentially(SuiteRunner.java:361)
	at org.testng.SuiteRunner.privateRun(SuiteRunner.java:319)
	at org.testng.SuiteRunner.run(SuiteRunner.java:268)
	at org.testng.SuiteRunnerWorker.runSuite(SuiteRunnerWorker.java:52)
	at org.testng.SuiteRunnerWorker.run(SuiteRunnerWorker.java:86)
	at org.testng.TestNG.runSuitesSequentially(TestNG.java:1244)
	at org.testng.TestNG.runSuitesSequentially(TestNG.java:1240)
	at org.testng.TestNG.runSuitesLocally(TestNG.java:1169)
	at org.testng.TestNG.run(TestNG.java:1064)
	at org.testng.remote.RemoteTestNG.run(RemoteTestNG.java:113)
	at org.testng.remote.RemoteTestNG.initAndRun(RemoteTestNG.java:206)
	at org.testng.remote.RemoteTestNG.main(RemoteTestNG.java:177)
</pre></div></td>
<td>0</td>
<td>com.arcapi.Common.AssetSearchOwnerAPITest@7ce6a65d</td></tr>
<tr>
<td title='com.arcapi.Buildingtestcases.AssetUpdateBuildingAPITest.AssetUpdateforNewAssetPUTAPI()'><b>AssetUpdateforNewAssetPUTAPI</b><br>Test class: com.arcapi.Buildingtestcases.AssetUpdateBuildingAPITest</td>
<td><div><pre>org.testng.TestNGException: 
Parameter &apos;SheetName&apos; is required by @Test on method AssetUpdateforNewAssetPUTAPI but has not been marked @Optional or defined
in D:\worksapceNew\TestArcAPI\src\main\resources\TestNGFiles\Parksmarttestng.xml
... Removed 23 stack frames</pre></div><a href='#' onClick='toggleBox("stack-trace1227224309", this, "Click to show all stack frames", "Click to hide stack frames")'>Click to show all stack frames</a>
<div class='stack-trace' id='stack-trace1227224309'><pre>org.testng.TestNGException: 
Parameter &apos;SheetName&apos; is required by @Test on method AssetUpdateforNewAssetPUTAPI but has not been marked @Optional or defined
in D:\worksapceNew\TestArcAPI\src\main\resources\TestNGFiles\Parksmarttestng.xml
	at org.testng.internal.Parameters.createParameters(Parameters.java:154)
	at org.testng.internal.Parameters.createParameters(Parameters.java:361)
	at org.testng.internal.Parameters.handleParameters(Parameters.java:451)
	at org.testng.internal.Invoker.handleParameters(Invoker.java:1274)
	at org.testng.internal.Invoker.createParameters(Invoker.java:989)
	at org.testng.internal.Invoker.invokeTestMethods(Invoker.java:1079)
	at org.testng.internal.TestMethodWorker.invokeTestMethods(TestMethodWorker.java:129)
	at org.testng.internal.TestMethodWorker.run(TestMethodWorker.java:112)
	at org.testng.TestRunner.privateRun(TestRunner.java:782)
	at org.testng.TestRunner.run(TestRunner.java:632)
	at org.testng.SuiteRunner.runTest(SuiteRunner.java:366)
	at org.testng.SuiteRunner.runSequentially(SuiteRunner.java:361)
	at org.testng.SuiteRunner.privateRun(SuiteRunner.java:319)
	at org.testng.SuiteRunner.run(SuiteRunner.java:268)
	at org.testng.SuiteRunnerWorker.runSuite(SuiteRunnerWorker.java:52)
	at org.testng.SuiteRunnerWorker.run(SuiteRunnerWorker.java:86)
	at org.testng.TestNG.runSuitesSequentially(TestNG.java:1244)
	at org.testng.TestNG.runSuitesSequentially(TestNG.java:1240)
	at org.testng.TestNG.runSuitesLocally(TestNG.java:1169)
	at org.testng.TestNG.run(TestNG.java:1064)
	at org.testng.remote.RemoteTestNG.run(RemoteTestNG.java:113)
	at org.testng.remote.RemoteTestNG.initAndRun(RemoteTestNG.java:206)
	at org.testng.remote.RemoteTestNG.main(RemoteTestNG.java:177)
</pre></div></td>
<td>0</td>
<td>com.arcapi.Buildingtestcases.AssetUpdateBuildingAPITest@e874448</td></tr>
<tr>
<td title='com.arcapi.Common.AssetValidationInfoPOSTAPITest.AssetValidationInfoPOSTAPI()'><b>AssetValidationInfoPOSTAPI</b><br>Test class: com.arcapi.Common.AssetValidationInfoPOSTAPITest</td>
<td></td>
<td>0</td>
<td>com.arcapi.Common.AssetValidationInfoPOSTAPITest@4abdb505</td></tr>
<tr>
<td title='com.arcapi.Common.AssociatedCategoriesAPITest.AssociatedCategoriesAPI()'><b>AssociatedCategoriesAPI</b><br>Test class: com.arcapi.Common.AssociatedCategoriesAPITest</td>
<td></td>
<td>0</td>
<td>com.arcapi.Common.AssociatedCategoriesAPITest@13c27452</td></tr>
<tr>
<td title='com.arcapi.Common.AvgPerformaceListGetTest.AvgPerformaceList()'><b>AvgPerformaceList</b><br>Test class: com.arcapi.Common.AvgPerformaceListGetTest</td>
<td></td>
<td>0</td>
<td>com.arcapi.Common.AvgPerformaceListGetTest@77ec78b9</td></tr>
<tr>
<td title='com.arcapi.Common.CountryStatesJSONAPITest.CountryStatesJSONAPI()'><b>CountryStatesJSONAPI</b><br>Test class: com.arcapi.Common.CountryStatesJSONAPITest</td>
<td></td>
<td>0</td>
<td>com.arcapi.Common.CountryStatesJSONAPITest@12f41634</td></tr>
<tr>
<td title='com.arcapi.Parksmarttestcases.CreateAssetParksmartPOSTAPITest.CreateAssetParksmartPOST()'><b>CreateAssetParksmartPOST</b><br>Test class: com.arcapi.Parksmarttestcases.CreateAssetParksmartPOSTAPITest<br>Parameters: parksmart, ProjectIDParksmart, US, PARKSMART</td>
<td></td>
<td>0</td>
<td>com.arcapi.Parksmarttestcases.CreateAssetParksmartPOSTAPITest@58c1670b</td></tr>
<tr>
<td title='com.arcapi.Common.DownloadDocumentsAPITest.DownloadDocumentsAPI()'><b>DownloadDocumentsAPI</b><br>Test class: com.arcapi.Common.DownloadDocumentsAPITest</td>
<td><div><pre>org.testng.TestNGException: 
Parameter &apos;SheetName&apos; is required by @Test on method DownloadDocumentsAPI but has not been marked @Optional or defined
in D:\worksapceNew\TestArcAPI\src\main\resources\TestNGFiles\Parksmarttestng.xml
... Removed 23 stack frames</pre></div><a href='#' onClick='toggleBox("stack-trace1045567253", this, "Click to show all stack frames", "Click to hide stack frames")'>Click to show all stack frames</a>
<div class='stack-trace' id='stack-trace1045567253'><pre>org.testng.TestNGException: 
Parameter &apos;SheetName&apos; is required by @Test on method DownloadDocumentsAPI but has not been marked @Optional or defined
in D:\worksapceNew\TestArcAPI\src\main\resources\TestNGFiles\Parksmarttestng.xml
	at org.testng.internal.Parameters.createParameters(Parameters.java:154)
	at org.testng.internal.Parameters.createParameters(Parameters.java:361)
	at org.testng.internal.Parameters.handleParameters(Parameters.java:451)
	at org.testng.internal.Invoker.handleParameters(Invoker.java:1274)
	at org.testng.internal.Invoker.createParameters(Invoker.java:989)
	at org.testng.internal.Invoker.invokeTestMethods(Invoker.java:1079)
	at org.testng.internal.TestMethodWorker.invokeTestMethods(TestMethodWorker.java:129)
	at org.testng.internal.TestMethodWorker.run(TestMethodWorker.java:112)
	at org.testng.TestRunner.privateRun(TestRunner.java:782)
	at org.testng.TestRunner.run(TestRunner.java:632)
	at org.testng.SuiteRunner.runTest(SuiteRunner.java:366)
	at org.testng.SuiteRunner.runSequentially(SuiteRunner.java:361)
	at org.testng.SuiteRunner.privateRun(SuiteRunner.java:319)
	at org.testng.SuiteRunner.run(SuiteRunner.java:268)
	at org.testng.SuiteRunnerWorker.runSuite(SuiteRunnerWorker.java:52)
	at org.testng.SuiteRunnerWorker.run(SuiteRunnerWorker.java:86)
	at org.testng.TestNG.runSuitesSequentially(TestNG.java:1244)
	at org.testng.TestNG.runSuitesSequentially(TestNG.java:1240)
	at org.testng.TestNG.runSuitesLocally(TestNG.java:1169)
	at org.testng.TestNG.run(TestNG.java:1064)
	at org.testng.remote.RemoteTestNG.run(RemoteTestNG.java:113)
	at org.testng.remote.RemoteTestNG.initAndRun(RemoteTestNG.java:206)
	at org.testng.remote.RemoteTestNG.main(RemoteTestNG.java:177)
</pre></div></td>
<td>0</td>
<td>com.arcapi.Common.DownloadDocumentsAPITest@45820e51</td></tr>
<tr>
<td title='com.arcapi.Common.FeedbackSubmitPostAPITest.FeedbackSubmitPostAPI()'><b>FeedbackSubmitPostAPI</b><br>Test class: com.arcapi.Common.FeedbackSubmitPostAPITest</td>
<td><div><pre>org.testng.TestNGException: 
Parameter &apos;SheetName&apos; is required by @Test on method FeedbackSubmitPostAPI but has not been marked @Optional or defined
in D:\worksapceNew\TestArcAPI\src\main\resources\TestNGFiles\Parksmarttestng.xml
... Removed 23 stack frames</pre></div><a href='#' onClick='toggleBox("stack-trace159917166", this, "Click to show all stack frames", "Click to hide stack frames")'>Click to show all stack frames</a>
<div class='stack-trace' id='stack-trace159917166'><pre>org.testng.TestNGException: 
Parameter &apos;SheetName&apos; is required by @Test on method FeedbackSubmitPostAPI but has not been marked @Optional or defined
in D:\worksapceNew\TestArcAPI\src\main\resources\TestNGFiles\Parksmarttestng.xml
	at org.testng.internal.Parameters.createParameters(Parameters.java:154)
	at org.testng.internal.Parameters.createParameters(Parameters.java:361)
	at org.testng.internal.Parameters.handleParameters(Parameters.java:451)
	at org.testng.internal.Invoker.handleParameters(Invoker.java:1274)
	at org.testng.internal.Invoker.createParameters(Invoker.java:989)
	at org.testng.internal.Invoker.invokeTestMethods(Invoker.java:1079)
	at org.testng.internal.TestMethodWorker.invokeTestMethods(TestMethodWorker.java:129)
	at org.testng.internal.TestMethodWorker.run(TestMethodWorker.java:112)
	at org.testng.TestRunner.privateRun(TestRunner.java:782)
	at org.testng.TestRunner.run(TestRunner.java:632)
	at org.testng.SuiteRunner.runTest(SuiteRunner.java:366)
	at org.testng.SuiteRunner.runSequentially(SuiteRunner.java:361)
	at org.testng.SuiteRunner.privateRun(SuiteRunner.java:319)
	at org.testng.SuiteRunner.run(SuiteRunner.java:268)
	at org.testng.SuiteRunnerWorker.runSuite(SuiteRunnerWorker.java:52)
	at org.testng.SuiteRunnerWorker.run(SuiteRunnerWorker.java:86)
	at org.testng.TestNG.runSuitesSequentially(TestNG.java:1244)
	at org.testng.TestNG.runSuitesSequentially(TestNG.java:1240)
	at org.testng.TestNG.runSuitesLocally(TestNG.java:1169)
	at org.testng.TestNG.run(TestNG.java:1064)
	at org.testng.remote.RemoteTestNG.run(RemoteTestNG.java:113)
	at org.testng.remote.RemoteTestNG.initAndRun(RemoteTestNG.java:206)
	at org.testng.remote.RemoteTestNG.main(RemoteTestNG.java:177)
</pre></div></td>
<td>0</td>
<td>com.arcapi.Common.FeedbackSubmitPostAPITest@25af5db5</td></tr>
<tr>
<td title='com.arcapi.Common.FetchingAgreementDetailsAPITest.FetchingAgreementDetailsAPI()'><b>FetchingAgreementDetailsAPI</b><br>Test class: com.arcapi.Common.FetchingAgreementDetailsAPITest</td>
<td><div><pre>org.testng.TestNGException: 
Parameter &apos;SheetName&apos; is required by @Test on method FetchingAgreementDetailsAPI but has not been marked @Optional or defined
in D:\worksapceNew\TestArcAPI\src\main\resources\TestNGFiles\Parksmarttestng.xml
... Removed 23 stack frames</pre></div><a href='#' onClick='toggleBox("stack-trace1323514615", this, "Click to show all stack frames", "Click to hide stack frames")'>Click to show all stack frames</a>
<div class='stack-trace' id='stack-trace1323514615'><pre>org.testng.TestNGException: 
Parameter &apos;SheetName&apos; is required by @Test on method FetchingAgreementDetailsAPI but has not been marked @Optional or defined
in D:\worksapceNew\TestArcAPI\src\main\resources\TestNGFiles\Parksmarttestng.xml
	at org.testng.internal.Parameters.createParameters(Parameters.java:154)
	at org.testng.internal.Parameters.createParameters(Parameters.java:361)
	at org.testng.internal.Parameters.handleParameters(Parameters.java:451)
	at org.testng.internal.Invoker.handleParameters(Invoker.java:1274)
	at org.testng.internal.Invoker.createParameters(Invoker.java:989)
	at org.testng.internal.Invoker.invokeTestMethods(Invoker.java:1079)
	at org.testng.internal.TestMethodWorker.invokeTestMethods(TestMethodWorker.java:129)
	at org.testng.internal.TestMethodWorker.run(TestMethodWorker.java:112)
	at org.testng.TestRunner.privateRun(TestRunner.java:782)
	at org.testng.TestRunner.run(TestRunner.java:632)
	at org.testng.SuiteRunner.runTest(SuiteRunner.java:366)
	at org.testng.SuiteRunner.runSequentially(SuiteRunner.java:361)
	at org.testng.SuiteRunner.privateRun(SuiteRunner.java:319)
	at org.testng.SuiteRunner.run(SuiteRunner.java:268)
	at org.testng.SuiteRunnerWorker.runSuite(SuiteRunnerWorker.java:52)
	at org.testng.SuiteRunnerWorker.run(SuiteRunnerWorker.java:86)
	at org.testng.TestNG.runSuitesSequentially(TestNG.java:1244)
	at org.testng.TestNG.runSuitesSequentially(TestNG.java:1240)
	at org.testng.TestNG.runSuitesLocally(TestNG.java:1169)
	at org.testng.TestNG.run(TestNG.java:1064)
	at org.testng.remote.RemoteTestNG.run(RemoteTestNG.java:113)
	at org.testng.remote.RemoteTestNG.initAndRun(RemoteTestNG.java:206)
	at org.testng.remote.RemoteTestNG.main(RemoteTestNG.java:177)
</pre></div></td>
<td>0</td>
<td>com.arcapi.Common.FetchingAgreementDetailsAPITest@6043cd28</td></tr>
<tr>
<td title='com.arcapi.Common.FuelCategoryAPITest.FuelCategoryAPI()'><b>FuelCategoryAPI</b><br>Test class: com.arcapi.Common.FuelCategoryAPITest</td>
<td></td>
<td>0</td>
<td>com.arcapi.Common.FuelCategoryAPITest@5ed828d</td></tr>
<tr>
<td title='com.arcapi.Common.GetAllDocumentListAPITest.GetAllDocumentListAPI()'><b>GetAllDocumentListAPI</b><br>Test class: com.arcapi.Common.GetAllDocumentListAPITest</td>
<td><div><pre>org.testng.TestNGException: 
Parameter &apos;SheetName&apos; is required by @Test on method GetAllDocumentListAPI but has not been marked @Optional or defined
in D:\worksapceNew\TestArcAPI\src\main\resources\TestNGFiles\Parksmarttestng.xml
... Removed 23 stack frames</pre></div><a href='#' onClick='toggleBox("stack-trace1620112330", this, "Click to show all stack frames", "Click to hide stack frames")'>Click to show all stack frames</a>
<div class='stack-trace' id='stack-trace1620112330'><pre>org.testng.TestNGException: 
Parameter &apos;SheetName&apos; is required by @Test on method GetAllDocumentListAPI but has not been marked @Optional or defined
in D:\worksapceNew\TestArcAPI\src\main\resources\TestNGFiles\Parksmarttestng.xml
	at org.testng.internal.Parameters.createParameters(Parameters.java:154)
	at org.testng.internal.Parameters.createParameters(Parameters.java:361)
	at org.testng.internal.Parameters.handleParameters(Parameters.java:451)
	at org.testng.internal.Invoker.handleParameters(Invoker.java:1274)
	at org.testng.internal.Invoker.createParameters(Invoker.java:989)
	at org.testng.internal.Invoker.invokeTestMethods(Invoker.java:1079)
	at org.testng.internal.TestMethodWorker.invokeTestMethods(TestMethodWorker.java:129)
	at org.testng.internal.TestMethodWorker.run(TestMethodWorker.java:112)
	at org.testng.TestRunner.privateRun(TestRunner.java:782)
	at org.testng.TestRunner.run(TestRunner.java:632)
	at org.testng.SuiteRunner.runTest(SuiteRunner.java:366)
	at org.testng.SuiteRunner.runSequentially(SuiteRunner.java:361)
	at org.testng.SuiteRunner.privateRun(SuiteRunner.java:319)
	at org.testng.SuiteRunner.run(SuiteRunner.java:268)
	at org.testng.SuiteRunnerWorker.runSuite(SuiteRunnerWorker.java:52)
	at org.testng.SuiteRunnerWorker.run(SuiteRunnerWorker.java:86)
	at org.testng.TestNG.runSuitesSequentially(TestNG.java:1244)
	at org.testng.TestNG.runSuitesSequentially(TestNG.java:1240)
	at org.testng.TestNG.runSuitesLocally(TestNG.java:1169)
	at org.testng.TestNG.run(TestNG.java:1064)
	at org.testng.remote.RemoteTestNG.run(RemoteTestNG.java:113)
	at org.testng.remote.RemoteTestNG.initAndRun(RemoteTestNG.java:206)
	at org.testng.remote.RemoteTestNG.main(RemoteTestNG.java:177)
</pre></div></td>
<td>0</td>
<td>com.arcapi.Common.GetAllDocumentListAPITest@50d0686</td></tr>
<tr>
<td title='com.arcapi.Common.LoginAPITest.LoginAPI()'><b>LoginAPI</b><br>Test class: com.arcapi.Common.LoginAPITest</td>
<td></td>
<td>0</td>
<td>com.arcapi.Common.LoginAPITest@587d1d39</td></tr>
<tr>
<td title='com.arcapi.Common.CityCom.MeasuresDetailAPITest.MeasuresDetailAPI()'><b>MeasuresDetailAPI</b><br>Test class: com.arcapi.Common.CityCom.MeasuresDetailAPITest</td>
<td><div><pre>org.testng.TestNGException: 
Parameter &apos;SheetName&apos; is required by @Test on method MeasuresDetailAPI but has not been marked @Optional or defined
in D:\worksapceNew\TestArcAPI\src\main\resources\TestNGFiles\Parksmarttestng.xml
... Removed 23 stack frames</pre></div><a href='#' onClick='toggleBox("stack-trace205278236", this, "Click to show all stack frames", "Click to hide stack frames")'>Click to show all stack frames</a>
<div class='stack-trace' id='stack-trace205278236'><pre>org.testng.TestNGException: 
Parameter &apos;SheetName&apos; is required by @Test on method MeasuresDetailAPI but has not been marked @Optional or defined
in D:\worksapceNew\TestArcAPI\src\main\resources\TestNGFiles\Parksmarttestng.xml
	at org.testng.internal.Parameters.createParameters(Parameters.java:154)
	at org.testng.internal.Parameters.createParameters(Parameters.java:361)
	at org.testng.internal.Parameters.handleParameters(Parameters.java:451)
	at org.testng.internal.Invoker.handleParameters(Invoker.java:1274)
	at org.testng.internal.Invoker.createParameters(Invoker.java:989)
	at org.testng.internal.Invoker.invokeTestMethods(Invoker.java:1079)
	at org.testng.internal.TestMethodWorker.invokeTestMethods(TestMethodWorker.java:129)
	at org.testng.internal.TestMethodWorker.run(TestMethodWorker.java:112)
	at org.testng.TestRunner.privateRun(TestRunner.java:782)
	at org.testng.TestRunner.run(TestRunner.java:632)
	at org.testng.SuiteRunner.runTest(SuiteRunner.java:366)
	at org.testng.SuiteRunner.runSequentially(SuiteRunner.java:361)
	at org.testng.SuiteRunner.privateRun(SuiteRunner.java:319)
	at org.testng.SuiteRunner.run(SuiteRunner.java:268)
	at org.testng.SuiteRunnerWorker.runSuite(SuiteRunnerWorker.java:52)
	at org.testng.SuiteRunnerWorker.run(SuiteRunnerWorker.java:86)
	at org.testng.TestNG.runSuitesSequentially(TestNG.java:1244)
	at org.testng.TestNG.runSuitesSequentially(TestNG.java:1240)
	at org.testng.TestNG.runSuitesLocally(TestNG.java:1169)
	at org.testng.TestNG.run(TestNG.java:1064)
	at org.testng.remote.RemoteTestNG.run(RemoteTestNG.java:113)
	at org.testng.remote.RemoteTestNG.initAndRun(RemoteTestNG.java:206)
	at org.testng.remote.RemoteTestNG.main(RemoteTestNG.java:177)
</pre></div></td>
<td>0</td>
<td>com.arcapi.Common.CityCom.MeasuresDetailAPITest@5bcea91b</td></tr>
<tr>
<td title='com.arcapi.Common.CityCom.MeasuresListAPITest.MeasuresListAPI()'><b>MeasuresListAPI</b><br>Test class: com.arcapi.Common.CityCom.MeasuresListAPITest</td>
<td><div><pre>org.testng.TestNGException: 
Parameter &apos;SheetName&apos; is required by @Test on method MeasuresListAPI but has not been marked @Optional or defined
in D:\worksapceNew\TestArcAPI\src\main\resources\TestNGFiles\Parksmarttestng.xml
... Removed 23 stack frames</pre></div><a href='#' onClick='toggleBox("stack-trace1944815218", this, "Click to show all stack frames", "Click to hide stack frames")'>Click to show all stack frames</a>
<div class='stack-trace' id='stack-trace1944815218'><pre>org.testng.TestNGException: 
Parameter &apos;SheetName&apos; is required by @Test on method MeasuresListAPI but has not been marked @Optional or defined
in D:\worksapceNew\TestArcAPI\src\main\resources\TestNGFiles\Parksmarttestng.xml
	at org.testng.internal.Parameters.createParameters(Parameters.java:154)
	at org.testng.internal.Parameters.createParameters(Parameters.java:361)
	at org.testng.internal.Parameters.handleParameters(Parameters.java:451)
	at org.testng.internal.Invoker.handleParameters(Invoker.java:1274)
	at org.testng.internal.Invoker.createParameters(Invoker.java:989)
	at org.testng.internal.Invoker.invokeTestMethods(Invoker.java:1079)
	at org.testng.internal.TestMethodWorker.invokeTestMethods(TestMethodWorker.java:129)
	at org.testng.internal.TestMethodWorker.run(TestMethodWorker.java:112)
	at org.testng.TestRunner.privateRun(TestRunner.java:782)
	at org.testng.TestRunner.run(TestRunner.java:632)
	at org.testng.SuiteRunner.runTest(SuiteRunner.java:366)
	at org.testng.SuiteRunner.runSequentially(SuiteRunner.java:361)
	at org.testng.SuiteRunner.privateRun(SuiteRunner.java:319)
	at org.testng.SuiteRunner.run(SuiteRunner.java:268)
	at org.testng.SuiteRunnerWorker.runSuite(SuiteRunnerWorker.java:52)
	at org.testng.SuiteRunnerWorker.run(SuiteRunnerWorker.java:86)
	at org.testng.TestNG.runSuitesSequentially(TestNG.java:1244)
	at org.testng.TestNG.runSuitesSequentially(TestNG.java:1240)
	at org.testng.TestNG.runSuitesLocally(TestNG.java:1169)
	at org.testng.TestNG.run(TestNG.java:1064)
	at org.testng.remote.RemoteTestNG.run(RemoteTestNG.java:113)
	at org.testng.remote.RemoteTestNG.initAndRun(RemoteTestNG.java:206)
	at org.testng.remote.RemoteTestNG.main(RemoteTestNG.java:177)
</pre></div></td>
<td>0</td>
<td>com.arcapi.Common.CityCom.MeasuresListAPITest@12cdcf4</td></tr>
<tr>
<td title='com.arcapi.Common.CityCom.MeasuresPostAPITest.MeasuresPostAPI()'><b>MeasuresPostAPI</b><br>Test class: com.arcapi.Common.CityCom.MeasuresPostAPITest</td>
<td><div><pre>org.testng.TestNGException: 
Parameter &apos;SheetName&apos; is required by @Test on method MeasuresPostAPI but has not been marked @Optional or defined
in D:\worksapceNew\TestArcAPI\src\main\resources\TestNGFiles\Parksmarttestng.xml
... Removed 23 stack frames</pre></div><a href='#' onClick='toggleBox("stack-trace2123846943", this, "Click to show all stack frames", "Click to hide stack frames")'>Click to show all stack frames</a>
<div class='stack-trace' id='stack-trace2123846943'><pre>org.testng.TestNGException: 
Parameter &apos;SheetName&apos; is required by @Test on method MeasuresPostAPI but has not been marked @Optional or defined
in D:\worksapceNew\TestArcAPI\src\main\resources\TestNGFiles\Parksmarttestng.xml
	at org.testng.internal.Parameters.createParameters(Parameters.java:154)
	at org.testng.internal.Parameters.createParameters(Parameters.java:361)
	at org.testng.internal.Parameters.handleParameters(Parameters.java:451)
	at org.testng.internal.Invoker.handleParameters(Invoker.java:1274)
	at org.testng.internal.Invoker.createParameters(Invoker.java:989)
	at org.testng.internal.Invoker.invokeTestMethods(Invoker.java:1079)
	at org.testng.internal.TestMethodWorker.invokeTestMethods(TestMethodWorker.java:129)
	at org.testng.internal.TestMethodWorker.run(TestMethodWorker.java:112)
	at org.testng.TestRunner.privateRun(TestRunner.java:782)
	at org.testng.TestRunner.run(TestRunner.java:632)
	at org.testng.SuiteRunner.runTest(SuiteRunner.java:366)
	at org.testng.SuiteRunner.runSequentially(SuiteRunner.java:361)
	at org.testng.SuiteRunner.privateRun(SuiteRunner.java:319)
	at org.testng.SuiteRunner.run(SuiteRunner.java:268)
	at org.testng.SuiteRunnerWorker.runSuite(SuiteRunnerWorker.java:52)
	at org.testng.SuiteRunnerWorker.run(SuiteRunnerWorker.java:86)
	at org.testng.TestNG.runSuitesSequentially(TestNG.java:1244)
	at org.testng.TestNG.runSuitesSequentially(TestNG.java:1240)
	at org.testng.TestNG.runSuitesLocally(TestNG.java:1169)
	at org.testng.TestNG.run(TestNG.java:1064)
	at org.testng.remote.RemoteTestNG.run(RemoteTestNG.java:113)
	at org.testng.remote.RemoteTestNG.initAndRun(RemoteTestNG.java:206)
	at org.testng.remote.RemoteTestNG.main(RemoteTestNG.java:177)
</pre></div></td>
<td>0</td>
<td>com.arcapi.Common.CityCom.MeasuresPostAPITest@5f3a4b84</td></tr>
<tr>
<td title='com.arcapi.Common.CityCom.MeasuresUpdateAPITest.MeasuresUpdateAPI()'><b>MeasuresUpdateAPI</b><br>Test class: com.arcapi.Common.CityCom.MeasuresUpdateAPITest</td>
<td><div><pre>org.testng.TestNGException: 
Parameter &apos;SheetName&apos; is required by @Test on method MeasuresUpdateAPI but has not been marked @Optional or defined
in D:\worksapceNew\TestArcAPI\src\main\resources\TestNGFiles\Parksmarttestng.xml
... Removed 23 stack frames</pre></div><a href='#' onClick='toggleBox("stack-trace949314262", this, "Click to show all stack frames", "Click to hide stack frames")'>Click to show all stack frames</a>
<div class='stack-trace' id='stack-trace949314262'><pre>org.testng.TestNGException: 
Parameter &apos;SheetName&apos; is required by @Test on method MeasuresUpdateAPI but has not been marked @Optional or defined
in D:\worksapceNew\TestArcAPI\src\main\resources\TestNGFiles\Parksmarttestng.xml
	at org.testng.internal.Parameters.createParameters(Parameters.java:154)
	at org.testng.internal.Parameters.createParameters(Parameters.java:361)
	at org.testng.internal.Parameters.handleParameters(Parameters.java:451)
	at org.testng.internal.Invoker.handleParameters(Invoker.java:1274)
	at org.testng.internal.Invoker.createParameters(Invoker.java:989)
	at org.testng.internal.Invoker.invokeTestMethods(Invoker.java:1079)
	at org.testng.internal.TestMethodWorker.invokeTestMethods(TestMethodWorker.java:129)
	at org.testng.internal.TestMethodWorker.run(TestMethodWorker.java:112)
	at org.testng.TestRunner.privateRun(TestRunner.java:782)
	at org.testng.TestRunner.run(TestRunner.java:632)
	at org.testng.SuiteRunner.runTest(SuiteRunner.java:366)
	at org.testng.SuiteRunner.runSequentially(SuiteRunner.java:361)
	at org.testng.SuiteRunner.privateRun(SuiteRunner.java:319)
	at org.testng.SuiteRunner.run(SuiteRunner.java:268)
	at org.testng.SuiteRunnerWorker.runSuite(SuiteRunnerWorker.java:52)
	at org.testng.SuiteRunnerWorker.run(SuiteRunnerWorker.java:86)
	at org.testng.TestNG.runSuitesSequentially(TestNG.java:1244)
	at org.testng.TestNG.runSuitesSequentially(TestNG.java:1240)
	at org.testng.TestNG.runSuitesLocally(TestNG.java:1169)
	at org.testng.TestNG.run(TestNG.java:1064)
	at org.testng.remote.RemoteTestNG.run(RemoteTestNG.java:113)
	at org.testng.remote.RemoteTestNG.initAndRun(RemoteTestNG.java:206)
	at org.testng.remote.RemoteTestNG.main(RemoteTestNG.java:177)
</pre></div></td>
<td>0</td>
<td>com.arcapi.Common.CityCom.MeasuresUpdateAPITest@27f723</td></tr>
<tr>
<td title='com.arcapi.Common.CityCom.MeasuresVersionDetailAPITest.MeasuresVersionDetailAPI()'><b>MeasuresVersionDetailAPI</b><br>Test class: com.arcapi.Common.CityCom.MeasuresVersionDetailAPITest</td>
<td><div><pre>org.testng.TestNGException: 
Parameter &apos;SheetName&apos; is required by @Test on method MeasuresVersionDetailAPI but has not been marked @Optional or defined
in D:\worksapceNew\TestArcAPI\src\main\resources\TestNGFiles\Parksmarttestng.xml
... Removed 23 stack frames</pre></div><a href='#' onClick='toggleBox("stack-trace1544067887", this, "Click to show all stack frames", "Click to hide stack frames")'>Click to show all stack frames</a>
<div class='stack-trace' id='stack-trace1544067887'><pre>org.testng.TestNGException: 
Parameter &apos;SheetName&apos; is required by @Test on method MeasuresVersionDetailAPI but has not been marked @Optional or defined
in D:\worksapceNew\TestArcAPI\src\main\resources\TestNGFiles\Parksmarttestng.xml
	at org.testng.internal.Parameters.createParameters(Parameters.java:154)
	at org.testng.internal.Parameters.createParameters(Parameters.java:361)
	at org.testng.internal.Parameters.handleParameters(Parameters.java:451)
	at org.testng.internal.Invoker.handleParameters(Invoker.java:1274)
	at org.testng.internal.Invoker.createParameters(Invoker.java:989)
	at org.testng.internal.Invoker.invokeTestMethods(Invoker.java:1079)
	at org.testng.internal.TestMethodWorker.invokeTestMethods(TestMethodWorker.java:129)
	at org.testng.internal.TestMethodWorker.run(TestMethodWorker.java:112)
	at org.testng.TestRunner.privateRun(TestRunner.java:782)
	at org.testng.TestRunner.run(TestRunner.java:632)
	at org.testng.SuiteRunner.runTest(SuiteRunner.java:366)
	at org.testng.SuiteRunner.runSequentially(SuiteRunner.java:361)
	at org.testng.SuiteRunner.privateRun(SuiteRunner.java:319)
	at org.testng.SuiteRunner.run(SuiteRunner.java:268)
	at org.testng.SuiteRunnerWorker.runSuite(SuiteRunnerWorker.java:52)
	at org.testng.SuiteRunnerWorker.run(SuiteRunnerWorker.java:86)
	at org.testng.TestNG.runSuitesSequentially(TestNG.java:1244)
	at org.testng.TestNG.runSuitesSequentially(TestNG.java:1240)
	at org.testng.TestNG.runSuitesLocally(TestNG.java:1169)
	at org.testng.TestNG.run(TestNG.java:1064)
	at org.testng.remote.RemoteTestNG.run(RemoteTestNG.java:113)
	at org.testng.remote.RemoteTestNG.initAndRun(RemoteTestNG.java:206)
	at org.testng.remote.RemoteTestNG.main(RemoteTestNG.java:177)
</pre></div></td>
<td>0</td>
<td>com.arcapi.Common.CityCom.MeasuresVersionDetailAPITest@4923ab24</td></tr>
<tr>
<td title='com.arcapi.Common.CityCom.MeasuresVersionListAPITest.MeasuresVersionListAPI()'><b>MeasuresVersionListAPI</b><br>Test class: com.arcapi.Common.CityCom.MeasuresVersionListAPITest</td>
<td><div><pre>org.testng.TestNGException: 
Parameter &apos;SheetName&apos; is required by @Test on method MeasuresVersionListAPI but has not been marked @Optional or defined
in D:\worksapceNew\TestArcAPI\src\main\resources\TestNGFiles\Parksmarttestng.xml
... Removed 23 stack frames</pre></div><a href='#' onClick='toggleBox("stack-trace1970612644", this, "Click to show all stack frames", "Click to hide stack frames")'>Click to show all stack frames</a>
<div class='stack-trace' id='stack-trace1970612644'><pre>org.testng.TestNGException: 
Parameter &apos;SheetName&apos; is required by @Test on method MeasuresVersionListAPI but has not been marked @Optional or defined
in D:\worksapceNew\TestArcAPI\src\main\resources\TestNGFiles\Parksmarttestng.xml
	at org.testng.internal.Parameters.createParameters(Parameters.java:154)
	at org.testng.internal.Parameters.createParameters(Parameters.java:361)
	at org.testng.internal.Parameters.handleParameters(Parameters.java:451)
	at org.testng.internal.Invoker.handleParameters(Invoker.java:1274)
	at org.testng.internal.Invoker.createParameters(Invoker.java:989)
	at org.testng.internal.Invoker.invokeTestMethods(Invoker.java:1079)
	at org.testng.internal.TestMethodWorker.invokeTestMethods(TestMethodWorker.java:129)
	at org.testng.internal.TestMethodWorker.run(TestMethodWorker.java:112)
	at org.testng.TestRunner.privateRun(TestRunner.java:782)
	at org.testng.TestRunner.run(TestRunner.java:632)
	at org.testng.SuiteRunner.runTest(SuiteRunner.java:366)
	at org.testng.SuiteRunner.runSequentially(SuiteRunner.java:361)
	at org.testng.SuiteRunner.privateRun(SuiteRunner.java:319)
	at org.testng.SuiteRunner.run(SuiteRunner.java:268)
	at org.testng.SuiteRunnerWorker.runSuite(SuiteRunnerWorker.java:52)
	at org.testng.SuiteRunnerWorker.run(SuiteRunnerWorker.java:86)
	at org.testng.TestNG.runSuitesSequentially(TestNG.java:1244)
	at org.testng.TestNG.runSuitesSequentially(TestNG.java:1240)
	at org.testng.TestNG.runSuitesLocally(TestNG.java:1169)
	at org.testng.TestNG.run(TestNG.java:1064)
	at org.testng.remote.RemoteTestNG.run(RemoteTestNG.java:113)
	at org.testng.remote.RemoteTestNG.initAndRun(RemoteTestNG.java:206)
	at org.testng.remote.RemoteTestNG.main(RemoteTestNG.java:177)
</pre></div></td>
<td>0</td>
<td>com.arcapi.Common.CityCom.MeasuresVersionListAPITest@670b40af</td></tr>
<tr>
<td title='com.arcapi.Common.CityCom.MeasuresVersionPostAPITest.MeasuresVersionPostAPI()'><b>MeasuresVersionPostAPI</b><br>Test class: com.arcapi.Common.CityCom.MeasuresVersionPostAPITest</td>
<td><div><pre>org.testng.TestNGException: 
Parameter &apos;SheetName&apos; is required by @Test on method MeasuresVersionPostAPI but has not been marked @Optional or defined
in D:\worksapceNew\TestArcAPI\src\main\resources\TestNGFiles\Parksmarttestng.xml
... Removed 23 stack frames</pre></div><a href='#' onClick='toggleBox("stack-trace516413619", this, "Click to show all stack frames", "Click to hide stack frames")'>Click to show all stack frames</a>
<div class='stack-trace' id='stack-trace516413619'><pre>org.testng.TestNGException: 
Parameter &apos;SheetName&apos; is required by @Test on method MeasuresVersionPostAPI but has not been marked @Optional or defined
in D:\worksapceNew\TestArcAPI\src\main\resources\TestNGFiles\Parksmarttestng.xml
	at org.testng.internal.Parameters.createParameters(Parameters.java:154)
	at org.testng.internal.Parameters.createParameters(Parameters.java:361)
	at org.testng.internal.Parameters.handleParameters(Parameters.java:451)
	at org.testng.internal.Invoker.handleParameters(Invoker.java:1274)
	at org.testng.internal.Invoker.createParameters(Invoker.java:989)
	at org.testng.internal.Invoker.invokeTestMethods(Invoker.java:1079)
	at org.testng.internal.TestMethodWorker.invokeTestMethods(TestMethodWorker.java:129)
	at org.testng.internal.TestMethodWorker.run(TestMethodWorker.java:112)
	at org.testng.TestRunner.privateRun(TestRunner.java:782)
	at org.testng.TestRunner.run(TestRunner.java:632)
	at org.testng.SuiteRunner.runTest(SuiteRunner.java:366)
	at org.testng.SuiteRunner.runSequentially(SuiteRunner.java:361)
	at org.testng.SuiteRunner.privateRun(SuiteRunner.java:319)
	at org.testng.SuiteRunner.run(SuiteRunner.java:268)
	at org.testng.SuiteRunnerWorker.runSuite(SuiteRunnerWorker.java:52)
	at org.testng.SuiteRunnerWorker.run(SuiteRunnerWorker.java:86)
	at org.testng.TestNG.runSuitesSequentially(TestNG.java:1244)
	at org.testng.TestNG.runSuitesSequentially(TestNG.java:1240)
	at org.testng.TestNG.runSuitesLocally(TestNG.java:1169)
	at org.testng.TestNG.run(TestNG.java:1064)
	at org.testng.remote.RemoteTestNG.run(RemoteTestNG.java:113)
	at org.testng.remote.RemoteTestNG.initAndRun(RemoteTestNG.java:206)
	at org.testng.remote.RemoteTestNG.main(RemoteTestNG.java:177)
</pre></div></td>
<td>0</td>
<td>com.arcapi.Common.CityCom.MeasuresVersionPostAPITest@44c8afef</td></tr>
<tr>
<td title='com.arcapi.Common.PaymentHistoryAPITest.PaymentHistoryAPI()'><b>PaymentHistoryAPI</b><br>Test class: com.arcapi.Common.PaymentHistoryAPITest</td>
<td><div><pre>org.testng.TestNGException: 
Parameter &apos;SheetName&apos; is required by @Test on method PaymentHistoryAPI but has not been marked @Optional or defined
in D:\worksapceNew\TestArcAPI\src\main\resources\TestNGFiles\Parksmarttestng.xml
... Removed 23 stack frames</pre></div><a href='#' onClick='toggleBox("stack-trace1096682443", this, "Click to show all stack frames", "Click to hide stack frames")'>Click to show all stack frames</a>
<div class='stack-trace' id='stack-trace1096682443'><pre>org.testng.TestNGException: 
Parameter &apos;SheetName&apos; is required by @Test on method PaymentHistoryAPI but has not been marked @Optional or defined
in D:\worksapceNew\TestArcAPI\src\main\resources\TestNGFiles\Parksmarttestng.xml
	at org.testng.internal.Parameters.createParameters(Parameters.java:154)
	at org.testng.internal.Parameters.createParameters(Parameters.java:361)
	at org.testng.internal.Parameters.handleParameters(Parameters.java:451)
	at org.testng.internal.Invoker.handleParameters(Invoker.java:1274)
	at org.testng.internal.Invoker.createParameters(Invoker.java:989)
	at org.testng.internal.Invoker.invokeTestMethods(Invoker.java:1079)
	at org.testng.internal.TestMethodWorker.invokeTestMethods(TestMethodWorker.java:129)
	at org.testng.internal.TestMethodWorker.run(TestMethodWorker.java:112)
	at org.testng.TestRunner.privateRun(TestRunner.java:782)
	at org.testng.TestRunner.run(TestRunner.java:632)
	at org.testng.SuiteRunner.runTest(SuiteRunner.java:366)
	at org.testng.SuiteRunner.runSequentially(SuiteRunner.java:361)
	at org.testng.SuiteRunner.privateRun(SuiteRunner.java:319)
	at org.testng.SuiteRunner.run(SuiteRunner.java:268)
	at org.testng.SuiteRunnerWorker.runSuite(SuiteRunnerWorker.java:52)
	at org.testng.SuiteRunnerWorker.run(SuiteRunnerWorker.java:86)
	at org.testng.TestNG.runSuitesSequentially(TestNG.java:1244)
	at org.testng.TestNG.runSuitesSequentially(TestNG.java:1240)
	at org.testng.TestNG.runSuitesLocally(TestNG.java:1169)
	at org.testng.TestNG.run(TestNG.java:1064)
	at org.testng.remote.RemoteTestNG.run(RemoteTestNG.java:113)
	at org.testng.remote.RemoteTestNG.initAndRun(RemoteTestNG.java:206)
	at org.testng.remote.RemoteTestNG.main(RemoteTestNG.java:177)
</pre></div></td>
<td>0</td>
<td>com.arcapi.Common.PaymentHistoryAPITest@7a9273a8</td></tr>
<tr>
<td title='com.arcapi.Common.PaymentOrderGetAPITest.PaymentOrderGetAPI()'><b>PaymentOrderGetAPI</b><br>Test class: com.arcapi.Common.PaymentOrderGetAPITest</td>
<td><div><pre>org.testng.TestNGException: 
Parameter &apos;SheetName&apos; is required by @Test on method PaymentOrderGetAPI but has not been marked @Optional or defined
in D:\worksapceNew\TestArcAPI\src\main\resources\TestNGFiles\Parksmarttestng.xml
... Removed 23 stack frames</pre></div><a href='#' onClick='toggleBox("stack-trace1657842786", this, "Click to show all stack frames", "Click to hide stack frames")'>Click to show all stack frames</a>
<div class='stack-trace' id='stack-trace1657842786'><pre>org.testng.TestNGException: 
Parameter &apos;SheetName&apos; is required by @Test on method PaymentOrderGetAPI but has not been marked @Optional or defined
in D:\worksapceNew\TestArcAPI\src\main\resources\TestNGFiles\Parksmarttestng.xml
	at org.testng.internal.Parameters.createParameters(Parameters.java:154)
	at org.testng.internal.Parameters.createParameters(Parameters.java:361)
	at org.testng.internal.Parameters.handleParameters(Parameters.java:451)
	at org.testng.internal.Invoker.handleParameters(Invoker.java:1274)
	at org.testng.internal.Invoker.createParameters(Invoker.java:989)
	at org.testng.internal.Invoker.invokeTestMethods(Invoker.java:1079)
	at org.testng.internal.TestMethodWorker.invokeTestMethods(TestMethodWorker.java:129)
	at org.testng.internal.TestMethodWorker.run(TestMethodWorker.java:112)
	at org.testng.TestRunner.privateRun(TestRunner.java:782)
	at org.testng.TestRunner.run(TestRunner.java:632)
	at org.testng.SuiteRunner.runTest(SuiteRunner.java:366)
	at org.testng.SuiteRunner.runSequentially(SuiteRunner.java:361)
	at org.testng.SuiteRunner.privateRun(SuiteRunner.java:319)
	at org.testng.SuiteRunner.run(SuiteRunner.java:268)
	at org.testng.SuiteRunnerWorker.runSuite(SuiteRunnerWorker.java:52)
	at org.testng.SuiteRunnerWorker.run(SuiteRunnerWorker.java:86)
	at org.testng.TestNG.runSuitesSequentially(TestNG.java:1244)
	at org.testng.TestNG.runSuitesSequentially(TestNG.java:1240)
	at org.testng.TestNG.runSuitesLocally(TestNG.java:1169)
	at org.testng.TestNG.run(TestNG.java:1064)
	at org.testng.remote.RemoteTestNG.run(RemoteTestNG.java:113)
	at org.testng.remote.RemoteTestNG.initAndRun(RemoteTestNG.java:206)
	at org.testng.remote.RemoteTestNG.main(RemoteTestNG.java:177)
</pre></div></td>
<td>0</td>
<td>com.arcapi.Common.PaymentOrderGetAPITest@687080dc</td></tr>
<tr>
<td title='com.arcapi.Common.PaymentOrderSubmitPOSTAPITest.PaymentOrderSubmitPOSTAPI()'><b>PaymentOrderSubmitPOSTAPI</b><br>Test class: com.arcapi.Common.PaymentOrderSubmitPOSTAPITest</td>
<td><div><pre>org.testng.TestNGException: 
Parameter &apos;SheetName&apos; is required by @Test on method PaymentOrderSubmitPOSTAPI but has not been marked @Optional or defined
in D:\worksapceNew\TestArcAPI\src\main\resources\TestNGFiles\Parksmarttestng.xml
... Removed 23 stack frames</pre></div><a href='#' onClick='toggleBox("stack-trace670283478", this, "Click to show all stack frames", "Click to hide stack frames")'>Click to show all stack frames</a>
<div class='stack-trace' id='stack-trace670283478'><pre>org.testng.TestNGException: 
Parameter &apos;SheetName&apos; is required by @Test on method PaymentOrderSubmitPOSTAPI but has not been marked @Optional or defined
in D:\worksapceNew\TestArcAPI\src\main\resources\TestNGFiles\Parksmarttestng.xml
	at org.testng.internal.Parameters.createParameters(Parameters.java:154)
	at org.testng.internal.Parameters.createParameters(Parameters.java:361)
	at org.testng.internal.Parameters.handleParameters(Parameters.java:451)
	at org.testng.internal.Invoker.handleParameters(Invoker.java:1274)
	at org.testng.internal.Invoker.createParameters(Invoker.java:989)
	at org.testng.internal.Invoker.invokeTestMethods(Invoker.java:1079)
	at org.testng.internal.TestMethodWorker.invokeTestMethods(TestMethodWorker.java:129)
	at org.testng.internal.TestMethodWorker.run(TestMethodWorker.java:112)
	at org.testng.TestRunner.privateRun(TestRunner.java:782)
	at org.testng.TestRunner.run(TestRunner.java:632)
	at org.testng.SuiteRunner.runTest(SuiteRunner.java:366)
	at org.testng.SuiteRunner.runSequentially(SuiteRunner.java:361)
	at org.testng.SuiteRunner.privateRun(SuiteRunner.java:319)
	at org.testng.SuiteRunner.run(SuiteRunner.java:268)
	at org.testng.SuiteRunnerWorker.runSuite(SuiteRunnerWorker.java:52)
	at org.testng.SuiteRunnerWorker.run(SuiteRunnerWorker.java:86)
	at org.testng.TestNG.runSuitesSequentially(TestNG.java:1244)
	at org.testng.TestNG.runSuitesSequentially(TestNG.java:1240)
	at org.testng.TestNG.runSuitesLocally(TestNG.java:1169)
	at org.testng.TestNG.run(TestNG.java:1064)
	at org.testng.remote.RemoteTestNG.run(RemoteTestNG.java:113)
	at org.testng.remote.RemoteTestNG.initAndRun(RemoteTestNG.java:206)
	at org.testng.remote.RemoteTestNG.main(RemoteTestNG.java:177)
</pre></div></td>
<td>0</td>
<td>com.arcapi.Common.PaymentOrderSubmitPOSTAPITest@6b9651f3</td></tr>
<tr>
<td title='com.arcapi.Common.PaymentReceiptAPITest.PaymentReceiptAPI()'><b>PaymentReceiptAPI</b><br>Test class: com.arcapi.Common.PaymentReceiptAPITest</td>
<td><div><pre>org.testng.TestNGException: 
Parameter &apos;SheetName&apos; is required by @Test on method PaymentReceiptAPI but has not been marked @Optional or defined
in D:\worksapceNew\TestArcAPI\src\main\resources\TestNGFiles\Parksmarttestng.xml
... Removed 23 stack frames</pre></div><a href='#' onClick='toggleBox("stack-trace1921553024", this, "Click to show all stack frames", "Click to hide stack frames")'>Click to show all stack frames</a>
<div class='stack-trace' id='stack-trace1921553024'><pre>org.testng.TestNGException: 
Parameter &apos;SheetName&apos; is required by @Test on method PaymentReceiptAPI but has not been marked @Optional or defined
in D:\worksapceNew\TestArcAPI\src\main\resources\TestNGFiles\Parksmarttestng.xml
	at org.testng.internal.Parameters.createParameters(Parameters.java:154)
	at org.testng.internal.Parameters.createParameters(Parameters.java:361)
	at org.testng.internal.Parameters.handleParameters(Parameters.java:451)
	at org.testng.internal.Invoker.handleParameters(Invoker.java:1274)
	at org.testng.internal.Invoker.createParameters(Invoker.java:989)
	at org.testng.internal.Invoker.invokeTestMethods(Invoker.java:1079)
	at org.testng.internal.TestMethodWorker.invokeTestMethods(TestMethodWorker.java:129)
	at org.testng.internal.TestMethodWorker.run(TestMethodWorker.java:112)
	at org.testng.TestRunner.privateRun(TestRunner.java:782)
	at org.testng.TestRunner.run(TestRunner.java:632)
	at org.testng.SuiteRunner.runTest(SuiteRunner.java:366)
	at org.testng.SuiteRunner.runSequentially(SuiteRunner.java:361)
	at org.testng.SuiteRunner.privateRun(SuiteRunner.java:319)
	at org.testng.SuiteRunner.run(SuiteRunner.java:268)
	at org.testng.SuiteRunnerWorker.runSuite(SuiteRunnerWorker.java:52)
	at org.testng.SuiteRunnerWorker.run(SuiteRunnerWorker.java:86)
	at org.testng.TestNG.runSuitesSequentially(TestNG.java:1244)
	at org.testng.TestNG.runSuitesSequentially(TestNG.java:1240)
	at org.testng.TestNG.runSuitesLocally(TestNG.java:1169)
	at org.testng.TestNG.run(TestNG.java:1064)
	at org.testng.remote.RemoteTestNG.run(RemoteTestNG.java:113)
	at org.testng.remote.RemoteTestNG.initAndRun(RemoteTestNG.java:206)
	at org.testng.remote.RemoteTestNG.main(RemoteTestNG.java:177)
</pre></div></td>
<td>0</td>
<td>com.arcapi.Common.PaymentReceiptAPITest@23d2a7e8</td></tr>
<tr>
<td title='com.arcapi.Common.PerformanceComparablesGetAPITest.PerformanceComparablesGetAPI()'><b>PerformanceComparablesGetAPI</b><br>Test class: com.arcapi.Common.PerformanceComparablesGetAPITest</td>
<td></td>
<td>0</td>
<td>com.arcapi.Common.PerformanceComparablesGetAPITest@7a3d45bd</td></tr>
<tr>
<td title='com.arcapi.Common.RatingSystemListAPITest.RatingSystemListAPI()'><b>RatingSystemListAPI</b><br>Test class: com.arcapi.Common.RatingSystemListAPITest</td>
<td></td>
<td>0</td>
<td>com.arcapi.Common.RatingSystemListAPITest@262b2c86</td></tr>
<tr>
<td title='com.arcapi.Common.RegistrationPaymentPricingGetAPITest.RegistrationPaymentPricingGetAPI()'><b>RegistrationPaymentPricingGetAPI</b><br>Test class: com.arcapi.Common.RegistrationPaymentPricingGetAPITest</td>
<td><div><pre>org.testng.TestNGException: 
Parameter &apos;SheetName&apos; is required by @Test on method RegistrationPaymentPricingGetAPI but has not been marked @Optional or defined
in D:\worksapceNew\TestArcAPI\src\main\resources\TestNGFiles\Parksmarttestng.xml
... Removed 23 stack frames</pre></div><a href='#' onClick='toggleBox("stack-trace1481594007", this, "Click to show all stack frames", "Click to hide stack frames")'>Click to show all stack frames</a>
<div class='stack-trace' id='stack-trace1481594007'><pre>org.testng.TestNGException: 
Parameter &apos;SheetName&apos; is required by @Test on method RegistrationPaymentPricingGetAPI but has not been marked @Optional or defined
in D:\worksapceNew\TestArcAPI\src\main\resources\TestNGFiles\Parksmarttestng.xml
	at org.testng.internal.Parameters.createParameters(Parameters.java:154)
	at org.testng.internal.Parameters.createParameters(Parameters.java:361)
	at org.testng.internal.Parameters.handleParameters(Parameters.java:451)
	at org.testng.internal.Invoker.handleParameters(Invoker.java:1274)
	at org.testng.internal.Invoker.createParameters(Invoker.java:989)
	at org.testng.internal.Invoker.invokeTestMethods(Invoker.java:1079)
	at org.testng.internal.TestMethodWorker.invokeTestMethods(TestMethodWorker.java:129)
	at org.testng.internal.TestMethodWorker.run(TestMethodWorker.java:112)
	at org.testng.TestRunner.privateRun(TestRunner.java:782)
	at org.testng.TestRunner.run(TestRunner.java:632)
	at org.testng.SuiteRunner.runTest(SuiteRunner.java:366)
	at org.testng.SuiteRunner.runSequentially(SuiteRunner.java:361)
	at org.testng.SuiteRunner.privateRun(SuiteRunner.java:319)
	at org.testng.SuiteRunner.run(SuiteRunner.java:268)
	at org.testng.SuiteRunnerWorker.runSuite(SuiteRunnerWorker.java:52)
	at org.testng.SuiteRunnerWorker.run(SuiteRunnerWorker.java:86)
	at org.testng.TestNG.runSuitesSequentially(TestNG.java:1244)
	at org.testng.TestNG.runSuitesSequentially(TestNG.java:1240)
	at org.testng.TestNG.runSuitesLocally(TestNG.java:1169)
	at org.testng.TestNG.run(TestNG.java:1064)
	at org.testng.remote.RemoteTestNG.run(RemoteTestNG.java:113)
	at org.testng.remote.RemoteTestNG.initAndRun(RemoteTestNG.java:206)
	at org.testng.remote.RemoteTestNG.main(RemoteTestNG.java:177)
</pre></div></td>
<td>0</td>
<td>com.arcapi.Common.RegistrationPaymentPricingGetAPITest@5bb21b69</td></tr>
<tr>
<td title='com.arcapi.Common.S3DocumentListAPITest.S3DocumentListAPI()'><b>S3DocumentListAPI</b><br>Test class: com.arcapi.Common.S3DocumentListAPITest</td>
<td><div><pre>org.testng.TestNGException: 
Parameter &apos;SheetName&apos; is required by @Test on method S3DocumentListAPI but has not been marked @Optional or defined
in D:\worksapceNew\TestArcAPI\src\main\resources\TestNGFiles\Parksmarttestng.xml
... Removed 23 stack frames</pre></div><a href='#' onClick='toggleBox("stack-trace1856589162", this, "Click to show all stack frames", "Click to hide stack frames")'>Click to show all stack frames</a>
<div class='stack-trace' id='stack-trace1856589162'><pre>org.testng.TestNGException: 
Parameter &apos;SheetName&apos; is required by @Test on method S3DocumentListAPI but has not been marked @Optional or defined
in D:\worksapceNew\TestArcAPI\src\main\resources\TestNGFiles\Parksmarttestng.xml
	at org.testng.internal.Parameters.createParameters(Parameters.java:154)
	at org.testng.internal.Parameters.createParameters(Parameters.java:361)
	at org.testng.internal.Parameters.handleParameters(Parameters.java:451)
	at org.testng.internal.Invoker.handleParameters(Invoker.java:1274)
	at org.testng.internal.Invoker.createParameters(Invoker.java:989)
	at org.testng.internal.Invoker.invokeTestMethods(Invoker.java:1079)
	at org.testng.internal.TestMethodWorker.invokeTestMethods(TestMethodWorker.java:129)
	at org.testng.internal.TestMethodWorker.run(TestMethodWorker.java:112)
	at org.testng.TestRunner.privateRun(TestRunner.java:782)
	at org.testng.TestRunner.run(TestRunner.java:632)
	at org.testng.SuiteRunner.runTest(SuiteRunner.java:366)
	at org.testng.SuiteRunner.runSequentially(SuiteRunner.java:361)
	at org.testng.SuiteRunner.privateRun(SuiteRunner.java:319)
	at org.testng.SuiteRunner.run(SuiteRunner.java:268)
	at org.testng.SuiteRunnerWorker.runSuite(SuiteRunnerWorker.java:52)
	at org.testng.SuiteRunnerWorker.run(SuiteRunnerWorker.java:86)
	at org.testng.TestNG.runSuitesSequentially(TestNG.java:1244)
	at org.testng.TestNG.runSuitesSequentially(TestNG.java:1240)
	at org.testng.TestNG.runSuitesLocally(TestNG.java:1169)
	at org.testng.TestNG.run(TestNG.java:1064)
	at org.testng.remote.RemoteTestNG.run(RemoteTestNG.java:113)
	at org.testng.remote.RemoteTestNG.initAndRun(RemoteTestNG.java:206)
	at org.testng.remote.RemoteTestNG.main(RemoteTestNG.java:177)
</pre></div></td>
<td>0</td>
<td>com.arcapi.Common.S3DocumentListAPITest@59906517</td></tr>
<tr>
<td title='com.arcapi.Common.S3DocumentRemoveAPITest.S3DocumentRemoveAPI()'><b>S3DocumentRemoveAPI</b><br>Test class: com.arcapi.Common.S3DocumentRemoveAPITest</td>
<td><div><pre>org.testng.TestNGException: 
Parameter &apos;SheetName&apos; is required by @Test on method S3DocumentRemoveAPI but has not been marked @Optional or defined
in D:\worksapceNew\TestArcAPI\src\main\resources\TestNGFiles\Parksmarttestng.xml
... Removed 23 stack frames</pre></div><a href='#' onClick='toggleBox("stack-trace1414744767", this, "Click to show all stack frames", "Click to hide stack frames")'>Click to show all stack frames</a>
<div class='stack-trace' id='stack-trace1414744767'><pre>org.testng.TestNGException: 
Parameter &apos;SheetName&apos; is required by @Test on method S3DocumentRemoveAPI but has not been marked @Optional or defined
in D:\worksapceNew\TestArcAPI\src\main\resources\TestNGFiles\Parksmarttestng.xml
	at org.testng.internal.Parameters.createParameters(Parameters.java:154)
	at org.testng.internal.Parameters.createParameters(Parameters.java:361)
	at org.testng.internal.Parameters.handleParameters(Parameters.java:451)
	at org.testng.internal.Invoker.handleParameters(Invoker.java:1274)
	at org.testng.internal.Invoker.createParameters(Invoker.java:989)
	at org.testng.internal.Invoker.invokeTestMethods(Invoker.java:1079)
	at org.testng.internal.TestMethodWorker.invokeTestMethods(TestMethodWorker.java:129)
	at org.testng.internal.TestMethodWorker.run(TestMethodWorker.java:112)
	at org.testng.TestRunner.privateRun(TestRunner.java:782)
	at org.testng.TestRunner.run(TestRunner.java:632)
	at org.testng.SuiteRunner.runTest(SuiteRunner.java:366)
	at org.testng.SuiteRunner.runSequentially(SuiteRunner.java:361)
	at org.testng.SuiteRunner.privateRun(SuiteRunner.java:319)
	at org.testng.SuiteRunner.run(SuiteRunner.java:268)
	at org.testng.SuiteRunnerWorker.runSuite(SuiteRunnerWorker.java:52)
	at org.testng.SuiteRunnerWorker.run(SuiteRunnerWorker.java:86)
	at org.testng.TestNG.runSuitesSequentially(TestNG.java:1244)
	at org.testng.TestNG.runSuitesSequentially(TestNG.java:1240)
	at org.testng.TestNG.runSuitesLocally(TestNG.java:1169)
	at org.testng.TestNG.run(TestNG.java:1064)
	at org.testng.remote.RemoteTestNG.run(RemoteTestNG.java:113)
	at org.testng.remote.RemoteTestNG.initAndRun(RemoteTestNG.java:206)
	at org.testng.remote.RemoteTestNG.main(RemoteTestNG.java:177)
</pre></div></td>
<td>0</td>
<td>com.arcapi.Common.S3DocumentRemoveAPITest@5bfbf16f</td></tr>
<tr>
<td title='com.arcapi.Common.S3DocumentUploadPOSTAPITest.S3DocumentUploadPOSTAPI()'><b>S3DocumentUploadPOSTAPI</b><br>Test class: com.arcapi.Common.S3DocumentUploadPOSTAPITest</td>
<td><div><pre>org.testng.TestNGException: 
Parameter &apos;SheetName&apos; is required by @Test on method S3DocumentUploadPOSTAPI but has not been marked @Optional or defined
in D:\worksapceNew\TestArcAPI\src\main\resources\TestNGFiles\Parksmarttestng.xml
... Removed 23 stack frames</pre></div><a href='#' onClick='toggleBox("stack-trace1925059423", this, "Click to show all stack frames", "Click to hide stack frames")'>Click to show all stack frames</a>
<div class='stack-trace' id='stack-trace1925059423'><pre>org.testng.TestNGException: 
Parameter &apos;SheetName&apos; is required by @Test on method S3DocumentUploadPOSTAPI but has not been marked @Optional or defined
in D:\worksapceNew\TestArcAPI\src\main\resources\TestNGFiles\Parksmarttestng.xml
	at org.testng.internal.Parameters.createParameters(Parameters.java:154)
	at org.testng.internal.Parameters.createParameters(Parameters.java:361)
	at org.testng.internal.Parameters.handleParameters(Parameters.java:451)
	at org.testng.internal.Invoker.handleParameters(Invoker.java:1274)
	at org.testng.internal.Invoker.createParameters(Invoker.java:989)
	at org.testng.internal.Invoker.invokeTestMethods(Invoker.java:1079)
	at org.testng.internal.TestMethodWorker.invokeTestMethods(TestMethodWorker.java:129)
	at org.testng.internal.TestMethodWorker.run(TestMethodWorker.java:112)
	at org.testng.TestRunner.privateRun(TestRunner.java:782)
	at org.testng.TestRunner.run(TestRunner.java:632)
	at org.testng.SuiteRunner.runTest(SuiteRunner.java:366)
	at org.testng.SuiteRunner.runSequentially(SuiteRunner.java:361)
	at org.testng.SuiteRunner.privateRun(SuiteRunner.java:319)
	at org.testng.SuiteRunner.run(SuiteRunner.java:268)
	at org.testng.SuiteRunnerWorker.runSuite(SuiteRunnerWorker.java:52)
	at org.testng.SuiteRunnerWorker.run(SuiteRunnerWorker.java:86)
	at org.testng.TestNG.runSuitesSequentially(TestNG.java:1244)
	at org.testng.TestNG.runSuitesSequentially(TestNG.java:1240)
	at org.testng.TestNG.runSuitesLocally(TestNG.java:1169)
	at org.testng.TestNG.run(TestNG.java:1064)
	at org.testng.remote.RemoteTestNG.run(RemoteTestNG.java:113)
	at org.testng.remote.RemoteTestNG.initAndRun(RemoteTestNG.java:206)
	at org.testng.remote.RemoteTestNG.main(RemoteTestNG.java:177)
</pre></div></td>
<td>0</td>
<td>com.arcapi.Common.S3DocumentUploadPOSTAPITest@cb51256</td></tr>
<tr>
<td title='com.arcapi.Common.ThirdPartyListAppsAPITest.ThirdPartyListAppsAPI()'><b>ThirdPartyListAppsAPI</b><br>Test class: com.arcapi.Common.ThirdPartyListAppsAPITest</td>
<td></td>
<td>0</td>
<td>com.arcapi.Common.ThirdPartyListAppsAPITest@1e7c7811</td></tr>
<tr>
<td title='com.arcapi.Parksmarttestcases.UserActivityListAPITest.UserActivityListAPI()'><b>UserActivityListAPI</b><br>Test class: com.arcapi.Parksmarttestcases.UserActivityListAPITest</td>
<td><div><pre>org.testng.TestNGException: 
Parameter &apos;SheetName&apos; is required by @Test on method UserActivityListAPI but has not been marked @Optional or defined
in D:\worksapceNew\TestArcAPI\src\main\resources\TestNGFiles\Parksmarttestng.xml
... Removed 23 stack frames</pre></div><a href='#' onClick='toggleBox("stack-trace928734079", this, "Click to show all stack frames", "Click to hide stack frames")'>Click to show all stack frames</a>
<div class='stack-trace' id='stack-trace928734079'><pre>org.testng.TestNGException: 
Parameter &apos;SheetName&apos; is required by @Test on method UserActivityListAPI but has not been marked @Optional or defined
in D:\worksapceNew\TestArcAPI\src\main\resources\TestNGFiles\Parksmarttestng.xml
	at org.testng.internal.Parameters.createParameters(Parameters.java:154)
	at org.testng.internal.Parameters.createParameters(Parameters.java:361)
	at org.testng.internal.Parameters.handleParameters(Parameters.java:451)
	at org.testng.internal.Invoker.handleParameters(Invoker.java:1274)
	at org.testng.internal.Invoker.createParameters(Invoker.java:989)
	at org.testng.internal.Invoker.invokeTestMethods(Invoker.java:1079)
	at org.testng.internal.TestMethodWorker.invokeTestMethods(TestMethodWorker.java:129)
	at org.testng.internal.TestMethodWorker.run(TestMethodWorker.java:112)
	at org.testng.TestRunner.privateRun(TestRunner.java:782)
	at org.testng.TestRunner.run(TestRunner.java:632)
	at org.testng.SuiteRunner.runTest(SuiteRunner.java:366)
	at org.testng.SuiteRunner.runSequentially(SuiteRunner.java:361)
	at org.testng.SuiteRunner.privateRun(SuiteRunner.java:319)
	at org.testng.SuiteRunner.run(SuiteRunner.java:268)
	at org.testng.SuiteRunnerWorker.runSuite(SuiteRunnerWorker.java:52)
	at org.testng.SuiteRunnerWorker.run(SuiteRunnerWorker.java:86)
	at org.testng.TestNG.runSuitesSequentially(TestNG.java:1244)
	at org.testng.TestNG.runSuitesSequentially(TestNG.java:1240)
	at org.testng.TestNG.runSuitesLocally(TestNG.java:1169)
	at org.testng.TestNG.run(TestNG.java:1064)
	at org.testng.remote.RemoteTestNG.run(RemoteTestNG.java:113)
	at org.testng.remote.RemoteTestNG.initAndRun(RemoteTestNG.java:206)
	at org.testng.remote.RemoteTestNG.main(RemoteTestNG.java:177)
</pre></div></td>
<td>0</td>
<td>com.arcapi.Parksmarttestcases.UserActivityListAPITest@7b69c6ba</td></tr>
<tr>
<td title='com.arcapi.Common.VerifyAgreementPresentAPITest.VerifyAgreementPresentAPI()'><b>VerifyAgreementPresentAPI</b><br>Test class: com.arcapi.Common.VerifyAgreementPresentAPITest</td>
<td><div><pre>org.testng.TestNGException: 
Parameter &apos;SheetName&apos; is required by @Test on method VerifyAgreementPresentAPI but has not been marked @Optional or defined
in D:\worksapceNew\TestArcAPI\src\main\resources\TestNGFiles\Parksmarttestng.xml
... Removed 23 stack frames</pre></div><a href='#' onClick='toggleBox("stack-trace1274225913", this, "Click to show all stack frames", "Click to hide stack frames")'>Click to show all stack frames</a>
<div class='stack-trace' id='stack-trace1274225913'><pre>org.testng.TestNGException: 
Parameter &apos;SheetName&apos; is required by @Test on method VerifyAgreementPresentAPI but has not been marked @Optional or defined
in D:\worksapceNew\TestArcAPI\src\main\resources\TestNGFiles\Parksmarttestng.xml
	at org.testng.internal.Parameters.createParameters(Parameters.java:154)
	at org.testng.internal.Parameters.createParameters(Parameters.java:361)
	at org.testng.internal.Parameters.handleParameters(Parameters.java:451)
	at org.testng.internal.Invoker.handleParameters(Invoker.java:1274)
	at org.testng.internal.Invoker.createParameters(Invoker.java:989)
	at org.testng.internal.Invoker.invokeTestMethods(Invoker.java:1079)
	at org.testng.internal.TestMethodWorker.invokeTestMethods(TestMethodWorker.java:129)
	at org.testng.internal.TestMethodWorker.run(TestMethodWorker.java:112)
	at org.testng.TestRunner.privateRun(TestRunner.java:782)
	at org.testng.TestRunner.run(TestRunner.java:632)
	at org.testng.SuiteRunner.runTest(SuiteRunner.java:366)
	at org.testng.SuiteRunner.runSequentially(SuiteRunner.java:361)
	at org.testng.SuiteRunner.privateRun(SuiteRunner.java:319)
	at org.testng.SuiteRunner.run(SuiteRunner.java:268)
	at org.testng.SuiteRunnerWorker.runSuite(SuiteRunnerWorker.java:52)
	at org.testng.SuiteRunnerWorker.run(SuiteRunnerWorker.java:86)
	at org.testng.TestNG.runSuitesSequentially(TestNG.java:1244)
	at org.testng.TestNG.runSuitesSequentially(TestNG.java:1240)
	at org.testng.TestNG.runSuitesLocally(TestNG.java:1169)
	at org.testng.TestNG.run(TestNG.java:1064)
	at org.testng.remote.RemoteTestNG.run(RemoteTestNG.java:113)
	at org.testng.remote.RemoteTestNG.initAndRun(RemoteTestNG.java:206)
	at org.testng.remote.RemoteTestNG.main(RemoteTestNG.java:177)
</pre></div></td>
<td>0</td>
<td>com.arcapi.Common.VerifyAgreementPresentAPITest@42d8062c</td></tr>
<tr>
<td title='com.arcapi.Parksmarttestcases.VerifyAssetDetailAPITest.VerifyAssetDetailAPI()'><b>VerifyAssetDetailAPI</b><br>Test class: com.arcapi.Parksmarttestcases.VerifyAssetDetailAPITest</td>
<td><div><pre>org.testng.TestNGException: 
Parameter &apos;SheetName&apos; is required by @Test on method VerifyAssetDetailAPI but has not been marked @Optional or defined
in D:\worksapceNew\TestArcAPI\src\main\resources\TestNGFiles\Parksmarttestng.xml
... Removed 23 stack frames</pre></div><a href='#' onClick='toggleBox("stack-trace659115590", this, "Click to show all stack frames", "Click to hide stack frames")'>Click to show all stack frames</a>
<div class='stack-trace' id='stack-trace659115590'><pre>org.testng.TestNGException: 
Parameter &apos;SheetName&apos; is required by @Test on method VerifyAssetDetailAPI but has not been marked @Optional or defined
in D:\worksapceNew\TestArcAPI\src\main\resources\TestNGFiles\Parksmarttestng.xml
	at org.testng.internal.Parameters.createParameters(Parameters.java:154)
	at org.testng.internal.Parameters.createParameters(Parameters.java:361)
	at org.testng.internal.Parameters.handleParameters(Parameters.java:451)
	at org.testng.internal.Invoker.handleParameters(Invoker.java:1274)
	at org.testng.internal.Invoker.createParameters(Invoker.java:989)
	at org.testng.internal.Invoker.invokeTestMethods(Invoker.java:1079)
	at org.testng.internal.TestMethodWorker.invokeTestMethods(TestMethodWorker.java:129)
	at org.testng.internal.TestMethodWorker.run(TestMethodWorker.java:112)
	at org.testng.TestRunner.privateRun(TestRunner.java:782)
	at org.testng.TestRunner.run(TestRunner.java:632)
	at org.testng.SuiteRunner.runTest(SuiteRunner.java:366)
	at org.testng.SuiteRunner.runSequentially(SuiteRunner.java:361)
	at org.testng.SuiteRunner.privateRun(SuiteRunner.java:319)
	at org.testng.SuiteRunner.run(SuiteRunner.java:268)
	at org.testng.SuiteRunnerWorker.runSuite(SuiteRunnerWorker.java:52)
	at org.testng.SuiteRunnerWorker.run(SuiteRunnerWorker.java:86)
	at org.testng.TestNG.runSuitesSequentially(TestNG.java:1244)
	at org.testng.TestNG.runSuitesSequentially(TestNG.java:1240)
	at org.testng.TestNG.runSuitesLocally(TestNG.java:1169)
	at org.testng.TestNG.run(TestNG.java:1064)
	at org.testng.remote.RemoteTestNG.run(RemoteTestNG.java:113)
	at org.testng.remote.RemoteTestNG.initAndRun(RemoteTestNG.java:206)
	at org.testng.remote.RemoteTestNG.main(RemoteTestNG.java:177)
</pre></div></td>
<td>0</td>
<td>com.arcapi.Parksmarttestcases.VerifyAssetDetailAPITest@29b5cd00</td></tr>
<tr>
<td title='com.arcapi.Common.VerifyProjectRegisteredAssetListTest.VerifyProjectRegisteredAssetList()'><b>VerifyProjectRegisteredAssetList</b><br>Test class: com.arcapi.Common.VerifyProjectRegisteredAssetListTest</td>
<td><div><pre>org.testng.TestNGException: 
Parameter &apos;SheetName&apos; is required by @Test on method VerifyProjectRegisteredAssetList but has not been marked @Optional or defined
in D:\worksapceNew\TestArcAPI\src\main\resources\TestNGFiles\Parksmarttestng.xml
... Removed 23 stack frames</pre></div><a href='#' onClick='toggleBox("stack-trace2141066548", this, "Click to show all stack frames", "Click to hide stack frames")'>Click to show all stack frames</a>
<div class='stack-trace' id='stack-trace2141066548'><pre>org.testng.TestNGException: 
Parameter &apos;SheetName&apos; is required by @Test on method VerifyProjectRegisteredAssetList but has not been marked @Optional or defined
in D:\worksapceNew\TestArcAPI\src\main\resources\TestNGFiles\Parksmarttestng.xml
	at org.testng.internal.Parameters.createParameters(Parameters.java:154)
	at org.testng.internal.Parameters.createParameters(Parameters.java:361)
	at org.testng.internal.Parameters.handleParameters(Parameters.java:451)
	at org.testng.internal.Invoker.handleParameters(Invoker.java:1274)
	at org.testng.internal.Invoker.createParameters(Invoker.java:989)
	at org.testng.internal.Invoker.invokeTestMethods(Invoker.java:1079)
	at org.testng.internal.TestMethodWorker.invokeTestMethods(TestMethodWorker.java:129)
	at org.testng.internal.TestMethodWorker.run(TestMethodWorker.java:112)
	at org.testng.TestRunner.privateRun(TestRunner.java:782)
	at org.testng.TestRunner.run(TestRunner.java:632)
	at org.testng.SuiteRunner.runTest(SuiteRunner.java:366)
	at org.testng.SuiteRunner.runSequentially(SuiteRunner.java:361)
	at org.testng.SuiteRunner.privateRun(SuiteRunner.java:319)
	at org.testng.SuiteRunner.run(SuiteRunner.java:268)
	at org.testng.SuiteRunnerWorker.runSuite(SuiteRunnerWorker.java:52)
	at org.testng.SuiteRunnerWorker.run(SuiteRunnerWorker.java:86)
	at org.testng.TestNG.runSuitesSequentially(TestNG.java:1244)
	at org.testng.TestNG.runSuitesSequentially(TestNG.java:1240)
	at org.testng.TestNG.runSuitesLocally(TestNG.java:1169)
	at org.testng.TestNG.run(TestNG.java:1064)
	at org.testng.remote.RemoteTestNG.run(RemoteTestNG.java:113)
	at org.testng.remote.RemoteTestNG.initAndRun(RemoteTestNG.java:206)
	at org.testng.remote.RemoteTestNG.main(RemoteTestNG.java:177)
</pre></div></td>
<td>0</td>
<td>com.arcapi.Common.VerifyProjectRegisteredAssetListTest@60285225</td></tr>
</table><p>
</body>
</html>