<?xml version="1.0" encoding="UTF-8"?>
<!-- Generated by org.testng.reporters.JUnitXMLReporter -->
<testsuite hostname="G10GGNLT052" name="CompleteFlowTest-Transit-Above" tests="119" failures="8" timestamp="20 Sep 2019 10:54:00 GMT" time="691.748" errors="0">
  <testcase name="LoginAPI" time="5.887" classname="com.arcapi.Common.LoginAPITest"/>
  <testcase name="UserDetailAPI" time="3.741" classname="com.arcapi.Common.UserDetailAPITest"/>
  <testcase name="UserAccessLevelSAPGet" time="2.281" classname="com.arcapi.Common.UserAccessLevelSAPGetTest"/>
  <testcase name="CreateAssetTransitAPI" time="33.329" classname="com.arcapi.Transittestcases.CreateAssetTransitAPITest"/>
  <testcase name="SignAgreementRegistrationAPI" time="9.999" classname="com.arcapi.Common.SignAgreementRegistrationAPITest"/>
  <testcase name="RegistrationPaymentPricingGetAPI" time="3.729" classname="com.arcapi.Common.RegistrationPaymentPricingGetAPITest"/>
  <testcase name="PaymentOrderSubmitPOSTAPI" time="75.257" classname="com.arcapi.Common.PaymentOrderSubmitPOSTAPITest"/>
  <testcase name="AddAssestTimeline" time="80.48" classname="com.arcapi.Common.AddAssestTimelinePOSTAPITest"/>
  <testcase name="PaymentOrderGetAPI" time="3.29" classname="com.arcapi.Common.PaymentOrderGetAPITest"/>
  <testcase name="PaymentReceiptAPI" time="8.826" classname="com.arcapi.Common.PaymentReceiptAPITest"/>
  <testcase name="PaymentHistoryAPI" time="1.659" classname="com.arcapi.Common.PaymentHistoryAPITest"/>
  <testcase name="AssetSearchAPI" time="2.248" classname="com.arcapi.Common.AssetSearchAPITest"/>
  <testcase name="AssetDetailAPI" time="2.792" classname="com.arcapi.Common.AssetDetailAPITest"/>
  <testcase name="AssetValidationInfoPOSTAPI" time="3.199" classname="com.arcapi.Common.AssetValidationInfoPOSTAPITest"/>
  <testcase name="AssetSearchOwnerAPI" time="1.948" classname="com.arcapi.Common.AssetSearchOwnerAPITest"/>
  <testcase name="AssetOwnerOrgPOSTAPI" time="3.222" classname="com.arcapi.Common.AssetOwnerOrgPOSTAPITest">
    <failure type="java.lang.AssertionError" message="expected [201] but found [200]">
      <![CDATA[java.lang.AssertionError: expected [201] but found [200]
	at com.Utill.Controller.Assertion.verifyStatusCode(Assertion.java:20)
	at com.arcapi.Common.AssetOwnerOrgPOSTAPITest.AssetOwnerOrgPOSTAPI(AssetOwnerOrgPOSTAPITest.java:22)
... Removed 31 stack frames]]>
    </failure>
  </testcase> <!-- AssetOwnerOrgPOSTAPI -->
  <testcase name="AssetListAPI" time="2.494" classname="com.arcapi.Common.AssetListAPITest"/>
  <testcase name="AssetUpdateforNewAssetPUTAPI" time="9.732" classname="com.arcapi.Buildingtestcases.AssetUpdateBuildingAPITest"/>
  <testcase name="VerifyAssetDetailAPI" time="2.441" classname="com.arcapi.Transittestcases.VerifyAssetDetailAPITest"/>
  <testcase name="VerifyProjectRegisteredAssetList" time="2.945" classname="com.arcapi.Common.VerifyProjectRegisteredAssetListTest"/>
  <testcase name="MetersAPI" time="1.906" classname="com.arcapi.Buildingtestcases.MetersAPITest"/>
  <testcase name="AssetTeamMemberRoleAPI" time="3.769" classname="com.arcapi.Common.AssetTeamMemberRoleAPITest"/>
  <testcase name="AssetTeamMemberListAPI" time="5.396" classname="com.arcapi.Common.AssetTeamMemberListAPITest"/>
  <testcase name="AssetTeamMemberAddPOSTAPI" time="6.545" classname="com.arcapi.Common.AssetTeamMemberAddPOSTAPITest"/>
  <testcase name="AssetTeamMemberUpdateAPI" time="6.933" classname="com.arcapi.Common.AssetTeamMemberUpdateAPITest"/>
  <testcase name="AssetTeamMemberRemoveAPI" time="7.215" classname="com.arcapi.Common.AssetTeamMemberRemoveAPITest"/>
  <testcase name="S3DocumentUploadPOSTAPI" time="21.5" classname="com.arcapi.Common.S3DocumentUploadPOSTAPITest"/>
  <testcase name="S3DocumentListAPI" time="2.197" classname="com.arcapi.Common.S3DocumentListAPITest"/>
  <testcase name="S3DocumentRemoveAPI" time="1.612" classname="com.arcapi.Common.S3DocumentRemoveAPITest"/>
  <testcase name="AssetTeamPermissionListAPI" time="5.4" classname="com.arcapi.Common.AssetTeamPermissionListAPITest"/>
  <testcase name="AssetTeamPermissionPostAPI" time="5.137" classname="com.arcapi.Common.AssetTeamPermissionPostAPITest"/>
  <testcase name="AssetTeamPermissionPutAPI" time="2.583" classname="com.arcapi.Common.AssetTeamPermissionPutAPITest">
    <failure type="java.lang.AssertionError" message="expected [200] but found [400]">
      <![CDATA[java.lang.AssertionError: expected [200] but found [400]
	at com.Utill.Controller.Assertion.verifyStatusCode(Assertion.java:20)
	at com.arcapi.Common.AssetTeamPermissionPutAPITest.AssetTeamPermissionPutAPI(AssetTeamPermissionPutAPITest.java:22)
... Removed 31 stack frames]]>
    </failure>
  </testcase> <!-- AssetTeamPermissionPutAPI -->
  <testcase name="VerifyAdminRemoveAPI" time="6.83" classname="com.arcapi.Common.VerifyAdminRemoveAPITest">
    <failure type="java.lang.AssertionError" message="expected [403] but found [200]">
      <![CDATA[java.lang.AssertionError: expected [403] but found [200]
	at com.Utill.Controller.Assertion.verifyStatusCode(Assertion.java:20)
	at com.arcapi.Common.VerifyAdminRemoveAPITest.VerifyAdminRemoveAPI(VerifyAdminRemoveAPITest.java:21)
... Removed 31 stack frames]]>
    </failure>
  </testcase> <!-- VerifyAdminRemoveAPI -->
  <testcase name="AssetTeamMemberAddPOSTAPI" time="7.883" classname="com.arcapi.Common.AssetArcProjectAdminAddPOSTAPITest"/>
  <testcase name="AssetNotificationSubscriptionList" time="1.836" classname="com.arcapi.Common.AssetNotificationSubscriptionListTest"/>
  <testcase name="AssetNotificationSubscriptionPost" time="2.273" classname="com.arcapi.Common.AssetNotificationSubscriptionPostTest"/>
  <testcase name="NotificationSubscriptionDetail" time="2.095" classname="com.arcapi.Common.NotificationSubscriptionDetailGetTest"/>
  <testcase name="NotificationSubscriptionDetail" time="1.84" classname="com.arcapi.Common.NotificationSubscriptionDetailPutTest"/>
  <testcase name="NotificationSubscriptionDetailDelete" time="1.702" classname="com.arcapi.Common.NotificationSubscriptionDetailDeleteTest"/>
  <testcase name="NotificationCreatePOSTAPI" time="1.716" classname="com.arcapi.Common.NotificationCreatePOSTAPITest"/>
  <testcase name="NotificationGetAPI" time="2.107" classname="com.arcapi.Common.NotificationGetAPITest"/>
  <testcase name="NotificationDeleteAPI" time="2.102" classname="com.arcapi.Common.NotificationDeleteAPITest"/>
  <testcase name="WasteCreatePOSTAPI" time="2.372" classname="com.arcapi.Buildingtestcases.WasteCreatePOSTAPITest"/>
  <testcase name="WasteGetAPI" time="1.943" classname="com.arcapi.Buildingtestcases.WasteGetAPITest"/>
  <testcase name="WasteDetailAPI" time="1.908" classname="com.arcapi.Buildingtestcases.WasteDetailAPITest"/>
  <testcase name="WasteUpdatePUTAPI" time="2.043" classname="com.arcapi.Buildingtestcases.WasteUpdatePUTAPITest"/>
  <testcase name="WasteDetailDeleteAPI" time="1.808" classname="com.arcapi.Buildingtestcases.WasteDetailDeleteAPITest"/>
  <testcase name="ExcelUploadTemplateTransitAboveAP" time="4.985" classname="com.arcapi.Transittestcases.ExcelUploadTemplateTransitAboveAPITest"/>
  <testcase name="AssetDocumentAPI" time="5.21" classname="com.arcapi.Common.AssetDocumentAPITest"/>
  <testcase name="DownloadDocumentsAPI" time="4.224" classname="com.arcapi.Common.DownloadDocumentsAPITest"/>
  <testcase name="VerifyAgreementPresentAPI" time="3.844" classname="com.arcapi.Common.VerifyAgreementPresentAPITest"/>
  <testcase name="FetchingAgreementDetailsAPI" time="4.968" classname="com.arcapi.Common.FetchingAgreementDetailsAPITest"/>
  <testcase name="VerifyAgreementDeleteAPI" time="4.036" classname="com.arcapi.Common.VerifyAgreementDeleteAPITest"/>
  <testcase name="FeedbackSubmitPostAPI" time="2.082" classname="com.arcapi.Common.FeedbackSubmitPostAPITest"/>
  <testcase name="DeleteAllAppsAPI" time="5.348" classname="com.arcapi.Common.DeleteAllAppsAPITest"/>
  <testcase name="InstallAllAppsAfterDeleteAPI" time="6.363" classname="com.arcapi.Common.InstallAllAppsAfterDeleteAPITest"/>
  <testcase name="AQIDataGetAPI" time="1.837" classname="com.arcapi.Transittestcases.AQIDataGetAPITest"/>
  <testcase name="RidershipDataGetAPI" time="1.845" classname="com.arcapi.Transittestcases.RidershipDataGetAPITest"/>
  <testcase name="VerifyWasteDataExcelAPI" time="1.798" classname="com.arcapi.Transittestcases.VerifyWasteDataExcelAPITest"/>
  <testcase name="ExcelTemplateMetersHEAPI" time="4.083" classname="com.arcapi.Transittestcases.ExcelTemplateMetersHEAPITest"/>
  <testcase name="VerifyAQIGraphValuesAPI" time="1.613" classname="com.arcapi.Transittestcases.VerifyAQIGraphValuesAPITest"/>
  <testcase name="VerifyPM25GraphValuesAPI" time="1.953" classname="com.arcapi.Transittestcases.VerifyPM25GraphValuesAPITest"/>
  <testcase name="VerifyPM10GraphValuesAPI" time="1.995" classname="com.arcapi.Transittestcases.VerifyPM10GraphValuesAPITest"/>
  <testcase name="VerifyOzoneGraphValuesAPI" time="2.013" classname="com.arcapi.Transittestcases.VerifyOzoneGraphValuesAPITest">
    <failure type="java.lang.AssertionError" message="expected [222] but found [8.73]">
      <![CDATA[java.lang.AssertionError: expected [222] but found [8.73]
	at com.Utill.Controller.Assertion.verifyData(Assertion.java:27)
	at com.arcapi.Transittestcases.VerifyOzoneGraphValuesAPITest.VerifyOzoneGraphValuesAPI(VerifyOzoneGraphValuesAPITest.java:27)
... Removed 31 stack frames]]>
    </failure>
  </testcase> <!-- VerifyOzoneGraphValuesAPI -->
  <testcase name="VerifyNitrogenDioxideGraphValuesAPI" time="1.901" classname="com.arcapi.Transittestcases.VerifyNitrogenDioxideGraphValuesAPITest">
    <failure type="java.lang.AssertionError" message="expected [322] but found [0.06]">
      <![CDATA[java.lang.AssertionError: expected [322] but found [0.06]
	at com.Utill.Controller.Assertion.verifyData(Assertion.java:27)
	at com.arcapi.Transittestcases.VerifyNitrogenDioxideGraphValuesAPITest.VerifyNitrogenDioxideGraphValuesAPI(VerifyNitrogenDioxideGraphValuesAPITest.java:32)
... Removed 31 stack frames]]>
    </failure>
  </testcase> <!-- VerifyNitrogenDioxideGraphValuesAPI -->
  <testcase name="VerifySulphurDioxideGraphValuesAPI" time="1.96" classname="com.arcapi.Transittestcases.VerifySulphurDioxideGraphValuesAPITest"/>
  <testcase name="VerifyCarbonMonoxideGraphValuesAPI" time="1.883" classname="com.arcapi.Transittestcases.VerifyCarbonMonoxideGraphValuesAPITest">
    <failure type="java.lang.AssertionError" message="expected [322] but found [0.29]">
      <![CDATA[java.lang.AssertionError: expected [322] but found [0.29]
	at com.Utill.Controller.Assertion.verifyData(Assertion.java:27)
	at com.arcapi.Transittestcases.VerifyCarbonMonoxideGraphValuesAPITest.VerifyCarbonMonoxideGraphValuesAPI(VerifyCarbonMonoxideGraphValuesAPITest.java:29)
... Removed 31 stack frames]]>
    </failure>
  </testcase> <!-- VerifyCarbonMonoxideGraphValuesAPI -->
  <testcase name="VerifyRidershipGraphValuesAPI" time="1.971" classname="com.arcapi.Transittestcases.VerifyRidershipGraphValuesAPITest">
    <failure type="java.lang.AssertionError" message="expected [200] but found [404]">
      <![CDATA[java.lang.AssertionError: expected [200] but found [404]
	at com.Utill.Controller.Assertion.verifyStatusCode(Assertion.java:20)
	at com.arcapi.Transittestcases.VerifyRidershipGraphValuesAPITest.VerifyRidershipGraphValuesAPI(VerifyRidershipGraphValuesAPITest.java:27)
... Removed 31 stack frames]]>
    </failure>
  </testcase> <!-- VerifyRidershipGraphValuesAPI -->
  <testcase name="ExcelTemplateMetersTransitAbove" time="3.466" classname="com.arcapi.Transittestcases.ExcelTemplateMetersTransitAboveAPITest"/>
  <testcase name="VerifyExcelTemplateConsumptionEnergyWaterAPI" time="1.948" classname="com.arcapi.Transittestcases.VerifyExcelTemplateConsumptionEnergyWaterAPITest">
    <failure type="java.lang.NullPointerException">
      <![CDATA[java.lang.NullPointerException
	at com.arcapi.Transittestcases.VerifyExcelTemplateConsumptionEnergyWaterAPITest.VerifyExcelTemplateConsumptionEnergyWaterAPI(VerifyExcelTemplateConsumptionEnergyWaterAPITest.java:40)
... Removed 25 stack frames]]>
    </failure>
  </testcase> <!-- VerifyExcelTemplateConsumptionEnergyWaterAPI -->
  <testcase name="MeterCreatePOSTAPI" time="11.74" classname="com.arcapi.Buildingtestcases.MeterCreatePOSTAPITest"/>
  <testcase name="AssetMeterDetailAPI" time="2.244" classname="com.arcapi.Buildingtestcases.AssetMeterDetailAPITest"/>
  <testcase name="MeterUpdatePUTAPI" time="1.913" classname="com.arcapi.Buildingtestcases.MeterUpdatePUTAPITest"/>
  <testcase name="MeterBulkConsumptionPOSTAPI" time="2.413" classname="com.arcapi.Buildingtestcases.MeterBulkConsumptionPOSTAPITest"/>
  <testcase name="ConsumptionListAPI" time="2.057" classname="com.arcapi.Buildingtestcases.ConsumptionListAPITest"/>
  <testcase name="ConsumptionCreatePOSTAPI" time="2.935" classname="com.arcapi.Buildingtestcases.ConsumptionCreatePOSTAPITest"/>
  <testcase name="ConsumptionDetailAPI" time="1.67" classname="com.arcapi.Buildingtestcases.ConsumptionDetailAPITest"/>
  <testcase name="ConsumptionUpdatePUTAPI" time="1.863" classname="com.arcapi.Buildingtestcases.ConsumptionUpdatePUTAPITest"/>
  <testcase name="ConsumptionDeleteAPI" time="1.938" classname="com.arcapi.Buildingtestcases.ConsumptionDeleteAPITest"/>
  <testcase name="MeterDeleteAPI" time="2.038" classname="com.arcapi.Buildingtestcases.MeterDeleteAPITest"/>
  <testcase name="WasteGeneratedBulkDataPost" time="1.979" classname="com.arcapi.Buildingtestcases.WasteGeneratedBulkDataPostTest"/>
  <testcase name="WasteDivertedBulkDataPost" time="2.034" classname="com.arcapi.Buildingtestcases.WasteDivertedBulkDataPostTest"/>
  <testcase name="RecomputePerformanceScoreGet" time="6.295" classname="com.arcapi.Common.RecomputePerformanceScoreGetTest"/>
  <testcase name="ReviewCertificationPricingAPI" time="4.004" classname="com.arcapi.Common.ReviewCertificationPricingAPITest"/>
  <testcase name="SubmitReviewPOSTAPI" time="21.64" classname="com.arcapi.Common.SubmitReviewPOSTAPITest"/>
  <testcase name="SubmitReviewGetAPI" time="1.713" classname="com.arcapi.Common.SubmitReviewGetAPITest"/>
  <testcase name="TransitSurveyCreatePOSTAPI" time="1.681" classname="com.arcapi.Transittestcases.TransitSurveyCreatePOSTAPITest"/>
  <testcase name="TransitSurveyAPI" time="1.704" classname="com.arcapi.Transittestcases.TransitSurveyAPITest"/>
  <testcase name="TransitSurveySummarizeSurveyAPI" time="2.315" classname="com.arcapi.Transittestcases.TransitSurveySummarizeSurveyAPITest"/>
  <testcase name="EnvironmentSurveyCreatePOSTAPI" time="1.75" classname="com.arcapi.Transittestcases.EnvironmentSurveyCreatePOSTAPITest"/>
  <testcase name="EnvironmentSurveyGetAPI" time="1.579" classname="com.arcapi.Transittestcases.EnvironmentSurveyGetAPITest"/>
  <testcase name="EnvironmentSurveySummarizeAPI" time="1.487" classname="com.arcapi.Transittestcases.EnvironmentSurveySummarizeAPITest"/>
  <testcase name="TransitSurveyExportAPI" time="1.949" classname="com.arcapi.Common.TransitSurveyExportAPITest"/>
  <testcase name="EnvironmentSurveyExportAPI" time="2.01" classname="com.arcapi.Common.EnvironmentSurveyExportAPITest"/>
  <testcase name="AssetDataExportAPI" time="3.057" classname="com.arcapi.Common.AssetDataExportAPITest"/>
  <testcase name="AssetPerformanceScoreListAPI" time="3.716" classname="com.arcapi.Common.AssetPerformanceScoreListAPITest"/>
  <testcase name="AnalysisDataSubmitPOSTAPI" time="0.005" classname="com.arcapi.Common.AnalysisDataSubmitPOSTAPITest"/>
  <testcase name="AnalysisDataGetAPI" time="2.107" classname="com.arcapi.Common.AnalysisDataGetAPITest"/>
  <testcase name="CO2GetTestAPI" time="1.73" classname="com.arcapi.Buildingtestcases.CO2GetTest"/>
  <testcase name="GhgGetTestAPI" time="1.916" classname="com.arcapi.Buildingtestcases.GhgGetTest"/>
  <testcase name="GhgCalcGet" time="1.956" classname="com.arcapi.Buildingtestcases.GhgCalcGetTest"/>
  <testcase name="VOCGet" time="1.831" classname="com.arcapi.Buildingtestcases.VOCGetTest"/>
  <testcase name="WaterGet" time="1.434" classname="com.arcapi.Buildingtestcases.WaterGetTest"/>
  <testcase name="AssetCertificationListAPI" time="1.43" classname="com.arcapi.Common.AssetCertificationListAPITest"/>
  <testcase name="AssetCertificationPOSTAPI" time="1.964" classname="com.arcapi.Common.AssetCertificationPOSTAPITest"/>
  <testcase name="TemperatureDataGet" time="1.761" classname="com.arcapi.Common.TemperatureDataGetTest"/>
  <testcase name="AssetRequiredFieldsAPI" time="1.688" classname="com.arcapi.Common.AssetRequiredFieldsAPITest"/>
  <testcase name="CountryStatesJSONAPI" time="2.12" classname="com.arcapi.Common.CountryStatesJSONAPITest"/>
  <testcase name="AssociatedCategoriesAPI" time="2.566" classname="com.arcapi.Common.AssociatedCategoriesAPITest"/>
  <testcase name="RatingSystemListAPI" time="1.718" classname="com.arcapi.Common.RatingSystemListAPITest"/>
  <testcase name="AppVersionDetailAPI" time="1.838" classname="com.arcapi.Common.AppVersionDetailAPITest"/>
  <testcase name="FuelCategoryAPI" time="2.034" classname="com.arcapi.Common.FuelCategoryAPITest"/>
  <testcase name="GetAllDocumentListAPI" time="3.562" classname="com.arcapi.Common.GetAllDocumentListAPITest"/>
  <testcase name="PerformanceComparablesGetAPI" time="1.906" classname="com.arcapi.Common.PerformanceComparablesGetAPITest"/>
  <testcase name="ScoreWeightsAPI" time="1.822" classname="com.arcapi.Common.ScoreWeightsAPITest"/>
  <testcase name="ThirdPartyListAppsAPI" time="1.483" classname="com.arcapi.Common.ThirdPartyListAppsAPITest"/>
  <testcase name="AvgPerformaceList" time="1.466" classname="com.arcapi.Common.AvgPerformaceListGetTest"/>
  <testcase name="AssetSnapshotKeysAPI" time="1.559" classname="com.arcapi.Common.AssetSnapshotKeysAPITest"/>
  <testcase name="AssetSnapshotDownloadAPI" time="13.784" classname="com.arcapi.Common.AssetSnapshotDownloadAPITest"/>
</testsuite> <!-- CompleteFlowTest-Transit-Above -->
