<html>
<head>
<title>TestNG:  CompleteFlowTest-Transit-Above</title>
<link href="../testng.css" rel="stylesheet" type="text/css" />
<link href="../my-testng.css" rel="stylesheet" type="text/css" />

<style type="text/css">
.log { display: none;} 
.stack-trace { display: none;} 
</style>
<script type="text/javascript">
<!--
function flip(e) {
  current = e.style.display;
  if (current == 'block') {
    e.style.display = 'none';
    return 0;
  }
  else {
    e.style.display = 'block';
    return 1;
  }
}

function toggleBox(szDivId, elem, msg1, msg2)
{
  var res = -1;  if (document.getElementById) {
    res = flip(document.getElementById(szDivId));
  }
  else if (document.all) {
    // this is the way old msie versions work
    res = flip(document.all[szDivId]);
  }
  if(elem) {
    if(res == 0) elem.innerHTML = msg1; else elem.innerHTML = msg2;
  }

}

function toggleAllBoxes() {
  if (document.getElementsByTagName) {
    d = document.getElementsByTagName('div');
    for (i = 0; i < d.length; i++) {
      if (d[i].className == 'log') {
        flip(d[i]);
      }
    }
  }
}

// -->
</script>

</head>
<body>
<h2 align='center'>CompleteFlowTest-Transit-Above</h2><table border='1' align="center">
<tr>
<td>Tests passed/Failed/Skipped:</td><td>111/8/0</td>
</tr><tr>
<td>Started on:</td><td>Fri Sep 20 16:12:28 IST 2019</td>
</tr>
<tr><td>Total time:</td><td>691 seconds (691748 ms)</td>
</tr><tr>
<td>Included groups:</td><td></td>
</tr><tr>
<td>Excluded groups:</td><td></td>
</tr>
</table><p/>
<small><i>(Hover the method name to see the test class name)</i></small><p/>
<table width='100%' border='1' class='invocation-failed'>
<tr><td colspan='4' align='center'><b>FAILED TESTS</b></td></tr>
<tr><td><b>Test method</b></td>
<td width="30%"><b>Exception</b></td>
<td width="10%"><b>Time (seconds)</b></td>
<td><b>Instance</b></td>
</tr>
<tr>
<td title='com.arcapi.Common.AssetOwnerOrgPOSTAPITest.AssetOwnerOrgPOSTAPI()'><b>AssetOwnerOrgPOSTAPI</b><br>Test class: com.arcapi.Common.AssetOwnerOrgPOSTAPITest</td>
<td><div><pre>java.lang.AssertionError: expected [201] but found [200]
	at com.Utill.Controller.Assertion.verifyStatusCode(Assertion.java:20)
	at com.arcapi.Common.AssetOwnerOrgPOSTAPITest.AssetOwnerOrgPOSTAPI(AssetOwnerOrgPOSTAPITest.java:22)
... Removed 31 stack frames</pre></div><a href='#' onClick='toggleBox("stack-trace58153163", this, "Click to show all stack frames", "Click to hide stack frames")'>Click to show all stack frames</a>
<div class='stack-trace' id='stack-trace58153163'><pre>java.lang.AssertionError: expected [201] but found [200]
	at org.testng.Assert.fail(Assert.java:94)
	at org.testng.Assert.failNotEquals(Assert.java:513)
	at org.testng.Assert.assertEqualsImpl(Assert.java:135)
	at org.testng.Assert.assertEquals(Assert.java:116)
	at org.testng.Assert.assertEquals(Assert.java:389)
	at org.testng.Assert.assertEquals(Assert.java:399)
	at com.Utill.Controller.Assertion.verifyStatusCode(Assertion.java:20)
	at com.arcapi.Common.AssetOwnerOrgPOSTAPITest.AssetOwnerOrgPOSTAPI(AssetOwnerOrgPOSTAPITest.java:22)
	at sun.reflect.NativeMethodAccessorImpl.invoke0(Native Method)
	at sun.reflect.NativeMethodAccessorImpl.invoke(NativeMethodAccessorImpl.java:62)
	at sun.reflect.DelegatingMethodAccessorImpl.invoke(DelegatingMethodAccessorImpl.java:43)
	at java.lang.reflect.Method.invoke(Method.java:498)
	at org.testng.internal.MethodInvocationHelper.invokeMethod(MethodInvocationHelper.java:86)
	at org.testng.internal.Invoker.invokeMethod(Invoker.java:643)
	at org.testng.internal.Invoker.invokeTestMethod(Invoker.java:820)
	at org.testng.internal.Invoker.invokeTestMethods(Invoker.java:1128)
	at org.testng.internal.TestMethodWorker.invokeTestMethods(TestMethodWorker.java:129)
	at org.testng.internal.TestMethodWorker.run(TestMethodWorker.java:112)
	at org.testng.TestRunner.privateRun(TestRunner.java:782)
	at org.testng.TestRunner.run(TestRunner.java:632)
	at org.testng.SuiteRunner.runTest(SuiteRunner.java:366)
	at org.testng.SuiteRunner.runSequentially(SuiteRunner.java:361)
	at org.testng.SuiteRunner.privateRun(SuiteRunner.java:319)
	at org.testng.SuiteRunner.run(SuiteRunner.java:268)
	at org.testng.SuiteRunnerWorker.runSuite(SuiteRunnerWorker.java:52)
	at org.testng.SuiteRunnerWorker.run(SuiteRunnerWorker.java:86)
	at org.testng.TestNG.runSuitesSequentially(TestNG.java:1244)
	at org.testng.TestNG.runSuitesSequentially(TestNG.java:1240)
	at org.testng.TestNG.runSuitesLocally(TestNG.java:1169)
	at org.testng.TestNG.run(TestNG.java:1064)
	at org.testng.remote.RemoteTestNG.run(RemoteTestNG.java:113)
	at org.testng.remote.RemoteTestNG.initAndRun(RemoteTestNG.java:206)
	at org.testng.remote.RemoteTestNG.main(RemoteTestNG.java:177)
</pre></div></td>
<td>3</td>
<td>com.arcapi.Common.AssetOwnerOrgPOSTAPITest@55040f2f</td></tr>
<tr>
<td title='com.arcapi.Common.AssetTeamPermissionPutAPITest.AssetTeamPermissionPutAPI()'><b>AssetTeamPermissionPutAPI</b><br>Test class: com.arcapi.Common.AssetTeamPermissionPutAPITest<br>Parameters: STG, ProjectIDTransitAbove, 2</td>
<td><div><pre>java.lang.AssertionError: expected [200] but found [400]
	at com.Utill.Controller.Assertion.verifyStatusCode(Assertion.java:20)
	at com.arcapi.Common.AssetTeamPermissionPutAPITest.AssetTeamPermissionPutAPI(AssetTeamPermissionPutAPITest.java:22)
... Removed 31 stack frames</pre></div><a href='#' onClick='toggleBox("stack-trace1787364823", this, "Click to show all stack frames", "Click to hide stack frames")'>Click to show all stack frames</a>
<div class='stack-trace' id='stack-trace1787364823'><pre>java.lang.AssertionError: expected [200] but found [400]
	at org.testng.Assert.fail(Assert.java:94)
	at org.testng.Assert.failNotEquals(Assert.java:513)
	at org.testng.Assert.assertEqualsImpl(Assert.java:135)
	at org.testng.Assert.assertEquals(Assert.java:116)
	at org.testng.Assert.assertEquals(Assert.java:389)
	at org.testng.Assert.assertEquals(Assert.java:399)
	at com.Utill.Controller.Assertion.verifyStatusCode(Assertion.java:20)
	at com.arcapi.Common.AssetTeamPermissionPutAPITest.AssetTeamPermissionPutAPI(AssetTeamPermissionPutAPITest.java:22)
	at sun.reflect.NativeMethodAccessorImpl.invoke0(Native Method)
	at sun.reflect.NativeMethodAccessorImpl.invoke(NativeMethodAccessorImpl.java:62)
	at sun.reflect.DelegatingMethodAccessorImpl.invoke(DelegatingMethodAccessorImpl.java:43)
	at java.lang.reflect.Method.invoke(Method.java:498)
	at org.testng.internal.MethodInvocationHelper.invokeMethod(MethodInvocationHelper.java:86)
	at org.testng.internal.Invoker.invokeMethod(Invoker.java:643)
	at org.testng.internal.Invoker.invokeTestMethod(Invoker.java:820)
	at org.testng.internal.Invoker.invokeTestMethods(Invoker.java:1128)
	at org.testng.internal.TestMethodWorker.invokeTestMethods(TestMethodWorker.java:129)
	at org.testng.internal.TestMethodWorker.run(TestMethodWorker.java:112)
	at org.testng.TestRunner.privateRun(TestRunner.java:782)
	at org.testng.TestRunner.run(TestRunner.java:632)
	at org.testng.SuiteRunner.runTest(SuiteRunner.java:366)
	at org.testng.SuiteRunner.runSequentially(SuiteRunner.java:361)
	at org.testng.SuiteRunner.privateRun(SuiteRunner.java:319)
	at org.testng.SuiteRunner.run(SuiteRunner.java:268)
	at org.testng.SuiteRunnerWorker.runSuite(SuiteRunnerWorker.java:52)
	at org.testng.SuiteRunnerWorker.run(SuiteRunnerWorker.java:86)
	at org.testng.TestNG.runSuitesSequentially(TestNG.java:1244)
	at org.testng.TestNG.runSuitesSequentially(TestNG.java:1240)
	at org.testng.TestNG.runSuitesLocally(TestNG.java:1169)
	at org.testng.TestNG.run(TestNG.java:1064)
	at org.testng.remote.RemoteTestNG.run(RemoteTestNG.java:113)
	at org.testng.remote.RemoteTestNG.initAndRun(RemoteTestNG.java:206)
	at org.testng.remote.RemoteTestNG.main(RemoteTestNG.java:177)
</pre></div></td>
<td>2</td>
<td>com.arcapi.Common.AssetTeamPermissionPutAPITest@589b3632</td></tr>
<tr>
<td title='com.arcapi.Common.VerifyAdminRemoveAPITest.VerifyAdminRemoveAPI()'><b>VerifyAdminRemoveAPI</b><br>Test class: com.arcapi.Common.VerifyAdminRemoveAPITest<br>Parameters: STG, ProjectIDTransitAbove, 2</td>
<td><div><pre>java.lang.AssertionError: expected [403] but found [200]
	at com.Utill.Controller.Assertion.verifyStatusCode(Assertion.java:20)
	at com.arcapi.Common.VerifyAdminRemoveAPITest.VerifyAdminRemoveAPI(VerifyAdminRemoveAPITest.java:21)
... Removed 31 stack frames</pre></div><a href='#' onClick='toggleBox("stack-trace847053380", this, "Click to show all stack frames", "Click to hide stack frames")'>Click to show all stack frames</a>
<div class='stack-trace' id='stack-trace847053380'><pre>java.lang.AssertionError: expected [403] but found [200]
	at org.testng.Assert.fail(Assert.java:94)
	at org.testng.Assert.failNotEquals(Assert.java:513)
	at org.testng.Assert.assertEqualsImpl(Assert.java:135)
	at org.testng.Assert.assertEquals(Assert.java:116)
	at org.testng.Assert.assertEquals(Assert.java:389)
	at org.testng.Assert.assertEquals(Assert.java:399)
	at com.Utill.Controller.Assertion.verifyStatusCode(Assertion.java:20)
	at com.arcapi.Common.VerifyAdminRemoveAPITest.VerifyAdminRemoveAPI(VerifyAdminRemoveAPITest.java:21)
	at sun.reflect.NativeMethodAccessorImpl.invoke0(Native Method)
	at sun.reflect.NativeMethodAccessorImpl.invoke(NativeMethodAccessorImpl.java:62)
	at sun.reflect.DelegatingMethodAccessorImpl.invoke(DelegatingMethodAccessorImpl.java:43)
	at java.lang.reflect.Method.invoke(Method.java:498)
	at org.testng.internal.MethodInvocationHelper.invokeMethod(MethodInvocationHelper.java:86)
	at org.testng.internal.Invoker.invokeMethod(Invoker.java:643)
	at org.testng.internal.Invoker.invokeTestMethod(Invoker.java:820)
	at org.testng.internal.Invoker.invokeTestMethods(Invoker.java:1128)
	at org.testng.internal.TestMethodWorker.invokeTestMethods(TestMethodWorker.java:129)
	at org.testng.internal.TestMethodWorker.run(TestMethodWorker.java:112)
	at org.testng.TestRunner.privateRun(TestRunner.java:782)
	at org.testng.TestRunner.run(TestRunner.java:632)
	at org.testng.SuiteRunner.runTest(SuiteRunner.java:366)
	at org.testng.SuiteRunner.runSequentially(SuiteRunner.java:361)
	at org.testng.SuiteRunner.privateRun(SuiteRunner.java:319)
	at org.testng.SuiteRunner.run(SuiteRunner.java:268)
	at org.testng.SuiteRunnerWorker.runSuite(SuiteRunnerWorker.java:52)
	at org.testng.SuiteRunnerWorker.run(SuiteRunnerWorker.java:86)
	at org.testng.TestNG.runSuitesSequentially(TestNG.java:1244)
	at org.testng.TestNG.runSuitesSequentially(TestNG.java:1240)
	at org.testng.TestNG.runSuitesLocally(TestNG.java:1169)
	at org.testng.TestNG.run(TestNG.java:1064)
	at org.testng.remote.RemoteTestNG.run(RemoteTestNG.java:113)
	at org.testng.remote.RemoteTestNG.initAndRun(RemoteTestNG.java:206)
	at org.testng.remote.RemoteTestNG.main(RemoteTestNG.java:177)
</pre></div></td>
<td>6</td>
<td>com.arcapi.Common.VerifyAdminRemoveAPITest@45f45fa1</td></tr>
<tr>
<td title='com.arcapi.Transittestcases.VerifyCarbonMonoxideGraphValuesAPITest.VerifyCarbonMonoxideGraphValuesAPI()'><b>VerifyCarbonMonoxideGraphValuesAPI</b><br>Test class: com.arcapi.Transittestcases.VerifyCarbonMonoxideGraphValuesAPITest<br>Parameters: STG, ProjectIDTransitAbove, 2</td>
<td><div><pre>java.lang.AssertionError: expected [322] but found [0.29]
	at com.Utill.Controller.Assertion.verifyData(Assertion.java:27)
	at com.arcapi.Transittestcases.VerifyCarbonMonoxideGraphValuesAPITest.VerifyCarbonMonoxideGraphValuesAPI(VerifyCarbonMonoxideGraphValuesAPITest.java:29)
... Removed 31 stack frames</pre></div><a href='#' onClick='toggleBox("stack-trace230294640", this, "Click to show all stack frames", "Click to hide stack frames")'>Click to show all stack frames</a>
<div class='stack-trace' id='stack-trace230294640'><pre>java.lang.AssertionError: expected [322] but found [0.29]
	at org.testng.Assert.fail(Assert.java:94)
	at org.testng.Assert.failNotEquals(Assert.java:513)
	at org.testng.Assert.assertEqualsImpl(Assert.java:135)
	at org.testng.Assert.assertEquals(Assert.java:116)
	at org.testng.Assert.assertEquals(Assert.java:190)
	at org.testng.Assert.assertEquals(Assert.java:200)
	at com.Utill.Controller.Assertion.verifyData(Assertion.java:27)
	at com.arcapi.Transittestcases.VerifyCarbonMonoxideGraphValuesAPITest.VerifyCarbonMonoxideGraphValuesAPI(VerifyCarbonMonoxideGraphValuesAPITest.java:29)
	at sun.reflect.NativeMethodAccessorImpl.invoke0(Native Method)
	at sun.reflect.NativeMethodAccessorImpl.invoke(NativeMethodAccessorImpl.java:62)
	at sun.reflect.DelegatingMethodAccessorImpl.invoke(DelegatingMethodAccessorImpl.java:43)
	at java.lang.reflect.Method.invoke(Method.java:498)
	at org.testng.internal.MethodInvocationHelper.invokeMethod(MethodInvocationHelper.java:86)
	at org.testng.internal.Invoker.invokeMethod(Invoker.java:643)
	at org.testng.internal.Invoker.invokeTestMethod(Invoker.java:820)
	at org.testng.internal.Invoker.invokeTestMethods(Invoker.java:1128)
	at org.testng.internal.TestMethodWorker.invokeTestMethods(TestMethodWorker.java:129)
	at org.testng.internal.TestMethodWorker.run(TestMethodWorker.java:112)
	at org.testng.TestRunner.privateRun(TestRunner.java:782)
	at org.testng.TestRunner.run(TestRunner.java:632)
	at org.testng.SuiteRunner.runTest(SuiteRunner.java:366)
	at org.testng.SuiteRunner.runSequentially(SuiteRunner.java:361)
	at org.testng.SuiteRunner.privateRun(SuiteRunner.java:319)
	at org.testng.SuiteRunner.run(SuiteRunner.java:268)
	at org.testng.SuiteRunnerWorker.runSuite(SuiteRunnerWorker.java:52)
	at org.testng.SuiteRunnerWorker.run(SuiteRunnerWorker.java:86)
	at org.testng.TestNG.runSuitesSequentially(TestNG.java:1244)
	at org.testng.TestNG.runSuitesSequentially(TestNG.java:1240)
	at org.testng.TestNG.runSuitesLocally(TestNG.java:1169)
	at org.testng.TestNG.run(TestNG.java:1064)
	at org.testng.remote.RemoteTestNG.run(RemoteTestNG.java:113)
	at org.testng.remote.RemoteTestNG.initAndRun(RemoteTestNG.java:206)
	at org.testng.remote.RemoteTestNG.main(RemoteTestNG.java:177)
</pre></div></td>
<td>1</td>
<td>com.arcapi.Transittestcases.VerifyCarbonMonoxideGraphValuesAPITest@3c87521</td></tr>
<tr>
<td title='com.arcapi.Transittestcases.VerifyExcelTemplateConsumptionEnergyWaterAPITest.VerifyExcelTemplateConsumptionEnergyWaterAPI()'><b>VerifyExcelTemplateConsumptionEnergyWaterAPI</b><br>Test class: com.arcapi.Transittestcases.VerifyExcelTemplateConsumptionEnergyWaterAPITest<br>Parameters: STG, ProjectIDTransitAbove, 2</td>
<td><div><pre>java.lang.NullPointerException
	at com.arcapi.Transittestcases.VerifyExcelTemplateConsumptionEnergyWaterAPITest.VerifyExcelTemplateConsumptionEnergyWaterAPI(VerifyExcelTemplateConsumptionEnergyWaterAPITest.java:40)
... Removed 25 stack frames</pre></div><a href='#' onClick='toggleBox("stack-trace1558470074", this, "Click to show all stack frames", "Click to hide stack frames")'>Click to show all stack frames</a>
<div class='stack-trace' id='stack-trace1558470074'><pre>java.lang.NullPointerException
	at com.arcapi.Transittestcases.VerifyExcelTemplateConsumptionEnergyWaterAPITest.VerifyExcelTemplateConsumptionEnergyWaterAPI(VerifyExcelTemplateConsumptionEnergyWaterAPITest.java:40)
	at sun.reflect.NativeMethodAccessorImpl.invoke0(Native Method)
	at sun.reflect.NativeMethodAccessorImpl.invoke(NativeMethodAccessorImpl.java:62)
	at sun.reflect.DelegatingMethodAccessorImpl.invoke(DelegatingMethodAccessorImpl.java:43)
	at java.lang.reflect.Method.invoke(Method.java:498)
	at org.testng.internal.MethodInvocationHelper.invokeMethod(MethodInvocationHelper.java:86)
	at org.testng.internal.Invoker.invokeMethod(Invoker.java:643)
	at org.testng.internal.Invoker.invokeTestMethod(Invoker.java:820)
	at org.testng.internal.Invoker.invokeTestMethods(Invoker.java:1128)
	at org.testng.internal.TestMethodWorker.invokeTestMethods(TestMethodWorker.java:129)
	at org.testng.internal.TestMethodWorker.run(TestMethodWorker.java:112)
	at org.testng.TestRunner.privateRun(TestRunner.java:782)
	at org.testng.TestRunner.run(TestRunner.java:632)
	at org.testng.SuiteRunner.runTest(SuiteRunner.java:366)
	at org.testng.SuiteRunner.runSequentially(SuiteRunner.java:361)
	at org.testng.SuiteRunner.privateRun(SuiteRunner.java:319)
	at org.testng.SuiteRunner.run(SuiteRunner.java:268)
	at org.testng.SuiteRunnerWorker.runSuite(SuiteRunnerWorker.java:52)
	at org.testng.SuiteRunnerWorker.run(SuiteRunnerWorker.java:86)
	at org.testng.TestNG.runSuitesSequentially(TestNG.java:1244)
	at org.testng.TestNG.runSuitesSequentially(TestNG.java:1240)
	at org.testng.TestNG.runSuitesLocally(TestNG.java:1169)
	at org.testng.TestNG.run(TestNG.java:1064)
	at org.testng.remote.RemoteTestNG.run(RemoteTestNG.java:113)
	at org.testng.remote.RemoteTestNG.initAndRun(RemoteTestNG.java:206)
	at org.testng.remote.RemoteTestNG.main(RemoteTestNG.java:177)
</pre></div></td>
<td>1</td>
<td>com.arcapi.Transittestcases.VerifyExcelTemplateConsumptionEnergyWaterAPITest@5762806e</td></tr>
<tr>
<td title='com.arcapi.Transittestcases.VerifyNitrogenDioxideGraphValuesAPITest.VerifyNitrogenDioxideGraphValuesAPI()'><b>VerifyNitrogenDioxideGraphValuesAPI</b><br>Test class: com.arcapi.Transittestcases.VerifyNitrogenDioxideGraphValuesAPITest<br>Parameters: STG, ProjectIDTransitAbove, 2</td>
<td><div><pre>java.lang.AssertionError: expected [322] but found [0.06]
	at com.Utill.Controller.Assertion.verifyData(Assertion.java:27)
	at com.arcapi.Transittestcases.VerifyNitrogenDioxideGraphValuesAPITest.VerifyNitrogenDioxideGraphValuesAPI(VerifyNitrogenDioxideGraphValuesAPITest.java:32)
... Removed 31 stack frames</pre></div><a href='#' onClick='toggleBox("stack-trace1571702523", this, "Click to show all stack frames", "Click to hide stack frames")'>Click to show all stack frames</a>
<div class='stack-trace' id='stack-trace1571702523'><pre>java.lang.AssertionError: expected [322] but found [0.06]
	at org.testng.Assert.fail(Assert.java:94)
	at org.testng.Assert.failNotEquals(Assert.java:513)
	at org.testng.Assert.assertEqualsImpl(Assert.java:135)
	at org.testng.Assert.assertEquals(Assert.java:116)
	at org.testng.Assert.assertEquals(Assert.java:190)
	at org.testng.Assert.assertEquals(Assert.java:200)
	at com.Utill.Controller.Assertion.verifyData(Assertion.java:27)
	at com.arcapi.Transittestcases.VerifyNitrogenDioxideGraphValuesAPITest.VerifyNitrogenDioxideGraphValuesAPI(VerifyNitrogenDioxideGraphValuesAPITest.java:32)
	at sun.reflect.NativeMethodAccessorImpl.invoke0(Native Method)
	at sun.reflect.NativeMethodAccessorImpl.invoke(NativeMethodAccessorImpl.java:62)
	at sun.reflect.DelegatingMethodAccessorImpl.invoke(DelegatingMethodAccessorImpl.java:43)
	at java.lang.reflect.Method.invoke(Method.java:498)
	at org.testng.internal.MethodInvocationHelper.invokeMethod(MethodInvocationHelper.java:86)
	at org.testng.internal.Invoker.invokeMethod(Invoker.java:643)
	at org.testng.internal.Invoker.invokeTestMethod(Invoker.java:820)
	at org.testng.internal.Invoker.invokeTestMethods(Invoker.java:1128)
	at org.testng.internal.TestMethodWorker.invokeTestMethods(TestMethodWorker.java:129)
	at org.testng.internal.TestMethodWorker.run(TestMethodWorker.java:112)
	at org.testng.TestRunner.privateRun(TestRunner.java:782)
	at org.testng.TestRunner.run(TestRunner.java:632)
	at org.testng.SuiteRunner.runTest(SuiteRunner.java:366)
	at org.testng.SuiteRunner.runSequentially(SuiteRunner.java:361)
	at org.testng.SuiteRunner.privateRun(SuiteRunner.java:319)
	at org.testng.SuiteRunner.run(SuiteRunner.java:268)
	at org.testng.SuiteRunnerWorker.runSuite(SuiteRunnerWorker.java:52)
	at org.testng.SuiteRunnerWorker.run(SuiteRunnerWorker.java:86)
	at org.testng.TestNG.runSuitesSequentially(TestNG.java:1244)
	at org.testng.TestNG.runSuitesSequentially(TestNG.java:1240)
	at org.testng.TestNG.runSuitesLocally(TestNG.java:1169)
	at org.testng.TestNG.run(TestNG.java:1064)
	at org.testng.remote.RemoteTestNG.run(RemoteTestNG.java:113)
	at org.testng.remote.RemoteTestNG.initAndRun(RemoteTestNG.java:206)
	at org.testng.remote.RemoteTestNG.main(RemoteTestNG.java:177)
</pre></div></td>
<td>1</td>
<td>com.arcapi.Transittestcases.VerifyNitrogenDioxideGraphValuesAPITest@212bf671</td></tr>
<tr>
<td title='com.arcapi.Transittestcases.VerifyOzoneGraphValuesAPITest.VerifyOzoneGraphValuesAPI()'><b>VerifyOzoneGraphValuesAPI</b><br>Test class: com.arcapi.Transittestcases.VerifyOzoneGraphValuesAPITest<br>Parameters: STG, ProjectIDTransitAbove, 2</td>
<td><div><pre>java.lang.AssertionError: expected [222] but found [8.73]
	at com.Utill.Controller.Assertion.verifyData(Assertion.java:27)
	at com.arcapi.Transittestcases.VerifyOzoneGraphValuesAPITest.VerifyOzoneGraphValuesAPI(VerifyOzoneGraphValuesAPITest.java:27)
... Removed 31 stack frames</pre></div><a href='#' onClick='toggleBox("stack-trace1373181079", this, "Click to show all stack frames", "Click to hide stack frames")'>Click to show all stack frames</a>
<div class='stack-trace' id='stack-trace1373181079'><pre>java.lang.AssertionError: expected [222] but found [8.73]
	at org.testng.Assert.fail(Assert.java:94)
	at org.testng.Assert.failNotEquals(Assert.java:513)
	at org.testng.Assert.assertEqualsImpl(Assert.java:135)
	at org.testng.Assert.assertEquals(Assert.java:116)
	at org.testng.Assert.assertEquals(Assert.java:190)
	at org.testng.Assert.assertEquals(Assert.java:200)
	at com.Utill.Controller.Assertion.verifyData(Assertion.java:27)
	at com.arcapi.Transittestcases.VerifyOzoneGraphValuesAPITest.VerifyOzoneGraphValuesAPI(VerifyOzoneGraphValuesAPITest.java:27)
	at sun.reflect.NativeMethodAccessorImpl.invoke0(Native Method)
	at sun.reflect.NativeMethodAccessorImpl.invoke(NativeMethodAccessorImpl.java:62)
	at sun.reflect.DelegatingMethodAccessorImpl.invoke(DelegatingMethodAccessorImpl.java:43)
	at java.lang.reflect.Method.invoke(Method.java:498)
	at org.testng.internal.MethodInvocationHelper.invokeMethod(MethodInvocationHelper.java:86)
	at org.testng.internal.Invoker.invokeMethod(Invoker.java:643)
	at org.testng.internal.Invoker.invokeTestMethod(Invoker.java:820)
	at org.testng.internal.Invoker.invokeTestMethods(Invoker.java:1128)
	at org.testng.internal.TestMethodWorker.invokeTestMethods(TestMethodWorker.java:129)
	at org.testng.internal.TestMethodWorker.run(TestMethodWorker.java:112)
	at org.testng.TestRunner.privateRun(TestRunner.java:782)
	at org.testng.TestRunner.run(TestRunner.java:632)
	at org.testng.SuiteRunner.runTest(SuiteRunner.java:366)
	at org.testng.SuiteRunner.runSequentially(SuiteRunner.java:361)
	at org.testng.SuiteRunner.privateRun(SuiteRunner.java:319)
	at org.testng.SuiteRunner.run(SuiteRunner.java:268)
	at org.testng.SuiteRunnerWorker.runSuite(SuiteRunnerWorker.java:52)
	at org.testng.SuiteRunnerWorker.run(SuiteRunnerWorker.java:86)
	at org.testng.TestNG.runSuitesSequentially(TestNG.java:1244)
	at org.testng.TestNG.runSuitesSequentially(TestNG.java:1240)
	at org.testng.TestNG.runSuitesLocally(TestNG.java:1169)
	at org.testng.TestNG.run(TestNG.java:1064)
	at org.testng.remote.RemoteTestNG.run(RemoteTestNG.java:113)
	at org.testng.remote.RemoteTestNG.initAndRun(RemoteTestNG.java:206)
	at org.testng.remote.RemoteTestNG.main(RemoteTestNG.java:177)
</pre></div></td>
<td>2</td>
<td>com.arcapi.Transittestcases.VerifyOzoneGraphValuesAPITest@2ed0fbae</td></tr>
<tr>
<td title='com.arcapi.Transittestcases.VerifyRidershipGraphValuesAPITest.VerifyRidershipGraphValuesAPI()'><b>VerifyRidershipGraphValuesAPI</b><br>Test class: com.arcapi.Transittestcases.VerifyRidershipGraphValuesAPITest<br>Parameters: STG, ProjectIDTransitAbove, 2</td>
<td><div><pre>java.lang.AssertionError: expected [200] but found [404]
	at com.Utill.Controller.Assertion.verifyStatusCode(Assertion.java:20)
	at com.arcapi.Transittestcases.VerifyRidershipGraphValuesAPITest.VerifyRidershipGraphValuesAPI(VerifyRidershipGraphValuesAPITest.java:27)
... Removed 31 stack frames</pre></div><a href='#' onClick='toggleBox("stack-trace429453437", this, "Click to show all stack frames", "Click to hide stack frames")'>Click to show all stack frames</a>
<div class='stack-trace' id='stack-trace429453437'><pre>java.lang.AssertionError: expected [200] but found [404]
	at org.testng.Assert.fail(Assert.java:94)
	at org.testng.Assert.failNotEquals(Assert.java:513)
	at org.testng.Assert.assertEqualsImpl(Assert.java:135)
	at org.testng.Assert.assertEquals(Assert.java:116)
	at org.testng.Assert.assertEquals(Assert.java:389)
	at org.testng.Assert.assertEquals(Assert.java:399)
	at com.Utill.Controller.Assertion.verifyStatusCode(Assertion.java:20)
	at com.arcapi.Transittestcases.VerifyRidershipGraphValuesAPITest.VerifyRidershipGraphValuesAPI(VerifyRidershipGraphValuesAPITest.java:27)
	at sun.reflect.NativeMethodAccessorImpl.invoke0(Native Method)
	at sun.reflect.NativeMethodAccessorImpl.invoke(NativeMethodAccessorImpl.java:62)
	at sun.reflect.DelegatingMethodAccessorImpl.invoke(DelegatingMethodAccessorImpl.java:43)
	at java.lang.reflect.Method.invoke(Method.java:498)
	at org.testng.internal.MethodInvocationHelper.invokeMethod(MethodInvocationHelper.java:86)
	at org.testng.internal.Invoker.invokeMethod(Invoker.java:643)
	at org.testng.internal.Invoker.invokeTestMethod(Invoker.java:820)
	at org.testng.internal.Invoker.invokeTestMethods(Invoker.java:1128)
	at org.testng.internal.TestMethodWorker.invokeTestMethods(TestMethodWorker.java:129)
	at org.testng.internal.TestMethodWorker.run(TestMethodWorker.java:112)
	at org.testng.TestRunner.privateRun(TestRunner.java:782)
	at org.testng.TestRunner.run(TestRunner.java:632)
	at org.testng.SuiteRunner.runTest(SuiteRunner.java:366)
	at org.testng.SuiteRunner.runSequentially(SuiteRunner.java:361)
	at org.testng.SuiteRunner.privateRun(SuiteRunner.java:319)
	at org.testng.SuiteRunner.run(SuiteRunner.java:268)
	at org.testng.SuiteRunnerWorker.runSuite(SuiteRunnerWorker.java:52)
	at org.testng.SuiteRunnerWorker.run(SuiteRunnerWorker.java:86)
	at org.testng.TestNG.runSuitesSequentially(TestNG.java:1244)
	at org.testng.TestNG.runSuitesSequentially(TestNG.java:1240)
	at org.testng.TestNG.runSuitesLocally(TestNG.java:1169)
	at org.testng.TestNG.run(TestNG.java:1064)
	at org.testng.remote.RemoteTestNG.run(RemoteTestNG.java:113)
	at org.testng.remote.RemoteTestNG.initAndRun(RemoteTestNG.java:206)
	at org.testng.remote.RemoteTestNG.main(RemoteTestNG.java:177)
</pre></div></td>
<td>1</td>
<td>com.arcapi.Transittestcases.VerifyRidershipGraphValuesAPITest@2aece37d</td></tr>
</table><p>
<table width='100%' border='1' class='invocation-passed'>
<tr><td colspan='4' align='center'><b>PASSED TESTS</b></td></tr>
<tr><td><b>Test method</b></td>
<td width="30%"><b>Exception</b></td>
<td width="10%"><b>Time (seconds)</b></td>
<td><b>Instance</b></td>
</tr>
<tr>
<td title='com.arcapi.Transittestcases.AQIDataGetAPITest.AQIDataGetAPI()'><b>AQIDataGetAPI</b><br>Test class: com.arcapi.Transittestcases.AQIDataGetAPITest<br>Parameters: STG, ProjectIDTransitAbove, 2</td>
<td></td>
<td>1</td>
<td>com.arcapi.Transittestcases.AQIDataGetAPITest@20d3d15a</td></tr>
<tr>
<td title='com.arcapi.Common.AddAssestTimelinePOSTAPITest.AddAssestTimeline()'><b>AddAssestTimeline</b><br>Test class: com.arcapi.Common.AddAssestTimelinePOSTAPITest<br>Parameters: STG, ProjectIDTransitAbove, 2</td>
<td></td>
<td>80</td>
<td>com.arcapi.Common.AddAssestTimelinePOSTAPITest@2ea6137</td></tr>
<tr>
<td title='com.arcapi.Common.AnalysisDataGetAPITest.AnalysisDataGetAPI()'><b>AnalysisDataGetAPI</b><br>Test class: com.arcapi.Common.AnalysisDataGetAPITest<br>Parameters: STG, ProjectIDTransitAbove, 2</td>
<td></td>
<td>2</td>
<td>com.arcapi.Common.AnalysisDataGetAPITest@55a561cf</td></tr>
<tr>
<td title='com.arcapi.Common.AnalysisDataSubmitPOSTAPITest.AnalysisDataSubmitPOSTAPI()'><b>AnalysisDataSubmitPOSTAPI</b><br>Test class: com.arcapi.Common.AnalysisDataSubmitPOSTAPITest<br>Parameters: STG, ProjectIDTransitAbove, 2</td>
<td></td>
<td>0</td>
<td>com.arcapi.Common.AnalysisDataSubmitPOSTAPITest@3d299e3</td></tr>
<tr>
<td title='com.arcapi.Common.AppVersionDetailAPITest.AppVersionDetailAPI()'><b>AppVersionDetailAPI</b><br>Test class: com.arcapi.Common.AppVersionDetailAPITest</td>
<td></td>
<td>1</td>
<td>com.arcapi.Common.AppVersionDetailAPITest@3b2cf7ab</td></tr>
<tr>
<td title='com.arcapi.Common.AssetCertificationListAPITest.AssetCertificationListAPI()'><b>AssetCertificationListAPI</b><br>Test class: com.arcapi.Common.AssetCertificationListAPITest<br>Parameters: STG, ProjectIDTransitAbove, 2</td>
<td></td>
<td>1</td>
<td>com.arcapi.Common.AssetCertificationListAPITest@143640d5</td></tr>
<tr>
<td title='com.arcapi.Common.AssetCertificationPOSTAPITest.AssetCertificationPOSTAPI()'><b>AssetCertificationPOSTAPI</b><br>Test class: com.arcapi.Common.AssetCertificationPOSTAPITest<br>Parameters: STG, ProjectIDTransitAbove, 2</td>
<td></td>
<td>1</td>
<td>com.arcapi.Common.AssetCertificationPOSTAPITest@6295d394</td></tr>
<tr>
<td title='com.arcapi.Common.AssetDataExportAPITest.AssetDataExportAPI()'><b>AssetDataExportAPI</b><br>Test class: com.arcapi.Common.AssetDataExportAPITest<br>Parameters: STG, ProjectIDTransitAbove, 2</td>
<td></td>
<td>3</td>
<td>com.arcapi.Common.AssetDataExportAPITest@5906ebcb</td></tr>
<tr>
<td title='com.arcapi.Common.AssetDetailAPITest.AssetDetailAPI()'><b>AssetDetailAPI</b><br>Test class: com.arcapi.Common.AssetDetailAPITest<br>Parameters: STG, ProjectIDTransitAbove, 2</td>
<td></td>
<td>2</td>
<td>com.arcapi.Common.AssetDetailAPITest@36f0f1be</td></tr>
<tr>
<td title='com.arcapi.Common.AssetDocumentAPITest.AssetDocumentAPI()'><b>AssetDocumentAPI</b><br>Test class: com.arcapi.Common.AssetDocumentAPITest<br>Parameters: STG, ProjectIDTransitAbove, 2</td>
<td></td>
<td>5</td>
<td>com.arcapi.Common.AssetDocumentAPITest@7d68ef40</td></tr>
<tr>
<td title='com.arcapi.Common.AssetListAPITest.AssetListAPI()'><b>AssetListAPI</b><br>Test class: com.arcapi.Common.AssetListAPITest</td>
<td></td>
<td>2</td>
<td>com.arcapi.Common.AssetListAPITest@64c87930</td></tr>
<tr>
<td title='com.arcapi.Buildingtestcases.AssetMeterDetailAPITest.AssetMeterDetailAPI()'><b>AssetMeterDetailAPI</b><br>Test class: com.arcapi.Buildingtestcases.AssetMeterDetailAPITest<br>Parameters: STG, ProjectIDTransitAbove, 2</td>
<td></td>
<td>2</td>
<td>com.arcapi.Buildingtestcases.AssetMeterDetailAPITest@5af97850</td></tr>
<tr>
<td title='com.arcapi.Common.AssetNotificationSubscriptionListTest.AssetNotificationSubscriptionList()'><b>AssetNotificationSubscriptionList</b><br>Test class: com.arcapi.Common.AssetNotificationSubscriptionListTest<br>Parameters: STG, ProjectIDTransitAbove, 2</td>
<td></td>
<td>1</td>
<td>com.arcapi.Common.AssetNotificationSubscriptionListTest@534df152</td></tr>
<tr>
<td title='com.arcapi.Common.AssetNotificationSubscriptionPostTest.AssetNotificationSubscriptionPost()'><b>AssetNotificationSubscriptionPost</b><br>Test class: com.arcapi.Common.AssetNotificationSubscriptionPostTest<br>Parameters: STG, ProjectIDTransitAbove, 2</td>
<td></td>
<td>2</td>
<td>com.arcapi.Common.AssetNotificationSubscriptionPostTest@52e677af</td></tr>
<tr>
<td title='com.arcapi.Common.AssetPerformanceScoreListAPITest.AssetPerformanceScoreListAPI()'><b>AssetPerformanceScoreListAPI</b><br>Test class: com.arcapi.Common.AssetPerformanceScoreListAPITest<br>Parameters: STG, ProjectIDTransitAbove, 2</td>
<td></td>
<td>3</td>
<td>com.arcapi.Common.AssetPerformanceScoreListAPITest@258e2e41</td></tr>
<tr>
<td title='com.arcapi.Common.AssetRequiredFieldsAPITest.AssetRequiredFieldsAPI()'><b>AssetRequiredFieldsAPI</b><br>Test class: com.arcapi.Common.AssetRequiredFieldsAPITest<br>Parameters: STG, ProjectIDTransitAbove, 2</td>
<td></td>
<td>1</td>
<td>com.arcapi.Common.AssetRequiredFieldsAPITest@657c8ad9</td></tr>
<tr>
<td title='com.arcapi.Common.AssetSearchAPITest.AssetSearchAPI()'><b>AssetSearchAPI</b><br>Test class: com.arcapi.Common.AssetSearchAPITest<br>Parameters: STG, ProjectIDTransitAbove, 2</td>
<td></td>
<td>2</td>
<td>com.arcapi.Common.AssetSearchAPITest@667a738</td></tr>
<tr>
<td title='com.arcapi.Common.AssetSearchOwnerAPITest.AssetSearchOwnerAPI()'><b>AssetSearchOwnerAPI</b><br>Test class: com.arcapi.Common.AssetSearchOwnerAPITest<br>Parameters: STG, ProjectIDTransitAbove, 2</td>
<td></td>
<td>1</td>
<td>com.arcapi.Common.AssetSearchOwnerAPITest@6ee12bac</td></tr>
<tr>
<td title='com.arcapi.Common.AssetSnapshotDownloadAPITest.AssetSnapshotDownloadAPI()'><b>AssetSnapshotDownloadAPI</b><br>Test class: com.arcapi.Common.AssetSnapshotDownloadAPITest<br>Parameters: STG, ProjectIDTransitAbove, 2</td>
<td></td>
<td>13</td>
<td>com.arcapi.Common.AssetSnapshotDownloadAPITest@3e3047e6</td></tr>
<tr>
<td title='com.arcapi.Common.AssetSnapshotKeysAPITest.AssetSnapshotKeysAPI()'><b>AssetSnapshotKeysAPI</b><br>Test class: com.arcapi.Common.AssetSnapshotKeysAPITest<br>Parameters: STG, ProjectIDTransitAbove, 2</td>
<td></td>
<td>1</td>
<td>com.arcapi.Common.AssetSnapshotKeysAPITest@13acb0d1</td></tr>
<tr>
<td title='com.arcapi.Common.AssetTeamMemberAddPOSTAPITest.AssetTeamMemberAddPOSTAPI()'><b>AssetTeamMemberAddPOSTAPI</b><br>Test class: com.arcapi.Common.AssetTeamMemberAddPOSTAPITest<br>Parameters: STG, ProjectIDTransitAbove, 2</td>
<td></td>
<td>6</td>
<td>com.arcapi.Common.AssetTeamMemberAddPOSTAPITest@67e2d983</td></tr>
<tr>
<td title='com.arcapi.Common.AssetArcProjectAdminAddPOSTAPITest.AssetTeamMemberAddPOSTAPI()'><b>AssetTeamMemberAddPOSTAPI</b><br>Test class: com.arcapi.Common.AssetArcProjectAdminAddPOSTAPITest<br>Parameters: STG, ProjectIDTransitAbove, 2</td>
<td></td>
<td>7</td>
<td>com.arcapi.Common.AssetArcProjectAdminAddPOSTAPITest@4c6e276e</td></tr>
<tr>
<td title='com.arcapi.Common.AssetTeamMemberListAPITest.AssetTeamMemberListAPI()'><b>AssetTeamMemberListAPI</b><br>Test class: com.arcapi.Common.AssetTeamMemberListAPITest<br>Parameters: STG, ProjectIDTransitAbove, 2</td>
<td></td>
<td>5</td>
<td>com.arcapi.Common.AssetTeamMemberListAPITest@4de5031f</td></tr>
<tr>
<td title='com.arcapi.Common.AssetTeamMemberRemoveAPITest.AssetTeamMemberRemoveAPI()'><b>AssetTeamMemberRemoveAPI</b><br>Test class: com.arcapi.Common.AssetTeamMemberRemoveAPITest<br>Parameters: STG, ProjectIDTransitAbove, 2</td>
<td></td>
<td>7</td>
<td>com.arcapi.Common.AssetTeamMemberRemoveAPITest@5ea434c8</td></tr>
<tr>
<td title='com.arcapi.Common.AssetTeamMemberRoleAPITest.AssetTeamMemberRoleAPI()'><b>AssetTeamMemberRoleAPI</b><br>Test class: com.arcapi.Common.AssetTeamMemberRoleAPITest<br>Parameters: STG, ProjectIDTransitAbove, 2</td>
<td></td>
<td>3</td>
<td>com.arcapi.Common.AssetTeamMemberRoleAPITest@52aa2946</td></tr>
<tr>
<td title='com.arcapi.Common.AssetTeamMemberUpdateAPITest.AssetTeamMemberUpdateAPI()'><b>AssetTeamMemberUpdateAPI</b><br>Test class: com.arcapi.Common.AssetTeamMemberUpdateAPITest<br>Parameters: STG, ProjectIDTransitAbove, 2</td>
<td></td>
<td>6</td>
<td>com.arcapi.Common.AssetTeamMemberUpdateAPITest@5d47c63f</td></tr>
<tr>
<td title='com.arcapi.Common.AssetTeamPermissionListAPITest.AssetTeamPermissionListAPI()'><b>AssetTeamPermissionListAPI</b><br>Test class: com.arcapi.Common.AssetTeamPermissionListAPITest<br>Parameters: STG, ProjectIDTransitAbove, 2</td>
<td></td>
<td>5</td>
<td>com.arcapi.Common.AssetTeamPermissionListAPITest@568bf312</td></tr>
<tr>
<td title='com.arcapi.Common.AssetTeamPermissionPostAPITest.AssetTeamPermissionPostAPI()'><b>AssetTeamPermissionPostAPI</b><br>Test class: com.arcapi.Common.AssetTeamPermissionPostAPITest<br>Parameters: STG, ProjectIDTransitAbove, 2</td>
<td></td>
<td>5</td>
<td>com.arcapi.Common.AssetTeamPermissionPostAPITest@ca263c2</td></tr>
<tr>
<td title='com.arcapi.Buildingtestcases.AssetUpdateBuildingAPITest.AssetUpdateforNewAssetPUTAPI()'><b>AssetUpdateforNewAssetPUTAPI</b><br>Test class: com.arcapi.Buildingtestcases.AssetUpdateBuildingAPITest<br>Parameters: STG, ProjectIDTransitAbove, 2</td>
<td></td>
<td>9</td>
<td>com.arcapi.Buildingtestcases.AssetUpdateBuildingAPITest@400cff1a</td></tr>
<tr>
<td title='com.arcapi.Common.AssetValidationInfoPOSTAPITest.AssetValidationInfoPOSTAPI()'><b>AssetValidationInfoPOSTAPI</b><br>Test class: com.arcapi.Common.AssetValidationInfoPOSTAPITest</td>
<td></td>
<td>3</td>
<td>com.arcapi.Common.AssetValidationInfoPOSTAPITest@157632c9</td></tr>
<tr>
<td title='com.arcapi.Common.AssociatedCategoriesAPITest.AssociatedCategoriesAPI()'><b>AssociatedCategoriesAPI</b><br>Test class: com.arcapi.Common.AssociatedCategoriesAPITest</td>
<td></td>
<td>2</td>
<td>com.arcapi.Common.AssociatedCategoriesAPITest@f2f2cc1</td></tr>
<tr>
<td title='com.arcapi.Common.AvgPerformaceListGetTest.AvgPerformaceList()'><b>AvgPerformaceList</b><br>Test class: com.arcapi.Common.AvgPerformaceListGetTest</td>
<td></td>
<td>1</td>
<td>com.arcapi.Common.AvgPerformaceListGetTest@b62fe6d</td></tr>
<tr>
<td title='com.arcapi.Buildingtestcases.CO2GetTest.CO2GetTestAPI()'><b>CO2GetTestAPI</b><br>Test class: com.arcapi.Buildingtestcases.CO2GetTest<br>Parameters: STG, ProjectIDTransitAbove, 2</td>
<td></td>
<td>1</td>
<td>com.arcapi.Buildingtestcases.CO2GetTest@3b938003</td></tr>
<tr>
<td title='com.arcapi.Buildingtestcases.ConsumptionCreatePOSTAPITest.ConsumptionCreatePOSTAPI()'><b>ConsumptionCreatePOSTAPI</b><br>Test class: com.arcapi.Buildingtestcases.ConsumptionCreatePOSTAPITest<br>Parameters: STG, ProjectIDTransitAbove, 2</td>
<td></td>
<td>2</td>
<td>com.arcapi.Buildingtestcases.ConsumptionCreatePOSTAPITest@780cb77</td></tr>
<tr>
<td title='com.arcapi.Buildingtestcases.ConsumptionDeleteAPITest.ConsumptionDeleteAPI()'><b>ConsumptionDeleteAPI</b><br>Test class: com.arcapi.Buildingtestcases.ConsumptionDeleteAPITest<br>Parameters: STG, ProjectIDTransitAbove, 2</td>
<td></td>
<td>1</td>
<td>com.arcapi.Buildingtestcases.ConsumptionDeleteAPITest@161b062a</td></tr>
<tr>
<td title='com.arcapi.Buildingtestcases.ConsumptionDetailAPITest.ConsumptionDetailAPI()'><b>ConsumptionDetailAPI</b><br>Test class: com.arcapi.Buildingtestcases.ConsumptionDetailAPITest<br>Parameters: STG, ProjectIDTransitAbove, 2</td>
<td></td>
<td>1</td>
<td>com.arcapi.Buildingtestcases.ConsumptionDetailAPITest@691a7f8f</td></tr>
<tr>
<td title='com.arcapi.Buildingtestcases.ConsumptionListAPITest.ConsumptionListAPI()'><b>ConsumptionListAPI</b><br>Test class: com.arcapi.Buildingtestcases.ConsumptionListAPITest<br>Parameters: STG, ProjectIDTransitAbove, 2</td>
<td></td>
<td>2</td>
<td>com.arcapi.Buildingtestcases.ConsumptionListAPITest@16aa0a0a</td></tr>
<tr>
<td title='com.arcapi.Buildingtestcases.ConsumptionUpdatePUTAPITest.ConsumptionUpdatePUTAPI()'><b>ConsumptionUpdatePUTAPI</b><br>Test class: com.arcapi.Buildingtestcases.ConsumptionUpdatePUTAPITest<br>Parameters: STG, ProjectIDTransitAbove, 2</td>
<td></td>
<td>1</td>
<td>com.arcapi.Buildingtestcases.ConsumptionUpdatePUTAPITest@50a7bc6e</td></tr>
<tr>
<td title='com.arcapi.Common.CountryStatesJSONAPITest.CountryStatesJSONAPI()'><b>CountryStatesJSONAPI</b><br>Test class: com.arcapi.Common.CountryStatesJSONAPITest</td>
<td></td>
<td>2</td>
<td>com.arcapi.Common.CountryStatesJSONAPITest@436a4e4b</td></tr>
<tr>
<td title='com.arcapi.Transittestcases.CreateAssetTransitAPITest.CreateAssetTransitAPI()'><b>CreateAssetTransitAPI</b><br>Test class: com.arcapi.Transittestcases.CreateAssetTransitAPITest<br>Parameters: transit, ProjectIDTransitAbove, US, aboveground</td>
<td></td>
<td>33</td>
<td>com.arcapi.Transittestcases.CreateAssetTransitAPITest@15bb6bea</td></tr>
<tr>
<td title='com.arcapi.Common.DeleteAllAppsAPITest.DeleteAllAppsAPI()'><b>DeleteAllAppsAPI</b><br>Test class: com.arcapi.Common.DeleteAllAppsAPITest<br>Parameters: STG, ProjectIDTransitAbove, 2</td>
<td></td>
<td>5</td>
<td>com.arcapi.Common.DeleteAllAppsAPITest@5d740a0f</td></tr>
<tr>
<td title='com.arcapi.Common.DownloadDocumentsAPITest.DownloadDocumentsAPI()'><b>DownloadDocumentsAPI</b><br>Test class: com.arcapi.Common.DownloadDocumentsAPITest<br>Parameters: STG, ProjectIDTransitAbove, 2</td>
<td></td>
<td>4</td>
<td>com.arcapi.Common.DownloadDocumentsAPITest@5b0abc94</td></tr>
<tr>
<td title='com.arcapi.Transittestcases.EnvironmentSurveyCreatePOSTAPITest.EnvironmentSurveyCreatePOSTAPI()'><b>EnvironmentSurveyCreatePOSTAPI</b><br>Test class: com.arcapi.Transittestcases.EnvironmentSurveyCreatePOSTAPITest<br>Parameters: STG, ProjectIDTransitAbove, 2</td>
<td></td>
<td>1</td>
<td>com.arcapi.Transittestcases.EnvironmentSurveyCreatePOSTAPITest@1a84f40f</td></tr>
<tr>
<td title='com.arcapi.Common.EnvironmentSurveyExportAPITest.EnvironmentSurveyExportAPI()'><b>EnvironmentSurveyExportAPI</b><br>Test class: com.arcapi.Common.EnvironmentSurveyExportAPITest<br>Parameters: STG, ProjectIDTransitAbove, 2</td>
<td></td>
<td>2</td>
<td>com.arcapi.Common.EnvironmentSurveyExportAPITest@3b2da18f</td></tr>
<tr>
<td title='com.arcapi.Transittestcases.EnvironmentSurveyGetAPITest.EnvironmentSurveyGetAPI()'><b>EnvironmentSurveyGetAPI</b><br>Test class: com.arcapi.Transittestcases.EnvironmentSurveyGetAPITest<br>Parameters: STG, ProjectIDTransitAbove, 2</td>
<td></td>
<td>1</td>
<td>com.arcapi.Transittestcases.EnvironmentSurveyGetAPITest@23282c25</td></tr>
<tr>
<td title='com.arcapi.Transittestcases.EnvironmentSurveySummarizeAPITest.EnvironmentSurveySummarizeAPI()'><b>EnvironmentSurveySummarizeAPI</b><br>Test class: com.arcapi.Transittestcases.EnvironmentSurveySummarizeAPITest<br>Parameters: STG, ProjectIDTransitAbove, 2</td>
<td></td>
<td>1</td>
<td>com.arcapi.Transittestcases.EnvironmentSurveySummarizeAPITest@7920ba90</td></tr>
<tr>
<td title='com.arcapi.Transittestcases.ExcelTemplateMetersHEAPITest.ExcelTemplateMetersHEAPI()'><b>ExcelTemplateMetersHEAPI</b><br>Test class: com.arcapi.Transittestcases.ExcelTemplateMetersHEAPITest<br>Parameters: STG, ProjectIDTransitAbove, 2</td>
<td></td>
<td>4</td>
<td>com.arcapi.Transittestcases.ExcelTemplateMetersHEAPITest@2c34f934</td></tr>
<tr>
<td title='com.arcapi.Transittestcases.ExcelTemplateMetersTransitAboveAPITest.ExcelTemplateMetersTransitAbove()'><b>ExcelTemplateMetersTransitAbove</b><br>Test class: com.arcapi.Transittestcases.ExcelTemplateMetersTransitAboveAPITest<br>Parameters: STG, ProjectIDTransitAbove, 2</td>
<td></td>
<td>3</td>
<td>com.arcapi.Transittestcases.ExcelTemplateMetersTransitAboveAPITest@548a102f</td></tr>
<tr>
<td title='com.arcapi.Transittestcases.ExcelUploadTemplateTransitAboveAPITest.ExcelUploadTemplateTransitAboveAP()'><b>ExcelUploadTemplateTransitAboveAP</b><br>Test class: com.arcapi.Transittestcases.ExcelUploadTemplateTransitAboveAPITest<br>Parameters: STG, ProjectIDTransitAbove, 2</td>
<td></td>
<td>4</td>
<td>com.arcapi.Transittestcases.ExcelUploadTemplateTransitAboveAPITest@123f1134</td></tr>
<tr>
<td title='com.arcapi.Common.FeedbackSubmitPostAPITest.FeedbackSubmitPostAPI()'><b>FeedbackSubmitPostAPI</b><br>Test class: com.arcapi.Common.FeedbackSubmitPostAPITest<br>Parameters: STG, ProjectIDTransitAbove, 2</td>
<td></td>
<td>2</td>
<td>com.arcapi.Common.FeedbackSubmitPostAPITest@2b546384</td></tr>
<tr>
<td title='com.arcapi.Common.FetchingAgreementDetailsAPITest.FetchingAgreementDetailsAPI()'><b>FetchingAgreementDetailsAPI</b><br>Test class: com.arcapi.Common.FetchingAgreementDetailsAPITest<br>Parameters: STG, ProjectIDTransitAbove, 2</td>
<td></td>
<td>4</td>
<td>com.arcapi.Common.FetchingAgreementDetailsAPITest@1f1c7bf6</td></tr>
<tr>
<td title='com.arcapi.Common.FuelCategoryAPITest.FuelCategoryAPI()'><b>FuelCategoryAPI</b><br>Test class: com.arcapi.Common.FuelCategoryAPITest</td>
<td></td>
<td>2</td>
<td>com.arcapi.Common.FuelCategoryAPITest@2aa5fe93</td></tr>
<tr>
<td title='com.arcapi.Common.GetAllDocumentListAPITest.GetAllDocumentListAPI()'><b>GetAllDocumentListAPI</b><br>Test class: com.arcapi.Common.GetAllDocumentListAPITest<br>Parameters: STG, ProjectIDTransitAbove, 2</td>
<td></td>
<td>3</td>
<td>com.arcapi.Common.GetAllDocumentListAPITest@5c1a8622</td></tr>
<tr>
<td title='com.arcapi.Buildingtestcases.GhgCalcGetTest.GhgCalcGet()'><b>GhgCalcGet</b><br>Test class: com.arcapi.Buildingtestcases.GhgCalcGetTest<br>Parameters: STG, ProjectIDTransitAbove, 2</td>
<td></td>
<td>1</td>
<td>com.arcapi.Buildingtestcases.GhgCalcGetTest@78b1cc93</td></tr>
<tr>
<td title='com.arcapi.Buildingtestcases.GhgGetTest.GhgGetTestAPI()'><b>GhgGetTestAPI</b><br>Test class: com.arcapi.Buildingtestcases.GhgGetTest<br>Parameters: STG, ProjectIDTransitAbove, 2</td>
<td></td>
<td>1</td>
<td>com.arcapi.Buildingtestcases.GhgGetTest@6f3b5d16</td></tr>
<tr>
<td title='com.arcapi.Common.InstallAllAppsAfterDeleteAPITest.InstallAllAppsAfterDeleteAPI()'><b>InstallAllAppsAfterDeleteAPI</b><br>Test class: com.arcapi.Common.InstallAllAppsAfterDeleteAPITest<br>Parameters: STG, ProjectIDTransitAbove, 2</td>
<td></td>
<td>6</td>
<td>com.arcapi.Common.InstallAllAppsAfterDeleteAPITest@214b199c</td></tr>
<tr>
<td title='com.arcapi.Common.LoginAPITest.LoginAPI()'><b>LoginAPI</b><br>Test class: com.arcapi.Common.LoginAPITest</td>
<td></td>
<td>5</td>
<td>com.arcapi.Common.LoginAPITest@2357d90a</td></tr>
<tr>
<td title='com.arcapi.Buildingtestcases.MeterBulkConsumptionPOSTAPITest.MeterBulkConsumptionPOSTAPI()'><b>MeterBulkConsumptionPOSTAPI</b><br>Test class: com.arcapi.Buildingtestcases.MeterBulkConsumptionPOSTAPITest<br>Parameters: STG, ProjectIDTransitAbove, 2</td>
<td></td>
<td>2</td>
<td>com.arcapi.Buildingtestcases.MeterBulkConsumptionPOSTAPITest@1d548a08</td></tr>
<tr>
<td title='com.arcapi.Buildingtestcases.MeterCreatePOSTAPITest.MeterCreatePOSTAPI()'><b>MeterCreatePOSTAPI</b><br>Test class: com.arcapi.Buildingtestcases.MeterCreatePOSTAPITest<br>Parameters: STG, ProjectIDTransitAbove, 2</td>
<td></td>
<td>11</td>
<td>com.arcapi.Buildingtestcases.MeterCreatePOSTAPITest@17c386de</td></tr>
<tr>
<td title='com.arcapi.Buildingtestcases.MeterDeleteAPITest.MeterDeleteAPI()'><b>MeterDeleteAPI</b><br>Test class: com.arcapi.Buildingtestcases.MeterDeleteAPITest<br>Parameters: STG, ProjectIDTransitAbove, 2</td>
<td></td>
<td>2</td>
<td>com.arcapi.Buildingtestcases.MeterDeleteAPITest@17c1bced</td></tr>
<tr>
<td title='com.arcapi.Buildingtestcases.MeterUpdatePUTAPITest.MeterUpdatePUTAPI()'><b>MeterUpdatePUTAPI</b><br>Test class: com.arcapi.Buildingtestcases.MeterUpdatePUTAPITest<br>Parameters: STG, ProjectIDTransitAbove, 2</td>
<td></td>
<td>1</td>
<td>com.arcapi.Buildingtestcases.MeterUpdatePUTAPITest@5ef60048</td></tr>
<tr>
<td title='com.arcapi.Buildingtestcases.MetersAPITest.MetersAPI()'><b>MetersAPI</b><br>Test class: com.arcapi.Buildingtestcases.MetersAPITest<br>Parameters: STG, ProjectIDTransitAbove, 2</td>
<td></td>
<td>1</td>
<td>com.arcapi.Buildingtestcases.MetersAPITest@75f9eccc</td></tr>
<tr>
<td title='com.arcapi.Common.NotificationCreatePOSTAPITest.NotificationCreatePOSTAPI()'><b>NotificationCreatePOSTAPI</b><br>Test class: com.arcapi.Common.NotificationCreatePOSTAPITest<br>Parameters: STG, ProjectIDTransitAbove, 2</td>
<td></td>
<td>1</td>
<td>com.arcapi.Common.NotificationCreatePOSTAPITest@55a1c291</td></tr>
<tr>
<td title='com.arcapi.Common.NotificationDeleteAPITest.NotificationDeleteAPI()'><b>NotificationDeleteAPI</b><br>Test class: com.arcapi.Common.NotificationDeleteAPITest<br>Parameters: STG, ProjectIDTransitAbove, 2</td>
<td></td>
<td>2</td>
<td>com.arcapi.Common.NotificationDeleteAPITest@2890c451</td></tr>
<tr>
<td title='com.arcapi.Common.NotificationGetAPITest.NotificationGetAPI()'><b>NotificationGetAPI</b><br>Test class: com.arcapi.Common.NotificationGetAPITest<br>Parameters: STG, ProjectIDTransitAbove, 2</td>
<td></td>
<td>2</td>
<td>com.arcapi.Common.NotificationGetAPITest@2145433b</td></tr>
<tr>
<td title='com.arcapi.Common.NotificationSubscriptionDetailGetTest.NotificationSubscriptionDetail()'><b>NotificationSubscriptionDetail</b><br>Test class: com.arcapi.Common.NotificationSubscriptionDetailGetTest<br>Parameters: STG, ProjectIDTransitAbove, 2</td>
<td></td>
<td>2</td>
<td>com.arcapi.Common.NotificationSubscriptionDetailGetTest@35083305</td></tr>
<tr>
<td title='com.arcapi.Common.NotificationSubscriptionDetailPutTest.NotificationSubscriptionDetail()'><b>NotificationSubscriptionDetail</b><br>Test class: com.arcapi.Common.NotificationSubscriptionDetailPutTest<br>Parameters: STG, ProjectIDTransitAbove, 2</td>
<td></td>
<td>1</td>
<td>com.arcapi.Common.NotificationSubscriptionDetailPutTest@8e0379d</td></tr>
<tr>
<td title='com.arcapi.Common.NotificationSubscriptionDetailDeleteTest.NotificationSubscriptionDetailDelete()'><b>NotificationSubscriptionDetailDelete</b><br>Test class: com.arcapi.Common.NotificationSubscriptionDetailDeleteTest<br>Parameters: STG, ProjectIDTransitAbove, 2</td>
<td></td>
<td>1</td>
<td>com.arcapi.Common.NotificationSubscriptionDetailDeleteTest@341b80b2</td></tr>
<tr>
<td title='com.arcapi.Common.PaymentHistoryAPITest.PaymentHistoryAPI()'><b>PaymentHistoryAPI</b><br>Test class: com.arcapi.Common.PaymentHistoryAPITest<br>Parameters: STG, ProjectIDTransitAbove, 2</td>
<td></td>
<td>1</td>
<td>com.arcapi.Common.PaymentHistoryAPITest@57d5872c</td></tr>
<tr>
<td title='com.arcapi.Common.PaymentOrderGetAPITest.PaymentOrderGetAPI()'><b>PaymentOrderGetAPI</b><br>Test class: com.arcapi.Common.PaymentOrderGetAPITest<br>Parameters: STG, ProjectIDTransitAbove, 2</td>
<td></td>
<td>3</td>
<td>com.arcapi.Common.PaymentOrderGetAPITest@41ee392b</td></tr>
<tr>
<td title='com.arcapi.Common.PaymentOrderSubmitPOSTAPITest.PaymentOrderSubmitPOSTAPI()'><b>PaymentOrderSubmitPOSTAPI</b><br>Test class: com.arcapi.Common.PaymentOrderSubmitPOSTAPITest<br>Parameters: STG, ProjectIDTransitAbove, 2, CreditCardPayment</td>
<td></td>
<td>75</td>
<td>com.arcapi.Common.PaymentOrderSubmitPOSTAPITest@4c40b76e</td></tr>
<tr>
<td title='com.arcapi.Common.PaymentReceiptAPITest.PaymentReceiptAPI()'><b>PaymentReceiptAPI</b><br>Test class: com.arcapi.Common.PaymentReceiptAPITest<br>Parameters: STG, ProjectIDTransitAbove, 2</td>
<td></td>
<td>8</td>
<td>com.arcapi.Common.PaymentReceiptAPITest@1e67a849</td></tr>
<tr>
<td title='com.arcapi.Common.PerformanceComparablesGetAPITest.PerformanceComparablesGetAPI()'><b>PerformanceComparablesGetAPI</b><br>Test class: com.arcapi.Common.PerformanceComparablesGetAPITest</td>
<td></td>
<td>1</td>
<td>com.arcapi.Common.PerformanceComparablesGetAPITest@5ad851c9</td></tr>
<tr>
<td title='com.arcapi.Common.RatingSystemListAPITest.RatingSystemListAPI()'><b>RatingSystemListAPI</b><br>Test class: com.arcapi.Common.RatingSystemListAPITest</td>
<td></td>
<td>1</td>
<td>com.arcapi.Common.RatingSystemListAPITest@3a079870</td></tr>
<tr>
<td title='com.arcapi.Common.RecomputePerformanceScoreGetTest.RecomputePerformanceScoreGet()'><b>RecomputePerformanceScoreGet</b><br>Test class: com.arcapi.Common.RecomputePerformanceScoreGetTest<br>Parameters: STG, ProjectIDTransitAbove, 2</td>
<td></td>
<td>6</td>
<td>com.arcapi.Common.RecomputePerformanceScoreGetTest@e50a6f6</td></tr>
<tr>
<td title='com.arcapi.Common.RegistrationPaymentPricingGetAPITest.RegistrationPaymentPricingGetAPI()'><b>RegistrationPaymentPricingGetAPI</b><br>Test class: com.arcapi.Common.RegistrationPaymentPricingGetAPITest<br>Parameters: STG, ProjectIDTransitAbove, 2</td>
<td></td>
<td>3</td>
<td>com.arcapi.Common.RegistrationPaymentPricingGetAPITest@2d2e5f00</td></tr>
<tr>
<td title='com.arcapi.Common.ReviewCertificationPricingAPITest.ReviewCertificationPricingAPI()'><b>ReviewCertificationPricingAPI</b><br>Test class: com.arcapi.Common.ReviewCertificationPricingAPITest<br>Parameters: STG, ProjectIDTransitAbove, 2, review</td>
<td></td>
<td>4</td>
<td>com.arcapi.Common.ReviewCertificationPricingAPITest@14ec4505</td></tr>
<tr>
<td title='com.arcapi.Transittestcases.RidershipDataGetAPITest.RidershipDataGetAPI()'><b>RidershipDataGetAPI</b><br>Test class: com.arcapi.Transittestcases.RidershipDataGetAPITest<br>Parameters: STG, ProjectIDTransitAbove, 2</td>
<td></td>
<td>1</td>
<td>com.arcapi.Transittestcases.RidershipDataGetAPITest@2893de87</td></tr>
<tr>
<td title='com.arcapi.Common.S3DocumentListAPITest.S3DocumentListAPI()'><b>S3DocumentListAPI</b><br>Test class: com.arcapi.Common.S3DocumentListAPITest<br>Parameters: STG, ProjectIDTransitAbove, 2</td>
<td></td>
<td>2</td>
<td>com.arcapi.Common.S3DocumentListAPITest@4ae3c1cd</td></tr>
<tr>
<td title='com.arcapi.Common.S3DocumentRemoveAPITest.S3DocumentRemoveAPI()'><b>S3DocumentRemoveAPI</b><br>Test class: com.arcapi.Common.S3DocumentRemoveAPITest<br>Parameters: STG, ProjectIDTransitAbove, 2</td>
<td></td>
<td>1</td>
<td>com.arcapi.Common.S3DocumentRemoveAPITest@29f69090</td></tr>
<tr>
<td title='com.arcapi.Common.S3DocumentUploadPOSTAPITest.S3DocumentUploadPOSTAPI()'><b>S3DocumentUploadPOSTAPI</b><br>Test class: com.arcapi.Common.S3DocumentUploadPOSTAPITest<br>Parameters: STG, ProjectIDTransitAbove, 2</td>
<td></td>
<td>21</td>
<td>com.arcapi.Common.S3DocumentUploadPOSTAPITest@3bbc39f8</td></tr>
<tr>
<td title='com.arcapi.Common.ScoreWeightsAPITest.ScoreWeightsAPI()'><b>ScoreWeightsAPI</b><br>Test class: com.arcapi.Common.ScoreWeightsAPITest<br>Parameters: STG, ProjectIDTransitAbove, 2</td>
<td></td>
<td>1</td>
<td>com.arcapi.Common.ScoreWeightsAPITest@6156496</td></tr>
<tr>
<td title='com.arcapi.Common.SignAgreementRegistrationAPITest.SignAgreementRegistrationAPI()'><b>SignAgreementRegistrationAPI</b><br>Test class: com.arcapi.Common.SignAgreementRegistrationAPITest<br>Parameters: STG, ProjectIDTransitAbove, 2</td>
<td></td>
<td>9</td>
<td>com.arcapi.Common.SignAgreementRegistrationAPITest@8b96fde</td></tr>
<tr>
<td title='com.arcapi.Common.SubmitReviewGetAPITest.SubmitReviewGetAPI()'><b>SubmitReviewGetAPI</b><br>Test class: com.arcapi.Common.SubmitReviewGetAPITest<br>Parameters: STG, ProjectIDTransitAbove, 2</td>
<td></td>
<td>1</td>
<td>com.arcapi.Common.SubmitReviewGetAPITest@358c99f5</td></tr>
<tr>
<td title='com.arcapi.Common.SubmitReviewPOSTAPITest.SubmitReviewPOSTAPI()'><b>SubmitReviewPOSTAPI</b><br>Test class: com.arcapi.Common.SubmitReviewPOSTAPITest<br>Parameters: STG, ProjectIDTransitAbove, 2, transit, review</td>
<td></td>
<td>21</td>
<td>com.arcapi.Common.SubmitReviewPOSTAPITest@53ca01a2</td></tr>
<tr>
<td title='com.arcapi.Common.TemperatureDataGetTest.TemperatureDataGet()'><b>TemperatureDataGet</b><br>Test class: com.arcapi.Common.TemperatureDataGetTest<br>Parameters: STG, ProjectIDTransitAbove, 2</td>
<td></td>
<td>1</td>
<td>com.arcapi.Common.TemperatureDataGetTest@475e586c</td></tr>
<tr>
<td title='com.arcapi.Common.ThirdPartyListAppsAPITest.ThirdPartyListAppsAPI()'><b>ThirdPartyListAppsAPI</b><br>Test class: com.arcapi.Common.ThirdPartyListAppsAPITest</td>
<td></td>
<td>1</td>
<td>com.arcapi.Common.ThirdPartyListAppsAPITest@3c153a1</td></tr>
<tr>
<td title='com.arcapi.Transittestcases.TransitSurveyAPITest.TransitSurveyAPI()'><b>TransitSurveyAPI</b><br>Test class: com.arcapi.Transittestcases.TransitSurveyAPITest<br>Parameters: STG, ProjectIDTransitAbove, 2</td>
<td></td>
<td>1</td>
<td>com.arcapi.Transittestcases.TransitSurveyAPITest@48524010</td></tr>
<tr>
<td title='com.arcapi.Transittestcases.TransitSurveyCreatePOSTAPITest.TransitSurveyCreatePOSTAPI()'><b>TransitSurveyCreatePOSTAPI</b><br>Test class: com.arcapi.Transittestcases.TransitSurveyCreatePOSTAPITest<br>Parameters: STG, ProjectIDTransitAbove, 2</td>
<td></td>
<td>1</td>
<td>com.arcapi.Transittestcases.TransitSurveyCreatePOSTAPITest@3ee0fea4</td></tr>
<tr>
<td title='com.arcapi.Common.TransitSurveyExportAPITest.TransitSurveyExportAPI()'><b>TransitSurveyExportAPI</b><br>Test class: com.arcapi.Common.TransitSurveyExportAPITest<br>Parameters: STG, ProjectIDTransitAbove, 2</td>
<td></td>
<td>1</td>
<td>com.arcapi.Common.TransitSurveyExportAPITest@6b419da</td></tr>
<tr>
<td title='com.arcapi.Transittestcases.TransitSurveySummarizeSurveyAPITest.TransitSurveySummarizeSurveyAPI()'><b>TransitSurveySummarizeSurveyAPI</b><br>Test class: com.arcapi.Transittestcases.TransitSurveySummarizeSurveyAPITest<br>Parameters: STG, ProjectIDTransitAbove, 2</td>
<td></td>
<td>2</td>
<td>com.arcapi.Transittestcases.TransitSurveySummarizeSurveyAPITest@4b168fa9</td></tr>
<tr>
<td title='com.arcapi.Common.UserAccessLevelSAPGetTest.UserAccessLevelSAPGet()'><b>UserAccessLevelSAPGet</b><br>Test class: com.arcapi.Common.UserAccessLevelSAPGetTest</td>
<td></td>
<td>2</td>
<td>com.arcapi.Common.UserAccessLevelSAPGetTest@145eaa29</td></tr>
<tr>
<td title='com.arcapi.Common.UserDetailAPITest.UserDetailAPI()'><b>UserDetailAPI</b><br>Test class: com.arcapi.Common.UserDetailAPITest<br>Parameters: STG, 2</td>
<td></td>
<td>3</td>
<td>com.arcapi.Common.UserDetailAPITest@6328d34a</td></tr>
<tr>
<td title='com.arcapi.Buildingtestcases.VOCGetTest.VOCGet()'><b>VOCGet</b><br>Test class: com.arcapi.Buildingtestcases.VOCGetTest<br>Parameters: STG, ProjectIDTransitAbove, 2</td>
<td></td>
<td>1</td>
<td>com.arcapi.Buildingtestcases.VOCGetTest@6646153</td></tr>
<tr>
<td title='com.arcapi.Transittestcases.VerifyAQIGraphValuesAPITest.VerifyAQIGraphValuesAPI()'><b>VerifyAQIGraphValuesAPI</b><br>Test class: com.arcapi.Transittestcases.VerifyAQIGraphValuesAPITest<br>Parameters: STG, ProjectIDTransitAbove, 2</td>
<td></td>
<td>1</td>
<td>com.arcapi.Transittestcases.VerifyAQIGraphValuesAPITest@12d3a4e9</td></tr>
<tr>
<td title='com.arcapi.Common.VerifyAgreementDeleteAPITest.VerifyAgreementDeleteAPI()'><b>VerifyAgreementDeleteAPI</b><br>Test class: com.arcapi.Common.VerifyAgreementDeleteAPITest<br>Parameters: STG, ProjectIDTransitAbove, 2</td>
<td></td>
<td>4</td>
<td>com.arcapi.Common.VerifyAgreementDeleteAPITest@25b485ba</td></tr>
<tr>
<td title='com.arcapi.Common.VerifyAgreementPresentAPITest.VerifyAgreementPresentAPI()'><b>VerifyAgreementPresentAPI</b><br>Test class: com.arcapi.Common.VerifyAgreementPresentAPITest<br>Parameters: STG, ProjectIDTransitAbove, 2</td>
<td></td>
<td>3</td>
<td>com.arcapi.Common.VerifyAgreementPresentAPITest@75c072cb</td></tr>
<tr>
<td title='com.arcapi.Transittestcases.VerifyAssetDetailAPITest.VerifyAssetDetailAPI()'><b>VerifyAssetDetailAPI</b><br>Test class: com.arcapi.Transittestcases.VerifyAssetDetailAPITest<br>Parameters: STG, ProjectIDTransitAbove, 2</td>
<td></td>
<td>2</td>
<td>com.arcapi.Transittestcases.VerifyAssetDetailAPITest@275710fc</td></tr>
<tr>
<td title='com.arcapi.Transittestcases.VerifyPM10GraphValuesAPITest.VerifyPM10GraphValuesAPI()'><b>VerifyPM10GraphValuesAPI</b><br>Test class: com.arcapi.Transittestcases.VerifyPM10GraphValuesAPITest<br>Parameters: STG, ProjectIDTransitAbove, 2</td>
<td></td>
<td>1</td>
<td>com.arcapi.Transittestcases.VerifyPM10GraphValuesAPITest@25a65b77</td></tr>
<tr>
<td title='com.arcapi.Transittestcases.VerifyPM25GraphValuesAPITest.VerifyPM25GraphValuesAPI()'><b>VerifyPM25GraphValuesAPI</b><br>Test class: com.arcapi.Transittestcases.VerifyPM25GraphValuesAPITest<br>Parameters: STG, ProjectIDTransitAbove, 2</td>
<td></td>
<td>1</td>
<td>com.arcapi.Transittestcases.VerifyPM25GraphValuesAPITest@240237d2</td></tr>
<tr>
<td title='com.arcapi.Common.VerifyProjectRegisteredAssetListTest.VerifyProjectRegisteredAssetList()'><b>VerifyProjectRegisteredAssetList</b><br>Test class: com.arcapi.Common.VerifyProjectRegisteredAssetListTest<br>Parameters: STG, ProjectIDTransitAbove, 2</td>
<td></td>
<td>2</td>
<td>com.arcapi.Common.VerifyProjectRegisteredAssetListTest@525f1e4e</td></tr>
<tr>
<td title='com.arcapi.Transittestcases.VerifySulphurDioxideGraphValuesAPITest.VerifySulphurDioxideGraphValuesAPI()'><b>VerifySulphurDioxideGraphValuesAPI</b><br>Test class: com.arcapi.Transittestcases.VerifySulphurDioxideGraphValuesAPITest<br>Parameters: STG, ProjectIDTransitAbove, 2</td>
<td></td>
<td>1</td>
<td>com.arcapi.Transittestcases.VerifySulphurDioxideGraphValuesAPITest@14a2f921</td></tr>
<tr>
<td title='com.arcapi.Transittestcases.VerifyWasteDataExcelAPITest.VerifyWasteDataExcelAPI()'><b>VerifyWasteDataExcelAPI</b><br>Test class: com.arcapi.Transittestcases.VerifyWasteDataExcelAPITest<br>Parameters: STG, ProjectIDTransitAbove, 2</td>
<td></td>
<td>1</td>
<td>com.arcapi.Transittestcases.VerifyWasteDataExcelAPITest@55ca8de8</td></tr>
<tr>
<td title='com.arcapi.Buildingtestcases.WasteCreatePOSTAPITest.WasteCreatePOSTAPI()'><b>WasteCreatePOSTAPI</b><br>Test class: com.arcapi.Buildingtestcases.WasteCreatePOSTAPITest<br>Parameters: STG, ProjectIDTransitAbove, 2</td>
<td></td>
<td>2</td>
<td>com.arcapi.Buildingtestcases.WasteCreatePOSTAPITest@40e6dfe1</td></tr>
<tr>
<td title='com.arcapi.Buildingtestcases.WasteDetailAPITest.WasteDetailAPI()'><b>WasteDetailAPI</b><br>Test class: com.arcapi.Buildingtestcases.WasteDetailAPITest<br>Parameters: STG, ProjectIDTransitAbove, 2</td>
<td></td>
<td>1</td>
<td>com.arcapi.Buildingtestcases.WasteDetailAPITest@105fece7</td></tr>
<tr>
<td title='com.arcapi.Buildingtestcases.WasteDetailDeleteAPITest.WasteDetailDeleteAPI()'><b>WasteDetailDeleteAPI</b><br>Test class: com.arcapi.Buildingtestcases.WasteDetailDeleteAPITest<br>Parameters: STG, ProjectIDTransitAbove, 2</td>
<td></td>
<td>1</td>
<td>com.arcapi.Buildingtestcases.WasteDetailDeleteAPITest@482cd91f</td></tr>
<tr>
<td title='com.arcapi.Buildingtestcases.WasteDivertedBulkDataPostTest.WasteDivertedBulkDataPost()'><b>WasteDivertedBulkDataPost</b><br>Test class: com.arcapi.Buildingtestcases.WasteDivertedBulkDataPostTest<br>Parameters: STG, ProjectIDTransitAbove, 2</td>
<td></td>
<td>2</td>
<td>com.arcapi.Buildingtestcases.WasteDivertedBulkDataPostTest@4034c28c</td></tr>
<tr>
<td title='com.arcapi.Buildingtestcases.WasteGeneratedBulkDataPostTest.WasteGeneratedBulkDataPost()'><b>WasteGeneratedBulkDataPost</b><br>Test class: com.arcapi.Buildingtestcases.WasteGeneratedBulkDataPostTest<br>Parameters: STG, ProjectIDTransitAbove, 2</td>
<td></td>
<td>1</td>
<td>com.arcapi.Buildingtestcases.WasteGeneratedBulkDataPostTest@2d9d4f9d</td></tr>
<tr>
<td title='com.arcapi.Buildingtestcases.WasteGetAPITest.WasteGetAPI()'><b>WasteGetAPI</b><br>Test class: com.arcapi.Buildingtestcases.WasteGetAPITest<br>Parameters: STG, ProjectIDTransitAbove, 2</td>
<td></td>
<td>1</td>
<td>com.arcapi.Buildingtestcases.WasteGetAPITest@1b083826</td></tr>
<tr>
<td title='com.arcapi.Buildingtestcases.WasteUpdatePUTAPITest.WasteUpdatePUTAPI()'><b>WasteUpdatePUTAPI</b><br>Test class: com.arcapi.Buildingtestcases.WasteUpdatePUTAPITest<br>Parameters: STG, ProjectIDTransitAbove, 2</td>
<td></td>
<td>2</td>
<td>com.arcapi.Buildingtestcases.WasteUpdatePUTAPITest@3ec300f1</td></tr>
<tr>
<td title='com.arcapi.Buildingtestcases.WaterGetTest.WaterGet()'><b>WaterGet</b><br>Test class: com.arcapi.Buildingtestcases.WaterGetTest<br>Parameters: STG, ProjectIDTransitAbove, 2</td>
<td></td>
<td>1</td>
<td>com.arcapi.Buildingtestcases.WaterGetTest@21507a04</td></tr>
</table><p>
</body>
</html>