<?xml version="1.0" encoding="UTF-8"?>
<!-- Generated by org.testng.reporters.JUnitReportReporter -->
<testsuite skipped="0" hostname="G10GGNLT052" name="com.arcapi.Parksmarttestcases.PaymentReceiptAPITest" tests="1" failures="0" timestamp="19 Aug 2019 07:38:18 GMT" time="0.000" errors="1">
  <testcase name="PaymentReceiptAPI" time="0.000" classname="com.arcapi.Parksmarttestcases.PaymentReceiptAPITest">
    <error type="org.testng.TestNGException" message="
Parameter &#039;SheetName&#039; is required by @Test on method PaymentReceiptAPI but has not been marked @Optional or defined
in D:\worksapceNew\TestArcAPI\src\main\resources\TestNGFiles\Parksmarttestng.xml">
      <![CDATA[org.testng.TestNGException: 
Parameter 'SheetName' is required by @Test on method PaymentReceiptAPI but has not been marked @Optional or defined
in D:\worksapceNew\TestArcAPI\src\main\resources\TestNGFiles\Parksmarttestng.xml
	at org.testng.internal.Parameters.createParameters(Parameters.java:199)
	at org.testng.internal.Parameters.createParameters(Parameters.java:443)
	at org.testng.internal.Parameters.handleParameters(Parameters.java:569)
	at org.testng.internal.Invoker.handleParameters(Invoker.java:1308)
	at org.testng.internal.Invoker.createParameters(Invoker.java:1036)
	at org.testng.internal.Invoker.invokeTestMethods(Invoker.java:1126)
	at org.testng.internal.TestMethodWorker.invokeTestMethods(TestMethodWorker.java:126)
	at org.testng.internal.TestMethodWorker.run(TestMethodWorker.java:109)
	at org.testng.TestRunner.privateRun(TestRunner.java:744)
	at org.testng.TestRunner.run(TestRunner.java:602)
	at org.testng.SuiteRunner.runTest(SuiteRunner.java:380)
	at org.testng.SuiteRunner.runSequentially(SuiteRunner.java:375)
	at org.testng.SuiteRunner.privateRun(SuiteRunner.java:340)
	at org.testng.SuiteRunner.run(SuiteRunner.java:289)
	at org.testng.SuiteRunnerWorker.runSuite(SuiteRunnerWorker.java:52)
	at org.testng.SuiteRunnerWorker.run(SuiteRunnerWorker.java:86)
	at org.testng.TestNG.runSuitesSequentially(TestNG.java:1301)
	at org.testng.TestNG.runSuitesLocally(TestNG.java:1226)
	at org.testng.TestNG.runSuites(TestNG.java:1144)
	at org.testng.TestNG.run(TestNG.java:1115)
	at org.testng.remote.RemoteTestNG.run(RemoteTestNG.java:113)
	at org.testng.remote.RemoteTestNG.initAndRun(RemoteTestNG.java:206)
	at org.testng.remote.RemoteTestNG.main(RemoteTestNG.java:177)
]]>
    </error>
  </testcase> <!-- PaymentReceiptAPI -->
</testsuite> <!-- com.arcapi.Parksmarttestcases.PaymentReceiptAPITest -->
