<?xml version="1.0" encoding="UTF-8"?>
<!-- Generated by org.testng.reporters.JUnitReportReporter -->
<testsuite skipped="0" hostname="G10GNLT041" name="com.arcapi.TrailFlowtestcases.Transit.VerifyAgreementPresentAPITest" tests="1" failures="0" timestamp="08 Feb 2019 06:00:27 GMT" time="2.008" errors="1">
  <testcase name="VerifyAgreementPresentAPI" time="2.008" classname="com.arcapi.TrailFlowtestcases.Transit.VerifyAgreementPresentAPITest">
    <error type="java.lang.IllegalArgumentException" message="Cannot get property &#039;ObjectId&#039; on null object">
      <![CDATA[java.lang.IllegalArgumentException: Cannot get property 'ObjectId' on null objectat sun.reflect.NativeConstructorAccessorImpl.newInstance0(Native Method)at sun.reflect.NativeConstructorAccessorImpl.newInstance(Unknown Source)at sun.reflect.DelegatingConstructorAccessorImpl.newInstance(Unknown Source)at java.lang.reflect.Constructor.newInstance(Unknown Source)at org.codehaus.groovy.reflection.CachedConstructor.invoke(CachedConstructor.java:80)at org.codehaus.groovy.runtime.callsite.ConstructorSite$ConstructorSiteNoUnwrapNoCoerce.callConstructor(ConstructorSite.java:105)at org.codehaus.groovy.runtime.callsite.AbstractCallSite.callConstructor(AbstractCallSite.java:255)at com.jayway.restassured.internal.path.json.JSONAssertion.getAsJsonObject(JSONAssertion.groovy:53)at com.jayway.restassured.internal.path.json.JSONAssertion$getAsJsonObject.callCurrent(Unknown Source)at com.jayway.restassured.internal.path.json.JSONAssertion.getResult(JSONAssertion.groovy:28)at com.jayway.restassured.path.json.JsonPath.get(JsonPath.java:202)at com.jayway.restassured.path.json.JsonPath$get$0.call(Unknown Source)at com.jayway.restassured.internal.RestAssuredResponseOptionsGroovyImpl.path(RestAssuredResponseOptionsGroovyImpl.groovy:392)at com.jayway.restassured.internal.RestAssuredResponseOptionsImpl.path(RestAssuredResponseOptionsImpl.java:195)at com.arcapi.TrailFlowtestcases.Transit.VerifyAgreementPresentAPITest.VerifyAgreementPresentAPI(VerifyAgreementPresentAPITest.java:58)at sun.reflect.NativeMethodAccessorImpl.invoke0(Native Method)at sun.reflect.NativeMethodAccessorImpl.invoke(Unknown Source)at sun.reflect.DelegatingMethodAccessorImpl.invoke(Unknown Source)at java.lang.reflect.Method.invoke(Unknown Source)at org.testng.internal.MethodInvocationHelper.invokeMethod(MethodInvocationHelper.java:124)at org.testng.internal.Invoker.invokeMethod(Invoker.java:571)at org.testng.internal.Invoker.invokeTestMethod(Invoker.java:707)at org.testng.internal.Invoker.invokeTestMethods(Invoker.java:979)at org.testng.internal.TestMethodWorker.invokeTestMethods(TestMethodWorker.java:125)at org.testng.internal.TestMethodWorker.run(TestMethodWorker.java:109)at org.testng.TestRunner.privateRun(TestRunner.java:648)at org.testng.TestRunner.run(TestRunner.java:505)at org.testng.SuiteRunner.runTest(SuiteRunner.java:455)at org.testng.SuiteRunner.runSequentially(SuiteRunner.java:450)at org.testng.SuiteRunner.privateRun(SuiteRunner.java:415)at org.testng.SuiteRunner.run(SuiteRunner.java:364)at org.testng.SuiteRunnerWorker.runSuite(SuiteRunnerWorker.java:52)at org.testng.SuiteRunnerWorker.run(SuiteRunnerWorker.java:84)at org.testng.TestNG.runSuitesSequentially(TestNG.java:1187)at org.testng.TestNG.runSuitesSequentially(TestNG.java:1183)at org.testng.TestNG.runSuitesLocally(TestNG.java:1116)at org.testng.TestNG.runSuites(TestNG.java:1028)at org.testng.TestNG.run(TestNG.java:996)at org.testng.remote.AbstractRemoteTestNG.run(AbstractRemoteTestNG.java:114)at org.testng.remote.RemoteTestNG.initAndRun(RemoteTestNG.java:251)at org.testng.remote.RemoteTestNG.main(RemoteTestNG.java:77)Caused by: java.lang.NullPointerException: Cannot get property 'ObjectId' on null objectat org.codehaus.groovy.runtime.NullObject.getProperty(NullObject.java:60)at org.codehaus.groovy.runtime.InvokerHelper.getProperty(InvokerHelper.java:172)at org.codehaus.groovy.runtime.callsite.NullCallSite.getProperty(NullCallSite.java:47)at org.codehaus.groovy.runtime.callsite.AbstractCallSite.callGetProperty(AbstractCallSite.java:296)at Script1.run(Script1.groovy:1)at groovy.lang.GroovyShell.evaluate(GroovyShell.java:591)at groovy.lang.GroovyShell.evaluate(GroovyShell.java:629)at groovy.lang.GroovyShell.evaluate(GroovyShell.java:600)at sun.reflect.NativeMethodAccessorImpl.invoke0(Native Method)at sun.reflect.NativeMethodAccessorImpl.invoke(Unknown Source)at sun.reflect.DelegatingMethodAccessorImpl.invoke(Unknown Source)at java.lang.reflect.Method.invoke(Unknown Source)at org.codehaus.groovy.runtime.callsite.PogoMetaMethodSite$PogoCachedMethodSiteNoUnwrap.invoke(PogoMetaMethodSite.java:190)at org.codehaus.groovy.runtime.callsite.PogoMetaMethodSite.call(PogoMetaMethodSite.java:71)at org.codehaus.groovy.runtime.callsite.AbstractCallSite.call(AbstractCallSite.java:125)at com.jayway.restassured.internal.path.json.JSONAssertion.eval(JSONAssertion.groovy:76)at sun.reflect.NativeMethodAccessorImpl.invoke0(Native Method)at sun.reflect.NativeMethodAccessorImpl.invoke(Unknown Source)at sun.reflect.DelegatingMethodAccessorImpl.invoke(Unknown Source)at java.lang.reflect.Method.invoke(Unknown Source)at org.codehaus.groovy.runtime.callsite.PogoMetaMethodSite$PogoCachedMethodSiteNoUnwrapNoCoerce.invoke(PogoMetaMethodSite.java:210)at org.codehaus.groovy.runtime.callsite.PogoMetaMethodSite.callCurrent(PogoMetaMethodSite.java:59)at org.codehaus.groovy.runtime.callsite.AbstractCallSite.callCurrent(AbstractCallSite.java:182)at com.jayway.restassured.internal.path.json.JSONAssertion.getAsJsonObject(JSONAssertion.groovy:46)... 33 more]]>
    </error>
  </testcase> <!-- VerifyAgreementPresentAPI -->
</testsuite> <!-- com.arcapi.TrailFlowtestcases.Transit.VerifyAgreementPresentAPITest -->
