<html>
<head>
<title>TestNG:  CompleteFlowTest-Building-None</title>
<link href="../testng.css" rel="stylesheet" type="text/css" />
<link href="../my-testng.css" rel="stylesheet" type="text/css" />

<style type="text/css">
.log { display: none;} 
.stack-trace { display: none;} 
</style>
<script type="text/javascript">
<!--
function flip(e) {
  current = e.style.display;
  if (current == 'block') {
    e.style.display = 'none';
    return 0;
  }
  else {
    e.style.display = 'block';
    return 1;
  }
}

function toggleBox(szDivId, elem, msg1, msg2)
{
  var res = -1;  if (document.getElementById) {
    res = flip(document.getElementById(szDivId));
  }
  else if (document.all) {
    // this is the way old msie versions work
    res = flip(document.all[szDivId]);
  }
  if(elem) {
    if(res == 0) elem.innerHTML = msg1; else elem.innerHTML = msg2;
  }

}

function toggleAllBoxes() {
  if (document.getElementsByTagName) {
    d = document.getElementsByTagName('div');
    for (i = 0; i < d.length; i++) {
      if (d[i].className == 'log') {
        flip(d[i]);
      }
    }
  }
}

// -->
</script>

</head>
<body>
<h2 align='center'>CompleteFlowTest-Building-None</h2><table border='1' align="center">
<tr>
<td>Tests passed/Failed/Skipped:</td><td>40/4/0</td>
</tr><tr>
<td>Started on:</td><td>Fri Sep 20 13:50:54 IST 2019</td>
</tr>
<tr><td>Total time:</td><td>153 seconds (153882 ms)</td>
</tr><tr>
<td>Included groups:</td><td></td>
</tr><tr>
<td>Excluded groups:</td><td></td>
</tr>
</table><p/>
<small><i>(Hover the method name to see the test class name)</i></small><p/>
<table width='100%' border='1' class='invocation-failed'>
<tr><td colspan='4' align='center'><b>FAILED TESTS</b></td></tr>
<tr><td><b>Test method</b></td>
<td width="30%"><b>Exception</b></td>
<td width="10%"><b>Time (seconds)</b></td>
<td><b>Instance</b></td>
</tr>
<tr>
<td title='com.arcapi.CompleteDataValidationNoPayloadTestcases.AssetAppaddPOSTAPITest.AssetAppaddPOSTAPI()'><b>AssetAppaddPOSTAPI</b><br>Test class: com.arcapi.CompleteDataValidationNoPayloadTestcases.AssetAppaddPOSTAPITest<br>Parameters: STG, ProjectIDBuildingNone, 2</td>
<td><div><pre>java.lang.AssertionError: expected [400] but found [404]
	at com.Utill.Controller.Assertion.verifyStatusCode(Assertion.java:20)
	at com.arcapi.CompleteDataValidationNoPayloadTestcases.AssetAppaddPOSTAPITest.AssetAppaddPOSTAPI(AssetAppaddPOSTAPITest.java:24)
... Removed 31 stack frames</pre></div><a href='#' onClick='toggleBox("stack-trace1684265526", this, "Click to show all stack frames", "Click to hide stack frames")'>Click to show all stack frames</a>
<div class='stack-trace' id='stack-trace1684265526'><pre>java.lang.AssertionError: expected [400] but found [404]
	at org.testng.Assert.fail(Assert.java:94)
	at org.testng.Assert.failNotEquals(Assert.java:513)
	at org.testng.Assert.assertEqualsImpl(Assert.java:135)
	at org.testng.Assert.assertEquals(Assert.java:116)
	at org.testng.Assert.assertEquals(Assert.java:389)
	at org.testng.Assert.assertEquals(Assert.java:399)
	at com.Utill.Controller.Assertion.verifyStatusCode(Assertion.java:20)
	at com.arcapi.CompleteDataValidationNoPayloadTestcases.AssetAppaddPOSTAPITest.AssetAppaddPOSTAPI(AssetAppaddPOSTAPITest.java:24)
	at sun.reflect.NativeMethodAccessorImpl.invoke0(Native Method)
	at sun.reflect.NativeMethodAccessorImpl.invoke(NativeMethodAccessorImpl.java:62)
	at sun.reflect.DelegatingMethodAccessorImpl.invoke(DelegatingMethodAccessorImpl.java:43)
	at java.lang.reflect.Method.invoke(Method.java:498)
	at org.testng.internal.MethodInvocationHelper.invokeMethod(MethodInvocationHelper.java:86)
	at org.testng.internal.Invoker.invokeMethod(Invoker.java:643)
	at org.testng.internal.Invoker.invokeTestMethod(Invoker.java:820)
	at org.testng.internal.Invoker.invokeTestMethods(Invoker.java:1128)
	at org.testng.internal.TestMethodWorker.invokeTestMethods(TestMethodWorker.java:129)
	at org.testng.internal.TestMethodWorker.run(TestMethodWorker.java:112)
	at org.testng.TestRunner.privateRun(TestRunner.java:782)
	at org.testng.TestRunner.run(TestRunner.java:632)
	at org.testng.SuiteRunner.runTest(SuiteRunner.java:366)
	at org.testng.SuiteRunner.runSequentially(SuiteRunner.java:361)
	at org.testng.SuiteRunner.privateRun(SuiteRunner.java:319)
	at org.testng.SuiteRunner.run(SuiteRunner.java:268)
	at org.testng.SuiteRunnerWorker.runSuite(SuiteRunnerWorker.java:52)
	at org.testng.SuiteRunnerWorker.run(SuiteRunnerWorker.java:86)
	at org.testng.TestNG.runSuitesSequentially(TestNG.java:1244)
	at org.testng.TestNG.runSuitesSequentially(TestNG.java:1240)
	at org.testng.TestNG.runSuitesLocally(TestNG.java:1169)
	at org.testng.TestNG.run(TestNG.java:1064)
	at org.testng.remote.RemoteTestNG.run(RemoteTestNG.java:113)
	at org.testng.remote.RemoteTestNG.initAndRun(RemoteTestNG.java:206)
	at org.testng.remote.RemoteTestNG.main(RemoteTestNG.java:177)
</pre></div></td>
<td>3</td>
<td>com.arcapi.CompleteDataValidationNoPayloadTestcases.AssetAppaddPOSTAPITest@6d8a00e3</td></tr>
<tr>
<td title='com.arcapi.CompleteDataValidationNoPayloadTestcases.ConsumptionCreatePOSTAPITest.ConsumptionCreatePOSTAPI()'><b>ConsumptionCreatePOSTAPI</b><br>Test class: com.arcapi.CompleteDataValidationNoPayloadTestcases.ConsumptionCreatePOSTAPITest<br>Parameters: STG, ProjectIDBuildingNone, 2</td>
<td><div><pre>java.lang.AssertionError: expected [400] but found [404]
	at com.Utill.Controller.Assertion.verifyStatusCode(Assertion.java:20)
	at com.arcapi.CompleteDataValidationNoPayloadTestcases.ConsumptionCreatePOSTAPITest.ConsumptionCreatePOSTAPI(ConsumptionCreatePOSTAPITest.java:23)
... Removed 31 stack frames</pre></div><a href='#' onClick='toggleBox("stack-trace1633375360", this, "Click to show all stack frames", "Click to hide stack frames")'>Click to show all stack frames</a>
<div class='stack-trace' id='stack-trace1633375360'><pre>java.lang.AssertionError: expected [400] but found [404]
	at org.testng.Assert.fail(Assert.java:94)
	at org.testng.Assert.failNotEquals(Assert.java:513)
	at org.testng.Assert.assertEqualsImpl(Assert.java:135)
	at org.testng.Assert.assertEquals(Assert.java:116)
	at org.testng.Assert.assertEquals(Assert.java:389)
	at org.testng.Assert.assertEquals(Assert.java:399)
	at com.Utill.Controller.Assertion.verifyStatusCode(Assertion.java:20)
	at com.arcapi.CompleteDataValidationNoPayloadTestcases.ConsumptionCreatePOSTAPITest.ConsumptionCreatePOSTAPI(ConsumptionCreatePOSTAPITest.java:23)
	at sun.reflect.NativeMethodAccessorImpl.invoke0(Native Method)
	at sun.reflect.NativeMethodAccessorImpl.invoke(NativeMethodAccessorImpl.java:62)
	at sun.reflect.DelegatingMethodAccessorImpl.invoke(DelegatingMethodAccessorImpl.java:43)
	at java.lang.reflect.Method.invoke(Method.java:498)
	at org.testng.internal.MethodInvocationHelper.invokeMethod(MethodInvocationHelper.java:86)
	at org.testng.internal.Invoker.invokeMethod(Invoker.java:643)
	at org.testng.internal.Invoker.invokeTestMethod(Invoker.java:820)
	at org.testng.internal.Invoker.invokeTestMethods(Invoker.java:1128)
	at org.testng.internal.TestMethodWorker.invokeTestMethods(TestMethodWorker.java:129)
	at org.testng.internal.TestMethodWorker.run(TestMethodWorker.java:112)
	at org.testng.TestRunner.privateRun(TestRunner.java:782)
	at org.testng.TestRunner.run(TestRunner.java:632)
	at org.testng.SuiteRunner.runTest(SuiteRunner.java:366)
	at org.testng.SuiteRunner.runSequentially(SuiteRunner.java:361)
	at org.testng.SuiteRunner.privateRun(SuiteRunner.java:319)
	at org.testng.SuiteRunner.run(SuiteRunner.java:268)
	at org.testng.SuiteRunnerWorker.runSuite(SuiteRunnerWorker.java:52)
	at org.testng.SuiteRunnerWorker.run(SuiteRunnerWorker.java:86)
	at org.testng.TestNG.runSuitesSequentially(TestNG.java:1244)
	at org.testng.TestNG.runSuitesSequentially(TestNG.java:1240)
	at org.testng.TestNG.runSuitesLocally(TestNG.java:1169)
	at org.testng.TestNG.run(TestNG.java:1064)
	at org.testng.remote.RemoteTestNG.run(RemoteTestNG.java:113)
	at org.testng.remote.RemoteTestNG.initAndRun(RemoteTestNG.java:206)
	at org.testng.remote.RemoteTestNG.main(RemoteTestNG.java:177)
</pre></div></td>
<td>1</td>
<td>com.arcapi.CompleteDataValidationNoPayloadTestcases.ConsumptionCreatePOSTAPITest@174d20a</td></tr>
<tr>
<td title='com.arcapi.CompleteDataValidationNoPayloadTestcases.NotificationSubscriptionDetailPutTest.NotificationSubscriptionDetail()'><b>NotificationSubscriptionDetail</b><br>Test class: com.arcapi.CompleteDataValidationNoPayloadTestcases.NotificationSubscriptionDetailPutTest<br>Parameters: STG, ProjectIDBuildingNone, 2</td>
<td><div><pre>java.lang.AssertionError: expected [400] but found [404]
	at com.Utill.Controller.Assertion.verifyStatusCode(Assertion.java:20)
	at com.arcapi.CompleteDataValidationNoPayloadTestcases.NotificationSubscriptionDetailPutTest.NotificationSubscriptionDetail(NotificationSubscriptionDetailPutTest.java:23)
... Removed 31 stack frames</pre></div><a href='#' onClick='toggleBox("stack-trace717951588", this, "Click to show all stack frames", "Click to hide stack frames")'>Click to show all stack frames</a>
<div class='stack-trace' id='stack-trace717951588'><pre>java.lang.AssertionError: expected [400] but found [404]
	at org.testng.Assert.fail(Assert.java:94)
	at org.testng.Assert.failNotEquals(Assert.java:513)
	at org.testng.Assert.assertEqualsImpl(Assert.java:135)
	at org.testng.Assert.assertEquals(Assert.java:116)
	at org.testng.Assert.assertEquals(Assert.java:389)
	at org.testng.Assert.assertEquals(Assert.java:399)
	at com.Utill.Controller.Assertion.verifyStatusCode(Assertion.java:20)
	at com.arcapi.CompleteDataValidationNoPayloadTestcases.NotificationSubscriptionDetailPutTest.NotificationSubscriptionDetail(NotificationSubscriptionDetailPutTest.java:23)
	at sun.reflect.NativeMethodAccessorImpl.invoke0(Native Method)
	at sun.reflect.NativeMethodAccessorImpl.invoke(NativeMethodAccessorImpl.java:62)
	at sun.reflect.DelegatingMethodAccessorImpl.invoke(DelegatingMethodAccessorImpl.java:43)
	at java.lang.reflect.Method.invoke(Method.java:498)
	at org.testng.internal.MethodInvocationHelper.invokeMethod(MethodInvocationHelper.java:86)
	at org.testng.internal.Invoker.invokeMethod(Invoker.java:643)
	at org.testng.internal.Invoker.invokeTestMethod(Invoker.java:820)
	at org.testng.internal.Invoker.invokeTestMethods(Invoker.java:1128)
	at org.testng.internal.TestMethodWorker.invokeTestMethods(TestMethodWorker.java:129)
	at org.testng.internal.TestMethodWorker.run(TestMethodWorker.java:112)
	at org.testng.TestRunner.privateRun(TestRunner.java:782)
	at org.testng.TestRunner.run(TestRunner.java:632)
	at org.testng.SuiteRunner.runTest(SuiteRunner.java:366)
	at org.testng.SuiteRunner.runSequentially(SuiteRunner.java:361)
	at org.testng.SuiteRunner.privateRun(SuiteRunner.java:319)
	at org.testng.SuiteRunner.run(SuiteRunner.java:268)
	at org.testng.SuiteRunnerWorker.runSuite(SuiteRunnerWorker.java:52)
	at org.testng.SuiteRunnerWorker.run(SuiteRunnerWorker.java:86)
	at org.testng.TestNG.runSuitesSequentially(TestNG.java:1244)
	at org.testng.TestNG.runSuitesSequentially(TestNG.java:1240)
	at org.testng.TestNG.runSuitesLocally(TestNG.java:1169)
	at org.testng.TestNG.run(TestNG.java:1064)
	at org.testng.remote.RemoteTestNG.run(RemoteTestNG.java:113)
	at org.testng.remote.RemoteTestNG.initAndRun(RemoteTestNG.java:206)
	at org.testng.remote.RemoteTestNG.main(RemoteTestNG.java:177)
</pre></div></td>
<td>2</td>
<td>com.arcapi.CompleteDataValidationNoPayloadTestcases.NotificationSubscriptionDetailPutTest@32d992b2</td></tr>
<tr>
<td title='com.arcapi.CompleteDataValidationNoPayloadTestcases.NotificationSubscriptionDetailDeleteTest.NotificationSubscriptionDetailDelete()'><b>NotificationSubscriptionDetailDelete</b><br>Test class: com.arcapi.CompleteDataValidationNoPayloadTestcases.NotificationSubscriptionDetailDeleteTest<br>Parameters: STG, ProjectIDBuildingNone, 2</td>
<td><div><pre>java.lang.AssertionError: expected [400] but found [404]
	at com.Utill.Controller.Assertion.verifyStatusCode(Assertion.java:20)
	at com.arcapi.CompleteDataValidationNoPayloadTestcases.NotificationSubscriptionDetailDeleteTest.NotificationSubscriptionDetailDelete(NotificationSubscriptionDetailDeleteTest.java:23)
... Removed 31 stack frames</pre></div><a href='#' onClick='toggleBox("stack-trace1824877362", this, "Click to show all stack frames", "Click to hide stack frames")'>Click to show all stack frames</a>
<div class='stack-trace' id='stack-trace1824877362'><pre>java.lang.AssertionError: expected [400] but found [404]
	at org.testng.Assert.fail(Assert.java:94)
	at org.testng.Assert.failNotEquals(Assert.java:513)
	at org.testng.Assert.assertEqualsImpl(Assert.java:135)
	at org.testng.Assert.assertEquals(Assert.java:116)
	at org.testng.Assert.assertEquals(Assert.java:389)
	at org.testng.Assert.assertEquals(Assert.java:399)
	at com.Utill.Controller.Assertion.verifyStatusCode(Assertion.java:20)
	at com.arcapi.CompleteDataValidationNoPayloadTestcases.NotificationSubscriptionDetailDeleteTest.NotificationSubscriptionDetailDelete(NotificationSubscriptionDetailDeleteTest.java:23)
	at sun.reflect.NativeMethodAccessorImpl.invoke0(Native Method)
	at sun.reflect.NativeMethodAccessorImpl.invoke(NativeMethodAccessorImpl.java:62)
	at sun.reflect.DelegatingMethodAccessorImpl.invoke(DelegatingMethodAccessorImpl.java:43)
	at java.lang.reflect.Method.invoke(Method.java:498)
	at org.testng.internal.MethodInvocationHelper.invokeMethod(MethodInvocationHelper.java:86)
	at org.testng.internal.Invoker.invokeMethod(Invoker.java:643)
	at org.testng.internal.Invoker.invokeTestMethod(Invoker.java:820)
	at org.testng.internal.Invoker.invokeTestMethods(Invoker.java:1128)
	at org.testng.internal.TestMethodWorker.invokeTestMethods(TestMethodWorker.java:129)
	at org.testng.internal.TestMethodWorker.run(TestMethodWorker.java:112)
	at org.testng.TestRunner.privateRun(TestRunner.java:782)
	at org.testng.TestRunner.run(TestRunner.java:632)
	at org.testng.SuiteRunner.runTest(SuiteRunner.java:366)
	at org.testng.SuiteRunner.runSequentially(SuiteRunner.java:361)
	at org.testng.SuiteRunner.privateRun(SuiteRunner.java:319)
	at org.testng.SuiteRunner.run(SuiteRunner.java:268)
	at org.testng.SuiteRunnerWorker.runSuite(SuiteRunnerWorker.java:52)
	at org.testng.SuiteRunnerWorker.run(SuiteRunnerWorker.java:86)
	at org.testng.TestNG.runSuitesSequentially(TestNG.java:1244)
	at org.testng.TestNG.runSuitesSequentially(TestNG.java:1240)
	at org.testng.TestNG.runSuitesLocally(TestNG.java:1169)
	at org.testng.TestNG.run(TestNG.java:1064)
	at org.testng.remote.RemoteTestNG.run(RemoteTestNG.java:113)
	at org.testng.remote.RemoteTestNG.initAndRun(RemoteTestNG.java:206)
	at org.testng.remote.RemoteTestNG.main(RemoteTestNG.java:177)
</pre></div></td>
<td>1</td>
<td>com.arcapi.CompleteDataValidationNoPayloadTestcases.NotificationSubscriptionDetailDeleteTest@215be6bb</td></tr>
</table><p>
<table width='100%' border='1' class='invocation-passed'>
<tr><td colspan='4' align='center'><b>PASSED TESTS</b></td></tr>
<tr><td><b>Test method</b></td>
<td width="30%"><b>Exception</b></td>
<td width="10%"><b>Time (seconds)</b></td>
<td><b>Instance</b></td>
</tr>
<tr>
<td title='com.arcapi.Common.AddAssestTimelinePOSTAPITest.AddAssestTimeline()'><b>AddAssestTimeline</b><br>Test class: com.arcapi.Common.AddAssestTimelinePOSTAPITest<br>Parameters: STG, ProjectIDBuildingNone, 2</td>
<td></td>
<td>6</td>
<td>com.arcapi.Common.AddAssestTimelinePOSTAPITest@5cc7c2a6</td></tr>
<tr>
<td title='com.arcapi.CompleteDataValidationNoPayloadTestcases.AnalysisDataSubmitPOSTAPITest.AnalysisDataSubmitPOSTAPI()'><b>AnalysisDataSubmitPOSTAPI</b><br>Test class: com.arcapi.CompleteDataValidationNoPayloadTestcases.AnalysisDataSubmitPOSTAPITest<br>Parameters: STG, ProjectIDBuildingNone, 2</td>
<td></td>
<td>1</td>
<td>com.arcapi.CompleteDataValidationNoPayloadTestcases.AnalysisDataSubmitPOSTAPITest@6cc4c815</td></tr>
<tr>
<td title='com.arcapi.CompleteDataValidationNoPayloadTestcases.AssetCertificationPOSTAPITest.AssetCertificationPOSTAPI()'><b>AssetCertificationPOSTAPI</b><br>Test class: com.arcapi.CompleteDataValidationNoPayloadTestcases.AssetCertificationPOSTAPITest<br>Parameters: STG, ProjectIDBuildingNone, 2</td>
<td></td>
<td>2</td>
<td>com.arcapi.CompleteDataValidationNoPayloadTestcases.AssetCertificationPOSTAPITest@3a82f6ef</td></tr>
<tr>
<td title='com.arcapi.CompleteDataValidationNoPayloadTestcases.AssetNotificationSubscriptionPostTest.AssetNotificationSubscriptionPost()'><b>AssetNotificationSubscriptionPost</b><br>Test class: com.arcapi.CompleteDataValidationNoPayloadTestcases.AssetNotificationSubscriptionPostTest<br>Parameters: STG, ProjectIDBuildingNone, 2</td>
<td></td>
<td>1</td>
<td>com.arcapi.CompleteDataValidationNoPayloadTestcases.AssetNotificationSubscriptionPostTest@1810399e</td></tr>
<tr>
<td title='com.arcapi.CompleteDataValidationNoPayloadTestcases.AssetOwnerOrgPOSTAPITest.AssetOwnerOrgPOSTAPI()'><b>AssetOwnerOrgPOSTAPI</b><br>Test class: com.arcapi.CompleteDataValidationNoPayloadTestcases.AssetOwnerOrgPOSTAPITest</td>
<td></td>
<td>1</td>
<td>com.arcapi.CompleteDataValidationNoPayloadTestcases.AssetOwnerOrgPOSTAPITest@4590c9c3</td></tr>
<tr>
<td title='com.arcapi.CompleteDataValidationNoPayloadTestcases.AssetPerformanceScorePostAPITest.AssetPerformanceScorePostAPI()'><b>AssetPerformanceScorePostAPI</b><br>Test class: com.arcapi.CompleteDataValidationNoPayloadTestcases.AssetPerformanceScorePostAPITest<br>Parameters: STG, ProjectIDBuildingNone, 2</td>
<td></td>
<td>1</td>
<td>com.arcapi.CompleteDataValidationNoPayloadTestcases.AssetPerformanceScorePostAPITest@56f4468b</td></tr>
<tr>
<td title='com.arcapi.CompleteDataValidationNoPayloadTestcases.AssetTeamMemberAddPOSTAPITest.AssetTeamMemberAddPOSTAPI()'><b>AssetTeamMemberAddPOSTAPI</b><br>Test class: com.arcapi.CompleteDataValidationNoPayloadTestcases.AssetTeamMemberAddPOSTAPITest<br>Parameters: STG, ProjectIDBuildingNone, 2</td>
<td></td>
<td>3</td>
<td>com.arcapi.CompleteDataValidationNoPayloadTestcases.AssetTeamMemberAddPOSTAPITest@402f32ff</td></tr>
<tr>
<td title='com.arcapi.CompleteDataValidationNoPayloadTestcases.AssetTeamMemberRemoveAPITest.AssetTeamMemberRemoveAPI()'><b>AssetTeamMemberRemoveAPI</b><br>Test class: com.arcapi.CompleteDataValidationNoPayloadTestcases.AssetTeamMemberRemoveAPITest<br>Parameters: STG, ProjectIDBuildingNone, 2</td>
<td></td>
<td>2</td>
<td>com.arcapi.CompleteDataValidationNoPayloadTestcases.AssetTeamMemberRemoveAPITest@5ae9a829</td></tr>
<tr>
<td title='com.arcapi.CompleteDataValidationNoPayloadTestcases.AssetTeamMemberUpdateAPITest.AssetTeamMemberUpdateAPI()'><b>AssetTeamMemberUpdateAPI</b><br>Test class: com.arcapi.CompleteDataValidationNoPayloadTestcases.AssetTeamMemberUpdateAPITest<br>Parameters: STG, ProjectIDBuildingNone, 2</td>
<td></td>
<td>3</td>
<td>com.arcapi.CompleteDataValidationNoPayloadTestcases.AssetTeamMemberUpdateAPITest@573f2bb1</td></tr>
<tr>
<td title='com.arcapi.CompleteDataValidationNoPayloadTestcases.AssetTeamPermissionPostAPITest.AssetTeamPermissionPostAPI()'><b>AssetTeamPermissionPostAPI</b><br>Test class: com.arcapi.CompleteDataValidationNoPayloadTestcases.AssetTeamPermissionPostAPITest<br>Parameters: STG, ProjectIDBuildingNone, 2</td>
<td></td>
<td>1</td>
<td>com.arcapi.CompleteDataValidationNoPayloadTestcases.AssetTeamPermissionPostAPITest@50c87b21</td></tr>
<tr>
<td title='com.arcapi.CompleteDataValidationNoPayloadTestcases.AssetTeamPermissionPutAPITest.AssetTeamPermissionPutAPI()'><b>AssetTeamPermissionPutAPI</b><br>Test class: com.arcapi.CompleteDataValidationNoPayloadTestcases.AssetTeamPermissionPutAPITest<br>Parameters: STG, ProjectIDBuildingNone, 2</td>
<td></td>
<td>2</td>
<td>com.arcapi.CompleteDataValidationNoPayloadTestcases.AssetTeamPermissionPutAPITest@5f375618</td></tr>
<tr>
<td title='com.arcapi.CompleteDataValidationNoPayloadTestcases.AssetUpdateforNewAssetPUTAPITest.AssetUpdateforNewAssetPUTAPI()'><b>AssetUpdateforNewAssetPUTAPI</b><br>Test class: com.arcapi.CompleteDataValidationNoPayloadTestcases.AssetUpdateforNewAssetPUTAPITest<br>Parameters: STG, ProjectIDBuildingNone, 2</td>
<td></td>
<td>3</td>
<td>com.arcapi.CompleteDataValidationNoPayloadTestcases.AssetUpdateforNewAssetPUTAPITest@6574b225</td></tr>
<tr>
<td title='com.arcapi.CompleteDataValidationNoPayloadTestcases.AssetValidationInfoPOSTAPITest.AssetValidationInfoPOSTAPI()'><b>AssetValidationInfoPOSTAPI</b><br>Test class: com.arcapi.CompleteDataValidationNoPayloadTestcases.AssetValidationInfoPOSTAPITest</td>
<td></td>
<td>2</td>
<td>com.arcapi.CompleteDataValidationNoPayloadTestcases.AssetValidationInfoPOSTAPITest@b97c004</td></tr>
<tr>
<td title='com.arcapi.Buildingtestcases.ConsumptionCreatePOSTAPITest.ConsumptionCreatePOSTAPI()'><b>ConsumptionCreatePOSTAPI</b><br>Test class: com.arcapi.Buildingtestcases.ConsumptionCreatePOSTAPITest<br>Parameters: STG, ProjectIDBuildingNone, 2</td>
<td></td>
<td>3</td>
<td>com.arcapi.Buildingtestcases.ConsumptionCreatePOSTAPITest@7921b0a2</td></tr>
<tr>
<td title='com.arcapi.CompleteDataValidationNoPayloadTestcases.ConsumptionUpdatePUTAPITest.ConsumptionUpdatePUTAPI()'><b>ConsumptionUpdatePUTAPI</b><br>Test class: com.arcapi.CompleteDataValidationNoPayloadTestcases.ConsumptionUpdatePUTAPITest<br>Parameters: STG, ProjectIDBuildingNone, 2</td>
<td></td>
<td>2</td>
<td>com.arcapi.CompleteDataValidationNoPayloadTestcases.ConsumptionUpdatePUTAPITest@66d2e7d9</td></tr>
<tr>
<td title='com.arcapi.Buildingtestcases.CreateAssetBuildingV3APITest.CreateAssetPOSTAPI()'><b>CreateAssetPOSTAPI</b><br>Test class: com.arcapi.Buildingtestcases.CreateAssetBuildingV3APITest<br>Parameters: building, ProjectIDBuildingNone, US, none</td>
<td></td>
<td>9</td>
<td>com.arcapi.Buildingtestcases.CreateAssetBuildingV3APITest@6276ae34</td></tr>
<tr>
<td title='com.arcapi.CompleteDataValidationNoPayloadTestcases.CreateAssetPOSTAPITest.CreateAssetPOSTAPI()'><b>CreateAssetPOSTAPI</b><br>Test class: com.arcapi.CompleteDataValidationNoPayloadTestcases.CreateAssetPOSTAPITest<br>Parameters: STG, building, ProjectIDBuildingNone, 2</td>
<td></td>
<td>2</td>
<td>com.arcapi.CompleteDataValidationNoPayloadTestcases.CreateAssetPOSTAPITest@32e6e9c3</td></tr>
<tr>
<td title='com.arcapi.CompleteDataValidationNoPayloadTestcases.CreditFormUploadPOSTAPITest.CreditFormUploadPOSTAPI()'><b>CreditFormUploadPOSTAPI</b><br>Test class: com.arcapi.CompleteDataValidationNoPayloadTestcases.CreditFormUploadPOSTAPITest<br>Parameters: STG, ProjectIDBuildingNone, 2</td>
<td></td>
<td>1</td>
<td>com.arcapi.CompleteDataValidationNoPayloadTestcases.CreditFormUploadPOSTAPITest@2344fc66</td></tr>
<tr>
<td title='com.arcapi.Buildingtestcases.CreditGetAPITest.CreditGetAPI()'><b>CreditGetAPI</b><br>Test class: com.arcapi.Buildingtestcases.CreditGetAPITest<br>Parameters: STG, ProjectIDBuildingNone, 2</td>
<td></td>
<td>13</td>
<td>com.arcapi.Buildingtestcases.CreditGetAPITest@2669b199</td></tr>
<tr>
<td title='com.arcapi.CompleteDataValidationNoPayloadTestcases.EnvironmentSurveyCreatePOSTAPITest.EnvironmentSurveyCreatePOSTAPI()'><b>EnvironmentSurveyCreatePOSTAPI</b><br>Test class: com.arcapi.CompleteDataValidationNoPayloadTestcases.EnvironmentSurveyCreatePOSTAPITest<br>Parameters: STG, ProjectIDBuildingNone, 2</td>
<td></td>
<td>2</td>
<td>com.arcapi.CompleteDataValidationNoPayloadTestcases.EnvironmentSurveyCreatePOSTAPITest@48eff760</td></tr>
<tr>
<td title='com.arcapi.CompleteDataValidationNoPayloadTestcases.ExcelUploadTemplatePOSTAPITest.ExcelUploadTemplatePOSTAPI()'><b>ExcelUploadTemplatePOSTAPI</b><br>Test class: com.arcapi.CompleteDataValidationNoPayloadTestcases.ExcelUploadTemplatePOSTAPITest<br>Parameters: STG, ProjectIDBuildingNone, 2</td>
<td></td>
<td>1</td>
<td>com.arcapi.CompleteDataValidationNoPayloadTestcases.ExcelUploadTemplatePOSTAPITest@6d78f375</td></tr>
<tr>
<td title='com.arcapi.CompleteDataValidationNoPayloadTestcases.FeedbackSubmitPostAPITest.FeedbackSubmitPostAPI()'><b>FeedbackSubmitPostAPI</b><br>Test class: com.arcapi.CompleteDataValidationNoPayloadTestcases.FeedbackSubmitPostAPITest<br>Parameters: STG, ProjectIDBuildingNone, 2</td>
<td></td>
<td>1</td>
<td>com.arcapi.CompleteDataValidationNoPayloadTestcases.FeedbackSubmitPostAPITest@5d5eef3d</td></tr>
<tr>
<td title='com.arcapi.Common.LoginAPITest.LoginAPI()'><b>LoginAPI</b><br>Test class: com.arcapi.Common.LoginAPITest</td>
<td></td>
<td>9</td>
<td>com.arcapi.Common.LoginAPITest@39fb3ab6</td></tr>
<tr>
<td title='com.arcapi.CompleteDataValidationNoPayloadTestcases.MeterBulkConsumptionPOSTAPITest.MeterBulkConsumptionPOSTAPI()'><b>MeterBulkConsumptionPOSTAPI</b><br>Test class: com.arcapi.CompleteDataValidationNoPayloadTestcases.MeterBulkConsumptionPOSTAPITest<br>Parameters: STG, ProjectIDBuildingNone, 2</td>
<td></td>
<td>2</td>
<td>com.arcapi.CompleteDataValidationNoPayloadTestcases.MeterBulkConsumptionPOSTAPITest@6a024a67</td></tr>
<tr>
<td title='com.arcapi.Buildingtestcases.MeterCreatePOSTAPITest.MeterCreatePOSTAPI()'><b>MeterCreatePOSTAPI</b><br>Test class: com.arcapi.Buildingtestcases.MeterCreatePOSTAPITest<br>Parameters: STG, ProjectIDBuildingNone, 2</td>
<td></td>
<td>2</td>
<td>com.arcapi.Buildingtestcases.MeterCreatePOSTAPITest@458ad742</td></tr>
<tr>
<td title='com.arcapi.CompleteDataValidationNoPayloadTestcases.MeterCreatePOSTAPITest.MeterCreatePOSTAPI()'><b>MeterCreatePOSTAPI</b><br>Test class: com.arcapi.CompleteDataValidationNoPayloadTestcases.MeterCreatePOSTAPITest<br>Parameters: STG, ProjectIDBuildingNone, 2</td>
<td></td>
<td>1</td>
<td>com.arcapi.CompleteDataValidationNoPayloadTestcases.MeterCreatePOSTAPITest@5afa04c</td></tr>
<tr>
<td title='com.arcapi.CompleteDataValidationNoPayloadTestcases.MeterUpdatePUTAPITest.MeterUpdatePUTAPI()'><b>MeterUpdatePUTAPI</b><br>Test class: com.arcapi.CompleteDataValidationNoPayloadTestcases.MeterUpdatePUTAPITest<br>Parameters: STG, ProjectIDBuildingNone, 2</td>
<td></td>
<td>2</td>
<td>com.arcapi.CompleteDataValidationNoPayloadTestcases.MeterUpdatePUTAPITest@6ea12c19</td></tr>
<tr>
<td title='com.arcapi.CompleteDataValidationNoPayloadTestcases.NotificationCreatePOSTAPITest.NotificationCreatePOSTAPI()'><b>NotificationCreatePOSTAPI</b><br>Test class: com.arcapi.CompleteDataValidationNoPayloadTestcases.NotificationCreatePOSTAPITest<br>Parameters: STG, ProjectIDBuildingNone, 2</td>
<td></td>
<td>2</td>
<td>com.arcapi.CompleteDataValidationNoPayloadTestcases.NotificationCreatePOSTAPITest@5dfcfece</td></tr>
<tr>
<td title='com.arcapi.CompleteDataValidationNoPayloadTestcases.NotificationDeleteAPITest.NotificationDeleteAPI()'><b>NotificationDeleteAPI</b><br>Test class: com.arcapi.CompleteDataValidationNoPayloadTestcases.NotificationDeleteAPITest<br>Parameters: STG, ProjectIDBuildingNone, 2</td>
<td></td>
<td>2</td>
<td>com.arcapi.CompleteDataValidationNoPayloadTestcases.NotificationDeleteAPITest@23ceabc1</td></tr>
<tr>
<td title='com.arcapi.Common.PaymentOrderSubmitPOSTAPITest.PaymentOrderSubmitPOSTAPI()'><b>PaymentOrderSubmitPOSTAPI</b><br>Test class: com.arcapi.Common.PaymentOrderSubmitPOSTAPITest<br>Parameters: STG, ProjectIDBuildingNone, 2, CreditCardPayment</td>
<td></td>
<td>11</td>
<td>com.arcapi.Common.PaymentOrderSubmitPOSTAPITest@3c09711b</td></tr>
<tr>
<td title='com.arcapi.CompleteDataValidationNoPayloadTestcases.PaymentOrderSubmitPOSTAPITest.PaymentOrderSubmitPOSTAPI()'><b>PaymentOrderSubmitPOSTAPI</b><br>Test class: com.arcapi.CompleteDataValidationNoPayloadTestcases.PaymentOrderSubmitPOSTAPITest<br>Parameters: STG, ProjectIDBuildingNone, 2</td>
<td></td>
<td>1</td>
<td>com.arcapi.CompleteDataValidationNoPayloadTestcases.PaymentOrderSubmitPOSTAPITest@5056dfcb</td></tr>
<tr>
<td title='com.arcapi.CompleteDataValidationNoPayloadTestcases.S3DocumentRemoveAPITest.S3DocumentRemoveAPI()'><b>S3DocumentRemoveAPI</b><br>Test class: com.arcapi.CompleteDataValidationNoPayloadTestcases.S3DocumentRemoveAPITest<br>Parameters: STG, ProjectIDBuildingNone, 2</td>
<td></td>
<td>2</td>
<td>com.arcapi.CompleteDataValidationNoPayloadTestcases.S3DocumentRemoveAPITest@7ac7a4e4</td></tr>
<tr>
<td title='com.arcapi.CompleteDataValidationNoPayloadTestcases.S3DocumentUploadPOSTAPITest.S3DocumentUploadPOSTAPI()'><b>S3DocumentUploadPOSTAPI</b><br>Test class: com.arcapi.CompleteDataValidationNoPayloadTestcases.S3DocumentUploadPOSTAPITest<br>Parameters: STG, ProjectIDBuildingNone, 2</td>
<td></td>
<td>2</td>
<td>com.arcapi.CompleteDataValidationNoPayloadTestcases.S3DocumentUploadPOSTAPITest@548b7f67</td></tr>
<tr>
<td title='com.arcapi.Common.SignAgreementRegistrationAPITest.SignAgreementRegistrationAPI()'><b>SignAgreementRegistrationAPI</b><br>Test class: com.arcapi.Common.SignAgreementRegistrationAPITest<br>Parameters: STG, ProjectIDBuildingNone, 2</td>
<td></td>
<td>4</td>
<td>com.arcapi.Common.SignAgreementRegistrationAPITest@7946e1f4</td></tr>
<tr>
<td title='com.arcapi.CompleteDataValidationNoPayloadTestcases.SubmitReviewPOSTAPITest.SubmitReviewPOSTAPI()'><b>SubmitReviewPOSTAPI</b><br>Test class: com.arcapi.CompleteDataValidationNoPayloadTestcases.SubmitReviewPOSTAPITest<br>Parameters: STG, ProjectIDBuildingNone, 2, building, performance score</td>
<td></td>
<td>1</td>
<td>com.arcapi.CompleteDataValidationNoPayloadTestcases.SubmitReviewPOSTAPITest@4439f31e</td></tr>
<tr>
<td title='com.arcapi.CompleteDataValidationNoPayloadTestcases.TransitSurveyCreatePOSTAPITest.TransitSurveyCreatePOSTAPI()'><b>TransitSurveyCreatePOSTAPI</b><br>Test class: com.arcapi.CompleteDataValidationNoPayloadTestcases.TransitSurveyCreatePOSTAPITest<br>Parameters: STG, ProjectIDBuildingNone, 2</td>
<td></td>
<td>2</td>
<td>com.arcapi.CompleteDataValidationNoPayloadTestcases.TransitSurveyCreatePOSTAPITest@7c0e2abd</td></tr>
<tr>
<td title='com.arcapi.CompleteDataValidationNoPayloadTestcases.WasteCreatePOSTAPITest.WasteCreatePOSTAPI()'><b>WasteCreatePOSTAPI</b><br>Test class: com.arcapi.CompleteDataValidationNoPayloadTestcases.WasteCreatePOSTAPITest<br>Parameters: STG, ProjectIDBuildingNone, 2</td>
<td></td>
<td>1</td>
<td>com.arcapi.CompleteDataValidationNoPayloadTestcases.WasteCreatePOSTAPITest@4de8b406</td></tr>
<tr>
<td title='com.arcapi.CompleteDataValidationNoPayloadTestcases.WasteDivertedBulkDataPostTest.WasteDivertedBulkDataPost()'><b>WasteDivertedBulkDataPost</b><br>Test class: com.arcapi.CompleteDataValidationNoPayloadTestcases.WasteDivertedBulkDataPostTest<br>Parameters: STG, ProjectIDBuildingNone, 2</td>
<td></td>
<td>2</td>
<td>com.arcapi.CompleteDataValidationNoPayloadTestcases.WasteDivertedBulkDataPostTest@6a2bcfcb</td></tr>
<tr>
<td title='com.arcapi.CompleteDataValidationNoPayloadTestcases.WasteGeneratedBulkDataPostTest.WasteGeneratedBulkDataPost()'><b>WasteGeneratedBulkDataPost</b><br>Test class: com.arcapi.CompleteDataValidationNoPayloadTestcases.WasteGeneratedBulkDataPostTest<br>Parameters: STG, ProjectIDBuildingNone, 2</td>
<td></td>
<td>1</td>
<td>com.arcapi.CompleteDataValidationNoPayloadTestcases.WasteGeneratedBulkDataPostTest@1efbd816</td></tr>
<tr>
<td title='com.arcapi.CompleteDataValidationNoPayloadTestcases.WasteUpdatePUTAPITest.WasteUpdatePUTAPI()'><b>WasteUpdatePUTAPI</b><br>Test class: com.arcapi.CompleteDataValidationNoPayloadTestcases.WasteUpdatePUTAPITest<br>Parameters: STG, ProjectIDBuildingNone, 2</td>
<td></td>
<td>2</td>
<td>com.arcapi.CompleteDataValidationNoPayloadTestcases.WasteUpdatePUTAPITest@3c756e4d</td></tr>
</table><p>
</body>
</html>