<?xml version="1.0" encoding="UTF-8"?>
<!-- Generated by org.testng.reporters.JUnitXMLReporter -->
<testsuite hostname="G10GGNLT052" name="CompleteFlowTest-Building-None" tests="44" failures="4" timestamp="10 Sep 2019 11:10:21 GMT" time="163.665" errors="0">
  <testcase name="LoginAPI" time="7.65" classname="com.arcapi.Common.LoginAPITest"/>
  <testcase name="CreateAssetPOSTAPI" time="8.911" classname="com.arcapi.Buildingtestcases.CreateAssetBuildingV3APITest"/>
  <testcase name="SignAgreementRegistrationAPI" time="3.475" classname="com.arcapi.Common.SignAgreementRegistrationAPITest"/>
  <testcase name="PaymentOrderSubmitPOSTAPI" time="13.154" classname="com.arcapi.Common.PaymentOrderSubmitPOSTAPITest"/>
  <testcase name="AddAssestTimeline" time="5.915" classname="com.arcapi.Common.AddAssestTimelinePOSTAPITest"/>
  <testcase name="AssetValidationInfoPOSTAPI" time="4.457" classname="com.arcapi.CompleteDataValidationNoPayloadTestcases.AssetValidationInfoPOSTAPITest"/>
  <testcase name="AssetOwnerOrgPOSTAPI" time="4.405" classname="com.arcapi.CompleteDataValidationNoPayloadTestcases.AssetOwnerOrgPOSTAPITest"/>
  <testcase name="CreateAssetPOSTAPI" time="1.376" classname="com.arcapi.CompleteDataValidationNoPayloadTestcases.CreateAssetPOSTAPITest"/>
  <testcase name="PaymentOrderSubmitPOSTAPI" time="2.904" classname="com.arcapi.CompleteDataValidationNoPayloadTestcases.PaymentOrderSubmitPOSTAPITest"/>
  <testcase name="AssetUpdateforNewAssetPUTAPI" time="4.146" classname="com.arcapi.CompleteDataValidationNoPayloadTestcases.AssetUpdateforNewAssetPUTAPITest"/>
  <testcase name="CreditGetAPI" time="9.526" classname="com.arcapi.Buildingtestcases.CreditGetAPITest"/>
  <testcase name="CreditFormUploadPOSTAPI" time="1.593" classname="com.arcapi.CompleteDataValidationNoPayloadTestcases.CreditFormUploadPOSTAPITest"/>
  <testcase name="MeterCreatePOSTAPI" time="1.659" classname="com.arcapi.Buildingtestcases.MeterCreatePOSTAPITest"/>
  <testcase name="MeterCreatePOSTAPI" time="1.956" classname="com.arcapi.CompleteDataValidationNoPayloadTestcases.MeterCreatePOSTAPITest"/>
  <testcase name="MeterUpdatePUTAPI" time="1.891" classname="com.arcapi.CompleteDataValidationNoPayloadTestcases.MeterUpdatePUTAPITest"/>
  <testcase name="MeterBulkConsumptionPOSTAPI" time="1.589" classname="com.arcapi.CompleteDataValidationNoPayloadTestcases.MeterBulkConsumptionPOSTAPITest"/>
  <testcase name="ConsumptionCreatePOSTAPI" time="6.077" classname="com.arcapi.Buildingtestcases.ConsumptionCreatePOSTAPITest"/>
  <testcase name="ConsumptionCreatePOSTAPI" time="1.378" classname="com.arcapi.CompleteDataValidationNoPayloadTestcases.ConsumptionCreatePOSTAPITest">
    <failure type="java.lang.AssertionError" message="expected [400] but found [404]">
      <![CDATA[java.lang.AssertionError: expected [400] but found [404]
	at com.Utill.Controller.Assertion.verifyStatusCode(Assertion.java:20)
	at com.arcapi.CompleteDataValidationNoPayloadTestcases.ConsumptionCreatePOSTAPITest.ConsumptionCreatePOSTAPI(ConsumptionCreatePOSTAPITest.java:23)
... Removed 31 stack frames]]>
    </failure>
  </testcase> <!-- ConsumptionCreatePOSTAPI -->
  <testcase name="ConsumptionUpdatePUTAPI" time="3.376" classname="com.arcapi.CompleteDataValidationNoPayloadTestcases.ConsumptionUpdatePUTAPITest"/>
  <testcase name="WasteGeneratedBulkDataPost" time="1.991" classname="com.arcapi.CompleteDataValidationNoPayloadTestcases.WasteGeneratedBulkDataPostTest"/>
  <testcase name="WasteDivertedBulkDataPost" time="4.357" classname="com.arcapi.CompleteDataValidationNoPayloadTestcases.WasteDivertedBulkDataPostTest"/>
  <testcase name="WasteCreatePOSTAPI" time="1.417" classname="com.arcapi.CompleteDataValidationNoPayloadTestcases.WasteCreatePOSTAPITest"/>
  <testcase name="WasteUpdatePUTAPI" time="1.27" classname="com.arcapi.CompleteDataValidationNoPayloadTestcases.WasteUpdatePUTAPITest"/>
  <testcase name="TransitSurveyCreatePOSTAPI" time="2.033" classname="com.arcapi.CompleteDataValidationNoPayloadTestcases.TransitSurveyCreatePOSTAPITest"/>
  <testcase name="EnvironmentSurveyCreatePOSTAPI" time="1.38" classname="com.arcapi.CompleteDataValidationNoPayloadTestcases.EnvironmentSurveyCreatePOSTAPITest"/>
  <testcase name="AssetTeamMemberAddPOSTAPI" time="3.299" classname="com.arcapi.CompleteDataValidationNoPayloadTestcases.AssetTeamMemberAddPOSTAPITest"/>
  <testcase name="AssetTeamMemberUpdateAPI" time="4.926" classname="com.arcapi.CompleteDataValidationNoPayloadTestcases.AssetTeamMemberUpdateAPITest"/>
  <testcase name="AssetTeamMemberRemoveAPI" time="3.021" classname="com.arcapi.CompleteDataValidationNoPayloadTestcases.AssetTeamMemberRemoveAPITest"/>
  <testcase name="AssetAppaddPOSTAPI" time="2.866" classname="com.arcapi.CompleteDataValidationNoPayloadTestcases.AssetAppaddPOSTAPITest">
    <failure type="java.lang.AssertionError" message="expected [400] but found [404]">
      <![CDATA[java.lang.AssertionError: expected [400] but found [404]
	at com.Utill.Controller.Assertion.verifyStatusCode(Assertion.java:20)
	at com.arcapi.CompleteDataValidationNoPayloadTestcases.AssetAppaddPOSTAPITest.AssetAppaddPOSTAPI(AssetAppaddPOSTAPITest.java:24)
... Removed 31 stack frames]]>
    </failure>
  </testcase> <!-- AssetAppaddPOSTAPI -->
  <testcase name="S3DocumentUploadPOSTAPI" time="1.719" classname="com.arcapi.CompleteDataValidationNoPayloadTestcases.S3DocumentUploadPOSTAPITest"/>
  <testcase name="S3DocumentRemoveAPI" time="1.336" classname="com.arcapi.CompleteDataValidationNoPayloadTestcases.S3DocumentRemoveAPITest"/>
  <testcase name="ExcelUploadTemplatePOSTAPI" time="1.393" classname="com.arcapi.CompleteDataValidationNoPayloadTestcases.ExcelUploadTemplatePOSTAPITest"/>
  <testcase name="AssetTeamPermissionPostAPI" time="1.748" classname="com.arcapi.CompleteDataValidationNoPayloadTestcases.AssetTeamPermissionPostAPITest"/>
  <testcase name="AssetTeamPermissionPutAPI" time="1.393" classname="com.arcapi.CompleteDataValidationNoPayloadTestcases.AssetTeamPermissionPutAPITest"/>
  <testcase name="AssetNotificationSubscriptionPost" time="1.38" classname="com.arcapi.CompleteDataValidationNoPayloadTestcases.AssetNotificationSubscriptionPostTest"/>
  <testcase name="NotificationSubscriptionDetail" time="1.379" classname="com.arcapi.CompleteDataValidationNoPayloadTestcases.NotificationSubscriptionDetailPutTest">
    <failure type="java.lang.AssertionError" message="expected [400] but found [404]">
      <![CDATA[java.lang.AssertionError: expected [400] but found [404]
	at com.Utill.Controller.Assertion.verifyStatusCode(Assertion.java:20)
	at com.arcapi.CompleteDataValidationNoPayloadTestcases.NotificationSubscriptionDetailPutTest.NotificationSubscriptionDetail(NotificationSubscriptionDetailPutTest.java:24)
... Removed 31 stack frames]]>
    </failure>
  </testcase> <!-- NotificationSubscriptionDetail -->
  <testcase name="NotificationSubscriptionDetailDelete" time="10.719" classname="com.arcapi.CompleteDataValidationNoPayloadTestcases.NotificationSubscriptionDetailDeleteTest">
    <failure type="java.lang.AssertionError" message="expected [400] but found [404]">
      <![CDATA[java.lang.AssertionError: expected [400] but found [404]
	at com.Utill.Controller.Assertion.verifyStatusCode(Assertion.java:20)
	at com.arcapi.CompleteDataValidationNoPayloadTestcases.NotificationSubscriptionDetailDeleteTest.NotificationSubscriptionDetailDelete(NotificationSubscriptionDetailDeleteTest.java:24)
... Removed 31 stack frames]]>
    </failure>
  </testcase> <!-- NotificationSubscriptionDetailDelete -->
  <testcase name="SubmitReviewPOSTAPI" time="1.516" classname="com.arcapi.CompleteDataValidationNoPayloadTestcases.SubmitReviewPOSTAPITest"/>
  <testcase name="NotificationCreatePOSTAPI" time="1.646" classname="com.arcapi.CompleteDataValidationNoPayloadTestcases.NotificationCreatePOSTAPITest"/>
  <testcase name="NotificationDeleteAPI" time="1.544" classname="com.arcapi.CompleteDataValidationNoPayloadTestcases.NotificationDeleteAPITest"/>
  <testcase name="FeedbackSubmitPostAPI" time="6.369" classname="com.arcapi.CompleteDataValidationNoPayloadTestcases.FeedbackSubmitPostAPITest"/>
  <testcase name="AssetPerformanceScorePostAPI" time="4.315" classname="com.arcapi.CompleteDataValidationNoPayloadTestcases.AssetPerformanceScorePostAPITest"/>
  <testcase name="AnalysisDataSubmitPOSTAPI" time="1.406" classname="com.arcapi.CompleteDataValidationNoPayloadTestcases.AnalysisDataSubmitPOSTAPITest"/>
  <testcase name="AssetCertificationPOSTAPI" time="3.473" classname="com.arcapi.CompleteDataValidationNoPayloadTestcases.AssetCertificationPOSTAPITest"/>
</testsuite> <!-- CompleteFlowTest-Building-None -->
