<?xml version="1.0" encoding="UTF-8"?>
<!-- Generated by org.testng.reporters.JUnitXMLReporter -->
<testsuite hostname="G10GGNLT052" name="DataValidationTest-Portfolios" tests="11" failures="9" timestamp="9 Oct 2019 05:37:52 GMT" time="329.554" errors="0">
  <testcase name="PortfoliosPostAPI" time="301.769" classname="com.arcapi.Portfoliostestcases.PortfoliosPostAPITest">
    <failure type="java.lang.AssertionError" message="expected [200] but found [500]">
      <![CDATA[java.lang.AssertionError: expected [200] but found [500]
	at com.Utill.Controller.Assertion.verifyStatusCode(Assertion.java:22)
	at com.arcapi.Portfoliostestcases.PortfoliosPostAPITest.PortfoliosPostAPI(PortfoliosPostAPITest.java:33)
... Removed 31 stack frames]]>
    </failure>
  </testcase> <!-- PortfoliosPostAPI -->
  <testcase name="PortfoliosPostAPI" time="1.891" classname="com.arcapi.CompleteDataValidationNoPayloadTestcases.PortfoliosPostAPITest"/>
  <testcase name="PortfoliosDetailPUTAPI" time="0.0" classname="com.arcapi.CompleteDataValidationNoPayloadTestcases.PortfoliosDetailPUTAPITest"/>
  <testcase name="PortfoliosAssetPostAPI" time="1.858" classname="com.arcapi.Portfoliostestcases.PortfoliosAssetPostAPITest">
    <failure type="java.lang.AssertionError" message="expected [200] but found [404]">
      <![CDATA[java.lang.AssertionError: expected [200] but found [404]
	at com.Utill.Controller.Assertion.verifyStatusCode(Assertion.java:22)
	at com.arcapi.Portfoliostestcases.PortfoliosAssetPostAPITest.PortfoliosAssetPostAPI(PortfoliosAssetPostAPITest.java:28)
... Removed 31 stack frames]]>
    </failure>
  </testcase> <!-- PortfoliosAssetPostAPI -->
  <testcase name="CreatePortfoliosAsset2PostAPI" time="1.992" classname="com.arcapi.Portfoliostestcases.PortfoliosAssetPostAPITest">
    <failure type="java.lang.AssertionError" message="expected [200] but found [404]">
      <![CDATA[java.lang.AssertionError: expected [200] but found [404]
	at com.Utill.Controller.Assertion.verifyStatusCode(Assertion.java:22)
	at com.arcapi.Portfoliostestcases.PortfoliosAssetPostAPITest.CreatePortfoliosAsset2PostAPI(PortfoliosAssetPostAPITest.java:46)
... Removed 31 stack frames]]>
    </failure>
  </testcase> <!-- CreatePortfoliosAsset2PostAPI -->
  <testcase name="PortfoliosAssetPostAPI" time="1.947" classname="com.arcapi.CompleteDataValidationNoPayloadTestcases.PortfoliosAssetPostAPITest">
    <failure type="java.lang.AssertionError" message="expected [400] but found [404]">
      <![CDATA[java.lang.AssertionError: expected [400] but found [404]
	at com.Utill.Controller.Assertion.verifyStatusCode(Assertion.java:22)
	at com.arcapi.CompleteDataValidationNoPayloadTestcases.PortfoliosAssetPostAPITest.PortfoliosAssetPostAPI(PortfoliosAssetPostAPITest.java:21)
... Removed 31 stack frames]]>
    </failure>
  </testcase> <!-- PortfoliosAssetPostAPI -->
  <testcase name="PortfoliosAssetDetailPUTAPI" time="2.205" classname="com.arcapi.CompleteDataValidationNoPayloadTestcases.PortfoliosAssetDetailPUTAPITest">
    <failure type="java.lang.AssertionError" message="expected [400] but found [404]">
      <![CDATA[java.lang.AssertionError: expected [400] but found [404]
	at com.Utill.Controller.Assertion.verifyStatusCode(Assertion.java:22)
	at com.arcapi.CompleteDataValidationNoPayloadTestcases.PortfoliosAssetDetailPUTAPITest.PortfoliosAssetDetailPUTAPI(PortfoliosAssetDetailPUTAPITest.java:22)
... Removed 31 stack frames]]>
    </failure>
  </testcase> <!-- PortfoliosAssetDetailPUTAPI -->
  <testcase name="PortfoliosGoalsUpdateAPI" time="2.162" classname="com.arcapi.CompleteDataValidationNoPayloadTestcases.PortfoliosGoalsUpdateAPITest">
    <failure type="java.lang.AssertionError" message="expected [400] but found [404]">
      <![CDATA[java.lang.AssertionError: expected [400] but found [404]
	at com.Utill.Controller.Assertion.verifyStatusCode(Assertion.java:22)
	at com.arcapi.CompleteDataValidationNoPayloadTestcases.PortfoliosGoalsUpdateAPITest.PortfoliosGoalsUpdateAPI(PortfoliosGoalsUpdateAPITest.java:23)
... Removed 31 stack frames]]>
    </failure>
  </testcase> <!-- PortfoliosGoalsUpdateAPI -->
  <testcase name="PortfoliosTeamsPostAPI" time="2.189" classname="com.arcapi.CompleteDataValidationNoPayloadTestcases.PortfoliosTeamsPostAPITest">
    <failure type="java.lang.AssertionError" message="expected [400] but found [404]">
      <![CDATA[java.lang.AssertionError: expected [400] but found [404]
	at com.Utill.Controller.Assertion.verifyStatusCode(Assertion.java:22)
	at com.arcapi.CompleteDataValidationNoPayloadTestcases.PortfoliosTeamsPostAPITest.PortfoliosTeamsPostAPI(PortfoliosTeamsPostAPITest.java:21)
... Removed 31 stack frames]]>
    </failure>
  </testcase> <!-- PortfoliosTeamsPostAPI -->
  <testcase name="PortfoliosTeamsPUTAPI" time="1.806" classname="com.arcapi.CompleteDataValidationNoPayloadTestcases.PortfoliosTeamsPUTAPITest">
    <failure type="java.lang.AssertionError" message="expected [400] but found [404]">
      <![CDATA[java.lang.AssertionError: expected [400] but found [404]
	at com.Utill.Controller.Assertion.verifyStatusCode(Assertion.java:22)
	at com.arcapi.CompleteDataValidationNoPayloadTestcases.PortfoliosTeamsPUTAPITest.PortfoliosTeamsPUTAPI(PortfoliosTeamsPUTAPITest.java:24)
... Removed 31 stack frames]]>
    </failure>
  </testcase> <!-- PortfoliosTeamsPUTAPI -->
  <testcase name="PortfoliosTeamsDELETEAPI" time="4.874" classname="com.arcapi.CompleteDataValidationNoPayloadTestcases.PortfoliosTeamsDELETEAPITest">
    <failure type="java.lang.AssertionError" message="expected [400] but found [404]">
      <![CDATA[java.lang.AssertionError: expected [400] but found [404]
	at com.Utill.Controller.Assertion.verifyStatusCode(Assertion.java:22)
	at com.arcapi.CompleteDataValidationNoPayloadTestcases.PortfoliosTeamsDELETEAPITest.PortfoliosTeamsDELETEAPI(PortfoliosTeamsDELETEAPITest.java:21)
... Removed 31 stack frames]]>
    </failure>
  </testcase> <!-- PortfoliosTeamsDELETEAPI -->
</testsuite> <!-- DataValidationTest-Portfolios -->
