<?xml version="1.0" encoding="UTF-8"?>
<!-- Generated by org.testng.reporters.JUnitXMLReporter -->
<testsuite hostname="G10GGNLT052" name="NoPayloadDataValidation-BuildingNone" tests="40" failures="26" timestamp="9 Oct 2019 05:31:38 GMT" time="1010.814" errors="0">
  <testcase name="LoginAPI" time="12.035" classname="com.arcapi.Common.LoginAPITest"/>
  <testcase name="CreateAssetPOSTAPI" time="911.438" classname="com.arcapi.Buildingtestcases.CreateAssetBuildingV3APITest"/>
  <testcase name="AssetValidationInfoPOSTAPI" time="1.933" classname="com.arcapi.CompleteDataValidationNoPayloadTestcases.AssetValidationInfoPOSTAPITest"/>
  <testcase name="AssetOwnerOrgPOSTAPI" time="1.867" classname="com.arcapi.CompleteDataValidationNoPayloadTestcases.AssetOwnerOrgPOSTAPITest"/>
  <testcase name="CreateAssetPOSTAPI" time="1.734" classname="com.arcapi.CompleteDataValidationNoPayloadTestcases.CreateAssetPOSTAPITest"/>
  <testcase name="PaymentOrderSubmitPOSTAPI" time="1.786" classname="com.arcapi.CompleteDataValidationNoPayloadTestcases.PaymentOrderSubmitPOSTAPITest">
    <failure type="java.lang.AssertionError" message="expected [400] but found [403]">
      <![CDATA[java.lang.AssertionError: expected [400] but found [403]
	at com.Utill.Controller.Assertion.verifyStatusCode(Assertion.java:22)
	at com.arcapi.CompleteDataValidationNoPayloadTestcases.PaymentOrderSubmitPOSTAPITest.PaymentOrderSubmitPOSTAPI(PaymentOrderSubmitPOSTAPITest.java:21)
... Removed 31 stack frames]]>
    </failure>
  </testcase> <!-- PaymentOrderSubmitPOSTAPI -->
  <testcase name="AssetUpdateforNewAssetPUTAPI" time="1.605" classname="com.arcapi.CompleteDataValidationNoPayloadTestcases.AssetUpdateforNewAssetPUTAPITest">
    <failure type="java.lang.AssertionError" message="expected [200] but found [403]">
      <![CDATA[java.lang.AssertionError: expected [200] but found [403]
	at com.Utill.Controller.Assertion.verifyStatusCode(Assertion.java:22)
	at com.arcapi.CompleteDataValidationNoPayloadTestcases.AssetUpdateforNewAssetPUTAPITest.AssetUpdateforNewAssetPUTAPI(AssetUpdateforNewAssetPUTAPITest.java:21)
... Removed 31 stack frames]]>
    </failure>
  </testcase> <!-- AssetUpdateforNewAssetPUTAPI -->
  <testcase name="CreditGetAPI" time="1.538" classname="com.arcapi.Buildingtestcases.CreditGetAPITest">
    <failure type="org.json.JSONException" message="JSONObject[&amp;quot;EtScorecardList&amp;quot;] not found.">
      <![CDATA[org.json.JSONException: JSONObject["EtScorecardList"] not found.
	at org.json.JSONObject.get(JSONObject.java:473)
	at org.json.JSONObject.getJSONArray(JSONObject.java:555)
	at com.arcapi.Buildingtestcases.CreditGetAPITest.CreditGetAPI(CreditGetAPITest.java:25)
... Removed 25 stack frames]]>
    </failure>
  </testcase> <!-- CreditGetAPI -->
  <testcase name="CreditFormUploadPOSTAPI" time="1.886" classname="com.arcapi.CompleteDataValidationNoPayloadTestcases.CreditFormUploadPOSTAPITest"/>
  <testcase name="MeterCreatePOSTAPI" time="1.888" classname="com.arcapi.Buildingtestcases.MeterCreatePOSTAPITest"/>
  <testcase name="MeterCreatePOSTAPI" time="1.752" classname="com.arcapi.CompleteDataValidationNoPayloadTestcases.MeterCreatePOSTAPITest">
    <failure type="java.lang.AssertionError" message="expected [400] but found [403]">
      <![CDATA[java.lang.AssertionError: expected [400] but found [403]
	at com.Utill.Controller.Assertion.verifyStatusCode(Assertion.java:22)
	at com.arcapi.CompleteDataValidationNoPayloadTestcases.MeterCreatePOSTAPITest.MeterCreatePOSTAPI(MeterCreatePOSTAPITest.java:21)
... Removed 31 stack frames]]>
    </failure>
  </testcase> <!-- MeterCreatePOSTAPI -->
  <testcase name="MeterUpdatePUTAPI" time="2.018" classname="com.arcapi.CompleteDataValidationNoPayloadTestcases.MeterUpdatePUTAPITest">
    <failure type="java.lang.AssertionError" message="expected [400] but found [403]">
      <![CDATA[java.lang.AssertionError: expected [400] but found [403]
	at com.Utill.Controller.Assertion.verifyStatusCode(Assertion.java:22)
	at com.arcapi.CompleteDataValidationNoPayloadTestcases.MeterUpdatePUTAPITest.MeterUpdatePUTAPI(MeterUpdatePUTAPITest.java:26)
... Removed 31 stack frames]]>
    </failure>
  </testcase> <!-- MeterUpdatePUTAPI -->
  <testcase name="MeterBulkConsumptionPOSTAPI" time="2.016" classname="com.arcapi.CompleteDataValidationNoPayloadTestcases.MeterBulkConsumptionPOSTAPITest">
    <failure type="java.lang.AssertionError" message="expected [400] but found [403]">
      <![CDATA[java.lang.AssertionError: expected [400] but found [403]
	at com.Utill.Controller.Assertion.verifyStatusCode(Assertion.java:22)
	at com.arcapi.CompleteDataValidationNoPayloadTestcases.MeterBulkConsumptionPOSTAPITest.MeterBulkConsumptionPOSTAPI(MeterBulkConsumptionPOSTAPITest.java:24)
... Removed 31 stack frames]]>
    </failure>
  </testcase> <!-- MeterBulkConsumptionPOSTAPI -->
  <testcase name="ConsumptionCreatePOSTAPI" time="2.33" classname="com.arcapi.Buildingtestcases.ConsumptionCreatePOSTAPITest"/>
  <testcase name="ConsumptionUpdatePUTAPI" time="2.015" classname="com.arcapi.CompleteDataValidationNoPayloadTestcases.ConsumptionUpdatePUTAPITest">
    <failure type="java.lang.AssertionError" message="expected [400] but found [403]">
      <![CDATA[java.lang.AssertionError: expected [400] but found [403]
	at com.Utill.Controller.Assertion.verifyStatusCode(Assertion.java:22)
	at com.arcapi.CompleteDataValidationNoPayloadTestcases.ConsumptionUpdatePUTAPITest.ConsumptionUpdatePUTAPI(ConsumptionUpdatePUTAPITest.java:23)
... Removed 31 stack frames]]>
    </failure>
  </testcase> <!-- ConsumptionUpdatePUTAPI -->
  <testcase name="WasteGeneratedBulkDataPost" time="1.819" classname="com.arcapi.CompleteDataValidationNoPayloadTestcases.WasteGeneratedBulkDataPostTest">
    <failure type="java.lang.AssertionError" message="expected [400] but found [403]">
      <![CDATA[java.lang.AssertionError: expected [400] but found [403]
	at com.Utill.Controller.Assertion.verifyStatusCode(Assertion.java:22)
	at com.arcapi.CompleteDataValidationNoPayloadTestcases.WasteGeneratedBulkDataPostTest.WasteGeneratedBulkDataPost(WasteGeneratedBulkDataPostTest.java:22)
... Removed 31 stack frames]]>
    </failure>
  </testcase> <!-- WasteGeneratedBulkDataPost -->
  <testcase name="WasteDivertedBulkDataPost" time="1.933" classname="com.arcapi.CompleteDataValidationNoPayloadTestcases.WasteDivertedBulkDataPostTest">
    <failure type="java.lang.AssertionError" message="expected [400] but found [403]">
      <![CDATA[java.lang.AssertionError: expected [400] but found [403]
	at com.Utill.Controller.Assertion.verifyStatusCode(Assertion.java:22)
	at com.arcapi.CompleteDataValidationNoPayloadTestcases.WasteDivertedBulkDataPostTest.WasteDivertedBulkDataPost(WasteDivertedBulkDataPostTest.java:22)
... Removed 31 stack frames]]>
    </failure>
  </testcase> <!-- WasteDivertedBulkDataPost -->
  <testcase name="WasteCreatePOSTAPI" time="2.018" classname="com.arcapi.CompleteDataValidationNoPayloadTestcases.WasteCreatePOSTAPITest">
    <failure type="java.lang.AssertionError" message="expected [400] but found [403]">
      <![CDATA[java.lang.AssertionError: expected [400] but found [403]
	at com.Utill.Controller.Assertion.verifyStatusCode(Assertion.java:22)
	at com.arcapi.CompleteDataValidationNoPayloadTestcases.WasteCreatePOSTAPITest.WasteCreatePOSTAPI(WasteCreatePOSTAPITest.java:22)
... Removed 31 stack frames]]>
    </failure>
  </testcase> <!-- WasteCreatePOSTAPI -->
  <testcase name="WasteUpdatePUTAPI" time="2.029" classname="com.arcapi.CompleteDataValidationNoPayloadTestcases.WasteUpdatePUTAPITest"/>
  <testcase name="TransitSurveyCreatePOSTAPI" time="1.761" classname="com.arcapi.CompleteDataValidationNoPayloadTestcases.TransitSurveyCreatePOSTAPITest"/>
  <testcase name="EnvironmentSurveyCreatePOSTAPI" time="1.882" classname="com.arcapi.CompleteDataValidationNoPayloadTestcases.EnvironmentSurveyCreatePOSTAPITest"/>
  <testcase name="AssetTeamMemberAddPOSTAPI" time="1.569" classname="com.arcapi.CompleteDataValidationNoPayloadTestcases.AssetTeamMemberAddPOSTAPITest">
    <failure type="java.lang.AssertionError" message="expected [400] but found [403]">
      <![CDATA[java.lang.AssertionError: expected [400] but found [403]
	at com.Utill.Controller.Assertion.verifyStatusCode(Assertion.java:22)
	at com.arcapi.CompleteDataValidationNoPayloadTestcases.AssetTeamMemberAddPOSTAPITest.AssetTeamMemberAddPOSTAPI(AssetTeamMemberAddPOSTAPITest.java:21)
... Removed 31 stack frames]]>
    </failure>
  </testcase> <!-- AssetTeamMemberAddPOSTAPI -->
  <testcase name="AssetTeamMemberUpdateAPI" time="1.942" classname="com.arcapi.CompleteDataValidationNoPayloadTestcases.AssetTeamMemberUpdateAPITest">
    <failure type="java.lang.AssertionError" message="expected [400] but found [403]">
      <![CDATA[java.lang.AssertionError: expected [400] but found [403]
	at com.Utill.Controller.Assertion.verifyStatusCode(Assertion.java:22)
	at com.arcapi.CompleteDataValidationNoPayloadTestcases.AssetTeamMemberUpdateAPITest.AssetTeamMemberUpdateAPI(AssetTeamMemberUpdateAPITest.java:21)
... Removed 31 stack frames]]>
    </failure>
  </testcase> <!-- AssetTeamMemberUpdateAPI -->
  <testcase name="AssetTeamMemberRemoveAPI" time="1.988" classname="com.arcapi.CompleteDataValidationNoPayloadTestcases.AssetTeamMemberRemoveAPITest">
    <failure type="java.lang.AssertionError" message="expected [400] but found [403]">
      <![CDATA[java.lang.AssertionError: expected [400] but found [403]
	at com.Utill.Controller.Assertion.verifyStatusCode(Assertion.java:22)
	at com.arcapi.CompleteDataValidationNoPayloadTestcases.AssetTeamMemberRemoveAPITest.AssetTeamMemberRemoveAPI(AssetTeamMemberRemoveAPITest.java:23)
... Removed 31 stack frames]]>
    </failure>
  </testcase> <!-- AssetTeamMemberRemoveAPI -->
  <testcase name="AssetAppaddPOSTAPI" time="2.225" classname="com.arcapi.CompleteDataValidationNoPayloadTestcases.AssetAppaddPOSTAPITest">
    <failure type="java.lang.AssertionError" message="expected [400] but found [403]">
      <![CDATA[java.lang.AssertionError: expected [400] but found [403]
	at com.Utill.Controller.Assertion.verifyStatusCode(Assertion.java:22)
	at com.arcapi.CompleteDataValidationNoPayloadTestcases.AssetAppaddPOSTAPITest.AssetAppaddPOSTAPI(AssetAppaddPOSTAPITest.java:23)
... Removed 31 stack frames]]>
    </failure>
  </testcase> <!-- AssetAppaddPOSTAPI -->
  <testcase name="S3DocumentUploadPOSTAPI" time="1.805" classname="com.arcapi.CompleteDataValidationNoPayloadTestcases.S3DocumentUploadPOSTAPITest">
    <failure type="java.lang.AssertionError" message="expected [400] but found [403]">
      <![CDATA[java.lang.AssertionError: expected [400] but found [403]
	at com.Utill.Controller.Assertion.verifyStatusCode(Assertion.java:22)
	at com.arcapi.CompleteDataValidationNoPayloadTestcases.S3DocumentUploadPOSTAPITest.S3DocumentUploadPOSTAPI(S3DocumentUploadPOSTAPITest.java:21)
... Removed 31 stack frames]]>
    </failure>
  </testcase> <!-- S3DocumentUploadPOSTAPI -->
  <testcase name="S3DocumentRemoveAPI" time="1.577" classname="com.arcapi.CompleteDataValidationNoPayloadTestcases.S3DocumentRemoveAPITest"/>
  <testcase name="ExcelUploadTemplatePOSTAPI" time="1.8" classname="com.arcapi.CompleteDataValidationNoPayloadTestcases.ExcelUploadTemplatePOSTAPITest">
    <failure type="java.lang.AssertionError" message="expected [400] but found [403]">
      <![CDATA[java.lang.AssertionError: expected [400] but found [403]
	at com.Utill.Controller.Assertion.verifyStatusCode(Assertion.java:22)
	at com.arcapi.CompleteDataValidationNoPayloadTestcases.ExcelUploadTemplatePOSTAPITest.ExcelUploadTemplatePOSTAPI(ExcelUploadTemplatePOSTAPITest.java:25)
... Removed 31 stack frames]]>
    </failure>
  </testcase> <!-- ExcelUploadTemplatePOSTAPI -->
  <testcase name="AssetTeamPermissionPostAPI" time="1.984" classname="com.arcapi.CompleteDataValidationNoPayloadTestcases.AssetTeamPermissionPostAPITest">
    <failure type="java.lang.AssertionError" message="expected [400] but found [403]">
      <![CDATA[java.lang.AssertionError: expected [400] but found [403]
	at com.Utill.Controller.Assertion.verifyStatusCode(Assertion.java:22)
	at com.arcapi.CompleteDataValidationNoPayloadTestcases.AssetTeamPermissionPostAPITest.AssetTeamPermissionPostAPI(AssetTeamPermissionPostAPITest.java:23)
... Removed 31 stack frames]]>
    </failure>
  </testcase> <!-- AssetTeamPermissionPostAPI -->
  <testcase name="AssetTeamPermissionPutAPI" time="1.959" classname="com.arcapi.CompleteDataValidationNoPayloadTestcases.AssetTeamPermissionPutAPITest">
    <failure type="java.lang.AssertionError" message="expected [400] but found [403]">
      <![CDATA[java.lang.AssertionError: expected [400] but found [403]
	at com.Utill.Controller.Assertion.verifyStatusCode(Assertion.java:22)
	at com.arcapi.CompleteDataValidationNoPayloadTestcases.AssetTeamPermissionPutAPITest.AssetTeamPermissionPutAPI(AssetTeamPermissionPutAPITest.java:23)
... Removed 31 stack frames]]>
    </failure>
  </testcase> <!-- AssetTeamPermissionPutAPI -->
  <testcase name="AssetNotificationSubscriptionPost" time="2.048" classname="com.arcapi.CompleteDataValidationNoPayloadTestcases.AssetNotificationSubscriptionPostTest">
    <failure type="java.lang.AssertionError" message="expected [400] but found [403]">
      <![CDATA[java.lang.AssertionError: expected [400] but found [403]
	at com.Utill.Controller.Assertion.verifyStatusCode(Assertion.java:22)
	at com.arcapi.CompleteDataValidationNoPayloadTestcases.AssetNotificationSubscriptionPostTest.AssetNotificationSubscriptionPost(AssetNotificationSubscriptionPostTest.java:22)
... Removed 31 stack frames]]>
    </failure>
  </testcase> <!-- AssetNotificationSubscriptionPost -->
  <testcase name="NotificationSubscriptionDetail" time="1.787" classname="com.arcapi.CompleteDataValidationNoPayloadTestcases.NotificationSubscriptionDetailPutTest"/>
  <testcase name="NotificationSubscriptionDetailDelete" time="1.878" classname="com.arcapi.CompleteDataValidationNoPayloadTestcases.NotificationSubscriptionDetailDeleteTest"/>
  <testcase name="SubmitReviewPOSTAPI" time="1.881" classname="com.arcapi.CompleteDataValidationNoPayloadTestcases.SubmitReviewPOSTAPITest">
    <failure type="java.lang.AssertionError" message="expected [400] but found [403]">
      <![CDATA[java.lang.AssertionError: expected [400] but found [403]
	at com.Utill.Controller.Assertion.verifyStatusCode(Assertion.java:22)
	at com.arcapi.CompleteDataValidationNoPayloadTestcases.SubmitReviewPOSTAPITest.SubmitReviewPOSTAPI(SubmitReviewPOSTAPITest.java:46)
... Removed 31 stack frames]]>
    </failure>
  </testcase> <!-- SubmitReviewPOSTAPI -->
  <testcase name="NotificationCreatePOSTAPI" time="1.869" classname="com.arcapi.CompleteDataValidationNoPayloadTestcases.NotificationCreatePOSTAPITest">
    <failure type="java.lang.AssertionError" message="1 expectation failed.
Expected status code &amp;lt;400&amp;gt; doesn&amp;apos;t match actual status code &amp;lt;403&amp;gt;.
">
      <![CDATA[java.lang.AssertionError: 1 expectation failed.
Expected status code <400> doesn't match actual status code <403>.

	at org.codehaus.groovy.runtime.callsite.ConstructorSite$ConstructorSiteNoUnwrap.callConstructor(ConstructorSite.java:84)
	at org.codehaus.groovy.runtime.callsite.CallSiteArray.defaultCallConstructor(CallSiteArray.java:60)
	at org.codehaus.groovy.runtime.callsite.AbstractCallSite.callConstructor(AbstractCallSite.java:235)
	at org.codehaus.groovy.runtime.callsite.AbstractCallSite.callConstructor(AbstractCallSite.java:247)
	at com.jayway.restassured.internal.ResponseSpecificationImpl$HamcrestAssertionClosure.validate(ResponseSpecificationImpl.groovy:598)
	at com.jayway.restassured.internal.ResponseSpecificationImpl$HamcrestAssertionClosure$validate$1.call(Unknown Source)
	at com.jayway.restassured.internal.ResponseSpecificationImpl.validateResponseIfRequired(ResponseSpecificationImpl.groovy:760)
	at org.codehaus.groovy.runtime.callsite.PogoMetaMethodSite$PogoCachedMethodSiteNoUnwrapNoCoerce.invoke(PogoMetaMethodSite.java:210)
	at org.codehaus.groovy.runtime.callsite.PogoMetaMethodSite.callCurrent(PogoMetaMethodSite.java:59)
	at org.codehaus.groovy.runtime.callsite.CallSiteArray.defaultCallCurrent(CallSiteArray.java:52)
	at org.codehaus.groovy.runtime.callsite.AbstractCallSite.callCurrent(AbstractCallSite.java:154)
	at org.codehaus.groovy.runtime.callsite.AbstractCallSite.callCurrent(AbstractCallSite.java:166)
	at com.jayway.restassured.internal.ResponseSpecificationImpl.statusCode(ResponseSpecificationImpl.groovy:120)
	at com.jayway.restassured.specification.ResponseSpecification$statusCode$1.callCurrent(Unknown Source)
	at org.codehaus.groovy.runtime.callsite.CallSiteArray.defaultCallCurrent(CallSiteArray.java:52)
	at org.codehaus.groovy.runtime.callsite.AbstractCallSite.callCurrent(AbstractCallSite.java:154)
	at org.codehaus.groovy.runtime.callsite.AbstractCallSite.callCurrent(AbstractCallSite.java:166)
	at com.jayway.restassured.internal.ResponseSpecificationImpl.statusCode(ResponseSpecificationImpl.groovy:128)
	at com.jayway.restassured.internal.ValidatableResponseOptionsImpl.statusCode(ValidatableResponseOptionsImpl.java:117)
	at com.arcapi.CompleteDataValidationNoPayloadTestcases.NotificationCreatePOSTAPITest.NotificationCreatePOSTAPI(NotificationCreatePOSTAPITest.java:20)
... Removed 35 stack frames]]>
    </failure>
  </testcase> <!-- NotificationCreatePOSTAPI -->
  <testcase name="NotificationDeleteAPI" time="1.721" classname="com.arcapi.CompleteDataValidationNoPayloadTestcases.NotificationDeleteAPITest">
    <failure type="java.lang.AssertionError" message="expected [400] but found [403]">
      <![CDATA[java.lang.AssertionError: expected [400] but found [403]
	at com.Utill.Controller.Assertion.verifyStatusCode(Assertion.java:22)
	at com.arcapi.CompleteDataValidationNoPayloadTestcases.NotificationDeleteAPITest.NotificationDeleteAPI(NotificationDeleteAPITest.java:23)
... Removed 31 stack frames]]>
    </failure>
  </testcase> <!-- NotificationDeleteAPI -->
  <testcase name="FeedbackSubmitPostAPI" time="1.877" classname="com.arcapi.CompleteDataValidationNoPayloadTestcases.FeedbackSubmitPostAPITest">
    <failure type="java.lang.AssertionError" message="expected [400] but found [403]">
      <![CDATA[java.lang.AssertionError: expected [400] but found [403]
	at com.Utill.Controller.Assertion.verifyStatusCode(Assertion.java:22)
	at com.arcapi.CompleteDataValidationNoPayloadTestcases.FeedbackSubmitPostAPITest.FeedbackSubmitPostAPI(FeedbackSubmitPostAPITest.java:21)
... Removed 31 stack frames]]>
    </failure>
  </testcase> <!-- FeedbackSubmitPostAPI -->
  <testcase name="AssetPerformanceScorePostAPI" time="1.768" classname="com.arcapi.CompleteDataValidationNoPayloadTestcases.AssetPerformanceScorePostAPITest">
    <failure type="java.lang.AssertionError" message="expected [400] but found [403]">
      <![CDATA[java.lang.AssertionError: expected [400] but found [403]
	at com.Utill.Controller.Assertion.verifyStatusCode(Assertion.java:22)
	at com.arcapi.CompleteDataValidationNoPayloadTestcases.AssetPerformanceScorePostAPITest.AssetPerformanceScorePostAPI(AssetPerformanceScorePostAPITest.java:22)
... Removed 31 stack frames]]>
    </failure>
  </testcase> <!-- AssetPerformanceScorePostAPI -->
  <testcase name="AnalysisDataSubmitPOSTAPI" time="1.903" classname="com.arcapi.CompleteDataValidationNoPayloadTestcases.AnalysisDataSubmitPOSTAPITest">
    <failure type="java.lang.AssertionError" message="expected [400] but found [403]">
      <![CDATA[java.lang.AssertionError: expected [400] but found [403]
	at com.Utill.Controller.Assertion.verifyStatusCode(Assertion.java:22)
	at com.arcapi.CompleteDataValidationNoPayloadTestcases.AnalysisDataSubmitPOSTAPITest.AnalysisDataSubmitPOSTAPI(AnalysisDataSubmitPOSTAPITest.java:22)
... Removed 31 stack frames]]>
    </failure>
  </testcase> <!-- AnalysisDataSubmitPOSTAPI -->
  <testcase name="AssetCertificationPOSTAPI" time="1.794" classname="com.arcapi.CompleteDataValidationNoPayloadTestcases.AssetCertificationPOSTAPITest">
    <failure type="java.lang.AssertionError" message="expected [400] but found [403]">
      <![CDATA[java.lang.AssertionError: expected [400] but found [403]
	at com.Utill.Controller.Assertion.verifyStatusCode(Assertion.java:22)
	at com.arcapi.CompleteDataValidationNoPayloadTestcases.AssetCertificationPOSTAPITest.AssetCertificationPOSTAPI(AssetCertificationPOSTAPITest.java:21)
... Removed 31 stack frames]]>
    </failure>
  </testcase> <!-- AssetCertificationPOSTAPI -->
</testsuite> <!-- NoPayloadDataValidation-BuildingNone -->
