<?xml version="1.0" encoding="UTF-8"?>
<!-- Generated by org.testng.reporters.JUnitXMLReporter -->
<testsuite hostname="G10GNLT041" ignored="0" name="NoPayload-DataValidation" tests="50" failures="4" timestamp="21 Jun 2019 06:03:58 GMT" time="163.563" errors="0">
  <testcase name="CreateAssetPOSTAPI" time="16.338" classname="com.arcapi.Buildingtestcases.CreateAssetBuildingOtherAPITest"/>
  <testcase name="SignAgreementRegistrationAPI" time="4.516" classname="com.arcapi.Buildingtestcases.SignAgreementRegistrationAPITest"/>
  <testcase name="RegistrationPaymentPricingGetAPI" time="3.288" classname="com.arcapi.Buildingtestcases.RegistrationPaymentPricingGetAPITest"/>
  <testcase name="PaymentOrderSubmitPOSTAPI" time="7.019" classname="com.arcapi.Buildingtestcases.PaymentOrderSubmitPOSTAPITest"/>
  <testcase name="AddAssestTimeline" time="6.772" classname="com.arcapi.Buildingtestcases.AddAssestTimelinePOSTAPITest"/>
  <testcase name="AssetDetailAPI" time="5.636" classname="com.arcapi.Buildingtestcases.AssetDetailAPITest"/>
  <testcase name="AssetValidationInfoPOSTAPI" time="1.787" classname="com.arcapi.CompleteDataValidationNoPayloadTestcases.AssetValidationInfoPOSTAPITest"/>
  <testcase name="AssetOwnerOrgPOSTAPI" time="2.085" classname="com.arcapi.CompleteDataValidationNoPayloadTestcases.AssetOwnerOrgPOSTAPITest"/>
  <testcase name="CreateAssetPOSTAPI" time="4.482" classname="com.arcapi.CompleteDataValidationNoPayloadTestcases.CreateAssetPOSTAPITest"/>
  <testcase name="PaymentOrderSubmitPOSTAPI" time="2.338" classname="com.arcapi.CompleteDataValidationNoPayloadTestcases.PaymentOrderSubmitPOSTAPITest"/>
  <testcase name="AssetUpdateforNewAssetPUTAPI" time="3.51" classname="com.arcapi.CompleteDataValidationNoPayloadTestcases.AssetUpdateforNewAssetPUTAPITest"/>
  <testcase name="CreditFormUploadPOSTAPI" time="1.874" classname="com.arcapi.CompleteDataValidationNoPayloadTestcases.CreditFormUploadPOSTAPITest">
    <failure type="java.lang.AssertionError" message="1 expectation failed.
Expected content-type &amp;quot;JSON&amp;quot; doesn&amp;apos;t match actual content-type &amp;quot;text/html&amp;quot;.
">
      <![CDATA[java.lang.AssertionError: 1 expectation failed.Expected content-type "JSON" doesn't match actual content-type "text/html".at org.codehaus.groovy.runtime.callsite.ConstructorSite$ConstructorSiteNoUnwrap.callConstructor(ConstructorSite.java:84)at org.codehaus.groovy.runtime.callsite.AbstractCallSite.callConstructor(AbstractCallSite.java:247)at com.jayway.restassured.internal.ResponseSpecificationImpl$HamcrestAssertionClosure.validate(ResponseSpecificationImpl.groovy:598)at com.jayway.restassured.internal.ResponseSpecificationImpl$HamcrestAssertionClosure$validate$1.call(Unknown Source)at com.jayway.restassured.internal.ResponseSpecificationImpl.validateResponseIfRequired(ResponseSpecificationImpl.groovy:760)at org.codehaus.groovy.runtime.callsite.PogoMetaMethodSite$PogoCachedMethodSiteNoUnwrapNoCoerce.invoke(PogoMetaMethodSite.java:210)at org.codehaus.groovy.runtime.callsite.PogoMetaMethodSite.callCurrent(PogoMetaMethodSite.java:59)at org.codehaus.groovy.runtime.callsite.AbstractCallSite.callCurrent(AbstractCallSite.java:166)at com.jayway.restassured.internal.ResponseSpecificationImpl.contentType(ResponseSpecificationImpl.groovy:526)at com.jayway.restassured.internal.ValidatableResponseOptionsImpl.contentType(ValidatableResponseOptionsImpl.java:240)at com.arcapi.CompleteDataValidationNoPayloadTestcases.CreditFormUploadPOSTAPITest.CreditFormUploadPOSTAPI(CreditFormUploadPOSTAPITest.java:56)... Removed 35 stack frames]]>
    </failure>
  </testcase> <!-- CreditFormUploadPOSTAPI -->
  <testcase name="MeterCreatePOSTAPI" time="2.525" classname="com.arcapi.Buildingtestcases.MeterCreatePOSTAPITest"/>
  <testcase name="MeterCreatePOSTAPI" time="2.274" classname="com.arcapi.CompleteDataValidationNoPayloadTestcases.MeterCreatePOSTAPITest"/>
  <testcase name="MeterUpdatePUTAPI" time="2.186" classname="com.arcapi.CompleteDataValidationNoPayloadTestcases.MeterUpdatePUTAPITest"/>
  <testcase name="MeterBulkConsumptionPOSTAPI" time="1.876" classname="com.arcapi.CompleteDataValidationNoPayloadTestcases.MeterBulkConsumptionPOSTAPITest"/>
  <testcase name="ConsumptionCreatePOSTAPI" time="2.92" classname="com.arcapi.Buildingtestcases.ConsumptionCreatePOSTAPITest"/>
  <testcase name="ConsumptionCreatePOSTAPI" time="2.026" classname="com.arcapi.CompleteDataValidationNoPayloadTestcases.ConsumptionCreatePOSTAPITest"/>
  <testcase name="ConsumptionUpdatePUTAPI" time="2.118" classname="com.arcapi.CompleteDataValidationNoPayloadTestcases.ConsumptionUpdatePUTAPITest"/>
  <testcase name="WasteGeneratedBulkDataPost" time="2.088" classname="com.arcapi.CompleteDataValidationNoPayloadTestcases.WasteGeneratedBulkDataPostTest"/>
  <testcase name="WasteDivertedBulkDataPost" time="1.869" classname="com.arcapi.CompleteDataValidationNoPayloadTestcases.WasteDivertedBulkDataPostTest"/>
  <testcase name="WasteCreatePOSTAPI" time="2.561" classname="com.arcapi.Buildingtestcases.WasteCreatePOSTAPITest"/>
  <testcase name="WasteCreatePOSTAPI" time="2.041" classname="com.arcapi.CompleteDataValidationNoPayloadTestcases.WasteCreatePOSTAPITest"/>
  <testcase name="WasteUpdatePUTAPI" time="1.974" classname="com.arcapi.CompleteDataValidationNoPayloadTestcases.WasteUpdatePUTAPITest"/>
  <testcase name="TransitSurveyCreatePOSTAPI" time="2.188" classname="com.arcapi.Buildingtestcases.TransitSurveyCreatePOSTAPITest"/>
  <testcase name="EnvironmentSurveyCreatePOSTAPI" time="1.839" classname="com.arcapi.Buildingtestcases.EnvironmentSurveyCreatePOSTAPITest">
    <failure type="java.lang.AssertionError" message="1 expectation failed.
Expected status code &amp;lt;201&amp;gt; doesn&amp;apos;t match actual status code &amp;lt;400&amp;gt;.
">
      <![CDATA[java.lang.AssertionError: 1 expectation failed.Expected status code <201> doesn't match actual status code <400>.at org.codehaus.groovy.runtime.callsite.ConstructorSite$ConstructorSiteNoUnwrap.callConstructor(ConstructorSite.java:84)at org.codehaus.groovy.runtime.callsite.AbstractCallSite.callConstructor(AbstractCallSite.java:247)at com.jayway.restassured.internal.ResponseSpecificationImpl$HamcrestAssertionClosure.validate(ResponseSpecificationImpl.groovy:598)at com.jayway.restassured.internal.ResponseSpecificationImpl$HamcrestAssertionClosure$validate$1.call(Unknown Source)at com.jayway.restassured.internal.ResponseSpecificationImpl.validateResponseIfRequired(ResponseSpecificationImpl.groovy:760)at org.codehaus.groovy.runtime.callsite.PogoMetaMethodSite$PogoCachedMethodSiteNoUnwrapNoCoerce.invoke(PogoMetaMethodSite.java:210)at org.codehaus.groovy.runtime.callsite.PogoMetaMethodSite.callCurrent(PogoMetaMethodSite.java:59)at org.codehaus.groovy.runtime.callsite.AbstractCallSite.callCurrent(AbstractCallSite.java:166)at com.jayway.restassured.internal.ResponseSpecificationImpl.statusCode(ResponseSpecificationImpl.groovy:120)at com.jayway.restassured.specification.ResponseSpecification$statusCode$0.callCurrent(Unknown Source)at com.jayway.restassured.internal.ResponseSpecificationImpl.statusCode(ResponseSpecificationImpl.groovy:128)at com.jayway.restassured.internal.ValidatableResponseOptionsImpl.statusCode(ValidatableResponseOptionsImpl.java:117)at com.arcapi.Buildingtestcases.EnvironmentSurveyCreatePOSTAPITest.EnvironmentSurveyCreatePOSTAPI(EnvironmentSurveyCreatePOSTAPITest.java:65)... Removed 35 stack frames]]>
    </failure>
  </testcase> <!-- EnvironmentSurveyCreatePOSTAPI -->
  <testcase name="TransitSurveyCreatePOSTAPI" time="1.85" classname="com.arcapi.CompleteDataValidationNoPayloadTestcases.TransitSurveyCreatePOSTAPITest"/>
  <testcase name="EnvironmentSurveyCreatePOSTAPI" time="1.871" classname="com.arcapi.CompleteDataValidationNoPayloadTestcases.EnvironmentSurveyCreatePOSTAPITest"/>
  <testcase name="AssetTeamMemberAddPOSTAPI" time="2.693" classname="com.arcapi.CompleteDataValidationNoPayloadTestcases.AssetTeamMemberAddPOSTAPITest"/>
  <testcase name="AssetTeamMemberUpdateAPI" time="2.698" classname="com.arcapi.CompleteDataValidationNoPayloadTestcases.AssetTeamMemberUpdateAPITest"/>
  <testcase name="AssetTeamMemberRemoveAPI" time="2.704" classname="com.arcapi.CompleteDataValidationNoPayloadTestcases.AssetTeamMemberRemoveAPITest"/>
  <testcase name="AssetAppaddPOSTAPI" time="1.882" classname="com.arcapi.CompleteDataValidationNoPayloadTestcases.AssetAppaddPOSTAPITest"/>
  <testcase name="S3DocumentUploadPOSTAPI" time="2.475" classname="com.arcapi.CompleteDataValidationNoPayloadTestcases.S3DocumentUploadPOSTAPITest"/>
  <testcase name="S3DocumentRemoveAPI" time="2.076" classname="com.arcapi.CompleteDataValidationNoPayloadTestcases.S3DocumentRemoveAPITest"/>
  <testcase name="ExcelUploadTemplatePOSTAPI" time="2.068" classname="com.arcapi.CompleteDataValidationNoPayloadTestcases.ExcelUploadTemplatePOSTAPITest"/>
  <testcase name="AssetTeamPermissionPostAPI" time="2.085" classname="com.arcapi.CompleteDataValidationNoPayloadTestcases.AssetTeamPermissionPostAPITest"/>
  <testcase name="AssetTeamPermissionPutAPI" time="1.933" classname="com.arcapi.CompleteDataValidationNoPayloadTestcases.AssetTeamPermissionPutAPITest"/>
  <testcase name="AssetNotificationSubscriptionPost" time="2.388" classname="com.arcapi.Buildingtestcases.AssetNotificationSubscriptionPostTest"/>
  <testcase name="AssetNotificationSubscriptionPost" time="1.747" classname="com.arcapi.CompleteDataValidationNoPayloadTestcases.AssetNotificationSubscriptionPostTest"/>
  <testcase name="NotificationSubscriptionDetail" time="1.783" classname="com.arcapi.CompleteDataValidationNoPayloadTestcases.NotificationSubscriptionDetailPutTest"/>
  <testcase name="NotificationSubscriptionDetailDelete" time="2.323" classname="com.arcapi.Buildingtestcases.NotificationSubscriptionDetailDeleteTest"/>
  <testcase name="NotificationSubscriptionDetailDelete" time="2.046" classname="com.arcapi.CompleteDataValidationNoPayloadTestcases.NotificationSubscriptionDetailDeleteTest"/>
  <testcase name="SubmitReviewPOSTAPI" time="1.766" classname="com.arcapi.CompleteDataValidationNoPayloadTestcases.SubmitReviewPOSTAPITest"/>
  <testcase name="NotificationCreatePOSTAPI" time="1.592" classname="com.arcapi.CompleteDataValidationNoPayloadTestcases.NotificationCreatePOSTAPITest"/>
  <testcase name="NotificationDeleteAPI" time="10.457" classname="com.arcapi.CompleteDataValidationNoPayloadTestcases.NotificationDeleteAPITest"/>
  <testcase name="FeedbackSubmitPostAPI" time="2.074" classname="com.arcapi.CompleteDataValidationNoPayloadTestcases.FeedbackSubmitPostAPITest"/>
  <testcase name="AssetPerformanceScorePostAPI" time="2.149" classname="com.arcapi.CompleteDataValidationNoPayloadTestcases.AssetPerformanceScorePostAPITest"/>
  <testcase name="AnalysisDataSubmitPOSTAPI" time="1.838" classname="com.arcapi.CompleteDataValidationNoPayloadTestcases.AnalysisDataSubmitPOSTAPITest"/>
  <testcase name="AssetCertificationPOSTAPI" time="2.42" classname="com.arcapi.CompleteDataValidationNoPayloadTestcases.AssetCertificationPOSTAPITest">
    <failure type="java.lang.NullPointerException">
      <![CDATA[java.lang.NullPointerExceptionat com.arc.driver.CommonMethod.GeneratingAuthCodeAdminUser(CommonMethod.java:101)at com.arcapi.CompleteDataValidationNoPayloadTestcases.AssetCertificationPOSTAPITest.AssetCertificationPOSTAPI(AssetCertificationPOSTAPITest.java:29)... Removed 26 stack frames]]>
    </failure>
  </testcase> <!-- AssetCertificationPOSTAPI -->
  <testcase name="TemperatureDataPost" time="1.955" classname="com.arcapi.CompleteDataValidationNoPayloadTestcases.TemperatureDataPostTest">
    <failure type="java.lang.AssertionError" message="1 expectation failed.
Expected status code &amp;lt;400&amp;gt; doesn&amp;apos;t match actual status code &amp;lt;405&amp;gt;.
">
      <![CDATA[java.lang.AssertionError: 1 expectation failed.Expected status code <400> doesn't match actual status code <405>.at org.codehaus.groovy.runtime.callsite.ConstructorSite$ConstructorSiteNoUnwrap.callConstructor(ConstructorSite.java:84)at org.codehaus.groovy.runtime.callsite.AbstractCallSite.callConstructor(AbstractCallSite.java:247)at com.jayway.restassured.internal.ResponseSpecificationImpl$HamcrestAssertionClosure.validate(ResponseSpecificationImpl.groovy:598)at com.jayway.restassured.internal.ResponseSpecificationImpl$HamcrestAssertionClosure$validate$1.call(Unknown Source)at com.jayway.restassured.internal.ResponseSpecificationImpl.validateResponseIfRequired(ResponseSpecificationImpl.groovy:760)at org.codehaus.groovy.runtime.callsite.PogoMetaMethodSite$PogoCachedMethodSiteNoUnwrapNoCoerce.invoke(PogoMetaMethodSite.java:210)at org.codehaus.groovy.runtime.callsite.PogoMetaMethodSite.callCurrent(PogoMetaMethodSite.java:59)at org.codehaus.groovy.runtime.callsite.AbstractCallSite.callCurrent(AbstractCallSite.java:166)at com.jayway.restassured.internal.ResponseSpecificationImpl.statusCode(ResponseSpecificationImpl.groovy:120)at com.jayway.restassured.specification.ResponseSpecification$statusCode$0.callCurrent(Unknown Source)at com.jayway.restassured.internal.ResponseSpecificationImpl.statusCode(ResponseSpecificationImpl.groovy:128)at com.jayway.restassured.internal.ValidatableResponseOptionsImpl.statusCode(ValidatableResponseOptionsImpl.java:117)at com.arcapi.CompleteDataValidationNoPayloadTestcases.TemperatureDataPostTest.TemperatureDataPost(TemperatureDataPostTest.java:54)... Removed 35 stack frames]]>
    </failure>
  </testcase> <!-- TemperatureDataPost -->
</testsuite> <!-- NoPayload-DataValidation -->
