<html>
<head>
<title>TestNG:  NoPayload-DataValidation</title>
<link href="../testng.css" rel="stylesheet" type="text/css" />
<link href="../my-testng.css" rel="stylesheet" type="text/css" />

<style type="text/css">
.log { display: none;} 
.stack-trace { display: none;} 
</style>
<script type="text/javascript">
<!--
function flip(e) {
  current = e.style.display;
  if (current == 'block') {
    e.style.display = 'none';
    return 0;
  }
  else {
    e.style.display = 'block';
    return 1;
  }
}

function toggleBox(szDivId, elem, msg1, msg2)
{
  var res = -1;  if (document.getElementById) {
    res = flip(document.getElementById(szDivId));
  }
  else if (document.all) {
    // this is the way old msie versions work
    res = flip(document.all[szDivId]);
  }
  if(elem) {
    if(res == 0) elem.innerHTML = msg1; else elem.innerHTML = msg2;
  }

}

function toggleAllBoxes() {
  if (document.getElementsByTagName) {
    d = document.getElementsByTagName('div');
    for (i = 0; i < d.length; i++) {
      if (d[i].className == 'log') {
        flip(d[i]);
      }
    }
  }
}

// -->
</script>

</head>
<body>
<h2 align='center'>NoPayload-DataValidation</h2><table border='1' align="center">
<tr>
<td>Tests passed/Failed/Skipped:</td><td>46/4/0</td>
</tr><tr>
<td>Started on:</td><td>Fri Jun 21 11:31:15 IST 2019</td>
</tr>
<tr><td>Total time:</td><td>163 seconds (163563 ms)</td>
</tr><tr>
<td>Included groups:</td><td></td>
</tr><tr>
<td>Excluded groups:</td><td></td>
</tr>
</table><p/>
<small><i>(Hover the method name to see the test class name)</i></small><p/>
<table width='100%' border='1' class='invocation-failed'>
<tr><td colspan='4' align='center'><b>FAILED TESTS</b></td></tr>
<tr><td><b>Test method</b></td>
<td width="30%"><b>Exception</b></td>
<td width="10%"><b>Time (seconds)</b></td>
<td><b>Instance</b></td>
</tr>
<tr>
<td title='com.arcapi.CompleteDataValidationNoPayloadTestcases.AssetCertificationPOSTAPITest.AssetCertificationPOSTAPI()'><b>AssetCertificationPOSTAPI</b><br>Test class: com.arcapi.CompleteDataValidationNoPayloadTestcases.AssetCertificationPOSTAPITest<br>Parameters: QAS, ProjectIDBuildingOther, 2</td>
<td><div><pre>java.lang.NullPointerException
	at com.arc.driver.CommonMethod.GeneratingAuthCodeAdminUser(CommonMethod.java:101)
	at com.arcapi.CompleteDataValidationNoPayloadTestcases.AssetCertificationPOSTAPITest.AssetCertificationPOSTAPI(AssetCertificationPOSTAPITest.java:29)
... Removed 26 stack frames</pre></div><a href='#' onClick='toggleBox("stack-trace375003844", this, "Click to show all stack frames", "Click to hide stack frames")'>Click to show all stack frames</a>
<div class='stack-trace' id='stack-trace375003844'><pre>java.lang.NullPointerException
	at com.arc.driver.CommonMethod.GeneratingAuthCodeAdminUser(CommonMethod.java:101)
	at com.arcapi.CompleteDataValidationNoPayloadTestcases.AssetCertificationPOSTAPITest.AssetCertificationPOSTAPI(AssetCertificationPOSTAPITest.java:29)
	at sun.reflect.NativeMethodAccessorImpl.invoke0(Native Method)
	at sun.reflect.NativeMethodAccessorImpl.invoke(Unknown Source)
	at sun.reflect.DelegatingMethodAccessorImpl.invoke(Unknown Source)
	at java.lang.reflect.Method.invoke(Unknown Source)
	at org.testng.internal.MethodInvocationHelper.invokeMethod(MethodInvocationHelper.java:124)
	at org.testng.internal.Invoker.invokeMethod(Invoker.java:571)
	at org.testng.internal.Invoker.invokeTestMethod(Invoker.java:707)
	at org.testng.internal.Invoker.invokeTestMethods(Invoker.java:979)
	at org.testng.internal.TestMethodWorker.invokeTestMethods(TestMethodWorker.java:125)
	at org.testng.internal.TestMethodWorker.run(TestMethodWorker.java:109)
	at org.testng.TestRunner.privateRun(TestRunner.java:648)
	at org.testng.TestRunner.run(TestRunner.java:505)
	at org.testng.SuiteRunner.runTest(SuiteRunner.java:455)
	at org.testng.SuiteRunner.runSequentially(SuiteRunner.java:450)
	at org.testng.SuiteRunner.privateRun(SuiteRunner.java:415)
	at org.testng.SuiteRunner.run(SuiteRunner.java:364)
	at org.testng.SuiteRunnerWorker.runSuite(SuiteRunnerWorker.java:52)
	at org.testng.SuiteRunnerWorker.run(SuiteRunnerWorker.java:84)
	at org.testng.TestNG.runSuitesSequentially(TestNG.java:1187)
	at org.testng.TestNG.runSuitesSequentially(TestNG.java:1183)
	at org.testng.TestNG.runSuitesLocally(TestNG.java:1116)
	at org.testng.TestNG.runSuites(TestNG.java:1028)
	at org.testng.TestNG.run(TestNG.java:996)
	at org.testng.remote.AbstractRemoteTestNG.run(AbstractRemoteTestNG.java:114)
	at org.testng.remote.RemoteTestNG.initAndRun(RemoteTestNG.java:251)
	at org.testng.remote.RemoteTestNG.main(RemoteTestNG.java:77)
</pre></div></td>
<td>2</td>
<td>com.arcapi.CompleteDataValidationNoPayloadTestcases.AssetCertificationPOSTAPITest@255b53dc</td></tr>
<tr>
<td title='com.arcapi.CompleteDataValidationNoPayloadTestcases.CreditFormUploadPOSTAPITest.CreditFormUploadPOSTAPI()'><b>CreditFormUploadPOSTAPI</b><br>Test class: com.arcapi.CompleteDataValidationNoPayloadTestcases.CreditFormUploadPOSTAPITest<br>Parameters: QAS, ProjectIDBuildingOther, 2</td>
<td><div><pre>java.lang.AssertionError: 1 expectation failed.
Expected content-type &quot;JSON&quot; doesn&apos;t match actual content-type &quot;text/html&quot;.

	at org.codehaus.groovy.runtime.callsite.ConstructorSite$ConstructorSiteNoUnwrap.callConstructor(ConstructorSite.java:84)
	at org.codehaus.groovy.runtime.callsite.AbstractCallSite.callConstructor(AbstractCallSite.java:247)
	at com.jayway.restassured.internal.ResponseSpecificationImpl$HamcrestAssertionClosure.validate(ResponseSpecificationImpl.groovy:598)
	at com.jayway.restassured.internal.ResponseSpecificationImpl$HamcrestAssertionClosure$validate$1.call(Unknown Source)
	at com.jayway.restassured.internal.ResponseSpecificationImpl.validateResponseIfRequired(ResponseSpecificationImpl.groovy:760)
	at org.codehaus.groovy.runtime.callsite.PogoMetaMethodSite$PogoCachedMethodSiteNoUnwrapNoCoerce.invoke(PogoMetaMethodSite.java:210)
	at org.codehaus.groovy.runtime.callsite.PogoMetaMethodSite.callCurrent(PogoMetaMethodSite.java:59)
	at org.codehaus.groovy.runtime.callsite.AbstractCallSite.callCurrent(AbstractCallSite.java:166)
	at com.jayway.restassured.internal.ResponseSpecificationImpl.contentType(ResponseSpecificationImpl.groovy:526)
	at com.jayway.restassured.internal.ValidatableResponseOptionsImpl.contentType(ValidatableResponseOptionsImpl.java:240)
	at com.arcapi.CompleteDataValidationNoPayloadTestcases.CreditFormUploadPOSTAPITest.CreditFormUploadPOSTAPI(CreditFormUploadPOSTAPITest.java:56)
... Removed 35 stack frames</pre></div><a href='#' onClick='toggleBox("stack-trace774673779", this, "Click to show all stack frames", "Click to hide stack frames")'>Click to show all stack frames</a>
<div class='stack-trace' id='stack-trace774673779'><pre>java.lang.AssertionError: 1 expectation failed.
Expected content-type &quot;JSON&quot; doesn&apos;t match actual content-type &quot;text/html&quot;.

	at sun.reflect.NativeConstructorAccessorImpl.newInstance0(Native Method)
	at sun.reflect.NativeConstructorAccessorImpl.newInstance(Unknown Source)
	at sun.reflect.DelegatingConstructorAccessorImpl.newInstance(Unknown Source)
	at java.lang.reflect.Constructor.newInstance(Unknown Source)
	at org.codehaus.groovy.reflection.CachedConstructor.invoke(CachedConstructor.java:80)
	at org.codehaus.groovy.reflection.CachedConstructor.doConstructorInvoke(CachedConstructor.java:74)
	at org.codehaus.groovy.runtime.callsite.ConstructorSite$ConstructorSiteNoUnwrap.callConstructor(ConstructorSite.java:84)
	at org.codehaus.groovy.runtime.callsite.AbstractCallSite.callConstructor(AbstractCallSite.java:247)
	at com.jayway.restassured.internal.ResponseSpecificationImpl$HamcrestAssertionClosure.validate(ResponseSpecificationImpl.groovy:598)
	at com.jayway.restassured.internal.ResponseSpecificationImpl$HamcrestAssertionClosure$validate$1.call(Unknown Source)
	at com.jayway.restassured.internal.ResponseSpecificationImpl.validateResponseIfRequired(ResponseSpecificationImpl.groovy:760)
	at sun.reflect.GeneratedMethodAccessor114.invoke(Unknown Source)
	at sun.reflect.DelegatingMethodAccessorImpl.invoke(Unknown Source)
	at java.lang.reflect.Method.invoke(Unknown Source)
	at org.codehaus.groovy.runtime.callsite.PogoMetaMethodSite$PogoCachedMethodSiteNoUnwrapNoCoerce.invoke(PogoMetaMethodSite.java:210)
	at org.codehaus.groovy.runtime.callsite.PogoMetaMethodSite.callCurrent(PogoMetaMethodSite.java:59)
	at org.codehaus.groovy.runtime.callsite.AbstractCallSite.callCurrent(AbstractCallSite.java:166)
	at com.jayway.restassured.internal.ResponseSpecificationImpl.contentType(ResponseSpecificationImpl.groovy:526)
	at com.jayway.restassured.internal.ValidatableResponseOptionsImpl.contentType(ValidatableResponseOptionsImpl.java:240)
	at com.arcapi.CompleteDataValidationNoPayloadTestcases.CreditFormUploadPOSTAPITest.CreditFormUploadPOSTAPI(CreditFormUploadPOSTAPITest.java:56)
	at sun.reflect.NativeMethodAccessorImpl.invoke0(Native Method)
	at sun.reflect.NativeMethodAccessorImpl.invoke(Unknown Source)
	at sun.reflect.DelegatingMethodAccessorImpl.invoke(Unknown Source)
	at java.lang.reflect.Method.invoke(Unknown Source)
	at org.testng.internal.MethodInvocationHelper.invokeMethod(MethodInvocationHelper.java:124)
	at org.testng.internal.Invoker.invokeMethod(Invoker.java:571)
	at org.testng.internal.Invoker.invokeTestMethod(Invoker.java:707)
	at org.testng.internal.Invoker.invokeTestMethods(Invoker.java:979)
	at org.testng.internal.TestMethodWorker.invokeTestMethods(TestMethodWorker.java:125)
	at org.testng.internal.TestMethodWorker.run(TestMethodWorker.java:109)
	at org.testng.TestRunner.privateRun(TestRunner.java:648)
	at org.testng.TestRunner.run(TestRunner.java:505)
	at org.testng.SuiteRunner.runTest(SuiteRunner.java:455)
	at org.testng.SuiteRunner.runSequentially(SuiteRunner.java:450)
	at org.testng.SuiteRunner.privateRun(SuiteRunner.java:415)
	at org.testng.SuiteRunner.run(SuiteRunner.java:364)
	at org.testng.SuiteRunnerWorker.runSuite(SuiteRunnerWorker.java:52)
	at org.testng.SuiteRunnerWorker.run(SuiteRunnerWorker.java:84)
	at org.testng.TestNG.runSuitesSequentially(TestNG.java:1187)
	at org.testng.TestNG.runSuitesSequentially(TestNG.java:1183)
	at org.testng.TestNG.runSuitesLocally(TestNG.java:1116)
	at org.testng.TestNG.runSuites(TestNG.java:1028)
	at org.testng.TestNG.run(TestNG.java:996)
	at org.testng.remote.AbstractRemoteTestNG.run(AbstractRemoteTestNG.java:114)
	at org.testng.remote.RemoteTestNG.initAndRun(RemoteTestNG.java:251)
	at org.testng.remote.RemoteTestNG.main(RemoteTestNG.java:77)
</pre></div></td>
<td>1</td>
<td>com.arcapi.CompleteDataValidationNoPayloadTestcases.CreditFormUploadPOSTAPITest@78a2da20</td></tr>
<tr>
<td title='com.arcapi.Buildingtestcases.EnvironmentSurveyCreatePOSTAPITest.EnvironmentSurveyCreatePOSTAPI()'><b>EnvironmentSurveyCreatePOSTAPI</b><br>Test class: com.arcapi.Buildingtestcases.EnvironmentSurveyCreatePOSTAPITest<br>Parameters: QAS, ProjectIDBuildingOther, 2</td>
<td><div><pre>java.lang.AssertionError: 1 expectation failed.
Expected status code &lt;201&gt; doesn&apos;t match actual status code &lt;400&gt;.

	at org.codehaus.groovy.runtime.callsite.ConstructorSite$ConstructorSiteNoUnwrap.callConstructor(ConstructorSite.java:84)
	at org.codehaus.groovy.runtime.callsite.AbstractCallSite.callConstructor(AbstractCallSite.java:247)
	at com.jayway.restassured.internal.ResponseSpecificationImpl$HamcrestAssertionClosure.validate(ResponseSpecificationImpl.groovy:598)
	at com.jayway.restassured.internal.ResponseSpecificationImpl$HamcrestAssertionClosure$validate$1.call(Unknown Source)
	at com.jayway.restassured.internal.ResponseSpecificationImpl.validateResponseIfRequired(ResponseSpecificationImpl.groovy:760)
	at org.codehaus.groovy.runtime.callsite.PogoMetaMethodSite$PogoCachedMethodSiteNoUnwrapNoCoerce.invoke(PogoMetaMethodSite.java:210)
	at org.codehaus.groovy.runtime.callsite.PogoMetaMethodSite.callCurrent(PogoMetaMethodSite.java:59)
	at org.codehaus.groovy.runtime.callsite.AbstractCallSite.callCurrent(AbstractCallSite.java:166)
	at com.jayway.restassured.internal.ResponseSpecificationImpl.statusCode(ResponseSpecificationImpl.groovy:120)
	at com.jayway.restassured.specification.ResponseSpecification$statusCode$0.callCurrent(Unknown Source)
	at com.jayway.restassured.internal.ResponseSpecificationImpl.statusCode(ResponseSpecificationImpl.groovy:128)
	at com.jayway.restassured.internal.ValidatableResponseOptionsImpl.statusCode(ValidatableResponseOptionsImpl.java:117)
	at com.arcapi.Buildingtestcases.EnvironmentSurveyCreatePOSTAPITest.EnvironmentSurveyCreatePOSTAPI(EnvironmentSurveyCreatePOSTAPITest.java:65)
... Removed 35 stack frames</pre></div><a href='#' onClick='toggleBox("stack-trace430537775", this, "Click to show all stack frames", "Click to hide stack frames")'>Click to show all stack frames</a>
<div class='stack-trace' id='stack-trace430537775'><pre>java.lang.AssertionError: 1 expectation failed.
Expected status code &lt;201&gt; doesn&apos;t match actual status code &lt;400&gt;.

	at sun.reflect.NativeConstructorAccessorImpl.newInstance0(Native Method)
	at sun.reflect.NativeConstructorAccessorImpl.newInstance(Unknown Source)
	at sun.reflect.DelegatingConstructorAccessorImpl.newInstance(Unknown Source)
	at java.lang.reflect.Constructor.newInstance(Unknown Source)
	at org.codehaus.groovy.reflection.CachedConstructor.invoke(CachedConstructor.java:80)
	at org.codehaus.groovy.reflection.CachedConstructor.doConstructorInvoke(CachedConstructor.java:74)
	at org.codehaus.groovy.runtime.callsite.ConstructorSite$ConstructorSiteNoUnwrap.callConstructor(ConstructorSite.java:84)
	at org.codehaus.groovy.runtime.callsite.AbstractCallSite.callConstructor(AbstractCallSite.java:247)
	at com.jayway.restassured.internal.ResponseSpecificationImpl$HamcrestAssertionClosure.validate(ResponseSpecificationImpl.groovy:598)
	at com.jayway.restassured.internal.ResponseSpecificationImpl$HamcrestAssertionClosure$validate$1.call(Unknown Source)
	at com.jayway.restassured.internal.ResponseSpecificationImpl.validateResponseIfRequired(ResponseSpecificationImpl.groovy:760)
	at sun.reflect.GeneratedMethodAccessor114.invoke(Unknown Source)
	at sun.reflect.DelegatingMethodAccessorImpl.invoke(Unknown Source)
	at java.lang.reflect.Method.invoke(Unknown Source)
	at org.codehaus.groovy.runtime.callsite.PogoMetaMethodSite$PogoCachedMethodSiteNoUnwrapNoCoerce.invoke(PogoMetaMethodSite.java:210)
	at org.codehaus.groovy.runtime.callsite.PogoMetaMethodSite.callCurrent(PogoMetaMethodSite.java:59)
	at org.codehaus.groovy.runtime.callsite.AbstractCallSite.callCurrent(AbstractCallSite.java:166)
	at com.jayway.restassured.internal.ResponseSpecificationImpl.statusCode(ResponseSpecificationImpl.groovy:120)
	at com.jayway.restassured.specification.ResponseSpecification$statusCode$0.callCurrent(Unknown Source)
	at com.jayway.restassured.internal.ResponseSpecificationImpl.statusCode(ResponseSpecificationImpl.groovy:128)
	at com.jayway.restassured.internal.ValidatableResponseOptionsImpl.statusCode(ValidatableResponseOptionsImpl.java:117)
	at com.arcapi.Buildingtestcases.EnvironmentSurveyCreatePOSTAPITest.EnvironmentSurveyCreatePOSTAPI(EnvironmentSurveyCreatePOSTAPITest.java:65)
	at sun.reflect.NativeMethodAccessorImpl.invoke0(Native Method)
	at sun.reflect.NativeMethodAccessorImpl.invoke(Unknown Source)
	at sun.reflect.DelegatingMethodAccessorImpl.invoke(Unknown Source)
	at java.lang.reflect.Method.invoke(Unknown Source)
	at org.testng.internal.MethodInvocationHelper.invokeMethod(MethodInvocationHelper.java:124)
	at org.testng.internal.Invoker.invokeMethod(Invoker.java:571)
	at org.testng.internal.Invoker.invokeTestMethod(Invoker.java:707)
	at org.testng.internal.Invoker.invokeTestMethods(Invoker.java:979)
	at org.testng.internal.TestMethodWorker.invokeTestMethods(TestMethodWorker.java:125)
	at org.testng.internal.TestMethodWorker.run(TestMethodWorker.java:109)
	at org.testng.TestRunner.privateRun(TestRunner.java:648)
	at org.testng.TestRunner.run(TestRunner.java:505)
	at org.testng.SuiteRunner.runTest(SuiteRunner.java:455)
	at org.testng.SuiteRunner.runSequentially(SuiteRunner.java:450)
	at org.testng.SuiteRunner.privateRun(SuiteRunner.java:415)
	at org.testng.SuiteRunner.run(SuiteRunner.java:364)
	at org.testng.SuiteRunnerWorker.runSuite(SuiteRunnerWorker.java:52)
	at org.testng.SuiteRunnerWorker.run(SuiteRunnerWorker.java:84)
	at org.testng.TestNG.runSuitesSequentially(TestNG.java:1187)
	at org.testng.TestNG.runSuitesSequentially(TestNG.java:1183)
	at org.testng.TestNG.runSuitesLocally(TestNG.java:1116)
	at org.testng.TestNG.runSuites(TestNG.java:1028)
	at org.testng.TestNG.run(TestNG.java:996)
	at org.testng.remote.AbstractRemoteTestNG.run(AbstractRemoteTestNG.java:114)
	at org.testng.remote.RemoteTestNG.initAndRun(RemoteTestNG.java:251)
	at org.testng.remote.RemoteTestNG.main(RemoteTestNG.java:77)
</pre></div></td>
<td>1</td>
<td>com.arcapi.Buildingtestcases.EnvironmentSurveyCreatePOSTAPITest@525b461a</td></tr>
<tr>
<td title='com.arcapi.CompleteDataValidationNoPayloadTestcases.TemperatureDataPostTest.TemperatureDataPost()'><b>TemperatureDataPost</b><br>Test class: com.arcapi.CompleteDataValidationNoPayloadTestcases.TemperatureDataPostTest<br>Parameters: QAS, ProjectIDBuildingOther, 2</td>
<td><div><pre>java.lang.AssertionError: 1 expectation failed.
Expected status code &lt;400&gt; doesn&apos;t match actual status code &lt;405&gt;.

	at org.codehaus.groovy.runtime.callsite.ConstructorSite$ConstructorSiteNoUnwrap.callConstructor(ConstructorSite.java:84)
	at org.codehaus.groovy.runtime.callsite.AbstractCallSite.callConstructor(AbstractCallSite.java:247)
	at com.jayway.restassured.internal.ResponseSpecificationImpl$HamcrestAssertionClosure.validate(ResponseSpecificationImpl.groovy:598)
	at com.jayway.restassured.internal.ResponseSpecificationImpl$HamcrestAssertionClosure$validate$1.call(Unknown Source)
	at com.jayway.restassured.internal.ResponseSpecificationImpl.validateResponseIfRequired(ResponseSpecificationImpl.groovy:760)
	at org.codehaus.groovy.runtime.callsite.PogoMetaMethodSite$PogoCachedMethodSiteNoUnwrapNoCoerce.invoke(PogoMetaMethodSite.java:210)
	at org.codehaus.groovy.runtime.callsite.PogoMetaMethodSite.callCurrent(PogoMetaMethodSite.java:59)
	at org.codehaus.groovy.runtime.callsite.AbstractCallSite.callCurrent(AbstractCallSite.java:166)
	at com.jayway.restassured.internal.ResponseSpecificationImpl.statusCode(ResponseSpecificationImpl.groovy:120)
	at com.jayway.restassured.specification.ResponseSpecification$statusCode$0.callCurrent(Unknown Source)
	at com.jayway.restassured.internal.ResponseSpecificationImpl.statusCode(ResponseSpecificationImpl.groovy:128)
	at com.jayway.restassured.internal.ValidatableResponseOptionsImpl.statusCode(ValidatableResponseOptionsImpl.java:117)
	at com.arcapi.CompleteDataValidationNoPayloadTestcases.TemperatureDataPostTest.TemperatureDataPost(TemperatureDataPostTest.java:54)
... Removed 35 stack frames</pre></div><a href='#' onClick='toggleBox("stack-trace2100208728", this, "Click to show all stack frames", "Click to hide stack frames")'>Click to show all stack frames</a>
<div class='stack-trace' id='stack-trace2100208728'><pre>java.lang.AssertionError: 1 expectation failed.
Expected status code &lt;400&gt; doesn&apos;t match actual status code &lt;405&gt;.

	at sun.reflect.NativeConstructorAccessorImpl.newInstance0(Native Method)
	at sun.reflect.NativeConstructorAccessorImpl.newInstance(Unknown Source)
	at sun.reflect.DelegatingConstructorAccessorImpl.newInstance(Unknown Source)
	at java.lang.reflect.Constructor.newInstance(Unknown Source)
	at org.codehaus.groovy.reflection.CachedConstructor.invoke(CachedConstructor.java:80)
	at org.codehaus.groovy.reflection.CachedConstructor.doConstructorInvoke(CachedConstructor.java:74)
	at org.codehaus.groovy.runtime.callsite.ConstructorSite$ConstructorSiteNoUnwrap.callConstructor(ConstructorSite.java:84)
	at org.codehaus.groovy.runtime.callsite.AbstractCallSite.callConstructor(AbstractCallSite.java:247)
	at com.jayway.restassured.internal.ResponseSpecificationImpl$HamcrestAssertionClosure.validate(ResponseSpecificationImpl.groovy:598)
	at com.jayway.restassured.internal.ResponseSpecificationImpl$HamcrestAssertionClosure$validate$1.call(Unknown Source)
	at com.jayway.restassured.internal.ResponseSpecificationImpl.validateResponseIfRequired(ResponseSpecificationImpl.groovy:760)
	at sun.reflect.GeneratedMethodAccessor114.invoke(Unknown Source)
	at sun.reflect.DelegatingMethodAccessorImpl.invoke(Unknown Source)
	at java.lang.reflect.Method.invoke(Unknown Source)
	at org.codehaus.groovy.runtime.callsite.PogoMetaMethodSite$PogoCachedMethodSiteNoUnwrapNoCoerce.invoke(PogoMetaMethodSite.java:210)
	at org.codehaus.groovy.runtime.callsite.PogoMetaMethodSite.callCurrent(PogoMetaMethodSite.java:59)
	at org.codehaus.groovy.runtime.callsite.AbstractCallSite.callCurrent(AbstractCallSite.java:166)
	at com.jayway.restassured.internal.ResponseSpecificationImpl.statusCode(ResponseSpecificationImpl.groovy:120)
	at com.jayway.restassured.specification.ResponseSpecification$statusCode$0.callCurrent(Unknown Source)
	at com.jayway.restassured.internal.ResponseSpecificationImpl.statusCode(ResponseSpecificationImpl.groovy:128)
	at com.jayway.restassured.internal.ValidatableResponseOptionsImpl.statusCode(ValidatableResponseOptionsImpl.java:117)
	at com.arcapi.CompleteDataValidationNoPayloadTestcases.TemperatureDataPostTest.TemperatureDataPost(TemperatureDataPostTest.java:54)
	at sun.reflect.NativeMethodAccessorImpl.invoke0(Native Method)
	at sun.reflect.NativeMethodAccessorImpl.invoke(Unknown Source)
	at sun.reflect.DelegatingMethodAccessorImpl.invoke(Unknown Source)
	at java.lang.reflect.Method.invoke(Unknown Source)
	at org.testng.internal.MethodInvocationHelper.invokeMethod(MethodInvocationHelper.java:124)
	at org.testng.internal.Invoker.invokeMethod(Invoker.java:571)
	at org.testng.internal.Invoker.invokeTestMethod(Invoker.java:707)
	at org.testng.internal.Invoker.invokeTestMethods(Invoker.java:979)
	at org.testng.internal.TestMethodWorker.invokeTestMethods(TestMethodWorker.java:125)
	at org.testng.internal.TestMethodWorker.run(TestMethodWorker.java:109)
	at org.testng.TestRunner.privateRun(TestRunner.java:648)
	at org.testng.TestRunner.run(TestRunner.java:505)
	at org.testng.SuiteRunner.runTest(SuiteRunner.java:455)
	at org.testng.SuiteRunner.runSequentially(SuiteRunner.java:450)
	at org.testng.SuiteRunner.privateRun(SuiteRunner.java:415)
	at org.testng.SuiteRunner.run(SuiteRunner.java:364)
	at org.testng.SuiteRunnerWorker.runSuite(SuiteRunnerWorker.java:52)
	at org.testng.SuiteRunnerWorker.run(SuiteRunnerWorker.java:84)
	at org.testng.TestNG.runSuitesSequentially(TestNG.java:1187)
	at org.testng.TestNG.runSuitesSequentially(TestNG.java:1183)
	at org.testng.TestNG.runSuitesLocally(TestNG.java:1116)
	at org.testng.TestNG.runSuites(TestNG.java:1028)
	at org.testng.TestNG.run(TestNG.java:996)
	at org.testng.remote.AbstractRemoteTestNG.run(AbstractRemoteTestNG.java:114)
	at org.testng.remote.RemoteTestNG.initAndRun(RemoteTestNG.java:251)
	at org.testng.remote.RemoteTestNG.main(RemoteTestNG.java:77)
</pre></div></td>
<td>1</td>
<td>com.arcapi.CompleteDataValidationNoPayloadTestcases.TemperatureDataPostTest@1dd92fe2</td></tr>
</table><p>
<table width='100%' border='1' class='invocation-passed'>
<tr><td colspan='4' align='center'><b>PASSED TESTS</b></td></tr>
<tr><td><b>Test method</b></td>
<td width="30%"><b>Exception</b></td>
<td width="10%"><b>Time (seconds)</b></td>
<td><b>Instance</b></td>
</tr>
<tr>
<td title='com.arcapi.Buildingtestcases.AddAssestTimelinePOSTAPITest.AddAssestTimeline()'><b>AddAssestTimeline</b><br>Test class: com.arcapi.Buildingtestcases.AddAssestTimelinePOSTAPITest<br>Parameters: QAS, ProjectIDBuildingOther, 2</td>
<td></td>
<td>6</td>
<td>com.arcapi.Buildingtestcases.AddAssestTimelinePOSTAPITest@646be2c3</td></tr>
<tr>
<td title='com.arcapi.CompleteDataValidationNoPayloadTestcases.AnalysisDataSubmitPOSTAPITest.AnalysisDataSubmitPOSTAPI()'><b>AnalysisDataSubmitPOSTAPI</b><br>Test class: com.arcapi.CompleteDataValidationNoPayloadTestcases.AnalysisDataSubmitPOSTAPITest<br>Parameters: QAS, ProjectIDBuildingOther, 2</td>
<td></td>
<td>1</td>
<td>com.arcapi.CompleteDataValidationNoPayloadTestcases.AnalysisDataSubmitPOSTAPITest@731f8236</td></tr>
<tr>
<td title='com.arcapi.CompleteDataValidationNoPayloadTestcases.AssetAppaddPOSTAPITest.AssetAppaddPOSTAPI()'><b>AssetAppaddPOSTAPI</b><br>Test class: com.arcapi.CompleteDataValidationNoPayloadTestcases.AssetAppaddPOSTAPITest<br>Parameters: QAS, ProjectIDBuildingOther, 2</td>
<td></td>
<td>1</td>
<td>com.arcapi.CompleteDataValidationNoPayloadTestcases.AssetAppaddPOSTAPITest@4d339552</td></tr>
<tr>
<td title='com.arcapi.Buildingtestcases.AssetDetailAPITest.AssetDetailAPI()'><b>AssetDetailAPI</b><br>Test class: com.arcapi.Buildingtestcases.AssetDetailAPITest<br>Parameters: QAS, ProjectIDBuildingOther, 2</td>
<td></td>
<td>5</td>
<td>com.arcapi.Buildingtestcases.AssetDetailAPITest@797badd3</td></tr>
<tr>
<td title='com.arcapi.Buildingtestcases.AssetNotificationSubscriptionPostTest.AssetNotificationSubscriptionPost()'><b>AssetNotificationSubscriptionPost</b><br>Test class: com.arcapi.Buildingtestcases.AssetNotificationSubscriptionPostTest<br>Parameters: QAS, ProjectIDBuildingOther, 2</td>
<td></td>
<td>2</td>
<td>com.arcapi.Buildingtestcases.AssetNotificationSubscriptionPostTest@4d49af10</td></tr>
<tr>
<td title='com.arcapi.CompleteDataValidationNoPayloadTestcases.AssetNotificationSubscriptionPostTest.AssetNotificationSubscriptionPost()'><b>AssetNotificationSubscriptionPost</b><br>Test class: com.arcapi.CompleteDataValidationNoPayloadTestcases.AssetNotificationSubscriptionPostTest<br>Parameters: QAS, ProjectIDBuildingOther, 2</td>
<td></td>
<td>1</td>
<td>com.arcapi.CompleteDataValidationNoPayloadTestcases.AssetNotificationSubscriptionPostTest@279ad2e3</td></tr>
<tr>
<td title='com.arcapi.CompleteDataValidationNoPayloadTestcases.AssetOwnerOrgPOSTAPITest.AssetOwnerOrgPOSTAPI()'><b>AssetOwnerOrgPOSTAPI</b><br>Test class: com.arcapi.CompleteDataValidationNoPayloadTestcases.AssetOwnerOrgPOSTAPITest</td>
<td></td>
<td>2</td>
<td>com.arcapi.CompleteDataValidationNoPayloadTestcases.AssetOwnerOrgPOSTAPITest@19dc67c2</td></tr>
<tr>
<td title='com.arcapi.CompleteDataValidationNoPayloadTestcases.AssetPerformanceScorePostAPITest.AssetPerformanceScorePostAPI()'><b>AssetPerformanceScorePostAPI</b><br>Test class: com.arcapi.CompleteDataValidationNoPayloadTestcases.AssetPerformanceScorePostAPITest<br>Parameters: QAS, ProjectIDBuildingOther, 2</td>
<td></td>
<td>2</td>
<td>com.arcapi.CompleteDataValidationNoPayloadTestcases.AssetPerformanceScorePostAPITest@226a82c4</td></tr>
<tr>
<td title='com.arcapi.CompleteDataValidationNoPayloadTestcases.AssetTeamMemberAddPOSTAPITest.AssetTeamMemberAddPOSTAPI()'><b>AssetTeamMemberAddPOSTAPI</b><br>Test class: com.arcapi.CompleteDataValidationNoPayloadTestcases.AssetTeamMemberAddPOSTAPITest<br>Parameters: QAS, ProjectIDBuildingOther, 2</td>
<td></td>
<td>2</td>
<td>com.arcapi.CompleteDataValidationNoPayloadTestcases.AssetTeamMemberAddPOSTAPITest@61d47554</td></tr>
<tr>
<td title='com.arcapi.CompleteDataValidationNoPayloadTestcases.AssetTeamMemberRemoveAPITest.AssetTeamMemberRemoveAPI()'><b>AssetTeamMemberRemoveAPI</b><br>Test class: com.arcapi.CompleteDataValidationNoPayloadTestcases.AssetTeamMemberRemoveAPITest<br>Parameters: QAS, ProjectIDBuildingOther, 2</td>
<td></td>
<td>2</td>
<td>com.arcapi.CompleteDataValidationNoPayloadTestcases.AssetTeamMemberRemoveAPITest@3f200884</td></tr>
<tr>
<td title='com.arcapi.CompleteDataValidationNoPayloadTestcases.AssetTeamMemberUpdateAPITest.AssetTeamMemberUpdateAPI()'><b>AssetTeamMemberUpdateAPI</b><br>Test class: com.arcapi.CompleteDataValidationNoPayloadTestcases.AssetTeamMemberUpdateAPITest<br>Parameters: QAS, ProjectIDBuildingOther, 2</td>
<td></td>
<td>2</td>
<td>com.arcapi.CompleteDataValidationNoPayloadTestcases.AssetTeamMemberUpdateAPITest@69b794e2</td></tr>
<tr>
<td title='com.arcapi.CompleteDataValidationNoPayloadTestcases.AssetTeamPermissionPostAPITest.AssetTeamPermissionPostAPI()'><b>AssetTeamPermissionPostAPI</b><br>Test class: com.arcapi.CompleteDataValidationNoPayloadTestcases.AssetTeamPermissionPostAPITest<br>Parameters: QAS, ProjectIDBuildingOther, 2</td>
<td></td>
<td>2</td>
<td>com.arcapi.CompleteDataValidationNoPayloadTestcases.AssetTeamPermissionPostAPITest@345965f2</td></tr>
<tr>
<td title='com.arcapi.CompleteDataValidationNoPayloadTestcases.AssetTeamPermissionPutAPITest.AssetTeamPermissionPutAPI()'><b>AssetTeamPermissionPutAPI</b><br>Test class: com.arcapi.CompleteDataValidationNoPayloadTestcases.AssetTeamPermissionPutAPITest<br>Parameters: QAS, ProjectIDBuildingOther, 2</td>
<td></td>
<td>1</td>
<td>com.arcapi.CompleteDataValidationNoPayloadTestcases.AssetTeamPermissionPutAPITest@429bd883</td></tr>
<tr>
<td title='com.arcapi.CompleteDataValidationNoPayloadTestcases.AssetUpdateforNewAssetPUTAPITest.AssetUpdateforNewAssetPUTAPI()'><b>AssetUpdateforNewAssetPUTAPI</b><br>Test class: com.arcapi.CompleteDataValidationNoPayloadTestcases.AssetUpdateforNewAssetPUTAPITest<br>Parameters: QAS, ProjectIDBuildingOther, 2</td>
<td></td>
<td>3</td>
<td>com.arcapi.CompleteDataValidationNoPayloadTestcases.AssetUpdateforNewAssetPUTAPITest@23a5fd2</td></tr>
<tr>
<td title='com.arcapi.CompleteDataValidationNoPayloadTestcases.AssetValidationInfoPOSTAPITest.AssetValidationInfoPOSTAPI()'><b>AssetValidationInfoPOSTAPI</b><br>Test class: com.arcapi.CompleteDataValidationNoPayloadTestcases.AssetValidationInfoPOSTAPITest</td>
<td></td>
<td>1</td>
<td>com.arcapi.CompleteDataValidationNoPayloadTestcases.AssetValidationInfoPOSTAPITest@77be656f</td></tr>
<tr>
<td title='com.arcapi.Buildingtestcases.ConsumptionCreatePOSTAPITest.ConsumptionCreatePOSTAPI()'><b>ConsumptionCreatePOSTAPI</b><br>Test class: com.arcapi.Buildingtestcases.ConsumptionCreatePOSTAPITest<br>Parameters: QAS, ProjectIDBuildingOther, 2</td>
<td></td>
<td>2</td>
<td>com.arcapi.Buildingtestcases.ConsumptionCreatePOSTAPITest@7bc1a03d</td></tr>
<tr>
<td title='com.arcapi.CompleteDataValidationNoPayloadTestcases.ConsumptionCreatePOSTAPITest.ConsumptionCreatePOSTAPI()'><b>ConsumptionCreatePOSTAPI</b><br>Test class: com.arcapi.CompleteDataValidationNoPayloadTestcases.ConsumptionCreatePOSTAPITest<br>Parameters: QAS, ProjectIDBuildingOther, 2</td>
<td></td>
<td>2</td>
<td>com.arcapi.CompleteDataValidationNoPayloadTestcases.ConsumptionCreatePOSTAPITest@70b0b186</td></tr>
<tr>
<td title='com.arcapi.CompleteDataValidationNoPayloadTestcases.ConsumptionUpdatePUTAPITest.ConsumptionUpdatePUTAPI()'><b>ConsumptionUpdatePUTAPI</b><br>Test class: com.arcapi.CompleteDataValidationNoPayloadTestcases.ConsumptionUpdatePUTAPITest<br>Parameters: QAS, ProjectIDBuildingOther, 2</td>
<td></td>
<td>2</td>
<td>com.arcapi.CompleteDataValidationNoPayloadTestcases.ConsumptionUpdatePUTAPITest@ba8d91c</td></tr>
<tr>
<td title='com.arcapi.Buildingtestcases.CreateAssetBuildingOtherAPITest.CreateAssetPOSTAPI()'><b>CreateAssetPOSTAPI</b><br>Test class: com.arcapi.Buildingtestcases.CreateAssetBuildingOtherAPITest<br>Parameters: QAS, building, ProjectIDBuildingOther, 2, US</td>
<td></td>
<td>16</td>
<td>com.arcapi.Buildingtestcases.CreateAssetBuildingOtherAPITest@15d9bc04</td></tr>
<tr>
<td title='com.arcapi.CompleteDataValidationNoPayloadTestcases.CreateAssetPOSTAPITest.CreateAssetPOSTAPI()'><b>CreateAssetPOSTAPI</b><br>Test class: com.arcapi.CompleteDataValidationNoPayloadTestcases.CreateAssetPOSTAPITest<br>Parameters: QAS, building, ProjectIDBuildingOther, 2</td>
<td></td>
<td>4</td>
<td>com.arcapi.CompleteDataValidationNoPayloadTestcases.CreateAssetPOSTAPITest@221af3c0</td></tr>
<tr>
<td title='com.arcapi.CompleteDataValidationNoPayloadTestcases.EnvironmentSurveyCreatePOSTAPITest.EnvironmentSurveyCreatePOSTAPI()'><b>EnvironmentSurveyCreatePOSTAPI</b><br>Test class: com.arcapi.CompleteDataValidationNoPayloadTestcases.EnvironmentSurveyCreatePOSTAPITest<br>Parameters: QAS, ProjectIDBuildingOther, 2</td>
<td></td>
<td>1</td>
<td>com.arcapi.CompleteDataValidationNoPayloadTestcases.EnvironmentSurveyCreatePOSTAPITest@b7f23d9</td></tr>
<tr>
<td title='com.arcapi.CompleteDataValidationNoPayloadTestcases.ExcelUploadTemplatePOSTAPITest.ExcelUploadTemplatePOSTAPI()'><b>ExcelUploadTemplatePOSTAPI</b><br>Test class: com.arcapi.CompleteDataValidationNoPayloadTestcases.ExcelUploadTemplatePOSTAPITest<br>Parameters: QAS, ProjectIDBuildingOther, 2</td>
<td></td>
<td>2</td>
<td>com.arcapi.CompleteDataValidationNoPayloadTestcases.ExcelUploadTemplatePOSTAPITest@6591f517</td></tr>
<tr>
<td title='com.arcapi.CompleteDataValidationNoPayloadTestcases.FeedbackSubmitPostAPITest.FeedbackSubmitPostAPI()'><b>FeedbackSubmitPostAPI</b><br>Test class: com.arcapi.CompleteDataValidationNoPayloadTestcases.FeedbackSubmitPostAPITest<br>Parameters: QAS, ProjectIDBuildingOther, 2</td>
<td></td>
<td>2</td>
<td>com.arcapi.CompleteDataValidationNoPayloadTestcases.FeedbackSubmitPostAPITest@7fe8ea47</td></tr>
<tr>
<td title='com.arcapi.CompleteDataValidationNoPayloadTestcases.MeterBulkConsumptionPOSTAPITest.MeterBulkConsumptionPOSTAPI()'><b>MeterBulkConsumptionPOSTAPI</b><br>Test class: com.arcapi.CompleteDataValidationNoPayloadTestcases.MeterBulkConsumptionPOSTAPITest<br>Parameters: QAS, ProjectIDBuildingOther, 2</td>
<td></td>
<td>1</td>
<td>com.arcapi.CompleteDataValidationNoPayloadTestcases.MeterBulkConsumptionPOSTAPITest@6b1274d2</td></tr>
<tr>
<td title='com.arcapi.Buildingtestcases.MeterCreatePOSTAPITest.MeterCreatePOSTAPI()'><b>MeterCreatePOSTAPI</b><br>Test class: com.arcapi.Buildingtestcases.MeterCreatePOSTAPITest<br>Parameters: QAS, ProjectIDBuildingOther, 2</td>
<td></td>
<td>2</td>
<td>com.arcapi.Buildingtestcases.MeterCreatePOSTAPITest@dd3b207</td></tr>
<tr>
<td title='com.arcapi.CompleteDataValidationNoPayloadTestcases.MeterCreatePOSTAPITest.MeterCreatePOSTAPI()'><b>MeterCreatePOSTAPI</b><br>Test class: com.arcapi.CompleteDataValidationNoPayloadTestcases.MeterCreatePOSTAPITest<br>Parameters: QAS, ProjectIDBuildingOther, 2</td>
<td></td>
<td>2</td>
<td>com.arcapi.CompleteDataValidationNoPayloadTestcases.MeterCreatePOSTAPITest@551bdc27</td></tr>
<tr>
<td title='com.arcapi.CompleteDataValidationNoPayloadTestcases.MeterUpdatePUTAPITest.MeterUpdatePUTAPI()'><b>MeterUpdatePUTAPI</b><br>Test class: com.arcapi.CompleteDataValidationNoPayloadTestcases.MeterUpdatePUTAPITest<br>Parameters: QAS, ProjectIDBuildingOther, 2</td>
<td></td>
<td>2</td>
<td>com.arcapi.CompleteDataValidationNoPayloadTestcases.MeterUpdatePUTAPITest@58fdd99</td></tr>
<tr>
<td title='com.arcapi.CompleteDataValidationNoPayloadTestcases.NotificationCreatePOSTAPITest.NotificationCreatePOSTAPI()'><b>NotificationCreatePOSTAPI</b><br>Test class: com.arcapi.CompleteDataValidationNoPayloadTestcases.NotificationCreatePOSTAPITest<br>Parameters: QAS, ProjectIDBuildingOther, 2</td>
<td></td>
<td>1</td>
<td>com.arcapi.CompleteDataValidationNoPayloadTestcases.NotificationCreatePOSTAPITest@77e4c80f</td></tr>
<tr>
<td title='com.arcapi.CompleteDataValidationNoPayloadTestcases.NotificationDeleteAPITest.NotificationDeleteAPI()'><b>NotificationDeleteAPI</b><br>Test class: com.arcapi.CompleteDataValidationNoPayloadTestcases.NotificationDeleteAPITest<br>Parameters: QAS, ProjectIDBuildingOther, 2</td>
<td></td>
<td>10</td>
<td>com.arcapi.CompleteDataValidationNoPayloadTestcases.NotificationDeleteAPITest@35fc6dc4</td></tr>
<tr>
<td title='com.arcapi.CompleteDataValidationNoPayloadTestcases.NotificationSubscriptionDetailPutTest.NotificationSubscriptionDetail()'><b>NotificationSubscriptionDetail</b><br>Test class: com.arcapi.CompleteDataValidationNoPayloadTestcases.NotificationSubscriptionDetailPutTest<br>Parameters: QAS, ProjectIDBuildingOther, 2</td>
<td></td>
<td>1</td>
<td>com.arcapi.CompleteDataValidationNoPayloadTestcases.NotificationSubscriptionDetailPutTest@58134517</td></tr>
<tr>
<td title='com.arcapi.Buildingtestcases.NotificationSubscriptionDetailDeleteTest.NotificationSubscriptionDetailDelete()'><b>NotificationSubscriptionDetailDelete</b><br>Test class: com.arcapi.Buildingtestcases.NotificationSubscriptionDetailDeleteTest<br>Parameters: QAS, ProjectIDBuildingOther, 2</td>
<td></td>
<td>2</td>
<td>com.arcapi.Buildingtestcases.NotificationSubscriptionDetailDeleteTest@4450d156</td></tr>
<tr>
<td title='com.arcapi.CompleteDataValidationNoPayloadTestcases.NotificationSubscriptionDetailDeleteTest.NotificationSubscriptionDetailDelete()'><b>NotificationSubscriptionDetailDelete</b><br>Test class: com.arcapi.CompleteDataValidationNoPayloadTestcases.NotificationSubscriptionDetailDeleteTest<br>Parameters: QAS, ProjectIDBuildingOther, 2</td>
<td></td>
<td>2</td>
<td>com.arcapi.CompleteDataValidationNoPayloadTestcases.NotificationSubscriptionDetailDeleteTest@4461c7e3</td></tr>
<tr>
<td title='com.arcapi.Buildingtestcases.PaymentOrderSubmitPOSTAPITest.PaymentOrderSubmitPOSTAPI()'><b>PaymentOrderSubmitPOSTAPI</b><br>Test class: com.arcapi.Buildingtestcases.PaymentOrderSubmitPOSTAPITest<br>Parameters: QAS, ProjectIDBuildingOther, 2, CheckPayment</td>
<td></td>
<td>7</td>
<td>com.arcapi.Buildingtestcases.PaymentOrderSubmitPOSTAPITest@3c0a50da</td></tr>
<tr>
<td title='com.arcapi.CompleteDataValidationNoPayloadTestcases.PaymentOrderSubmitPOSTAPITest.PaymentOrderSubmitPOSTAPI()'><b>PaymentOrderSubmitPOSTAPI</b><br>Test class: com.arcapi.CompleteDataValidationNoPayloadTestcases.PaymentOrderSubmitPOSTAPITest<br>Parameters: QAS, ProjectIDBuildingOther, 2</td>
<td></td>
<td>2</td>
<td>com.arcapi.CompleteDataValidationNoPayloadTestcases.PaymentOrderSubmitPOSTAPITest@62bd765</td></tr>
<tr>
<td title='com.arcapi.Buildingtestcases.RegistrationPaymentPricingGetAPITest.RegistrationPaymentPricingGetAPI()'><b>RegistrationPaymentPricingGetAPI</b><br>Test class: com.arcapi.Buildingtestcases.RegistrationPaymentPricingGetAPITest<br>Parameters: QAS, ProjectIDBuildingOther, 2</td>
<td></td>
<td>3</td>
<td>com.arcapi.Buildingtestcases.RegistrationPaymentPricingGetAPITest@516be40f</td></tr>
<tr>
<td title='com.arcapi.CompleteDataValidationNoPayloadTestcases.S3DocumentRemoveAPITest.S3DocumentRemoveAPI()'><b>S3DocumentRemoveAPI</b><br>Test class: com.arcapi.CompleteDataValidationNoPayloadTestcases.S3DocumentRemoveAPITest<br>Parameters: QAS, ProjectIDBuildingOther, 2</td>
<td></td>
<td>2</td>
<td>com.arcapi.CompleteDataValidationNoPayloadTestcases.S3DocumentRemoveAPITest@5a4aa2f2</td></tr>
<tr>
<td title='com.arcapi.CompleteDataValidationNoPayloadTestcases.S3DocumentUploadPOSTAPITest.S3DocumentUploadPOSTAPI()'><b>S3DocumentUploadPOSTAPI</b><br>Test class: com.arcapi.CompleteDataValidationNoPayloadTestcases.S3DocumentUploadPOSTAPITest<br>Parameters: QAS, ProjectIDBuildingOther, 2</td>
<td></td>
<td>2</td>
<td>com.arcapi.CompleteDataValidationNoPayloadTestcases.S3DocumentUploadPOSTAPITest@f0f2775</td></tr>
<tr>
<td title='com.arcapi.Buildingtestcases.SignAgreementRegistrationAPITest.SignAgreementRegistrationAPI()'><b>SignAgreementRegistrationAPI</b><br>Test class: com.arcapi.Buildingtestcases.SignAgreementRegistrationAPITest<br>Parameters: QAS, ProjectIDBuildingOther, 2</td>
<td></td>
<td>4</td>
<td>com.arcapi.Buildingtestcases.SignAgreementRegistrationAPITest@473b46c3</td></tr>
<tr>
<td title='com.arcapi.CompleteDataValidationNoPayloadTestcases.SubmitReviewPOSTAPITest.SubmitReviewPOSTAPI()'><b>SubmitReviewPOSTAPI</b><br>Test class: com.arcapi.CompleteDataValidationNoPayloadTestcases.SubmitReviewPOSTAPITest<br>Parameters: QAS, ProjectIDBuildingOther, 2, building, performance score</td>
<td></td>
<td>1</td>
<td>com.arcapi.CompleteDataValidationNoPayloadTestcases.SubmitReviewPOSTAPITest@351d0846</td></tr>
<tr>
<td title='com.arcapi.Buildingtestcases.TransitSurveyCreatePOSTAPITest.TransitSurveyCreatePOSTAPI()'><b>TransitSurveyCreatePOSTAPI</b><br>Test class: com.arcapi.Buildingtestcases.TransitSurveyCreatePOSTAPITest<br>Parameters: QAS, ProjectIDBuildingOther, 2</td>
<td></td>
<td>2</td>
<td>com.arcapi.Buildingtestcases.TransitSurveyCreatePOSTAPITest@7ff2a664</td></tr>
<tr>
<td title='com.arcapi.CompleteDataValidationNoPayloadTestcases.TransitSurveyCreatePOSTAPITest.TransitSurveyCreatePOSTAPI()'><b>TransitSurveyCreatePOSTAPI</b><br>Test class: com.arcapi.CompleteDataValidationNoPayloadTestcases.TransitSurveyCreatePOSTAPITest<br>Parameters: QAS, ProjectIDBuildingOther, 2</td>
<td></td>
<td>1</td>
<td>com.arcapi.CompleteDataValidationNoPayloadTestcases.TransitSurveyCreatePOSTAPITest@58c1c010</td></tr>
<tr>
<td title='com.arcapi.Buildingtestcases.WasteCreatePOSTAPITest.WasteCreatePOSTAPI()'><b>WasteCreatePOSTAPI</b><br>Test class: com.arcapi.Buildingtestcases.WasteCreatePOSTAPITest<br>Parameters: QAS, ProjectIDBuildingOther, 2</td>
<td></td>
<td>2</td>
<td>com.arcapi.Buildingtestcases.WasteCreatePOSTAPITest@709ba3fb</td></tr>
<tr>
<td title='com.arcapi.CompleteDataValidationNoPayloadTestcases.WasteCreatePOSTAPITest.WasteCreatePOSTAPI()'><b>WasteCreatePOSTAPI</b><br>Test class: com.arcapi.CompleteDataValidationNoPayloadTestcases.WasteCreatePOSTAPITest<br>Parameters: QAS, ProjectIDBuildingOther, 2</td>
<td></td>
<td>2</td>
<td>com.arcapi.CompleteDataValidationNoPayloadTestcases.WasteCreatePOSTAPITest@3d36e4cd</td></tr>
<tr>
<td title='com.arcapi.CompleteDataValidationNoPayloadTestcases.WasteDivertedBulkDataPostTest.WasteDivertedBulkDataPost()'><b>WasteDivertedBulkDataPost</b><br>Test class: com.arcapi.CompleteDataValidationNoPayloadTestcases.WasteDivertedBulkDataPostTest<br>Parameters: QAS, ProjectIDBuildingOther, 2</td>
<td></td>
<td>1</td>
<td>com.arcapi.CompleteDataValidationNoPayloadTestcases.WasteDivertedBulkDataPostTest@5d20e46</td></tr>
<tr>
<td title='com.arcapi.CompleteDataValidationNoPayloadTestcases.WasteGeneratedBulkDataPostTest.WasteGeneratedBulkDataPost()'><b>WasteGeneratedBulkDataPost</b><br>Test class: com.arcapi.CompleteDataValidationNoPayloadTestcases.WasteGeneratedBulkDataPostTest<br>Parameters: QAS, ProjectIDBuildingOther, 2</td>
<td></td>
<td>2</td>
<td>com.arcapi.CompleteDataValidationNoPayloadTestcases.WasteGeneratedBulkDataPostTest@7364985f</td></tr>
<tr>
<td title='com.arcapi.CompleteDataValidationNoPayloadTestcases.WasteUpdatePUTAPITest.WasteUpdatePUTAPI()'><b>WasteUpdatePUTAPI</b><br>Test class: com.arcapi.CompleteDataValidationNoPayloadTestcases.WasteUpdatePUTAPITest<br>Parameters: QAS, ProjectIDBuildingOther, 2</td>
<td></td>
<td>1</td>
<td>com.arcapi.CompleteDataValidationNoPayloadTestcases.WasteUpdatePUTAPITest@6a472554</td></tr>
</table><p>
</body>
</html>