<html>
<head>
<title>TestNG:  CompleteFlowTest-Community-Other</title>
<link href="../testng.css" rel="stylesheet" type="text/css" />
<link href="../my-testng.css" rel="stylesheet" type="text/css" />

<style type="text/css">
.log { display: none;} 
.stack-trace { display: none;} 
</style>
<script type="text/javascript">
<!--
function flip(e) {
  current = e.style.display;
  if (current == 'block') {
    e.style.display = 'none';
    return 0;
  }
  else {
    e.style.display = 'block';
    return 1;
  }
}

function toggleBox(szDivId, elem, msg1, msg2)
{
  var res = -1;  if (document.getElementById) {
    res = flip(document.getElementById(szDivId));
  }
  else if (document.all) {
    // this is the way old msie versions work
    res = flip(document.all[szDivId]);
  }
  if(elem) {
    if(res == 0) elem.innerHTML = msg1; else elem.innerHTML = msg2;
  }

}

function toggleAllBoxes() {
  if (document.getElementsByTagName) {
    d = document.getElementsByTagName('div');
    for (i = 0; i < d.length; i++) {
      if (d[i].className == 'log') {
        flip(d[i]);
      }
    }
  }
}

// -->
</script>

</head>
<body>
<h2 align='center'>CompleteFlowTest-Community-Other</h2><table border='1' align="center">
<tr>
<td>Tests passed/Failed/Skipped:</td><td>46/6/0</td>
</tr><tr>
<td>Started on:</td><td>Fri Feb 08 12:38:16 IST 2019</td>
</tr>
<tr><td>Total time:</td><td>234 seconds (234544 ms)</td>
</tr><tr>
<td>Included groups:</td><td></td>
</tr><tr>
<td>Excluded groups:</td><td></td>
</tr>
</table><p/>
<small><i>(Hover the method name to see the test class name)</i></small><p/>
<table width='100%' border='1' class='invocation-failed'>
<tr><td colspan='4' align='center'><b>FAILED TESTS</b></td></tr>
<tr><td><b>Test method</b></td>
<td width="30%"><b>Exception</b></td>
<td width="10%"><b>Time (seconds)</b></td>
<td><b>Instance</b></td>
</tr>
<tr>
<td title='com.arcapi.TrailFlowtestcases.Community.AssetNotificationSubscriptionPostTest.AssetNotificationSubscriptionPost()'><b>AssetNotificationSubscriptionPost</b><br>Test class: com.arcapi.TrailFlowtestcases.Community.AssetNotificationSubscriptionPostTest<br>Parameters: STG, ProjectIDCommunityOther, 2</td>
<td><div><pre>java.lang.NullPointerException
	at com.arcapi.TrailFlowtestcases.Community.AssetNotificationSubscriptionPostTest.AssetNotificationSubscriptionPost(AssetNotificationSubscriptionPostTest.java:60)
... Removed 26 stack frames</pre></div><a href='#' onClick='toggleBox("stack-trace179437727", this, "Click to show all stack frames", "Click to hide stack frames")'>Click to show all stack frames</a>
<div class='stack-trace' id='stack-trace179437727'><pre>java.lang.NullPointerException
	at com.arcapi.TrailFlowtestcases.Community.AssetNotificationSubscriptionPostTest.AssetNotificationSubscriptionPost(AssetNotificationSubscriptionPostTest.java:60)
	at sun.reflect.NativeMethodAccessorImpl.invoke0(Native Method)
	at sun.reflect.NativeMethodAccessorImpl.invoke(Unknown Source)
	at sun.reflect.DelegatingMethodAccessorImpl.invoke(Unknown Source)
	at java.lang.reflect.Method.invoke(Unknown Source)
	at org.testng.internal.MethodInvocationHelper.invokeMethod(MethodInvocationHelper.java:124)
	at org.testng.internal.Invoker.invokeMethod(Invoker.java:571)
	at org.testng.internal.Invoker.invokeTestMethod(Invoker.java:707)
	at org.testng.internal.Invoker.invokeTestMethods(Invoker.java:979)
	at org.testng.internal.TestMethodWorker.invokeTestMethods(TestMethodWorker.java:125)
	at org.testng.internal.TestMethodWorker.run(TestMethodWorker.java:109)
	at org.testng.TestRunner.privateRun(TestRunner.java:648)
	at org.testng.TestRunner.run(TestRunner.java:505)
	at org.testng.SuiteRunner.runTest(SuiteRunner.java:455)
	at org.testng.SuiteRunner.runSequentially(SuiteRunner.java:450)
	at org.testng.SuiteRunner.privateRun(SuiteRunner.java:415)
	at org.testng.SuiteRunner.run(SuiteRunner.java:364)
	at org.testng.SuiteRunnerWorker.runSuite(SuiteRunnerWorker.java:52)
	at org.testng.SuiteRunnerWorker.run(SuiteRunnerWorker.java:84)
	at org.testng.TestNG.runSuitesSequentially(TestNG.java:1187)
	at org.testng.TestNG.runSuitesSequentially(TestNG.java:1183)
	at org.testng.TestNG.runSuitesLocally(TestNG.java:1116)
	at org.testng.TestNG.runSuites(TestNG.java:1028)
	at org.testng.TestNG.run(TestNG.java:996)
	at org.testng.remote.AbstractRemoteTestNG.run(AbstractRemoteTestNG.java:114)
	at org.testng.remote.RemoteTestNG.initAndRun(RemoteTestNG.java:251)
	at org.testng.remote.RemoteTestNG.main(RemoteTestNG.java:77)
</pre></div></td>
<td>1</td>
<td>com.arcapi.TrailFlowtestcases.Community.AssetNotificationSubscriptionPostTest@7ba18f1b</td></tr>
<tr>
<td title='com.arcapi.TrailFlowtestcases.Community.AssetRequiredFieldsAPITest.AssetRequiredFieldsAPI()'><b>AssetRequiredFieldsAPI</b><br>Test class: com.arcapi.TrailFlowtestcases.Community.AssetRequiredFieldsAPITest<br>Parameters: STG, ProjectIDCommunityOther, 2</td>
<td><div><pre>java.lang.AssertionError: 1 expectation failed.
Expected status code &lt;200&gt; doesn&apos;t match actual status code &lt;404&gt;.

	at org.codehaus.groovy.runtime.callsite.ConstructorSite$ConstructorSiteNoUnwrap.callConstructor(ConstructorSite.java:84)
	at org.codehaus.groovy.runtime.callsite.AbstractCallSite.callConstructor(AbstractCallSite.java:247)
	at com.jayway.restassured.internal.ResponseSpecificationImpl$HamcrestAssertionClosure.validate(ResponseSpecificationImpl.groovy:598)
	at com.jayway.restassured.internal.ResponseSpecificationImpl$HamcrestAssertionClosure$validate$1.call(Unknown Source)
	at com.jayway.restassured.internal.ResponseSpecificationImpl.validate(ResponseSpecificationImpl.groovy:86)
	at com.jayway.restassured.internal.ValidatableResponseOptionsImpl.specification(ValidatableResponseOptionsImpl.java:307)
	at com.jayway.restassured.internal.ValidatableResponseOptionsImpl.spec(ValidatableResponseOptionsImpl.java:288)
	at com.arcapi.TrailFlowtestcases.Community.AssetRequiredFieldsAPITest.AssetRequiredFieldsAPI(AssetRequiredFieldsAPITest.java:48)
... Removed 32 stack frames</pre></div><a href='#' onClick='toggleBox("stack-trace2044816857", this, "Click to show all stack frames", "Click to hide stack frames")'>Click to show all stack frames</a>
<div class='stack-trace' id='stack-trace2044816857'><pre>java.lang.AssertionError: 1 expectation failed.
Expected status code &lt;200&gt; doesn&apos;t match actual status code &lt;404&gt;.

	at sun.reflect.NativeConstructorAccessorImpl.newInstance0(Native Method)
	at sun.reflect.NativeConstructorAccessorImpl.newInstance(Unknown Source)
	at sun.reflect.DelegatingConstructorAccessorImpl.newInstance(Unknown Source)
	at java.lang.reflect.Constructor.newInstance(Unknown Source)
	at org.codehaus.groovy.reflection.CachedConstructor.invoke(CachedConstructor.java:80)
	at org.codehaus.groovy.reflection.CachedConstructor.doConstructorInvoke(CachedConstructor.java:74)
	at org.codehaus.groovy.runtime.callsite.ConstructorSite$ConstructorSiteNoUnwrap.callConstructor(ConstructorSite.java:84)
	at org.codehaus.groovy.runtime.callsite.AbstractCallSite.callConstructor(AbstractCallSite.java:247)
	at com.jayway.restassured.internal.ResponseSpecificationImpl$HamcrestAssertionClosure.validate(ResponseSpecificationImpl.groovy:598)
	at com.jayway.restassured.internal.ResponseSpecificationImpl$HamcrestAssertionClosure$validate$1.call(Unknown Source)
	at com.jayway.restassured.internal.ResponseSpecificationImpl.validate(ResponseSpecificationImpl.groovy:86)
	at com.jayway.restassured.internal.ValidatableResponseOptionsImpl.specification(ValidatableResponseOptionsImpl.java:307)
	at com.jayway.restassured.internal.ValidatableResponseOptionsImpl.spec(ValidatableResponseOptionsImpl.java:288)
	at com.arcapi.TrailFlowtestcases.Community.AssetRequiredFieldsAPITest.AssetRequiredFieldsAPI(AssetRequiredFieldsAPITest.java:48)
	at sun.reflect.NativeMethodAccessorImpl.invoke0(Native Method)
	at sun.reflect.NativeMethodAccessorImpl.invoke(Unknown Source)
	at sun.reflect.DelegatingMethodAccessorImpl.invoke(Unknown Source)
	at java.lang.reflect.Method.invoke(Unknown Source)
	at org.testng.internal.MethodInvocationHelper.invokeMethod(MethodInvocationHelper.java:124)
	at org.testng.internal.Invoker.invokeMethod(Invoker.java:571)
	at org.testng.internal.Invoker.invokeTestMethod(Invoker.java:707)
	at org.testng.internal.Invoker.invokeTestMethods(Invoker.java:979)
	at org.testng.internal.TestMethodWorker.invokeTestMethods(TestMethodWorker.java:125)
	at org.testng.internal.TestMethodWorker.run(TestMethodWorker.java:109)
	at org.testng.TestRunner.privateRun(TestRunner.java:648)
	at org.testng.TestRunner.run(TestRunner.java:505)
	at org.testng.SuiteRunner.runTest(SuiteRunner.java:455)
	at org.testng.SuiteRunner.runSequentially(SuiteRunner.java:450)
	at org.testng.SuiteRunner.privateRun(SuiteRunner.java:415)
	at org.testng.SuiteRunner.run(SuiteRunner.java:364)
	at org.testng.SuiteRunnerWorker.runSuite(SuiteRunnerWorker.java:52)
	at org.testng.SuiteRunnerWorker.run(SuiteRunnerWorker.java:84)
	at org.testng.TestNG.runSuitesSequentially(TestNG.java:1187)
	at org.testng.TestNG.runSuitesSequentially(TestNG.java:1183)
	at org.testng.TestNG.runSuitesLocally(TestNG.java:1116)
	at org.testng.TestNG.runSuites(TestNG.java:1028)
	at org.testng.TestNG.run(TestNG.java:996)
	at org.testng.remote.AbstractRemoteTestNG.run(AbstractRemoteTestNG.java:114)
	at org.testng.remote.RemoteTestNG.initAndRun(RemoteTestNG.java:251)
	at org.testng.remote.RemoteTestNG.main(RemoteTestNG.java:77)
</pre></div></td>
<td>1</td>
<td>com.arcapi.TrailFlowtestcases.Community.AssetRequiredFieldsAPITest@5427c60c</td></tr>
<tr>
<td title='com.arcapi.TrailFlowtestcases.Community.CityCommConsumptionCreateAPITest.ConsumptionCreatePOSTAPI()'><b>ConsumptionCreatePOSTAPI</b><br>Test class: com.arcapi.TrailFlowtestcases.Community.CityCommConsumptionCreateAPITest<br>Parameters: STG, ProjectIDCommunityOther, 2</td>
<td><div><pre>java.lang.AssertionError: 1 expectation failed.
Expected status code &lt;201&gt; doesn&apos;t match actual status code &lt;404&gt;.

	at org.codehaus.groovy.runtime.callsite.ConstructorSite$ConstructorSiteNoUnwrap.callConstructor(ConstructorSite.java:84)
	at org.codehaus.groovy.runtime.callsite.CallSiteArray.defaultCallConstructor(CallSiteArray.java:60)
	at org.codehaus.groovy.runtime.callsite.AbstractCallSite.callConstructor(AbstractCallSite.java:235)
	at org.codehaus.groovy.runtime.callsite.AbstractCallSite.callConstructor(AbstractCallSite.java:247)
	at com.jayway.restassured.internal.ResponseSpecificationImpl$HamcrestAssertionClosure.validate(ResponseSpecificationImpl.groovy:598)
	at com.jayway.restassured.internal.ResponseSpecificationImpl$HamcrestAssertionClosure$validate$1.call(Unknown Source)
	at com.jayway.restassured.internal.ResponseSpecificationImpl.validateResponseIfRequired(ResponseSpecificationImpl.groovy:760)
	at org.codehaus.groovy.runtime.callsite.PogoMetaMethodSite$PogoCachedMethodSiteNoUnwrapNoCoerce.invoke(PogoMetaMethodSite.java:210)
	at org.codehaus.groovy.runtime.callsite.PogoMetaMethodSite.callCurrent(PogoMetaMethodSite.java:59)
	at org.codehaus.groovy.runtime.callsite.AbstractCallSite.callCurrent(AbstractCallSite.java:166)
	at com.jayway.restassured.internal.ResponseSpecificationImpl.statusCode(ResponseSpecificationImpl.groovy:120)
	at com.jayway.restassured.specification.ResponseSpecification$statusCode$0.callCurrent(Unknown Source)
	at com.jayway.restassured.internal.ResponseSpecificationImpl.statusCode(ResponseSpecificationImpl.groovy:128)
	at com.jayway.restassured.internal.ValidatableResponseOptionsImpl.statusCode(ValidatableResponseOptionsImpl.java:117)
	at com.arcapi.TrailFlowtestcases.Community.CityCommConsumptionCreateAPITest.ConsumptionCreatePOSTAPI(CityCommConsumptionCreateAPITest.java:63)
... Removed 35 stack frames</pre></div><a href='#' onClick='toggleBox("stack-trace153623833", this, "Click to show all stack frames", "Click to hide stack frames")'>Click to show all stack frames</a>
<div class='stack-trace' id='stack-trace153623833'><pre>java.lang.AssertionError: 1 expectation failed.
Expected status code &lt;201&gt; doesn&apos;t match actual status code &lt;404&gt;.

	at sun.reflect.NativeConstructorAccessorImpl.newInstance0(Native Method)
	at sun.reflect.NativeConstructorAccessorImpl.newInstance(Unknown Source)
	at sun.reflect.DelegatingConstructorAccessorImpl.newInstance(Unknown Source)
	at java.lang.reflect.Constructor.newInstance(Unknown Source)
	at org.codehaus.groovy.reflection.CachedConstructor.invoke(CachedConstructor.java:80)
	at org.codehaus.groovy.reflection.CachedConstructor.doConstructorInvoke(CachedConstructor.java:74)
	at org.codehaus.groovy.runtime.callsite.ConstructorSite$ConstructorSiteNoUnwrap.callConstructor(ConstructorSite.java:84)
	at org.codehaus.groovy.runtime.callsite.CallSiteArray.defaultCallConstructor(CallSiteArray.java:60)
	at org.codehaus.groovy.runtime.callsite.AbstractCallSite.callConstructor(AbstractCallSite.java:235)
	at org.codehaus.groovy.runtime.callsite.AbstractCallSite.callConstructor(AbstractCallSite.java:247)
	at com.jayway.restassured.internal.ResponseSpecificationImpl$HamcrestAssertionClosure.validate(ResponseSpecificationImpl.groovy:598)
	at com.jayway.restassured.internal.ResponseSpecificationImpl$HamcrestAssertionClosure$validate$1.call(Unknown Source)
	at com.jayway.restassured.internal.ResponseSpecificationImpl.validateResponseIfRequired(ResponseSpecificationImpl.groovy:760)
	at sun.reflect.GeneratedMethodAccessor118.invoke(Unknown Source)
	at sun.reflect.DelegatingMethodAccessorImpl.invoke(Unknown Source)
	at java.lang.reflect.Method.invoke(Unknown Source)
	at org.codehaus.groovy.runtime.callsite.PogoMetaMethodSite$PogoCachedMethodSiteNoUnwrapNoCoerce.invoke(PogoMetaMethodSite.java:210)
	at org.codehaus.groovy.runtime.callsite.PogoMetaMethodSite.callCurrent(PogoMetaMethodSite.java:59)
	at org.codehaus.groovy.runtime.callsite.AbstractCallSite.callCurrent(AbstractCallSite.java:166)
	at com.jayway.restassured.internal.ResponseSpecificationImpl.statusCode(ResponseSpecificationImpl.groovy:120)
	at com.jayway.restassured.specification.ResponseSpecification$statusCode$0.callCurrent(Unknown Source)
	at com.jayway.restassured.internal.ResponseSpecificationImpl.statusCode(ResponseSpecificationImpl.groovy:128)
	at com.jayway.restassured.internal.ValidatableResponseOptionsImpl.statusCode(ValidatableResponseOptionsImpl.java:117)
	at com.arcapi.TrailFlowtestcases.Community.CityCommConsumptionCreateAPITest.ConsumptionCreatePOSTAPI(CityCommConsumptionCreateAPITest.java:63)
	at sun.reflect.NativeMethodAccessorImpl.invoke0(Native Method)
	at sun.reflect.NativeMethodAccessorImpl.invoke(Unknown Source)
	at sun.reflect.DelegatingMethodAccessorImpl.invoke(Unknown Source)
	at java.lang.reflect.Method.invoke(Unknown Source)
	at org.testng.internal.MethodInvocationHelper.invokeMethod(MethodInvocationHelper.java:124)
	at org.testng.internal.Invoker.invokeMethod(Invoker.java:571)
	at org.testng.internal.Invoker.invokeTestMethod(Invoker.java:707)
	at org.testng.internal.Invoker.invokeTestMethods(Invoker.java:979)
	at org.testng.internal.TestMethodWorker.invokeTestMethods(TestMethodWorker.java:125)
	at org.testng.internal.TestMethodWorker.run(TestMethodWorker.java:109)
	at org.testng.TestRunner.privateRun(TestRunner.java:648)
	at org.testng.TestRunner.run(TestRunner.java:505)
	at org.testng.SuiteRunner.runTest(SuiteRunner.java:455)
	at org.testng.SuiteRunner.runSequentially(SuiteRunner.java:450)
	at org.testng.SuiteRunner.privateRun(SuiteRunner.java:415)
	at org.testng.SuiteRunner.run(SuiteRunner.java:364)
	at org.testng.SuiteRunnerWorker.runSuite(SuiteRunnerWorker.java:52)
	at org.testng.SuiteRunnerWorker.run(SuiteRunnerWorker.java:84)
	at org.testng.TestNG.runSuitesSequentially(TestNG.java:1187)
	at org.testng.TestNG.runSuitesSequentially(TestNG.java:1183)
	at org.testng.TestNG.runSuitesLocally(TestNG.java:1116)
	at org.testng.TestNG.runSuites(TestNG.java:1028)
	at org.testng.TestNG.run(TestNG.java:996)
	at org.testng.remote.AbstractRemoteTestNG.run(AbstractRemoteTestNG.java:114)
	at org.testng.remote.RemoteTestNG.initAndRun(RemoteTestNG.java:251)
	at org.testng.remote.RemoteTestNG.main(RemoteTestNG.java:77)
</pre></div></td>
<td>5</td>
<td>com.arcapi.TrailFlowtestcases.Community.CityCommConsumptionCreateAPITest@4ae82894</td></tr>
<tr>
<td title='com.arcapi.TrailFlowtestcases.Community.MeterCreateAPICityCommTest.MeterCreatePOSTAPI()'><b>MeterCreatePOSTAPI</b><br>Test class: com.arcapi.TrailFlowtestcases.Community.MeterCreateAPICityCommTest<br>Parameters: STG, ProjectIDCommunityOther, 2</td>
<td><div><pre>java.lang.NullPointerException
	at com.arcapi.TrailFlowtestcases.Community.MeterCreateAPICityCommTest.MeterCreatePOSTAPI(MeterCreateAPICityCommTest.java:96)
... Removed 26 stack frames</pre></div><a href='#' onClick='toggleBox("stack-trace1075708596", this, "Click to show all stack frames", "Click to hide stack frames")'>Click to show all stack frames</a>
<div class='stack-trace' id='stack-trace1075708596'><pre>java.lang.NullPointerException
	at com.arcapi.TrailFlowtestcases.Community.MeterCreateAPICityCommTest.MeterCreatePOSTAPI(MeterCreateAPICityCommTest.java:96)
	at sun.reflect.NativeMethodAccessorImpl.invoke0(Native Method)
	at sun.reflect.NativeMethodAccessorImpl.invoke(Unknown Source)
	at sun.reflect.DelegatingMethodAccessorImpl.invoke(Unknown Source)
	at java.lang.reflect.Method.invoke(Unknown Source)
	at org.testng.internal.MethodInvocationHelper.invokeMethod(MethodInvocationHelper.java:124)
	at org.testng.internal.Invoker.invokeMethod(Invoker.java:571)
	at org.testng.internal.Invoker.invokeTestMethod(Invoker.java:707)
	at org.testng.internal.Invoker.invokeTestMethods(Invoker.java:979)
	at org.testng.internal.TestMethodWorker.invokeTestMethods(TestMethodWorker.java:125)
	at org.testng.internal.TestMethodWorker.run(TestMethodWorker.java:109)
	at org.testng.TestRunner.privateRun(TestRunner.java:648)
	at org.testng.TestRunner.run(TestRunner.java:505)
	at org.testng.SuiteRunner.runTest(SuiteRunner.java:455)
	at org.testng.SuiteRunner.runSequentially(SuiteRunner.java:450)
	at org.testng.SuiteRunner.privateRun(SuiteRunner.java:415)
	at org.testng.SuiteRunner.run(SuiteRunner.java:364)
	at org.testng.SuiteRunnerWorker.runSuite(SuiteRunnerWorker.java:52)
	at org.testng.SuiteRunnerWorker.run(SuiteRunnerWorker.java:84)
	at org.testng.TestNG.runSuitesSequentially(TestNG.java:1187)
	at org.testng.TestNG.runSuitesSequentially(TestNG.java:1183)
	at org.testng.TestNG.runSuitesLocally(TestNG.java:1116)
	at org.testng.TestNG.runSuites(TestNG.java:1028)
	at org.testng.TestNG.run(TestNG.java:996)
	at org.testng.remote.AbstractRemoteTestNG.run(AbstractRemoteTestNG.java:114)
	at org.testng.remote.RemoteTestNG.initAndRun(RemoteTestNG.java:251)
	at org.testng.remote.RemoteTestNG.main(RemoteTestNG.java:77)
</pre></div></td>
<td>7</td>
<td>com.arcapi.TrailFlowtestcases.Community.MeterCreateAPICityCommTest@4516af24</td></tr>
<tr>
<td title='com.arcapi.TrailFlowtestcases.Community.ReviewCertificationPricingAPITest.ReviewCertificationPricingAPI()'><b>ReviewCertificationPricingAPI</b><br>Test class: com.arcapi.TrailFlowtestcases.Community.ReviewCertificationPricingAPITest<br>Parameters: STG, ProjectIDCommunityOther, 2, performance score</td>
<td><div><pre>java.lang.AssertionError: 1 expectation failed.
Expected status code &lt;200&gt; doesn&apos;t match actual status code &lt;400&gt;.

	at org.codehaus.groovy.runtime.callsite.ConstructorSite$ConstructorSiteNoUnwrap.callConstructor(ConstructorSite.java:84)
	at org.codehaus.groovy.runtime.callsite.AbstractCallSite.callConstructor(AbstractCallSite.java:247)
	at com.jayway.restassured.internal.ResponseSpecificationImpl$HamcrestAssertionClosure.validate(ResponseSpecificationImpl.groovy:598)
	at com.jayway.restassured.internal.ResponseSpecificationImpl$HamcrestAssertionClosure$validate$1.call(Unknown Source)
	at com.jayway.restassured.internal.ResponseSpecificationImpl.validate(ResponseSpecificationImpl.groovy:86)
	at com.jayway.restassured.internal.ValidatableResponseOptionsImpl.specification(ValidatableResponseOptionsImpl.java:307)
	at com.jayway.restassured.internal.ValidatableResponseOptionsImpl.spec(ValidatableResponseOptionsImpl.java:288)
	at com.arcapi.TrailFlowtestcases.Community.ReviewCertificationPricingAPITest.ReviewCertificationPricingAPI(ReviewCertificationPricingAPITest.java:32)
... Removed 32 stack frames</pre></div><a href='#' onClick='toggleBox("stack-trace1102948993", this, "Click to show all stack frames", "Click to hide stack frames")'>Click to show all stack frames</a>
<div class='stack-trace' id='stack-trace1102948993'><pre>java.lang.AssertionError: 1 expectation failed.
Expected status code &lt;200&gt; doesn&apos;t match actual status code &lt;400&gt;.

	at sun.reflect.NativeConstructorAccessorImpl.newInstance0(Native Method)
	at sun.reflect.NativeConstructorAccessorImpl.newInstance(Unknown Source)
	at sun.reflect.DelegatingConstructorAccessorImpl.newInstance(Unknown Source)
	at java.lang.reflect.Constructor.newInstance(Unknown Source)
	at org.codehaus.groovy.reflection.CachedConstructor.invoke(CachedConstructor.java:80)
	at org.codehaus.groovy.reflection.CachedConstructor.doConstructorInvoke(CachedConstructor.java:74)
	at org.codehaus.groovy.runtime.callsite.ConstructorSite$ConstructorSiteNoUnwrap.callConstructor(ConstructorSite.java:84)
	at org.codehaus.groovy.runtime.callsite.AbstractCallSite.callConstructor(AbstractCallSite.java:247)
	at com.jayway.restassured.internal.ResponseSpecificationImpl$HamcrestAssertionClosure.validate(ResponseSpecificationImpl.groovy:598)
	at com.jayway.restassured.internal.ResponseSpecificationImpl$HamcrestAssertionClosure$validate$1.call(Unknown Source)
	at com.jayway.restassured.internal.ResponseSpecificationImpl.validate(ResponseSpecificationImpl.groovy:86)
	at com.jayway.restassured.internal.ValidatableResponseOptionsImpl.specification(ValidatableResponseOptionsImpl.java:307)
	at com.jayway.restassured.internal.ValidatableResponseOptionsImpl.spec(ValidatableResponseOptionsImpl.java:288)
	at com.arcapi.TrailFlowtestcases.Community.ReviewCertificationPricingAPITest.ReviewCertificationPricingAPI(ReviewCertificationPricingAPITest.java:32)
	at sun.reflect.NativeMethodAccessorImpl.invoke0(Native Method)
	at sun.reflect.NativeMethodAccessorImpl.invoke(Unknown Source)
	at sun.reflect.DelegatingMethodAccessorImpl.invoke(Unknown Source)
	at java.lang.reflect.Method.invoke(Unknown Source)
	at org.testng.internal.MethodInvocationHelper.invokeMethod(MethodInvocationHelper.java:124)
	at org.testng.internal.Invoker.invokeMethod(Invoker.java:571)
	at org.testng.internal.Invoker.invokeTestMethod(Invoker.java:707)
	at org.testng.internal.Invoker.invokeTestMethods(Invoker.java:979)
	at org.testng.internal.TestMethodWorker.invokeTestMethods(TestMethodWorker.java:125)
	at org.testng.internal.TestMethodWorker.run(TestMethodWorker.java:109)
	at org.testng.TestRunner.privateRun(TestRunner.java:648)
	at org.testng.TestRunner.run(TestRunner.java:505)
	at org.testng.SuiteRunner.runTest(SuiteRunner.java:455)
	at org.testng.SuiteRunner.runSequentially(SuiteRunner.java:450)
	at org.testng.SuiteRunner.privateRun(SuiteRunner.java:415)
	at org.testng.SuiteRunner.run(SuiteRunner.java:364)
	at org.testng.SuiteRunnerWorker.runSuite(SuiteRunnerWorker.java:52)
	at org.testng.SuiteRunnerWorker.run(SuiteRunnerWorker.java:84)
	at org.testng.TestNG.runSuitesSequentially(TestNG.java:1187)
	at org.testng.TestNG.runSuitesSequentially(TestNG.java:1183)
	at org.testng.TestNG.runSuitesLocally(TestNG.java:1116)
	at org.testng.TestNG.runSuites(TestNG.java:1028)
	at org.testng.TestNG.run(TestNG.java:996)
	at org.testng.remote.AbstractRemoteTestNG.run(AbstractRemoteTestNG.java:114)
	at org.testng.remote.RemoteTestNG.initAndRun(RemoteTestNG.java:251)
	at org.testng.remote.RemoteTestNG.main(RemoteTestNG.java:77)
</pre></div></td>
<td>2</td>
<td>com.arcapi.TrailFlowtestcases.Community.ReviewCertificationPricingAPITest@aecb35a</td></tr>
<tr>
<td title='com.arcapi.TrailFlowtestcases.Community.UserActivityListAPITest.UserActivityListAPI()'><b>UserActivityListAPI</b><br>Test class: com.arcapi.TrailFlowtestcases.Community.UserActivityListAPITest<br>Parameters: STG, ProjectIDCommunityOther, 2</td>
<td><div><pre>java.lang.AssertionError: 1 expectation failed.
Expected status code &lt;200&gt; doesn&apos;t match actual status code &lt;404&gt;.

	at org.codehaus.groovy.runtime.callsite.ConstructorSite$ConstructorSiteNoUnwrap.callConstructor(ConstructorSite.java:84)
	at org.codehaus.groovy.runtime.callsite.AbstractCallSite.callConstructor(AbstractCallSite.java:247)
	at com.jayway.restassured.internal.ResponseSpecificationImpl$HamcrestAssertionClosure.validate(ResponseSpecificationImpl.groovy:598)
	at com.jayway.restassured.internal.ResponseSpecificationImpl$HamcrestAssertionClosure$validate$1.call(Unknown Source)
	at com.jayway.restassured.internal.ResponseSpecificationImpl.validateResponseIfRequired(ResponseSpecificationImpl.groovy:760)
	at org.codehaus.groovy.runtime.callsite.PogoMetaMethodSite$PogoCachedMethodSiteNoUnwrapNoCoerce.invoke(PogoMetaMethodSite.java:210)
	at org.codehaus.groovy.runtime.callsite.PogoMetaMethodSite.callCurrent(PogoMetaMethodSite.java:59)
	at org.codehaus.groovy.runtime.callsite.AbstractCallSite.callCurrent(AbstractCallSite.java:166)
	at com.jayway.restassured.internal.ResponseSpecificationImpl.statusCode(ResponseSpecificationImpl.groovy:120)
	at com.jayway.restassured.specification.ResponseSpecification$statusCode$0.callCurrent(Unknown Source)
	at com.jayway.restassured.internal.ResponseSpecificationImpl.statusCode(ResponseSpecificationImpl.groovy:128)
	at com.jayway.restassured.internal.ValidatableResponseOptionsImpl.statusCode(ValidatableResponseOptionsImpl.java:117)
	at com.arcapi.TrailFlowtestcases.Community.UserActivityListAPITest.UserActivityListAPI(UserActivityListAPITest.java:44)
... Removed 35 stack frames</pre></div><a href='#' onClick='toggleBox("stack-trace1409058575", this, "Click to show all stack frames", "Click to hide stack frames")'>Click to show all stack frames</a>
<div class='stack-trace' id='stack-trace1409058575'><pre>java.lang.AssertionError: 1 expectation failed.
Expected status code &lt;200&gt; doesn&apos;t match actual status code &lt;404&gt;.

	at sun.reflect.NativeConstructorAccessorImpl.newInstance0(Native Method)
	at sun.reflect.NativeConstructorAccessorImpl.newInstance(Unknown Source)
	at sun.reflect.DelegatingConstructorAccessorImpl.newInstance(Unknown Source)
	at java.lang.reflect.Constructor.newInstance(Unknown Source)
	at org.codehaus.groovy.reflection.CachedConstructor.invoke(CachedConstructor.java:80)
	at org.codehaus.groovy.reflection.CachedConstructor.doConstructorInvoke(CachedConstructor.java:74)
	at org.codehaus.groovy.runtime.callsite.ConstructorSite$ConstructorSiteNoUnwrap.callConstructor(ConstructorSite.java:84)
	at org.codehaus.groovy.runtime.callsite.AbstractCallSite.callConstructor(AbstractCallSite.java:247)
	at com.jayway.restassured.internal.ResponseSpecificationImpl$HamcrestAssertionClosure.validate(ResponseSpecificationImpl.groovy:598)
	at com.jayway.restassured.internal.ResponseSpecificationImpl$HamcrestAssertionClosure$validate$1.call(Unknown Source)
	at com.jayway.restassured.internal.ResponseSpecificationImpl.validateResponseIfRequired(ResponseSpecificationImpl.groovy:760)
	at sun.reflect.GeneratedMethodAccessor118.invoke(Unknown Source)
	at sun.reflect.DelegatingMethodAccessorImpl.invoke(Unknown Source)
	at java.lang.reflect.Method.invoke(Unknown Source)
	at org.codehaus.groovy.runtime.callsite.PogoMetaMethodSite$PogoCachedMethodSiteNoUnwrapNoCoerce.invoke(PogoMetaMethodSite.java:210)
	at org.codehaus.groovy.runtime.callsite.PogoMetaMethodSite.callCurrent(PogoMetaMethodSite.java:59)
	at org.codehaus.groovy.runtime.callsite.AbstractCallSite.callCurrent(AbstractCallSite.java:166)
	at com.jayway.restassured.internal.ResponseSpecificationImpl.statusCode(ResponseSpecificationImpl.groovy:120)
	at com.jayway.restassured.specification.ResponseSpecification$statusCode$0.callCurrent(Unknown Source)
	at com.jayway.restassured.internal.ResponseSpecificationImpl.statusCode(ResponseSpecificationImpl.groovy:128)
	at com.jayway.restassured.internal.ValidatableResponseOptionsImpl.statusCode(ValidatableResponseOptionsImpl.java:117)
	at com.arcapi.TrailFlowtestcases.Community.UserActivityListAPITest.UserActivityListAPI(UserActivityListAPITest.java:44)
	at sun.reflect.NativeMethodAccessorImpl.invoke0(Native Method)
	at sun.reflect.NativeMethodAccessorImpl.invoke(Unknown Source)
	at sun.reflect.DelegatingMethodAccessorImpl.invoke(Unknown Source)
	at java.lang.reflect.Method.invoke(Unknown Source)
	at org.testng.internal.MethodInvocationHelper.invokeMethod(MethodInvocationHelper.java:124)
	at org.testng.internal.Invoker.invokeMethod(Invoker.java:571)
	at org.testng.internal.Invoker.invokeTestMethod(Invoker.java:707)
	at org.testng.internal.Invoker.invokeTestMethods(Invoker.java:979)
	at org.testng.internal.TestMethodWorker.invokeTestMethods(TestMethodWorker.java:125)
	at org.testng.internal.TestMethodWorker.run(TestMethodWorker.java:109)
	at org.testng.TestRunner.privateRun(TestRunner.java:648)
	at org.testng.TestRunner.run(TestRunner.java:505)
	at org.testng.SuiteRunner.runTest(SuiteRunner.java:455)
	at org.testng.SuiteRunner.runSequentially(SuiteRunner.java:450)
	at org.testng.SuiteRunner.privateRun(SuiteRunner.java:415)
	at org.testng.SuiteRunner.run(SuiteRunner.java:364)
	at org.testng.SuiteRunnerWorker.runSuite(SuiteRunnerWorker.java:52)
	at org.testng.SuiteRunnerWorker.run(SuiteRunnerWorker.java:84)
	at org.testng.TestNG.runSuitesSequentially(TestNG.java:1187)
	at org.testng.TestNG.runSuitesSequentially(TestNG.java:1183)
	at org.testng.TestNG.runSuitesLocally(TestNG.java:1116)
	at org.testng.TestNG.runSuites(TestNG.java:1028)
	at org.testng.TestNG.run(TestNG.java:996)
	at org.testng.remote.AbstractRemoteTestNG.run(AbstractRemoteTestNG.java:114)
	at org.testng.remote.RemoteTestNG.initAndRun(RemoteTestNG.java:251)
	at org.testng.remote.RemoteTestNG.main(RemoteTestNG.java:77)
</pre></div></td>
<td>1</td>
<td>com.arcapi.TrailFlowtestcases.Community.UserActivityListAPITest@15bfd87</td></tr>
</table><p>
<table width='100%' border='1' class='invocation-passed'>
<tr><td colspan='4' align='center'><b>PASSED TESTS</b></td></tr>
<tr><td><b>Test method</b></td>
<td width="30%"><b>Exception</b></td>
<td width="10%"><b>Time (seconds)</b></td>
<td><b>Instance</b></td>
</tr>
<tr>
<td title='com.arcapi.TrailFlowtestcases.Community.AnalysisDataGetAPITest.AnalysisDataGetAPI()'><b>AnalysisDataGetAPI</b><br>Test class: com.arcapi.TrailFlowtestcases.Community.AnalysisDataGetAPITest<br>Parameters: STG, ProjectIDCommunityOther, 2</td>
<td></td>
<td>1</td>
<td>com.arcapi.TrailFlowtestcases.Community.AnalysisDataGetAPITest@80169cf</td></tr>
<tr>
<td title='com.arcapi.TrailFlowtestcases.Community.AnalysisDataSubmitPOSTAPITest.AnalysisDataSubmitPOSTAPI()'><b>AnalysisDataSubmitPOSTAPI</b><br>Test class: com.arcapi.TrailFlowtestcases.Community.AnalysisDataSubmitPOSTAPITest<br>Parameters: STG, ProjectIDCommunityOther, 2</td>
<td></td>
<td>11</td>
<td>com.arcapi.TrailFlowtestcases.Community.AnalysisDataSubmitPOSTAPITest@73d4cc9e</td></tr>
<tr>
<td title='com.arcapi.TrailFlowtestcases.Community.AssetDataExportAPITest.AssetDataExportAPI()'><b>AssetDataExportAPI</b><br>Test class: com.arcapi.TrailFlowtestcases.Community.AssetDataExportAPITest<br>Parameters: STG, ProjectIDCommunityOther, 2</td>
<td></td>
<td>3</td>
<td>com.arcapi.TrailFlowtestcases.Community.AssetDataExportAPITest@b9afc07</td></tr>
<tr>
<td title='com.arcapi.TrailFlowtestcases.Community.AssetDataSnapshotAPITest.AssetDataSnapshotAPI()'><b>AssetDataSnapshotAPI</b><br>Test class: com.arcapi.TrailFlowtestcases.Community.AssetDataSnapshotAPITest<br>Parameters: STG, ProjectIDCommunityOther, 2</td>
<td></td>
<td>2</td>
<td>com.arcapi.TrailFlowtestcases.Community.AssetDataSnapshotAPITest@1068e947</td></tr>
<tr>
<td title='com.arcapi.TrailFlowtestcases.Community.AssetDetailAPITest.AssetDetailAPI()'><b>AssetDetailAPI</b><br>Test class: com.arcapi.TrailFlowtestcases.Community.AssetDetailAPITest<br>Parameters: STG, ProjectIDCommunityOther, 2</td>
<td></td>
<td>2</td>
<td>com.arcapi.TrailFlowtestcases.Community.AssetDetailAPITest@6fb0d3ed</td></tr>
<tr>
<td title='com.arcapi.TrailFlowtestcases.Community.AssetDocumentAPITest.AssetDocumentAPI()'><b>AssetDocumentAPI</b><br>Test class: com.arcapi.TrailFlowtestcases.Community.AssetDocumentAPITest<br>Parameters: STG, ProjectIDCommunityOther, 2</td>
<td></td>
<td>1</td>
<td>com.arcapi.TrailFlowtestcases.Community.AssetDocumentAPITest@6dde5c8c</td></tr>
<tr>
<td title='com.arcapi.TrailFlowtestcases.Community.AssetNotificationSubscriptionListTest.AssetNotificationSubscriptionList()'><b>AssetNotificationSubscriptionList</b><br>Test class: com.arcapi.TrailFlowtestcases.Community.AssetNotificationSubscriptionListTest<br>Parameters: STG, ProjectIDCommunityOther, 2</td>
<td></td>
<td>1</td>
<td>com.arcapi.TrailFlowtestcases.Community.AssetNotificationSubscriptionListTest@4bb4de6a</td></tr>
<tr>
<td title='com.arcapi.TrailFlowtestcases.Community.AssetPerformanceScoreListAPITest.AssetPerformanceScoreListAPI()'><b>AssetPerformanceScoreListAPI</b><br>Test class: com.arcapi.TrailFlowtestcases.Community.AssetPerformanceScoreListAPITest<br>Parameters: STG, ProjectIDCommunityOther, 2</td>
<td></td>
<td>1</td>
<td>com.arcapi.TrailFlowtestcases.Community.AssetPerformanceScoreListAPITest@382db087</td></tr>
<tr>
<td title='com.arcapi.TrailFlowtestcases.Community.AssetSnapshotDownloadAPITest.AssetSnapshotDownloadAPI()'><b>AssetSnapshotDownloadAPI</b><br>Test class: com.arcapi.TrailFlowtestcases.Community.AssetSnapshotDownloadAPITest<br>Parameters: STG, ProjectIDCommunityOther, 2</td>
<td></td>
<td>1</td>
<td>com.arcapi.TrailFlowtestcases.Community.AssetSnapshotDownloadAPITest@6366ebe0</td></tr>
<tr>
<td title='com.arcapi.TrailFlowtestcases.Community.AssetSnapshotKeysAPITest.AssetSnapshotKeysAPI()'><b>AssetSnapshotKeysAPI</b><br>Test class: com.arcapi.TrailFlowtestcases.Community.AssetSnapshotKeysAPITest<br>Parameters: STG, ProjectIDCommunityOther, 2</td>
<td></td>
<td>2</td>
<td>com.arcapi.TrailFlowtestcases.Community.AssetSnapshotKeysAPITest@3d0f8e03</td></tr>
<tr>
<td title='com.arcapi.TrailFlowtestcases.Community.AssetTeamMemberAddPOSTAPITest.AssetTeamMemberAddPOSTAPI()'><b>AssetTeamMemberAddPOSTAPI</b><br>Test class: com.arcapi.TrailFlowtestcases.Community.AssetTeamMemberAddPOSTAPITest<br>Parameters: STG, ProjectIDCommunityOther, 2</td>
<td></td>
<td>1</td>
<td>com.arcapi.TrailFlowtestcases.Community.AssetTeamMemberAddPOSTAPITest@1da51a35</td></tr>
<tr>
<td title='com.arcapi.TrailFlowtestcases.Community.AssetTeamMemberListAPITest.AssetTeamMemberListAPI()'><b>AssetTeamMemberListAPI</b><br>Test class: com.arcapi.TrailFlowtestcases.Community.AssetTeamMemberListAPITest<br>Parameters: STG, ProjectIDCommunityOther, 2</td>
<td></td>
<td>1</td>
<td>com.arcapi.TrailFlowtestcases.Community.AssetTeamMemberListAPITest@6d3af739</td></tr>
<tr>
<td title='com.arcapi.TrailFlowtestcases.Community.AssetTeamMemberRemoveAPITest.AssetTeamMemberRemoveAPI()'><b>AssetTeamMemberRemoveAPI</b><br>Test class: com.arcapi.TrailFlowtestcases.Community.AssetTeamMemberRemoveAPITest<br>Parameters: STG, ProjectIDCommunityOther, 2</td>
<td></td>
<td>2</td>
<td>com.arcapi.TrailFlowtestcases.Community.AssetTeamMemberRemoveAPITest@7e9a5fbe</td></tr>
<tr>
<td title='com.arcapi.TrailFlowtestcases.Community.AssetTeamMemberRoleAPITest.AssetTeamMemberRoleAPI()'><b>AssetTeamMemberRoleAPI</b><br>Test class: com.arcapi.TrailFlowtestcases.Community.AssetTeamMemberRoleAPITest<br>Parameters: STG, ProjectIDCommunityOther, 2</td>
<td></td>
<td>2</td>
<td>com.arcapi.TrailFlowtestcases.Community.AssetTeamMemberRoleAPITest@543788f3</td></tr>
<tr>
<td title='com.arcapi.TrailFlowtestcases.Community.AssetTeamMemberUpdateAPITest.AssetTeamMemberUpdateAPI()'><b>AssetTeamMemberUpdateAPI</b><br>Test class: com.arcapi.TrailFlowtestcases.Community.AssetTeamMemberUpdateAPITest<br>Parameters: STG, ProjectIDCommunityOther, 2</td>
<td></td>
<td>2</td>
<td>com.arcapi.TrailFlowtestcases.Community.AssetTeamMemberUpdateAPITest@16022d9d</td></tr>
<tr>
<td title='com.arcapi.TrailFlowtestcases.Community.AssetTeamPermissionListAPITest.AssetTeamPermissionListAPI()'><b>AssetTeamPermissionListAPI</b><br>Test class: com.arcapi.TrailFlowtestcases.Community.AssetTeamPermissionListAPITest<br>Parameters: STG, ProjectIDCommunityOther, 2</td>
<td></td>
<td>1</td>
<td>com.arcapi.TrailFlowtestcases.Community.AssetTeamPermissionListAPITest@61ca2dfa</td></tr>
<tr>
<td title='com.arcapi.TrailFlowtestcases.Community.AssetTeamPermissionPostAPITest.AssetTeamPermissionPostAPI()'><b>AssetTeamPermissionPostAPI</b><br>Test class: com.arcapi.TrailFlowtestcases.Community.AssetTeamPermissionPostAPITest<br>Parameters: STG, ProjectIDCommunityOther, 2</td>
<td></td>
<td>1</td>
<td>com.arcapi.TrailFlowtestcases.Community.AssetTeamPermissionPostAPITest@4b53f538</td></tr>
<tr>
<td title='com.arcapi.TrailFlowtestcases.Community.AssetTeamPermissionPutAPITest.AssetTeamPermissionPutAPI()'><b>AssetTeamPermissionPutAPI</b><br>Test class: com.arcapi.TrailFlowtestcases.Community.AssetTeamPermissionPutAPITest<br>Parameters: STG, ProjectIDCommunityOther, 2</td>
<td></td>
<td>1</td>
<td>com.arcapi.TrailFlowtestcases.Community.AssetTeamPermissionPutAPITest@134593bf</td></tr>
<tr>
<td title='com.arcapi.TrailFlowtestcases.Community.AssetUpdateCommunityOtherAPITest.AssetUpdateforNewAssetPUTAPI()'><b>AssetUpdateforNewAssetPUTAPI</b><br>Test class: com.arcapi.TrailFlowtestcases.Community.AssetUpdateCommunityOtherAPITest<br>Parameters: STG, ProjectIDCommunityOther, 2</td>
<td></td>
<td>2</td>
<td>com.arcapi.TrailFlowtestcases.Community.AssetUpdateCommunityOtherAPITest@b3d7190</td></tr>
<tr>
<td title='com.arcapi.TrailFlowtestcases.Community.CreateAssetCommunityOtherAPITest.CreateAssetPOSTAPI()'><b>CreateAssetPOSTAPI</b><br>Test class: com.arcapi.TrailFlowtestcases.Community.CreateAssetCommunityOtherAPITest<br>Parameters: STG, community, ProjectIDCommunityOther, 2, US</td>
<td></td>
<td>8</td>
<td>com.arcapi.TrailFlowtestcases.Community.CreateAssetCommunityOtherAPITest@17211155</td></tr>
<tr>
<td title='com.arcapi.TrailFlowtestcases.Community.CreditGetAPITest.CreditGetAPI()'><b>CreditGetAPI</b><br>Test class: com.arcapi.TrailFlowtestcases.Community.CreditGetAPITest<br>Parameters: STG, ProjectIDCommunityOther, 2, CommunityOtherNoneCredit</td>
<td></td>
<td>4</td>
<td>com.arcapi.TrailFlowtestcases.Community.CreditGetAPITest@3b94d659</td></tr>
<tr>
<td title='com.arcapi.TrailFlowtestcases.Community.DeleteAllAppsAPITest.DeleteAllAppsAPI()'><b>DeleteAllAppsAPI</b><br>Test class: com.arcapi.TrailFlowtestcases.Community.DeleteAllAppsAPITest<br>Parameters: STG, ProjectIDCommunityOther, 2</td>
<td></td>
<td>5</td>
<td>com.arcapi.TrailFlowtestcases.Community.DeleteAllAppsAPITest@71623278</td></tr>
<tr>
<td title='com.arcapi.TrailFlowtestcases.Community.DownloadDocumentsAPITest.DownloadDocumentsAPI()'><b>DownloadDocumentsAPI</b><br>Test class: com.arcapi.TrailFlowtestcases.Community.DownloadDocumentsAPITest<br>Parameters: STG, ProjectIDCommunityOther, 2</td>
<td></td>
<td>1</td>
<td>com.arcapi.TrailFlowtestcases.Community.DownloadDocumentsAPITest@5123a213</td></tr>
<tr>
<td title='com.arcapi.TrailFlowtestcases.Community.FeedbackSubmitPostAPITest.FeedbackSubmitPostAPI()'><b>FeedbackSubmitPostAPI</b><br>Test class: com.arcapi.TrailFlowtestcases.Community.FeedbackSubmitPostAPITest<br>Parameters: STG, ProjectIDCommunityOther, 2</td>
<td></td>
<td>1</td>
<td>com.arcapi.TrailFlowtestcases.Community.FeedbackSubmitPostAPITest@6483f5ae</td></tr>
<tr>
<td title='com.arcapi.TrailFlowtestcases.Community.GetAllDocumentListAPITest.GetAllDocumentListAPI()'><b>GetAllDocumentListAPI</b><br>Test class: com.arcapi.TrailFlowtestcases.Community.GetAllDocumentListAPITest<br>Parameters: STG, ProjectIDCommunityOther, 2</td>
<td></td>
<td>1</td>
<td>com.arcapi.TrailFlowtestcases.Community.GetAllDocumentListAPITest@543e710e</td></tr>
<tr>
<td title='com.arcapi.TrailFlowtestcases.Community.InstallAllAppsAPITest.InstallAllAppsAPI()'><b>InstallAllAppsAPI</b><br>Test class: com.arcapi.TrailFlowtestcases.Community.InstallAllAppsAPITest<br>Parameters: STG, ProjectIDCommunityOther, 2</td>
<td></td>
<td>5</td>
<td>com.arcapi.TrailFlowtestcases.Community.InstallAllAppsAPITest@44a3ec6b</td></tr>
<tr>
<td title='com.arcapi.TrailFlowtestcases.Community.LoginAPITest.LoginAPI()'><b>LoginAPI</b><br>Test class: com.arcapi.TrailFlowtestcases.Community.LoginAPITest<br>Parameters: STG, 2</td>
<td></td>
<td>11</td>
<td>com.arcapi.TrailFlowtestcases.Community.LoginAPITest@7a36aefa</td></tr>
<tr>
<td title='com.arcapi.TrailFlowtestcases.Community.MeasuresDetailAPITest.MeasuresDetailAPI()'><b>MeasuresDetailAPI</b><br>Test class: com.arcapi.TrailFlowtestcases.Community.MeasuresDetailAPITest<br>Parameters: STG, ProjectIDCommunityOther, 2</td>
<td></td>
<td>1</td>
<td>com.arcapi.TrailFlowtestcases.Community.MeasuresDetailAPITest@68ceda24</td></tr>
<tr>
<td title='com.arcapi.TrailFlowtestcases.Community.MeasuresListAPITest.MeasuresListAPI()'><b>MeasuresListAPI</b><br>Test class: com.arcapi.TrailFlowtestcases.Community.MeasuresListAPITest<br>Parameters: STG, ProjectIDCommunityOther, 2</td>
<td></td>
<td>1</td>
<td>com.arcapi.TrailFlowtestcases.Community.MeasuresListAPITest@24b1d79b</td></tr>
<tr>
<td title='com.arcapi.TrailFlowtestcases.Community.MeasuresPostAPITest.MeasuresPostAPI()'><b>MeasuresPostAPI</b><br>Test class: com.arcapi.TrailFlowtestcases.Community.MeasuresPostAPITest<br>Parameters: STG, ProjectIDCommunityOther, 2</td>
<td></td>
<td>19</td>
<td>com.arcapi.TrailFlowtestcases.Community.MeasuresPostAPITest@281e3708</td></tr>
<tr>
<td title='com.arcapi.TrailFlowtestcases.Community.MeasuresUpdateAPITest.MeasuresUpdateAPI()'><b>MeasuresUpdateAPI</b><br>Test class: com.arcapi.TrailFlowtestcases.Community.MeasuresUpdateAPITest<br>Parameters: STG, ProjectIDCommunityOther, 2</td>
<td></td>
<td>1</td>
<td>com.arcapi.TrailFlowtestcases.Community.MeasuresUpdateAPITest@35a50a4c</td></tr>
<tr>
<td title='com.arcapi.TrailFlowtestcases.Community.MeasuresVersionDetailAPITest.MeasuresVersionDetailAPI()'><b>MeasuresVersionDetailAPI</b><br>Test class: com.arcapi.TrailFlowtestcases.Community.MeasuresVersionDetailAPITest<br>Parameters: STG, ProjectIDCommunityOther, 2</td>
<td></td>
<td>1</td>
<td>com.arcapi.TrailFlowtestcases.Community.MeasuresVersionDetailAPITest@103f852</td></tr>
<tr>
<td title='com.arcapi.TrailFlowtestcases.Community.MeasuresVersionListAPITest.MeasuresVersionListAPI()'><b>MeasuresVersionListAPI</b><br>Test class: com.arcapi.TrailFlowtestcases.Community.MeasuresVersionListAPITest<br>Parameters: STG, ProjectIDCommunityOther, 2</td>
<td></td>
<td>1</td>
<td>com.arcapi.TrailFlowtestcases.Community.MeasuresVersionListAPITest@1f021e6c</td></tr>
<tr>
<td title='com.arcapi.TrailFlowtestcases.Community.MeasuresVersionPostAPITest.MeasuresVersionPostAPI()'><b>MeasuresVersionPostAPI</b><br>Test class: com.arcapi.TrailFlowtestcases.Community.MeasuresVersionPostAPITest<br>Parameters: STG, ProjectIDCommunityOther, 2</td>
<td></td>
<td>2</td>
<td>com.arcapi.TrailFlowtestcases.Community.MeasuresVersionPostAPITest@587c290d</td></tr>
<tr>
<td title='com.arcapi.TrailFlowtestcases.Community.NotificationSubscriptionDetailGetTest.NotificationSubscriptionDetail()'><b>NotificationSubscriptionDetail</b><br>Test class: com.arcapi.TrailFlowtestcases.Community.NotificationSubscriptionDetailGetTest<br>Parameters: STG, ProjectIDCommunityOther, 2</td>
<td></td>
<td>1</td>
<td>com.arcapi.TrailFlowtestcases.Community.NotificationSubscriptionDetailGetTest@2f8f5f62</td></tr>
<tr>
<td title='com.arcapi.TrailFlowtestcases.Community.PaymentHistoryAPITest.PaymentHistoryAPI()'><b>PaymentHistoryAPI</b><br>Test class: com.arcapi.TrailFlowtestcases.Community.PaymentHistoryAPITest<br>Parameters: STG, ProjectIDCommunityOther, 2</td>
<td></td>
<td>2</td>
<td>com.arcapi.TrailFlowtestcases.Community.PaymentHistoryAPITest@fe18270</td></tr>
<tr>
<td title='com.arcapi.TrailFlowtestcases.Community.PaymentOrderGetAPITest.PaymentOrderGetAPI()'><b>PaymentOrderGetAPI</b><br>Test class: com.arcapi.TrailFlowtestcases.Community.PaymentOrderGetAPITest<br>Parameters: STG, ProjectIDCommunityOther, 2</td>
<td></td>
<td>1</td>
<td>com.arcapi.TrailFlowtestcases.Community.PaymentOrderGetAPITest@5fdba6f9</td></tr>
<tr>
<td title='com.arcapi.TrailFlowtestcases.Community.PaymentReceiptAPITest.PaymentReceiptAPI()'><b>PaymentReceiptAPI</b><br>Test class: com.arcapi.TrailFlowtestcases.Community.PaymentReceiptAPITest<br>Parameters: STG, ProjectIDCommunityOther, 2</td>
<td></td>
<td>5</td>
<td>com.arcapi.TrailFlowtestcases.Community.PaymentReceiptAPITest@10d59286</td></tr>
<tr>
<td title='com.arcapi.TrailFlowtestcases.Community.PerformanceComparablesGetAPITest.PerformanceComparablesGetAPI()'><b>PerformanceComparablesGetAPI</b><br>Test class: com.arcapi.TrailFlowtestcases.Community.PerformanceComparablesGetAPITest</td>
<td></td>
<td>2</td>
<td>com.arcapi.TrailFlowtestcases.Community.PerformanceComparablesGetAPITest@57f23557</td></tr>
<tr>
<td title='com.arcapi.TrailFlowtestcases.Community.RecomputePerformanceScoreGetTest.RecomputePerformanceScoreGet()'><b>RecomputePerformanceScoreGet</b><br>Test class: com.arcapi.TrailFlowtestcases.Community.RecomputePerformanceScoreGetTest<br>Parameters: STG, ProjectIDCommunityOther, 2</td>
<td></td>
<td>2</td>
<td>com.arcapi.TrailFlowtestcases.Community.RecomputePerformanceScoreGetTest@7dc222ae</td></tr>
<tr>
<td title='com.arcapi.TrailFlowtestcases.Community.S3DocumentListAPITest.S3DocumentListAPI()'><b>S3DocumentListAPI</b><br>Test class: com.arcapi.TrailFlowtestcases.Community.S3DocumentListAPITest<br>Parameters: STG, ProjectIDCommunityOther, 2</td>
<td></td>
<td>2</td>
<td>com.arcapi.TrailFlowtestcases.Community.S3DocumentListAPITest@5a4041cc</td></tr>
<tr>
<td title='com.arcapi.TrailFlowtestcases.Community.S3DocumentRemoveAPITest.S3DocumentRemoveAPI()'><b>S3DocumentRemoveAPI</b><br>Test class: com.arcapi.TrailFlowtestcases.Community.S3DocumentRemoveAPITest<br>Parameters: STG, ProjectIDCommunityOther, 2</td>
<td></td>
<td>2</td>
<td>com.arcapi.TrailFlowtestcases.Community.S3DocumentRemoveAPITest@15b3e5b</td></tr>
<tr>
<td title='com.arcapi.TrailFlowtestcases.Community.S3DocumentUploadPOSTAPITest.S3DocumentUploadPOSTAPI()'><b>S3DocumentUploadPOSTAPI</b><br>Test class: com.arcapi.TrailFlowtestcases.Community.S3DocumentUploadPOSTAPITest<br>Parameters: STG, ProjectIDCommunityOther, 2</td>
<td></td>
<td>50</td>
<td>com.arcapi.TrailFlowtestcases.Community.S3DocumentUploadPOSTAPITest@768b970c</td></tr>
<tr>
<td title='com.arcapi.TrailFlowtestcases.Community.SubmitReviewGetAPITest.SubmitReviewGetAPI()'><b>SubmitReviewGetAPI</b><br>Test class: com.arcapi.TrailFlowtestcases.Community.SubmitReviewGetAPITest<br>Parameters: STG, ProjectIDCommunityOther, 2</td>
<td></td>
<td>1</td>
<td>com.arcapi.TrailFlowtestcases.Community.SubmitReviewGetAPITest@8b87145</td></tr>
<tr>
<td title='com.arcapi.TrailFlowtestcases.Community.SubmitReviewPOSTAPITest.SubmitReviewPOSTAPI()'><b>SubmitReviewPOSTAPI</b><br>Test class: com.arcapi.TrailFlowtestcases.Community.SubmitReviewPOSTAPITest<br>Parameters: STG, ProjectIDCommunityOther, 2, community, performance score</td>
<td></td>
<td>1</td>
<td>com.arcapi.TrailFlowtestcases.Community.SubmitReviewPOSTAPITest@5fcd892a</td></tr>
<tr>
<td title='com.arcapi.TrailFlowtestcases.Community.VerifyAgreementPresentAPITest.VerifyAgreementPresentAPI()'><b>VerifyAgreementPresentAPI</b><br>Test class: com.arcapi.TrailFlowtestcases.Community.VerifyAgreementPresentAPITest<br>Parameters: STG, ProjectIDCommunityOther, 2</td>
<td></td>
<td>1</td>
<td>com.arcapi.TrailFlowtestcases.Community.VerifyAgreementPresentAPITest@52525845</td></tr>
</table><p>
</body>
</html>