<?xml version="1.0" encoding="UTF-8"?>
<!-- Generated by org.testng.reporters.JUnitXMLReporter -->
<testsuite hostname="G10GNLT041" ignored="0" name="CompleteFlowTest-Community-Other" tests="52" failures="6" timestamp="08 Feb 2019 07:12:11 GMT" time="234.544" errors="0">
  <testcase name="LoginAPI" time="11.292" classname="com.arcapi.TrailFlowtestcases.Community.LoginAPITest"/>
  <testcase name="CreateAssetPOSTAPI" time="8.678" classname="com.arcapi.TrailFlowtestcases.Community.CreateAssetCommunityOtherAPITest"/>
  <testcase name="AssetUpdateforNewAssetPUTAPI" time="2.549" classname="com.arcapi.TrailFlowtestcases.Community.AssetUpdateCommunityOtherAPITest"/>
  <testcase name="PaymentOrderGetAPI" time="1.673" classname="com.arcapi.TrailFlowtestcases.Community.PaymentOrderGetAPITest"/>
  <testcase name="PaymentReceiptAPI" time="5.066" classname="com.arcapi.TrailFlowtestcases.Community.PaymentReceiptAPITest"/>
  <testcase name="PaymentHistoryAPI" time="2.198" classname="com.arcapi.TrailFlowtestcases.Community.PaymentHistoryAPITest"/>
  <testcase name="AssetDetailAPI" time="2.448" classname="com.arcapi.TrailFlowtestcases.Community.AssetDetailAPITest"/>
  <testcase name="AssetDocumentAPI" time="1.883" classname="com.arcapi.TrailFlowtestcases.Community.AssetDocumentAPITest"/>
  <testcase name="DownloadDocumentsAPI" time="1.761" classname="com.arcapi.TrailFlowtestcases.Community.DownloadDocumentsAPITest"/>
  <testcase name="VerifyAgreementPresentAPI" time="1.955" classname="com.arcapi.TrailFlowtestcases.Community.VerifyAgreementPresentAPITest"/>
  <testcase name="CreditGetAPI" time="4.841" classname="com.arcapi.TrailFlowtestcases.Community.CreditGetAPITest"/>
  <testcase name="MeasuresListAPI" time="1.98" classname="com.arcapi.TrailFlowtestcases.Community.MeasuresListAPITest"/>
  <testcase name="MeasuresDetailAPI" time="1.778" classname="com.arcapi.TrailFlowtestcases.Community.MeasuresDetailAPITest"/>
  <testcase name="MeasuresPostAPI" time="19.341" classname="com.arcapi.TrailFlowtestcases.Community.MeasuresPostAPITest"/>
  <testcase name="MeasuresUpdateAPI" time="1.735" classname="com.arcapi.TrailFlowtestcases.Community.MeasuresUpdateAPITest"/>
  <testcase name="MeasuresVersionListAPI" time="1.486" classname="com.arcapi.TrailFlowtestcases.Community.MeasuresVersionListAPITest"/>
  <testcase name="MeasuresVersionDetailAPI" time="1.842" classname="com.arcapi.TrailFlowtestcases.Community.MeasuresVersionDetailAPITest"/>
  <testcase name="MeasuresVersionPostAPI" time="2.703" classname="com.arcapi.TrailFlowtestcases.Community.MeasuresVersionPostAPITest"/>
  <testcase name="MeterCreatePOSTAPI" time="7.206" classname="com.arcapi.TrailFlowtestcases.Community.MeterCreateAPICityCommTest">
    <failure type="java.lang.NullPointerException">
      <![CDATA[java.lang.NullPointerExceptionat com.arcapi.TrailFlowtestcases.Community.MeterCreateAPICityCommTest.MeterCreatePOSTAPI(MeterCreateAPICityCommTest.java:96)... Removed 26 stack frames]]>
    </failure>
  </testcase> <!-- MeterCreatePOSTAPI -->
  <testcase name="ConsumptionCreatePOSTAPI" time="5.236" classname="com.arcapi.TrailFlowtestcases.Community.CityCommConsumptionCreateAPITest">
    <failure type="java.lang.AssertionError" message="1 expectation failed.
Expected status code &amp;lt;201&amp;gt; doesn&amp;apos;t match actual status code &amp;lt;404&amp;gt;.
">
      <![CDATA[java.lang.AssertionError: 1 expectation failed.Expected status code <201> doesn't match actual status code <404>.at org.codehaus.groovy.runtime.callsite.ConstructorSite$ConstructorSiteNoUnwrap.callConstructor(ConstructorSite.java:84)at org.codehaus.groovy.runtime.callsite.CallSiteArray.defaultCallConstructor(CallSiteArray.java:60)at org.codehaus.groovy.runtime.callsite.AbstractCallSite.callConstructor(AbstractCallSite.java:235)at org.codehaus.groovy.runtime.callsite.AbstractCallSite.callConstructor(AbstractCallSite.java:247)at com.jayway.restassured.internal.ResponseSpecificationImpl$HamcrestAssertionClosure.validate(ResponseSpecificationImpl.groovy:598)at com.jayway.restassured.internal.ResponseSpecificationImpl$HamcrestAssertionClosure$validate$1.call(Unknown Source)at com.jayway.restassured.internal.ResponseSpecificationImpl.validateResponseIfRequired(ResponseSpecificationImpl.groovy:760)at org.codehaus.groovy.runtime.callsite.PogoMetaMethodSite$PogoCachedMethodSiteNoUnwrapNoCoerce.invoke(PogoMetaMethodSite.java:210)at org.codehaus.groovy.runtime.callsite.PogoMetaMethodSite.callCurrent(PogoMetaMethodSite.java:59)at org.codehaus.groovy.runtime.callsite.AbstractCallSite.callCurrent(AbstractCallSite.java:166)at com.jayway.restassured.internal.ResponseSpecificationImpl.statusCode(ResponseSpecificationImpl.groovy:120)at com.jayway.restassured.specification.ResponseSpecification$statusCode$0.callCurrent(Unknown Source)at com.jayway.restassured.internal.ResponseSpecificationImpl.statusCode(ResponseSpecificationImpl.groovy:128)at com.jayway.restassured.internal.ValidatableResponseOptionsImpl.statusCode(ValidatableResponseOptionsImpl.java:117)at com.arcapi.TrailFlowtestcases.Community.CityCommConsumptionCreateAPITest.ConsumptionCreatePOSTAPI(CityCommConsumptionCreateAPITest.java:63)... Removed 35 stack frames]]>
    </failure>
  </testcase> <!-- ConsumptionCreatePOSTAPI -->
  <testcase name="AssetTeamMemberRoleAPI" time="2.291" classname="com.arcapi.TrailFlowtestcases.Community.AssetTeamMemberRoleAPITest"/>
  <testcase name="AssetTeamMemberListAPI" time="1.254" classname="com.arcapi.TrailFlowtestcases.Community.AssetTeamMemberListAPITest"/>
  <testcase name="AssetTeamMemberAddPOSTAPI" time="1.863" classname="com.arcapi.TrailFlowtestcases.Community.AssetTeamMemberAddPOSTAPITest"/>
  <testcase name="AssetTeamMemberUpdateAPI" time="2.058" classname="com.arcapi.TrailFlowtestcases.Community.AssetTeamMemberUpdateAPITest"/>
  <testcase name="AssetTeamMemberRemoveAPI" time="2.111" classname="com.arcapi.TrailFlowtestcases.Community.AssetTeamMemberRemoveAPITest"/>
  <testcase name="InstallAllAppsAPI" time="5.684" classname="com.arcapi.TrailFlowtestcases.Community.InstallAllAppsAPITest"/>
  <testcase name="DeleteAllAppsAPI" time="5.044" classname="com.arcapi.TrailFlowtestcases.Community.DeleteAllAppsAPITest"/>
  <testcase name="S3DocumentUploadPOSTAPI" time="50.681" classname="com.arcapi.TrailFlowtestcases.Community.S3DocumentUploadPOSTAPITest"/>
  <testcase name="S3DocumentListAPI" time="2.296" classname="com.arcapi.TrailFlowtestcases.Community.S3DocumentListAPITest"/>
  <testcase name="S3DocumentRemoveAPI" time="2.238" classname="com.arcapi.TrailFlowtestcases.Community.S3DocumentRemoveAPITest"/>
  <testcase name="AssetTeamPermissionListAPI" time="1.783" classname="com.arcapi.TrailFlowtestcases.Community.AssetTeamPermissionListAPITest"/>
  <testcase name="AssetTeamPermissionPostAPI" time="1.672" classname="com.arcapi.TrailFlowtestcases.Community.AssetTeamPermissionPostAPITest"/>
  <testcase name="AssetTeamPermissionPutAPI" time="1.949" classname="com.arcapi.TrailFlowtestcases.Community.AssetTeamPermissionPutAPITest"/>
  <testcase name="AssetNotificationSubscriptionList" time="1.851" classname="com.arcapi.TrailFlowtestcases.Community.AssetNotificationSubscriptionListTest"/>
  <testcase name="AssetNotificationSubscriptionPost" time="1.65" classname="com.arcapi.TrailFlowtestcases.Community.AssetNotificationSubscriptionPostTest">
    <failure type="java.lang.NullPointerException">
      <![CDATA[java.lang.NullPointerExceptionat com.arcapi.TrailFlowtestcases.Community.AssetNotificationSubscriptionPostTest.AssetNotificationSubscriptionPost(AssetNotificationSubscriptionPostTest.java:60)... Removed 26 stack frames]]>
    </failure>
  </testcase> <!-- AssetNotificationSubscriptionPost -->
  <testcase name="NotificationSubscriptionDetail" time="1.586" classname="com.arcapi.TrailFlowtestcases.Community.NotificationSubscriptionDetailGetTest"/>
  <testcase name="AssetDataSnapshotAPI" time="2.017" classname="com.arcapi.TrailFlowtestcases.Community.AssetDataSnapshotAPITest"/>
  <testcase name="RecomputePerformanceScoreGet" time="2.467" classname="com.arcapi.TrailFlowtestcases.Community.RecomputePerformanceScoreGetTest"/>
  <testcase name="ReviewCertificationPricingAPI" time="2.451" classname="com.arcapi.TrailFlowtestcases.Community.ReviewCertificationPricingAPITest">
    <failure type="java.lang.AssertionError" message="1 expectation failed.
Expected status code &amp;lt;200&amp;gt; doesn&amp;apos;t match actual status code &amp;lt;400&amp;gt;.
">
      <![CDATA[java.lang.AssertionError: 1 expectation failed.Expected status code <200> doesn't match actual status code <400>.at org.codehaus.groovy.runtime.callsite.ConstructorSite$ConstructorSiteNoUnwrap.callConstructor(ConstructorSite.java:84)at org.codehaus.groovy.runtime.callsite.AbstractCallSite.callConstructor(AbstractCallSite.java:247)at com.jayway.restassured.internal.ResponseSpecificationImpl$HamcrestAssertionClosure.validate(ResponseSpecificationImpl.groovy:598)at com.jayway.restassured.internal.ResponseSpecificationImpl$HamcrestAssertionClosure$validate$1.call(Unknown Source)at com.jayway.restassured.internal.ResponseSpecificationImpl.validate(ResponseSpecificationImpl.groovy:86)at com.jayway.restassured.internal.ValidatableResponseOptionsImpl.specification(ValidatableResponseOptionsImpl.java:307)at com.jayway.restassured.internal.ValidatableResponseOptionsImpl.spec(ValidatableResponseOptionsImpl.java:288)at com.arcapi.TrailFlowtestcases.Community.ReviewCertificationPricingAPITest.ReviewCertificationPricingAPI(ReviewCertificationPricingAPITest.java:32)... Removed 32 stack frames]]>
    </failure>
  </testcase> <!-- ReviewCertificationPricingAPI -->
  <testcase name="SubmitReviewPOSTAPI" time="1.661" classname="com.arcapi.TrailFlowtestcases.Community.SubmitReviewPOSTAPITest"/>
  <testcase name="SubmitReviewGetAPI" time="1.7" classname="com.arcapi.TrailFlowtestcases.Community.SubmitReviewGetAPITest"/>
  <testcase name="FeedbackSubmitPostAPI" time="1.858" classname="com.arcapi.TrailFlowtestcases.Community.FeedbackSubmitPostAPITest"/>
  <testcase name="AssetDataExportAPI" time="3.29" classname="com.arcapi.TrailFlowtestcases.Community.AssetDataExportAPITest"/>
  <testcase name="AssetPerformanceScoreListAPI" time="1.688" classname="com.arcapi.TrailFlowtestcases.Community.AssetPerformanceScoreListAPITest"/>
  <testcase name="AnalysisDataSubmitPOSTAPI" time="11.139" classname="com.arcapi.TrailFlowtestcases.Community.AnalysisDataSubmitPOSTAPITest"/>
  <testcase name="AnalysisDataGetAPI" time="1.532" classname="com.arcapi.TrailFlowtestcases.Community.AnalysisDataGetAPITest"/>
  <testcase name="AssetRequiredFieldsAPI" time="1.99" classname="com.arcapi.TrailFlowtestcases.Community.AssetRequiredFieldsAPITest">
    <failure type="java.lang.AssertionError" message="1 expectation failed.
Expected status code &amp;lt;200&amp;gt; doesn&amp;apos;t match actual status code &amp;lt;404&amp;gt;.
">
      <![CDATA[java.lang.AssertionError: 1 expectation failed.Expected status code <200> doesn't match actual status code <404>.at org.codehaus.groovy.runtime.callsite.ConstructorSite$ConstructorSiteNoUnwrap.callConstructor(ConstructorSite.java:84)at org.codehaus.groovy.runtime.callsite.AbstractCallSite.callConstructor(AbstractCallSite.java:247)at com.jayway.restassured.internal.ResponseSpecificationImpl$HamcrestAssertionClosure.validate(ResponseSpecificationImpl.groovy:598)at com.jayway.restassured.internal.ResponseSpecificationImpl$HamcrestAssertionClosure$validate$1.call(Unknown Source)at com.jayway.restassured.internal.ResponseSpecificationImpl.validate(ResponseSpecificationImpl.groovy:86)at com.jayway.restassured.internal.ValidatableResponseOptionsImpl.specification(ValidatableResponseOptionsImpl.java:307)at com.jayway.restassured.internal.ValidatableResponseOptionsImpl.spec(ValidatableResponseOptionsImpl.java:288)at com.arcapi.TrailFlowtestcases.Community.AssetRequiredFieldsAPITest.AssetRequiredFieldsAPI(AssetRequiredFieldsAPITest.java:48)... Removed 32 stack frames]]>
    </failure>
  </testcase> <!-- AssetRequiredFieldsAPI -->
  <testcase name="UserActivityListAPI" time="1.856" classname="com.arcapi.TrailFlowtestcases.Community.UserActivityListAPITest">
    <failure type="java.lang.AssertionError" message="1 expectation failed.
Expected status code &amp;lt;200&amp;gt; doesn&amp;apos;t match actual status code &amp;lt;404&amp;gt;.
">
      <![CDATA[java.lang.AssertionError: 1 expectation failed.Expected status code <200> doesn't match actual status code <404>.at org.codehaus.groovy.runtime.callsite.ConstructorSite$ConstructorSiteNoUnwrap.callConstructor(ConstructorSite.java:84)at org.codehaus.groovy.runtime.callsite.AbstractCallSite.callConstructor(AbstractCallSite.java:247)at com.jayway.restassured.internal.ResponseSpecificationImpl$HamcrestAssertionClosure.validate(ResponseSpecificationImpl.groovy:598)at com.jayway.restassured.internal.ResponseSpecificationImpl$HamcrestAssertionClosure$validate$1.call(Unknown Source)at com.jayway.restassured.internal.ResponseSpecificationImpl.validateResponseIfRequired(ResponseSpecificationImpl.groovy:760)at org.codehaus.groovy.runtime.callsite.PogoMetaMethodSite$PogoCachedMethodSiteNoUnwrapNoCoerce.invoke(PogoMetaMethodSite.java:210)at org.codehaus.groovy.runtime.callsite.PogoMetaMethodSite.callCurrent(PogoMetaMethodSite.java:59)at org.codehaus.groovy.runtime.callsite.AbstractCallSite.callCurrent(AbstractCallSite.java:166)at com.jayway.restassured.internal.ResponseSpecificationImpl.statusCode(ResponseSpecificationImpl.groovy:120)at com.jayway.restassured.specification.ResponseSpecification$statusCode$0.callCurrent(Unknown Source)at com.jayway.restassured.internal.ResponseSpecificationImpl.statusCode(ResponseSpecificationImpl.groovy:128)at com.jayway.restassured.internal.ValidatableResponseOptionsImpl.statusCode(ValidatableResponseOptionsImpl.java:117)at com.arcapi.TrailFlowtestcases.Community.UserActivityListAPITest.UserActivityListAPI(UserActivityListAPITest.java:44)... Removed 35 stack frames]]>
    </failure>
  </testcase> <!-- UserActivityListAPI -->
  <testcase name="GetAllDocumentListAPI" time="1.448" classname="com.arcapi.TrailFlowtestcases.Community.GetAllDocumentListAPITest"/>
  <testcase name="PerformanceComparablesGetAPI" time="2.146" classname="com.arcapi.TrailFlowtestcases.Community.PerformanceComparablesGetAPITest"/>
  <testcase name="AssetSnapshotKeysAPI" time="2.056" classname="com.arcapi.TrailFlowtestcases.Community.AssetSnapshotKeysAPITest"/>
  <testcase name="AssetSnapshotDownloadAPI" time="1.764" classname="com.arcapi.TrailFlowtestcases.Community.AssetSnapshotDownloadAPITest"/>
</testsuite> <!-- CompleteFlowTest-Community-Other -->
