<?xml version="1.0" encoding="UTF-8"?>
<!-- Generated by org.testng.reporters.JUnitXMLReporter -->
<testsuite hostname="G10GGNLT052" name="CompleteFlowTest-Portfolios-Gresb" tests="23" failures="1" timestamp="17 Oct 2019 08:56:41 GMT" time="997.633" errors="0">
  <testcase name="GresbAssetsDetailsGetAPI" time="3.016" classname="com.arcapi.Portfoliostestcases.GresbAssetsDetailsGetAPITest"/>
  <testcase name="GresbAssetsExsitingIDPostAPI" time="32.152" classname="com.arcapi.Portfoliostestcases.GresbAssetsExsitingIDPostAPITest"/>
  <testcase name="PortfoliosPostAPI" time="3.966" classname="com.arcapi.Portfoliostestcases.PortfoliosPostAPITest"/>
  <testcase name="PortfoliosGetAPI" time="1.996" classname="com.arcapi.Portfoliostestcases.PortfoliosGetAPITest"/>
  <testcase name="PortfoliosDetailsGetAPI" time="1.947" classname="com.arcapi.Portfoliostestcases.PortfoliosDetailsGetAPITest"/>
  <testcase name="PortfoliosDetailPUTAPI" time="1.823" classname="com.arcapi.Portfoliostestcases.PortfoliosDetailPUTAPITest"/>
  <testcase name="PortfoliosAssetPostAPI" time="2.903" classname="com.arcapi.Portfoliostestcases.V2PortfoliosAssetPostAPITest"/>
  <testcase name="PortfoliosAssetGetAPI" time="2.189" classname="com.arcapi.Portfoliostestcases.PortfoliosAssetGetAPITest"/>
  <testcase name="PortfoliosAssetDetailGetAPI" time="2.007" classname="com.arcapi.Portfoliostestcases.PortfoliosAssetDetailGetAPITest"/>
  <testcase name="PortfoliosAssetDetailPUTAPI" time="2.038" classname="com.arcapi.Portfoliostestcases.PortfoliosAssetDetailPUTAPITest"/>
  <testcase name="PortfoliosGoalsDetailAPI" time="1.921" classname="com.arcapi.Portfoliostestcases.PortfoliosGoalsDetailAPITest"/>
  <testcase name="PortfoliosGoalsUpdateAPI" time="1.86" classname="com.arcapi.Portfoliostestcases.PortfoliosGoalsUpdateAPITest"/>
  <testcase name="PortfoliosAnalyticsDetailAPI" time="1.769" classname="com.arcapi.Portfoliostestcases.PortfoliosAnalyticsDetailAPITest"/>
  <testcase name="PortfoliosAnalyticsSummaryDetailAPI" time="902.291" classname="com.arcapi.Portfoliostestcases.PortfoliosAnalyticsSummaryDetailAPITest"/>
  <testcase name="PortfoliosAnalyticsCategoryDetailAPI" time="2.071" classname="com.arcapi.Portfoliostestcases.PortfoliosAnalyticsCategoryDetailAPITest"/>
  <testcase name="PortfoliosTeamsPostAPI" time="3.577" classname="com.arcapi.Portfoliostestcases.PortfoliosTeamsPostAPITest"/>
  <testcase name="PortfoliosTeamsGetAPI" time="1.96" classname="com.arcapi.Portfoliostestcases.PortfoliosTeamsGetAPITest"/>
  <testcase name="PortfoliosTeamsPUTAPI" time="2.171" classname="com.arcapi.Portfoliostestcases.PortfoliosTeamsPUTAPITest"/>
  <testcase name="PortfoliosTeamsDELETEAPI" time="1.93" classname="com.arcapi.Portfoliostestcases.PortfoliosTeamsDELETEAPITest"/>
  <testcase name="PortfoliosAssetDetailDELETEAPI" time="2.106" classname="com.arcapi.Portfoliostestcases.PortfoliosAssetDetailDELETEAPITest"/>
  <testcase name="LoginAPI" time="7.012" classname="com.arcapi.Common.LoginAPITest"/>
  <testcase name="GresbAssetsDetailsGetAPI" time="4.07" classname="com.arcapi.Portfoliostestcases.VerifyGresbAssetsDetailsGetAPITest"/>
  <testcase name="V2GresbAssetsVerifyBuildingTrialStatusAPI" time="2.602" classname="com.arcapi.Portfoliostestcases.V2GresbAssetsVerifyBuildingTrialStatusAPITest">
    <failure type="java.lang.AssertionError" message="expected [activated_addendum_agreement_pending] but found [agreement_pending]">
      <![CDATA[java.lang.AssertionError: expected [activated_addendum_agreement_pending] but found [agreement_pending]
	at com.Utill.Controller.Assertion.verifyData(Assertion.java:28)
	at com.arcapi.Portfoliostestcases.V2GresbAssetsVerifyBuildingTrialStatusAPITest.V2GresbAssetsVerifyBuildingTrialStatusAPI(V2GresbAssetsVerifyBuildingTrialStatusAPITest.java:28)
... Removed 31 stack frames]]>
    </failure>
  </testcase> <!-- V2GresbAssetsVerifyBuildingTrialStatusAPI -->
</testsuite> <!-- CompleteFlowTest-Portfolios-Gresb -->
