<html>
<head>
<title>TestNG:  CompleteFlowTest-Portfolios-Gresb</title>
<link href="../testng.css" rel="stylesheet" type="text/css" />
<link href="../my-testng.css" rel="stylesheet" type="text/css" />

<style type="text/css">
.log { display: none;} 
.stack-trace { display: none;} 
</style>
<script type="text/javascript">
<!--
function flip(e) {
  current = e.style.display;
  if (current == 'block') {
    e.style.display = 'none';
    return 0;
  }
  else {
    e.style.display = 'block';
    return 1;
  }
}

function toggleBox(szDivId, elem, msg1, msg2)
{
  var res = -1;  if (document.getElementById) {
    res = flip(document.getElementById(szDivId));
  }
  else if (document.all) {
    // this is the way old msie versions work
    res = flip(document.all[szDivId]);
  }
  if(elem) {
    if(res == 0) elem.innerHTML = msg1; else elem.innerHTML = msg2;
  }

}

function toggleAllBoxes() {
  if (document.getElementsByTagName) {
    d = document.getElementsByTagName('div');
    for (i = 0; i < d.length; i++) {
      if (d[i].className == 'log') {
        flip(d[i]);
      }
    }
  }
}

// -->
</script>

</head>
<body>
<h2 align='center'>CompleteFlowTest-Portfolios-Gresb</h2><table border='1' align="center">
<tr>
<td>Tests passed/Failed/Skipped:</td><td>0/0/23</td>
</tr><tr>
<td>Started on:</td><td>Thu Nov 28 10:26:28 IST 2019</td>
</tr>
<tr><td>Total time:</td><td>0 seconds (90 ms)</td>
</tr><tr>
<td>Included groups:</td><td></td>
</tr><tr>
<td>Excluded groups:</td><td></td>
</tr>
</table><p/>
<small><i>(Hover the method name to see the test class name)</i></small><p/>
<table width='100%' border='1' class='invocation-failed'>
<tr><td colspan='4' align='center'><b>FAILED CONFIGURATIONS</b></td></tr>
<tr><td><b>Test method</b></td>
<td width="30%"><b>Exception</b></td>
<td width="10%"><b>Time (seconds)</b></td>
<td><b>Instance</b></td>
</tr>
<tr>
<td title='com.arcapi.Portfoliostestcases.GresbAssetsDetailsGetAPITest.setBaseUri()'><b>setBaseUri</b><br>Test class: com.arcapi.Portfoliostestcases.GresbAssetsDetailsGetAPITest</td>
<td><div><pre>org.testng.TestNGException: 
Parameter &apos;environment&apos; is required by @Configuration on method setBaseUri but has not been marked @Optional or defined
in D:\worksapceNew\TestArcAPI\src\main\resources\TestNGFiles\V2Portfoliostestng.xml
... Removed 22 stack frames</pre></div><a href='#' onClick='toggleBox("stack-trace49318987", this, "Click to show all stack frames", "Click to hide stack frames")'>Click to show all stack frames</a>
<div class='stack-trace' id='stack-trace49318987'><pre>org.testng.TestNGException: 
Parameter &apos;environment&apos; is required by @Configuration on method setBaseUri but has not been marked @Optional or defined
in D:\worksapceNew\TestArcAPI\src\main\resources\TestNGFiles\V2Portfoliostestng.xml
	at org.testng.internal.Parameters.createParameters(Parameters.java:154)
	at org.testng.internal.Parameters.createParameters(Parameters.java:361)
	at org.testng.internal.Parameters.createConfigurationParameters(Parameters.java:84)
	at org.testng.internal.Invoker.invokeConfigurations(Invoker.java:201)
	at org.testng.internal.Invoker.invokeConfigurations(Invoker.java:142)
	at org.testng.internal.TestMethodWorker.invokeBeforeClassMethods(TestMethodWorker.java:178)
	at org.testng.internal.TestMethodWorker.run(TestMethodWorker.java:108)
	at org.testng.TestRunner.privateRun(TestRunner.java:782)
	at org.testng.TestRunner.run(TestRunner.java:632)
	at org.testng.SuiteRunner.runTest(SuiteRunner.java:366)
	at org.testng.SuiteRunner.runSequentially(SuiteRunner.java:361)
	at org.testng.SuiteRunner.privateRun(SuiteRunner.java:319)
	at org.testng.SuiteRunner.run(SuiteRunner.java:268)
	at org.testng.SuiteRunnerWorker.runSuite(SuiteRunnerWorker.java:52)
	at org.testng.SuiteRunnerWorker.run(SuiteRunnerWorker.java:86)
	at org.testng.TestNG.runSuitesSequentially(TestNG.java:1244)
	at org.testng.TestNG.runSuitesSequentially(TestNG.java:1240)
	at org.testng.TestNG.runSuitesLocally(TestNG.java:1169)
	at org.testng.TestNG.run(TestNG.java:1064)
	at org.testng.remote.RemoteTestNG.run(RemoteTestNG.java:113)
	at org.testng.remote.RemoteTestNG.initAndRun(RemoteTestNG.java:206)
	at org.testng.remote.RemoteTestNG.main(RemoteTestNG.java:177)
</pre></div></td>
<td>0</td>
<td>com.arcapi.Portfoliostestcases.GresbAssetsDetailsGetAPITest@d44fc21</td></tr>
</table><p>
<table width='100%' border='1' class='invocation-skipped'>
<tr><td colspan='4' align='center'><b>SKIPPED CONFIGURATIONS</b></td></tr>
<tr><td><b>Test method</b></td>
<td width="30%"><b>Exception</b></td>
<td width="10%"><b>Time (seconds)</b></td>
<td><b>Instance</b></td>
</tr>
<tr>
<td title='com.arcapi.Portfoliostestcases.GresbAssetsExsitingIDPostAPITest.getSuiteName()'><b>getSuiteName</b><br>Test class: com.arcapi.Portfoliostestcases.GresbAssetsExsitingIDPostAPITest</td>
<td></td>
<td>0</td>
<td>com.arcapi.Portfoliostestcases.GresbAssetsExsitingIDPostAPITest@23faf8f2</td></tr>
<tr>
<td title='com.arcapi.Portfoliostestcases.GresbAssetsExsitingIDPostAPITest.setBaseUri()'><b>setBaseUri</b><br>Test class: com.arcapi.Portfoliostestcases.GresbAssetsExsitingIDPostAPITest</td>
<td></td>
<td>0</td>
<td>com.arcapi.Portfoliostestcases.GresbAssetsExsitingIDPostAPITest@23faf8f2</td></tr>
<tr>
<td title='com.arcapi.Portfoliostestcases.PortfoliosPostAPITest.getSuiteName()'><b>getSuiteName</b><br>Test class: com.arcapi.Portfoliostestcases.PortfoliosPostAPITest</td>
<td></td>
<td>0</td>
<td>com.arcapi.Portfoliostestcases.PortfoliosPostAPITest@2d6eabae</td></tr>
<tr>
<td title='com.arcapi.Portfoliostestcases.PortfoliosPostAPITest.setBaseUri()'><b>setBaseUri</b><br>Test class: com.arcapi.Portfoliostestcases.PortfoliosPostAPITest</td>
<td></td>
<td>0</td>
<td>com.arcapi.Portfoliostestcases.PortfoliosPostAPITest@2d6eabae</td></tr>
<tr>
<td title='com.arcapi.Portfoliostestcases.PortfoliosGetAPITest.getSuiteName()'><b>getSuiteName</b><br>Test class: com.arcapi.Portfoliostestcases.PortfoliosGetAPITest</td>
<td></td>
<td>0</td>
<td>com.arcapi.Portfoliostestcases.PortfoliosGetAPITest@4e7dc304</td></tr>
<tr>
<td title='com.arcapi.Portfoliostestcases.PortfoliosGetAPITest.setBaseUri()'><b>setBaseUri</b><br>Test class: com.arcapi.Portfoliostestcases.PortfoliosGetAPITest</td>
<td></td>
<td>0</td>
<td>com.arcapi.Portfoliostestcases.PortfoliosGetAPITest@4e7dc304</td></tr>
<tr>
<td title='com.arcapi.Portfoliostestcases.PortfoliosDetailsGetAPITest.getSuiteName()'><b>getSuiteName</b><br>Test class: com.arcapi.Portfoliostestcases.PortfoliosDetailsGetAPITest</td>
<td></td>
<td>0</td>
<td>com.arcapi.Portfoliostestcases.PortfoliosDetailsGetAPITest@64729b1e</td></tr>
<tr>
<td title='com.arcapi.Portfoliostestcases.PortfoliosDetailsGetAPITest.setBaseUri()'><b>setBaseUri</b><br>Test class: com.arcapi.Portfoliostestcases.PortfoliosDetailsGetAPITest</td>
<td></td>
<td>0</td>
<td>com.arcapi.Portfoliostestcases.PortfoliosDetailsGetAPITest@64729b1e</td></tr>
<tr>
<td title='com.arcapi.Portfoliostestcases.PortfoliosDetailPUTAPITest.getSuiteName()'><b>getSuiteName</b><br>Test class: com.arcapi.Portfoliostestcases.PortfoliosDetailPUTAPITest</td>
<td></td>
<td>0</td>
<td>com.arcapi.Portfoliostestcases.PortfoliosDetailPUTAPITest@10bbd20a</td></tr>
<tr>
<td title='com.arcapi.Portfoliostestcases.PortfoliosDetailPUTAPITest.setBaseUri()'><b>setBaseUri</b><br>Test class: com.arcapi.Portfoliostestcases.PortfoliosDetailPUTAPITest</td>
<td></td>
<td>0</td>
<td>com.arcapi.Portfoliostestcases.PortfoliosDetailPUTAPITest@10bbd20a</td></tr>
<tr>
<td title='com.arcapi.Portfoliostestcases.V2PortfoliosAssetPostAPITest.getSuiteName()'><b>getSuiteName</b><br>Test class: com.arcapi.Portfoliostestcases.V2PortfoliosAssetPostAPITest</td>
<td></td>
<td>0</td>
<td>com.arcapi.Portfoliostestcases.V2PortfoliosAssetPostAPITest@48503868</td></tr>
<tr>
<td title='com.arcapi.Portfoliostestcases.V2PortfoliosAssetPostAPITest.setBaseUri()'><b>setBaseUri</b><br>Test class: com.arcapi.Portfoliostestcases.V2PortfoliosAssetPostAPITest</td>
<td></td>
<td>0</td>
<td>com.arcapi.Portfoliostestcases.V2PortfoliosAssetPostAPITest@48503868</td></tr>
<tr>
<td title='com.arcapi.Portfoliostestcases.PortfoliosAssetGetAPITest.getSuiteName()'><b>getSuiteName</b><br>Test class: com.arcapi.Portfoliostestcases.PortfoliosAssetGetAPITest</td>
<td></td>
<td>0</td>
<td>com.arcapi.Portfoliostestcases.PortfoliosAssetGetAPITest@6895a785</td></tr>
<tr>
<td title='com.arcapi.Portfoliostestcases.PortfoliosAssetGetAPITest.setBaseUri()'><b>setBaseUri</b><br>Test class: com.arcapi.Portfoliostestcases.PortfoliosAssetGetAPITest</td>
<td></td>
<td>0</td>
<td>com.arcapi.Portfoliostestcases.PortfoliosAssetGetAPITest@6895a785</td></tr>
<tr>
<td title='com.arcapi.Portfoliostestcases.PortfoliosAssetDetailGetAPITest.getSuiteName()'><b>getSuiteName</b><br>Test class: com.arcapi.Portfoliostestcases.PortfoliosAssetDetailGetAPITest</td>
<td></td>
<td>0</td>
<td>com.arcapi.Portfoliostestcases.PortfoliosAssetDetailGetAPITest@184f6be2</td></tr>
<tr>
<td title='com.arcapi.Portfoliostestcases.PortfoliosAssetDetailGetAPITest.setBaseUri()'><b>setBaseUri</b><br>Test class: com.arcapi.Portfoliostestcases.PortfoliosAssetDetailGetAPITest</td>
<td></td>
<td>0</td>
<td>com.arcapi.Portfoliostestcases.PortfoliosAssetDetailGetAPITest@184f6be2</td></tr>
<tr>
<td title='com.arcapi.Portfoliostestcases.PortfoliosAssetDetailPUTAPITest.getSuiteName()'><b>getSuiteName</b><br>Test class: com.arcapi.Portfoliostestcases.PortfoliosAssetDetailPUTAPITest</td>
<td></td>
<td>0</td>
<td>com.arcapi.Portfoliostestcases.PortfoliosAssetDetailPUTAPITest@56aac163</td></tr>
<tr>
<td title='com.arcapi.Portfoliostestcases.PortfoliosAssetDetailPUTAPITest.setBaseUri()'><b>setBaseUri</b><br>Test class: com.arcapi.Portfoliostestcases.PortfoliosAssetDetailPUTAPITest</td>
<td></td>
<td>0</td>
<td>com.arcapi.Portfoliostestcases.PortfoliosAssetDetailPUTAPITest@56aac163</td></tr>
<tr>
<td title='com.arcapi.Portfoliostestcases.PortfoliosGoalsDetailAPITest.getSuiteName()'><b>getSuiteName</b><br>Test class: com.arcapi.Portfoliostestcases.PortfoliosGoalsDetailAPITest</td>
<td></td>
<td>0</td>
<td>com.arcapi.Portfoliostestcases.PortfoliosGoalsDetailAPITest@1f7030a6</td></tr>
<tr>
<td title='com.arcapi.Portfoliostestcases.PortfoliosGoalsDetailAPITest.setBaseUri()'><b>setBaseUri</b><br>Test class: com.arcapi.Portfoliostestcases.PortfoliosGoalsDetailAPITest</td>
<td></td>
<td>0</td>
<td>com.arcapi.Portfoliostestcases.PortfoliosGoalsDetailAPITest@1f7030a6</td></tr>
<tr>
<td title='com.arcapi.Portfoliostestcases.PortfoliosGoalsUpdateAPITest.getSuiteName()'><b>getSuiteName</b><br>Test class: com.arcapi.Portfoliostestcases.PortfoliosGoalsUpdateAPITest</td>
<td></td>
<td>0</td>
<td>com.arcapi.Portfoliostestcases.PortfoliosGoalsUpdateAPITest@5a1c0542</td></tr>
<tr>
<td title='com.arcapi.Portfoliostestcases.PortfoliosGoalsUpdateAPITest.setBaseUri()'><b>setBaseUri</b><br>Test class: com.arcapi.Portfoliostestcases.PortfoliosGoalsUpdateAPITest</td>
<td></td>
<td>0</td>
<td>com.arcapi.Portfoliostestcases.PortfoliosGoalsUpdateAPITest@5a1c0542</td></tr>
<tr>
<td title='com.arcapi.Portfoliostestcases.PortfoliosAnalyticsDetailAPITest.getSuiteName()'><b>getSuiteName</b><br>Test class: com.arcapi.Portfoliostestcases.PortfoliosAnalyticsDetailAPITest</td>
<td></td>
<td>0</td>
<td>com.arcapi.Portfoliostestcases.PortfoliosAnalyticsDetailAPITest@396f6598</td></tr>
<tr>
<td title='com.arcapi.Portfoliostestcases.PortfoliosAnalyticsDetailAPITest.setBaseUri()'><b>setBaseUri</b><br>Test class: com.arcapi.Portfoliostestcases.PortfoliosAnalyticsDetailAPITest</td>
<td></td>
<td>0</td>
<td>com.arcapi.Portfoliostestcases.PortfoliosAnalyticsDetailAPITest@396f6598</td></tr>
<tr>
<td title='com.arcapi.Portfoliostestcases.PortfoliosAnalyticsSummaryDetailAPITest.getSuiteName()'><b>getSuiteName</b><br>Test class: com.arcapi.Portfoliostestcases.PortfoliosAnalyticsSummaryDetailAPITest</td>
<td></td>
<td>0</td>
<td>com.arcapi.Portfoliostestcases.PortfoliosAnalyticsSummaryDetailAPITest@394e1a0f</td></tr>
<tr>
<td title='com.arcapi.Portfoliostestcases.PortfoliosAnalyticsSummaryDetailAPITest.setBaseUri()'><b>setBaseUri</b><br>Test class: com.arcapi.Portfoliostestcases.PortfoliosAnalyticsSummaryDetailAPITest</td>
<td></td>
<td>0</td>
<td>com.arcapi.Portfoliostestcases.PortfoliosAnalyticsSummaryDetailAPITest@394e1a0f</td></tr>
<tr>
<td title='com.arcapi.Portfoliostestcases.PortfoliosAnalyticsCategoryDetailAPITest.getSuiteName()'><b>getSuiteName</b><br>Test class: com.arcapi.Portfoliostestcases.PortfoliosAnalyticsCategoryDetailAPITest</td>
<td></td>
<td>0</td>
<td>com.arcapi.Portfoliostestcases.PortfoliosAnalyticsCategoryDetailAPITest@27a5f880</td></tr>
<tr>
<td title='com.arcapi.Portfoliostestcases.PortfoliosAnalyticsCategoryDetailAPITest.setBaseUri()'><b>setBaseUri</b><br>Test class: com.arcapi.Portfoliostestcases.PortfoliosAnalyticsCategoryDetailAPITest</td>
<td></td>
<td>0</td>
<td>com.arcapi.Portfoliostestcases.PortfoliosAnalyticsCategoryDetailAPITest@27a5f880</td></tr>
<tr>
<td title='com.arcapi.Portfoliostestcases.PortfoliosTeamsPostAPITest.getSuiteName()'><b>getSuiteName</b><br>Test class: com.arcapi.Portfoliostestcases.PortfoliosTeamsPostAPITest</td>
<td></td>
<td>0</td>
<td>com.arcapi.Portfoliostestcases.PortfoliosTeamsPostAPITest@1d29cf23</td></tr>
<tr>
<td title='com.arcapi.Portfoliostestcases.PortfoliosTeamsPostAPITest.setBaseUri()'><b>setBaseUri</b><br>Test class: com.arcapi.Portfoliostestcases.PortfoliosTeamsPostAPITest</td>
<td></td>
<td>0</td>
<td>com.arcapi.Portfoliostestcases.PortfoliosTeamsPostAPITest@1d29cf23</td></tr>
<tr>
<td title='com.arcapi.Portfoliostestcases.PortfoliosTeamsGetAPITest.getSuiteName()'><b>getSuiteName</b><br>Test class: com.arcapi.Portfoliostestcases.PortfoliosTeamsGetAPITest</td>
<td></td>
<td>0</td>
<td>com.arcapi.Portfoliostestcases.PortfoliosTeamsGetAPITest@5f282abb</td></tr>
<tr>
<td title='com.arcapi.Portfoliostestcases.PortfoliosTeamsGetAPITest.setBaseUri()'><b>setBaseUri</b><br>Test class: com.arcapi.Portfoliostestcases.PortfoliosTeamsGetAPITest</td>
<td></td>
<td>0</td>
<td>com.arcapi.Portfoliostestcases.PortfoliosTeamsGetAPITest@5f282abb</td></tr>
<tr>
<td title='com.arcapi.Portfoliostestcases.PortfoliosTeamsPUTAPITest.getSuiteName()'><b>getSuiteName</b><br>Test class: com.arcapi.Portfoliostestcases.PortfoliosTeamsPUTAPITest</td>
<td></td>
<td>0</td>
<td>com.arcapi.Portfoliostestcases.PortfoliosTeamsPUTAPITest@167fdd33</td></tr>
<tr>
<td title='com.arcapi.Portfoliostestcases.PortfoliosTeamsPUTAPITest.setBaseUri()'><b>setBaseUri</b><br>Test class: com.arcapi.Portfoliostestcases.PortfoliosTeamsPUTAPITest</td>
<td></td>
<td>0</td>
<td>com.arcapi.Portfoliostestcases.PortfoliosTeamsPUTAPITest@167fdd33</td></tr>
<tr>
<td title='com.arcapi.Portfoliostestcases.PortfoliosTeamsDELETEAPITest.getSuiteName()'><b>getSuiteName</b><br>Test class: com.arcapi.Portfoliostestcases.PortfoliosTeamsDELETEAPITest</td>
<td></td>
<td>0</td>
<td>com.arcapi.Portfoliostestcases.PortfoliosTeamsDELETEAPITest@1e965684</td></tr>
<tr>
<td title='com.arcapi.Portfoliostestcases.PortfoliosTeamsDELETEAPITest.setBaseUri()'><b>setBaseUri</b><br>Test class: com.arcapi.Portfoliostestcases.PortfoliosTeamsDELETEAPITest</td>
<td></td>
<td>0</td>
<td>com.arcapi.Portfoliostestcases.PortfoliosTeamsDELETEAPITest@1e965684</td></tr>
<tr>
<td title='com.arcapi.Portfoliostestcases.PortfoliosAssetDetailDELETEAPITest.getSuiteName()'><b>getSuiteName</b><br>Test class: com.arcapi.Portfoliostestcases.PortfoliosAssetDetailDELETEAPITest</td>
<td></td>
<td>0</td>
<td>com.arcapi.Portfoliostestcases.PortfoliosAssetDetailDELETEAPITest@4d95d2a2</td></tr>
<tr>
<td title='com.arcapi.Portfoliostestcases.PortfoliosAssetDetailDELETEAPITest.setBaseUri()'><b>setBaseUri</b><br>Test class: com.arcapi.Portfoliostestcases.PortfoliosAssetDetailDELETEAPITest</td>
<td></td>
<td>0</td>
<td>com.arcapi.Portfoliostestcases.PortfoliosAssetDetailDELETEAPITest@4d95d2a2</td></tr>
<tr>
<td title='com.arcapi.Common.LoginAPITest.getSuiteName()'><b>getSuiteName</b><br>Test class: com.arcapi.Common.LoginAPITest</td>
<td></td>
<td>0</td>
<td>com.arcapi.Common.LoginAPITest@53f65459</td></tr>
<tr>
<td title='com.arcapi.Common.LoginAPITest.setBaseUri()'><b>setBaseUri</b><br>Test class: com.arcapi.Common.LoginAPITest</td>
<td></td>
<td>0</td>
<td>com.arcapi.Common.LoginAPITest@53f65459</td></tr>
<tr>
<td title='com.arcapi.Portfoliostestcases.VerifyGresbAssetsDetailsGetAPITest.getSuiteName()'><b>getSuiteName</b><br>Test class: com.arcapi.Portfoliostestcases.VerifyGresbAssetsDetailsGetAPITest</td>
<td></td>
<td>0</td>
<td>com.arcapi.Portfoliostestcases.VerifyGresbAssetsDetailsGetAPITest@3b088d51</td></tr>
<tr>
<td title='com.arcapi.Portfoliostestcases.VerifyGresbAssetsDetailsGetAPITest.setBaseUri()'><b>setBaseUri</b><br>Test class: com.arcapi.Portfoliostestcases.VerifyGresbAssetsDetailsGetAPITest</td>
<td></td>
<td>0</td>
<td>com.arcapi.Portfoliostestcases.VerifyGresbAssetsDetailsGetAPITest@3b088d51</td></tr>
<tr>
<td title='com.arcapi.Portfoliostestcases.V2GresbAssetsVerifyBuildingTrialStatusAPITest.getSuiteName()'><b>getSuiteName</b><br>Test class: com.arcapi.Portfoliostestcases.V2GresbAssetsVerifyBuildingTrialStatusAPITest</td>
<td></td>
<td>0</td>
<td>com.arcapi.Portfoliostestcases.V2GresbAssetsVerifyBuildingTrialStatusAPITest@1786dec2</td></tr>
<tr>
<td title='com.arcapi.Portfoliostestcases.V2GresbAssetsVerifyBuildingTrialStatusAPITest.setBaseUri()'><b>setBaseUri</b><br>Test class: com.arcapi.Portfoliostestcases.V2GresbAssetsVerifyBuildingTrialStatusAPITest</td>
<td></td>
<td>0</td>
<td>com.arcapi.Portfoliostestcases.V2GresbAssetsVerifyBuildingTrialStatusAPITest@1786dec2</td></tr>
<tr>
<td title='com.arcapi.Portfoliostestcases.PortfoliosGetAPITest.ExtentReportConfig()'><b>ExtentReportConfig</b><br>Test class: com.arcapi.Portfoliostestcases.PortfoliosGetAPITest</td>
<td></td>
<td>0</td>
<td>com.arcapi.Portfoliostestcases.PortfoliosGetAPITest@4e7dc304</td></tr>
<tr>
<td title='com.arcapi.Portfoliostestcases.PortfoliosGetAPITest.start()'><b>start</b><br>Test class: com.arcapi.Portfoliostestcases.PortfoliosGetAPITest</td>
<td></td>
<td>0</td>
<td>com.arcapi.Portfoliostestcases.PortfoliosGetAPITest@4e7dc304</td></tr>
<tr>
<td title='com.arcapi.Portfoliostestcases.V2PortfoliosAssetPostAPITest.ExtentReportConfig()'><b>ExtentReportConfig</b><br>Test class: com.arcapi.Portfoliostestcases.V2PortfoliosAssetPostAPITest</td>
<td></td>
<td>0</td>
<td>com.arcapi.Portfoliostestcases.V2PortfoliosAssetPostAPITest@48503868</td></tr>
<tr>
<td title='com.arcapi.Portfoliostestcases.V2PortfoliosAssetPostAPITest.start()'><b>start</b><br>Test class: com.arcapi.Portfoliostestcases.V2PortfoliosAssetPostAPITest</td>
<td></td>
<td>0</td>
<td>com.arcapi.Portfoliostestcases.V2PortfoliosAssetPostAPITest@48503868</td></tr>
<tr>
<td title='com.arcapi.Common.LoginAPITest.ExtentReportConfig()'><b>ExtentReportConfig</b><br>Test class: com.arcapi.Common.LoginAPITest</td>
<td></td>
<td>0</td>
<td>com.arcapi.Common.LoginAPITest@53f65459</td></tr>
<tr>
<td title='com.arcapi.Common.LoginAPITest.start()'><b>start</b><br>Test class: com.arcapi.Common.LoginAPITest</td>
<td></td>
<td>0</td>
<td>com.arcapi.Common.LoginAPITest@53f65459</td></tr>
<tr>
<td title='com.arcapi.Portfoliostestcases.PortfoliosGetAPITest.teardown()'><b>teardown</b><br>Test class: com.arcapi.Portfoliostestcases.PortfoliosGetAPITest</td>
<td></td>
<td>0</td>
<td>com.arcapi.Portfoliostestcases.PortfoliosGetAPITest@4e7dc304</td></tr>
<tr>
<td title='com.arcapi.Portfoliostestcases.V2PortfoliosAssetPostAPITest.teardown()'><b>teardown</b><br>Test class: com.arcapi.Portfoliostestcases.V2PortfoliosAssetPostAPITest</td>
<td></td>
<td>0</td>
<td>com.arcapi.Portfoliostestcases.V2PortfoliosAssetPostAPITest@48503868</td></tr>
<tr>
<td title='com.arcapi.Common.LoginAPITest.teardown()'><b>teardown</b><br>Test class: com.arcapi.Common.LoginAPITest</td>
<td></td>
<td>0</td>
<td>com.arcapi.Common.LoginAPITest@53f65459</td></tr>
<tr>
<td title='com.arcapi.Portfoliostestcases.GresbAssetsDetailsGetAPITest.end()'><b>end</b><br>Test class: com.arcapi.Portfoliostestcases.GresbAssetsDetailsGetAPITest</td>
<td></td>
<td>0</td>
<td>com.arcapi.Portfoliostestcases.GresbAssetsDetailsGetAPITest@d44fc21</td></tr>
<tr>
<td title='com.arcapi.Portfoliostestcases.GresbAssetsExsitingIDPostAPITest.end()'><b>end</b><br>Test class: com.arcapi.Portfoliostestcases.GresbAssetsExsitingIDPostAPITest</td>
<td></td>
<td>0</td>
<td>com.arcapi.Portfoliostestcases.GresbAssetsExsitingIDPostAPITest@23faf8f2</td></tr>
<tr>
<td title='com.arcapi.Portfoliostestcases.PortfoliosPostAPITest.end()'><b>end</b><br>Test class: com.arcapi.Portfoliostestcases.PortfoliosPostAPITest</td>
<td></td>
<td>0</td>
<td>com.arcapi.Portfoliostestcases.PortfoliosPostAPITest@2d6eabae</td></tr>
<tr>
<td title='com.arcapi.Portfoliostestcases.PortfoliosGetAPITest.end()'><b>end</b><br>Test class: com.arcapi.Portfoliostestcases.PortfoliosGetAPITest</td>
<td></td>
<td>0</td>
<td>com.arcapi.Portfoliostestcases.PortfoliosGetAPITest@4e7dc304</td></tr>
<tr>
<td title='com.arcapi.Portfoliostestcases.PortfoliosDetailsGetAPITest.end()'><b>end</b><br>Test class: com.arcapi.Portfoliostestcases.PortfoliosDetailsGetAPITest</td>
<td></td>
<td>0</td>
<td>com.arcapi.Portfoliostestcases.PortfoliosDetailsGetAPITest@64729b1e</td></tr>
<tr>
<td title='com.arcapi.Portfoliostestcases.PortfoliosDetailPUTAPITest.end()'><b>end</b><br>Test class: com.arcapi.Portfoliostestcases.PortfoliosDetailPUTAPITest</td>
<td></td>
<td>0</td>
<td>com.arcapi.Portfoliostestcases.PortfoliosDetailPUTAPITest@10bbd20a</td></tr>
<tr>
<td title='com.arcapi.Portfoliostestcases.V2PortfoliosAssetPostAPITest.end()'><b>end</b><br>Test class: com.arcapi.Portfoliostestcases.V2PortfoliosAssetPostAPITest</td>
<td></td>
<td>0</td>
<td>com.arcapi.Portfoliostestcases.V2PortfoliosAssetPostAPITest@48503868</td></tr>
<tr>
<td title='com.arcapi.Portfoliostestcases.PortfoliosAssetGetAPITest.end()'><b>end</b><br>Test class: com.arcapi.Portfoliostestcases.PortfoliosAssetGetAPITest</td>
<td></td>
<td>0</td>
<td>com.arcapi.Portfoliostestcases.PortfoliosAssetGetAPITest@6895a785</td></tr>
<tr>
<td title='com.arcapi.Portfoliostestcases.PortfoliosAssetDetailGetAPITest.end()'><b>end</b><br>Test class: com.arcapi.Portfoliostestcases.PortfoliosAssetDetailGetAPITest</td>
<td></td>
<td>0</td>
<td>com.arcapi.Portfoliostestcases.PortfoliosAssetDetailGetAPITest@184f6be2</td></tr>
<tr>
<td title='com.arcapi.Portfoliostestcases.PortfoliosAssetDetailPUTAPITest.end()'><b>end</b><br>Test class: com.arcapi.Portfoliostestcases.PortfoliosAssetDetailPUTAPITest</td>
<td></td>
<td>0</td>
<td>com.arcapi.Portfoliostestcases.PortfoliosAssetDetailPUTAPITest@56aac163</td></tr>
<tr>
<td title='com.arcapi.Portfoliostestcases.PortfoliosGoalsDetailAPITest.end()'><b>end</b><br>Test class: com.arcapi.Portfoliostestcases.PortfoliosGoalsDetailAPITest</td>
<td></td>
<td>0</td>
<td>com.arcapi.Portfoliostestcases.PortfoliosGoalsDetailAPITest@1f7030a6</td></tr>
<tr>
<td title='com.arcapi.Portfoliostestcases.PortfoliosGoalsUpdateAPITest.end()'><b>end</b><br>Test class: com.arcapi.Portfoliostestcases.PortfoliosGoalsUpdateAPITest</td>
<td></td>
<td>0</td>
<td>com.arcapi.Portfoliostestcases.PortfoliosGoalsUpdateAPITest@5a1c0542</td></tr>
<tr>
<td title='com.arcapi.Portfoliostestcases.PortfoliosAnalyticsDetailAPITest.end()'><b>end</b><br>Test class: com.arcapi.Portfoliostestcases.PortfoliosAnalyticsDetailAPITest</td>
<td></td>
<td>0</td>
<td>com.arcapi.Portfoliostestcases.PortfoliosAnalyticsDetailAPITest@396f6598</td></tr>
<tr>
<td title='com.arcapi.Portfoliostestcases.PortfoliosAnalyticsSummaryDetailAPITest.end()'><b>end</b><br>Test class: com.arcapi.Portfoliostestcases.PortfoliosAnalyticsSummaryDetailAPITest</td>
<td></td>
<td>0</td>
<td>com.arcapi.Portfoliostestcases.PortfoliosAnalyticsSummaryDetailAPITest@394e1a0f</td></tr>
<tr>
<td title='com.arcapi.Portfoliostestcases.PortfoliosAnalyticsCategoryDetailAPITest.end()'><b>end</b><br>Test class: com.arcapi.Portfoliostestcases.PortfoliosAnalyticsCategoryDetailAPITest</td>
<td></td>
<td>0</td>
<td>com.arcapi.Portfoliostestcases.PortfoliosAnalyticsCategoryDetailAPITest@27a5f880</td></tr>
<tr>
<td title='com.arcapi.Portfoliostestcases.PortfoliosTeamsPostAPITest.end()'><b>end</b><br>Test class: com.arcapi.Portfoliostestcases.PortfoliosTeamsPostAPITest</td>
<td></td>
<td>0</td>
<td>com.arcapi.Portfoliostestcases.PortfoliosTeamsPostAPITest@1d29cf23</td></tr>
<tr>
<td title='com.arcapi.Portfoliostestcases.PortfoliosTeamsGetAPITest.end()'><b>end</b><br>Test class: com.arcapi.Portfoliostestcases.PortfoliosTeamsGetAPITest</td>
<td></td>
<td>0</td>
<td>com.arcapi.Portfoliostestcases.PortfoliosTeamsGetAPITest@5f282abb</td></tr>
<tr>
<td title='com.arcapi.Portfoliostestcases.PortfoliosTeamsPUTAPITest.end()'><b>end</b><br>Test class: com.arcapi.Portfoliostestcases.PortfoliosTeamsPUTAPITest</td>
<td></td>
<td>0</td>
<td>com.arcapi.Portfoliostestcases.PortfoliosTeamsPUTAPITest@167fdd33</td></tr>
<tr>
<td title='com.arcapi.Portfoliostestcases.PortfoliosTeamsDELETEAPITest.end()'><b>end</b><br>Test class: com.arcapi.Portfoliostestcases.PortfoliosTeamsDELETEAPITest</td>
<td></td>
<td>0</td>
<td>com.arcapi.Portfoliostestcases.PortfoliosTeamsDELETEAPITest@1e965684</td></tr>
<tr>
<td title='com.arcapi.Portfoliostestcases.PortfoliosAssetDetailDELETEAPITest.end()'><b>end</b><br>Test class: com.arcapi.Portfoliostestcases.PortfoliosAssetDetailDELETEAPITest</td>
<td></td>
<td>0</td>
<td>com.arcapi.Portfoliostestcases.PortfoliosAssetDetailDELETEAPITest@4d95d2a2</td></tr>
<tr>
<td title='com.arcapi.Common.LoginAPITest.end()'><b>end</b><br>Test class: com.arcapi.Common.LoginAPITest</td>
<td></td>
<td>0</td>
<td>com.arcapi.Common.LoginAPITest@53f65459</td></tr>
<tr>
<td title='com.arcapi.Portfoliostestcases.VerifyGresbAssetsDetailsGetAPITest.end()'><b>end</b><br>Test class: com.arcapi.Portfoliostestcases.VerifyGresbAssetsDetailsGetAPITest</td>
<td></td>
<td>0</td>
<td>com.arcapi.Portfoliostestcases.VerifyGresbAssetsDetailsGetAPITest@3b088d51</td></tr>
<tr>
<td title='com.arcapi.Portfoliostestcases.V2GresbAssetsVerifyBuildingTrialStatusAPITest.end()'><b>end</b><br>Test class: com.arcapi.Portfoliostestcases.V2GresbAssetsVerifyBuildingTrialStatusAPITest</td>
<td></td>
<td>0</td>
<td>com.arcapi.Portfoliostestcases.V2GresbAssetsVerifyBuildingTrialStatusAPITest@1786dec2</td></tr>
</table><p>
<table width='100%' border='1' class='invocation-skipped'>
<tr><td colspan='4' align='center'><b>SKIPPED TESTS</b></td></tr>
<tr><td><b>Test method</b></td>
<td width="30%"><b>Exception</b></td>
<td width="10%"><b>Time (seconds)</b></td>
<td><b>Instance</b></td>
</tr>
<tr>
<td title='com.arcapi.Portfoliostestcases.GresbAssetsDetailsGetAPITest.GresbAssetsDetailsGetAPI()'><b>GresbAssetsDetailsGetAPI</b><br>Test class: com.arcapi.Portfoliostestcases.GresbAssetsDetailsGetAPITest</td>
<td><div><pre>org.testng.TestNGException: 
Parameter &apos;SheetName&apos; is required by @Test on method GresbAssetsDetailsGetAPI but has not been marked @Optional or defined
in D:\worksapceNew\TestArcAPI\src\main\resources\TestNGFiles\V2Portfoliostestng.xml
... Removed 23 stack frames</pre></div><a href='#' onClick='toggleBox("stack-trace23076423", this, "Click to show all stack frames", "Click to hide stack frames")'>Click to show all stack frames</a>
<div class='stack-trace' id='stack-trace23076423'><pre>org.testng.TestNGException: 
Parameter &apos;SheetName&apos; is required by @Test on method GresbAssetsDetailsGetAPI but has not been marked @Optional or defined
in D:\worksapceNew\TestArcAPI\src\main\resources\TestNGFiles\V2Portfoliostestng.xml
	at org.testng.internal.Parameters.createParameters(Parameters.java:154)
	at org.testng.internal.Parameters.createParameters(Parameters.java:361)
	at org.testng.internal.Parameters.handleParameters(Parameters.java:451)
	at org.testng.internal.Invoker.handleParameters(Invoker.java:1274)
	at org.testng.internal.Invoker.createParameters(Invoker.java:989)
	at org.testng.internal.Invoker.invokeTestMethods(Invoker.java:1079)
	at org.testng.internal.TestMethodWorker.invokeTestMethods(TestMethodWorker.java:129)
	at org.testng.internal.TestMethodWorker.run(TestMethodWorker.java:112)
	at org.testng.TestRunner.privateRun(TestRunner.java:782)
	at org.testng.TestRunner.run(TestRunner.java:632)
	at org.testng.SuiteRunner.runTest(SuiteRunner.java:366)
	at org.testng.SuiteRunner.runSequentially(SuiteRunner.java:361)
	at org.testng.SuiteRunner.privateRun(SuiteRunner.java:319)
	at org.testng.SuiteRunner.run(SuiteRunner.java:268)
	at org.testng.SuiteRunnerWorker.runSuite(SuiteRunnerWorker.java:52)
	at org.testng.SuiteRunnerWorker.run(SuiteRunnerWorker.java:86)
	at org.testng.TestNG.runSuitesSequentially(TestNG.java:1244)
	at org.testng.TestNG.runSuitesSequentially(TestNG.java:1240)
	at org.testng.TestNG.runSuitesLocally(TestNG.java:1169)
	at org.testng.TestNG.run(TestNG.java:1064)
	at org.testng.remote.RemoteTestNG.run(RemoteTestNG.java:113)
	at org.testng.remote.RemoteTestNG.initAndRun(RemoteTestNG.java:206)
	at org.testng.remote.RemoteTestNG.main(RemoteTestNG.java:177)
</pre></div></td>
<td>0</td>
<td>com.arcapi.Portfoliostestcases.GresbAssetsDetailsGetAPITest@d44fc21</td></tr>
<tr>
<td title='com.arcapi.Portfoliostestcases.VerifyGresbAssetsDetailsGetAPITest.GresbAssetsDetailsGetAPI()'><b>GresbAssetsDetailsGetAPI</b><br>Test class: com.arcapi.Portfoliostestcases.VerifyGresbAssetsDetailsGetAPITest</td>
<td><div><pre>org.testng.TestNGException: 
Parameter &apos;SheetName&apos; is required by @Test on method GresbAssetsDetailsGetAPI but has not been marked @Optional or defined
in D:\worksapceNew\TestArcAPI\src\main\resources\TestNGFiles\V2Portfoliostestng.xml
... Removed 23 stack frames</pre></div><a href='#' onClick='toggleBox("stack-trace1720865719", this, "Click to show all stack frames", "Click to hide stack frames")'>Click to show all stack frames</a>
<div class='stack-trace' id='stack-trace1720865719'><pre>org.testng.TestNGException: 
Parameter &apos;SheetName&apos; is required by @Test on method GresbAssetsDetailsGetAPI but has not been marked @Optional or defined
in D:\worksapceNew\TestArcAPI\src\main\resources\TestNGFiles\V2Portfoliostestng.xml
	at org.testng.internal.Parameters.createParameters(Parameters.java:154)
	at org.testng.internal.Parameters.createParameters(Parameters.java:361)
	at org.testng.internal.Parameters.handleParameters(Parameters.java:451)
	at org.testng.internal.Invoker.handleParameters(Invoker.java:1274)
	at org.testng.internal.Invoker.createParameters(Invoker.java:989)
	at org.testng.internal.Invoker.invokeTestMethods(Invoker.java:1079)
	at org.testng.internal.TestMethodWorker.invokeTestMethods(TestMethodWorker.java:129)
	at org.testng.internal.TestMethodWorker.run(TestMethodWorker.java:112)
	at org.testng.TestRunner.privateRun(TestRunner.java:782)
	at org.testng.TestRunner.run(TestRunner.java:632)
	at org.testng.SuiteRunner.runTest(SuiteRunner.java:366)
	at org.testng.SuiteRunner.runSequentially(SuiteRunner.java:361)
	at org.testng.SuiteRunner.privateRun(SuiteRunner.java:319)
	at org.testng.SuiteRunner.run(SuiteRunner.java:268)
	at org.testng.SuiteRunnerWorker.runSuite(SuiteRunnerWorker.java:52)
	at org.testng.SuiteRunnerWorker.run(SuiteRunnerWorker.java:86)
	at org.testng.TestNG.runSuitesSequentially(TestNG.java:1244)
	at org.testng.TestNG.runSuitesSequentially(TestNG.java:1240)
	at org.testng.TestNG.runSuitesLocally(TestNG.java:1169)
	at org.testng.TestNG.run(TestNG.java:1064)
	at org.testng.remote.RemoteTestNG.run(RemoteTestNG.java:113)
	at org.testng.remote.RemoteTestNG.initAndRun(RemoteTestNG.java:206)
	at org.testng.remote.RemoteTestNG.main(RemoteTestNG.java:177)
</pre></div></td>
<td>0</td>
<td>com.arcapi.Portfoliostestcases.VerifyGresbAssetsDetailsGetAPITest@3b088d51</td></tr>
<tr>
<td title='com.arcapi.Portfoliostestcases.GresbAssetsExsitingIDPostAPITest.GresbAssetsExsitingIDPostAPI()'><b>GresbAssetsExsitingIDPostAPI</b><br>Test class: com.arcapi.Portfoliostestcases.GresbAssetsExsitingIDPostAPITest</td>
<td><div><pre>org.testng.TestNGException: 
Parameter &apos;SheetName&apos; is required by @Test on method GresbAssetsExsitingIDPostAPI but has not been marked @Optional or defined
in D:\worksapceNew\TestArcAPI\src\main\resources\TestNGFiles\V2Portfoliostestng.xml
... Removed 23 stack frames</pre></div><a href='#' onClick='toggleBox("stack-trace1174881426", this, "Click to show all stack frames", "Click to hide stack frames")'>Click to show all stack frames</a>
<div class='stack-trace' id='stack-trace1174881426'><pre>org.testng.TestNGException: 
Parameter &apos;SheetName&apos; is required by @Test on method GresbAssetsExsitingIDPostAPI but has not been marked @Optional or defined
in D:\worksapceNew\TestArcAPI\src\main\resources\TestNGFiles\V2Portfoliostestng.xml
	at org.testng.internal.Parameters.createParameters(Parameters.java:154)
	at org.testng.internal.Parameters.createParameters(Parameters.java:361)
	at org.testng.internal.Parameters.handleParameters(Parameters.java:451)
	at org.testng.internal.Invoker.handleParameters(Invoker.java:1274)
	at org.testng.internal.Invoker.createParameters(Invoker.java:989)
	at org.testng.internal.Invoker.invokeTestMethods(Invoker.java:1079)
	at org.testng.internal.TestMethodWorker.invokeTestMethods(TestMethodWorker.java:129)
	at org.testng.internal.TestMethodWorker.run(TestMethodWorker.java:112)
	at org.testng.TestRunner.privateRun(TestRunner.java:782)
	at org.testng.TestRunner.run(TestRunner.java:632)
	at org.testng.SuiteRunner.runTest(SuiteRunner.java:366)
	at org.testng.SuiteRunner.runSequentially(SuiteRunner.java:361)
	at org.testng.SuiteRunner.privateRun(SuiteRunner.java:319)
	at org.testng.SuiteRunner.run(SuiteRunner.java:268)
	at org.testng.SuiteRunnerWorker.runSuite(SuiteRunnerWorker.java:52)
	at org.testng.SuiteRunnerWorker.run(SuiteRunnerWorker.java:86)
	at org.testng.TestNG.runSuitesSequentially(TestNG.java:1244)
	at org.testng.TestNG.runSuitesSequentially(TestNG.java:1240)
	at org.testng.TestNG.runSuitesLocally(TestNG.java:1169)
	at org.testng.TestNG.run(TestNG.java:1064)
	at org.testng.remote.RemoteTestNG.run(RemoteTestNG.java:113)
	at org.testng.remote.RemoteTestNG.initAndRun(RemoteTestNG.java:206)
	at org.testng.remote.RemoteTestNG.main(RemoteTestNG.java:177)
</pre></div></td>
<td>0</td>
<td>com.arcapi.Portfoliostestcases.GresbAssetsExsitingIDPostAPITest@23faf8f2</td></tr>
<tr>
<td title='com.arcapi.Common.LoginAPITest.LoginAPI()'><b>LoginAPI</b><br>Test class: com.arcapi.Common.LoginAPITest</td>
<td></td>
<td>0</td>
<td>com.arcapi.Common.LoginAPITest@53f65459</td></tr>
<tr>
<td title='com.arcapi.Portfoliostestcases.PortfoliosAnalyticsCategoryDetailAPITest.PortfoliosAnalyticsCategoryDetailAPI()'><b>PortfoliosAnalyticsCategoryDetailAPI</b><br>Test class: com.arcapi.Portfoliostestcases.PortfoliosAnalyticsCategoryDetailAPITest</td>
<td><div><pre>org.testng.TestNGException: 
Parameter &apos;SheetName&apos; is required by @Test on method PortfoliosAnalyticsCategoryDetailAPI but has not been marked @Optional or defined
in D:\worksapceNew\TestArcAPI\src\main\resources\TestNGFiles\V2Portfoliostestng.xml
... Removed 23 stack frames</pre></div><a href='#' onClick='toggleBox("stack-trace220165304", this, "Click to show all stack frames", "Click to hide stack frames")'>Click to show all stack frames</a>
<div class='stack-trace' id='stack-trace220165304'><pre>org.testng.TestNGException: 
Parameter &apos;SheetName&apos; is required by @Test on method PortfoliosAnalyticsCategoryDetailAPI but has not been marked @Optional or defined
in D:\worksapceNew\TestArcAPI\src\main\resources\TestNGFiles\V2Portfoliostestng.xml
	at org.testng.internal.Parameters.createParameters(Parameters.java:154)
	at org.testng.internal.Parameters.createParameters(Parameters.java:361)
	at org.testng.internal.Parameters.handleParameters(Parameters.java:451)
	at org.testng.internal.Invoker.handleParameters(Invoker.java:1274)
	at org.testng.internal.Invoker.createParameters(Invoker.java:989)
	at org.testng.internal.Invoker.invokeTestMethods(Invoker.java:1079)
	at org.testng.internal.TestMethodWorker.invokeTestMethods(TestMethodWorker.java:129)
	at org.testng.internal.TestMethodWorker.run(TestMethodWorker.java:112)
	at org.testng.TestRunner.privateRun(TestRunner.java:782)
	at org.testng.TestRunner.run(TestRunner.java:632)
	at org.testng.SuiteRunner.runTest(SuiteRunner.java:366)
	at org.testng.SuiteRunner.runSequentially(SuiteRunner.java:361)
	at org.testng.SuiteRunner.privateRun(SuiteRunner.java:319)
	at org.testng.SuiteRunner.run(SuiteRunner.java:268)
	at org.testng.SuiteRunnerWorker.runSuite(SuiteRunnerWorker.java:52)
	at org.testng.SuiteRunnerWorker.run(SuiteRunnerWorker.java:86)
	at org.testng.TestNG.runSuitesSequentially(TestNG.java:1244)
	at org.testng.TestNG.runSuitesSequentially(TestNG.java:1240)
	at org.testng.TestNG.runSuitesLocally(TestNG.java:1169)
	at org.testng.TestNG.run(TestNG.java:1064)
	at org.testng.remote.RemoteTestNG.run(RemoteTestNG.java:113)
	at org.testng.remote.RemoteTestNG.initAndRun(RemoteTestNG.java:206)
	at org.testng.remote.RemoteTestNG.main(RemoteTestNG.java:177)
</pre></div></td>
<td>0</td>
<td>com.arcapi.Portfoliostestcases.PortfoliosAnalyticsCategoryDetailAPITest@27a5f880</td></tr>
<tr>
<td title='com.arcapi.Portfoliostestcases.PortfoliosAnalyticsDetailAPITest.PortfoliosAnalyticsDetailAPI()'><b>PortfoliosAnalyticsDetailAPI</b><br>Test class: com.arcapi.Portfoliostestcases.PortfoliosAnalyticsDetailAPITest</td>
<td><div><pre>org.testng.TestNGException: 
Parameter &apos;SheetName&apos; is required by @Test on method PortfoliosAnalyticsDetailAPI but has not been marked @Optional or defined
in D:\worksapceNew\TestArcAPI\src\main\resources\TestNGFiles\V2Portfoliostestng.xml
... Removed 23 stack frames</pre></div><a href='#' onClick='toggleBox("stack-trace145455292", this, "Click to show all stack frames", "Click to hide stack frames")'>Click to show all stack frames</a>
<div class='stack-trace' id='stack-trace145455292'><pre>org.testng.TestNGException: 
Parameter &apos;SheetName&apos; is required by @Test on method PortfoliosAnalyticsDetailAPI but has not been marked @Optional or defined
in D:\worksapceNew\TestArcAPI\src\main\resources\TestNGFiles\V2Portfoliostestng.xml
	at org.testng.internal.Parameters.createParameters(Parameters.java:154)
	at org.testng.internal.Parameters.createParameters(Parameters.java:361)
	at org.testng.internal.Parameters.handleParameters(Parameters.java:451)
	at org.testng.internal.Invoker.handleParameters(Invoker.java:1274)
	at org.testng.internal.Invoker.createParameters(Invoker.java:989)
	at org.testng.internal.Invoker.invokeTestMethods(Invoker.java:1079)
	at org.testng.internal.TestMethodWorker.invokeTestMethods(TestMethodWorker.java:129)
	at org.testng.internal.TestMethodWorker.run(TestMethodWorker.java:112)
	at org.testng.TestRunner.privateRun(TestRunner.java:782)
	at org.testng.TestRunner.run(TestRunner.java:632)
	at org.testng.SuiteRunner.runTest(SuiteRunner.java:366)
	at org.testng.SuiteRunner.runSequentially(SuiteRunner.java:361)
	at org.testng.SuiteRunner.privateRun(SuiteRunner.java:319)
	at org.testng.SuiteRunner.run(SuiteRunner.java:268)
	at org.testng.SuiteRunnerWorker.runSuite(SuiteRunnerWorker.java:52)
	at org.testng.SuiteRunnerWorker.run(SuiteRunnerWorker.java:86)
	at org.testng.TestNG.runSuitesSequentially(TestNG.java:1244)
	at org.testng.TestNG.runSuitesSequentially(TestNG.java:1240)
	at org.testng.TestNG.runSuitesLocally(TestNG.java:1169)
	at org.testng.TestNG.run(TestNG.java:1064)
	at org.testng.remote.RemoteTestNG.run(RemoteTestNG.java:113)
	at org.testng.remote.RemoteTestNG.initAndRun(RemoteTestNG.java:206)
	at org.testng.remote.RemoteTestNG.main(RemoteTestNG.java:177)
</pre></div></td>
<td>0</td>
<td>com.arcapi.Portfoliostestcases.PortfoliosAnalyticsDetailAPITest@396f6598</td></tr>
<tr>
<td title='com.arcapi.Portfoliostestcases.PortfoliosAnalyticsSummaryDetailAPITest.PortfoliosAnalyticsSummaryDetailAPI()'><b>PortfoliosAnalyticsSummaryDetailAPI</b><br>Test class: com.arcapi.Portfoliostestcases.PortfoliosAnalyticsSummaryDetailAPITest</td>
<td><div><pre>org.testng.TestNGException: 
Parameter &apos;SheetName&apos; is required by @Test on method PortfoliosAnalyticsSummaryDetailAPI but has not been marked @Optional or defined
in D:\worksapceNew\TestArcAPI\src\main\resources\TestNGFiles\V2Portfoliostestng.xml
... Removed 23 stack frames</pre></div><a href='#' onClick='toggleBox("stack-trace318794136", this, "Click to show all stack frames", "Click to hide stack frames")'>Click to show all stack frames</a>
<div class='stack-trace' id='stack-trace318794136'><pre>org.testng.TestNGException: 
Parameter &apos;SheetName&apos; is required by @Test on method PortfoliosAnalyticsSummaryDetailAPI but has not been marked @Optional or defined
in D:\worksapceNew\TestArcAPI\src\main\resources\TestNGFiles\V2Portfoliostestng.xml
	at org.testng.internal.Parameters.createParameters(Parameters.java:154)
	at org.testng.internal.Parameters.createParameters(Parameters.java:361)
	at org.testng.internal.Parameters.handleParameters(Parameters.java:451)
	at org.testng.internal.Invoker.handleParameters(Invoker.java:1274)
	at org.testng.internal.Invoker.createParameters(Invoker.java:989)
	at org.testng.internal.Invoker.invokeTestMethods(Invoker.java:1079)
	at org.testng.internal.TestMethodWorker.invokeTestMethods(TestMethodWorker.java:129)
	at org.testng.internal.TestMethodWorker.run(TestMethodWorker.java:112)
	at org.testng.TestRunner.privateRun(TestRunner.java:782)
	at org.testng.TestRunner.run(TestRunner.java:632)
	at org.testng.SuiteRunner.runTest(SuiteRunner.java:366)
	at org.testng.SuiteRunner.runSequentially(SuiteRunner.java:361)
	at org.testng.SuiteRunner.privateRun(SuiteRunner.java:319)
	at org.testng.SuiteRunner.run(SuiteRunner.java:268)
	at org.testng.SuiteRunnerWorker.runSuite(SuiteRunnerWorker.java:52)
	at org.testng.SuiteRunnerWorker.run(SuiteRunnerWorker.java:86)
	at org.testng.TestNG.runSuitesSequentially(TestNG.java:1244)
	at org.testng.TestNG.runSuitesSequentially(TestNG.java:1240)
	at org.testng.TestNG.runSuitesLocally(TestNG.java:1169)
	at org.testng.TestNG.run(TestNG.java:1064)
	at org.testng.remote.RemoteTestNG.run(RemoteTestNG.java:113)
	at org.testng.remote.RemoteTestNG.initAndRun(RemoteTestNG.java:206)
	at org.testng.remote.RemoteTestNG.main(RemoteTestNG.java:177)
</pre></div></td>
<td>0</td>
<td>com.arcapi.Portfoliostestcases.PortfoliosAnalyticsSummaryDetailAPITest@394e1a0f</td></tr>
<tr>
<td title='com.arcapi.Portfoliostestcases.PortfoliosAssetDetailDELETEAPITest.PortfoliosAssetDetailDELETEAPI()'><b>PortfoliosAssetDetailDELETEAPI</b><br>Test class: com.arcapi.Portfoliostestcases.PortfoliosAssetDetailDELETEAPITest</td>
<td><div><pre>org.testng.TestNGException: 
Parameter &apos;SheetName&apos; is required by @Test on method PortfoliosAssetDetailDELETEAPI but has not been marked @Optional or defined
in D:\worksapceNew\TestArcAPI\src\main\resources\TestNGFiles\V2Portfoliostestng.xml
... Removed 23 stack frames</pre></div><a href='#' onClick='toggleBox("stack-trace984412970", this, "Click to show all stack frames", "Click to hide stack frames")'>Click to show all stack frames</a>
<div class='stack-trace' id='stack-trace984412970'><pre>org.testng.TestNGException: 
Parameter &apos;SheetName&apos; is required by @Test on method PortfoliosAssetDetailDELETEAPI but has not been marked @Optional or defined
in D:\worksapceNew\TestArcAPI\src\main\resources\TestNGFiles\V2Portfoliostestng.xml
	at org.testng.internal.Parameters.createParameters(Parameters.java:154)
	at org.testng.internal.Parameters.createParameters(Parameters.java:361)
	at org.testng.internal.Parameters.handleParameters(Parameters.java:451)
	at org.testng.internal.Invoker.handleParameters(Invoker.java:1274)
	at org.testng.internal.Invoker.createParameters(Invoker.java:989)
	at org.testng.internal.Invoker.invokeTestMethods(Invoker.java:1079)
	at org.testng.internal.TestMethodWorker.invokeTestMethods(TestMethodWorker.java:129)
	at org.testng.internal.TestMethodWorker.run(TestMethodWorker.java:112)
	at org.testng.TestRunner.privateRun(TestRunner.java:782)
	at org.testng.TestRunner.run(TestRunner.java:632)
	at org.testng.SuiteRunner.runTest(SuiteRunner.java:366)
	at org.testng.SuiteRunner.runSequentially(SuiteRunner.java:361)
	at org.testng.SuiteRunner.privateRun(SuiteRunner.java:319)
	at org.testng.SuiteRunner.run(SuiteRunner.java:268)
	at org.testng.SuiteRunnerWorker.runSuite(SuiteRunnerWorker.java:52)
	at org.testng.SuiteRunnerWorker.run(SuiteRunnerWorker.java:86)
	at org.testng.TestNG.runSuitesSequentially(TestNG.java:1244)
	at org.testng.TestNG.runSuitesSequentially(TestNG.java:1240)
	at org.testng.TestNG.runSuitesLocally(TestNG.java:1169)
	at org.testng.TestNG.run(TestNG.java:1064)
	at org.testng.remote.RemoteTestNG.run(RemoteTestNG.java:113)
	at org.testng.remote.RemoteTestNG.initAndRun(RemoteTestNG.java:206)
	at org.testng.remote.RemoteTestNG.main(RemoteTestNG.java:177)
</pre></div></td>
<td>0</td>
<td>com.arcapi.Portfoliostestcases.PortfoliosAssetDetailDELETEAPITest@4d95d2a2</td></tr>
<tr>
<td title='com.arcapi.Portfoliostestcases.PortfoliosAssetDetailGetAPITest.PortfoliosAssetDetailGetAPI()'><b>PortfoliosAssetDetailGetAPI</b><br>Test class: com.arcapi.Portfoliostestcases.PortfoliosAssetDetailGetAPITest</td>
<td><div><pre>org.testng.TestNGException: 
Parameter &apos;SheetName&apos; is required by @Test on method PortfoliosAssetDetailGetAPI but has not been marked @Optional or defined
in D:\worksapceNew\TestArcAPI\src\main\resources\TestNGFiles\V2Portfoliostestng.xml
... Removed 23 stack frames</pre></div><a href='#' onClick='toggleBox("stack-trace1298380324", this, "Click to show all stack frames", "Click to hide stack frames")'>Click to show all stack frames</a>
<div class='stack-trace' id='stack-trace1298380324'><pre>org.testng.TestNGException: 
Parameter &apos;SheetName&apos; is required by @Test on method PortfoliosAssetDetailGetAPI but has not been marked @Optional or defined
in D:\worksapceNew\TestArcAPI\src\main\resources\TestNGFiles\V2Portfoliostestng.xml
	at org.testng.internal.Parameters.createParameters(Parameters.java:154)
	at org.testng.internal.Parameters.createParameters(Parameters.java:361)
	at org.testng.internal.Parameters.handleParameters(Parameters.java:451)
	at org.testng.internal.Invoker.handleParameters(Invoker.java:1274)
	at org.testng.internal.Invoker.createParameters(Invoker.java:989)
	at org.testng.internal.Invoker.invokeTestMethods(Invoker.java:1079)
	at org.testng.internal.TestMethodWorker.invokeTestMethods(TestMethodWorker.java:129)
	at org.testng.internal.TestMethodWorker.run(TestMethodWorker.java:112)
	at org.testng.TestRunner.privateRun(TestRunner.java:782)
	at org.testng.TestRunner.run(TestRunner.java:632)
	at org.testng.SuiteRunner.runTest(SuiteRunner.java:366)
	at org.testng.SuiteRunner.runSequentially(SuiteRunner.java:361)
	at org.testng.SuiteRunner.privateRun(SuiteRunner.java:319)
	at org.testng.SuiteRunner.run(SuiteRunner.java:268)
	at org.testng.SuiteRunnerWorker.runSuite(SuiteRunnerWorker.java:52)
	at org.testng.SuiteRunnerWorker.run(SuiteRunnerWorker.java:86)
	at org.testng.TestNG.runSuitesSequentially(TestNG.java:1244)
	at org.testng.TestNG.runSuitesSequentially(TestNG.java:1240)
	at org.testng.TestNG.runSuitesLocally(TestNG.java:1169)
	at org.testng.TestNG.run(TestNG.java:1064)
	at org.testng.remote.RemoteTestNG.run(RemoteTestNG.java:113)
	at org.testng.remote.RemoteTestNG.initAndRun(RemoteTestNG.java:206)
	at org.testng.remote.RemoteTestNG.main(RemoteTestNG.java:177)
</pre></div></td>
<td>0</td>
<td>com.arcapi.Portfoliostestcases.PortfoliosAssetDetailGetAPITest@184f6be2</td></tr>
<tr>
<td title='com.arcapi.Portfoliostestcases.PortfoliosAssetDetailPUTAPITest.PortfoliosAssetDetailPUTAPI()'><b>PortfoliosAssetDetailPUTAPI</b><br>Test class: com.arcapi.Portfoliostestcases.PortfoliosAssetDetailPUTAPITest</td>
<td><div><pre>org.testng.TestNGException: 
Parameter &apos;SheetName&apos; is required by @Test on method PortfoliosAssetDetailPUTAPI but has not been marked @Optional or defined
in D:\worksapceNew\TestArcAPI\src\main\resources\TestNGFiles\V2Portfoliostestng.xml
... Removed 23 stack frames</pre></div><a href='#' onClick='toggleBox("stack-trace1109752797", this, "Click to show all stack frames", "Click to hide stack frames")'>Click to show all stack frames</a>
<div class='stack-trace' id='stack-trace1109752797'><pre>org.testng.TestNGException: 
Parameter &apos;SheetName&apos; is required by @Test on method PortfoliosAssetDetailPUTAPI but has not been marked @Optional or defined
in D:\worksapceNew\TestArcAPI\src\main\resources\TestNGFiles\V2Portfoliostestng.xml
	at org.testng.internal.Parameters.createParameters(Parameters.java:154)
	at org.testng.internal.Parameters.createParameters(Parameters.java:361)
	at org.testng.internal.Parameters.handleParameters(Parameters.java:451)
	at org.testng.internal.Invoker.handleParameters(Invoker.java:1274)
	at org.testng.internal.Invoker.createParameters(Invoker.java:989)
	at org.testng.internal.Invoker.invokeTestMethods(Invoker.java:1079)
	at org.testng.internal.TestMethodWorker.invokeTestMethods(TestMethodWorker.java:129)
	at org.testng.internal.TestMethodWorker.run(TestMethodWorker.java:112)
	at org.testng.TestRunner.privateRun(TestRunner.java:782)
	at org.testng.TestRunner.run(TestRunner.java:632)
	at org.testng.SuiteRunner.runTest(SuiteRunner.java:366)
	at org.testng.SuiteRunner.runSequentially(SuiteRunner.java:361)
	at org.testng.SuiteRunner.privateRun(SuiteRunner.java:319)
	at org.testng.SuiteRunner.run(SuiteRunner.java:268)
	at org.testng.SuiteRunnerWorker.runSuite(SuiteRunnerWorker.java:52)
	at org.testng.SuiteRunnerWorker.run(SuiteRunnerWorker.java:86)
	at org.testng.TestNG.runSuitesSequentially(TestNG.java:1244)
	at org.testng.TestNG.runSuitesSequentially(TestNG.java:1240)
	at org.testng.TestNG.runSuitesLocally(TestNG.java:1169)
	at org.testng.TestNG.run(TestNG.java:1064)
	at org.testng.remote.RemoteTestNG.run(RemoteTestNG.java:113)
	at org.testng.remote.RemoteTestNG.initAndRun(RemoteTestNG.java:206)
	at org.testng.remote.RemoteTestNG.main(RemoteTestNG.java:177)
</pre></div></td>
<td>0</td>
<td>com.arcapi.Portfoliostestcases.PortfoliosAssetDetailPUTAPITest@56aac163</td></tr>
<tr>
<td title='com.arcapi.Portfoliostestcases.PortfoliosAssetGetAPITest.PortfoliosAssetGetAPI()'><b>PortfoliosAssetGetAPI</b><br>Test class: com.arcapi.Portfoliostestcases.PortfoliosAssetGetAPITest</td>
<td><div><pre>org.testng.TestNGException: 
Parameter &apos;SheetName&apos; is required by @Test on method PortfoliosAssetGetAPI but has not been marked @Optional or defined
in D:\worksapceNew\TestArcAPI\src\main\resources\TestNGFiles\V2Portfoliostestng.xml
... Removed 23 stack frames</pre></div><a href='#' onClick='toggleBox("stack-trace1413886135", this, "Click to show all stack frames", "Click to hide stack frames")'>Click to show all stack frames</a>
<div class='stack-trace' id='stack-trace1413886135'><pre>org.testng.TestNGException: 
Parameter &apos;SheetName&apos; is required by @Test on method PortfoliosAssetGetAPI but has not been marked @Optional or defined
in D:\worksapceNew\TestArcAPI\src\main\resources\TestNGFiles\V2Portfoliostestng.xml
	at org.testng.internal.Parameters.createParameters(Parameters.java:154)
	at org.testng.internal.Parameters.createParameters(Parameters.java:361)
	at org.testng.internal.Parameters.handleParameters(Parameters.java:451)
	at org.testng.internal.Invoker.handleParameters(Invoker.java:1274)
	at org.testng.internal.Invoker.createParameters(Invoker.java:989)
	at org.testng.internal.Invoker.invokeTestMethods(Invoker.java:1079)
	at org.testng.internal.TestMethodWorker.invokeTestMethods(TestMethodWorker.java:129)
	at org.testng.internal.TestMethodWorker.run(TestMethodWorker.java:112)
	at org.testng.TestRunner.privateRun(TestRunner.java:782)
	at org.testng.TestRunner.run(TestRunner.java:632)
	at org.testng.SuiteRunner.runTest(SuiteRunner.java:366)
	at org.testng.SuiteRunner.runSequentially(SuiteRunner.java:361)
	at org.testng.SuiteRunner.privateRun(SuiteRunner.java:319)
	at org.testng.SuiteRunner.run(SuiteRunner.java:268)
	at org.testng.SuiteRunnerWorker.runSuite(SuiteRunnerWorker.java:52)
	at org.testng.SuiteRunnerWorker.run(SuiteRunnerWorker.java:86)
	at org.testng.TestNG.runSuitesSequentially(TestNG.java:1244)
	at org.testng.TestNG.runSuitesSequentially(TestNG.java:1240)
	at org.testng.TestNG.runSuitesLocally(TestNG.java:1169)
	at org.testng.TestNG.run(TestNG.java:1064)
	at org.testng.remote.RemoteTestNG.run(RemoteTestNG.java:113)
	at org.testng.remote.RemoteTestNG.initAndRun(RemoteTestNG.java:206)
	at org.testng.remote.RemoteTestNG.main(RemoteTestNG.java:177)
</pre></div></td>
<td>0</td>
<td>com.arcapi.Portfoliostestcases.PortfoliosAssetGetAPITest@6895a785</td></tr>
<tr>
<td title='com.arcapi.Portfoliostestcases.V2PortfoliosAssetPostAPITest.PortfoliosAssetPostAPI()'><b>PortfoliosAssetPostAPI</b><br>Test class: com.arcapi.Portfoliostestcases.V2PortfoliosAssetPostAPITest</td>
<td></td>
<td>0</td>
<td>com.arcapi.Portfoliostestcases.V2PortfoliosAssetPostAPITest@48503868</td></tr>
<tr>
<td title='com.arcapi.Portfoliostestcases.PortfoliosDetailPUTAPITest.PortfoliosDetailPUTAPI()'><b>PortfoliosDetailPUTAPI</b><br>Test class: com.arcapi.Portfoliostestcases.PortfoliosDetailPUTAPITest</td>
<td><div><pre>org.testng.TestNGException: 
Parameter &apos;SheetName&apos; is required by @Test on method PortfoliosDetailPUTAPI but has not been marked @Optional or defined
in D:\worksapceNew\TestArcAPI\src\main\resources\TestNGFiles\V2Portfoliostestng.xml
... Removed 23 stack frames</pre></div><a href='#' onClick='toggleBox("stack-trace2113243119", this, "Click to show all stack frames", "Click to hide stack frames")'>Click to show all stack frames</a>
<div class='stack-trace' id='stack-trace2113243119'><pre>org.testng.TestNGException: 
Parameter &apos;SheetName&apos; is required by @Test on method PortfoliosDetailPUTAPI but has not been marked @Optional or defined
in D:\worksapceNew\TestArcAPI\src\main\resources\TestNGFiles\V2Portfoliostestng.xml
	at org.testng.internal.Parameters.createParameters(Parameters.java:154)
	at org.testng.internal.Parameters.createParameters(Parameters.java:361)
	at org.testng.internal.Parameters.handleParameters(Parameters.java:451)
	at org.testng.internal.Invoker.handleParameters(Invoker.java:1274)
	at org.testng.internal.Invoker.createParameters(Invoker.java:989)
	at org.testng.internal.Invoker.invokeTestMethods(Invoker.java:1079)
	at org.testng.internal.TestMethodWorker.invokeTestMethods(TestMethodWorker.java:129)
	at org.testng.internal.TestMethodWorker.run(TestMethodWorker.java:112)
	at org.testng.TestRunner.privateRun(TestRunner.java:782)
	at org.testng.TestRunner.run(TestRunner.java:632)
	at org.testng.SuiteRunner.runTest(SuiteRunner.java:366)
	at org.testng.SuiteRunner.runSequentially(SuiteRunner.java:361)
	at org.testng.SuiteRunner.privateRun(SuiteRunner.java:319)
	at org.testng.SuiteRunner.run(SuiteRunner.java:268)
	at org.testng.SuiteRunnerWorker.runSuite(SuiteRunnerWorker.java:52)
	at org.testng.SuiteRunnerWorker.run(SuiteRunnerWorker.java:86)
	at org.testng.TestNG.runSuitesSequentially(TestNG.java:1244)
	at org.testng.TestNG.runSuitesSequentially(TestNG.java:1240)
	at org.testng.TestNG.runSuitesLocally(TestNG.java:1169)
	at org.testng.TestNG.run(TestNG.java:1064)
	at org.testng.remote.RemoteTestNG.run(RemoteTestNG.java:113)
	at org.testng.remote.RemoteTestNG.initAndRun(RemoteTestNG.java:206)
	at org.testng.remote.RemoteTestNG.main(RemoteTestNG.java:177)
</pre></div></td>
<td>0</td>
<td>com.arcapi.Portfoliostestcases.PortfoliosDetailPUTAPITest@10bbd20a</td></tr>
<tr>
<td title='com.arcapi.Portfoliostestcases.PortfoliosDetailsGetAPITest.PortfoliosDetailsGetAPI()'><b>PortfoliosDetailsGetAPI</b><br>Test class: com.arcapi.Portfoliostestcases.PortfoliosDetailsGetAPITest</td>
<td><div><pre>org.testng.TestNGException: 
Parameter &apos;SheetName&apos; is required by @Test on method PortfoliosDetailsGetAPI but has not been marked @Optional or defined
in D:\worksapceNew\TestArcAPI\src\main\resources\TestNGFiles\V2Portfoliostestng.xml
... Removed 23 stack frames</pre></div><a href='#' onClick='toggleBox("stack-trace1843743552", this, "Click to show all stack frames", "Click to hide stack frames")'>Click to show all stack frames</a>
<div class='stack-trace' id='stack-trace1843743552'><pre>org.testng.TestNGException: 
Parameter &apos;SheetName&apos; is required by @Test on method PortfoliosDetailsGetAPI but has not been marked @Optional or defined
in D:\worksapceNew\TestArcAPI\src\main\resources\TestNGFiles\V2Portfoliostestng.xml
	at org.testng.internal.Parameters.createParameters(Parameters.java:154)
	at org.testng.internal.Parameters.createParameters(Parameters.java:361)
	at org.testng.internal.Parameters.handleParameters(Parameters.java:451)
	at org.testng.internal.Invoker.handleParameters(Invoker.java:1274)
	at org.testng.internal.Invoker.createParameters(Invoker.java:989)
	at org.testng.internal.Invoker.invokeTestMethods(Invoker.java:1079)
	at org.testng.internal.TestMethodWorker.invokeTestMethods(TestMethodWorker.java:129)
	at org.testng.internal.TestMethodWorker.run(TestMethodWorker.java:112)
	at org.testng.TestRunner.privateRun(TestRunner.java:782)
	at org.testng.TestRunner.run(TestRunner.java:632)
	at org.testng.SuiteRunner.runTest(SuiteRunner.java:366)
	at org.testng.SuiteRunner.runSequentially(SuiteRunner.java:361)
	at org.testng.SuiteRunner.privateRun(SuiteRunner.java:319)
	at org.testng.SuiteRunner.run(SuiteRunner.java:268)
	at org.testng.SuiteRunnerWorker.runSuite(SuiteRunnerWorker.java:52)
	at org.testng.SuiteRunnerWorker.run(SuiteRunnerWorker.java:86)
	at org.testng.TestNG.runSuitesSequentially(TestNG.java:1244)
	at org.testng.TestNG.runSuitesSequentially(TestNG.java:1240)
	at org.testng.TestNG.runSuitesLocally(TestNG.java:1169)
	at org.testng.TestNG.run(TestNG.java:1064)
	at org.testng.remote.RemoteTestNG.run(RemoteTestNG.java:113)
	at org.testng.remote.RemoteTestNG.initAndRun(RemoteTestNG.java:206)
	at org.testng.remote.RemoteTestNG.main(RemoteTestNG.java:177)
</pre></div></td>
<td>0</td>
<td>com.arcapi.Portfoliostestcases.PortfoliosDetailsGetAPITest@64729b1e</td></tr>
<tr>
<td title='com.arcapi.Portfoliostestcases.PortfoliosGetAPITest.PortfoliosGetAPI()'><b>PortfoliosGetAPI</b><br>Test class: com.arcapi.Portfoliostestcases.PortfoliosGetAPITest</td>
<td></td>
<td>0</td>
<td>com.arcapi.Portfoliostestcases.PortfoliosGetAPITest@4e7dc304</td></tr>
<tr>
<td title='com.arcapi.Portfoliostestcases.PortfoliosGoalsDetailAPITest.PortfoliosGoalsDetailAPI()'><b>PortfoliosGoalsDetailAPI</b><br>Test class: com.arcapi.Portfoliostestcases.PortfoliosGoalsDetailAPITest</td>
<td><div><pre>org.testng.TestNGException: 
Parameter &apos;SheetName&apos; is required by @Test on method PortfoliosGoalsDetailAPI but has not been marked @Optional or defined
in D:\worksapceNew\TestArcAPI\src\main\resources\TestNGFiles\V2Portfoliostestng.xml
... Removed 23 stack frames</pre></div><a href='#' onClick='toggleBox("stack-trace310276293", this, "Click to show all stack frames", "Click to hide stack frames")'>Click to show all stack frames</a>
<div class='stack-trace' id='stack-trace310276293'><pre>org.testng.TestNGException: 
Parameter &apos;SheetName&apos; is required by @Test on method PortfoliosGoalsDetailAPI but has not been marked @Optional or defined
in D:\worksapceNew\TestArcAPI\src\main\resources\TestNGFiles\V2Portfoliostestng.xml
	at org.testng.internal.Parameters.createParameters(Parameters.java:154)
	at org.testng.internal.Parameters.createParameters(Parameters.java:361)
	at org.testng.internal.Parameters.handleParameters(Parameters.java:451)
	at org.testng.internal.Invoker.handleParameters(Invoker.java:1274)
	at org.testng.internal.Invoker.createParameters(Invoker.java:989)
	at org.testng.internal.Invoker.invokeTestMethods(Invoker.java:1079)
	at org.testng.internal.TestMethodWorker.invokeTestMethods(TestMethodWorker.java:129)
	at org.testng.internal.TestMethodWorker.run(TestMethodWorker.java:112)
	at org.testng.TestRunner.privateRun(TestRunner.java:782)
	at org.testng.TestRunner.run(TestRunner.java:632)
	at org.testng.SuiteRunner.runTest(SuiteRunner.java:366)
	at org.testng.SuiteRunner.runSequentially(SuiteRunner.java:361)
	at org.testng.SuiteRunner.privateRun(SuiteRunner.java:319)
	at org.testng.SuiteRunner.run(SuiteRunner.java:268)
	at org.testng.SuiteRunnerWorker.runSuite(SuiteRunnerWorker.java:52)
	at org.testng.SuiteRunnerWorker.run(SuiteRunnerWorker.java:86)
	at org.testng.TestNG.runSuitesSequentially(TestNG.java:1244)
	at org.testng.TestNG.runSuitesSequentially(TestNG.java:1240)
	at org.testng.TestNG.runSuitesLocally(TestNG.java:1169)
	at org.testng.TestNG.run(TestNG.java:1064)
	at org.testng.remote.RemoteTestNG.run(RemoteTestNG.java:113)
	at org.testng.remote.RemoteTestNG.initAndRun(RemoteTestNG.java:206)
	at org.testng.remote.RemoteTestNG.main(RemoteTestNG.java:177)
</pre></div></td>
<td>0</td>
<td>com.arcapi.Portfoliostestcases.PortfoliosGoalsDetailAPITest@1f7030a6</td></tr>
<tr>
<td title='com.arcapi.Portfoliostestcases.PortfoliosGoalsUpdateAPITest.PortfoliosGoalsUpdateAPI()'><b>PortfoliosGoalsUpdateAPI</b><br>Test class: com.arcapi.Portfoliostestcases.PortfoliosGoalsUpdateAPITest</td>
<td><div><pre>org.testng.TestNGException: 
Parameter &apos;SheetName&apos; is required by @Test on method PortfoliosGoalsUpdateAPI but has not been marked @Optional or defined
in D:\worksapceNew\TestArcAPI\src\main\resources\TestNGFiles\V2Portfoliostestng.xml
... Removed 23 stack frames</pre></div><a href='#' onClick='toggleBox("stack-trace214320652", this, "Click to show all stack frames", "Click to hide stack frames")'>Click to show all stack frames</a>
<div class='stack-trace' id='stack-trace214320652'><pre>org.testng.TestNGException: 
Parameter &apos;SheetName&apos; is required by @Test on method PortfoliosGoalsUpdateAPI but has not been marked @Optional or defined
in D:\worksapceNew\TestArcAPI\src\main\resources\TestNGFiles\V2Portfoliostestng.xml
	at org.testng.internal.Parameters.createParameters(Parameters.java:154)
	at org.testng.internal.Parameters.createParameters(Parameters.java:361)
	at org.testng.internal.Parameters.handleParameters(Parameters.java:451)
	at org.testng.internal.Invoker.handleParameters(Invoker.java:1274)
	at org.testng.internal.Invoker.createParameters(Invoker.java:989)
	at org.testng.internal.Invoker.invokeTestMethods(Invoker.java:1079)
	at org.testng.internal.TestMethodWorker.invokeTestMethods(TestMethodWorker.java:129)
	at org.testng.internal.TestMethodWorker.run(TestMethodWorker.java:112)
	at org.testng.TestRunner.privateRun(TestRunner.java:782)
	at org.testng.TestRunner.run(TestRunner.java:632)
	at org.testng.SuiteRunner.runTest(SuiteRunner.java:366)
	at org.testng.SuiteRunner.runSequentially(SuiteRunner.java:361)
	at org.testng.SuiteRunner.privateRun(SuiteRunner.java:319)
	at org.testng.SuiteRunner.run(SuiteRunner.java:268)
	at org.testng.SuiteRunnerWorker.runSuite(SuiteRunnerWorker.java:52)
	at org.testng.SuiteRunnerWorker.run(SuiteRunnerWorker.java:86)
	at org.testng.TestNG.runSuitesSequentially(TestNG.java:1244)
	at org.testng.TestNG.runSuitesSequentially(TestNG.java:1240)
	at org.testng.TestNG.runSuitesLocally(TestNG.java:1169)
	at org.testng.TestNG.run(TestNG.java:1064)
	at org.testng.remote.RemoteTestNG.run(RemoteTestNG.java:113)
	at org.testng.remote.RemoteTestNG.initAndRun(RemoteTestNG.java:206)
	at org.testng.remote.RemoteTestNG.main(RemoteTestNG.java:177)
</pre></div></td>
<td>0</td>
<td>com.arcapi.Portfoliostestcases.PortfoliosGoalsUpdateAPITest@5a1c0542</td></tr>
<tr>
<td title='com.arcapi.Portfoliostestcases.PortfoliosPostAPITest.PortfoliosPostAPI()'><b>PortfoliosPostAPI</b><br>Test class: com.arcapi.Portfoliostestcases.PortfoliosPostAPITest</td>
<td><div><pre>org.testng.TestNGException: 
Parameter &apos;SheetName&apos; is required by @Test on method PortfoliosPostAPI but has not been marked @Optional or defined
in D:\worksapceNew\TestArcAPI\src\main\resources\TestNGFiles\V2Portfoliostestng.xml
... Removed 23 stack frames</pre></div><a href='#' onClick='toggleBox("stack-trace1509713998", this, "Click to show all stack frames", "Click to hide stack frames")'>Click to show all stack frames</a>
<div class='stack-trace' id='stack-trace1509713998'><pre>org.testng.TestNGException: 
Parameter &apos;SheetName&apos; is required by @Test on method PortfoliosPostAPI but has not been marked @Optional or defined
in D:\worksapceNew\TestArcAPI\src\main\resources\TestNGFiles\V2Portfoliostestng.xml
	at org.testng.internal.Parameters.createParameters(Parameters.java:154)
	at org.testng.internal.Parameters.createParameters(Parameters.java:361)
	at org.testng.internal.Parameters.handleParameters(Parameters.java:451)
	at org.testng.internal.Invoker.handleParameters(Invoker.java:1274)
	at org.testng.internal.Invoker.createParameters(Invoker.java:989)
	at org.testng.internal.Invoker.invokeTestMethods(Invoker.java:1079)
	at org.testng.internal.TestMethodWorker.invokeTestMethods(TestMethodWorker.java:129)
	at org.testng.internal.TestMethodWorker.run(TestMethodWorker.java:112)
	at org.testng.TestRunner.privateRun(TestRunner.java:782)
	at org.testng.TestRunner.run(TestRunner.java:632)
	at org.testng.SuiteRunner.runTest(SuiteRunner.java:366)
	at org.testng.SuiteRunner.runSequentially(SuiteRunner.java:361)
	at org.testng.SuiteRunner.privateRun(SuiteRunner.java:319)
	at org.testng.SuiteRunner.run(SuiteRunner.java:268)
	at org.testng.SuiteRunnerWorker.runSuite(SuiteRunnerWorker.java:52)
	at org.testng.SuiteRunnerWorker.run(SuiteRunnerWorker.java:86)
	at org.testng.TestNG.runSuitesSequentially(TestNG.java:1244)
	at org.testng.TestNG.runSuitesSequentially(TestNG.java:1240)
	at org.testng.TestNG.runSuitesLocally(TestNG.java:1169)
	at org.testng.TestNG.run(TestNG.java:1064)
	at org.testng.remote.RemoteTestNG.run(RemoteTestNG.java:113)
	at org.testng.remote.RemoteTestNG.initAndRun(RemoteTestNG.java:206)
	at org.testng.remote.RemoteTestNG.main(RemoteTestNG.java:177)
</pre></div></td>
<td>0</td>
<td>com.arcapi.Portfoliostestcases.PortfoliosPostAPITest@2d6eabae</td></tr>
<tr>
<td title='com.arcapi.Portfoliostestcases.PortfoliosTeamsDELETEAPITest.PortfoliosTeamsDELETEAPI()'><b>PortfoliosTeamsDELETEAPI</b><br>Test class: com.arcapi.Portfoliostestcases.PortfoliosTeamsDELETEAPITest</td>
<td><div><pre>org.testng.TestNGException: 
Parameter &apos;SheetName&apos; is required by @Test on method PortfoliosTeamsDELETEAPI but has not been marked @Optional or defined
in D:\worksapceNew\TestArcAPI\src\main\resources\TestNGFiles\V2Portfoliostestng.xml
... Removed 23 stack frames</pre></div><a href='#' onClick='toggleBox("stack-trace677317086", this, "Click to show all stack frames", "Click to hide stack frames")'>Click to show all stack frames</a>
<div class='stack-trace' id='stack-trace677317086'><pre>org.testng.TestNGException: 
Parameter &apos;SheetName&apos; is required by @Test on method PortfoliosTeamsDELETEAPI but has not been marked @Optional or defined
in D:\worksapceNew\TestArcAPI\src\main\resources\TestNGFiles\V2Portfoliostestng.xml
	at org.testng.internal.Parameters.createParameters(Parameters.java:154)
	at org.testng.internal.Parameters.createParameters(Parameters.java:361)
	at org.testng.internal.Parameters.handleParameters(Parameters.java:451)
	at org.testng.internal.Invoker.handleParameters(Invoker.java:1274)
	at org.testng.internal.Invoker.createParameters(Invoker.java:989)
	at org.testng.internal.Invoker.invokeTestMethods(Invoker.java:1079)
	at org.testng.internal.TestMethodWorker.invokeTestMethods(TestMethodWorker.java:129)
	at org.testng.internal.TestMethodWorker.run(TestMethodWorker.java:112)
	at org.testng.TestRunner.privateRun(TestRunner.java:782)
	at org.testng.TestRunner.run(TestRunner.java:632)
	at org.testng.SuiteRunner.runTest(SuiteRunner.java:366)
	at org.testng.SuiteRunner.runSequentially(SuiteRunner.java:361)
	at org.testng.SuiteRunner.privateRun(SuiteRunner.java:319)
	at org.testng.SuiteRunner.run(SuiteRunner.java:268)
	at org.testng.SuiteRunnerWorker.runSuite(SuiteRunnerWorker.java:52)
	at org.testng.SuiteRunnerWorker.run(SuiteRunnerWorker.java:86)
	at org.testng.TestNG.runSuitesSequentially(TestNG.java:1244)
	at org.testng.TestNG.runSuitesSequentially(TestNG.java:1240)
	at org.testng.TestNG.runSuitesLocally(TestNG.java:1169)
	at org.testng.TestNG.run(TestNG.java:1064)
	at org.testng.remote.RemoteTestNG.run(RemoteTestNG.java:113)
	at org.testng.remote.RemoteTestNG.initAndRun(RemoteTestNG.java:206)
	at org.testng.remote.RemoteTestNG.main(RemoteTestNG.java:177)
</pre></div></td>
<td>0</td>
<td>com.arcapi.Portfoliostestcases.PortfoliosTeamsDELETEAPITest@1e965684</td></tr>
<tr>
<td title='com.arcapi.Portfoliostestcases.PortfoliosTeamsGetAPITest.PortfoliosTeamsGetAPI()'><b>PortfoliosTeamsGetAPI</b><br>Test class: com.arcapi.Portfoliostestcases.PortfoliosTeamsGetAPITest</td>
<td><div><pre>org.testng.TestNGException: 
Parameter &apos;SheetName&apos; is required by @Test on method PortfoliosTeamsGetAPI but has not been marked @Optional or defined
in D:\worksapceNew\TestArcAPI\src\main\resources\TestNGFiles\V2Portfoliostestng.xml
... Removed 23 stack frames</pre></div><a href='#' onClick='toggleBox("stack-trace1882116496", this, "Click to show all stack frames", "Click to hide stack frames")'>Click to show all stack frames</a>
<div class='stack-trace' id='stack-trace1882116496'><pre>org.testng.TestNGException: 
Parameter &apos;SheetName&apos; is required by @Test on method PortfoliosTeamsGetAPI but has not been marked @Optional or defined
in D:\worksapceNew\TestArcAPI\src\main\resources\TestNGFiles\V2Portfoliostestng.xml
	at org.testng.internal.Parameters.createParameters(Parameters.java:154)
	at org.testng.internal.Parameters.createParameters(Parameters.java:361)
	at org.testng.internal.Parameters.handleParameters(Parameters.java:451)
	at org.testng.internal.Invoker.handleParameters(Invoker.java:1274)
	at org.testng.internal.Invoker.createParameters(Invoker.java:989)
	at org.testng.internal.Invoker.invokeTestMethods(Invoker.java:1079)
	at org.testng.internal.TestMethodWorker.invokeTestMethods(TestMethodWorker.java:129)
	at org.testng.internal.TestMethodWorker.run(TestMethodWorker.java:112)
	at org.testng.TestRunner.privateRun(TestRunner.java:782)
	at org.testng.TestRunner.run(TestRunner.java:632)
	at org.testng.SuiteRunner.runTest(SuiteRunner.java:366)
	at org.testng.SuiteRunner.runSequentially(SuiteRunner.java:361)
	at org.testng.SuiteRunner.privateRun(SuiteRunner.java:319)
	at org.testng.SuiteRunner.run(SuiteRunner.java:268)
	at org.testng.SuiteRunnerWorker.runSuite(SuiteRunnerWorker.java:52)
	at org.testng.SuiteRunnerWorker.run(SuiteRunnerWorker.java:86)
	at org.testng.TestNG.runSuitesSequentially(TestNG.java:1244)
	at org.testng.TestNG.runSuitesSequentially(TestNG.java:1240)
	at org.testng.TestNG.runSuitesLocally(TestNG.java:1169)
	at org.testng.TestNG.run(TestNG.java:1064)
	at org.testng.remote.RemoteTestNG.run(RemoteTestNG.java:113)
	at org.testng.remote.RemoteTestNG.initAndRun(RemoteTestNG.java:206)
	at org.testng.remote.RemoteTestNG.main(RemoteTestNG.java:177)
</pre></div></td>
<td>0</td>
<td>com.arcapi.Portfoliostestcases.PortfoliosTeamsGetAPITest@5f282abb</td></tr>
<tr>
<td title='com.arcapi.Portfoliostestcases.PortfoliosTeamsPUTAPITest.PortfoliosTeamsPUTAPI()'><b>PortfoliosTeamsPUTAPI</b><br>Test class: com.arcapi.Portfoliostestcases.PortfoliosTeamsPUTAPITest</td>
<td><div><pre>org.testng.TestNGException: 
Parameter &apos;SheetName&apos; is required by @Test on method PortfoliosTeamsPUTAPI but has not been marked @Optional or defined
in D:\worksapceNew\TestArcAPI\src\main\resources\TestNGFiles\V2Portfoliostestng.xml
... Removed 23 stack frames</pre></div><a href='#' onClick='toggleBox("stack-trace1137078855", this, "Click to show all stack frames", "Click to hide stack frames")'>Click to show all stack frames</a>
<div class='stack-trace' id='stack-trace1137078855'><pre>org.testng.TestNGException: 
Parameter &apos;SheetName&apos; is required by @Test on method PortfoliosTeamsPUTAPI but has not been marked @Optional or defined
in D:\worksapceNew\TestArcAPI\src\main\resources\TestNGFiles\V2Portfoliostestng.xml
	at org.testng.internal.Parameters.createParameters(Parameters.java:154)
	at org.testng.internal.Parameters.createParameters(Parameters.java:361)
	at org.testng.internal.Parameters.handleParameters(Parameters.java:451)
	at org.testng.internal.Invoker.handleParameters(Invoker.java:1274)
	at org.testng.internal.Invoker.createParameters(Invoker.java:989)
	at org.testng.internal.Invoker.invokeTestMethods(Invoker.java:1079)
	at org.testng.internal.TestMethodWorker.invokeTestMethods(TestMethodWorker.java:129)
	at org.testng.internal.TestMethodWorker.run(TestMethodWorker.java:112)
	at org.testng.TestRunner.privateRun(TestRunner.java:782)
	at org.testng.TestRunner.run(TestRunner.java:632)
	at org.testng.SuiteRunner.runTest(SuiteRunner.java:366)
	at org.testng.SuiteRunner.runSequentially(SuiteRunner.java:361)
	at org.testng.SuiteRunner.privateRun(SuiteRunner.java:319)
	at org.testng.SuiteRunner.run(SuiteRunner.java:268)
	at org.testng.SuiteRunnerWorker.runSuite(SuiteRunnerWorker.java:52)
	at org.testng.SuiteRunnerWorker.run(SuiteRunnerWorker.java:86)
	at org.testng.TestNG.runSuitesSequentially(TestNG.java:1244)
	at org.testng.TestNG.runSuitesSequentially(TestNG.java:1240)
	at org.testng.TestNG.runSuitesLocally(TestNG.java:1169)
	at org.testng.TestNG.run(TestNG.java:1064)
	at org.testng.remote.RemoteTestNG.run(RemoteTestNG.java:113)
	at org.testng.remote.RemoteTestNG.initAndRun(RemoteTestNG.java:206)
	at org.testng.remote.RemoteTestNG.main(RemoteTestNG.java:177)
</pre></div></td>
<td>0</td>
<td>com.arcapi.Portfoliostestcases.PortfoliosTeamsPUTAPITest@167fdd33</td></tr>
<tr>
<td title='com.arcapi.Portfoliostestcases.PortfoliosTeamsPostAPITest.PortfoliosTeamsPostAPI()'><b>PortfoliosTeamsPostAPI</b><br>Test class: com.arcapi.Portfoliostestcases.PortfoliosTeamsPostAPITest</td>
<td><div><pre>org.testng.TestNGException: 
Parameter &apos;SheetName&apos; is required by @Test on method PortfoliosTeamsPostAPI but has not been marked @Optional or defined
in D:\worksapceNew\TestArcAPI\src\main\resources\TestNGFiles\V2Portfoliostestng.xml
... Removed 23 stack frames</pre></div><a href='#' onClick='toggleBox("stack-trace889422145", this, "Click to show all stack frames", "Click to hide stack frames")'>Click to show all stack frames</a>
<div class='stack-trace' id='stack-trace889422145'><pre>org.testng.TestNGException: 
Parameter &apos;SheetName&apos; is required by @Test on method PortfoliosTeamsPostAPI but has not been marked @Optional or defined
in D:\worksapceNew\TestArcAPI\src\main\resources\TestNGFiles\V2Portfoliostestng.xml
	at org.testng.internal.Parameters.createParameters(Parameters.java:154)
	at org.testng.internal.Parameters.createParameters(Parameters.java:361)
	at org.testng.internal.Parameters.handleParameters(Parameters.java:451)
	at org.testng.internal.Invoker.handleParameters(Invoker.java:1274)
	at org.testng.internal.Invoker.createParameters(Invoker.java:989)
	at org.testng.internal.Invoker.invokeTestMethods(Invoker.java:1079)
	at org.testng.internal.TestMethodWorker.invokeTestMethods(TestMethodWorker.java:129)
	at org.testng.internal.TestMethodWorker.run(TestMethodWorker.java:112)
	at org.testng.TestRunner.privateRun(TestRunner.java:782)
	at org.testng.TestRunner.run(TestRunner.java:632)
	at org.testng.SuiteRunner.runTest(SuiteRunner.java:366)
	at org.testng.SuiteRunner.runSequentially(SuiteRunner.java:361)
	at org.testng.SuiteRunner.privateRun(SuiteRunner.java:319)
	at org.testng.SuiteRunner.run(SuiteRunner.java:268)
	at org.testng.SuiteRunnerWorker.runSuite(SuiteRunnerWorker.java:52)
	at org.testng.SuiteRunnerWorker.run(SuiteRunnerWorker.java:86)
	at org.testng.TestNG.runSuitesSequentially(TestNG.java:1244)
	at org.testng.TestNG.runSuitesSequentially(TestNG.java:1240)
	at org.testng.TestNG.runSuitesLocally(TestNG.java:1169)
	at org.testng.TestNG.run(TestNG.java:1064)
	at org.testng.remote.RemoteTestNG.run(RemoteTestNG.java:113)
	at org.testng.remote.RemoteTestNG.initAndRun(RemoteTestNG.java:206)
	at org.testng.remote.RemoteTestNG.main(RemoteTestNG.java:177)
</pre></div></td>
<td>0</td>
<td>com.arcapi.Portfoliostestcases.PortfoliosTeamsPostAPITest@1d29cf23</td></tr>
<tr>
<td title='com.arcapi.Portfoliostestcases.V2GresbAssetsVerifyBuildingTrialStatusAPITest.V2GresbAssetsVerifyBuildingTrialStatusAPI()'><b>V2GresbAssetsVerifyBuildingTrialStatusAPI</b><br>Test class: com.arcapi.Portfoliostestcases.V2GresbAssetsVerifyBuildingTrialStatusAPITest</td>
<td><div><pre>org.testng.TestNGException: 
Parameter &apos;SheetName&apos; is required by @Test on method V2GresbAssetsVerifyBuildingTrialStatusAPI but has not been marked @Optional or defined
in D:\worksapceNew\TestArcAPI\src\main\resources\TestNGFiles\V2Portfoliostestng.xml
... Removed 23 stack frames</pre></div><a href='#' onClick='toggleBox("stack-trace1924966548", this, "Click to show all stack frames", "Click to hide stack frames")'>Click to show all stack frames</a>
<div class='stack-trace' id='stack-trace1924966548'><pre>org.testng.TestNGException: 
Parameter &apos;SheetName&apos; is required by @Test on method V2GresbAssetsVerifyBuildingTrialStatusAPI but has not been marked @Optional or defined
in D:\worksapceNew\TestArcAPI\src\main\resources\TestNGFiles\V2Portfoliostestng.xml
	at org.testng.internal.Parameters.createParameters(Parameters.java:154)
	at org.testng.internal.Parameters.createParameters(Parameters.java:361)
	at org.testng.internal.Parameters.handleParameters(Parameters.java:451)
	at org.testng.internal.Invoker.handleParameters(Invoker.java:1274)
	at org.testng.internal.Invoker.createParameters(Invoker.java:989)
	at org.testng.internal.Invoker.invokeTestMethods(Invoker.java:1079)
	at org.testng.internal.TestMethodWorker.invokeTestMethods(TestMethodWorker.java:129)
	at org.testng.internal.TestMethodWorker.run(TestMethodWorker.java:112)
	at org.testng.TestRunner.privateRun(TestRunner.java:782)
	at org.testng.TestRunner.run(TestRunner.java:632)
	at org.testng.SuiteRunner.runTest(SuiteRunner.java:366)
	at org.testng.SuiteRunner.runSequentially(SuiteRunner.java:361)
	at org.testng.SuiteRunner.privateRun(SuiteRunner.java:319)
	at org.testng.SuiteRunner.run(SuiteRunner.java:268)
	at org.testng.SuiteRunnerWorker.runSuite(SuiteRunnerWorker.java:52)
	at org.testng.SuiteRunnerWorker.run(SuiteRunnerWorker.java:86)
	at org.testng.TestNG.runSuitesSequentially(TestNG.java:1244)
	at org.testng.TestNG.runSuitesSequentially(TestNG.java:1240)
	at org.testng.TestNG.runSuitesLocally(TestNG.java:1169)
	at org.testng.TestNG.run(TestNG.java:1064)
	at org.testng.remote.RemoteTestNG.run(RemoteTestNG.java:113)
	at org.testng.remote.RemoteTestNG.initAndRun(RemoteTestNG.java:206)
	at org.testng.remote.RemoteTestNG.main(RemoteTestNG.java:177)
</pre></div></td>
<td>0</td>
<td>com.arcapi.Portfoliostestcases.V2GresbAssetsVerifyBuildingTrialStatusAPITest@1786dec2</td></tr>
</table><p>
</body>
</html>