<html>
<head>
<title>TestNG:  Review-Scenario</title>
<link href="../testng.css" rel="stylesheet" type="text/css" />
<link href="../my-testng.css" rel="stylesheet" type="text/css" />

<style type="text/css">
.log { display: none;} 
.stack-trace { display: none;} 
</style>
<script type="text/javascript">
<!--
function flip(e) {
  current = e.style.display;
  if (current == 'block') {
    e.style.display = 'none';
    return 0;
  }
  else {
    e.style.display = 'block';
    return 1;
  }
}

function toggleBox(szDivId, elem, msg1, msg2)
{
  var res = -1;  if (document.getElementById) {
    res = flip(document.getElementById(szDivId));
  }
  else if (document.all) {
    // this is the way old msie versions work
    res = flip(document.all[szDivId]);
  }
  if(elem) {
    if(res == 0) elem.innerHTML = msg1; else elem.innerHTML = msg2;
  }

}

function toggleAllBoxes() {
  if (document.getElementsByTagName) {
    d = document.getElementsByTagName('div');
    for (i = 0; i < d.length; i++) {
      if (d[i].className == 'log') {
        flip(d[i]);
      }
    }
  }
}

// -->
</script>

</head>
<body>
<h2 align='center'>Review-Scenario</h2><table border='1' align="center">
<tr>
<td>Tests passed/Failed/Skipped:</td><td>0/0/36</td>
</tr><tr>
<td>Started on:</td><td>Thu Nov 28 10:26:34 IST 2019</td>
</tr>
<tr><td>Total time:</td><td>0 seconds (30 ms)</td>
</tr><tr>
<td>Included groups:</td><td></td>
</tr><tr>
<td>Excluded groups:</td><td></td>
</tr>
</table><p/>
<small><i>(Hover the method name to see the test class name)</i></small><p/>
<table width='100%' border='1' class='invocation-failed'>
<tr><td colspan='4' align='center'><b>FAILED CONFIGURATIONS</b></td></tr>
<tr><td><b>Test method</b></td>
<td width="30%"><b>Exception</b></td>
<td width="10%"><b>Time (seconds)</b></td>
<td><b>Instance</b></td>
</tr>
<tr>
<td title='com.arcapi.Common.LoginAPITest.setBaseUri()'><b>setBaseUri</b><br>Test class: com.arcapi.Common.LoginAPITest</td>
<td><div><pre>org.testng.TestNGException: 
Parameter &apos;environment&apos; is required by @Configuration on method setBaseUri but has not been marked @Optional or defined
in D:\worksapceNew\TestArcAPI\src\main\resources\TestNGFiles\V2ScenarioBasedTestingTestng.xml
... Removed 22 stack frames</pre></div><a href='#' onClick='toggleBox("stack-trace1033491239", this, "Click to show all stack frames", "Click to hide stack frames")'>Click to show all stack frames</a>
<div class='stack-trace' id='stack-trace1033491239'><pre>org.testng.TestNGException: 
Parameter &apos;environment&apos; is required by @Configuration on method setBaseUri but has not been marked @Optional or defined
in D:\worksapceNew\TestArcAPI\src\main\resources\TestNGFiles\V2ScenarioBasedTestingTestng.xml
	at org.testng.internal.Parameters.createParameters(Parameters.java:154)
	at org.testng.internal.Parameters.createParameters(Parameters.java:361)
	at org.testng.internal.Parameters.createConfigurationParameters(Parameters.java:84)
	at org.testng.internal.Invoker.invokeConfigurations(Invoker.java:201)
	at org.testng.internal.Invoker.invokeConfigurations(Invoker.java:142)
	at org.testng.internal.TestMethodWorker.invokeBeforeClassMethods(TestMethodWorker.java:178)
	at org.testng.internal.TestMethodWorker.run(TestMethodWorker.java:108)
	at org.testng.TestRunner.privateRun(TestRunner.java:782)
	at org.testng.TestRunner.run(TestRunner.java:632)
	at org.testng.SuiteRunner.runTest(SuiteRunner.java:366)
	at org.testng.SuiteRunner.runSequentially(SuiteRunner.java:361)
	at org.testng.SuiteRunner.privateRun(SuiteRunner.java:319)
	at org.testng.SuiteRunner.run(SuiteRunner.java:268)
	at org.testng.SuiteRunnerWorker.runSuite(SuiteRunnerWorker.java:52)
	at org.testng.SuiteRunnerWorker.run(SuiteRunnerWorker.java:86)
	at org.testng.TestNG.runSuitesSequentially(TestNG.java:1244)
	at org.testng.TestNG.runSuitesSequentially(TestNG.java:1240)
	at org.testng.TestNG.runSuitesLocally(TestNG.java:1169)
	at org.testng.TestNG.run(TestNG.java:1064)
	at org.testng.remote.RemoteTestNG.run(RemoteTestNG.java:113)
	at org.testng.remote.RemoteTestNG.initAndRun(RemoteTestNG.java:206)
	at org.testng.remote.RemoteTestNG.main(RemoteTestNG.java:177)
</pre></div></td>
<td>0</td>
<td>com.arcapi.Common.LoginAPITest@6913c1fb</td></tr>
</table><p>
<table width='100%' border='1' class='invocation-skipped'>
<tr><td colspan='4' align='center'><b>SKIPPED CONFIGURATIONS</b></td></tr>
<tr><td><b>Test method</b></td>
<td width="30%"><b>Exception</b></td>
<td width="10%"><b>Time (seconds)</b></td>
<td><b>Instance</b></td>
</tr>
<tr>
<td title='com.arcapi.Buildingtestcases.CreateAssetBuildingV3APITest.getSuiteName()'><b>getSuiteName</b><br>Test class: com.arcapi.Buildingtestcases.CreateAssetBuildingV3APITest</td>
<td></td>
<td>0</td>
<td>com.arcapi.Buildingtestcases.CreateAssetBuildingV3APITest@66d18979</td></tr>
<tr>
<td title='com.arcapi.Buildingtestcases.CreateAssetBuildingV3APITest.setBaseUri()'><b>setBaseUri</b><br>Test class: com.arcapi.Buildingtestcases.CreateAssetBuildingV3APITest</td>
<td></td>
<td>0</td>
<td>com.arcapi.Buildingtestcases.CreateAssetBuildingV3APITest@66d18979</td></tr>
<tr>
<td title='com.arcapi.Common.AssetDetailAPITest.getSuiteName()'><b>getSuiteName</b><br>Test class: com.arcapi.Common.AssetDetailAPITest</td>
<td></td>
<td>0</td>
<td>com.arcapi.Common.AssetDetailAPITest@bccb269</td></tr>
<tr>
<td title='com.arcapi.Common.AssetDetailAPITest.setBaseUri()'><b>setBaseUri</b><br>Test class: com.arcapi.Common.AssetDetailAPITest</td>
<td></td>
<td>0</td>
<td>com.arcapi.Common.AssetDetailAPITest@bccb269</td></tr>
<tr>
<td title='com.arcapi.Buildingtestcases.ExcelTemplateMetersAPITest.getSuiteName()'><b>getSuiteName</b><br>Test class: com.arcapi.Buildingtestcases.ExcelTemplateMetersAPITest</td>
<td></td>
<td>0</td>
<td>com.arcapi.Buildingtestcases.ExcelTemplateMetersAPITest@609cd4d8</td></tr>
<tr>
<td title='com.arcapi.Buildingtestcases.ExcelTemplateMetersAPITest.setBaseUri()'><b>setBaseUri</b><br>Test class: com.arcapi.Buildingtestcases.ExcelTemplateMetersAPITest</td>
<td></td>
<td>0</td>
<td>com.arcapi.Buildingtestcases.ExcelTemplateMetersAPITest@609cd4d8</td></tr>
<tr>
<td title='com.arcapi.Buildingtestcases.ElectricityPurchasedFromGridCreatePOSTAPITest.getSuiteName()'><b>getSuiteName</b><br>Test class: com.arcapi.Buildingtestcases.ElectricityPurchasedFromGridCreatePOSTAPITest</td>
<td></td>
<td>0</td>
<td>com.arcapi.Buildingtestcases.ElectricityPurchasedFromGridCreatePOSTAPITest@17f7cd29</td></tr>
<tr>
<td title='com.arcapi.Buildingtestcases.ElectricityPurchasedFromGridCreatePOSTAPITest.setBaseUri()'><b>setBaseUri</b><br>Test class: com.arcapi.Buildingtestcases.ElectricityPurchasedFromGridCreatePOSTAPITest</td>
<td></td>
<td>0</td>
<td>com.arcapi.Buildingtestcases.ElectricityPurchasedFromGridCreatePOSTAPITest@17f7cd29</td></tr>
<tr>
<td title='com.arcapi.ScenarioBasedTestcases.EnergyCreate180DaysDataPostAPITest.getSuiteName()'><b>getSuiteName</b><br>Test class: com.arcapi.ScenarioBasedTestcases.EnergyCreate180DaysDataPostAPITest</td>
<td></td>
<td>0</td>
<td>com.arcapi.ScenarioBasedTestcases.EnergyCreate180DaysDataPostAPITest@7d8704ef</td></tr>
<tr>
<td title='com.arcapi.ScenarioBasedTestcases.EnergyCreate180DaysDataPostAPITest.setBaseUri()'><b>setBaseUri</b><br>Test class: com.arcapi.ScenarioBasedTestcases.EnergyCreate180DaysDataPostAPITest</td>
<td></td>
<td>0</td>
<td>com.arcapi.ScenarioBasedTestcases.EnergyCreate180DaysDataPostAPITest@7d8704ef</td></tr>
<tr>
<td title='com.arcapi.Buildingtestcases.MunicipalitySuppliedPortableWaterCreatePOSTAPITest.getSuiteName()'><b>getSuiteName</b><br>Test class: com.arcapi.Buildingtestcases.MunicipalitySuppliedPortableWaterCreatePOSTAPITest</td>
<td></td>
<td>0</td>
<td>com.arcapi.Buildingtestcases.MunicipalitySuppliedPortableWaterCreatePOSTAPITest@13b6aecc</td></tr>
<tr>
<td title='com.arcapi.Buildingtestcases.MunicipalitySuppliedPortableWaterCreatePOSTAPITest.setBaseUri()'><b>setBaseUri</b><br>Test class: com.arcapi.Buildingtestcases.MunicipalitySuppliedPortableWaterCreatePOSTAPITest</td>
<td></td>
<td>0</td>
<td>com.arcapi.Buildingtestcases.MunicipalitySuppliedPortableWaterCreatePOSTAPITest@13b6aecc</td></tr>
<tr>
<td title='com.arcapi.ScenarioBasedTestcases.WaterCreate180DaysDataPostAPITest.getSuiteName()'><b>getSuiteName</b><br>Test class: com.arcapi.ScenarioBasedTestcases.WaterCreate180DaysDataPostAPITest</td>
<td></td>
<td>0</td>
<td>com.arcapi.ScenarioBasedTestcases.WaterCreate180DaysDataPostAPITest@158a8276</td></tr>
<tr>
<td title='com.arcapi.ScenarioBasedTestcases.WaterCreate180DaysDataPostAPITest.setBaseUri()'><b>setBaseUri</b><br>Test class: com.arcapi.ScenarioBasedTestcases.WaterCreate180DaysDataPostAPITest</td>
<td></td>
<td>0</td>
<td>com.arcapi.ScenarioBasedTestcases.WaterCreate180DaysDataPostAPITest@158a8276</td></tr>
<tr>
<td title='com.arcapi.Buildingtestcases.WasteCreatePOSTAPITest.getSuiteName()'><b>getSuiteName</b><br>Test class: com.arcapi.Buildingtestcases.WasteCreatePOSTAPITest</td>
<td></td>
<td>0</td>
<td>com.arcapi.Buildingtestcases.WasteCreatePOSTAPITest@3c3d9b6b</td></tr>
<tr>
<td title='com.arcapi.Buildingtestcases.WasteCreatePOSTAPITest.setBaseUri()'><b>setBaseUri</b><br>Test class: com.arcapi.Buildingtestcases.WasteCreatePOSTAPITest</td>
<td></td>
<td>0</td>
<td>com.arcapi.Buildingtestcases.WasteCreatePOSTAPITest@3c3d9b6b</td></tr>
<tr>
<td title='com.arcapi.Buildingtestcases.SurveyAllRoutesFeedbackRegularAPIPOSTAPITest.getSuiteName()'><b>getSuiteName</b><br>Test class: com.arcapi.Buildingtestcases.SurveyAllRoutesFeedbackRegularAPIPOSTAPITest</td>
<td></td>
<td>0</td>
<td>com.arcapi.Buildingtestcases.SurveyAllRoutesFeedbackRegularAPIPOSTAPITest@79d8407f</td></tr>
<tr>
<td title='com.arcapi.Buildingtestcases.SurveyAllRoutesFeedbackRegularAPIPOSTAPITest.setBaseUri()'><b>setBaseUri</b><br>Test class: com.arcapi.Buildingtestcases.SurveyAllRoutesFeedbackRegularAPIPOSTAPITest</td>
<td></td>
<td>0</td>
<td>com.arcapi.Buildingtestcases.SurveyAllRoutesFeedbackRegularAPIPOSTAPITest@79d8407f</td></tr>
<tr>
<td title='com.arcapi.Buildingtestcases.SurveyAllRoutesFeedbackVisitorAPIPOSTAPITest.getSuiteName()'><b>getSuiteName</b><br>Test class: com.arcapi.Buildingtestcases.SurveyAllRoutesFeedbackVisitorAPIPOSTAPITest</td>
<td></td>
<td>0</td>
<td>com.arcapi.Buildingtestcases.SurveyAllRoutesFeedbackVisitorAPIPOSTAPITest@5fbe4146</td></tr>
<tr>
<td title='com.arcapi.Buildingtestcases.SurveyAllRoutesFeedbackVisitorAPIPOSTAPITest.setBaseUri()'><b>setBaseUri</b><br>Test class: com.arcapi.Buildingtestcases.SurveyAllRoutesFeedbackVisitorAPIPOSTAPITest</td>
<td></td>
<td>0</td>
<td>com.arcapi.Buildingtestcases.SurveyAllRoutesFeedbackVisitorAPIPOSTAPITest@5fbe4146</td></tr>
<tr>
<td title='com.arcapi.ScenarioBasedTestcases.CO2ConsumptionCreateAPITest.getSuiteName()'><b>getSuiteName</b><br>Test class: com.arcapi.ScenarioBasedTestcases.CO2ConsumptionCreateAPITest</td>
<td></td>
<td>0</td>
<td>com.arcapi.ScenarioBasedTestcases.CO2ConsumptionCreateAPITest@1e66f1f5</td></tr>
<tr>
<td title='com.arcapi.ScenarioBasedTestcases.CO2ConsumptionCreateAPITest.setBaseUri()'><b>setBaseUri</b><br>Test class: com.arcapi.ScenarioBasedTestcases.CO2ConsumptionCreateAPITest</td>
<td></td>
<td>0</td>
<td>com.arcapi.ScenarioBasedTestcases.CO2ConsumptionCreateAPITest@1e66f1f5</td></tr>
<tr>
<td title='com.arcapi.ScenarioBasedTestcases.VOCConsumptionCreateAPITest.getSuiteName()'><b>getSuiteName</b><br>Test class: com.arcapi.ScenarioBasedTestcases.VOCConsumptionCreateAPITest</td>
<td></td>
<td>0</td>
<td>com.arcapi.ScenarioBasedTestcases.VOCConsumptionCreateAPITest@4e50c791</td></tr>
<tr>
<td title='com.arcapi.ScenarioBasedTestcases.VOCConsumptionCreateAPITest.setBaseUri()'><b>setBaseUri</b><br>Test class: com.arcapi.ScenarioBasedTestcases.VOCConsumptionCreateAPITest</td>
<td></td>
<td>0</td>
<td>com.arcapi.ScenarioBasedTestcases.VOCConsumptionCreateAPITest@4e50c791</td></tr>
<tr>
<td title='com.arcapi.ScenarioBasedTestcases.SetGeneralAllOccupantPUTAPITest.getSuiteName()'><b>getSuiteName</b><br>Test class: com.arcapi.ScenarioBasedTestcases.SetGeneralAllOccupantPUTAPITest</td>
<td></td>
<td>0</td>
<td>com.arcapi.ScenarioBasedTestcases.SetGeneralAllOccupantPUTAPITest@7530ad9c</td></tr>
<tr>
<td title='com.arcapi.ScenarioBasedTestcases.SetGeneralAllOccupantPUTAPITest.setBaseUri()'><b>setBaseUri</b><br>Test class: com.arcapi.ScenarioBasedTestcases.SetGeneralAllOccupantPUTAPITest</td>
<td></td>
<td>0</td>
<td>com.arcapi.ScenarioBasedTestcases.SetGeneralAllOccupantPUTAPITest@7530ad9c</td></tr>
<tr>
<td title='com.arcapi.ScenarioBasedTestcases.VerifyDatacoverageGetAPITest.getSuiteName()'><b>getSuiteName</b><br>Test class: com.arcapi.ScenarioBasedTestcases.VerifyDatacoverageGetAPITest</td>
<td></td>
<td>0</td>
<td>com.arcapi.ScenarioBasedTestcases.VerifyDatacoverageGetAPITest@58a9760d</td></tr>
<tr>
<td title='com.arcapi.ScenarioBasedTestcases.VerifyDatacoverageGetAPITest.setBaseUri()'><b>setBaseUri</b><br>Test class: com.arcapi.ScenarioBasedTestcases.VerifyDatacoverageGetAPITest</td>
<td></td>
<td>0</td>
<td>com.arcapi.ScenarioBasedTestcases.VerifyDatacoverageGetAPITest@58a9760d</td></tr>
<tr>
<td title='com.arcapi.ScenarioBasedTestcases.OccupatGeneralRegularVisitorUpdateAPITest.getSuiteName()'><b>getSuiteName</b><br>Test class: com.arcapi.ScenarioBasedTestcases.OccupatGeneralRegularVisitorUpdateAPITest</td>
<td></td>
<td>0</td>
<td>com.arcapi.ScenarioBasedTestcases.OccupatGeneralRegularVisitorUpdateAPITest@71e9ddb4</td></tr>
<tr>
<td title='com.arcapi.ScenarioBasedTestcases.OccupatGeneralRegularVisitorUpdateAPITest.setBaseUri()'><b>setBaseUri</b><br>Test class: com.arcapi.ScenarioBasedTestcases.OccupatGeneralRegularVisitorUpdateAPITest</td>
<td></td>
<td>0</td>
<td>com.arcapi.ScenarioBasedTestcases.OccupatGeneralRegularVisitorUpdateAPITest@71e9ddb4</td></tr>
<tr>
<td title='com.arcapi.ScenarioBasedTestcases.SetGeneralRegularOccupantPUTAPITest.getSuiteName()'><b>getSuiteName</b><br>Test class: com.arcapi.ScenarioBasedTestcases.SetGeneralRegularOccupantPUTAPITest</td>
<td></td>
<td>0</td>
<td>com.arcapi.ScenarioBasedTestcases.SetGeneralRegularOccupantPUTAPITest@394df057</td></tr>
<tr>
<td title='com.arcapi.ScenarioBasedTestcases.SetGeneralRegularOccupantPUTAPITest.setBaseUri()'><b>setBaseUri</b><br>Test class: com.arcapi.ScenarioBasedTestcases.SetGeneralRegularOccupantPUTAPITest</td>
<td></td>
<td>0</td>
<td>com.arcapi.ScenarioBasedTestcases.SetGeneralRegularOccupantPUTAPITest@394df057</td></tr>
<tr>
<td title='com.arcapi.ScenarioBasedTestcases.VerifyGeneralRegularOccupantDatacoverageAPITest.getSuiteName()'><b>getSuiteName</b><br>Test class: com.arcapi.ScenarioBasedTestcases.VerifyGeneralRegularOccupantDatacoverageAPITest</td>
<td></td>
<td>0</td>
<td>com.arcapi.ScenarioBasedTestcases.VerifyGeneralRegularOccupantDatacoverageAPITest@4961f6af</td></tr>
<tr>
<td title='com.arcapi.ScenarioBasedTestcases.VerifyGeneralRegularOccupantDatacoverageAPITest.setBaseUri()'><b>setBaseUri</b><br>Test class: com.arcapi.ScenarioBasedTestcases.VerifyGeneralRegularOccupantDatacoverageAPITest</td>
<td></td>
<td>0</td>
<td>com.arcapi.ScenarioBasedTestcases.VerifyGeneralRegularOccupantDatacoverageAPITest@4961f6af</td></tr>
<tr>
<td title='com.arcapi.ScenarioBasedTestcases.SetGeneralVisitorOccupantPUTAPITest.getSuiteName()'><b>getSuiteName</b><br>Test class: com.arcapi.ScenarioBasedTestcases.SetGeneralVisitorOccupantPUTAPITest</td>
<td></td>
<td>0</td>
<td>com.arcapi.ScenarioBasedTestcases.SetGeneralVisitorOccupantPUTAPITest@5aebe890</td></tr>
<tr>
<td title='com.arcapi.ScenarioBasedTestcases.SetGeneralVisitorOccupantPUTAPITest.setBaseUri()'><b>setBaseUri</b><br>Test class: com.arcapi.ScenarioBasedTestcases.SetGeneralVisitorOccupantPUTAPITest</td>
<td></td>
<td>0</td>
<td>com.arcapi.ScenarioBasedTestcases.SetGeneralVisitorOccupantPUTAPITest@5aebe890</td></tr>
<tr>
<td title='com.arcapi.ScenarioBasedTestcases.VerifyGeneralVisitorOccupantDatacoverageAPITest.getSuiteName()'><b>getSuiteName</b><br>Test class: com.arcapi.ScenarioBasedTestcases.VerifyGeneralVisitorOccupantDatacoverageAPITest</td>
<td></td>
<td>0</td>
<td>com.arcapi.ScenarioBasedTestcases.VerifyGeneralVisitorOccupantDatacoverageAPITest@65d09a04</td></tr>
<tr>
<td title='com.arcapi.ScenarioBasedTestcases.VerifyGeneralVisitorOccupantDatacoverageAPITest.setBaseUri()'><b>setBaseUri</b><br>Test class: com.arcapi.ScenarioBasedTestcases.VerifyGeneralVisitorOccupantDatacoverageAPITest</td>
<td></td>
<td>0</td>
<td>com.arcapi.ScenarioBasedTestcases.VerifyGeneralVisitorOccupantDatacoverageAPITest@65d09a04</td></tr>
<tr>
<td title='com.arcapi.ScenarioBasedTestcases.NegUpdateTransportOccupantPOSTAPITest.getSuiteName()'><b>getSuiteName</b><br>Test class: com.arcapi.ScenarioBasedTestcases.NegUpdateTransportOccupantPOSTAPITest</td>
<td></td>
<td>0</td>
<td>com.arcapi.ScenarioBasedTestcases.NegUpdateTransportOccupantPOSTAPITest@33c911a1</td></tr>
<tr>
<td title='com.arcapi.ScenarioBasedTestcases.NegUpdateTransportOccupantPOSTAPITest.setBaseUri()'><b>setBaseUri</b><br>Test class: com.arcapi.ScenarioBasedTestcases.NegUpdateTransportOccupantPOSTAPITest</td>
<td></td>
<td>0</td>
<td>com.arcapi.ScenarioBasedTestcases.NegUpdateTransportOccupantPOSTAPITest@33c911a1</td></tr>
<tr>
<td title='com.arcapi.release1_18testcases.AssetUpdateExcludeSpacesTest.getSuiteName()'><b>getSuiteName</b><br>Test class: com.arcapi.release1_18testcases.AssetUpdateExcludeSpacesTest</td>
<td></td>
<td>0</td>
<td>com.arcapi.release1_18testcases.AssetUpdateExcludeSpacesTest@75db5df9</td></tr>
<tr>
<td title='com.arcapi.release1_18testcases.AssetUpdateExcludeSpacesTest.setBaseUri()'><b>setBaseUri</b><br>Test class: com.arcapi.release1_18testcases.AssetUpdateExcludeSpacesTest</td>
<td></td>
<td>0</td>
<td>com.arcapi.release1_18testcases.AssetUpdateExcludeSpacesTest@75db5df9</td></tr>
<tr>
<td title='com.arcapi.ScenarioBasedTestcases.ExcludeSpacesTransportOccupantPOSTAPITest.getSuiteName()'><b>getSuiteName</b><br>Test class: com.arcapi.ScenarioBasedTestcases.ExcludeSpacesTransportOccupantPOSTAPITest</td>
<td></td>
<td>0</td>
<td>com.arcapi.ScenarioBasedTestcases.ExcludeSpacesTransportOccupantPOSTAPITest@707194ba</td></tr>
<tr>
<td title='com.arcapi.ScenarioBasedTestcases.ExcludeSpacesTransportOccupantPOSTAPITest.setBaseUri()'><b>setBaseUri</b><br>Test class: com.arcapi.ScenarioBasedTestcases.ExcludeSpacesTransportOccupantPOSTAPITest</td>
<td></td>
<td>0</td>
<td>com.arcapi.ScenarioBasedTestcases.ExcludeSpacesTransportOccupantPOSTAPITest@707194ba</td></tr>
<tr>
<td title='com.arcapi.ScenarioBasedTestcases.ExcludeSpacesHumanExpOccupantPOSTAPITest.getSuiteName()'><b>getSuiteName</b><br>Test class: com.arcapi.ScenarioBasedTestcases.ExcludeSpacesHumanExpOccupantPOSTAPITest</td>
<td></td>
<td>0</td>
<td>com.arcapi.ScenarioBasedTestcases.ExcludeSpacesHumanExpOccupantPOSTAPITest@1190200a</td></tr>
<tr>
<td title='com.arcapi.ScenarioBasedTestcases.ExcludeSpacesHumanExpOccupantPOSTAPITest.setBaseUri()'><b>setBaseUri</b><br>Test class: com.arcapi.ScenarioBasedTestcases.ExcludeSpacesHumanExpOccupantPOSTAPITest</td>
<td></td>
<td>0</td>
<td>com.arcapi.ScenarioBasedTestcases.ExcludeSpacesHumanExpOccupantPOSTAPITest@1190200a</td></tr>
<tr>
<td title='com.arcapi.ScenarioBasedTestcases.VerifyDatacoverage2108DataGetAPITest.getSuiteName()'><b>getSuiteName</b><br>Test class: com.arcapi.ScenarioBasedTestcases.VerifyDatacoverage2108DataGetAPITest</td>
<td></td>
<td>0</td>
<td>com.arcapi.ScenarioBasedTestcases.VerifyDatacoverage2108DataGetAPITest@6a2f6f80</td></tr>
<tr>
<td title='com.arcapi.ScenarioBasedTestcases.VerifyDatacoverage2108DataGetAPITest.setBaseUri()'><b>setBaseUri</b><br>Test class: com.arcapi.ScenarioBasedTestcases.VerifyDatacoverage2108DataGetAPITest</td>
<td></td>
<td>0</td>
<td>com.arcapi.ScenarioBasedTestcases.VerifyDatacoverage2108DataGetAPITest@6a2f6f80</td></tr>
<tr>
<td title='com.arcapi.Common.Neg.SubmitReviewPOSTAPITest.getSuiteName()'><b>getSuiteName</b><br>Test class: com.arcapi.Common.Neg.SubmitReviewPOSTAPITest</td>
<td></td>
<td>0</td>
<td>com.arcapi.Common.Neg.SubmitReviewPOSTAPITest@45b4c3a9</td></tr>
<tr>
<td title='com.arcapi.Common.Neg.SubmitReviewPOSTAPITest.setBaseUri()'><b>setBaseUri</b><br>Test class: com.arcapi.Common.Neg.SubmitReviewPOSTAPITest</td>
<td></td>
<td>0</td>
<td>com.arcapi.Common.Neg.SubmitReviewPOSTAPITest@45b4c3a9</td></tr>
<tr>
<td title='com.arcapi.Common.ScoreVersionNotificationPOSTAPITest.getSuiteName()'><b>getSuiteName</b><br>Test class: com.arcapi.Common.ScoreVersionNotificationPOSTAPITest</td>
<td></td>
<td>0</td>
<td>com.arcapi.Common.ScoreVersionNotificationPOSTAPITest@399c4be1</td></tr>
<tr>
<td title='com.arcapi.Common.ScoreVersionNotificationPOSTAPITest.setBaseUri()'><b>setBaseUri</b><br>Test class: com.arcapi.Common.ScoreVersionNotificationPOSTAPITest</td>
<td></td>
<td>0</td>
<td>com.arcapi.Common.ScoreVersionNotificationPOSTAPITest@399c4be1</td></tr>
<tr>
<td title='com.arcapi.Common.SocreVersionUpdatePostAPITest.getSuiteName()'><b>getSuiteName</b><br>Test class: com.arcapi.Common.SocreVersionUpdatePostAPITest</td>
<td></td>
<td>0</td>
<td>com.arcapi.Common.SocreVersionUpdatePostAPITest@291caca8</td></tr>
<tr>
<td title='com.arcapi.Common.SocreVersionUpdatePostAPITest.setBaseUri()'><b>setBaseUri</b><br>Test class: com.arcapi.Common.SocreVersionUpdatePostAPITest</td>
<td></td>
<td>0</td>
<td>com.arcapi.Common.SocreVersionUpdatePostAPITest@291caca8</td></tr>
<tr>
<td title='com.arcapi.Common.ScoreVersionExtensionUpdatePostAPITest.getSuiteName()'><b>getSuiteName</b><br>Test class: com.arcapi.Common.ScoreVersionExtensionUpdatePostAPITest</td>
<td></td>
<td>0</td>
<td>com.arcapi.Common.ScoreVersionExtensionUpdatePostAPITest@385e9564</td></tr>
<tr>
<td title='com.arcapi.Common.ScoreVersionExtensionUpdatePostAPITest.setBaseUri()'><b>setBaseUri</b><br>Test class: com.arcapi.Common.ScoreVersionExtensionUpdatePostAPITest</td>
<td></td>
<td>0</td>
<td>com.arcapi.Common.ScoreVersionExtensionUpdatePostAPITest@385e9564</td></tr>
<tr>
<td title='com.arcapi.Common.ScoreVersionExtensionRequestQuerySetGetAPITest.getSuiteName()'><b>getSuiteName</b><br>Test class: com.arcapi.Common.ScoreVersionExtensionRequestQuerySetGetAPITest</td>
<td></td>
<td>0</td>
<td>com.arcapi.Common.ScoreVersionExtensionRequestQuerySetGetAPITest@5b94b04d</td></tr>
<tr>
<td title='com.arcapi.Common.ScoreVersionExtensionRequestQuerySetGetAPITest.setBaseUri()'><b>setBaseUri</b><br>Test class: com.arcapi.Common.ScoreVersionExtensionRequestQuerySetGetAPITest</td>
<td></td>
<td>0</td>
<td>com.arcapi.Common.ScoreVersionExtensionRequestQuerySetGetAPITest@5b94b04d</td></tr>
<tr>
<td title='com.arcapi.Common.ScoreVersionExtensionRequestUpdatePostAPITest.getSuiteName()'><b>getSuiteName</b><br>Test class: com.arcapi.Common.ScoreVersionExtensionRequestUpdatePostAPITest</td>
<td></td>
<td>0</td>
<td>com.arcapi.Common.ScoreVersionExtensionRequestUpdatePostAPITest@8c3b9d</td></tr>
<tr>
<td title='com.arcapi.Common.ScoreVersionExtensionRequestUpdatePostAPITest.setBaseUri()'><b>setBaseUri</b><br>Test class: com.arcapi.Common.ScoreVersionExtensionRequestUpdatePostAPITest</td>
<td></td>
<td>0</td>
<td>com.arcapi.Common.ScoreVersionExtensionRequestUpdatePostAPITest@8c3b9d</td></tr>
<tr>
<td title='com.arcapi.Common.ScoreVersionExtensionRequestUpdateQuerysetGetAPITest.getSuiteName()'><b>getSuiteName</b><br>Test class: com.arcapi.Common.ScoreVersionExtensionRequestUpdateQuerysetGetAPITest</td>
<td></td>
<td>0</td>
<td>com.arcapi.Common.ScoreVersionExtensionRequestUpdateQuerysetGetAPITest@4c39bec8</td></tr>
<tr>
<td title='com.arcapi.Common.ScoreVersionExtensionRequestUpdateQuerysetGetAPITest.setBaseUri()'><b>setBaseUri</b><br>Test class: com.arcapi.Common.ScoreVersionExtensionRequestUpdateQuerysetGetAPITest</td>
<td></td>
<td>0</td>
<td>com.arcapi.Common.ScoreVersionExtensionRequestUpdateQuerysetGetAPITest@4c39bec8</td></tr>
<tr>
<td title='com.arcapi.Common.Neg.ReturnReviewGetAPITest.getSuiteName()'><b>getSuiteName</b><br>Test class: com.arcapi.Common.Neg.ReturnReviewGetAPITest</td>
<td></td>
<td>0</td>
<td>com.arcapi.Common.Neg.ReturnReviewGetAPITest@f79e</td></tr>
<tr>
<td title='com.arcapi.Common.Neg.ReturnReviewGetAPITest.setBaseUri()'><b>setBaseUri</b><br>Test class: com.arcapi.Common.Neg.ReturnReviewGetAPITest</td>
<td></td>
<td>0</td>
<td>com.arcapi.Common.Neg.ReturnReviewGetAPITest@f79e</td></tr>
<tr>
<td title='com.arcapi.ScenarioBasedTestcases.AssetNonUsgbcTeamMemberAddPOSTAPITest.getSuiteName()'><b>getSuiteName</b><br>Test class: com.arcapi.ScenarioBasedTestcases.AssetNonUsgbcTeamMemberAddPOSTAPITest</td>
<td></td>
<td>0</td>
<td>com.arcapi.ScenarioBasedTestcases.AssetNonUsgbcTeamMemberAddPOSTAPITest@7ee8290b</td></tr>
<tr>
<td title='com.arcapi.ScenarioBasedTestcases.AssetNonUsgbcTeamMemberAddPOSTAPITest.setBaseUri()'><b>setBaseUri</b><br>Test class: com.arcapi.ScenarioBasedTestcases.AssetNonUsgbcTeamMemberAddPOSTAPITest</td>
<td></td>
<td>0</td>
<td>com.arcapi.ScenarioBasedTestcases.AssetNonUsgbcTeamMemberAddPOSTAPITest@7ee8290b</td></tr>
<tr>
<td title='com.arcapi.Common.AssetTeamMemberUpdateAPITest.getSuiteName()'><b>getSuiteName</b><br>Test class: com.arcapi.Common.AssetTeamMemberUpdateAPITest</td>
<td></td>
<td>0</td>
<td>com.arcapi.Common.AssetTeamMemberUpdateAPITest@1f59a598</td></tr>
<tr>
<td title='com.arcapi.Common.AssetTeamMemberUpdateAPITest.setBaseUri()'><b>setBaseUri</b><br>Test class: com.arcapi.Common.AssetTeamMemberUpdateAPITest</td>
<td></td>
<td>0</td>
<td>com.arcapi.Common.AssetTeamMemberUpdateAPITest@1f59a598</td></tr>
<tr>
<td title='com.arcapi.ScenarioBasedTestcases.TeamManagerAddPOSTAPITest.getSuiteName()'><b>getSuiteName</b><br>Test class: com.arcapi.ScenarioBasedTestcases.TeamManagerAddPOSTAPITest</td>
<td></td>
<td>0</td>
<td>com.arcapi.ScenarioBasedTestcases.TeamManagerAddPOSTAPITest@1e178745</td></tr>
<tr>
<td title='com.arcapi.ScenarioBasedTestcases.TeamManagerAddPOSTAPITest.setBaseUri()'><b>setBaseUri</b><br>Test class: com.arcapi.ScenarioBasedTestcases.TeamManagerAddPOSTAPITest</td>
<td></td>
<td>0</td>
<td>com.arcapi.ScenarioBasedTestcases.TeamManagerAddPOSTAPITest@1e178745</td></tr>
<tr>
<td title='com.arcapi.Common.LoginAPITest.ExtentReportConfig()'><b>ExtentReportConfig</b><br>Test class: com.arcapi.Common.LoginAPITest</td>
<td></td>
<td>0</td>
<td>com.arcapi.Common.LoginAPITest@6913c1fb</td></tr>
<tr>
<td title='com.arcapi.Common.LoginAPITest.start()'><b>start</b><br>Test class: com.arcapi.Common.LoginAPITest</td>
<td></td>
<td>0</td>
<td>com.arcapi.Common.LoginAPITest@6913c1fb</td></tr>
<tr>
<td title='com.arcapi.Buildingtestcases.CreateAssetBuildingV3APITest.ExtentReportConfig()'><b>ExtentReportConfig</b><br>Test class: com.arcapi.Buildingtestcases.CreateAssetBuildingV3APITest</td>
<td></td>
<td>0</td>
<td>com.arcapi.Buildingtestcases.CreateAssetBuildingV3APITest@66d18979</td></tr>
<tr>
<td title='com.arcapi.Buildingtestcases.CreateAssetBuildingV3APITest.start()'><b>start</b><br>Test class: com.arcapi.Buildingtestcases.CreateAssetBuildingV3APITest</td>
<td></td>
<td>0</td>
<td>com.arcapi.Buildingtestcases.CreateAssetBuildingV3APITest@66d18979</td></tr>
<tr>
<td title='com.arcapi.ScenarioBasedTestcases.EnergyCreate180DaysDataPostAPITest.ExtentReportConfig()'><b>ExtentReportConfig</b><br>Test class: com.arcapi.ScenarioBasedTestcases.EnergyCreate180DaysDataPostAPITest</td>
<td></td>
<td>0</td>
<td>com.arcapi.ScenarioBasedTestcases.EnergyCreate180DaysDataPostAPITest@7d8704ef</td></tr>
<tr>
<td title='com.arcapi.ScenarioBasedTestcases.EnergyCreate180DaysDataPostAPITest.start()'><b>start</b><br>Test class: com.arcapi.ScenarioBasedTestcases.EnergyCreate180DaysDataPostAPITest</td>
<td></td>
<td>0</td>
<td>com.arcapi.ScenarioBasedTestcases.EnergyCreate180DaysDataPostAPITest@7d8704ef</td></tr>
<tr>
<td title='com.arcapi.ScenarioBasedTestcases.WaterCreate180DaysDataPostAPITest.ExtentReportConfig()'><b>ExtentReportConfig</b><br>Test class: com.arcapi.ScenarioBasedTestcases.WaterCreate180DaysDataPostAPITest</td>
<td></td>
<td>0</td>
<td>com.arcapi.ScenarioBasedTestcases.WaterCreate180DaysDataPostAPITest@158a8276</td></tr>
<tr>
<td title='com.arcapi.ScenarioBasedTestcases.WaterCreate180DaysDataPostAPITest.start()'><b>start</b><br>Test class: com.arcapi.ScenarioBasedTestcases.WaterCreate180DaysDataPostAPITest</td>
<td></td>
<td>0</td>
<td>com.arcapi.ScenarioBasedTestcases.WaterCreate180DaysDataPostAPITest@158a8276</td></tr>
<tr>
<td title='com.arcapi.Common.LoginAPITest.teardown()'><b>teardown</b><br>Test class: com.arcapi.Common.LoginAPITest</td>
<td></td>
<td>0</td>
<td>com.arcapi.Common.LoginAPITest@6913c1fb</td></tr>
<tr>
<td title='com.arcapi.Buildingtestcases.CreateAssetBuildingV3APITest.teardown()'><b>teardown</b><br>Test class: com.arcapi.Buildingtestcases.CreateAssetBuildingV3APITest</td>
<td></td>
<td>0</td>
<td>com.arcapi.Buildingtestcases.CreateAssetBuildingV3APITest@66d18979</td></tr>
<tr>
<td title='com.arcapi.ScenarioBasedTestcases.EnergyCreate180DaysDataPostAPITest.teardown()'><b>teardown</b><br>Test class: com.arcapi.ScenarioBasedTestcases.EnergyCreate180DaysDataPostAPITest</td>
<td></td>
<td>0</td>
<td>com.arcapi.ScenarioBasedTestcases.EnergyCreate180DaysDataPostAPITest@7d8704ef</td></tr>
<tr>
<td title='com.arcapi.ScenarioBasedTestcases.WaterCreate180DaysDataPostAPITest.teardown()'><b>teardown</b><br>Test class: com.arcapi.ScenarioBasedTestcases.WaterCreate180DaysDataPostAPITest</td>
<td></td>
<td>0</td>
<td>com.arcapi.ScenarioBasedTestcases.WaterCreate180DaysDataPostAPITest@158a8276</td></tr>
<tr>
<td title='com.arcapi.Common.LoginAPITest.end()'><b>end</b><br>Test class: com.arcapi.Common.LoginAPITest</td>
<td></td>
<td>0</td>
<td>com.arcapi.Common.LoginAPITest@6913c1fb</td></tr>
<tr>
<td title='com.arcapi.Buildingtestcases.CreateAssetBuildingV3APITest.end()'><b>end</b><br>Test class: com.arcapi.Buildingtestcases.CreateAssetBuildingV3APITest</td>
<td></td>
<td>0</td>
<td>com.arcapi.Buildingtestcases.CreateAssetBuildingV3APITest@66d18979</td></tr>
<tr>
<td title='com.arcapi.Common.AssetDetailAPITest.end()'><b>end</b><br>Test class: com.arcapi.Common.AssetDetailAPITest</td>
<td></td>
<td>0</td>
<td>com.arcapi.Common.AssetDetailAPITest@bccb269</td></tr>
<tr>
<td title='com.arcapi.Buildingtestcases.ExcelTemplateMetersAPITest.end()'><b>end</b><br>Test class: com.arcapi.Buildingtestcases.ExcelTemplateMetersAPITest</td>
<td></td>
<td>0</td>
<td>com.arcapi.Buildingtestcases.ExcelTemplateMetersAPITest@609cd4d8</td></tr>
<tr>
<td title='com.arcapi.Buildingtestcases.ElectricityPurchasedFromGridCreatePOSTAPITest.end()'><b>end</b><br>Test class: com.arcapi.Buildingtestcases.ElectricityPurchasedFromGridCreatePOSTAPITest</td>
<td></td>
<td>0</td>
<td>com.arcapi.Buildingtestcases.ElectricityPurchasedFromGridCreatePOSTAPITest@17f7cd29</td></tr>
<tr>
<td title='com.arcapi.ScenarioBasedTestcases.EnergyCreate180DaysDataPostAPITest.end()'><b>end</b><br>Test class: com.arcapi.ScenarioBasedTestcases.EnergyCreate180DaysDataPostAPITest</td>
<td></td>
<td>0</td>
<td>com.arcapi.ScenarioBasedTestcases.EnergyCreate180DaysDataPostAPITest@7d8704ef</td></tr>
<tr>
<td title='com.arcapi.Buildingtestcases.MunicipalitySuppliedPortableWaterCreatePOSTAPITest.end()'><b>end</b><br>Test class: com.arcapi.Buildingtestcases.MunicipalitySuppliedPortableWaterCreatePOSTAPITest</td>
<td></td>
<td>0</td>
<td>com.arcapi.Buildingtestcases.MunicipalitySuppliedPortableWaterCreatePOSTAPITest@13b6aecc</td></tr>
<tr>
<td title='com.arcapi.ScenarioBasedTestcases.WaterCreate180DaysDataPostAPITest.end()'><b>end</b><br>Test class: com.arcapi.ScenarioBasedTestcases.WaterCreate180DaysDataPostAPITest</td>
<td></td>
<td>0</td>
<td>com.arcapi.ScenarioBasedTestcases.WaterCreate180DaysDataPostAPITest@158a8276</td></tr>
<tr>
<td title='com.arcapi.Buildingtestcases.WasteCreatePOSTAPITest.end()'><b>end</b><br>Test class: com.arcapi.Buildingtestcases.WasteCreatePOSTAPITest</td>
<td></td>
<td>0</td>
<td>com.arcapi.Buildingtestcases.WasteCreatePOSTAPITest@3c3d9b6b</td></tr>
<tr>
<td title='com.arcapi.Buildingtestcases.SurveyAllRoutesFeedbackRegularAPIPOSTAPITest.end()'><b>end</b><br>Test class: com.arcapi.Buildingtestcases.SurveyAllRoutesFeedbackRegularAPIPOSTAPITest</td>
<td></td>
<td>0</td>
<td>com.arcapi.Buildingtestcases.SurveyAllRoutesFeedbackRegularAPIPOSTAPITest@79d8407f</td></tr>
<tr>
<td title='com.arcapi.Buildingtestcases.SurveyAllRoutesFeedbackVisitorAPIPOSTAPITest.end()'><b>end</b><br>Test class: com.arcapi.Buildingtestcases.SurveyAllRoutesFeedbackVisitorAPIPOSTAPITest</td>
<td></td>
<td>0</td>
<td>com.arcapi.Buildingtestcases.SurveyAllRoutesFeedbackVisitorAPIPOSTAPITest@5fbe4146</td></tr>
<tr>
<td title='com.arcapi.ScenarioBasedTestcases.CO2ConsumptionCreateAPITest.end()'><b>end</b><br>Test class: com.arcapi.ScenarioBasedTestcases.CO2ConsumptionCreateAPITest</td>
<td></td>
<td>0</td>
<td>com.arcapi.ScenarioBasedTestcases.CO2ConsumptionCreateAPITest@1e66f1f5</td></tr>
<tr>
<td title='com.arcapi.ScenarioBasedTestcases.VOCConsumptionCreateAPITest.end()'><b>end</b><br>Test class: com.arcapi.ScenarioBasedTestcases.VOCConsumptionCreateAPITest</td>
<td></td>
<td>0</td>
<td>com.arcapi.ScenarioBasedTestcases.VOCConsumptionCreateAPITest@4e50c791</td></tr>
<tr>
<td title='com.arcapi.ScenarioBasedTestcases.SetGeneralAllOccupantPUTAPITest.end()'><b>end</b><br>Test class: com.arcapi.ScenarioBasedTestcases.SetGeneralAllOccupantPUTAPITest</td>
<td></td>
<td>0</td>
<td>com.arcapi.ScenarioBasedTestcases.SetGeneralAllOccupantPUTAPITest@7530ad9c</td></tr>
<tr>
<td title='com.arcapi.ScenarioBasedTestcases.VerifyDatacoverageGetAPITest.end()'><b>end</b><br>Test class: com.arcapi.ScenarioBasedTestcases.VerifyDatacoverageGetAPITest</td>
<td></td>
<td>0</td>
<td>com.arcapi.ScenarioBasedTestcases.VerifyDatacoverageGetAPITest@58a9760d</td></tr>
<tr>
<td title='com.arcapi.ScenarioBasedTestcases.OccupatGeneralRegularVisitorUpdateAPITest.end()'><b>end</b><br>Test class: com.arcapi.ScenarioBasedTestcases.OccupatGeneralRegularVisitorUpdateAPITest</td>
<td></td>
<td>0</td>
<td>com.arcapi.ScenarioBasedTestcases.OccupatGeneralRegularVisitorUpdateAPITest@71e9ddb4</td></tr>
<tr>
<td title='com.arcapi.ScenarioBasedTestcases.SetGeneralRegularOccupantPUTAPITest.end()'><b>end</b><br>Test class: com.arcapi.ScenarioBasedTestcases.SetGeneralRegularOccupantPUTAPITest</td>
<td></td>
<td>0</td>
<td>com.arcapi.ScenarioBasedTestcases.SetGeneralRegularOccupantPUTAPITest@394df057</td></tr>
<tr>
<td title='com.arcapi.ScenarioBasedTestcases.VerifyGeneralRegularOccupantDatacoverageAPITest.end()'><b>end</b><br>Test class: com.arcapi.ScenarioBasedTestcases.VerifyGeneralRegularOccupantDatacoverageAPITest</td>
<td></td>
<td>0</td>
<td>com.arcapi.ScenarioBasedTestcases.VerifyGeneralRegularOccupantDatacoverageAPITest@4961f6af</td></tr>
<tr>
<td title='com.arcapi.ScenarioBasedTestcases.SetGeneralVisitorOccupantPUTAPITest.end()'><b>end</b><br>Test class: com.arcapi.ScenarioBasedTestcases.SetGeneralVisitorOccupantPUTAPITest</td>
<td></td>
<td>0</td>
<td>com.arcapi.ScenarioBasedTestcases.SetGeneralVisitorOccupantPUTAPITest@5aebe890</td></tr>
<tr>
<td title='com.arcapi.ScenarioBasedTestcases.VerifyGeneralVisitorOccupantDatacoverageAPITest.end()'><b>end</b><br>Test class: com.arcapi.ScenarioBasedTestcases.VerifyGeneralVisitorOccupantDatacoverageAPITest</td>
<td></td>
<td>0</td>
<td>com.arcapi.ScenarioBasedTestcases.VerifyGeneralVisitorOccupantDatacoverageAPITest@65d09a04</td></tr>
<tr>
<td title='com.arcapi.ScenarioBasedTestcases.NegUpdateTransportOccupantPOSTAPITest.end()'><b>end</b><br>Test class: com.arcapi.ScenarioBasedTestcases.NegUpdateTransportOccupantPOSTAPITest</td>
<td></td>
<td>0</td>
<td>com.arcapi.ScenarioBasedTestcases.NegUpdateTransportOccupantPOSTAPITest@33c911a1</td></tr>
<tr>
<td title='com.arcapi.release1_18testcases.AssetUpdateExcludeSpacesTest.end()'><b>end</b><br>Test class: com.arcapi.release1_18testcases.AssetUpdateExcludeSpacesTest</td>
<td></td>
<td>0</td>
<td>com.arcapi.release1_18testcases.AssetUpdateExcludeSpacesTest@75db5df9</td></tr>
<tr>
<td title='com.arcapi.ScenarioBasedTestcases.ExcludeSpacesTransportOccupantPOSTAPITest.end()'><b>end</b><br>Test class: com.arcapi.ScenarioBasedTestcases.ExcludeSpacesTransportOccupantPOSTAPITest</td>
<td></td>
<td>0</td>
<td>com.arcapi.ScenarioBasedTestcases.ExcludeSpacesTransportOccupantPOSTAPITest@707194ba</td></tr>
<tr>
<td title='com.arcapi.ScenarioBasedTestcases.ExcludeSpacesHumanExpOccupantPOSTAPITest.end()'><b>end</b><br>Test class: com.arcapi.ScenarioBasedTestcases.ExcludeSpacesHumanExpOccupantPOSTAPITest</td>
<td></td>
<td>0</td>
<td>com.arcapi.ScenarioBasedTestcases.ExcludeSpacesHumanExpOccupantPOSTAPITest@1190200a</td></tr>
<tr>
<td title='com.arcapi.ScenarioBasedTestcases.VerifyDatacoverage2108DataGetAPITest.end()'><b>end</b><br>Test class: com.arcapi.ScenarioBasedTestcases.VerifyDatacoverage2108DataGetAPITest</td>
<td></td>
<td>0</td>
<td>com.arcapi.ScenarioBasedTestcases.VerifyDatacoverage2108DataGetAPITest@6a2f6f80</td></tr>
<tr>
<td title='com.arcapi.Common.Neg.SubmitReviewPOSTAPITest.end()'><b>end</b><br>Test class: com.arcapi.Common.Neg.SubmitReviewPOSTAPITest</td>
<td></td>
<td>0</td>
<td>com.arcapi.Common.Neg.SubmitReviewPOSTAPITest@45b4c3a9</td></tr>
<tr>
<td title='com.arcapi.Common.ScoreVersionNotificationPOSTAPITest.end()'><b>end</b><br>Test class: com.arcapi.Common.ScoreVersionNotificationPOSTAPITest</td>
<td></td>
<td>0</td>
<td>com.arcapi.Common.ScoreVersionNotificationPOSTAPITest@399c4be1</td></tr>
<tr>
<td title='com.arcapi.Common.SocreVersionUpdatePostAPITest.end()'><b>end</b><br>Test class: com.arcapi.Common.SocreVersionUpdatePostAPITest</td>
<td></td>
<td>0</td>
<td>com.arcapi.Common.SocreVersionUpdatePostAPITest@291caca8</td></tr>
<tr>
<td title='com.arcapi.Common.ScoreVersionExtensionUpdatePostAPITest.end()'><b>end</b><br>Test class: com.arcapi.Common.ScoreVersionExtensionUpdatePostAPITest</td>
<td></td>
<td>0</td>
<td>com.arcapi.Common.ScoreVersionExtensionUpdatePostAPITest@385e9564</td></tr>
<tr>
<td title='com.arcapi.Common.ScoreVersionExtensionRequestQuerySetGetAPITest.end()'><b>end</b><br>Test class: com.arcapi.Common.ScoreVersionExtensionRequestQuerySetGetAPITest</td>
<td></td>
<td>0</td>
<td>com.arcapi.Common.ScoreVersionExtensionRequestQuerySetGetAPITest@5b94b04d</td></tr>
<tr>
<td title='com.arcapi.Common.ScoreVersionExtensionRequestUpdatePostAPITest.end()'><b>end</b><br>Test class: com.arcapi.Common.ScoreVersionExtensionRequestUpdatePostAPITest</td>
<td></td>
<td>0</td>
<td>com.arcapi.Common.ScoreVersionExtensionRequestUpdatePostAPITest@8c3b9d</td></tr>
<tr>
<td title='com.arcapi.Common.ScoreVersionExtensionRequestUpdateQuerysetGetAPITest.end()'><b>end</b><br>Test class: com.arcapi.Common.ScoreVersionExtensionRequestUpdateQuerysetGetAPITest</td>
<td></td>
<td>0</td>
<td>com.arcapi.Common.ScoreVersionExtensionRequestUpdateQuerysetGetAPITest@4c39bec8</td></tr>
<tr>
<td title='com.arcapi.Common.Neg.ReturnReviewGetAPITest.end()'><b>end</b><br>Test class: com.arcapi.Common.Neg.ReturnReviewGetAPITest</td>
<td></td>
<td>0</td>
<td>com.arcapi.Common.Neg.ReturnReviewGetAPITest@f79e</td></tr>
<tr>
<td title='com.arcapi.ScenarioBasedTestcases.AssetNonUsgbcTeamMemberAddPOSTAPITest.end()'><b>end</b><br>Test class: com.arcapi.ScenarioBasedTestcases.AssetNonUsgbcTeamMemberAddPOSTAPITest</td>
<td></td>
<td>0</td>
<td>com.arcapi.ScenarioBasedTestcases.AssetNonUsgbcTeamMemberAddPOSTAPITest@7ee8290b</td></tr>
<tr>
<td title='com.arcapi.Common.AssetTeamMemberUpdateAPITest.end()'><b>end</b><br>Test class: com.arcapi.Common.AssetTeamMemberUpdateAPITest</td>
<td></td>
<td>0</td>
<td>com.arcapi.Common.AssetTeamMemberUpdateAPITest@1f59a598</td></tr>
<tr>
<td title='com.arcapi.ScenarioBasedTestcases.TeamManagerAddPOSTAPITest.end()'><b>end</b><br>Test class: com.arcapi.ScenarioBasedTestcases.TeamManagerAddPOSTAPITest</td>
<td></td>
<td>0</td>
<td>com.arcapi.ScenarioBasedTestcases.TeamManagerAddPOSTAPITest@1e178745</td></tr>
</table><p>
<table width='100%' border='1' class='invocation-skipped'>
<tr><td colspan='4' align='center'><b>SKIPPED TESTS</b></td></tr>
<tr><td><b>Test method</b></td>
<td width="30%"><b>Exception</b></td>
<td width="10%"><b>Time (seconds)</b></td>
<td><b>Instance</b></td>
</tr>
<tr>
<td title='com.arcapi.Common.AssetDetailAPITest.AssetDetailAPI()'><b>AssetDetailAPI</b><br>Test class: com.arcapi.Common.AssetDetailAPITest</td>
<td><div><pre>org.testng.TestNGException: 
Parameter &apos;SheetName&apos; is required by @Test on method AssetDetailAPI but has not been marked @Optional or defined
in D:\worksapceNew\TestArcAPI\src\main\resources\TestNGFiles\V2ScenarioBasedTestingTestng.xml
... Removed 23 stack frames</pre></div><a href='#' onClick='toggleBox("stack-trace725418930", this, "Click to show all stack frames", "Click to hide stack frames")'>Click to show all stack frames</a>
<div class='stack-trace' id='stack-trace725418930'><pre>org.testng.TestNGException: 
Parameter &apos;SheetName&apos; is required by @Test on method AssetDetailAPI but has not been marked @Optional or defined
in D:\worksapceNew\TestArcAPI\src\main\resources\TestNGFiles\V2ScenarioBasedTestingTestng.xml
	at org.testng.internal.Parameters.createParameters(Parameters.java:154)
	at org.testng.internal.Parameters.createParameters(Parameters.java:361)
	at org.testng.internal.Parameters.handleParameters(Parameters.java:451)
	at org.testng.internal.Invoker.handleParameters(Invoker.java:1274)
	at org.testng.internal.Invoker.createParameters(Invoker.java:989)
	at org.testng.internal.Invoker.invokeTestMethods(Invoker.java:1079)
	at org.testng.internal.TestMethodWorker.invokeTestMethods(TestMethodWorker.java:129)
	at org.testng.internal.TestMethodWorker.run(TestMethodWorker.java:112)
	at org.testng.TestRunner.privateRun(TestRunner.java:782)
	at org.testng.TestRunner.run(TestRunner.java:632)
	at org.testng.SuiteRunner.runTest(SuiteRunner.java:366)
	at org.testng.SuiteRunner.runSequentially(SuiteRunner.java:361)
	at org.testng.SuiteRunner.privateRun(SuiteRunner.java:319)
	at org.testng.SuiteRunner.run(SuiteRunner.java:268)
	at org.testng.SuiteRunnerWorker.runSuite(SuiteRunnerWorker.java:52)
	at org.testng.SuiteRunnerWorker.run(SuiteRunnerWorker.java:86)
	at org.testng.TestNG.runSuitesSequentially(TestNG.java:1244)
	at org.testng.TestNG.runSuitesSequentially(TestNG.java:1240)
	at org.testng.TestNG.runSuitesLocally(TestNG.java:1169)
	at org.testng.TestNG.run(TestNG.java:1064)
	at org.testng.remote.RemoteTestNG.run(RemoteTestNG.java:113)
	at org.testng.remote.RemoteTestNG.initAndRun(RemoteTestNG.java:206)
	at org.testng.remote.RemoteTestNG.main(RemoteTestNG.java:177)
</pre></div></td>
<td>0</td>
<td>com.arcapi.Common.AssetDetailAPITest@bccb269</td></tr>
<tr>
<td title='com.arcapi.ScenarioBasedTestcases.AssetNonUsgbcTeamMemberAddPOSTAPITest.AssetNonUsgbcTeamMemberAddPOSTAPI()'><b>AssetNonUsgbcTeamMemberAddPOSTAPI</b><br>Test class: com.arcapi.ScenarioBasedTestcases.AssetNonUsgbcTeamMemberAddPOSTAPITest</td>
<td><div><pre>org.testng.TestNGException: 
Parameter &apos;SheetName&apos; is required by @Test on method AssetNonUsgbcTeamMemberAddPOSTAPI but has not been marked @Optional or defined
in D:\worksapceNew\TestArcAPI\src\main\resources\TestNGFiles\V2ScenarioBasedTestingTestng.xml
... Removed 23 stack frames</pre></div><a href='#' onClick='toggleBox("stack-trace1161998217", this, "Click to show all stack frames", "Click to hide stack frames")'>Click to show all stack frames</a>
<div class='stack-trace' id='stack-trace1161998217'><pre>org.testng.TestNGException: 
Parameter &apos;SheetName&apos; is required by @Test on method AssetNonUsgbcTeamMemberAddPOSTAPI but has not been marked @Optional or defined
in D:\worksapceNew\TestArcAPI\src\main\resources\TestNGFiles\V2ScenarioBasedTestingTestng.xml
	at org.testng.internal.Parameters.createParameters(Parameters.java:154)
	at org.testng.internal.Parameters.createParameters(Parameters.java:361)
	at org.testng.internal.Parameters.handleParameters(Parameters.java:451)
	at org.testng.internal.Invoker.handleParameters(Invoker.java:1274)
	at org.testng.internal.Invoker.createParameters(Invoker.java:989)
	at org.testng.internal.Invoker.invokeTestMethods(Invoker.java:1079)
	at org.testng.internal.TestMethodWorker.invokeTestMethods(TestMethodWorker.java:129)
	at org.testng.internal.TestMethodWorker.run(TestMethodWorker.java:112)
	at org.testng.TestRunner.privateRun(TestRunner.java:782)
	at org.testng.TestRunner.run(TestRunner.java:632)
	at org.testng.SuiteRunner.runTest(SuiteRunner.java:366)
	at org.testng.SuiteRunner.runSequentially(SuiteRunner.java:361)
	at org.testng.SuiteRunner.privateRun(SuiteRunner.java:319)
	at org.testng.SuiteRunner.run(SuiteRunner.java:268)
	at org.testng.SuiteRunnerWorker.runSuite(SuiteRunnerWorker.java:52)
	at org.testng.SuiteRunnerWorker.run(SuiteRunnerWorker.java:86)
	at org.testng.TestNG.runSuitesSequentially(TestNG.java:1244)
	at org.testng.TestNG.runSuitesSequentially(TestNG.java:1240)
	at org.testng.TestNG.runSuitesLocally(TestNG.java:1169)
	at org.testng.TestNG.run(TestNG.java:1064)
	at org.testng.remote.RemoteTestNG.run(RemoteTestNG.java:113)
	at org.testng.remote.RemoteTestNG.initAndRun(RemoteTestNG.java:206)
	at org.testng.remote.RemoteTestNG.main(RemoteTestNG.java:177)
</pre></div></td>
<td>0</td>
<td>com.arcapi.ScenarioBasedTestcases.AssetNonUsgbcTeamMemberAddPOSTAPITest@7ee8290b</td></tr>
<tr>
<td title='com.arcapi.Common.AssetTeamMemberUpdateAPITest.AssetTeamMemberUpdateAPI()'><b>AssetTeamMemberUpdateAPI</b><br>Test class: com.arcapi.Common.AssetTeamMemberUpdateAPITest</td>
<td><div><pre>org.testng.TestNGException: 
Parameter &apos;SheetName&apos; is required by @Test on method AssetTeamMemberUpdateAPI but has not been marked @Optional or defined
in D:\worksapceNew\TestArcAPI\src\main\resources\TestNGFiles\V2ScenarioBasedTestingTestng.xml
... Removed 23 stack frames</pre></div><a href='#' onClick='toggleBox("stack-trace1150264921", this, "Click to show all stack frames", "Click to hide stack frames")'>Click to show all stack frames</a>
<div class='stack-trace' id='stack-trace1150264921'><pre>org.testng.TestNGException: 
Parameter &apos;SheetName&apos; is required by @Test on method AssetTeamMemberUpdateAPI but has not been marked @Optional or defined
in D:\worksapceNew\TestArcAPI\src\main\resources\TestNGFiles\V2ScenarioBasedTestingTestng.xml
	at org.testng.internal.Parameters.createParameters(Parameters.java:154)
	at org.testng.internal.Parameters.createParameters(Parameters.java:361)
	at org.testng.internal.Parameters.handleParameters(Parameters.java:451)
	at org.testng.internal.Invoker.handleParameters(Invoker.java:1274)
	at org.testng.internal.Invoker.createParameters(Invoker.java:989)
	at org.testng.internal.Invoker.invokeTestMethods(Invoker.java:1079)
	at org.testng.internal.TestMethodWorker.invokeTestMethods(TestMethodWorker.java:129)
	at org.testng.internal.TestMethodWorker.run(TestMethodWorker.java:112)
	at org.testng.TestRunner.privateRun(TestRunner.java:782)
	at org.testng.TestRunner.run(TestRunner.java:632)
	at org.testng.SuiteRunner.runTest(SuiteRunner.java:366)
	at org.testng.SuiteRunner.runSequentially(SuiteRunner.java:361)
	at org.testng.SuiteRunner.privateRun(SuiteRunner.java:319)
	at org.testng.SuiteRunner.run(SuiteRunner.java:268)
	at org.testng.SuiteRunnerWorker.runSuite(SuiteRunnerWorker.java:52)
	at org.testng.SuiteRunnerWorker.run(SuiteRunnerWorker.java:86)
	at org.testng.TestNG.runSuitesSequentially(TestNG.java:1244)
	at org.testng.TestNG.runSuitesSequentially(TestNG.java:1240)
	at org.testng.TestNG.runSuitesLocally(TestNG.java:1169)
	at org.testng.TestNG.run(TestNG.java:1064)
	at org.testng.remote.RemoteTestNG.run(RemoteTestNG.java:113)
	at org.testng.remote.RemoteTestNG.initAndRun(RemoteTestNG.java:206)
	at org.testng.remote.RemoteTestNG.main(RemoteTestNG.java:177)
</pre></div></td>
<td>0</td>
<td>com.arcapi.Common.AssetTeamMemberUpdateAPITest@1f59a598</td></tr>
<tr>
<td title='com.arcapi.release1_18testcases.AssetUpdateExcludeSpacesTest.AssetUpdateExcludeSpaces()'><b>AssetUpdateExcludeSpaces</b><br>Test class: com.arcapi.release1_18testcases.AssetUpdateExcludeSpacesTest</td>
<td><div><pre>org.testng.TestNGException: 
Parameter &apos;SheetName&apos; is required by @Test on method AssetUpdateExcludeSpaces but has not been marked @Optional or defined
in D:\worksapceNew\TestArcAPI\src\main\resources\TestNGFiles\V2ScenarioBasedTestingTestng.xml
... Removed 23 stack frames</pre></div><a href='#' onClick='toggleBox("stack-trace860717660", this, "Click to show all stack frames", "Click to hide stack frames")'>Click to show all stack frames</a>
<div class='stack-trace' id='stack-trace860717660'><pre>org.testng.TestNGException: 
Parameter &apos;SheetName&apos; is required by @Test on method AssetUpdateExcludeSpaces but has not been marked @Optional or defined
in D:\worksapceNew\TestArcAPI\src\main\resources\TestNGFiles\V2ScenarioBasedTestingTestng.xml
	at org.testng.internal.Parameters.createParameters(Parameters.java:154)
	at org.testng.internal.Parameters.createParameters(Parameters.java:361)
	at org.testng.internal.Parameters.handleParameters(Parameters.java:451)
	at org.testng.internal.Invoker.handleParameters(Invoker.java:1274)
	at org.testng.internal.Invoker.createParameters(Invoker.java:989)
	at org.testng.internal.Invoker.invokeTestMethods(Invoker.java:1079)
	at org.testng.internal.TestMethodWorker.invokeTestMethods(TestMethodWorker.java:129)
	at org.testng.internal.TestMethodWorker.run(TestMethodWorker.java:112)
	at org.testng.TestRunner.privateRun(TestRunner.java:782)
	at org.testng.TestRunner.run(TestRunner.java:632)
	at org.testng.SuiteRunner.runTest(SuiteRunner.java:366)
	at org.testng.SuiteRunner.runSequentially(SuiteRunner.java:361)
	at org.testng.SuiteRunner.privateRun(SuiteRunner.java:319)
	at org.testng.SuiteRunner.run(SuiteRunner.java:268)
	at org.testng.SuiteRunnerWorker.runSuite(SuiteRunnerWorker.java:52)
	at org.testng.SuiteRunnerWorker.run(SuiteRunnerWorker.java:86)
	at org.testng.TestNG.runSuitesSequentially(TestNG.java:1244)
	at org.testng.TestNG.runSuitesSequentially(TestNG.java:1240)
	at org.testng.TestNG.runSuitesLocally(TestNG.java:1169)
	at org.testng.TestNG.run(TestNG.java:1064)
	at org.testng.remote.RemoteTestNG.run(RemoteTestNG.java:113)
	at org.testng.remote.RemoteTestNG.initAndRun(RemoteTestNG.java:206)
	at org.testng.remote.RemoteTestNG.main(RemoteTestNG.java:177)
</pre></div></td>
<td>0</td>
<td>com.arcapi.release1_18testcases.AssetUpdateExcludeSpacesTest@75db5df9</td></tr>
<tr>
<td title='com.arcapi.ScenarioBasedTestcases.CO2ConsumptionCreateAPITest.CO2ConsumptionCreateAPI()'><b>CO2ConsumptionCreateAPI</b><br>Test class: com.arcapi.ScenarioBasedTestcases.CO2ConsumptionCreateAPITest</td>
<td><div><pre>org.testng.TestNGException: 
Parameter &apos;SheetName&apos; is required by @Test on method CO2ConsumptionCreateAPI but has not been marked @Optional or defined
in D:\worksapceNew\TestArcAPI\src\main\resources\TestNGFiles\V2ScenarioBasedTestingTestng.xml
... Removed 23 stack frames</pre></div><a href='#' onClick='toggleBox("stack-trace1434590943", this, "Click to show all stack frames", "Click to hide stack frames")'>Click to show all stack frames</a>
<div class='stack-trace' id='stack-trace1434590943'><pre>org.testng.TestNGException: 
Parameter &apos;SheetName&apos; is required by @Test on method CO2ConsumptionCreateAPI but has not been marked @Optional or defined
in D:\worksapceNew\TestArcAPI\src\main\resources\TestNGFiles\V2ScenarioBasedTestingTestng.xml
	at org.testng.internal.Parameters.createParameters(Parameters.java:154)
	at org.testng.internal.Parameters.createParameters(Parameters.java:361)
	at org.testng.internal.Parameters.handleParameters(Parameters.java:451)
	at org.testng.internal.Invoker.handleParameters(Invoker.java:1274)
	at org.testng.internal.Invoker.createParameters(Invoker.java:989)
	at org.testng.internal.Invoker.invokeTestMethods(Invoker.java:1079)
	at org.testng.internal.TestMethodWorker.invokeTestMethods(TestMethodWorker.java:129)
	at org.testng.internal.TestMethodWorker.run(TestMethodWorker.java:112)
	at org.testng.TestRunner.privateRun(TestRunner.java:782)
	at org.testng.TestRunner.run(TestRunner.java:632)
	at org.testng.SuiteRunner.runTest(SuiteRunner.java:366)
	at org.testng.SuiteRunner.runSequentially(SuiteRunner.java:361)
	at org.testng.SuiteRunner.privateRun(SuiteRunner.java:319)
	at org.testng.SuiteRunner.run(SuiteRunner.java:268)
	at org.testng.SuiteRunnerWorker.runSuite(SuiteRunnerWorker.java:52)
	at org.testng.SuiteRunnerWorker.run(SuiteRunnerWorker.java:86)
	at org.testng.TestNG.runSuitesSequentially(TestNG.java:1244)
	at org.testng.TestNG.runSuitesSequentially(TestNG.java:1240)
	at org.testng.TestNG.runSuitesLocally(TestNG.java:1169)
	at org.testng.TestNG.run(TestNG.java:1064)
	at org.testng.remote.RemoteTestNG.run(RemoteTestNG.java:113)
	at org.testng.remote.RemoteTestNG.initAndRun(RemoteTestNG.java:206)
	at org.testng.remote.RemoteTestNG.main(RemoteTestNG.java:177)
</pre></div></td>
<td>0</td>
<td>com.arcapi.ScenarioBasedTestcases.CO2ConsumptionCreateAPITest@1e66f1f5</td></tr>
<tr>
<td title='com.arcapi.Buildingtestcases.CreateAssetBuildingV3APITest.CreateAssetPOSTAPI()'><b>CreateAssetPOSTAPI</b><br>Test class: com.arcapi.Buildingtestcases.CreateAssetBuildingV3APITest<br>Parameters: building, ProjectIDBuildingNone, US, none, true</td>
<td></td>
<td>0</td>
<td>com.arcapi.Buildingtestcases.CreateAssetBuildingV3APITest@66d18979</td></tr>
<tr>
<td title='com.arcapi.Buildingtestcases.ElectricityPurchasedFromGridCreatePOSTAPITest.ElectricityPurchasedFromGridCreatePOST()'><b>ElectricityPurchasedFromGridCreatePOST</b><br>Test class: com.arcapi.Buildingtestcases.ElectricityPurchasedFromGridCreatePOSTAPITest</td>
<td><div><pre>org.testng.TestNGException: 
Parameter &apos;SheetName&apos; is required by @Test on method ElectricityPurchasedFromGridCreatePOST but has not been marked @Optional or defined
in D:\worksapceNew\TestArcAPI\src\main\resources\TestNGFiles\V2ScenarioBasedTestingTestng.xml
... Removed 23 stack frames</pre></div><a href='#' onClick='toggleBox("stack-trace1896452019", this, "Click to show all stack frames", "Click to hide stack frames")'>Click to show all stack frames</a>
<div class='stack-trace' id='stack-trace1896452019'><pre>org.testng.TestNGException: 
Parameter &apos;SheetName&apos; is required by @Test on method ElectricityPurchasedFromGridCreatePOST but has not been marked @Optional or defined
in D:\worksapceNew\TestArcAPI\src\main\resources\TestNGFiles\V2ScenarioBasedTestingTestng.xml
	at org.testng.internal.Parameters.createParameters(Parameters.java:154)
	at org.testng.internal.Parameters.createParameters(Parameters.java:361)
	at org.testng.internal.Parameters.handleParameters(Parameters.java:451)
	at org.testng.internal.Invoker.handleParameters(Invoker.java:1274)
	at org.testng.internal.Invoker.createParameters(Invoker.java:989)
	at org.testng.internal.Invoker.invokeTestMethods(Invoker.java:1079)
	at org.testng.internal.TestMethodWorker.invokeTestMethods(TestMethodWorker.java:129)
	at org.testng.internal.TestMethodWorker.run(TestMethodWorker.java:112)
	at org.testng.TestRunner.privateRun(TestRunner.java:782)
	at org.testng.TestRunner.run(TestRunner.java:632)
	at org.testng.SuiteRunner.runTest(SuiteRunner.java:366)
	at org.testng.SuiteRunner.runSequentially(SuiteRunner.java:361)
	at org.testng.SuiteRunner.privateRun(SuiteRunner.java:319)
	at org.testng.SuiteRunner.run(SuiteRunner.java:268)
	at org.testng.SuiteRunnerWorker.runSuite(SuiteRunnerWorker.java:52)
	at org.testng.SuiteRunnerWorker.run(SuiteRunnerWorker.java:86)
	at org.testng.TestNG.runSuitesSequentially(TestNG.java:1244)
	at org.testng.TestNG.runSuitesSequentially(TestNG.java:1240)
	at org.testng.TestNG.runSuitesLocally(TestNG.java:1169)
	at org.testng.TestNG.run(TestNG.java:1064)
	at org.testng.remote.RemoteTestNG.run(RemoteTestNG.java:113)
	at org.testng.remote.RemoteTestNG.initAndRun(RemoteTestNG.java:206)
	at org.testng.remote.RemoteTestNG.main(RemoteTestNG.java:177)
</pre></div></td>
<td>0</td>
<td>com.arcapi.Buildingtestcases.ElectricityPurchasedFromGridCreatePOSTAPITest@17f7cd29</td></tr>
<tr>
<td title='com.arcapi.ScenarioBasedTestcases.EnergyCreate180DaysDataPostAPITest.EnergyCreate180DaysDataPostAPI()'><b>EnergyCreate180DaysDataPostAPI</b><br>Test class: com.arcapi.ScenarioBasedTestcases.EnergyCreate180DaysDataPostAPITest</td>
<td></td>
<td>0</td>
<td>com.arcapi.ScenarioBasedTestcases.EnergyCreate180DaysDataPostAPITest@7d8704ef</td></tr>
<tr>
<td title='com.arcapi.Buildingtestcases.ExcelTemplateMetersAPITest.ExcelTemplateMetersAPI()'><b>ExcelTemplateMetersAPI</b><br>Test class: com.arcapi.Buildingtestcases.ExcelTemplateMetersAPITest</td>
<td><div><pre>org.testng.TestNGException: 
Parameter &apos;SheetName&apos; is required by @Test on method ExcelTemplateMetersAPI but has not been marked @Optional or defined
in D:\worksapceNew\TestArcAPI\src\main\resources\TestNGFiles\V2ScenarioBasedTestingTestng.xml
... Removed 23 stack frames</pre></div><a href='#' onClick='toggleBox("stack-trace541721252", this, "Click to show all stack frames", "Click to hide stack frames")'>Click to show all stack frames</a>
<div class='stack-trace' id='stack-trace541721252'><pre>org.testng.TestNGException: 
Parameter &apos;SheetName&apos; is required by @Test on method ExcelTemplateMetersAPI but has not been marked @Optional or defined
in D:\worksapceNew\TestArcAPI\src\main\resources\TestNGFiles\V2ScenarioBasedTestingTestng.xml
	at org.testng.internal.Parameters.createParameters(Parameters.java:154)
	at org.testng.internal.Parameters.createParameters(Parameters.java:361)
	at org.testng.internal.Parameters.handleParameters(Parameters.java:451)
	at org.testng.internal.Invoker.handleParameters(Invoker.java:1274)
	at org.testng.internal.Invoker.createParameters(Invoker.java:989)
	at org.testng.internal.Invoker.invokeTestMethods(Invoker.java:1079)
	at org.testng.internal.TestMethodWorker.invokeTestMethods(TestMethodWorker.java:129)
	at org.testng.internal.TestMethodWorker.run(TestMethodWorker.java:112)
	at org.testng.TestRunner.privateRun(TestRunner.java:782)
	at org.testng.TestRunner.run(TestRunner.java:632)
	at org.testng.SuiteRunner.runTest(SuiteRunner.java:366)
	at org.testng.SuiteRunner.runSequentially(SuiteRunner.java:361)
	at org.testng.SuiteRunner.privateRun(SuiteRunner.java:319)
	at org.testng.SuiteRunner.run(SuiteRunner.java:268)
	at org.testng.SuiteRunnerWorker.runSuite(SuiteRunnerWorker.java:52)
	at org.testng.SuiteRunnerWorker.run(SuiteRunnerWorker.java:86)
	at org.testng.TestNG.runSuitesSequentially(TestNG.java:1244)
	at org.testng.TestNG.runSuitesSequentially(TestNG.java:1240)
	at org.testng.TestNG.runSuitesLocally(TestNG.java:1169)
	at org.testng.TestNG.run(TestNG.java:1064)
	at org.testng.remote.RemoteTestNG.run(RemoteTestNG.java:113)
	at org.testng.remote.RemoteTestNG.initAndRun(RemoteTestNG.java:206)
	at org.testng.remote.RemoteTestNG.main(RemoteTestNG.java:177)
</pre></div></td>
<td>0</td>
<td>com.arcapi.Buildingtestcases.ExcelTemplateMetersAPITest@609cd4d8</td></tr>
<tr>
<td title='com.arcapi.ScenarioBasedTestcases.ExcludeSpacesHumanExpOccupantPOSTAPITest.ExcludeSpacesHumanExpOccupantPOSTAPI()'><b>ExcludeSpacesHumanExpOccupantPOSTAPI</b><br>Test class: com.arcapi.ScenarioBasedTestcases.ExcludeSpacesHumanExpOccupantPOSTAPITest</td>
<td><div><pre>org.testng.TestNGException: 
Parameter &apos;SheetName&apos; is required by @Test on method ExcludeSpacesHumanExpOccupantPOSTAPI but has not been marked @Optional or defined
in D:\worksapceNew\TestArcAPI\src\main\resources\TestNGFiles\V2ScenarioBasedTestingTestng.xml
... Removed 23 stack frames</pre></div><a href='#' onClick='toggleBox("stack-trace891122284", this, "Click to show all stack frames", "Click to hide stack frames")'>Click to show all stack frames</a>
<div class='stack-trace' id='stack-trace891122284'><pre>org.testng.TestNGException: 
Parameter &apos;SheetName&apos; is required by @Test on method ExcludeSpacesHumanExpOccupantPOSTAPI but has not been marked @Optional or defined
in D:\worksapceNew\TestArcAPI\src\main\resources\TestNGFiles\V2ScenarioBasedTestingTestng.xml
	at org.testng.internal.Parameters.createParameters(Parameters.java:154)
	at org.testng.internal.Parameters.createParameters(Parameters.java:361)
	at org.testng.internal.Parameters.handleParameters(Parameters.java:451)
	at org.testng.internal.Invoker.handleParameters(Invoker.java:1274)
	at org.testng.internal.Invoker.createParameters(Invoker.java:989)
	at org.testng.internal.Invoker.invokeTestMethods(Invoker.java:1079)
	at org.testng.internal.TestMethodWorker.invokeTestMethods(TestMethodWorker.java:129)
	at org.testng.internal.TestMethodWorker.run(TestMethodWorker.java:112)
	at org.testng.TestRunner.privateRun(TestRunner.java:782)
	at org.testng.TestRunner.run(TestRunner.java:632)
	at org.testng.SuiteRunner.runTest(SuiteRunner.java:366)
	at org.testng.SuiteRunner.runSequentially(SuiteRunner.java:361)
	at org.testng.SuiteRunner.privateRun(SuiteRunner.java:319)
	at org.testng.SuiteRunner.run(SuiteRunner.java:268)
	at org.testng.SuiteRunnerWorker.runSuite(SuiteRunnerWorker.java:52)
	at org.testng.SuiteRunnerWorker.run(SuiteRunnerWorker.java:86)
	at org.testng.TestNG.runSuitesSequentially(TestNG.java:1244)
	at org.testng.TestNG.runSuitesSequentially(TestNG.java:1240)
	at org.testng.TestNG.runSuitesLocally(TestNG.java:1169)
	at org.testng.TestNG.run(TestNG.java:1064)
	at org.testng.remote.RemoteTestNG.run(RemoteTestNG.java:113)
	at org.testng.remote.RemoteTestNG.initAndRun(RemoteTestNG.java:206)
	at org.testng.remote.RemoteTestNG.main(RemoteTestNG.java:177)
</pre></div></td>
<td>0</td>
<td>com.arcapi.ScenarioBasedTestcases.ExcludeSpacesHumanExpOccupantPOSTAPITest@1190200a</td></tr>
<tr>
<td title='com.arcapi.ScenarioBasedTestcases.ExcludeSpacesTransportOccupantPOSTAPITest.ExcludeSpacesTransportOccupantPOSTAPI()'><b>ExcludeSpacesTransportOccupantPOSTAPI</b><br>Test class: com.arcapi.ScenarioBasedTestcases.ExcludeSpacesTransportOccupantPOSTAPITest</td>
<td><div><pre>org.testng.TestNGException: 
Parameter &apos;SheetName&apos; is required by @Test on method ExcludeSpacesTransportOccupantPOSTAPI but has not been marked @Optional or defined
in D:\worksapceNew\TestArcAPI\src\main\resources\TestNGFiles\V2ScenarioBasedTestingTestng.xml
... Removed 23 stack frames</pre></div><a href='#' onClick='toggleBox("stack-trace1666004025", this, "Click to show all stack frames", "Click to hide stack frames")'>Click to show all stack frames</a>
<div class='stack-trace' id='stack-trace1666004025'><pre>org.testng.TestNGException: 
Parameter &apos;SheetName&apos; is required by @Test on method ExcludeSpacesTransportOccupantPOSTAPI but has not been marked @Optional or defined
in D:\worksapceNew\TestArcAPI\src\main\resources\TestNGFiles\V2ScenarioBasedTestingTestng.xml
	at org.testng.internal.Parameters.createParameters(Parameters.java:154)
	at org.testng.internal.Parameters.createParameters(Parameters.java:361)
	at org.testng.internal.Parameters.handleParameters(Parameters.java:451)
	at org.testng.internal.Invoker.handleParameters(Invoker.java:1274)
	at org.testng.internal.Invoker.createParameters(Invoker.java:989)
	at org.testng.internal.Invoker.invokeTestMethods(Invoker.java:1079)
	at org.testng.internal.TestMethodWorker.invokeTestMethods(TestMethodWorker.java:129)
	at org.testng.internal.TestMethodWorker.run(TestMethodWorker.java:112)
	at org.testng.TestRunner.privateRun(TestRunner.java:782)
	at org.testng.TestRunner.run(TestRunner.java:632)
	at org.testng.SuiteRunner.runTest(SuiteRunner.java:366)
	at org.testng.SuiteRunner.runSequentially(SuiteRunner.java:361)
	at org.testng.SuiteRunner.privateRun(SuiteRunner.java:319)
	at org.testng.SuiteRunner.run(SuiteRunner.java:268)
	at org.testng.SuiteRunnerWorker.runSuite(SuiteRunnerWorker.java:52)
	at org.testng.SuiteRunnerWorker.run(SuiteRunnerWorker.java:86)
	at org.testng.TestNG.runSuitesSequentially(TestNG.java:1244)
	at org.testng.TestNG.runSuitesSequentially(TestNG.java:1240)
	at org.testng.TestNG.runSuitesLocally(TestNG.java:1169)
	at org.testng.TestNG.run(TestNG.java:1064)
	at org.testng.remote.RemoteTestNG.run(RemoteTestNG.java:113)
	at org.testng.remote.RemoteTestNG.initAndRun(RemoteTestNG.java:206)
	at org.testng.remote.RemoteTestNG.main(RemoteTestNG.java:177)
</pre></div></td>
<td>0</td>
<td>com.arcapi.ScenarioBasedTestcases.ExcludeSpacesTransportOccupantPOSTAPITest@707194ba</td></tr>
<tr>
<td title='com.arcapi.Common.LoginAPITest.LoginAPI()'><b>LoginAPI</b><br>Test class: com.arcapi.Common.LoginAPITest</td>
<td></td>
<td>0</td>
<td>com.arcapi.Common.LoginAPITest@6913c1fb</td></tr>
<tr>
<td title='com.arcapi.ScenarioBasedTestcases.NegUpdateTransportOccupantPOSTAPITest.NegUpdateTransportOccupantPOSTAPI()'><b>NegUpdateTransportOccupantPOSTAPI</b><br>Test class: com.arcapi.ScenarioBasedTestcases.NegUpdateTransportOccupantPOSTAPITest</td>
<td><div><pre>org.testng.TestNGException: 
Parameter &apos;SheetName&apos; is required by @Test on method NegUpdateTransportOccupantPOSTAPI but has not been marked @Optional or defined
in D:\worksapceNew\TestArcAPI\src\main\resources\TestNGFiles\V2ScenarioBasedTestingTestng.xml
... Removed 23 stack frames</pre></div><a href='#' onClick='toggleBox("stack-trace1800022151", this, "Click to show all stack frames", "Click to hide stack frames")'>Click to show all stack frames</a>
<div class='stack-trace' id='stack-trace1800022151'><pre>org.testng.TestNGException: 
Parameter &apos;SheetName&apos; is required by @Test on method NegUpdateTransportOccupantPOSTAPI but has not been marked @Optional or defined
in D:\worksapceNew\TestArcAPI\src\main\resources\TestNGFiles\V2ScenarioBasedTestingTestng.xml
	at org.testng.internal.Parameters.createParameters(Parameters.java:154)
	at org.testng.internal.Parameters.createParameters(Parameters.java:361)
	at org.testng.internal.Parameters.handleParameters(Parameters.java:451)
	at org.testng.internal.Invoker.handleParameters(Invoker.java:1274)
	at org.testng.internal.Invoker.createParameters(Invoker.java:989)
	at org.testng.internal.Invoker.invokeTestMethods(Invoker.java:1079)
	at org.testng.internal.TestMethodWorker.invokeTestMethods(TestMethodWorker.java:129)
	at org.testng.internal.TestMethodWorker.run(TestMethodWorker.java:112)
	at org.testng.TestRunner.privateRun(TestRunner.java:782)
	at org.testng.TestRunner.run(TestRunner.java:632)
	at org.testng.SuiteRunner.runTest(SuiteRunner.java:366)
	at org.testng.SuiteRunner.runSequentially(SuiteRunner.java:361)
	at org.testng.SuiteRunner.privateRun(SuiteRunner.java:319)
	at org.testng.SuiteRunner.run(SuiteRunner.java:268)
	at org.testng.SuiteRunnerWorker.runSuite(SuiteRunnerWorker.java:52)
	at org.testng.SuiteRunnerWorker.run(SuiteRunnerWorker.java:86)
	at org.testng.TestNG.runSuitesSequentially(TestNG.java:1244)
	at org.testng.TestNG.runSuitesSequentially(TestNG.java:1240)
	at org.testng.TestNG.runSuitesLocally(TestNG.java:1169)
	at org.testng.TestNG.run(TestNG.java:1064)
	at org.testng.remote.RemoteTestNG.run(RemoteTestNG.java:113)
	at org.testng.remote.RemoteTestNG.initAndRun(RemoteTestNG.java:206)
	at org.testng.remote.RemoteTestNG.main(RemoteTestNG.java:177)
</pre></div></td>
<td>0</td>
<td>com.arcapi.ScenarioBasedTestcases.NegUpdateTransportOccupantPOSTAPITest@33c911a1</td></tr>
<tr>
<td title='com.arcapi.ScenarioBasedTestcases.OccupatGeneralRegularVisitorUpdateAPITest.OccupatGeneralRegularVisitorUpdateAPI()'><b>OccupatGeneralRegularVisitorUpdateAPI</b><br>Test class: com.arcapi.ScenarioBasedTestcases.OccupatGeneralRegularVisitorUpdateAPITest</td>
<td><div><pre>org.testng.TestNGException: 
Parameter &apos;SheetName&apos; is required by @Test on method OccupatGeneralRegularVisitorUpdateAPI but has not been marked @Optional or defined
in D:\worksapceNew\TestArcAPI\src\main\resources\TestNGFiles\V2ScenarioBasedTestingTestng.xml
... Removed 23 stack frames</pre></div><a href='#' onClick='toggleBox("stack-trace219665748", this, "Click to show all stack frames", "Click to hide stack frames")'>Click to show all stack frames</a>
<div class='stack-trace' id='stack-trace219665748'><pre>org.testng.TestNGException: 
Parameter &apos;SheetName&apos; is required by @Test on method OccupatGeneralRegularVisitorUpdateAPI but has not been marked @Optional or defined
in D:\worksapceNew\TestArcAPI\src\main\resources\TestNGFiles\V2ScenarioBasedTestingTestng.xml
	at org.testng.internal.Parameters.createParameters(Parameters.java:154)
	at org.testng.internal.Parameters.createParameters(Parameters.java:361)
	at org.testng.internal.Parameters.handleParameters(Parameters.java:451)
	at org.testng.internal.Invoker.handleParameters(Invoker.java:1274)
	at org.testng.internal.Invoker.createParameters(Invoker.java:989)
	at org.testng.internal.Invoker.invokeTestMethods(Invoker.java:1079)
	at org.testng.internal.TestMethodWorker.invokeTestMethods(TestMethodWorker.java:129)
	at org.testng.internal.TestMethodWorker.run(TestMethodWorker.java:112)
	at org.testng.TestRunner.privateRun(TestRunner.java:782)
	at org.testng.TestRunner.run(TestRunner.java:632)
	at org.testng.SuiteRunner.runTest(SuiteRunner.java:366)
	at org.testng.SuiteRunner.runSequentially(SuiteRunner.java:361)
	at org.testng.SuiteRunner.privateRun(SuiteRunner.java:319)
	at org.testng.SuiteRunner.run(SuiteRunner.java:268)
	at org.testng.SuiteRunnerWorker.runSuite(SuiteRunnerWorker.java:52)
	at org.testng.SuiteRunnerWorker.run(SuiteRunnerWorker.java:86)
	at org.testng.TestNG.runSuitesSequentially(TestNG.java:1244)
	at org.testng.TestNG.runSuitesSequentially(TestNG.java:1240)
	at org.testng.TestNG.runSuitesLocally(TestNG.java:1169)
	at org.testng.TestNG.run(TestNG.java:1064)
	at org.testng.remote.RemoteTestNG.run(RemoteTestNG.java:113)
	at org.testng.remote.RemoteTestNG.initAndRun(RemoteTestNG.java:206)
	at org.testng.remote.RemoteTestNG.main(RemoteTestNG.java:177)
</pre></div></td>
<td>0</td>
<td>com.arcapi.ScenarioBasedTestcases.OccupatGeneralRegularVisitorUpdateAPITest@71e9ddb4</td></tr>
<tr>
<td title='com.arcapi.Common.Neg.ReturnReviewGetAPITest.ReturnReviewGetAPI()'><b>ReturnReviewGetAPI</b><br>Test class: com.arcapi.Common.Neg.ReturnReviewGetAPITest</td>
<td><div><pre>org.testng.TestNGException: 
Parameter &apos;SheetName&apos; is required by @Test on method ReturnReviewGetAPI but has not been marked @Optional or defined
in D:\worksapceNew\TestArcAPI\src\main\resources\TestNGFiles\V2ScenarioBasedTestingTestng.xml
... Removed 23 stack frames</pre></div><a href='#' onClick='toggleBox("stack-trace656624508", this, "Click to show all stack frames", "Click to hide stack frames")'>Click to show all stack frames</a>
<div class='stack-trace' id='stack-trace656624508'><pre>org.testng.TestNGException: 
Parameter &apos;SheetName&apos; is required by @Test on method ReturnReviewGetAPI but has not been marked @Optional or defined
in D:\worksapceNew\TestArcAPI\src\main\resources\TestNGFiles\V2ScenarioBasedTestingTestng.xml
	at org.testng.internal.Parameters.createParameters(Parameters.java:154)
	at org.testng.internal.Parameters.createParameters(Parameters.java:361)
	at org.testng.internal.Parameters.handleParameters(Parameters.java:451)
	at org.testng.internal.Invoker.handleParameters(Invoker.java:1274)
	at org.testng.internal.Invoker.createParameters(Invoker.java:989)
	at org.testng.internal.Invoker.invokeTestMethods(Invoker.java:1079)
	at org.testng.internal.TestMethodWorker.invokeTestMethods(TestMethodWorker.java:129)
	at org.testng.internal.TestMethodWorker.run(TestMethodWorker.java:112)
	at org.testng.TestRunner.privateRun(TestRunner.java:782)
	at org.testng.TestRunner.run(TestRunner.java:632)
	at org.testng.SuiteRunner.runTest(SuiteRunner.java:366)
	at org.testng.SuiteRunner.runSequentially(SuiteRunner.java:361)
	at org.testng.SuiteRunner.privateRun(SuiteRunner.java:319)
	at org.testng.SuiteRunner.run(SuiteRunner.java:268)
	at org.testng.SuiteRunnerWorker.runSuite(SuiteRunnerWorker.java:52)
	at org.testng.SuiteRunnerWorker.run(SuiteRunnerWorker.java:86)
	at org.testng.TestNG.runSuitesSequentially(TestNG.java:1244)
	at org.testng.TestNG.runSuitesSequentially(TestNG.java:1240)
	at org.testng.TestNG.runSuitesLocally(TestNG.java:1169)
	at org.testng.TestNG.run(TestNG.java:1064)
	at org.testng.remote.RemoteTestNG.run(RemoteTestNG.java:113)
	at org.testng.remote.RemoteTestNG.initAndRun(RemoteTestNG.java:206)
	at org.testng.remote.RemoteTestNG.main(RemoteTestNG.java:177)
</pre></div></td>
<td>0</td>
<td>com.arcapi.Common.Neg.ReturnReviewGetAPITest@f79e</td></tr>
<tr>
<td title='com.arcapi.Common.ScoreVersionExtensionRequestQuerySetGetAPITest.ScoreVersionExtensionRequestQuerySetGetAPI()'><b>ScoreVersionExtensionRequestQuerySetGetAPI</b><br>Test class: com.arcapi.Common.ScoreVersionExtensionRequestQuerySetGetAPITest</td>
<td><div><pre>org.testng.TestNGException: 
Parameter &apos;SheetName&apos; is required by @Test on method ScoreVersionExtensionRequestQuerySetGetAPI but has not been marked @Optional or defined
in D:\worksapceNew\TestArcAPI\src\main\resources\TestNGFiles\V2ScenarioBasedTestingTestng.xml
... Removed 23 stack frames</pre></div><a href='#' onClick='toggleBox("stack-trace632554218", this, "Click to show all stack frames", "Click to hide stack frames")'>Click to show all stack frames</a>
<div class='stack-trace' id='stack-trace632554218'><pre>org.testng.TestNGException: 
Parameter &apos;SheetName&apos; is required by @Test on method ScoreVersionExtensionRequestQuerySetGetAPI but has not been marked @Optional or defined
in D:\worksapceNew\TestArcAPI\src\main\resources\TestNGFiles\V2ScenarioBasedTestingTestng.xml
	at org.testng.internal.Parameters.createParameters(Parameters.java:154)
	at org.testng.internal.Parameters.createParameters(Parameters.java:361)
	at org.testng.internal.Parameters.handleParameters(Parameters.java:451)
	at org.testng.internal.Invoker.handleParameters(Invoker.java:1274)
	at org.testng.internal.Invoker.createParameters(Invoker.java:989)
	at org.testng.internal.Invoker.invokeTestMethods(Invoker.java:1079)
	at org.testng.internal.TestMethodWorker.invokeTestMethods(TestMethodWorker.java:129)
	at org.testng.internal.TestMethodWorker.run(TestMethodWorker.java:112)
	at org.testng.TestRunner.privateRun(TestRunner.java:782)
	at org.testng.TestRunner.run(TestRunner.java:632)
	at org.testng.SuiteRunner.runTest(SuiteRunner.java:366)
	at org.testng.SuiteRunner.runSequentially(SuiteRunner.java:361)
	at org.testng.SuiteRunner.privateRun(SuiteRunner.java:319)
	at org.testng.SuiteRunner.run(SuiteRunner.java:268)
	at org.testng.SuiteRunnerWorker.runSuite(SuiteRunnerWorker.java:52)
	at org.testng.SuiteRunnerWorker.run(SuiteRunnerWorker.java:86)
	at org.testng.TestNG.runSuitesSequentially(TestNG.java:1244)
	at org.testng.TestNG.runSuitesSequentially(TestNG.java:1240)
	at org.testng.TestNG.runSuitesLocally(TestNG.java:1169)
	at org.testng.TestNG.run(TestNG.java:1064)
	at org.testng.remote.RemoteTestNG.run(RemoteTestNG.java:113)
	at org.testng.remote.RemoteTestNG.initAndRun(RemoteTestNG.java:206)
	at org.testng.remote.RemoteTestNG.main(RemoteTestNG.java:177)
</pre></div></td>
<td>0</td>
<td>com.arcapi.Common.ScoreVersionExtensionRequestQuerySetGetAPITest@5b94b04d</td></tr>
<tr>
<td title='com.arcapi.Common.ScoreVersionExtensionRequestUpdatePostAPITest.ScoreVersionExtensionRequestUpdatePostAPI()'><b>ScoreVersionExtensionRequestUpdatePostAPI</b><br>Test class: com.arcapi.Common.ScoreVersionExtensionRequestUpdatePostAPITest</td>
<td><div><pre>org.testng.TestNGException: 
Parameter &apos;SheetName&apos; is required by @Test on method ScoreVersionExtensionRequestUpdatePostAPI but has not been marked @Optional or defined
in D:\worksapceNew\TestArcAPI\src\main\resources\TestNGFiles\V2ScenarioBasedTestingTestng.xml
... Removed 23 stack frames</pre></div><a href='#' onClick='toggleBox("stack-trace2141622260", this, "Click to show all stack frames", "Click to hide stack frames")'>Click to show all stack frames</a>
<div class='stack-trace' id='stack-trace2141622260'><pre>org.testng.TestNGException: 
Parameter &apos;SheetName&apos; is required by @Test on method ScoreVersionExtensionRequestUpdatePostAPI but has not been marked @Optional or defined
in D:\worksapceNew\TestArcAPI\src\main\resources\TestNGFiles\V2ScenarioBasedTestingTestng.xml
	at org.testng.internal.Parameters.createParameters(Parameters.java:154)
	at org.testng.internal.Parameters.createParameters(Parameters.java:361)
	at org.testng.internal.Parameters.handleParameters(Parameters.java:451)
	at org.testng.internal.Invoker.handleParameters(Invoker.java:1274)
	at org.testng.internal.Invoker.createParameters(Invoker.java:989)
	at org.testng.internal.Invoker.invokeTestMethods(Invoker.java:1079)
	at org.testng.internal.TestMethodWorker.invokeTestMethods(TestMethodWorker.java:129)
	at org.testng.internal.TestMethodWorker.run(TestMethodWorker.java:112)
	at org.testng.TestRunner.privateRun(TestRunner.java:782)
	at org.testng.TestRunner.run(TestRunner.java:632)
	at org.testng.SuiteRunner.runTest(SuiteRunner.java:366)
	at org.testng.SuiteRunner.runSequentially(SuiteRunner.java:361)
	at org.testng.SuiteRunner.privateRun(SuiteRunner.java:319)
	at org.testng.SuiteRunner.run(SuiteRunner.java:268)
	at org.testng.SuiteRunnerWorker.runSuite(SuiteRunnerWorker.java:52)
	at org.testng.SuiteRunnerWorker.run(SuiteRunnerWorker.java:86)
	at org.testng.TestNG.runSuitesSequentially(TestNG.java:1244)
	at org.testng.TestNG.runSuitesSequentially(TestNG.java:1240)
	at org.testng.TestNG.runSuitesLocally(TestNG.java:1169)
	at org.testng.TestNG.run(TestNG.java:1064)
	at org.testng.remote.RemoteTestNG.run(RemoteTestNG.java:113)
	at org.testng.remote.RemoteTestNG.initAndRun(RemoteTestNG.java:206)
	at org.testng.remote.RemoteTestNG.main(RemoteTestNG.java:177)
</pre></div></td>
<td>0</td>
<td>com.arcapi.Common.ScoreVersionExtensionRequestUpdatePostAPITest@8c3b9d</td></tr>
<tr>
<td title='com.arcapi.Common.ScoreVersionExtensionRequestUpdateQuerysetGetAPITest.ScoreVersionExtensionRequestUpdateQuerysetGetAPI()'><b>ScoreVersionExtensionRequestUpdateQuerysetGetAPI</b><br>Test class: com.arcapi.Common.ScoreVersionExtensionRequestUpdateQuerysetGetAPITest</td>
<td><div><pre>org.testng.TestNGException: 
Parameter &apos;SheetName&apos; is required by @Test on method ScoreVersionExtensionRequestUpdateQuerysetGetAPI but has not been marked @Optional or defined
in D:\worksapceNew\TestArcAPI\src\main\resources\TestNGFiles\V2ScenarioBasedTestingTestng.xml
... Removed 23 stack frames</pre></div><a href='#' onClick='toggleBox("stack-trace335004005", this, "Click to show all stack frames", "Click to hide stack frames")'>Click to show all stack frames</a>
<div class='stack-trace' id='stack-trace335004005'><pre>org.testng.TestNGException: 
Parameter &apos;SheetName&apos; is required by @Test on method ScoreVersionExtensionRequestUpdateQuerysetGetAPI but has not been marked @Optional or defined
in D:\worksapceNew\TestArcAPI\src\main\resources\TestNGFiles\V2ScenarioBasedTestingTestng.xml
	at org.testng.internal.Parameters.createParameters(Parameters.java:154)
	at org.testng.internal.Parameters.createParameters(Parameters.java:361)
	at org.testng.internal.Parameters.handleParameters(Parameters.java:451)
	at org.testng.internal.Invoker.handleParameters(Invoker.java:1274)
	at org.testng.internal.Invoker.createParameters(Invoker.java:989)
	at org.testng.internal.Invoker.invokeTestMethods(Invoker.java:1079)
	at org.testng.internal.TestMethodWorker.invokeTestMethods(TestMethodWorker.java:129)
	at org.testng.internal.TestMethodWorker.run(TestMethodWorker.java:112)
	at org.testng.TestRunner.privateRun(TestRunner.java:782)
	at org.testng.TestRunner.run(TestRunner.java:632)
	at org.testng.SuiteRunner.runTest(SuiteRunner.java:366)
	at org.testng.SuiteRunner.runSequentially(SuiteRunner.java:361)
	at org.testng.SuiteRunner.privateRun(SuiteRunner.java:319)
	at org.testng.SuiteRunner.run(SuiteRunner.java:268)
	at org.testng.SuiteRunnerWorker.runSuite(SuiteRunnerWorker.java:52)
	at org.testng.SuiteRunnerWorker.run(SuiteRunnerWorker.java:86)
	at org.testng.TestNG.runSuitesSequentially(TestNG.java:1244)
	at org.testng.TestNG.runSuitesSequentially(TestNG.java:1240)
	at org.testng.TestNG.runSuitesLocally(TestNG.java:1169)
	at org.testng.TestNG.run(TestNG.java:1064)
	at org.testng.remote.RemoteTestNG.run(RemoteTestNG.java:113)
	at org.testng.remote.RemoteTestNG.initAndRun(RemoteTestNG.java:206)
	at org.testng.remote.RemoteTestNG.main(RemoteTestNG.java:177)
</pre></div></td>
<td>0</td>
<td>com.arcapi.Common.ScoreVersionExtensionRequestUpdateQuerysetGetAPITest@4c39bec8</td></tr>
<tr>
<td title='com.arcapi.Common.ScoreVersionExtensionUpdatePostAPITest.ScoreVersionExtensionUpdatePost()'><b>ScoreVersionExtensionUpdatePost</b><br>Test class: com.arcapi.Common.ScoreVersionExtensionUpdatePostAPITest</td>
<td><div><pre>org.testng.TestNGException: 
Parameter &apos;SheetName&apos; is required by @Test on method ScoreVersionExtensionUpdatePost but has not been marked @Optional or defined
in D:\worksapceNew\TestArcAPI\src\main\resources\TestNGFiles\V2ScenarioBasedTestingTestng.xml
... Removed 23 stack frames</pre></div><a href='#' onClick='toggleBox("stack-trace1249669807", this, "Click to show all stack frames", "Click to hide stack frames")'>Click to show all stack frames</a>
<div class='stack-trace' id='stack-trace1249669807'><pre>org.testng.TestNGException: 
Parameter &apos;SheetName&apos; is required by @Test on method ScoreVersionExtensionUpdatePost but has not been marked @Optional or defined
in D:\worksapceNew\TestArcAPI\src\main\resources\TestNGFiles\V2ScenarioBasedTestingTestng.xml
	at org.testng.internal.Parameters.createParameters(Parameters.java:154)
	at org.testng.internal.Parameters.createParameters(Parameters.java:361)
	at org.testng.internal.Parameters.handleParameters(Parameters.java:451)
	at org.testng.internal.Invoker.handleParameters(Invoker.java:1274)
	at org.testng.internal.Invoker.createParameters(Invoker.java:989)
	at org.testng.internal.Invoker.invokeTestMethods(Invoker.java:1079)
	at org.testng.internal.TestMethodWorker.invokeTestMethods(TestMethodWorker.java:129)
	at org.testng.internal.TestMethodWorker.run(TestMethodWorker.java:112)
	at org.testng.TestRunner.privateRun(TestRunner.java:782)
	at org.testng.TestRunner.run(TestRunner.java:632)
	at org.testng.SuiteRunner.runTest(SuiteRunner.java:366)
	at org.testng.SuiteRunner.runSequentially(SuiteRunner.java:361)
	at org.testng.SuiteRunner.privateRun(SuiteRunner.java:319)
	at org.testng.SuiteRunner.run(SuiteRunner.java:268)
	at org.testng.SuiteRunnerWorker.runSuite(SuiteRunnerWorker.java:52)
	at org.testng.SuiteRunnerWorker.run(SuiteRunnerWorker.java:86)
	at org.testng.TestNG.runSuitesSequentially(TestNG.java:1244)
	at org.testng.TestNG.runSuitesSequentially(TestNG.java:1240)
	at org.testng.TestNG.runSuitesLocally(TestNG.java:1169)
	at org.testng.TestNG.run(TestNG.java:1064)
	at org.testng.remote.RemoteTestNG.run(RemoteTestNG.java:113)
	at org.testng.remote.RemoteTestNG.initAndRun(RemoteTestNG.java:206)
	at org.testng.remote.RemoteTestNG.main(RemoteTestNG.java:177)
</pre></div></td>
<td>0</td>
<td>com.arcapi.Common.ScoreVersionExtensionUpdatePostAPITest@385e9564</td></tr>
<tr>
<td title='com.arcapi.Common.ScoreVersionNotificationPOSTAPITest.ScoreVersionNotificationPOSTAPI()'><b>ScoreVersionNotificationPOSTAPI</b><br>Test class: com.arcapi.Common.ScoreVersionNotificationPOSTAPITest</td>
<td><div><pre>org.testng.TestNGException: 
Parameter &apos;SheetName&apos; is required by @Test on method ScoreVersionNotificationPOSTAPI but has not been marked @Optional or defined
in D:\worksapceNew\TestArcAPI\src\main\resources\TestNGFiles\V2ScenarioBasedTestingTestng.xml
... Removed 23 stack frames</pre></div><a href='#' onClick='toggleBox("stack-trace2145438304", this, "Click to show all stack frames", "Click to hide stack frames")'>Click to show all stack frames</a>
<div class='stack-trace' id='stack-trace2145438304'><pre>org.testng.TestNGException: 
Parameter &apos;SheetName&apos; is required by @Test on method ScoreVersionNotificationPOSTAPI but has not been marked @Optional or defined
in D:\worksapceNew\TestArcAPI\src\main\resources\TestNGFiles\V2ScenarioBasedTestingTestng.xml
	at org.testng.internal.Parameters.createParameters(Parameters.java:154)
	at org.testng.internal.Parameters.createParameters(Parameters.java:361)
	at org.testng.internal.Parameters.handleParameters(Parameters.java:451)
	at org.testng.internal.Invoker.handleParameters(Invoker.java:1274)
	at org.testng.internal.Invoker.createParameters(Invoker.java:989)
	at org.testng.internal.Invoker.invokeTestMethods(Invoker.java:1079)
	at org.testng.internal.TestMethodWorker.invokeTestMethods(TestMethodWorker.java:129)
	at org.testng.internal.TestMethodWorker.run(TestMethodWorker.java:112)
	at org.testng.TestRunner.privateRun(TestRunner.java:782)
	at org.testng.TestRunner.run(TestRunner.java:632)
	at org.testng.SuiteRunner.runTest(SuiteRunner.java:366)
	at org.testng.SuiteRunner.runSequentially(SuiteRunner.java:361)
	at org.testng.SuiteRunner.privateRun(SuiteRunner.java:319)
	at org.testng.SuiteRunner.run(SuiteRunner.java:268)
	at org.testng.SuiteRunnerWorker.runSuite(SuiteRunnerWorker.java:52)
	at org.testng.SuiteRunnerWorker.run(SuiteRunnerWorker.java:86)
	at org.testng.TestNG.runSuitesSequentially(TestNG.java:1244)
	at org.testng.TestNG.runSuitesSequentially(TestNG.java:1240)
	at org.testng.TestNG.runSuitesLocally(TestNG.java:1169)
	at org.testng.TestNG.run(TestNG.java:1064)
	at org.testng.remote.RemoteTestNG.run(RemoteTestNG.java:113)
	at org.testng.remote.RemoteTestNG.initAndRun(RemoteTestNG.java:206)
	at org.testng.remote.RemoteTestNG.main(RemoteTestNG.java:177)
</pre></div></td>
<td>0</td>
<td>com.arcapi.Common.ScoreVersionNotificationPOSTAPITest@399c4be1</td></tr>
<tr>
<td title='com.arcapi.ScenarioBasedTestcases.SetGeneralAllOccupantPUTAPITest.SetGeneralAllOccupantPUTAPI()'><b>SetGeneralAllOccupantPUTAPI</b><br>Test class: com.arcapi.ScenarioBasedTestcases.SetGeneralAllOccupantPUTAPITest</td>
<td><div><pre>org.testng.TestNGException: 
Parameter &apos;SheetName&apos; is required by @Test on method SetGeneralAllOccupantPUTAPI but has not been marked @Optional or defined
in D:\worksapceNew\TestArcAPI\src\main\resources\TestNGFiles\V2ScenarioBasedTestingTestng.xml
... Removed 23 stack frames</pre></div><a href='#' onClick='toggleBox("stack-trace141601266", this, "Click to show all stack frames", "Click to hide stack frames")'>Click to show all stack frames</a>
<div class='stack-trace' id='stack-trace141601266'><pre>org.testng.TestNGException: 
Parameter &apos;SheetName&apos; is required by @Test on method SetGeneralAllOccupantPUTAPI but has not been marked @Optional or defined
in D:\worksapceNew\TestArcAPI\src\main\resources\TestNGFiles\V2ScenarioBasedTestingTestng.xml
	at org.testng.internal.Parameters.createParameters(Parameters.java:154)
	at org.testng.internal.Parameters.createParameters(Parameters.java:361)
	at org.testng.internal.Parameters.handleParameters(Parameters.java:451)
	at org.testng.internal.Invoker.handleParameters(Invoker.java:1274)
	at org.testng.internal.Invoker.createParameters(Invoker.java:989)
	at org.testng.internal.Invoker.invokeTestMethods(Invoker.java:1079)
	at org.testng.internal.TestMethodWorker.invokeTestMethods(TestMethodWorker.java:129)
	at org.testng.internal.TestMethodWorker.run(TestMethodWorker.java:112)
	at org.testng.TestRunner.privateRun(TestRunner.java:782)
	at org.testng.TestRunner.run(TestRunner.java:632)
	at org.testng.SuiteRunner.runTest(SuiteRunner.java:366)
	at org.testng.SuiteRunner.runSequentially(SuiteRunner.java:361)
	at org.testng.SuiteRunner.privateRun(SuiteRunner.java:319)
	at org.testng.SuiteRunner.run(SuiteRunner.java:268)
	at org.testng.SuiteRunnerWorker.runSuite(SuiteRunnerWorker.java:52)
	at org.testng.SuiteRunnerWorker.run(SuiteRunnerWorker.java:86)
	at org.testng.TestNG.runSuitesSequentially(TestNG.java:1244)
	at org.testng.TestNG.runSuitesSequentially(TestNG.java:1240)
	at org.testng.TestNG.runSuitesLocally(TestNG.java:1169)
	at org.testng.TestNG.run(TestNG.java:1064)
	at org.testng.remote.RemoteTestNG.run(RemoteTestNG.java:113)
	at org.testng.remote.RemoteTestNG.initAndRun(RemoteTestNG.java:206)
	at org.testng.remote.RemoteTestNG.main(RemoteTestNG.java:177)
</pre></div></td>
<td>0</td>
<td>com.arcapi.ScenarioBasedTestcases.SetGeneralAllOccupantPUTAPITest@7530ad9c</td></tr>
<tr>
<td title='com.arcapi.ScenarioBasedTestcases.SetGeneralVisitorOccupantPUTAPITest.SetGeneralVisitorOccupantPUTAPI()'><b>SetGeneralVisitorOccupantPUTAPI</b><br>Test class: com.arcapi.ScenarioBasedTestcases.SetGeneralVisitorOccupantPUTAPITest</td>
<td><div><pre>org.testng.TestNGException: 
Parameter &apos;SheetName&apos; is required by @Test on method SetGeneralVisitorOccupantPUTAPI but has not been marked @Optional or defined
in D:\worksapceNew\TestArcAPI\src\main\resources\TestNGFiles\V2ScenarioBasedTestingTestng.xml
... Removed 23 stack frames</pre></div><a href='#' onClick='toggleBox("stack-trace202685355", this, "Click to show all stack frames", "Click to hide stack frames")'>Click to show all stack frames</a>
<div class='stack-trace' id='stack-trace202685355'><pre>org.testng.TestNGException: 
Parameter &apos;SheetName&apos; is required by @Test on method SetGeneralVisitorOccupantPUTAPI but has not been marked @Optional or defined
in D:\worksapceNew\TestArcAPI\src\main\resources\TestNGFiles\V2ScenarioBasedTestingTestng.xml
	at org.testng.internal.Parameters.createParameters(Parameters.java:154)
	at org.testng.internal.Parameters.createParameters(Parameters.java:361)
	at org.testng.internal.Parameters.handleParameters(Parameters.java:451)
	at org.testng.internal.Invoker.handleParameters(Invoker.java:1274)
	at org.testng.internal.Invoker.createParameters(Invoker.java:989)
	at org.testng.internal.Invoker.invokeTestMethods(Invoker.java:1079)
	at org.testng.internal.TestMethodWorker.invokeTestMethods(TestMethodWorker.java:129)
	at org.testng.internal.TestMethodWorker.run(TestMethodWorker.java:112)
	at org.testng.TestRunner.privateRun(TestRunner.java:782)
	at org.testng.TestRunner.run(TestRunner.java:632)
	at org.testng.SuiteRunner.runTest(SuiteRunner.java:366)
	at org.testng.SuiteRunner.runSequentially(SuiteRunner.java:361)
	at org.testng.SuiteRunner.privateRun(SuiteRunner.java:319)
	at org.testng.SuiteRunner.run(SuiteRunner.java:268)
	at org.testng.SuiteRunnerWorker.runSuite(SuiteRunnerWorker.java:52)
	at org.testng.SuiteRunnerWorker.run(SuiteRunnerWorker.java:86)
	at org.testng.TestNG.runSuitesSequentially(TestNG.java:1244)
	at org.testng.TestNG.runSuitesSequentially(TestNG.java:1240)
	at org.testng.TestNG.runSuitesLocally(TestNG.java:1169)
	at org.testng.TestNG.run(TestNG.java:1064)
	at org.testng.remote.RemoteTestNG.run(RemoteTestNG.java:113)
	at org.testng.remote.RemoteTestNG.initAndRun(RemoteTestNG.java:206)
	at org.testng.remote.RemoteTestNG.main(RemoteTestNG.java:177)
</pre></div></td>
<td>0</td>
<td>com.arcapi.ScenarioBasedTestcases.SetGeneralVisitorOccupantPUTAPITest@5aebe890</td></tr>
<tr>
<td title='com.arcapi.Common.SocreVersionUpdatePostAPITest.SocreVersionUpdatePostAPI()'><b>SocreVersionUpdatePostAPI</b><br>Test class: com.arcapi.Common.SocreVersionUpdatePostAPITest</td>
<td><div><pre>org.testng.TestNGException: 
Parameter &apos;SheetName&apos; is required by @Test on method SocreVersionUpdatePostAPI but has not been marked @Optional or defined
in D:\worksapceNew\TestArcAPI\src\main\resources\TestNGFiles\V2ScenarioBasedTestingTestng.xml
... Removed 23 stack frames</pre></div><a href='#' onClick='toggleBox("stack-trace1734473563", this, "Click to show all stack frames", "Click to hide stack frames")'>Click to show all stack frames</a>
<div class='stack-trace' id='stack-trace1734473563'><pre>org.testng.TestNGException: 
Parameter &apos;SheetName&apos; is required by @Test on method SocreVersionUpdatePostAPI but has not been marked @Optional or defined
in D:\worksapceNew\TestArcAPI\src\main\resources\TestNGFiles\V2ScenarioBasedTestingTestng.xml
	at org.testng.internal.Parameters.createParameters(Parameters.java:154)
	at org.testng.internal.Parameters.createParameters(Parameters.java:361)
	at org.testng.internal.Parameters.handleParameters(Parameters.java:451)
	at org.testng.internal.Invoker.handleParameters(Invoker.java:1274)
	at org.testng.internal.Invoker.createParameters(Invoker.java:989)
	at org.testng.internal.Invoker.invokeTestMethods(Invoker.java:1079)
	at org.testng.internal.TestMethodWorker.invokeTestMethods(TestMethodWorker.java:129)
	at org.testng.internal.TestMethodWorker.run(TestMethodWorker.java:112)
	at org.testng.TestRunner.privateRun(TestRunner.java:782)
	at org.testng.TestRunner.run(TestRunner.java:632)
	at org.testng.SuiteRunner.runTest(SuiteRunner.java:366)
	at org.testng.SuiteRunner.runSequentially(SuiteRunner.java:361)
	at org.testng.SuiteRunner.privateRun(SuiteRunner.java:319)
	at org.testng.SuiteRunner.run(SuiteRunner.java:268)
	at org.testng.SuiteRunnerWorker.runSuite(SuiteRunnerWorker.java:52)
	at org.testng.SuiteRunnerWorker.run(SuiteRunnerWorker.java:86)
	at org.testng.TestNG.runSuitesSequentially(TestNG.java:1244)
	at org.testng.TestNG.runSuitesSequentially(TestNG.java:1240)
	at org.testng.TestNG.runSuitesLocally(TestNG.java:1169)
	at org.testng.TestNG.run(TestNG.java:1064)
	at org.testng.remote.RemoteTestNG.run(RemoteTestNG.java:113)
	at org.testng.remote.RemoteTestNG.initAndRun(RemoteTestNG.java:206)
	at org.testng.remote.RemoteTestNG.main(RemoteTestNG.java:177)
</pre></div></td>
<td>0</td>
<td>com.arcapi.Common.SocreVersionUpdatePostAPITest@291caca8</td></tr>
<tr>
<td title='com.arcapi.Common.Neg.SubmitReviewPOSTAPITest.SubmitReviewPOSTAPI()'><b>SubmitReviewPOSTAPI</b><br>Test class: com.arcapi.Common.Neg.SubmitReviewPOSTAPITest</td>
<td><div><pre>org.testng.TestNGException: 
Parameter &apos;SheetName&apos; is required by @Test on method SubmitReviewPOSTAPI but has not been marked @Optional or defined
in D:\worksapceNew\TestArcAPI\src\main\resources\TestNGFiles\V2ScenarioBasedTestingTestng.xml
... Removed 23 stack frames</pre></div><a href='#' onClick='toggleBox("stack-trace1440282299", this, "Click to show all stack frames", "Click to hide stack frames")'>Click to show all stack frames</a>
<div class='stack-trace' id='stack-trace1440282299'><pre>org.testng.TestNGException: 
Parameter &apos;SheetName&apos; is required by @Test on method SubmitReviewPOSTAPI but has not been marked @Optional or defined
in D:\worksapceNew\TestArcAPI\src\main\resources\TestNGFiles\V2ScenarioBasedTestingTestng.xml
	at org.testng.internal.Parameters.createParameters(Parameters.java:154)
	at org.testng.internal.Parameters.createParameters(Parameters.java:361)
	at org.testng.internal.Parameters.handleParameters(Parameters.java:451)
	at org.testng.internal.Invoker.handleParameters(Invoker.java:1274)
	at org.testng.internal.Invoker.createParameters(Invoker.java:989)
	at org.testng.internal.Invoker.invokeTestMethods(Invoker.java:1079)
	at org.testng.internal.TestMethodWorker.invokeTestMethods(TestMethodWorker.java:129)
	at org.testng.internal.TestMethodWorker.run(TestMethodWorker.java:112)
	at org.testng.TestRunner.privateRun(TestRunner.java:782)
	at org.testng.TestRunner.run(TestRunner.java:632)
	at org.testng.SuiteRunner.runTest(SuiteRunner.java:366)
	at org.testng.SuiteRunner.runSequentially(SuiteRunner.java:361)
	at org.testng.SuiteRunner.privateRun(SuiteRunner.java:319)
	at org.testng.SuiteRunner.run(SuiteRunner.java:268)
	at org.testng.SuiteRunnerWorker.runSuite(SuiteRunnerWorker.java:52)
	at org.testng.SuiteRunnerWorker.run(SuiteRunnerWorker.java:86)
	at org.testng.TestNG.runSuitesSequentially(TestNG.java:1244)
	at org.testng.TestNG.runSuitesSequentially(TestNG.java:1240)
	at org.testng.TestNG.runSuitesLocally(TestNG.java:1169)
	at org.testng.TestNG.run(TestNG.java:1064)
	at org.testng.remote.RemoteTestNG.run(RemoteTestNG.java:113)
	at org.testng.remote.RemoteTestNG.initAndRun(RemoteTestNG.java:206)
	at org.testng.remote.RemoteTestNG.main(RemoteTestNG.java:177)
</pre></div></td>
<td>0</td>
<td>com.arcapi.Common.Neg.SubmitReviewPOSTAPITest@45b4c3a9</td></tr>
<tr>
<td title='com.arcapi.Buildingtestcases.SurveyAllRoutesFeedbackRegularAPIPOSTAPITest.SurveyAllRoutesFeedbackRegularAPI()'><b>SurveyAllRoutesFeedbackRegularAPI</b><br>Test class: com.arcapi.Buildingtestcases.SurveyAllRoutesFeedbackRegularAPIPOSTAPITest</td>
<td><div><pre>org.testng.TestNGException: 
Parameter &apos;SheetName&apos; is required by @Test on method SurveyAllRoutesFeedbackRegularAPI but has not been marked @Optional or defined
in D:\worksapceNew\TestArcAPI\src\main\resources\TestNGFiles\V2ScenarioBasedTestingTestng.xml
... Removed 23 stack frames</pre></div><a href='#' onClick='toggleBox("stack-trace81639848", this, "Click to show all stack frames", "Click to hide stack frames")'>Click to show all stack frames</a>
<div class='stack-trace' id='stack-trace81639848'><pre>org.testng.TestNGException: 
Parameter &apos;SheetName&apos; is required by @Test on method SurveyAllRoutesFeedbackRegularAPI but has not been marked @Optional or defined
in D:\worksapceNew\TestArcAPI\src\main\resources\TestNGFiles\V2ScenarioBasedTestingTestng.xml
	at org.testng.internal.Parameters.createParameters(Parameters.java:154)
	at org.testng.internal.Parameters.createParameters(Parameters.java:361)
	at org.testng.internal.Parameters.handleParameters(Parameters.java:451)
	at org.testng.internal.Invoker.handleParameters(Invoker.java:1274)
	at org.testng.internal.Invoker.createParameters(Invoker.java:989)
	at org.testng.internal.Invoker.invokeTestMethods(Invoker.java:1079)
	at org.testng.internal.TestMethodWorker.invokeTestMethods(TestMethodWorker.java:129)
	at org.testng.internal.TestMethodWorker.run(TestMethodWorker.java:112)
	at org.testng.TestRunner.privateRun(TestRunner.java:782)
	at org.testng.TestRunner.run(TestRunner.java:632)
	at org.testng.SuiteRunner.runTest(SuiteRunner.java:366)
	at org.testng.SuiteRunner.runSequentially(SuiteRunner.java:361)
	at org.testng.SuiteRunner.privateRun(SuiteRunner.java:319)
	at org.testng.SuiteRunner.run(SuiteRunner.java:268)
	at org.testng.SuiteRunnerWorker.runSuite(SuiteRunnerWorker.java:52)
	at org.testng.SuiteRunnerWorker.run(SuiteRunnerWorker.java:86)
	at org.testng.TestNG.runSuitesSequentially(TestNG.java:1244)
	at org.testng.TestNG.runSuitesSequentially(TestNG.java:1240)
	at org.testng.TestNG.runSuitesLocally(TestNG.java:1169)
	at org.testng.TestNG.run(TestNG.java:1064)
	at org.testng.remote.RemoteTestNG.run(RemoteTestNG.java:113)
	at org.testng.remote.RemoteTestNG.initAndRun(RemoteTestNG.java:206)
	at org.testng.remote.RemoteTestNG.main(RemoteTestNG.java:177)
</pre></div></td>
<td>0</td>
<td>com.arcapi.Buildingtestcases.SurveyAllRoutesFeedbackRegularAPIPOSTAPITest@79d8407f</td></tr>
<tr>
<td title='com.arcapi.Buildingtestcases.SurveyAllRoutesFeedbackVisitorAPIPOSTAPITest.SurveyAllRoutesFeedbackVisitorAPI()'><b>SurveyAllRoutesFeedbackVisitorAPI</b><br>Test class: com.arcapi.Buildingtestcases.SurveyAllRoutesFeedbackVisitorAPIPOSTAPITest</td>
<td><div><pre>org.testng.TestNGException: 
Parameter &apos;SheetName&apos; is required by @Test on method SurveyAllRoutesFeedbackVisitorAPI but has not been marked @Optional or defined
in D:\worksapceNew\TestArcAPI\src\main\resources\TestNGFiles\V2ScenarioBasedTestingTestng.xml
... Removed 23 stack frames</pre></div><a href='#' onClick='toggleBox("stack-trace1082987260", this, "Click to show all stack frames", "Click to hide stack frames")'>Click to show all stack frames</a>
<div class='stack-trace' id='stack-trace1082987260'><pre>org.testng.TestNGException: 
Parameter &apos;SheetName&apos; is required by @Test on method SurveyAllRoutesFeedbackVisitorAPI but has not been marked @Optional or defined
in D:\worksapceNew\TestArcAPI\src\main\resources\TestNGFiles\V2ScenarioBasedTestingTestng.xml
	at org.testng.internal.Parameters.createParameters(Parameters.java:154)
	at org.testng.internal.Parameters.createParameters(Parameters.java:361)
	at org.testng.internal.Parameters.handleParameters(Parameters.java:451)
	at org.testng.internal.Invoker.handleParameters(Invoker.java:1274)
	at org.testng.internal.Invoker.createParameters(Invoker.java:989)
	at org.testng.internal.Invoker.invokeTestMethods(Invoker.java:1079)
	at org.testng.internal.TestMethodWorker.invokeTestMethods(TestMethodWorker.java:129)
	at org.testng.internal.TestMethodWorker.run(TestMethodWorker.java:112)
	at org.testng.TestRunner.privateRun(TestRunner.java:782)
	at org.testng.TestRunner.run(TestRunner.java:632)
	at org.testng.SuiteRunner.runTest(SuiteRunner.java:366)
	at org.testng.SuiteRunner.runSequentially(SuiteRunner.java:361)
	at org.testng.SuiteRunner.privateRun(SuiteRunner.java:319)
	at org.testng.SuiteRunner.run(SuiteRunner.java:268)
	at org.testng.SuiteRunnerWorker.runSuite(SuiteRunnerWorker.java:52)
	at org.testng.SuiteRunnerWorker.run(SuiteRunnerWorker.java:86)
	at org.testng.TestNG.runSuitesSequentially(TestNG.java:1244)
	at org.testng.TestNG.runSuitesSequentially(TestNG.java:1240)
	at org.testng.TestNG.runSuitesLocally(TestNG.java:1169)
	at org.testng.TestNG.run(TestNG.java:1064)
	at org.testng.remote.RemoteTestNG.run(RemoteTestNG.java:113)
	at org.testng.remote.RemoteTestNG.initAndRun(RemoteTestNG.java:206)
	at org.testng.remote.RemoteTestNG.main(RemoteTestNG.java:177)
</pre></div></td>
<td>0</td>
<td>com.arcapi.Buildingtestcases.SurveyAllRoutesFeedbackVisitorAPIPOSTAPITest@5fbe4146</td></tr>
<tr>
<td title='com.arcapi.ScenarioBasedTestcases.TeamManagerAddPOSTAPITest.TeamManagerAddPOSTAPI()'><b>TeamManagerAddPOSTAPI</b><br>Test class: com.arcapi.ScenarioBasedTestcases.TeamManagerAddPOSTAPITest</td>
<td><div><pre>org.testng.TestNGException: 
Parameter &apos;SheetName&apos; is required by @Test on method TeamManagerAddPOSTAPI but has not been marked @Optional or defined
in D:\worksapceNew\TestArcAPI\src\main\resources\TestNGFiles\V2ScenarioBasedTestingTestng.xml
... Removed 23 stack frames</pre></div><a href='#' onClick='toggleBox("stack-trace1316496385", this, "Click to show all stack frames", "Click to hide stack frames")'>Click to show all stack frames</a>
<div class='stack-trace' id='stack-trace1316496385'><pre>org.testng.TestNGException: 
Parameter &apos;SheetName&apos; is required by @Test on method TeamManagerAddPOSTAPI but has not been marked @Optional or defined
in D:\worksapceNew\TestArcAPI\src\main\resources\TestNGFiles\V2ScenarioBasedTestingTestng.xml
	at org.testng.internal.Parameters.createParameters(Parameters.java:154)
	at org.testng.internal.Parameters.createParameters(Parameters.java:361)
	at org.testng.internal.Parameters.handleParameters(Parameters.java:451)
	at org.testng.internal.Invoker.handleParameters(Invoker.java:1274)
	at org.testng.internal.Invoker.createParameters(Invoker.java:989)
	at org.testng.internal.Invoker.invokeTestMethods(Invoker.java:1079)
	at org.testng.internal.TestMethodWorker.invokeTestMethods(TestMethodWorker.java:129)
	at org.testng.internal.TestMethodWorker.run(TestMethodWorker.java:112)
	at org.testng.TestRunner.privateRun(TestRunner.java:782)
	at org.testng.TestRunner.run(TestRunner.java:632)
	at org.testng.SuiteRunner.runTest(SuiteRunner.java:366)
	at org.testng.SuiteRunner.runSequentially(SuiteRunner.java:361)
	at org.testng.SuiteRunner.privateRun(SuiteRunner.java:319)
	at org.testng.SuiteRunner.run(SuiteRunner.java:268)
	at org.testng.SuiteRunnerWorker.runSuite(SuiteRunnerWorker.java:52)
	at org.testng.SuiteRunnerWorker.run(SuiteRunnerWorker.java:86)
	at org.testng.TestNG.runSuitesSequentially(TestNG.java:1244)
	at org.testng.TestNG.runSuitesSequentially(TestNG.java:1240)
	at org.testng.TestNG.runSuitesLocally(TestNG.java:1169)
	at org.testng.TestNG.run(TestNG.java:1064)
	at org.testng.remote.RemoteTestNG.run(RemoteTestNG.java:113)
	at org.testng.remote.RemoteTestNG.initAndRun(RemoteTestNG.java:206)
	at org.testng.remote.RemoteTestNG.main(RemoteTestNG.java:177)
</pre></div></td>
<td>0</td>
<td>com.arcapi.ScenarioBasedTestcases.TeamManagerAddPOSTAPITest@1e178745</td></tr>
<tr>
<td title='com.arcapi.ScenarioBasedTestcases.VOCConsumptionCreateAPITest.VOCConsumptionCreateAPI()'><b>VOCConsumptionCreateAPI</b><br>Test class: com.arcapi.ScenarioBasedTestcases.VOCConsumptionCreateAPITest</td>
<td><div><pre>org.testng.TestNGException: 
Parameter &apos;SheetName&apos; is required by @Test on method VOCConsumptionCreateAPI but has not been marked @Optional or defined
in D:\worksapceNew\TestArcAPI\src\main\resources\TestNGFiles\V2ScenarioBasedTestingTestng.xml
... Removed 23 stack frames</pre></div><a href='#' onClick='toggleBox("stack-trace1214687061", this, "Click to show all stack frames", "Click to hide stack frames")'>Click to show all stack frames</a>
<div class='stack-trace' id='stack-trace1214687061'><pre>org.testng.TestNGException: 
Parameter &apos;SheetName&apos; is required by @Test on method VOCConsumptionCreateAPI but has not been marked @Optional or defined
in D:\worksapceNew\TestArcAPI\src\main\resources\TestNGFiles\V2ScenarioBasedTestingTestng.xml
	at org.testng.internal.Parameters.createParameters(Parameters.java:154)
	at org.testng.internal.Parameters.createParameters(Parameters.java:361)
	at org.testng.internal.Parameters.handleParameters(Parameters.java:451)
	at org.testng.internal.Invoker.handleParameters(Invoker.java:1274)
	at org.testng.internal.Invoker.createParameters(Invoker.java:989)
	at org.testng.internal.Invoker.invokeTestMethods(Invoker.java:1079)
	at org.testng.internal.TestMethodWorker.invokeTestMethods(TestMethodWorker.java:129)
	at org.testng.internal.TestMethodWorker.run(TestMethodWorker.java:112)
	at org.testng.TestRunner.privateRun(TestRunner.java:782)
	at org.testng.TestRunner.run(TestRunner.java:632)
	at org.testng.SuiteRunner.runTest(SuiteRunner.java:366)
	at org.testng.SuiteRunner.runSequentially(SuiteRunner.java:361)
	at org.testng.SuiteRunner.privateRun(SuiteRunner.java:319)
	at org.testng.SuiteRunner.run(SuiteRunner.java:268)
	at org.testng.SuiteRunnerWorker.runSuite(SuiteRunnerWorker.java:52)
	at org.testng.SuiteRunnerWorker.run(SuiteRunnerWorker.java:86)
	at org.testng.TestNG.runSuitesSequentially(TestNG.java:1244)
	at org.testng.TestNG.runSuitesSequentially(TestNG.java:1240)
	at org.testng.TestNG.runSuitesLocally(TestNG.java:1169)
	at org.testng.TestNG.run(TestNG.java:1064)
	at org.testng.remote.RemoteTestNG.run(RemoteTestNG.java:113)
	at org.testng.remote.RemoteTestNG.initAndRun(RemoteTestNG.java:206)
	at org.testng.remote.RemoteTestNG.main(RemoteTestNG.java:177)
</pre></div></td>
<td>0</td>
<td>com.arcapi.ScenarioBasedTestcases.VOCConsumptionCreateAPITest@4e50c791</td></tr>
<tr>
<td title='com.arcapi.ScenarioBasedTestcases.VerifyDatacoverage2108DataGetAPITest.VerifyDatacoverage2108DataGetAPI()'><b>VerifyDatacoverage2108DataGetAPI</b><br>Test class: com.arcapi.ScenarioBasedTestcases.VerifyDatacoverage2108DataGetAPITest</td>
<td><div><pre>org.testng.TestNGException: 
Parameter &apos;SheetName&apos; is required by @Test on method VerifyDatacoverage2108DataGetAPI but has not been marked @Optional or defined
in D:\worksapceNew\TestArcAPI\src\main\resources\TestNGFiles\V2ScenarioBasedTestingTestng.xml
... Removed 23 stack frames</pre></div><a href='#' onClick='toggleBox("stack-trace707270092", this, "Click to show all stack frames", "Click to hide stack frames")'>Click to show all stack frames</a>
<div class='stack-trace' id='stack-trace707270092'><pre>org.testng.TestNGException: 
Parameter &apos;SheetName&apos; is required by @Test on method VerifyDatacoverage2108DataGetAPI but has not been marked @Optional or defined
in D:\worksapceNew\TestArcAPI\src\main\resources\TestNGFiles\V2ScenarioBasedTestingTestng.xml
	at org.testng.internal.Parameters.createParameters(Parameters.java:154)
	at org.testng.internal.Parameters.createParameters(Parameters.java:361)
	at org.testng.internal.Parameters.handleParameters(Parameters.java:451)
	at org.testng.internal.Invoker.handleParameters(Invoker.java:1274)
	at org.testng.internal.Invoker.createParameters(Invoker.java:989)
	at org.testng.internal.Invoker.invokeTestMethods(Invoker.java:1079)
	at org.testng.internal.TestMethodWorker.invokeTestMethods(TestMethodWorker.java:129)
	at org.testng.internal.TestMethodWorker.run(TestMethodWorker.java:112)
	at org.testng.TestRunner.privateRun(TestRunner.java:782)
	at org.testng.TestRunner.run(TestRunner.java:632)
	at org.testng.SuiteRunner.runTest(SuiteRunner.java:366)
	at org.testng.SuiteRunner.runSequentially(SuiteRunner.java:361)
	at org.testng.SuiteRunner.privateRun(SuiteRunner.java:319)
	at org.testng.SuiteRunner.run(SuiteRunner.java:268)
	at org.testng.SuiteRunnerWorker.runSuite(SuiteRunnerWorker.java:52)
	at org.testng.SuiteRunnerWorker.run(SuiteRunnerWorker.java:86)
	at org.testng.TestNG.runSuitesSequentially(TestNG.java:1244)
	at org.testng.TestNG.runSuitesSequentially(TestNG.java:1240)
	at org.testng.TestNG.runSuitesLocally(TestNG.java:1169)
	at org.testng.TestNG.run(TestNG.java:1064)
	at org.testng.remote.RemoteTestNG.run(RemoteTestNG.java:113)
	at org.testng.remote.RemoteTestNG.initAndRun(RemoteTestNG.java:206)
	at org.testng.remote.RemoteTestNG.main(RemoteTestNG.java:177)
</pre></div></td>
<td>0</td>
<td>com.arcapi.ScenarioBasedTestcases.VerifyDatacoverage2108DataGetAPITest@6a2f6f80</td></tr>
<tr>
<td title='com.arcapi.ScenarioBasedTestcases.VerifyDatacoverageGetAPITest.VerifyDatacoverageGetAPI()'><b>VerifyDatacoverageGetAPI</b><br>Test class: com.arcapi.ScenarioBasedTestcases.VerifyDatacoverageGetAPITest</td>
<td><div><pre>org.testng.TestNGException: 
Parameter &apos;SheetName&apos; is required by @Test on method VerifyDatacoverageGetAPI but has not been marked @Optional or defined
in D:\worksapceNew\TestArcAPI\src\main\resources\TestNGFiles\V2ScenarioBasedTestingTestng.xml
... Removed 23 stack frames</pre></div><a href='#' onClick='toggleBox("stack-trace803441523", this, "Click to show all stack frames", "Click to hide stack frames")'>Click to show all stack frames</a>
<div class='stack-trace' id='stack-trace803441523'><pre>org.testng.TestNGException: 
Parameter &apos;SheetName&apos; is required by @Test on method VerifyDatacoverageGetAPI but has not been marked @Optional or defined
in D:\worksapceNew\TestArcAPI\src\main\resources\TestNGFiles\V2ScenarioBasedTestingTestng.xml
	at org.testng.internal.Parameters.createParameters(Parameters.java:154)
	at org.testng.internal.Parameters.createParameters(Parameters.java:361)
	at org.testng.internal.Parameters.handleParameters(Parameters.java:451)
	at org.testng.internal.Invoker.handleParameters(Invoker.java:1274)
	at org.testng.internal.Invoker.createParameters(Invoker.java:989)
	at org.testng.internal.Invoker.invokeTestMethods(Invoker.java:1079)
	at org.testng.internal.TestMethodWorker.invokeTestMethods(TestMethodWorker.java:129)
	at org.testng.internal.TestMethodWorker.run(TestMethodWorker.java:112)
	at org.testng.TestRunner.privateRun(TestRunner.java:782)
	at org.testng.TestRunner.run(TestRunner.java:632)
	at org.testng.SuiteRunner.runTest(SuiteRunner.java:366)
	at org.testng.SuiteRunner.runSequentially(SuiteRunner.java:361)
	at org.testng.SuiteRunner.privateRun(SuiteRunner.java:319)
	at org.testng.SuiteRunner.run(SuiteRunner.java:268)
	at org.testng.SuiteRunnerWorker.runSuite(SuiteRunnerWorker.java:52)
	at org.testng.SuiteRunnerWorker.run(SuiteRunnerWorker.java:86)
	at org.testng.TestNG.runSuitesSequentially(TestNG.java:1244)
	at org.testng.TestNG.runSuitesSequentially(TestNG.java:1240)
	at org.testng.TestNG.runSuitesLocally(TestNG.java:1169)
	at org.testng.TestNG.run(TestNG.java:1064)
	at org.testng.remote.RemoteTestNG.run(RemoteTestNG.java:113)
	at org.testng.remote.RemoteTestNG.initAndRun(RemoteTestNG.java:206)
	at org.testng.remote.RemoteTestNG.main(RemoteTestNG.java:177)
</pre></div></td>
<td>0</td>
<td>com.arcapi.ScenarioBasedTestcases.VerifyDatacoverageGetAPITest@58a9760d</td></tr>
<tr>
<td title='com.arcapi.ScenarioBasedTestcases.SetGeneralRegularOccupantPUTAPITest.VerifyGeneralRegularOccupantDatacoverageAPI()'><b>VerifyGeneralRegularOccupantDatacoverageAPI</b><br>Test class: com.arcapi.ScenarioBasedTestcases.SetGeneralRegularOccupantPUTAPITest</td>
<td><div><pre>org.testng.TestNGException: 
Parameter &apos;SheetName&apos; is required by @Test on method VerifyGeneralRegularOccupantDatacoverageAPI but has not been marked @Optional or defined
in D:\worksapceNew\TestArcAPI\src\main\resources\TestNGFiles\V2ScenarioBasedTestingTestng.xml
... Removed 23 stack frames</pre></div><a href='#' onClick='toggleBox("stack-trace1365333429", this, "Click to show all stack frames", "Click to hide stack frames")'>Click to show all stack frames</a>
<div class='stack-trace' id='stack-trace1365333429'><pre>org.testng.TestNGException: 
Parameter &apos;SheetName&apos; is required by @Test on method VerifyGeneralRegularOccupantDatacoverageAPI but has not been marked @Optional or defined
in D:\worksapceNew\TestArcAPI\src\main\resources\TestNGFiles\V2ScenarioBasedTestingTestng.xml
	at org.testng.internal.Parameters.createParameters(Parameters.java:154)
	at org.testng.internal.Parameters.createParameters(Parameters.java:361)
	at org.testng.internal.Parameters.handleParameters(Parameters.java:451)
	at org.testng.internal.Invoker.handleParameters(Invoker.java:1274)
	at org.testng.internal.Invoker.createParameters(Invoker.java:989)
	at org.testng.internal.Invoker.invokeTestMethods(Invoker.java:1079)
	at org.testng.internal.TestMethodWorker.invokeTestMethods(TestMethodWorker.java:129)
	at org.testng.internal.TestMethodWorker.run(TestMethodWorker.java:112)
	at org.testng.TestRunner.privateRun(TestRunner.java:782)
	at org.testng.TestRunner.run(TestRunner.java:632)
	at org.testng.SuiteRunner.runTest(SuiteRunner.java:366)
	at org.testng.SuiteRunner.runSequentially(SuiteRunner.java:361)
	at org.testng.SuiteRunner.privateRun(SuiteRunner.java:319)
	at org.testng.SuiteRunner.run(SuiteRunner.java:268)
	at org.testng.SuiteRunnerWorker.runSuite(SuiteRunnerWorker.java:52)
	at org.testng.SuiteRunnerWorker.run(SuiteRunnerWorker.java:86)
	at org.testng.TestNG.runSuitesSequentially(TestNG.java:1244)
	at org.testng.TestNG.runSuitesSequentially(TestNG.java:1240)
	at org.testng.TestNG.runSuitesLocally(TestNG.java:1169)
	at org.testng.TestNG.run(TestNG.java:1064)
	at org.testng.remote.RemoteTestNG.run(RemoteTestNG.java:113)
	at org.testng.remote.RemoteTestNG.initAndRun(RemoteTestNG.java:206)
	at org.testng.remote.RemoteTestNG.main(RemoteTestNG.java:177)
</pre></div></td>
<td>0</td>
<td>com.arcapi.ScenarioBasedTestcases.SetGeneralRegularOccupantPUTAPITest@394df057</td></tr>
<tr>
<td title='com.arcapi.ScenarioBasedTestcases.VerifyGeneralRegularOccupantDatacoverageAPITest.VerifyGeneralRegularOccupantDatacoverageAPI()'><b>VerifyGeneralRegularOccupantDatacoverageAPI</b><br>Test class: com.arcapi.ScenarioBasedTestcases.VerifyGeneralRegularOccupantDatacoverageAPITest</td>
<td><div><pre>org.testng.TestNGException: 
Parameter &apos;SheetName&apos; is required by @Test on method VerifyGeneralRegularOccupantDatacoverageAPI but has not been marked @Optional or defined
in D:\worksapceNew\TestArcAPI\src\main\resources\TestNGFiles\V2ScenarioBasedTestingTestng.xml
... Removed 23 stack frames</pre></div><a href='#' onClick='toggleBox("stack-trace1301402330", this, "Click to show all stack frames", "Click to hide stack frames")'>Click to show all stack frames</a>
<div class='stack-trace' id='stack-trace1301402330'><pre>org.testng.TestNGException: 
Parameter &apos;SheetName&apos; is required by @Test on method VerifyGeneralRegularOccupantDatacoverageAPI but has not been marked @Optional or defined
in D:\worksapceNew\TestArcAPI\src\main\resources\TestNGFiles\V2ScenarioBasedTestingTestng.xml
	at org.testng.internal.Parameters.createParameters(Parameters.java:154)
	at org.testng.internal.Parameters.createParameters(Parameters.java:361)
	at org.testng.internal.Parameters.handleParameters(Parameters.java:451)
	at org.testng.internal.Invoker.handleParameters(Invoker.java:1274)
	at org.testng.internal.Invoker.createParameters(Invoker.java:989)
	at org.testng.internal.Invoker.invokeTestMethods(Invoker.java:1079)
	at org.testng.internal.TestMethodWorker.invokeTestMethods(TestMethodWorker.java:129)
	at org.testng.internal.TestMethodWorker.run(TestMethodWorker.java:112)
	at org.testng.TestRunner.privateRun(TestRunner.java:782)
	at org.testng.TestRunner.run(TestRunner.java:632)
	at org.testng.SuiteRunner.runTest(SuiteRunner.java:366)
	at org.testng.SuiteRunner.runSequentially(SuiteRunner.java:361)
	at org.testng.SuiteRunner.privateRun(SuiteRunner.java:319)
	at org.testng.SuiteRunner.run(SuiteRunner.java:268)
	at org.testng.SuiteRunnerWorker.runSuite(SuiteRunnerWorker.java:52)
	at org.testng.SuiteRunnerWorker.run(SuiteRunnerWorker.java:86)
	at org.testng.TestNG.runSuitesSequentially(TestNG.java:1244)
	at org.testng.TestNG.runSuitesSequentially(TestNG.java:1240)
	at org.testng.TestNG.runSuitesLocally(TestNG.java:1169)
	at org.testng.TestNG.run(TestNG.java:1064)
	at org.testng.remote.RemoteTestNG.run(RemoteTestNG.java:113)
	at org.testng.remote.RemoteTestNG.initAndRun(RemoteTestNG.java:206)
	at org.testng.remote.RemoteTestNG.main(RemoteTestNG.java:177)
</pre></div></td>
<td>0</td>
<td>com.arcapi.ScenarioBasedTestcases.VerifyGeneralRegularOccupantDatacoverageAPITest@4961f6af</td></tr>
<tr>
<td title='com.arcapi.ScenarioBasedTestcases.VerifyGeneralVisitorOccupantDatacoverageAPITest.VerifyGeneralVisitorOccupantDatacoverageAPI()'><b>VerifyGeneralVisitorOccupantDatacoverageAPI</b><br>Test class: com.arcapi.ScenarioBasedTestcases.VerifyGeneralVisitorOccupantDatacoverageAPITest</td>
<td><div><pre>org.testng.TestNGException: 
Parameter &apos;SheetName&apos; is required by @Test on method VerifyGeneralVisitorOccupantDatacoverageAPI but has not been marked @Optional or defined
in D:\worksapceNew\TestArcAPI\src\main\resources\TestNGFiles\V2ScenarioBasedTestingTestng.xml
... Removed 23 stack frames</pre></div><a href='#' onClick='toggleBox("stack-trace1452528082", this, "Click to show all stack frames", "Click to hide stack frames")'>Click to show all stack frames</a>
<div class='stack-trace' id='stack-trace1452528082'><pre>org.testng.TestNGException: 
Parameter &apos;SheetName&apos; is required by @Test on method VerifyGeneralVisitorOccupantDatacoverageAPI but has not been marked @Optional or defined
in D:\worksapceNew\TestArcAPI\src\main\resources\TestNGFiles\V2ScenarioBasedTestingTestng.xml
	at org.testng.internal.Parameters.createParameters(Parameters.java:154)
	at org.testng.internal.Parameters.createParameters(Parameters.java:361)
	at org.testng.internal.Parameters.handleParameters(Parameters.java:451)
	at org.testng.internal.Invoker.handleParameters(Invoker.java:1274)
	at org.testng.internal.Invoker.createParameters(Invoker.java:989)
	at org.testng.internal.Invoker.invokeTestMethods(Invoker.java:1079)
	at org.testng.internal.TestMethodWorker.invokeTestMethods(TestMethodWorker.java:129)
	at org.testng.internal.TestMethodWorker.run(TestMethodWorker.java:112)
	at org.testng.TestRunner.privateRun(TestRunner.java:782)
	at org.testng.TestRunner.run(TestRunner.java:632)
	at org.testng.SuiteRunner.runTest(SuiteRunner.java:366)
	at org.testng.SuiteRunner.runSequentially(SuiteRunner.java:361)
	at org.testng.SuiteRunner.privateRun(SuiteRunner.java:319)
	at org.testng.SuiteRunner.run(SuiteRunner.java:268)
	at org.testng.SuiteRunnerWorker.runSuite(SuiteRunnerWorker.java:52)
	at org.testng.SuiteRunnerWorker.run(SuiteRunnerWorker.java:86)
	at org.testng.TestNG.runSuitesSequentially(TestNG.java:1244)
	at org.testng.TestNG.runSuitesSequentially(TestNG.java:1240)
	at org.testng.TestNG.runSuitesLocally(TestNG.java:1169)
	at org.testng.TestNG.run(TestNG.java:1064)
	at org.testng.remote.RemoteTestNG.run(RemoteTestNG.java:113)
	at org.testng.remote.RemoteTestNG.initAndRun(RemoteTestNG.java:206)
	at org.testng.remote.RemoteTestNG.main(RemoteTestNG.java:177)
</pre></div></td>
<td>0</td>
<td>com.arcapi.ScenarioBasedTestcases.VerifyGeneralVisitorOccupantDatacoverageAPITest@65d09a04</td></tr>
<tr>
<td title='com.arcapi.Buildingtestcases.WasteCreatePOSTAPITest.WasteCreatePOSTAPI()'><b>WasteCreatePOSTAPI</b><br>Test class: com.arcapi.Buildingtestcases.WasteCreatePOSTAPITest</td>
<td><div><pre>org.testng.TestNGException: 
Parameter &apos;SheetName&apos; is required by @Test on method WasteCreatePOSTAPI but has not been marked @Optional or defined
in D:\worksapceNew\TestArcAPI\src\main\resources\TestNGFiles\V2ScenarioBasedTestingTestng.xml
... Removed 23 stack frames</pre></div><a href='#' onClick='toggleBox("stack-trace640103260", this, "Click to show all stack frames", "Click to hide stack frames")'>Click to show all stack frames</a>
<div class='stack-trace' id='stack-trace640103260'><pre>org.testng.TestNGException: 
Parameter &apos;SheetName&apos; is required by @Test on method WasteCreatePOSTAPI but has not been marked @Optional or defined
in D:\worksapceNew\TestArcAPI\src\main\resources\TestNGFiles\V2ScenarioBasedTestingTestng.xml
	at org.testng.internal.Parameters.createParameters(Parameters.java:154)
	at org.testng.internal.Parameters.createParameters(Parameters.java:361)
	at org.testng.internal.Parameters.handleParameters(Parameters.java:451)
	at org.testng.internal.Invoker.handleParameters(Invoker.java:1274)
	at org.testng.internal.Invoker.createParameters(Invoker.java:989)
	at org.testng.internal.Invoker.invokeTestMethods(Invoker.java:1079)
	at org.testng.internal.TestMethodWorker.invokeTestMethods(TestMethodWorker.java:129)
	at org.testng.internal.TestMethodWorker.run(TestMethodWorker.java:112)
	at org.testng.TestRunner.privateRun(TestRunner.java:782)
	at org.testng.TestRunner.run(TestRunner.java:632)
	at org.testng.SuiteRunner.runTest(SuiteRunner.java:366)
	at org.testng.SuiteRunner.runSequentially(SuiteRunner.java:361)
	at org.testng.SuiteRunner.privateRun(SuiteRunner.java:319)
	at org.testng.SuiteRunner.run(SuiteRunner.java:268)
	at org.testng.SuiteRunnerWorker.runSuite(SuiteRunnerWorker.java:52)
	at org.testng.SuiteRunnerWorker.run(SuiteRunnerWorker.java:86)
	at org.testng.TestNG.runSuitesSequentially(TestNG.java:1244)
	at org.testng.TestNG.runSuitesSequentially(TestNG.java:1240)
	at org.testng.TestNG.runSuitesLocally(TestNG.java:1169)
	at org.testng.TestNG.run(TestNG.java:1064)
	at org.testng.remote.RemoteTestNG.run(RemoteTestNG.java:113)
	at org.testng.remote.RemoteTestNG.initAndRun(RemoteTestNG.java:206)
	at org.testng.remote.RemoteTestNG.main(RemoteTestNG.java:177)
</pre></div></td>
<td>0</td>
<td>com.arcapi.Buildingtestcases.WasteCreatePOSTAPITest@3c3d9b6b</td></tr>
<tr>
<td title='com.arcapi.ScenarioBasedTestcases.WaterCreate180DaysDataPostAPITest.WaterCreate180DaysDataPostAPI()'><b>WaterCreate180DaysDataPostAPI</b><br>Test class: com.arcapi.ScenarioBasedTestcases.WaterCreate180DaysDataPostAPITest</td>
<td></td>
<td>0</td>
<td>com.arcapi.ScenarioBasedTestcases.WaterCreate180DaysDataPostAPITest@158a8276</td></tr>
<tr>
<td title='com.arcapi.Buildingtestcases.MunicipalitySuppliedPortableWaterCreatePOSTAPITest.municipalitySuppliedPortableWaterCreatePOSTAPI()'><b>municipalitySuppliedPortableWaterCreatePOSTAPI</b><br>Test class: com.arcapi.Buildingtestcases.MunicipalitySuppliedPortableWaterCreatePOSTAPITest</td>
<td><div><pre>org.testng.TestNGException: 
Parameter &apos;SheetName&apos; is required by @Test on method municipalitySuppliedPortableWaterCreatePOSTAPI but has not been marked @Optional or defined
in D:\worksapceNew\TestArcAPI\src\main\resources\TestNGFiles\V2ScenarioBasedTestingTestng.xml
... Removed 23 stack frames</pre></div><a href='#' onClick='toggleBox("stack-trace712628794", this, "Click to show all stack frames", "Click to hide stack frames")'>Click to show all stack frames</a>
<div class='stack-trace' id='stack-trace712628794'><pre>org.testng.TestNGException: 
Parameter &apos;SheetName&apos; is required by @Test on method municipalitySuppliedPortableWaterCreatePOSTAPI but has not been marked @Optional or defined
in D:\worksapceNew\TestArcAPI\src\main\resources\TestNGFiles\V2ScenarioBasedTestingTestng.xml
	at org.testng.internal.Parameters.createParameters(Parameters.java:154)
	at org.testng.internal.Parameters.createParameters(Parameters.java:361)
	at org.testng.internal.Parameters.handleParameters(Parameters.java:451)
	at org.testng.internal.Invoker.handleParameters(Invoker.java:1274)
	at org.testng.internal.Invoker.createParameters(Invoker.java:989)
	at org.testng.internal.Invoker.invokeTestMethods(Invoker.java:1079)
	at org.testng.internal.TestMethodWorker.invokeTestMethods(TestMethodWorker.java:129)
	at org.testng.internal.TestMethodWorker.run(TestMethodWorker.java:112)
	at org.testng.TestRunner.privateRun(TestRunner.java:782)
	at org.testng.TestRunner.run(TestRunner.java:632)
	at org.testng.SuiteRunner.runTest(SuiteRunner.java:366)
	at org.testng.SuiteRunner.runSequentially(SuiteRunner.java:361)
	at org.testng.SuiteRunner.privateRun(SuiteRunner.java:319)
	at org.testng.SuiteRunner.run(SuiteRunner.java:268)
	at org.testng.SuiteRunnerWorker.runSuite(SuiteRunnerWorker.java:52)
	at org.testng.SuiteRunnerWorker.run(SuiteRunnerWorker.java:86)
	at org.testng.TestNG.runSuitesSequentially(TestNG.java:1244)
	at org.testng.TestNG.runSuitesSequentially(TestNG.java:1240)
	at org.testng.TestNG.runSuitesLocally(TestNG.java:1169)
	at org.testng.TestNG.run(TestNG.java:1064)
	at org.testng.remote.RemoteTestNG.run(RemoteTestNG.java:113)
	at org.testng.remote.RemoteTestNG.initAndRun(RemoteTestNG.java:206)
	at org.testng.remote.RemoteTestNG.main(RemoteTestNG.java:177)
</pre></div></td>
<td>0</td>
<td>com.arcapi.Buildingtestcases.MunicipalitySuppliedPortableWaterCreatePOSTAPITest@13b6aecc</td></tr>
</table><p>
</body>
</html>