<html>
<head>
<title>TestNG:  TeamScenario</title>
<link href="../testng.css" rel="stylesheet" type="text/css" />
<link href="../my-testng.css" rel="stylesheet" type="text/css" />

<style type="text/css">
.log { display: none;} 
.stack-trace { display: none;} 
</style>
<script type="text/javascript">
<!--
function flip(e) {
  current = e.style.display;
  if (current == 'block') {
    e.style.display = 'none';
    return 0;
  }
  else {
    e.style.display = 'block';
    return 1;
  }
}

function toggleBox(szDivId, elem, msg1, msg2)
{
  var res = -1;  if (document.getElementById) {
    res = flip(document.getElementById(szDivId));
  }
  else if (document.all) {
    // this is the way old msie versions work
    res = flip(document.all[szDivId]);
  }
  if(elem) {
    if(res == 0) elem.innerHTML = msg1; else elem.innerHTML = msg2;
  }

}

function toggleAllBoxes() {
  if (document.getElementsByTagName) {
    d = document.getElementsByTagName('div');
    for (i = 0; i < d.length; i++) {
      if (d[i].className == 'log') {
        flip(d[i]);
      }
    }
  }
}

// -->
</script>

</head>
<body>
<h2 align='center'>TeamScenario</h2><table border='1' align="center">
<tr>
<td>Tests passed/Failed/Skipped:</td><td>0/0/5</td>
</tr><tr>
<td>Started on:</td><td>Thu Nov 28 10:26:34 IST 2019</td>
</tr>
<tr><td>Total time:</td><td>0 seconds (4 ms)</td>
</tr><tr>
<td>Included groups:</td><td></td>
</tr><tr>
<td>Excluded groups:</td><td></td>
</tr>
</table><p/>
<small><i>(Hover the method name to see the test class name)</i></small><p/>
<table width='100%' border='1' class='invocation-failed'>
<tr><td colspan='4' align='center'><b>FAILED CONFIGURATIONS</b></td></tr>
<tr><td><b>Test method</b></td>
<td width="30%"><b>Exception</b></td>
<td width="10%"><b>Time (seconds)</b></td>
<td><b>Instance</b></td>
</tr>
<tr>
<td title='com.arcapi.ScenarioBasedTestcases.LoginAPITest1.setBaseUri()'><b>setBaseUri</b><br>Test class: com.arcapi.ScenarioBasedTestcases.LoginAPITest1</td>
<td><div><pre>org.testng.TestNGException: 
Parameter &apos;environment&apos; is required by @Configuration on method setBaseUri but has not been marked @Optional or defined
in D:\worksapceNew\TestArcAPI\src\main\resources\TestNGFiles\V2ScenarioBasedTestingTestng.xml
... Removed 22 stack frames</pre></div><a href='#' onClick='toggleBox("stack-trace466562148", this, "Click to show all stack frames", "Click to hide stack frames")'>Click to show all stack frames</a>
<div class='stack-trace' id='stack-trace466562148'><pre>org.testng.TestNGException: 
Parameter &apos;environment&apos; is required by @Configuration on method setBaseUri but has not been marked @Optional or defined
in D:\worksapceNew\TestArcAPI\src\main\resources\TestNGFiles\V2ScenarioBasedTestingTestng.xml
	at org.testng.internal.Parameters.createParameters(Parameters.java:154)
	at org.testng.internal.Parameters.createParameters(Parameters.java:361)
	at org.testng.internal.Parameters.createConfigurationParameters(Parameters.java:84)
	at org.testng.internal.Invoker.invokeConfigurations(Invoker.java:201)
	at org.testng.internal.Invoker.invokeConfigurations(Invoker.java:142)
	at org.testng.internal.TestMethodWorker.invokeBeforeClassMethods(TestMethodWorker.java:178)
	at org.testng.internal.TestMethodWorker.run(TestMethodWorker.java:108)
	at org.testng.TestRunner.privateRun(TestRunner.java:782)
	at org.testng.TestRunner.run(TestRunner.java:632)
	at org.testng.SuiteRunner.runTest(SuiteRunner.java:366)
	at org.testng.SuiteRunner.runSequentially(SuiteRunner.java:361)
	at org.testng.SuiteRunner.privateRun(SuiteRunner.java:319)
	at org.testng.SuiteRunner.run(SuiteRunner.java:268)
	at org.testng.SuiteRunnerWorker.runSuite(SuiteRunnerWorker.java:52)
	at org.testng.SuiteRunnerWorker.run(SuiteRunnerWorker.java:86)
	at org.testng.TestNG.runSuitesSequentially(TestNG.java:1244)
	at org.testng.TestNG.runSuitesSequentially(TestNG.java:1240)
	at org.testng.TestNG.runSuitesLocally(TestNG.java:1169)
	at org.testng.TestNG.run(TestNG.java:1064)
	at org.testng.remote.RemoteTestNG.run(RemoteTestNG.java:113)
	at org.testng.remote.RemoteTestNG.initAndRun(RemoteTestNG.java:206)
	at org.testng.remote.RemoteTestNG.main(RemoteTestNG.java:177)
</pre></div></td>
<td>0</td>
<td>com.arcapi.ScenarioBasedTestcases.LoginAPITest1@77f80c04</td></tr>
</table><p>
<table width='100%' border='1' class='invocation-skipped'>
<tr><td colspan='4' align='center'><b>SKIPPED CONFIGURATIONS</b></td></tr>
<tr><td><b>Test method</b></td>
<td width="30%"><b>Exception</b></td>
<td width="10%"><b>Time (seconds)</b></td>
<td><b>Instance</b></td>
</tr>
<tr>
<td title='com.arcapi.ScenarioBasedTestcases.AssetTeamMemberUpdateAPITest.getSuiteName()'><b>getSuiteName</b><br>Test class: com.arcapi.ScenarioBasedTestcases.AssetTeamMemberUpdateAPITest</td>
<td></td>
<td>0</td>
<td>com.arcapi.ScenarioBasedTestcases.AssetTeamMemberUpdateAPITest@1dac5ef</td></tr>
<tr>
<td title='com.arcapi.ScenarioBasedTestcases.AssetTeamMemberUpdateAPITest.setBaseUri()'><b>setBaseUri</b><br>Test class: com.arcapi.ScenarioBasedTestcases.AssetTeamMemberUpdateAPITest</td>
<td></td>
<td>0</td>
<td>com.arcapi.ScenarioBasedTestcases.AssetTeamMemberUpdateAPITest@1dac5ef</td></tr>
<tr>
<td title='com.arcapi.ScenarioBasedTestcases.AssetTeamMemberUpdateAdminAPITest.getSuiteName()'><b>getSuiteName</b><br>Test class: com.arcapi.ScenarioBasedTestcases.AssetTeamMemberUpdateAdminAPITest</td>
<td></td>
<td>0</td>
<td>com.arcapi.ScenarioBasedTestcases.AssetTeamMemberUpdateAdminAPITest@5c90e579</td></tr>
<tr>
<td title='com.arcapi.ScenarioBasedTestcases.AssetTeamMemberUpdateAdminAPITest.setBaseUri()'><b>setBaseUri</b><br>Test class: com.arcapi.ScenarioBasedTestcases.AssetTeamMemberUpdateAdminAPITest</td>
<td></td>
<td>0</td>
<td>com.arcapi.ScenarioBasedTestcases.AssetTeamMemberUpdateAdminAPITest@5c90e579</td></tr>
<tr>
<td title='com.arcapi.ScenarioBasedTestcases.AssetTeamMemberRemoveAdminAPITest.getSuiteName()'><b>getSuiteName</b><br>Test class: com.arcapi.ScenarioBasedTestcases.AssetTeamMemberRemoveAdminAPITest</td>
<td></td>
<td>0</td>
<td>com.arcapi.ScenarioBasedTestcases.AssetTeamMemberRemoveAdminAPITest@58ea606c</td></tr>
<tr>
<td title='com.arcapi.ScenarioBasedTestcases.AssetTeamMemberRemoveAdminAPITest.setBaseUri()'><b>setBaseUri</b><br>Test class: com.arcapi.ScenarioBasedTestcases.AssetTeamMemberRemoveAdminAPITest</td>
<td></td>
<td>0</td>
<td>com.arcapi.ScenarioBasedTestcases.AssetTeamMemberRemoveAdminAPITest@58ea606c</td></tr>
<tr>
<td title='com.arcapi.ScenarioBasedTestcases.AssetTeamMemberRemoveAPITest.getSuiteName()'><b>getSuiteName</b><br>Test class: com.arcapi.ScenarioBasedTestcases.AssetTeamMemberRemoveAPITest</td>
<td></td>
<td>0</td>
<td>com.arcapi.ScenarioBasedTestcases.AssetTeamMemberRemoveAPITest@6f45df59</td></tr>
<tr>
<td title='com.arcapi.ScenarioBasedTestcases.AssetTeamMemberRemoveAPITest.setBaseUri()'><b>setBaseUri</b><br>Test class: com.arcapi.ScenarioBasedTestcases.AssetTeamMemberRemoveAPITest</td>
<td></td>
<td>0</td>
<td>com.arcapi.ScenarioBasedTestcases.AssetTeamMemberRemoveAPITest@6f45df59</td></tr>
<tr>
<td title='com.arcapi.ScenarioBasedTestcases.LoginAPITest1.end()'><b>end</b><br>Test class: com.arcapi.ScenarioBasedTestcases.LoginAPITest1</td>
<td></td>
<td>0</td>
<td>com.arcapi.ScenarioBasedTestcases.LoginAPITest1@77f80c04</td></tr>
<tr>
<td title='com.arcapi.ScenarioBasedTestcases.AssetTeamMemberUpdateAPITest.end()'><b>end</b><br>Test class: com.arcapi.ScenarioBasedTestcases.AssetTeamMemberUpdateAPITest</td>
<td></td>
<td>0</td>
<td>com.arcapi.ScenarioBasedTestcases.AssetTeamMemberUpdateAPITest@1dac5ef</td></tr>
<tr>
<td title='com.arcapi.ScenarioBasedTestcases.AssetTeamMemberUpdateAdminAPITest.end()'><b>end</b><br>Test class: com.arcapi.ScenarioBasedTestcases.AssetTeamMemberUpdateAdminAPITest</td>
<td></td>
<td>0</td>
<td>com.arcapi.ScenarioBasedTestcases.AssetTeamMemberUpdateAdminAPITest@5c90e579</td></tr>
<tr>
<td title='com.arcapi.ScenarioBasedTestcases.AssetTeamMemberRemoveAdminAPITest.end()'><b>end</b><br>Test class: com.arcapi.ScenarioBasedTestcases.AssetTeamMemberRemoveAdminAPITest</td>
<td></td>
<td>0</td>
<td>com.arcapi.ScenarioBasedTestcases.AssetTeamMemberRemoveAdminAPITest@58ea606c</td></tr>
<tr>
<td title='com.arcapi.ScenarioBasedTestcases.AssetTeamMemberRemoveAPITest.end()'><b>end</b><br>Test class: com.arcapi.ScenarioBasedTestcases.AssetTeamMemberRemoveAPITest</td>
<td></td>
<td>0</td>
<td>com.arcapi.ScenarioBasedTestcases.AssetTeamMemberRemoveAPITest@6f45df59</td></tr>
</table><p>
<table width='100%' border='1' class='invocation-skipped'>
<tr><td colspan='4' align='center'><b>SKIPPED TESTS</b></td></tr>
<tr><td><b>Test method</b></td>
<td width="30%"><b>Exception</b></td>
<td width="10%"><b>Time (seconds)</b></td>
<td><b>Instance</b></td>
</tr>
<tr>
<td title='com.arcapi.ScenarioBasedTestcases.AssetTeamMemberRemoveAPITest.AssetTeamMemberRemoveAPI()'><b>AssetTeamMemberRemoveAPI</b><br>Test class: com.arcapi.ScenarioBasedTestcases.AssetTeamMemberRemoveAPITest</td>
<td><div><pre>org.testng.TestNGException: 
Parameter &apos;SheetName&apos; is required by @Test on method AssetTeamMemberRemoveAPI but has not been marked @Optional or defined
in D:\worksapceNew\TestArcAPI\src\main\resources\TestNGFiles\V2ScenarioBasedTestingTestng.xml
... Removed 23 stack frames</pre></div><a href='#' onClick='toggleBox("stack-trace438485434", this, "Click to show all stack frames", "Click to hide stack frames")'>Click to show all stack frames</a>
<div class='stack-trace' id='stack-trace438485434'><pre>org.testng.TestNGException: 
Parameter &apos;SheetName&apos; is required by @Test on method AssetTeamMemberRemoveAPI but has not been marked @Optional or defined
in D:\worksapceNew\TestArcAPI\src\main\resources\TestNGFiles\V2ScenarioBasedTestingTestng.xml
	at org.testng.internal.Parameters.createParameters(Parameters.java:154)
	at org.testng.internal.Parameters.createParameters(Parameters.java:361)
	at org.testng.internal.Parameters.handleParameters(Parameters.java:451)
	at org.testng.internal.Invoker.handleParameters(Invoker.java:1274)
	at org.testng.internal.Invoker.createParameters(Invoker.java:989)
	at org.testng.internal.Invoker.invokeTestMethods(Invoker.java:1079)
	at org.testng.internal.TestMethodWorker.invokeTestMethods(TestMethodWorker.java:129)
	at org.testng.internal.TestMethodWorker.run(TestMethodWorker.java:112)
	at org.testng.TestRunner.privateRun(TestRunner.java:782)
	at org.testng.TestRunner.run(TestRunner.java:632)
	at org.testng.SuiteRunner.runTest(SuiteRunner.java:366)
	at org.testng.SuiteRunner.runSequentially(SuiteRunner.java:361)
	at org.testng.SuiteRunner.privateRun(SuiteRunner.java:319)
	at org.testng.SuiteRunner.run(SuiteRunner.java:268)
	at org.testng.SuiteRunnerWorker.runSuite(SuiteRunnerWorker.java:52)
	at org.testng.SuiteRunnerWorker.run(SuiteRunnerWorker.java:86)
	at org.testng.TestNG.runSuitesSequentially(TestNG.java:1244)
	at org.testng.TestNG.runSuitesSequentially(TestNG.java:1240)
	at org.testng.TestNG.runSuitesLocally(TestNG.java:1169)
	at org.testng.TestNG.run(TestNG.java:1064)
	at org.testng.remote.RemoteTestNG.run(RemoteTestNG.java:113)
	at org.testng.remote.RemoteTestNG.initAndRun(RemoteTestNG.java:206)
	at org.testng.remote.RemoteTestNG.main(RemoteTestNG.java:177)
</pre></div></td>
<td>0</td>
<td>com.arcapi.ScenarioBasedTestcases.AssetTeamMemberRemoveAPITest@6f45df59</td></tr>
<tr>
<td title='com.arcapi.ScenarioBasedTestcases.AssetTeamMemberRemoveAdminAPITest.AssetTeamMemberRemoveAdminAPI()'><b>AssetTeamMemberRemoveAdminAPI</b><br>Test class: com.arcapi.ScenarioBasedTestcases.AssetTeamMemberRemoveAdminAPITest</td>
<td><div><pre>org.testng.TestNGException: 
Parameter &apos;SheetName&apos; is required by @Test on method AssetTeamMemberRemoveAdminAPI but has not been marked @Optional or defined
in D:\worksapceNew\TestArcAPI\src\main\resources\TestNGFiles\V2ScenarioBasedTestingTestng.xml
... Removed 23 stack frames</pre></div><a href='#' onClick='toggleBox("stack-trace1596642261", this, "Click to show all stack frames", "Click to hide stack frames")'>Click to show all stack frames</a>
<div class='stack-trace' id='stack-trace1596642261'><pre>org.testng.TestNGException: 
Parameter &apos;SheetName&apos; is required by @Test on method AssetTeamMemberRemoveAdminAPI but has not been marked @Optional or defined
in D:\worksapceNew\TestArcAPI\src\main\resources\TestNGFiles\V2ScenarioBasedTestingTestng.xml
	at org.testng.internal.Parameters.createParameters(Parameters.java:154)
	at org.testng.internal.Parameters.createParameters(Parameters.java:361)
	at org.testng.internal.Parameters.handleParameters(Parameters.java:451)
	at org.testng.internal.Invoker.handleParameters(Invoker.java:1274)
	at org.testng.internal.Invoker.createParameters(Invoker.java:989)
	at org.testng.internal.Invoker.invokeTestMethods(Invoker.java:1079)
	at org.testng.internal.TestMethodWorker.invokeTestMethods(TestMethodWorker.java:129)
	at org.testng.internal.TestMethodWorker.run(TestMethodWorker.java:112)
	at org.testng.TestRunner.privateRun(TestRunner.java:782)
	at org.testng.TestRunner.run(TestRunner.java:632)
	at org.testng.SuiteRunner.runTest(SuiteRunner.java:366)
	at org.testng.SuiteRunner.runSequentially(SuiteRunner.java:361)
	at org.testng.SuiteRunner.privateRun(SuiteRunner.java:319)
	at org.testng.SuiteRunner.run(SuiteRunner.java:268)
	at org.testng.SuiteRunnerWorker.runSuite(SuiteRunnerWorker.java:52)
	at org.testng.SuiteRunnerWorker.run(SuiteRunnerWorker.java:86)
	at org.testng.TestNG.runSuitesSequentially(TestNG.java:1244)
	at org.testng.TestNG.runSuitesSequentially(TestNG.java:1240)
	at org.testng.TestNG.runSuitesLocally(TestNG.java:1169)
	at org.testng.TestNG.run(TestNG.java:1064)
	at org.testng.remote.RemoteTestNG.run(RemoteTestNG.java:113)
	at org.testng.remote.RemoteTestNG.initAndRun(RemoteTestNG.java:206)
	at org.testng.remote.RemoteTestNG.main(RemoteTestNG.java:177)
</pre></div></td>
<td>0</td>
<td>com.arcapi.ScenarioBasedTestcases.AssetTeamMemberRemoveAdminAPITest@58ea606c</td></tr>
<tr>
<td title='com.arcapi.ScenarioBasedTestcases.AssetTeamMemberUpdateAPITest.AssetTeamMemberUpdateAPI()'><b>AssetTeamMemberUpdateAPI</b><br>Test class: com.arcapi.ScenarioBasedTestcases.AssetTeamMemberUpdateAPITest</td>
<td><div><pre>org.testng.TestNGException: 
Parameter &apos;SheetName&apos; is required by @Test on method AssetTeamMemberUpdateAPI but has not been marked @Optional or defined
in D:\worksapceNew\TestArcAPI\src\main\resources\TestNGFiles\V2ScenarioBasedTestingTestng.xml
... Removed 23 stack frames</pre></div><a href='#' onClick='toggleBox("stack-trace1589864603", this, "Click to show all stack frames", "Click to hide stack frames")'>Click to show all stack frames</a>
<div class='stack-trace' id='stack-trace1589864603'><pre>org.testng.TestNGException: 
Parameter &apos;SheetName&apos; is required by @Test on method AssetTeamMemberUpdateAPI but has not been marked @Optional or defined
in D:\worksapceNew\TestArcAPI\src\main\resources\TestNGFiles\V2ScenarioBasedTestingTestng.xml
	at org.testng.internal.Parameters.createParameters(Parameters.java:154)
	at org.testng.internal.Parameters.createParameters(Parameters.java:361)
	at org.testng.internal.Parameters.handleParameters(Parameters.java:451)
	at org.testng.internal.Invoker.handleParameters(Invoker.java:1274)
	at org.testng.internal.Invoker.createParameters(Invoker.java:989)
	at org.testng.internal.Invoker.invokeTestMethods(Invoker.java:1079)
	at org.testng.internal.TestMethodWorker.invokeTestMethods(TestMethodWorker.java:129)
	at org.testng.internal.TestMethodWorker.run(TestMethodWorker.java:112)
	at org.testng.TestRunner.privateRun(TestRunner.java:782)
	at org.testng.TestRunner.run(TestRunner.java:632)
	at org.testng.SuiteRunner.runTest(SuiteRunner.java:366)
	at org.testng.SuiteRunner.runSequentially(SuiteRunner.java:361)
	at org.testng.SuiteRunner.privateRun(SuiteRunner.java:319)
	at org.testng.SuiteRunner.run(SuiteRunner.java:268)
	at org.testng.SuiteRunnerWorker.runSuite(SuiteRunnerWorker.java:52)
	at org.testng.SuiteRunnerWorker.run(SuiteRunnerWorker.java:86)
	at org.testng.TestNG.runSuitesSequentially(TestNG.java:1244)
	at org.testng.TestNG.runSuitesSequentially(TestNG.java:1240)
	at org.testng.TestNG.runSuitesLocally(TestNG.java:1169)
	at org.testng.TestNG.run(TestNG.java:1064)
	at org.testng.remote.RemoteTestNG.run(RemoteTestNG.java:113)
	at org.testng.remote.RemoteTestNG.initAndRun(RemoteTestNG.java:206)
	at org.testng.remote.RemoteTestNG.main(RemoteTestNG.java:177)
</pre></div></td>
<td>0</td>
<td>com.arcapi.ScenarioBasedTestcases.AssetTeamMemberUpdateAPITest@1dac5ef</td></tr>
<tr>
<td title='com.arcapi.ScenarioBasedTestcases.AssetTeamMemberUpdateAdminAPITest.AssetTeamMemberUpdateAdminAPI()'><b>AssetTeamMemberUpdateAdminAPI</b><br>Test class: com.arcapi.ScenarioBasedTestcases.AssetTeamMemberUpdateAdminAPITest</td>
<td><div><pre>org.testng.TestNGException: 
Parameter &apos;SheetName&apos; is required by @Test on method AssetTeamMemberUpdateAdminAPI but has not been marked @Optional or defined
in D:\worksapceNew\TestArcAPI\src\main\resources\TestNGFiles\V2ScenarioBasedTestingTestng.xml
... Removed 23 stack frames</pre></div><a href='#' onClick='toggleBox("stack-trace364702969", this, "Click to show all stack frames", "Click to hide stack frames")'>Click to show all stack frames</a>
<div class='stack-trace' id='stack-trace364702969'><pre>org.testng.TestNGException: 
Parameter &apos;SheetName&apos; is required by @Test on method AssetTeamMemberUpdateAdminAPI but has not been marked @Optional or defined
in D:\worksapceNew\TestArcAPI\src\main\resources\TestNGFiles\V2ScenarioBasedTestingTestng.xml
	at org.testng.internal.Parameters.createParameters(Parameters.java:154)
	at org.testng.internal.Parameters.createParameters(Parameters.java:361)
	at org.testng.internal.Parameters.handleParameters(Parameters.java:451)
	at org.testng.internal.Invoker.handleParameters(Invoker.java:1274)
	at org.testng.internal.Invoker.createParameters(Invoker.java:989)
	at org.testng.internal.Invoker.invokeTestMethods(Invoker.java:1079)
	at org.testng.internal.TestMethodWorker.invokeTestMethods(TestMethodWorker.java:129)
	at org.testng.internal.TestMethodWorker.run(TestMethodWorker.java:112)
	at org.testng.TestRunner.privateRun(TestRunner.java:782)
	at org.testng.TestRunner.run(TestRunner.java:632)
	at org.testng.SuiteRunner.runTest(SuiteRunner.java:366)
	at org.testng.SuiteRunner.runSequentially(SuiteRunner.java:361)
	at org.testng.SuiteRunner.privateRun(SuiteRunner.java:319)
	at org.testng.SuiteRunner.run(SuiteRunner.java:268)
	at org.testng.SuiteRunnerWorker.runSuite(SuiteRunnerWorker.java:52)
	at org.testng.SuiteRunnerWorker.run(SuiteRunnerWorker.java:86)
	at org.testng.TestNG.runSuitesSequentially(TestNG.java:1244)
	at org.testng.TestNG.runSuitesSequentially(TestNG.java:1240)
	at org.testng.TestNG.runSuitesLocally(TestNG.java:1169)
	at org.testng.TestNG.run(TestNG.java:1064)
	at org.testng.remote.RemoteTestNG.run(RemoteTestNG.java:113)
	at org.testng.remote.RemoteTestNG.initAndRun(RemoteTestNG.java:206)
	at org.testng.remote.RemoteTestNG.main(RemoteTestNG.java:177)
</pre></div></td>
<td>0</td>
<td>com.arcapi.ScenarioBasedTestcases.AssetTeamMemberUpdateAdminAPITest@5c90e579</td></tr>
<tr>
<td title='com.arcapi.ScenarioBasedTestcases.LoginAPITest1.LoginAPI()'><b>LoginAPI</b><br>Test class: com.arcapi.ScenarioBasedTestcases.LoginAPITest1</td>
<td><div><pre>org.testng.TestNGException: 
Parameter &apos;SheetName&apos; is required by @Test on method LoginAPI but has not been marked @Optional or defined
in D:\worksapceNew\TestArcAPI\src\main\resources\TestNGFiles\V2ScenarioBasedTestingTestng.xml
... Removed 23 stack frames</pre></div><a href='#' onClick='toggleBox("stack-trace1433459745", this, "Click to show all stack frames", "Click to hide stack frames")'>Click to show all stack frames</a>
<div class='stack-trace' id='stack-trace1433459745'><pre>org.testng.TestNGException: 
Parameter &apos;SheetName&apos; is required by @Test on method LoginAPI but has not been marked @Optional or defined
in D:\worksapceNew\TestArcAPI\src\main\resources\TestNGFiles\V2ScenarioBasedTestingTestng.xml
	at org.testng.internal.Parameters.createParameters(Parameters.java:154)
	at org.testng.internal.Parameters.createParameters(Parameters.java:361)
	at org.testng.internal.Parameters.handleParameters(Parameters.java:451)
	at org.testng.internal.Invoker.handleParameters(Invoker.java:1274)
	at org.testng.internal.Invoker.createParameters(Invoker.java:989)
	at org.testng.internal.Invoker.invokeTestMethods(Invoker.java:1079)
	at org.testng.internal.TestMethodWorker.invokeTestMethods(TestMethodWorker.java:129)
	at org.testng.internal.TestMethodWorker.run(TestMethodWorker.java:112)
	at org.testng.TestRunner.privateRun(TestRunner.java:782)
	at org.testng.TestRunner.run(TestRunner.java:632)
	at org.testng.SuiteRunner.runTest(SuiteRunner.java:366)
	at org.testng.SuiteRunner.runSequentially(SuiteRunner.java:361)
	at org.testng.SuiteRunner.privateRun(SuiteRunner.java:319)
	at org.testng.SuiteRunner.run(SuiteRunner.java:268)
	at org.testng.SuiteRunnerWorker.runSuite(SuiteRunnerWorker.java:52)
	at org.testng.SuiteRunnerWorker.run(SuiteRunnerWorker.java:86)
	at org.testng.TestNG.runSuitesSequentially(TestNG.java:1244)
	at org.testng.TestNG.runSuitesSequentially(TestNG.java:1240)
	at org.testng.TestNG.runSuitesLocally(TestNG.java:1169)
	at org.testng.TestNG.run(TestNG.java:1064)
	at org.testng.remote.RemoteTestNG.run(RemoteTestNG.java:113)
	at org.testng.remote.RemoteTestNG.initAndRun(RemoteTestNG.java:206)
	at org.testng.remote.RemoteTestNG.main(RemoteTestNG.java:177)
</pre></div></td>
<td>0</td>
<td>com.arcapi.ScenarioBasedTestcases.LoginAPITest1@77f80c04</td></tr>
</table><p>
</body>
</html>