<html>
<head>
<title>TestNG:  CompleteTrailFlow-Building-None</title>
<link href="../testng.css" rel="stylesheet" type="text/css" />
<link href="../my-testng.css" rel="stylesheet" type="text/css" />

<style type="text/css">
.log { display: none;} 
.stack-trace { display: none;} 
</style>
<script type="text/javascript">
<!--
function flip(e) {
  current = e.style.display;
  if (current == 'block') {
    e.style.display = 'none';
    return 0;
  }
  else {
    e.style.display = 'block';
    return 1;
  }
}

function toggleBox(szDivId, elem, msg1, msg2)
{
  var res = -1;  if (document.getElementById) {
    res = flip(document.getElementById(szDivId));
  }
  else if (document.all) {
    // this is the way old msie versions work
    res = flip(document.all[szDivId]);
  }
  if(elem) {
    if(res == 0) elem.innerHTML = msg1; else elem.innerHTML = msg2;
  }

}

function toggleAllBoxes() {
  if (document.getElementsByTagName) {
    d = document.getElementsByTagName('div');
    for (i = 0; i < d.length; i++) {
      if (d[i].className == 'log') {
        flip(d[i]);
      }
    }
  }
}

// -->
</script>

</head>
<body>
<h2 align='center'>CompleteTrailFlow-Building-None</h2><table border='1' align="center">
<tr>
<td>Tests passed/Failed/Skipped:</td><td>2/9/0</td>
</tr><tr>
<td>Started on:</td><td>Wed Sep 18 14:39:53 IST 2019</td>
</tr>
<tr><td>Total time:</td><td>34 seconds (34466 ms)</td>
</tr><tr>
<td>Included groups:</td><td></td>
</tr><tr>
<td>Excluded groups:</td><td></td>
</tr>
</table><p/>
<small><i>(Hover the method name to see the test class name)</i></small><p/>
<table width='100%' border='1' class='invocation-failed'>
<tr><td colspan='4' align='center'><b>FAILED TESTS</b></td></tr>
<tr><td><b>Test method</b></td>
<td width="30%"><b>Exception</b></td>
<td width="10%"><b>Time (seconds)</b></td>
<td><b>Instance</b></td>
</tr>
<tr>
<td title='com.arcapi.InterRelatedFieldValidationTestcases.Co2CreatePOSTAPITest.Co2CreatePOSTAPI()'><b>Co2CreatePOSTAPI</b><br>Test class: com.arcapi.InterRelatedFieldValidationTestcases.Co2CreatePOSTAPITest<br>Parameters: STG, ProjectIDBuildingNone, 2</td>
<td><div><pre>java.lang.AssertionError: expected [400] but found [403]
	at com.Utill.Controller.Assertion.verifyStatusCode(Assertion.java:20)
	at com.arcapi.InterRelatedFieldValidationTestcases.Co2CreatePOSTAPITest.Co2CreatePOSTAPI(Co2CreatePOSTAPITest.java:41)
... Removed 31 stack frames</pre></div><a href='#' onClick='toggleBox("stack-trace1168942230", this, "Click to show all stack frames", "Click to hide stack frames")'>Click to show all stack frames</a>
<div class='stack-trace' id='stack-trace1168942230'><pre>java.lang.AssertionError: expected [400] but found [403]
	at org.testng.Assert.fail(Assert.java:94)
	at org.testng.Assert.failNotEquals(Assert.java:513)
	at org.testng.Assert.assertEqualsImpl(Assert.java:135)
	at org.testng.Assert.assertEquals(Assert.java:116)
	at org.testng.Assert.assertEquals(Assert.java:389)
	at org.testng.Assert.assertEquals(Assert.java:399)
	at com.Utill.Controller.Assertion.verifyStatusCode(Assertion.java:20)
	at com.arcapi.InterRelatedFieldValidationTestcases.Co2CreatePOSTAPITest.Co2CreatePOSTAPI(Co2CreatePOSTAPITest.java:41)
	at sun.reflect.NativeMethodAccessorImpl.invoke0(Native Method)
	at sun.reflect.NativeMethodAccessorImpl.invoke(NativeMethodAccessorImpl.java:62)
	at sun.reflect.DelegatingMethodAccessorImpl.invoke(DelegatingMethodAccessorImpl.java:43)
	at java.lang.reflect.Method.invoke(Method.java:498)
	at org.testng.internal.MethodInvocationHelper.invokeMethod(MethodInvocationHelper.java:86)
	at org.testng.internal.Invoker.invokeMethod(Invoker.java:643)
	at org.testng.internal.Invoker.invokeTestMethod(Invoker.java:820)
	at org.testng.internal.Invoker.invokeTestMethods(Invoker.java:1128)
	at org.testng.internal.TestMethodWorker.invokeTestMethods(TestMethodWorker.java:129)
	at org.testng.internal.TestMethodWorker.run(TestMethodWorker.java:112)
	at org.testng.TestRunner.privateRun(TestRunner.java:782)
	at org.testng.TestRunner.run(TestRunner.java:632)
	at org.testng.SuiteRunner.runTest(SuiteRunner.java:366)
	at org.testng.SuiteRunner.runSequentially(SuiteRunner.java:361)
	at org.testng.SuiteRunner.privateRun(SuiteRunner.java:319)
	at org.testng.SuiteRunner.run(SuiteRunner.java:268)
	at org.testng.SuiteRunnerWorker.runSuite(SuiteRunnerWorker.java:52)
	at org.testng.SuiteRunnerWorker.run(SuiteRunnerWorker.java:86)
	at org.testng.TestNG.runSuitesSequentially(TestNG.java:1244)
	at org.testng.TestNG.runSuitesSequentially(TestNG.java:1240)
	at org.testng.TestNG.runSuitesLocally(TestNG.java:1169)
	at org.testng.TestNG.run(TestNG.java:1064)
	at org.testng.remote.RemoteTestNG.run(RemoteTestNG.java:113)
	at org.testng.remote.RemoteTestNG.initAndRun(RemoteTestNG.java:206)
	at org.testng.remote.RemoteTestNG.main(RemoteTestNG.java:177)
</pre></div></td>
<td>1</td>
<td>com.arcapi.InterRelatedFieldValidationTestcases.Co2CreatePOSTAPITest@3551a94</td></tr>
<tr>
<td title='com.arcapi.InterRelatedFieldValidationTestcases.ElectricityMeterCreatePOSTAPITest.ElectricityMeterCreatePOSTAPI()'><b>ElectricityMeterCreatePOSTAPI</b><br>Test class: com.arcapi.InterRelatedFieldValidationTestcases.ElectricityMeterCreatePOSTAPITest<br>Parameters: STG, ProjectIDBuildingNone, 2</td>
<td><div><pre>java.lang.AssertionError: expected [201] but found [403]
	at com.Utill.Controller.Assertion.verifyStatusCode(Assertion.java:20)
	at com.arcapi.InterRelatedFieldValidationTestcases.ElectricityMeterCreatePOSTAPITest.ElectricityMeterCreatePOSTAPI(ElectricityMeterCreatePOSTAPITest.java:34)
... Removed 31 stack frames</pre></div><a href='#' onClick='toggleBox("stack-trace1850055104", this, "Click to show all stack frames", "Click to hide stack frames")'>Click to show all stack frames</a>
<div class='stack-trace' id='stack-trace1850055104'><pre>java.lang.AssertionError: expected [201] but found [403]
	at org.testng.Assert.fail(Assert.java:94)
	at org.testng.Assert.failNotEquals(Assert.java:513)
	at org.testng.Assert.assertEqualsImpl(Assert.java:135)
	at org.testng.Assert.assertEquals(Assert.java:116)
	at org.testng.Assert.assertEquals(Assert.java:389)
	at org.testng.Assert.assertEquals(Assert.java:399)
	at com.Utill.Controller.Assertion.verifyStatusCode(Assertion.java:20)
	at com.arcapi.InterRelatedFieldValidationTestcases.ElectricityMeterCreatePOSTAPITest.ElectricityMeterCreatePOSTAPI(ElectricityMeterCreatePOSTAPITest.java:34)
	at sun.reflect.NativeMethodAccessorImpl.invoke0(Native Method)
	at sun.reflect.NativeMethodAccessorImpl.invoke(NativeMethodAccessorImpl.java:62)
	at sun.reflect.DelegatingMethodAccessorImpl.invoke(DelegatingMethodAccessorImpl.java:43)
	at java.lang.reflect.Method.invoke(Method.java:498)
	at org.testng.internal.MethodInvocationHelper.invokeMethod(MethodInvocationHelper.java:86)
	at org.testng.internal.Invoker.invokeMethod(Invoker.java:643)
	at org.testng.internal.Invoker.invokeTestMethod(Invoker.java:820)
	at org.testng.internal.Invoker.invokeTestMethods(Invoker.java:1128)
	at org.testng.internal.TestMethodWorker.invokeTestMethods(TestMethodWorker.java:129)
	at org.testng.internal.TestMethodWorker.run(TestMethodWorker.java:112)
	at org.testng.TestRunner.privateRun(TestRunner.java:782)
	at org.testng.TestRunner.run(TestRunner.java:632)
	at org.testng.SuiteRunner.runTest(SuiteRunner.java:366)
	at org.testng.SuiteRunner.runSequentially(SuiteRunner.java:361)
	at org.testng.SuiteRunner.privateRun(SuiteRunner.java:319)
	at org.testng.SuiteRunner.run(SuiteRunner.java:268)
	at org.testng.SuiteRunnerWorker.runSuite(SuiteRunnerWorker.java:52)
	at org.testng.SuiteRunnerWorker.run(SuiteRunnerWorker.java:86)
	at org.testng.TestNG.runSuitesSequentially(TestNG.java:1244)
	at org.testng.TestNG.runSuitesSequentially(TestNG.java:1240)
	at org.testng.TestNG.runSuitesLocally(TestNG.java:1169)
	at org.testng.TestNG.run(TestNG.java:1064)
	at org.testng.remote.RemoteTestNG.run(RemoteTestNG.java:113)
	at org.testng.remote.RemoteTestNG.initAndRun(RemoteTestNG.java:206)
	at org.testng.remote.RemoteTestNG.main(RemoteTestNG.java:177)
</pre></div></td>
<td>1</td>
<td>com.arcapi.InterRelatedFieldValidationTestcases.ElectricityMeterCreatePOSTAPITest@5a61f5df</td></tr>
<tr>
<td title='com.arcapi.InterRelatedFieldValidationTestcases.FuelCreatePOSTAPITest.FuelCreatePOSTAPI()'><b>FuelCreatePOSTAPI</b><br>Test class: com.arcapi.InterRelatedFieldValidationTestcases.FuelCreatePOSTAPITest<br>Parameters: STG, ProjectIDBuildingNone, 2</td>
<td><div><pre>java.lang.AssertionError: expected [201] but found [403]
	at com.Utill.Controller.Assertion.verifyStatusCode(Assertion.java:20)
	at com.arcapi.InterRelatedFieldValidationTestcases.FuelCreatePOSTAPITest.FuelCreatePOSTAPI(FuelCreatePOSTAPITest.java:35)
... Removed 31 stack frames</pre></div><a href='#' onClick='toggleBox("stack-trace785340693", this, "Click to show all stack frames", "Click to hide stack frames")'>Click to show all stack frames</a>
<div class='stack-trace' id='stack-trace785340693'><pre>java.lang.AssertionError: expected [201] but found [403]
	at org.testng.Assert.fail(Assert.java:94)
	at org.testng.Assert.failNotEquals(Assert.java:513)
	at org.testng.Assert.assertEqualsImpl(Assert.java:135)
	at org.testng.Assert.assertEquals(Assert.java:116)
	at org.testng.Assert.assertEquals(Assert.java:389)
	at org.testng.Assert.assertEquals(Assert.java:399)
	at com.Utill.Controller.Assertion.verifyStatusCode(Assertion.java:20)
	at com.arcapi.InterRelatedFieldValidationTestcases.FuelCreatePOSTAPITest.FuelCreatePOSTAPI(FuelCreatePOSTAPITest.java:35)
	at sun.reflect.NativeMethodAccessorImpl.invoke0(Native Method)
	at sun.reflect.NativeMethodAccessorImpl.invoke(NativeMethodAccessorImpl.java:62)
	at sun.reflect.DelegatingMethodAccessorImpl.invoke(DelegatingMethodAccessorImpl.java:43)
	at java.lang.reflect.Method.invoke(Method.java:498)
	at org.testng.internal.MethodInvocationHelper.invokeMethod(MethodInvocationHelper.java:86)
	at org.testng.internal.Invoker.invokeMethod(Invoker.java:643)
	at org.testng.internal.Invoker.invokeTestMethod(Invoker.java:820)
	at org.testng.internal.Invoker.invokeTestMethods(Invoker.java:1128)
	at org.testng.internal.TestMethodWorker.invokeTestMethods(TestMethodWorker.java:129)
	at org.testng.internal.TestMethodWorker.run(TestMethodWorker.java:112)
	at org.testng.TestRunner.privateRun(TestRunner.java:782)
	at org.testng.TestRunner.run(TestRunner.java:632)
	at org.testng.SuiteRunner.runTest(SuiteRunner.java:366)
	at org.testng.SuiteRunner.runSequentially(SuiteRunner.java:361)
	at org.testng.SuiteRunner.privateRun(SuiteRunner.java:319)
	at org.testng.SuiteRunner.run(SuiteRunner.java:268)
	at org.testng.SuiteRunnerWorker.runSuite(SuiteRunnerWorker.java:52)
	at org.testng.SuiteRunnerWorker.run(SuiteRunnerWorker.java:86)
	at org.testng.TestNG.runSuitesSequentially(TestNG.java:1244)
	at org.testng.TestNG.runSuitesSequentially(TestNG.java:1240)
	at org.testng.TestNG.runSuitesLocally(TestNG.java:1169)
	at org.testng.TestNG.run(TestNG.java:1064)
	at org.testng.remote.RemoteTestNG.run(RemoteTestNG.java:113)
	at org.testng.remote.RemoteTestNG.initAndRun(RemoteTestNG.java:206)
	at org.testng.remote.RemoteTestNG.main(RemoteTestNG.java:177)
</pre></div></td>
<td>1</td>
<td>com.arcapi.InterRelatedFieldValidationTestcases.FuelCreatePOSTAPITest@531be3c5</td></tr>
<tr>
<td title='com.arcapi.InterRelatedFieldValidationTestcases.HumanCreatePOSTAPITest.HumanCreatePOSTAPI()'><b>HumanCreatePOSTAPI</b><br>Test class: com.arcapi.InterRelatedFieldValidationTestcases.HumanCreatePOSTAPITest<br>Parameters: STG, ProjectIDBuildingNone, 2</td>
<td><div><pre>java.lang.AssertionError: expected [400] but found [403]
	at com.Utill.Controller.Assertion.verifyStatusCode(Assertion.java:20)
	at com.arcapi.InterRelatedFieldValidationTestcases.HumanCreatePOSTAPITest.HumanCreatePOSTAPI(HumanCreatePOSTAPITest.java:42)
... Removed 31 stack frames</pre></div><a href='#' onClick='toggleBox("stack-trace775093282", this, "Click to show all stack frames", "Click to hide stack frames")'>Click to show all stack frames</a>
<div class='stack-trace' id='stack-trace775093282'><pre>java.lang.AssertionError: expected [400] but found [403]
	at org.testng.Assert.fail(Assert.java:94)
	at org.testng.Assert.failNotEquals(Assert.java:513)
	at org.testng.Assert.assertEqualsImpl(Assert.java:135)
	at org.testng.Assert.assertEquals(Assert.java:116)
	at org.testng.Assert.assertEquals(Assert.java:389)
	at org.testng.Assert.assertEquals(Assert.java:399)
	at com.Utill.Controller.Assertion.verifyStatusCode(Assertion.java:20)
	at com.arcapi.InterRelatedFieldValidationTestcases.HumanCreatePOSTAPITest.HumanCreatePOSTAPI(HumanCreatePOSTAPITest.java:42)
	at sun.reflect.NativeMethodAccessorImpl.invoke0(Native Method)
	at sun.reflect.NativeMethodAccessorImpl.invoke(NativeMethodAccessorImpl.java:62)
	at sun.reflect.DelegatingMethodAccessorImpl.invoke(DelegatingMethodAccessorImpl.java:43)
	at java.lang.reflect.Method.invoke(Method.java:498)
	at org.testng.internal.MethodInvocationHelper.invokeMethod(MethodInvocationHelper.java:86)
	at org.testng.internal.Invoker.invokeMethod(Invoker.java:643)
	at org.testng.internal.Invoker.invokeTestMethod(Invoker.java:820)
	at org.testng.internal.Invoker.invokeTestMethods(Invoker.java:1128)
	at org.testng.internal.TestMethodWorker.invokeTestMethods(TestMethodWorker.java:129)
	at org.testng.internal.TestMethodWorker.run(TestMethodWorker.java:112)
	at org.testng.TestRunner.privateRun(TestRunner.java:782)
	at org.testng.TestRunner.run(TestRunner.java:632)
	at org.testng.SuiteRunner.runTest(SuiteRunner.java:366)
	at org.testng.SuiteRunner.runSequentially(SuiteRunner.java:361)
	at org.testng.SuiteRunner.privateRun(SuiteRunner.java:319)
	at org.testng.SuiteRunner.run(SuiteRunner.java:268)
	at org.testng.SuiteRunnerWorker.runSuite(SuiteRunnerWorker.java:52)
	at org.testng.SuiteRunnerWorker.run(SuiteRunnerWorker.java:86)
	at org.testng.TestNG.runSuitesSequentially(TestNG.java:1244)
	at org.testng.TestNG.runSuitesSequentially(TestNG.java:1240)
	at org.testng.TestNG.runSuitesLocally(TestNG.java:1169)
	at org.testng.TestNG.run(TestNG.java:1064)
	at org.testng.remote.RemoteTestNG.run(RemoteTestNG.java:113)
	at org.testng.remote.RemoteTestNG.initAndRun(RemoteTestNG.java:206)
	at org.testng.remote.RemoteTestNG.main(RemoteTestNG.java:177)
</pre></div></td>
<td>1</td>
<td>com.arcapi.InterRelatedFieldValidationTestcases.HumanCreatePOSTAPITest@52af6cff</td></tr>
<tr>
<td title='com.arcapi.InterRelatedFieldValidationTestcases.PF906CreatePOSTAPITest.PF906CreatePOSTAPI()'><b>PF906CreatePOSTAPI</b><br>Test class: com.arcapi.InterRelatedFieldValidationTestcases.PF906CreatePOSTAPITest<br>Parameters: STG, ProjectIDBuildingNone, 2</td>
<td><div><pre>java.lang.AssertionError: expected [400] but found [403]
	at com.Utill.Controller.Assertion.verifyStatusCode(Assertion.java:20)
	at com.arcapi.InterRelatedFieldValidationTestcases.PF906CreatePOSTAPITest.PF906CreatePOSTAPI(PF906CreatePOSTAPITest.java:43)
... Removed 31 stack frames</pre></div><a href='#' onClick='toggleBox("stack-trace1878045132", this, "Click to show all stack frames", "Click to hide stack frames")'>Click to show all stack frames</a>
<div class='stack-trace' id='stack-trace1878045132'><pre>java.lang.AssertionError: expected [400] but found [403]
	at org.testng.Assert.fail(Assert.java:94)
	at org.testng.Assert.failNotEquals(Assert.java:513)
	at org.testng.Assert.assertEqualsImpl(Assert.java:135)
	at org.testng.Assert.assertEquals(Assert.java:116)
	at org.testng.Assert.assertEquals(Assert.java:389)
	at org.testng.Assert.assertEquals(Assert.java:399)
	at com.Utill.Controller.Assertion.verifyStatusCode(Assertion.java:20)
	at com.arcapi.InterRelatedFieldValidationTestcases.PF906CreatePOSTAPITest.PF906CreatePOSTAPI(PF906CreatePOSTAPITest.java:43)
	at sun.reflect.NativeMethodAccessorImpl.invoke0(Native Method)
	at sun.reflect.NativeMethodAccessorImpl.invoke(NativeMethodAccessorImpl.java:62)
	at sun.reflect.DelegatingMethodAccessorImpl.invoke(DelegatingMethodAccessorImpl.java:43)
	at java.lang.reflect.Method.invoke(Method.java:498)
	at org.testng.internal.MethodInvocationHelper.invokeMethod(MethodInvocationHelper.java:86)
	at org.testng.internal.Invoker.invokeMethod(Invoker.java:643)
	at org.testng.internal.Invoker.invokeTestMethod(Invoker.java:820)
	at org.testng.internal.Invoker.invokeTestMethods(Invoker.java:1128)
	at org.testng.internal.TestMethodWorker.invokeTestMethods(TestMethodWorker.java:129)
	at org.testng.internal.TestMethodWorker.run(TestMethodWorker.java:112)
	at org.testng.TestRunner.privateRun(TestRunner.java:782)
	at org.testng.TestRunner.run(TestRunner.java:632)
	at org.testng.SuiteRunner.runTest(SuiteRunner.java:366)
	at org.testng.SuiteRunner.runSequentially(SuiteRunner.java:361)
	at org.testng.SuiteRunner.privateRun(SuiteRunner.java:319)
	at org.testng.SuiteRunner.run(SuiteRunner.java:268)
	at org.testng.SuiteRunnerWorker.runSuite(SuiteRunnerWorker.java:52)
	at org.testng.SuiteRunnerWorker.run(SuiteRunnerWorker.java:86)
	at org.testng.TestNG.runSuitesSequentially(TestNG.java:1244)
	at org.testng.TestNG.runSuitesSequentially(TestNG.java:1240)
	at org.testng.TestNG.runSuitesLocally(TestNG.java:1169)
	at org.testng.TestNG.run(TestNG.java:1064)
	at org.testng.remote.RemoteTestNG.run(RemoteTestNG.java:113)
	at org.testng.remote.RemoteTestNG.initAndRun(RemoteTestNG.java:206)
	at org.testng.remote.RemoteTestNG.main(RemoteTestNG.java:177)
</pre></div></td>
<td>1</td>
<td>com.arcapi.InterRelatedFieldValidationTestcases.PF906CreatePOSTAPITest@735b478</td></tr>
<tr>
<td title='com.arcapi.InterRelatedFieldValidationTestcases.TransportCreatePOSTAPITest.TransportCreatePOSTAPI()'><b>TransportCreatePOSTAPI</b><br>Test class: com.arcapi.InterRelatedFieldValidationTestcases.TransportCreatePOSTAPITest<br>Parameters: STG, ProjectIDBuildingNone, 2</td>
<td><div><pre>java.lang.AssertionError: expected [400] but found [403]
	at com.Utill.Controller.Assertion.verifyStatusCode(Assertion.java:20)
	at com.arcapi.InterRelatedFieldValidationTestcases.TransportCreatePOSTAPITest.TransportCreatePOSTAPI(TransportCreatePOSTAPITest.java:41)
... Removed 31 stack frames</pre></div><a href='#' onClick='toggleBox("stack-trace1163157114", this, "Click to show all stack frames", "Click to hide stack frames")'>Click to show all stack frames</a>
<div class='stack-trace' id='stack-trace1163157114'><pre>java.lang.AssertionError: expected [400] but found [403]
	at org.testng.Assert.fail(Assert.java:94)
	at org.testng.Assert.failNotEquals(Assert.java:513)
	at org.testng.Assert.assertEqualsImpl(Assert.java:135)
	at org.testng.Assert.assertEquals(Assert.java:116)
	at org.testng.Assert.assertEquals(Assert.java:389)
	at org.testng.Assert.assertEquals(Assert.java:399)
	at com.Utill.Controller.Assertion.verifyStatusCode(Assertion.java:20)
	at com.arcapi.InterRelatedFieldValidationTestcases.TransportCreatePOSTAPITest.TransportCreatePOSTAPI(TransportCreatePOSTAPITest.java:41)
	at sun.reflect.NativeMethodAccessorImpl.invoke0(Native Method)
	at sun.reflect.NativeMethodAccessorImpl.invoke(NativeMethodAccessorImpl.java:62)
	at sun.reflect.DelegatingMethodAccessorImpl.invoke(DelegatingMethodAccessorImpl.java:43)
	at java.lang.reflect.Method.invoke(Method.java:498)
	at org.testng.internal.MethodInvocationHelper.invokeMethod(MethodInvocationHelper.java:86)
	at org.testng.internal.Invoker.invokeMethod(Invoker.java:643)
	at org.testng.internal.Invoker.invokeTestMethod(Invoker.java:820)
	at org.testng.internal.Invoker.invokeTestMethods(Invoker.java:1128)
	at org.testng.internal.TestMethodWorker.invokeTestMethods(TestMethodWorker.java:129)
	at org.testng.internal.TestMethodWorker.run(TestMethodWorker.java:112)
	at org.testng.TestRunner.privateRun(TestRunner.java:782)
	at org.testng.TestRunner.run(TestRunner.java:632)
	at org.testng.SuiteRunner.runTest(SuiteRunner.java:366)
	at org.testng.SuiteRunner.runSequentially(SuiteRunner.java:361)
	at org.testng.SuiteRunner.privateRun(SuiteRunner.java:319)
	at org.testng.SuiteRunner.run(SuiteRunner.java:268)
	at org.testng.SuiteRunnerWorker.runSuite(SuiteRunnerWorker.java:52)
	at org.testng.SuiteRunnerWorker.run(SuiteRunnerWorker.java:86)
	at org.testng.TestNG.runSuitesSequentially(TestNG.java:1244)
	at org.testng.TestNG.runSuitesSequentially(TestNG.java:1240)
	at org.testng.TestNG.runSuitesLocally(TestNG.java:1169)
	at org.testng.TestNG.run(TestNG.java:1064)
	at org.testng.remote.RemoteTestNG.run(RemoteTestNG.java:113)
	at org.testng.remote.RemoteTestNG.initAndRun(RemoteTestNG.java:206)
	at org.testng.remote.RemoteTestNG.main(RemoteTestNG.java:177)
</pre></div></td>
<td>1</td>
<td>com.arcapi.InterRelatedFieldValidationTestcases.TransportCreatePOSTAPITest@2c9f9fb0</td></tr>
<tr>
<td title='com.arcapi.InterRelatedFieldValidationTestcases.VocCreatePOSTAPITest.VocCreatePOSTAPI()'><b>VocCreatePOSTAPI</b><br>Test class: com.arcapi.InterRelatedFieldValidationTestcases.VocCreatePOSTAPITest<br>Parameters: STG, ProjectIDBuildingNone, 2</td>
<td><div><pre>java.lang.AssertionError: expected [400] but found [403]
	at com.Utill.Controller.Assertion.verifyStatusCode(Assertion.java:20)
	at com.arcapi.InterRelatedFieldValidationTestcases.VocCreatePOSTAPITest.VocCreatePOSTAPI(VocCreatePOSTAPITest.java:43)
... Removed 31 stack frames</pre></div><a href='#' onClick='toggleBox("stack-trace1933493643", this, "Click to show all stack frames", "Click to hide stack frames")'>Click to show all stack frames</a>
<div class='stack-trace' id='stack-trace1933493643'><pre>java.lang.AssertionError: expected [400] but found [403]
	at org.testng.Assert.fail(Assert.java:94)
	at org.testng.Assert.failNotEquals(Assert.java:513)
	at org.testng.Assert.assertEqualsImpl(Assert.java:135)
	at org.testng.Assert.assertEquals(Assert.java:116)
	at org.testng.Assert.assertEquals(Assert.java:389)
	at org.testng.Assert.assertEquals(Assert.java:399)
	at com.Utill.Controller.Assertion.verifyStatusCode(Assertion.java:20)
	at com.arcapi.InterRelatedFieldValidationTestcases.VocCreatePOSTAPITest.VocCreatePOSTAPI(VocCreatePOSTAPITest.java:43)
	at sun.reflect.NativeMethodAccessorImpl.invoke0(Native Method)
	at sun.reflect.NativeMethodAccessorImpl.invoke(NativeMethodAccessorImpl.java:62)
	at sun.reflect.DelegatingMethodAccessorImpl.invoke(DelegatingMethodAccessorImpl.java:43)
	at java.lang.reflect.Method.invoke(Method.java:498)
	at org.testng.internal.MethodInvocationHelper.invokeMethod(MethodInvocationHelper.java:86)
	at org.testng.internal.Invoker.invokeMethod(Invoker.java:643)
	at org.testng.internal.Invoker.invokeTestMethod(Invoker.java:820)
	at org.testng.internal.Invoker.invokeTestMethods(Invoker.java:1128)
	at org.testng.internal.TestMethodWorker.invokeTestMethods(TestMethodWorker.java:129)
	at org.testng.internal.TestMethodWorker.run(TestMethodWorker.java:112)
	at org.testng.TestRunner.privateRun(TestRunner.java:782)
	at org.testng.TestRunner.run(TestRunner.java:632)
	at org.testng.SuiteRunner.runTest(SuiteRunner.java:366)
	at org.testng.SuiteRunner.runSequentially(SuiteRunner.java:361)
	at org.testng.SuiteRunner.privateRun(SuiteRunner.java:319)
	at org.testng.SuiteRunner.run(SuiteRunner.java:268)
	at org.testng.SuiteRunnerWorker.runSuite(SuiteRunnerWorker.java:52)
	at org.testng.SuiteRunnerWorker.run(SuiteRunnerWorker.java:86)
	at org.testng.TestNG.runSuitesSequentially(TestNG.java:1244)
	at org.testng.TestNG.runSuitesSequentially(TestNG.java:1240)
	at org.testng.TestNG.runSuitesLocally(TestNG.java:1169)
	at org.testng.TestNG.run(TestNG.java:1064)
	at org.testng.remote.RemoteTestNG.run(RemoteTestNG.java:113)
	at org.testng.remote.RemoteTestNG.initAndRun(RemoteTestNG.java:206)
	at org.testng.remote.RemoteTestNG.main(RemoteTestNG.java:177)
</pre></div></td>
<td>1</td>
<td>com.arcapi.InterRelatedFieldValidationTestcases.VocCreatePOSTAPITest@2096442d</td></tr>
<tr>
<td title='com.arcapi.InterRelatedFieldValidationTestcases.WasteCreatePOSTAPITest.WasteCreatePOSTAPI()'><b>WasteCreatePOSTAPI</b><br>Test class: com.arcapi.InterRelatedFieldValidationTestcases.WasteCreatePOSTAPITest<br>Parameters: STG, ProjectIDBuildingNone, 2</td>
<td><div><pre>java.lang.AssertionError: expected [400] but found [403]
	at com.Utill.Controller.Assertion.verifyStatusCode(Assertion.java:20)
	at com.arcapi.InterRelatedFieldValidationTestcases.WasteCreatePOSTAPITest.WasteCreatePOSTAPI(WasteCreatePOSTAPITest.java:44)
... Removed 31 stack frames</pre></div><a href='#' onClick='toggleBox("stack-trace1828438007", this, "Click to show all stack frames", "Click to hide stack frames")'>Click to show all stack frames</a>
<div class='stack-trace' id='stack-trace1828438007'><pre>java.lang.AssertionError: expected [400] but found [403]
	at org.testng.Assert.fail(Assert.java:94)
	at org.testng.Assert.failNotEquals(Assert.java:513)
	at org.testng.Assert.assertEqualsImpl(Assert.java:135)
	at org.testng.Assert.assertEquals(Assert.java:116)
	at org.testng.Assert.assertEquals(Assert.java:389)
	at org.testng.Assert.assertEquals(Assert.java:399)
	at com.Utill.Controller.Assertion.verifyStatusCode(Assertion.java:20)
	at com.arcapi.InterRelatedFieldValidationTestcases.WasteCreatePOSTAPITest.WasteCreatePOSTAPI(WasteCreatePOSTAPITest.java:44)
	at sun.reflect.NativeMethodAccessorImpl.invoke0(Native Method)
	at sun.reflect.NativeMethodAccessorImpl.invoke(NativeMethodAccessorImpl.java:62)
	at sun.reflect.DelegatingMethodAccessorImpl.invoke(DelegatingMethodAccessorImpl.java:43)
	at java.lang.reflect.Method.invoke(Method.java:498)
	at org.testng.internal.MethodInvocationHelper.invokeMethod(MethodInvocationHelper.java:86)
	at org.testng.internal.Invoker.invokeMethod(Invoker.java:643)
	at org.testng.internal.Invoker.invokeTestMethod(Invoker.java:820)
	at org.testng.internal.Invoker.invokeTestMethods(Invoker.java:1128)
	at org.testng.internal.TestMethodWorker.invokeTestMethods(TestMethodWorker.java:129)
	at org.testng.internal.TestMethodWorker.run(TestMethodWorker.java:112)
	at org.testng.TestRunner.privateRun(TestRunner.java:782)
	at org.testng.TestRunner.run(TestRunner.java:632)
	at org.testng.SuiteRunner.runTest(SuiteRunner.java:366)
	at org.testng.SuiteRunner.runSequentially(SuiteRunner.java:361)
	at org.testng.SuiteRunner.privateRun(SuiteRunner.java:319)
	at org.testng.SuiteRunner.run(SuiteRunner.java:268)
	at org.testng.SuiteRunnerWorker.runSuite(SuiteRunnerWorker.java:52)
	at org.testng.SuiteRunnerWorker.run(SuiteRunnerWorker.java:86)
	at org.testng.TestNG.runSuitesSequentially(TestNG.java:1244)
	at org.testng.TestNG.runSuitesSequentially(TestNG.java:1240)
	at org.testng.TestNG.runSuitesLocally(TestNG.java:1169)
	at org.testng.TestNG.run(TestNG.java:1064)
	at org.testng.remote.RemoteTestNG.run(RemoteTestNG.java:113)
	at org.testng.remote.RemoteTestNG.initAndRun(RemoteTestNG.java:206)
	at org.testng.remote.RemoteTestNG.main(RemoteTestNG.java:177)
</pre></div></td>
<td>1</td>
<td>com.arcapi.InterRelatedFieldValidationTestcases.WasteCreatePOSTAPITest@9f70c54</td></tr>
<tr>
<td title='com.arcapi.InterRelatedFieldValidationTestcases.WaterCreatePOSTAPITest.WaterCreatePOSTAPI()'><b>WaterCreatePOSTAPI</b><br>Test class: com.arcapi.InterRelatedFieldValidationTestcases.WaterCreatePOSTAPITest<br>Parameters: STG, ProjectIDBuildingNone, 2</td>
<td><div><pre>java.lang.AssertionError: expected [400] but found [403]
	at com.Utill.Controller.Assertion.verifyStatusCode(Assertion.java:20)
	at com.arcapi.InterRelatedFieldValidationTestcases.WaterCreatePOSTAPITest.WaterCreatePOSTAPI(WaterCreatePOSTAPITest.java:47)
... Removed 31 stack frames</pre></div><a href='#' onClick='toggleBox("stack-trace1391067753", this, "Click to show all stack frames", "Click to hide stack frames")'>Click to show all stack frames</a>
<div class='stack-trace' id='stack-trace1391067753'><pre>java.lang.AssertionError: expected [400] but found [403]
	at org.testng.Assert.fail(Assert.java:94)
	at org.testng.Assert.failNotEquals(Assert.java:513)
	at org.testng.Assert.assertEqualsImpl(Assert.java:135)
	at org.testng.Assert.assertEquals(Assert.java:116)
	at org.testng.Assert.assertEquals(Assert.java:389)
	at org.testng.Assert.assertEquals(Assert.java:399)
	at com.Utill.Controller.Assertion.verifyStatusCode(Assertion.java:20)
	at com.arcapi.InterRelatedFieldValidationTestcases.WaterCreatePOSTAPITest.WaterCreatePOSTAPI(WaterCreatePOSTAPITest.java:47)
	at sun.reflect.NativeMethodAccessorImpl.invoke0(Native Method)
	at sun.reflect.NativeMethodAccessorImpl.invoke(NativeMethodAccessorImpl.java:62)
	at sun.reflect.DelegatingMethodAccessorImpl.invoke(DelegatingMethodAccessorImpl.java:43)
	at java.lang.reflect.Method.invoke(Method.java:498)
	at org.testng.internal.MethodInvocationHelper.invokeMethod(MethodInvocationHelper.java:86)
	at org.testng.internal.Invoker.invokeMethod(Invoker.java:643)
	at org.testng.internal.Invoker.invokeTestMethod(Invoker.java:820)
	at org.testng.internal.Invoker.invokeTestMethods(Invoker.java:1128)
	at org.testng.internal.TestMethodWorker.invokeTestMethods(TestMethodWorker.java:129)
	at org.testng.internal.TestMethodWorker.run(TestMethodWorker.java:112)
	at org.testng.TestRunner.privateRun(TestRunner.java:782)
	at org.testng.TestRunner.run(TestRunner.java:632)
	at org.testng.SuiteRunner.runTest(SuiteRunner.java:366)
	at org.testng.SuiteRunner.runSequentially(SuiteRunner.java:361)
	at org.testng.SuiteRunner.privateRun(SuiteRunner.java:319)
	at org.testng.SuiteRunner.run(SuiteRunner.java:268)
	at org.testng.SuiteRunnerWorker.runSuite(SuiteRunnerWorker.java:52)
	at org.testng.SuiteRunnerWorker.run(SuiteRunnerWorker.java:86)
	at org.testng.TestNG.runSuitesSequentially(TestNG.java:1244)
	at org.testng.TestNG.runSuitesSequentially(TestNG.java:1240)
	at org.testng.TestNG.runSuitesLocally(TestNG.java:1169)
	at org.testng.TestNG.run(TestNG.java:1064)
	at org.testng.remote.RemoteTestNG.run(RemoteTestNG.java:113)
	at org.testng.remote.RemoteTestNG.initAndRun(RemoteTestNG.java:206)
	at org.testng.remote.RemoteTestNG.main(RemoteTestNG.java:177)
</pre></div></td>
<td>1</td>
<td>com.arcapi.InterRelatedFieldValidationTestcases.WaterCreatePOSTAPITest@234bef66</td></tr>
</table><p>
<table width='100%' border='1' class='invocation-passed'>
<tr><td colspan='4' align='center'><b>PASSED TESTS</b></td></tr>
<tr><td><b>Test method</b></td>
<td width="30%"><b>Exception</b></td>
<td width="10%"><b>Time (seconds)</b></td>
<td><b>Instance</b></td>
</tr>
<tr>
<td title='com.arcapi.Common.LoginAPITest.LoginAPI()'><b>LoginAPI</b><br>Test class: com.arcapi.Common.LoginAPITest</td>
<td></td>
<td>8</td>
<td>com.arcapi.Common.LoginAPITest@54a097cc</td></tr>
<tr>
<td title='com.arcapi.TrailFlowtestcasesComplete.TrialCreateAssetPOSTAPIV3APITest.TrialCreateAssetPOSTAPIV3()'><b>TrialCreateAssetPOSTAPIV3</b><br>Test class: com.arcapi.TrailFlowtestcasesComplete.TrialCreateAssetPOSTAPIV3APITest<br>Parameters: building, ProjectIDBuildingNone, US, none</td>
<td></td>
<td>5</td>
<td>com.arcapi.TrailFlowtestcasesComplete.TrialCreateAssetPOSTAPIV3APITest@36f6e879</td></tr>
</table><p>
</body>
</html>