<?xml version="1.0" encoding="UTF-8"?>
<!-- Generated by org.testng.reporters.JUnitXMLReporter -->
<testsuite hostname="G10GGNLT052" name="CompleteFlowTest-Building-None" tests="14" failures="3" timestamp="8 Nov 2019 06:00:57 GMT" time="411.953" errors="0">
  <testcase name="LoginAPI" time="3.236" classname="com.arcapi.Common.LoginAPITest">
    <failure type="java.lang.AssertionError" message="expected [200] but found [400]">
      <![CDATA[java.lang.AssertionError: expected [200] but found [400]
	at com.Utill.Controller.Assertion.verifyStatusCode(Assertion.java:21)
	at com.Utill.Controller.MethodCall.POSTRequestLogin(MethodCall.java:121)
	at com.arcapi.Common.LoginAPITest.LoginAPI(LoginAPITest.java:19)
... Removed 31 stack frames]]>
    </failure>
  </testcase> <!-- LoginAPI -->
  <testcase name="CreateAssetPOSTAPI" time="4.415" classname="com.arcapi.Buildingtestcases.CreateAssetBuildingV3APITest"/>
  <testcase name="SignAgreementRegistrationAPI" time="2.805" classname="com.arcapi.Common.SignAgreementRegistrationAPITest"/>
  <testcase name="PaymentOrderSubmitPOSTAPI" time="1.478" classname="com.arcapi.Common.PaymentOrderSubmitPOSTAPITest">
    <failure type="java.lang.AssertionError" message="expected [200] but found [403]">
      <![CDATA[java.lang.AssertionError: expected [200] but found [403]
	at com.Utill.Controller.Assertion.verifyStatusCode(Assertion.java:21)
	at com.arcapi.Common.PaymentOrderSubmitPOSTAPITest.PaymentOrderSubmitPOSTAPI(PaymentOrderSubmitPOSTAPITest.java:30)
... Removed 31 stack frames]]>
    </failure>
  </testcase> <!-- PaymentOrderSubmitPOSTAPI -->
  <testcase name="AddAssestTimeline" time="1.771" classname="com.arcapi.Common.AddAssestTimelinePOSTAPITest">
    <failure type="java.lang.AssertionError" message="expected [200] but found [403]">
      <![CDATA[java.lang.AssertionError: expected [200] but found [403]
	at com.Utill.Controller.Assertion.verifyStatusCode(Assertion.java:21)
	at com.arcapi.Common.AddAssestTimelinePOSTAPITest.AddAssestTimeline(AddAssestTimelinePOSTAPITest.java:25)
... Removed 31 stack frames]]>
    </failure>
  </testcase> <!-- AddAssestTimeline -->
  <testcase name="ElectricityMeterCreatePOSTAPI" time="41.54" classname="com.arcapi.InterRelatedFieldValidationTestcases.ElectricityMeterCreatePOSTAPITest"/>
  <testcase name="Co2CreatePOSTAPI" time="40.659" classname="com.arcapi.InterRelatedFieldValidationTestcases.Co2CreatePOSTAPITest"/>
  <testcase name="FuelCreatePOSTAPI" time="40.926" classname="com.arcapi.InterRelatedFieldValidationTestcases.FuelCreatePOSTAPITest"/>
  <testcase name="HumanCreatePOSTAPI" time="42.469" classname="com.arcapi.InterRelatedFieldValidationTestcases.HumanCreatePOSTAPITest"/>
  <testcase name="PF906CreatePOSTAPI" time="43.82" classname="com.arcapi.InterRelatedFieldValidationTestcases.PF906CreatePOSTAPITest"/>
  <testcase name="TransportCreatePOSTAPI" time="41.4" classname="com.arcapi.InterRelatedFieldValidationTestcases.TransportCreatePOSTAPITest"/>
  <testcase name="VocCreatePOSTAPI" time="41.061" classname="com.arcapi.InterRelatedFieldValidationTestcases.VocCreatePOSTAPITest"/>
  <testcase name="WasteCreatePOSTAPI" time="42.594" classname="com.arcapi.InterRelatedFieldValidationTestcases.WasteCreatePOSTAPITest"/>
  <testcase name="WaterCreatePOSTAPI" time="41.103" classname="com.arcapi.InterRelatedFieldValidationTestcases.WaterCreatePOSTAPITest"/>
</testsuite> <!-- CompleteFlowTest-Building-None -->
