<html>
<head>
<title>TestNG:  CompleteFlowTest-Building-None</title>
<link href="../testng.css" rel="stylesheet" type="text/css" />
<link href="../my-testng.css" rel="stylesheet" type="text/css" />

<style type="text/css">
.log { display: none;} 
.stack-trace { display: none;} 
</style>
<script type="text/javascript">
<!--
function flip(e) {
  current = e.style.display;
  if (current == 'block') {
    e.style.display = 'none';
    return 0;
  }
  else {
    e.style.display = 'block';
    return 1;
  }
}

function toggleBox(szDivId, elem, msg1, msg2)
{
  var res = -1;  if (document.getElementById) {
    res = flip(document.getElementById(szDivId));
  }
  else if (document.all) {
    // this is the way old msie versions work
    res = flip(document.all[szDivId]);
  }
  if(elem) {
    if(res == 0) elem.innerHTML = msg1; else elem.innerHTML = msg2;
  }

}

function toggleAllBoxes() {
  if (document.getElementsByTagName) {
    d = document.getElementsByTagName('div');
    for (i = 0; i < d.length; i++) {
      if (d[i].className == 'log') {
        flip(d[i]);
      }
    }
  }
}

// -->
</script>

</head>
<body>
<h2 align='center'>CompleteFlowTest-Building-None</h2><table border='1' align="center">
<tr>
<td>Tests passed/Failed/Skipped:</td><td>11/3/0</td>
</tr><tr>
<td>Started on:</td><td>Fri Nov 08 11:24:05 IST 2019</td>
</tr>
<tr><td>Total time:</td><td>411 seconds (411953 ms)</td>
</tr><tr>
<td>Included groups:</td><td></td>
</tr><tr>
<td>Excluded groups:</td><td></td>
</tr>
</table><p/>
<small><i>(Hover the method name to see the test class name)</i></small><p/>
<table width='100%' border='1' class='invocation-failed'>
<tr><td colspan='4' align='center'><b>FAILED TESTS</b></td></tr>
<tr><td><b>Test method</b></td>
<td width="30%"><b>Exception</b></td>
<td width="10%"><b>Time (seconds)</b></td>
<td><b>Instance</b></td>
</tr>
<tr>
<td title='com.arcapi.Common.AddAssestTimelinePOSTAPITest.AddAssestTimeline()'><b>AddAssestTimeline</b><br>Test class: com.arcapi.Common.AddAssestTimelinePOSTAPITest<br>Parameters: DEV, ProjectIDBuildingNone, 2</td>
<td><div><pre>java.lang.AssertionError: expected [200] but found [403]
	at com.Utill.Controller.Assertion.verifyStatusCode(Assertion.java:21)
	at com.arcapi.Common.AddAssestTimelinePOSTAPITest.AddAssestTimeline(AddAssestTimelinePOSTAPITest.java:25)
... Removed 31 stack frames</pre></div><a href='#' onClick='toggleBox("stack-trace746789956", this, "Click to show all stack frames", "Click to hide stack frames")'>Click to show all stack frames</a>
<div class='stack-trace' id='stack-trace746789956'><pre>java.lang.AssertionError: expected [200] but found [403]
	at org.testng.Assert.fail(Assert.java:94)
	at org.testng.Assert.failNotEquals(Assert.java:513)
	at org.testng.Assert.assertEqualsImpl(Assert.java:135)
	at org.testng.Assert.assertEquals(Assert.java:116)
	at org.testng.Assert.assertEquals(Assert.java:389)
	at org.testng.Assert.assertEquals(Assert.java:399)
	at com.Utill.Controller.Assertion.verifyStatusCode(Assertion.java:21)
	at com.arcapi.Common.AddAssestTimelinePOSTAPITest.AddAssestTimeline(AddAssestTimelinePOSTAPITest.java:25)
	at sun.reflect.NativeMethodAccessorImpl.invoke0(Native Method)
	at sun.reflect.NativeMethodAccessorImpl.invoke(NativeMethodAccessorImpl.java:62)
	at sun.reflect.DelegatingMethodAccessorImpl.invoke(DelegatingMethodAccessorImpl.java:43)
	at java.lang.reflect.Method.invoke(Method.java:498)
	at org.testng.internal.MethodInvocationHelper.invokeMethod(MethodInvocationHelper.java:86)
	at org.testng.internal.Invoker.invokeMethod(Invoker.java:643)
	at org.testng.internal.Invoker.invokeTestMethod(Invoker.java:820)
	at org.testng.internal.Invoker.invokeTestMethods(Invoker.java:1128)
	at org.testng.internal.TestMethodWorker.invokeTestMethods(TestMethodWorker.java:129)
	at org.testng.internal.TestMethodWorker.run(TestMethodWorker.java:112)
	at org.testng.TestRunner.privateRun(TestRunner.java:782)
	at org.testng.TestRunner.run(TestRunner.java:632)
	at org.testng.SuiteRunner.runTest(SuiteRunner.java:366)
	at org.testng.SuiteRunner.runSequentially(SuiteRunner.java:361)
	at org.testng.SuiteRunner.privateRun(SuiteRunner.java:319)
	at org.testng.SuiteRunner.run(SuiteRunner.java:268)
	at org.testng.SuiteRunnerWorker.runSuite(SuiteRunnerWorker.java:52)
	at org.testng.SuiteRunnerWorker.run(SuiteRunnerWorker.java:86)
	at org.testng.TestNG.runSuitesSequentially(TestNG.java:1244)
	at org.testng.TestNG.runSuitesSequentially(TestNG.java:1240)
	at org.testng.TestNG.runSuitesLocally(TestNG.java:1169)
	at org.testng.TestNG.run(TestNG.java:1064)
	at org.testng.remote.RemoteTestNG.run(RemoteTestNG.java:113)
	at org.testng.remote.RemoteTestNG.initAndRun(RemoteTestNG.java:206)
	at org.testng.remote.RemoteTestNG.main(RemoteTestNG.java:177)
</pre></div></td>
<td>1</td>
<td>com.arcapi.Common.AddAssestTimelinePOSTAPITest@1877ab81</td></tr>
<tr>
<td title='com.arcapi.Common.LoginAPITest.LoginAPI()'><b>LoginAPI</b><br>Test class: com.arcapi.Common.LoginAPITest</td>
<td><div><pre>java.lang.AssertionError: expected [200] but found [400]
	at com.Utill.Controller.Assertion.verifyStatusCode(Assertion.java:21)
	at com.Utill.Controller.MethodCall.POSTRequestLogin(MethodCall.java:121)
	at com.arcapi.Common.LoginAPITest.LoginAPI(LoginAPITest.java:19)
... Removed 31 stack frames</pre></div><a href='#' onClick='toggleBox("stack-trace2072121826", this, "Click to show all stack frames", "Click to hide stack frames")'>Click to show all stack frames</a>
<div class='stack-trace' id='stack-trace2072121826'><pre>java.lang.AssertionError: expected [200] but found [400]
	at org.testng.Assert.fail(Assert.java:94)
	at org.testng.Assert.failNotEquals(Assert.java:513)
	at org.testng.Assert.assertEqualsImpl(Assert.java:135)
	at org.testng.Assert.assertEquals(Assert.java:116)
	at org.testng.Assert.assertEquals(Assert.java:389)
	at org.testng.Assert.assertEquals(Assert.java:399)
	at com.Utill.Controller.Assertion.verifyStatusCode(Assertion.java:21)
	at com.Utill.Controller.MethodCall.POSTRequestLogin(MethodCall.java:121)
	at com.arcapi.Common.LoginAPITest.LoginAPI(LoginAPITest.java:19)
	at sun.reflect.NativeMethodAccessorImpl.invoke0(Native Method)
	at sun.reflect.NativeMethodAccessorImpl.invoke(NativeMethodAccessorImpl.java:62)
	at sun.reflect.DelegatingMethodAccessorImpl.invoke(DelegatingMethodAccessorImpl.java:43)
	at java.lang.reflect.Method.invoke(Method.java:498)
	at org.testng.internal.MethodInvocationHelper.invokeMethod(MethodInvocationHelper.java:86)
	at org.testng.internal.Invoker.invokeMethod(Invoker.java:643)
	at org.testng.internal.Invoker.invokeTestMethod(Invoker.java:820)
	at org.testng.internal.Invoker.invokeTestMethods(Invoker.java:1128)
	at org.testng.internal.TestMethodWorker.invokeTestMethods(TestMethodWorker.java:129)
	at org.testng.internal.TestMethodWorker.run(TestMethodWorker.java:112)
	at org.testng.TestRunner.privateRun(TestRunner.java:782)
	at org.testng.TestRunner.run(TestRunner.java:632)
	at org.testng.SuiteRunner.runTest(SuiteRunner.java:366)
	at org.testng.SuiteRunner.runSequentially(SuiteRunner.java:361)
	at org.testng.SuiteRunner.privateRun(SuiteRunner.java:319)
	at org.testng.SuiteRunner.run(SuiteRunner.java:268)
	at org.testng.SuiteRunnerWorker.runSuite(SuiteRunnerWorker.java:52)
	at org.testng.SuiteRunnerWorker.run(SuiteRunnerWorker.java:86)
	at org.testng.TestNG.runSuitesSequentially(TestNG.java:1244)
	at org.testng.TestNG.runSuitesSequentially(TestNG.java:1240)
	at org.testng.TestNG.runSuitesLocally(TestNG.java:1169)
	at org.testng.TestNG.run(TestNG.java:1064)
	at org.testng.remote.RemoteTestNG.run(RemoteTestNG.java:113)
	at org.testng.remote.RemoteTestNG.initAndRun(RemoteTestNG.java:206)
	at org.testng.remote.RemoteTestNG.main(RemoteTestNG.java:177)
</pre></div></td>
<td>3</td>
<td>com.arcapi.Common.LoginAPITest@4493d195</td></tr>
<tr>
<td title='com.arcapi.Common.PaymentOrderSubmitPOSTAPITest.PaymentOrderSubmitPOSTAPI()'><b>PaymentOrderSubmitPOSTAPI</b><br>Test class: com.arcapi.Common.PaymentOrderSubmitPOSTAPITest<br>Parameters: DEV, ProjectIDBuildingNone, 2, CreditCardPayment</td>
<td><div><pre>java.lang.AssertionError: expected [200] but found [403]
	at com.Utill.Controller.Assertion.verifyStatusCode(Assertion.java:21)
	at com.arcapi.Common.PaymentOrderSubmitPOSTAPITest.PaymentOrderSubmitPOSTAPI(PaymentOrderSubmitPOSTAPITest.java:30)
... Removed 31 stack frames</pre></div><a href='#' onClick='toggleBox("stack-trace1475670698", this, "Click to show all stack frames", "Click to hide stack frames")'>Click to show all stack frames</a>
<div class='stack-trace' id='stack-trace1475670698'><pre>java.lang.AssertionError: expected [200] but found [403]
	at org.testng.Assert.fail(Assert.java:94)
	at org.testng.Assert.failNotEquals(Assert.java:513)
	at org.testng.Assert.assertEqualsImpl(Assert.java:135)
	at org.testng.Assert.assertEquals(Assert.java:116)
	at org.testng.Assert.assertEquals(Assert.java:389)
	at org.testng.Assert.assertEquals(Assert.java:399)
	at com.Utill.Controller.Assertion.verifyStatusCode(Assertion.java:21)
	at com.arcapi.Common.PaymentOrderSubmitPOSTAPITest.PaymentOrderSubmitPOSTAPI(PaymentOrderSubmitPOSTAPITest.java:30)
	at sun.reflect.NativeMethodAccessorImpl.invoke0(Native Method)
	at sun.reflect.NativeMethodAccessorImpl.invoke(NativeMethodAccessorImpl.java:62)
	at sun.reflect.DelegatingMethodAccessorImpl.invoke(DelegatingMethodAccessorImpl.java:43)
	at java.lang.reflect.Method.invoke(Method.java:498)
	at org.testng.internal.MethodInvocationHelper.invokeMethod(MethodInvocationHelper.java:86)
	at org.testng.internal.Invoker.invokeMethod(Invoker.java:643)
	at org.testng.internal.Invoker.invokeTestMethod(Invoker.java:820)
	at org.testng.internal.Invoker.invokeTestMethods(Invoker.java:1128)
	at org.testng.internal.TestMethodWorker.invokeTestMethods(TestMethodWorker.java:129)
	at org.testng.internal.TestMethodWorker.run(TestMethodWorker.java:112)
	at org.testng.TestRunner.privateRun(TestRunner.java:782)
	at org.testng.TestRunner.run(TestRunner.java:632)
	at org.testng.SuiteRunner.runTest(SuiteRunner.java:366)
	at org.testng.SuiteRunner.runSequentially(SuiteRunner.java:361)
	at org.testng.SuiteRunner.privateRun(SuiteRunner.java:319)
	at org.testng.SuiteRunner.run(SuiteRunner.java:268)
	at org.testng.SuiteRunnerWorker.runSuite(SuiteRunnerWorker.java:52)
	at org.testng.SuiteRunnerWorker.run(SuiteRunnerWorker.java:86)
	at org.testng.TestNG.runSuitesSequentially(TestNG.java:1244)
	at org.testng.TestNG.runSuitesSequentially(TestNG.java:1240)
	at org.testng.TestNG.runSuitesLocally(TestNG.java:1169)
	at org.testng.TestNG.run(TestNG.java:1064)
	at org.testng.remote.RemoteTestNG.run(RemoteTestNG.java:113)
	at org.testng.remote.RemoteTestNG.initAndRun(RemoteTestNG.java:206)
	at org.testng.remote.RemoteTestNG.main(RemoteTestNG.java:177)
</pre></div></td>
<td>1</td>
<td>com.arcapi.Common.PaymentOrderSubmitPOSTAPITest@4232c52b</td></tr>
</table><p>
<table width='100%' border='1' class='invocation-passed'>
<tr><td colspan='4' align='center'><b>PASSED TESTS</b></td></tr>
<tr><td><b>Test method</b></td>
<td width="30%"><b>Exception</b></td>
<td width="10%"><b>Time (seconds)</b></td>
<td><b>Instance</b></td>
</tr>
<tr>
<td title='com.arcapi.InterRelatedFieldValidationTestcases.Co2CreatePOSTAPITest.Co2CreatePOSTAPI()'><b>Co2CreatePOSTAPI</b><br>Test class: com.arcapi.InterRelatedFieldValidationTestcases.Co2CreatePOSTAPITest<br>Parameters: DEV, ProjectIDBuildingNone, 2</td>
<td></td>
<td>40</td>
<td>com.arcapi.InterRelatedFieldValidationTestcases.Co2CreatePOSTAPITest@458c1321</td></tr>
<tr>
<td title='com.arcapi.Buildingtestcases.CreateAssetBuildingV3APITest.CreateAssetPOSTAPI()'><b>CreateAssetPOSTAPI</b><br>Test class: com.arcapi.Buildingtestcases.CreateAssetBuildingV3APITest<br>Parameters: building, ProjectIDBuildingNone, US, none, false</td>
<td></td>
<td>4</td>
<td>com.arcapi.Buildingtestcases.CreateAssetBuildingV3APITest@2781e022</td></tr>
<tr>
<td title='com.arcapi.InterRelatedFieldValidationTestcases.ElectricityMeterCreatePOSTAPITest.ElectricityMeterCreatePOSTAPI()'><b>ElectricityMeterCreatePOSTAPI</b><br>Test class: com.arcapi.InterRelatedFieldValidationTestcases.ElectricityMeterCreatePOSTAPITest<br>Parameters: DEV, ProjectIDBuildingNone, 2</td>
<td></td>
<td>41</td>
<td>com.arcapi.InterRelatedFieldValidationTestcases.ElectricityMeterCreatePOSTAPITest@305fd85d</td></tr>
<tr>
<td title='com.arcapi.InterRelatedFieldValidationTestcases.FuelCreatePOSTAPITest.FuelCreatePOSTAPI()'><b>FuelCreatePOSTAPI</b><br>Test class: com.arcapi.InterRelatedFieldValidationTestcases.FuelCreatePOSTAPITest<br>Parameters: DEV, ProjectIDBuildingNone, 2</td>
<td></td>
<td>40</td>
<td>com.arcapi.InterRelatedFieldValidationTestcases.FuelCreatePOSTAPITest@11438d26</td></tr>
<tr>
<td title='com.arcapi.InterRelatedFieldValidationTestcases.HumanCreatePOSTAPITest.HumanCreatePOSTAPI()'><b>HumanCreatePOSTAPI</b><br>Test class: com.arcapi.InterRelatedFieldValidationTestcases.HumanCreatePOSTAPITest<br>Parameters: DEV, ProjectIDBuildingNone, 2</td>
<td></td>
<td>42</td>
<td>com.arcapi.InterRelatedFieldValidationTestcases.HumanCreatePOSTAPITest@34cd072c</td></tr>
<tr>
<td title='com.arcapi.InterRelatedFieldValidationTestcases.PF906CreatePOSTAPITest.PF906CreatePOSTAPI()'><b>PF906CreatePOSTAPI</b><br>Test class: com.arcapi.InterRelatedFieldValidationTestcases.PF906CreatePOSTAPITest<br>Parameters: DEV, ProjectIDBuildingNone, 2</td>
<td></td>
<td>43</td>
<td>com.arcapi.InterRelatedFieldValidationTestcases.PF906CreatePOSTAPITest@7a1ebcd8</td></tr>
<tr>
<td title='com.arcapi.Common.SignAgreementRegistrationAPITest.SignAgreementRegistrationAPI()'><b>SignAgreementRegistrationAPI</b><br>Test class: com.arcapi.Common.SignAgreementRegistrationAPITest<br>Parameters: DEV, ProjectIDBuildingNone, 2</td>
<td></td>
<td>2</td>
<td>com.arcapi.Common.SignAgreementRegistrationAPITest@57e1b0c</td></tr>
<tr>
<td title='com.arcapi.InterRelatedFieldValidationTestcases.TransportCreatePOSTAPITest.TransportCreatePOSTAPI()'><b>TransportCreatePOSTAPI</b><br>Test class: com.arcapi.InterRelatedFieldValidationTestcases.TransportCreatePOSTAPITest<br>Parameters: DEV, ProjectIDBuildingNone, 2</td>
<td></td>
<td>41</td>
<td>com.arcapi.InterRelatedFieldValidationTestcases.TransportCreatePOSTAPITest@5faeada1</td></tr>
<tr>
<td title='com.arcapi.InterRelatedFieldValidationTestcases.VocCreatePOSTAPITest.VocCreatePOSTAPI()'><b>VocCreatePOSTAPI</b><br>Test class: com.arcapi.InterRelatedFieldValidationTestcases.VocCreatePOSTAPITest<br>Parameters: DEV, ProjectIDBuildingNone, 2</td>
<td></td>
<td>41</td>
<td>com.arcapi.InterRelatedFieldValidationTestcases.VocCreatePOSTAPITest@528931cf</td></tr>
<tr>
<td title='com.arcapi.InterRelatedFieldValidationTestcases.WasteCreatePOSTAPITest.WasteCreatePOSTAPI()'><b>WasteCreatePOSTAPI</b><br>Test class: com.arcapi.InterRelatedFieldValidationTestcases.WasteCreatePOSTAPITest<br>Parameters: DEV, ProjectIDBuildingNone, 2</td>
<td></td>
<td>42</td>
<td>com.arcapi.InterRelatedFieldValidationTestcases.WasteCreatePOSTAPITest@ea1a8d5</td></tr>
<tr>
<td title='com.arcapi.InterRelatedFieldValidationTestcases.WaterCreatePOSTAPITest.WaterCreatePOSTAPI()'><b>WaterCreatePOSTAPI</b><br>Test class: com.arcapi.InterRelatedFieldValidationTestcases.WaterCreatePOSTAPITest<br>Parameters: DEV, ProjectIDBuildingNone, 2</td>
<td></td>
<td>41</td>
<td>com.arcapi.InterRelatedFieldValidationTestcases.WaterCreatePOSTAPITest@1563da5</td></tr>
</table><p>
</body>
</html>