<html>
<head>
<title>TestNG:  FuelUnitInterrelatedTest-Building</title>
<link href="../testng.css" rel="stylesheet" type="text/css" />
<link href="../my-testng.css" rel="stylesheet" type="text/css" />

<style type="text/css">
.log { display: none;} 
.stack-trace { display: none;} 
</style>
<script type="text/javascript">
<!--
function flip(e) {
  current = e.style.display;
  if (current == 'block') {
    e.style.display = 'none';
    return 0;
  }
  else {
    e.style.display = 'block';
    return 1;
  }
}

function toggleBox(szDivId, elem, msg1, msg2)
{
  var res = -1;  if (document.getElementById) {
    res = flip(document.getElementById(szDivId));
  }
  else if (document.all) {
    // this is the way old msie versions work
    res = flip(document.all[szDivId]);
  }
  if(elem) {
    if(res == 0) elem.innerHTML = msg1; else elem.innerHTML = msg2;
  }

}

function toggleAllBoxes() {
  if (document.getElementsByTagName) {
    d = document.getElementsByTagName('div');
    for (i = 0; i < d.length; i++) {
      if (d[i].className == 'log') {
        flip(d[i]);
      }
    }
  }
}

// -->
</script>

</head>
<body>
<h2 align='center'>FuelUnitInterrelatedTest-Building</h2><table border='1' align="center">
<tr>
<td>Tests passed/Failed/Skipped:</td><td>8/1/0</td>
</tr><tr>
<td>Started on:</td><td>Fri Jun 21 10:52:33 IST 2019</td>
</tr>
<tr><td>Total time:</td><td>618 seconds (618340 ms)</td>
</tr><tr>
<td>Included groups:</td><td></td>
</tr><tr>
<td>Excluded groups:</td><td></td>
</tr>
</table><p/>
<small><i>(Hover the method name to see the test class name)</i></small><p/>
<table width='100%' border='1' class='invocation-failed'>
<tr><td colspan='4' align='center'><b>FAILED TESTS</b></td></tr>
<tr><td><b>Test method</b></td>
<td width="30%"><b>Exception</b></td>
<td width="10%"><b>Time (seconds)</b></td>
<td><b>Instance</b></td>
</tr>
<tr>
<td title='com.arcapi.InterRelatedFieldValidationTestcases.VocCreatePOSTAPITest.VocCreatePOSTAPI()'><b>VocCreatePOSTAPI</b><br>Test class: com.arcapi.InterRelatedFieldValidationTestcases.VocCreatePOSTAPITest<br>Parameters: QAS, ProjectIDBuildingOther, 2</td>
<td><div><pre>java.lang.AssertionError: 1 expectation failed.
Expected status code &lt;201&gt; doesn&apos;t match actual status code &lt;400&gt;.

	at org.codehaus.groovy.runtime.callsite.ConstructorSite$ConstructorSiteNoUnwrap.callConstructor(ConstructorSite.java:84)
	at org.codehaus.groovy.runtime.callsite.CallSiteArray.defaultCallConstructor(CallSiteArray.java:60)
	at org.codehaus.groovy.runtime.callsite.AbstractCallSite.callConstructor(AbstractCallSite.java:235)
	at org.codehaus.groovy.runtime.callsite.AbstractCallSite.callConstructor(AbstractCallSite.java:247)
	at com.jayway.restassured.internal.ResponseSpecificationImpl$HamcrestAssertionClosure.validate(ResponseSpecificationImpl.groovy:598)
	at com.jayway.restassured.internal.ResponseSpecificationImpl$HamcrestAssertionClosure$validate$1.call(Unknown Source)
	at com.jayway.restassured.internal.ResponseSpecificationImpl.validateResponseIfRequired(ResponseSpecificationImpl.groovy:760)
	at org.codehaus.groovy.runtime.callsite.PogoMetaMethodSite$PogoCachedMethodSiteNoUnwrapNoCoerce.invoke(PogoMetaMethodSite.java:210)
	at org.codehaus.groovy.runtime.callsite.PogoMetaMethodSite.callCurrent(PogoMetaMethodSite.java:59)
	at org.codehaus.groovy.runtime.callsite.AbstractCallSite.callCurrent(AbstractCallSite.java:166)
	at com.jayway.restassured.internal.ResponseSpecificationImpl.statusCode(ResponseSpecificationImpl.groovy:120)
	at com.jayway.restassured.specification.ResponseSpecification$statusCode$0.callCurrent(Unknown Source)
	at com.jayway.restassured.internal.ResponseSpecificationImpl.statusCode(ResponseSpecificationImpl.groovy:128)
	at com.jayway.restassured.internal.ValidatableResponseOptionsImpl.statusCode(ValidatableResponseOptionsImpl.java:117)
	at com.arcapi.InterRelatedFieldValidationTestcases.VocCreatePOSTAPITest.VocCreatePOSTAPI(VocCreatePOSTAPITest.java:69)
... Removed 35 stack frames</pre></div><a href='#' onClick='toggleBox("stack-trace2065412124", this, "Click to show all stack frames", "Click to hide stack frames")'>Click to show all stack frames</a>
<div class='stack-trace' id='stack-trace2065412124'><pre>java.lang.AssertionError: 1 expectation failed.
Expected status code &lt;201&gt; doesn&apos;t match actual status code &lt;400&gt;.

	at sun.reflect.NativeConstructorAccessorImpl.newInstance0(Native Method)
	at sun.reflect.NativeConstructorAccessorImpl.newInstance(Unknown Source)
	at sun.reflect.DelegatingConstructorAccessorImpl.newInstance(Unknown Source)
	at java.lang.reflect.Constructor.newInstance(Unknown Source)
	at org.codehaus.groovy.reflection.CachedConstructor.invoke(CachedConstructor.java:80)
	at org.codehaus.groovy.reflection.CachedConstructor.doConstructorInvoke(CachedConstructor.java:74)
	at org.codehaus.groovy.runtime.callsite.ConstructorSite$ConstructorSiteNoUnwrap.callConstructor(ConstructorSite.java:84)
	at org.codehaus.groovy.runtime.callsite.CallSiteArray.defaultCallConstructor(CallSiteArray.java:60)
	at org.codehaus.groovy.runtime.callsite.AbstractCallSite.callConstructor(AbstractCallSite.java:235)
	at org.codehaus.groovy.runtime.callsite.AbstractCallSite.callConstructor(AbstractCallSite.java:247)
	at com.jayway.restassured.internal.ResponseSpecificationImpl$HamcrestAssertionClosure.validate(ResponseSpecificationImpl.groovy:598)
	at com.jayway.restassured.internal.ResponseSpecificationImpl$HamcrestAssertionClosure$validate$1.call(Unknown Source)
	at com.jayway.restassured.internal.ResponseSpecificationImpl.validateResponseIfRequired(ResponseSpecificationImpl.groovy:760)
	at sun.reflect.GeneratedMethodAccessor81.invoke(Unknown Source)
	at sun.reflect.DelegatingMethodAccessorImpl.invoke(Unknown Source)
	at java.lang.reflect.Method.invoke(Unknown Source)
	at org.codehaus.groovy.runtime.callsite.PogoMetaMethodSite$PogoCachedMethodSiteNoUnwrapNoCoerce.invoke(PogoMetaMethodSite.java:210)
	at org.codehaus.groovy.runtime.callsite.PogoMetaMethodSite.callCurrent(PogoMetaMethodSite.java:59)
	at org.codehaus.groovy.runtime.callsite.AbstractCallSite.callCurrent(AbstractCallSite.java:166)
	at com.jayway.restassured.internal.ResponseSpecificationImpl.statusCode(ResponseSpecificationImpl.groovy:120)
	at com.jayway.restassured.specification.ResponseSpecification$statusCode$0.callCurrent(Unknown Source)
	at com.jayway.restassured.internal.ResponseSpecificationImpl.statusCode(ResponseSpecificationImpl.groovy:128)
	at com.jayway.restassured.internal.ValidatableResponseOptionsImpl.statusCode(ValidatableResponseOptionsImpl.java:117)
	at com.arcapi.InterRelatedFieldValidationTestcases.VocCreatePOSTAPITest.VocCreatePOSTAPI(VocCreatePOSTAPITest.java:69)
	at sun.reflect.NativeMethodAccessorImpl.invoke0(Native Method)
	at sun.reflect.NativeMethodAccessorImpl.invoke(Unknown Source)
	at sun.reflect.DelegatingMethodAccessorImpl.invoke(Unknown Source)
	at java.lang.reflect.Method.invoke(Unknown Source)
	at org.testng.internal.MethodInvocationHelper.invokeMethod(MethodInvocationHelper.java:124)
	at org.testng.internal.Invoker.invokeMethod(Invoker.java:571)
	at org.testng.internal.Invoker.invokeTestMethod(Invoker.java:707)
	at org.testng.internal.Invoker.invokeTestMethods(Invoker.java:979)
	at org.testng.internal.TestMethodWorker.invokeTestMethods(TestMethodWorker.java:125)
	at org.testng.internal.TestMethodWorker.run(TestMethodWorker.java:109)
	at org.testng.TestRunner.privateRun(TestRunner.java:648)
	at org.testng.TestRunner.run(TestRunner.java:505)
	at org.testng.SuiteRunner.runTest(SuiteRunner.java:455)
	at org.testng.SuiteRunner.runSequentially(SuiteRunner.java:450)
	at org.testng.SuiteRunner.privateRun(SuiteRunner.java:415)
	at org.testng.SuiteRunner.run(SuiteRunner.java:364)
	at org.testng.SuiteRunnerWorker.runSuite(SuiteRunnerWorker.java:52)
	at org.testng.SuiteRunnerWorker.run(SuiteRunnerWorker.java:84)
	at org.testng.TestNG.runSuitesSequentially(TestNG.java:1187)
	at org.testng.TestNG.runSuitesSequentially(TestNG.java:1183)
	at org.testng.TestNG.runSuitesLocally(TestNG.java:1116)
	at org.testng.TestNG.runSuites(TestNG.java:1028)
	at org.testng.TestNG.run(TestNG.java:996)
	at org.testng.remote.AbstractRemoteTestNG.run(AbstractRemoteTestNG.java:114)
	at org.testng.remote.RemoteTestNG.initAndRun(RemoteTestNG.java:251)
	at org.testng.remote.RemoteTestNG.main(RemoteTestNG.java:77)
</pre></div></td>
<td>57</td>
<td>com.arcapi.InterRelatedFieldValidationTestcases.VocCreatePOSTAPITest@10a035a0</td></tr>
</table><p>
<table width='100%' border='1' class='invocation-passed'>
<tr><td colspan='4' align='center'><b>PASSED TESTS</b></td></tr>
<tr><td><b>Test method</b></td>
<td width="30%"><b>Exception</b></td>
<td width="10%"><b>Time (seconds)</b></td>
<td><b>Instance</b></td>
</tr>
<tr>
<td title='com.arcapi.InterRelatedFieldValidationTestcases.Co2CreatePOSTAPITest.Co2CreatePOSTAPI()'><b>Co2CreatePOSTAPI</b><br>Test class: com.arcapi.InterRelatedFieldValidationTestcases.Co2CreatePOSTAPITest<br>Parameters: QAS, ProjectIDBuildingOther, 2</td>
<td></td>
<td>62</td>
<td>com.arcapi.InterRelatedFieldValidationTestcases.Co2CreatePOSTAPITest@eb21112</td></tr>
<tr>
<td title='com.arcapi.InterRelatedFieldValidationTestcases.ElectricityMeterCreatePOSTAPITest.ElectricityMeterCreatePOSTAPI()'><b>ElectricityMeterCreatePOSTAPI</b><br>Test class: com.arcapi.InterRelatedFieldValidationTestcases.ElectricityMeterCreatePOSTAPITest<br>Parameters: QAS, ProjectIDBuildingOther, 2</td>
<td></td>
<td>66</td>
<td>com.arcapi.InterRelatedFieldValidationTestcases.ElectricityMeterCreatePOSTAPITest@43a0cee9</td></tr>
<tr>
<td title='com.arcapi.InterRelatedFieldValidationTestcases.FuelCreatePOSTAPITest.FuelCreatePOSTAPI()'><b>FuelCreatePOSTAPI</b><br>Test class: com.arcapi.InterRelatedFieldValidationTestcases.FuelCreatePOSTAPITest<br>Parameters: QAS, ProjectIDBuildingOther, 2</td>
<td></td>
<td>73</td>
<td>com.arcapi.InterRelatedFieldValidationTestcases.FuelCreatePOSTAPITest@2eda0940</td></tr>
<tr>
<td title='com.arcapi.InterRelatedFieldValidationTestcases.HumanCreatePOSTAPITest.HumanCreatePOSTAPI()'><b>HumanCreatePOSTAPI</b><br>Test class: com.arcapi.InterRelatedFieldValidationTestcases.HumanCreatePOSTAPITest<br>Parameters: QAS, ProjectIDBuildingOther, 2</td>
<td></td>
<td>67</td>
<td>com.arcapi.InterRelatedFieldValidationTestcases.HumanCreatePOSTAPITest@3578436e</td></tr>
<tr>
<td title='com.arcapi.InterRelatedFieldValidationTestcases.PF906CreatePOSTAPITest.PF906CreatePOSTAPI()'><b>PF906CreatePOSTAPI</b><br>Test class: com.arcapi.InterRelatedFieldValidationTestcases.PF906CreatePOSTAPITest<br>Parameters: QAS, ProjectIDBuildingOther, 2</td>
<td></td>
<td>68</td>
<td>com.arcapi.InterRelatedFieldValidationTestcases.PF906CreatePOSTAPITest@706a04ae</td></tr>
<tr>
<td title='com.arcapi.InterRelatedFieldValidationTestcases.TransportCreatePOSTAPITest.TransportCreatePOSTAPI()'><b>TransportCreatePOSTAPI</b><br>Test class: com.arcapi.InterRelatedFieldValidationTestcases.TransportCreatePOSTAPITest<br>Parameters: QAS, ProjectIDBuildingOther, 2</td>
<td></td>
<td>70</td>
<td>com.arcapi.InterRelatedFieldValidationTestcases.TransportCreatePOSTAPITest@6eceb130</td></tr>
<tr>
<td title='com.arcapi.InterRelatedFieldValidationTestcases.WasteCreatePOSTAPITest.WasteCreatePOSTAPI()'><b>WasteCreatePOSTAPI</b><br>Test class: com.arcapi.InterRelatedFieldValidationTestcases.WasteCreatePOSTAPITest<br>Parameters: QAS, ProjectIDBuildingOther, 2</td>
<td></td>
<td>65</td>
<td>com.arcapi.InterRelatedFieldValidationTestcases.WasteCreatePOSTAPITest@67b467e9</td></tr>
<tr>
<td title='com.arcapi.InterRelatedFieldValidationTestcases.WaterCreatePOSTAPITest.WaterCreatePOSTAPI()'><b>WaterCreatePOSTAPI</b><br>Test class: com.arcapi.InterRelatedFieldValidationTestcases.WaterCreatePOSTAPITest<br>Parameters: QAS, ProjectIDBuildingOther, 2</td>
<td></td>
<td>77</td>
<td>com.arcapi.InterRelatedFieldValidationTestcases.WaterCreatePOSTAPITest@47db50c5</td></tr>
</table><p>
</body>
</html>