<?xml version="1.0" encoding="UTF-8"?>
<!-- Generated by org.testng.reporters.JUnitXMLReporter -->
<testsuite hostname="G10GNLT041" ignored="0" name="FuelUnitInterrelatedTest-Building" tests="9" failures="1" timestamp="21 Jun 2019 05:32:51 GMT" time="618.34" errors="0">
  <testcase name="ElectricityMeterCreatePOSTAPI" time="66.566" classname="com.arcapi.InterRelatedFieldValidationTestcases.ElectricityMeterCreatePOSTAPITest"/>
  <testcase name="Co2CreatePOSTAPI" time="62.611" classname="com.arcapi.InterRelatedFieldValidationTestcases.Co2CreatePOSTAPITest"/>
  <testcase name="FuelCreatePOSTAPI" time="73.039" classname="com.arcapi.InterRelatedFieldValidationTestcases.FuelCreatePOSTAPITest"/>
  <testcase name="HumanCreatePOSTAPI" time="67.703" classname="com.arcapi.InterRelatedFieldValidationTestcases.HumanCreatePOSTAPITest"/>
  <testcase name="PF906CreatePOSTAPI" time="68.209" classname="com.arcapi.InterRelatedFieldValidationTestcases.PF906CreatePOSTAPITest"/>
  <testcase name="TransportCreatePOSTAPI" time="70.028" classname="com.arcapi.InterRelatedFieldValidationTestcases.TransportCreatePOSTAPITest"/>
  <testcase name="VocCreatePOSTAPI" time="57.944" classname="com.arcapi.InterRelatedFieldValidationTestcases.VocCreatePOSTAPITest">
    <failure type="java.lang.AssertionError" message="1 expectation failed.
Expected status code &amp;lt;201&amp;gt; doesn&amp;apos;t match actual status code &amp;lt;400&amp;gt;.
">
      <![CDATA[java.lang.AssertionError: 1 expectation failed.Expected status code <201> doesn't match actual status code <400>.at org.codehaus.groovy.runtime.callsite.ConstructorSite$ConstructorSiteNoUnwrap.callConstructor(ConstructorSite.java:84)at org.codehaus.groovy.runtime.callsite.CallSiteArray.defaultCallConstructor(CallSiteArray.java:60)at org.codehaus.groovy.runtime.callsite.AbstractCallSite.callConstructor(AbstractCallSite.java:235)at org.codehaus.groovy.runtime.callsite.AbstractCallSite.callConstructor(AbstractCallSite.java:247)at com.jayway.restassured.internal.ResponseSpecificationImpl$HamcrestAssertionClosure.validate(ResponseSpecificationImpl.groovy:598)at com.jayway.restassured.internal.ResponseSpecificationImpl$HamcrestAssertionClosure$validate$1.call(Unknown Source)at com.jayway.restassured.internal.ResponseSpecificationImpl.validateResponseIfRequired(ResponseSpecificationImpl.groovy:760)at org.codehaus.groovy.runtime.callsite.PogoMetaMethodSite$PogoCachedMethodSiteNoUnwrapNoCoerce.invoke(PogoMetaMethodSite.java:210)at org.codehaus.groovy.runtime.callsite.PogoMetaMethodSite.callCurrent(PogoMetaMethodSite.java:59)at org.codehaus.groovy.runtime.callsite.AbstractCallSite.callCurrent(AbstractCallSite.java:166)at com.jayway.restassured.internal.ResponseSpecificationImpl.statusCode(ResponseSpecificationImpl.groovy:120)at com.jayway.restassured.specification.ResponseSpecification$statusCode$0.callCurrent(Unknown Source)at com.jayway.restassured.internal.ResponseSpecificationImpl.statusCode(ResponseSpecificationImpl.groovy:128)at com.jayway.restassured.internal.ValidatableResponseOptionsImpl.statusCode(ValidatableResponseOptionsImpl.java:117)at com.arcapi.InterRelatedFieldValidationTestcases.VocCreatePOSTAPITest.VocCreatePOSTAPI(VocCreatePOSTAPITest.java:69)... Removed 35 stack frames]]>
    </failure>
  </testcase> <!-- VocCreatePOSTAPI -->
  <testcase name="WasteCreatePOSTAPI" time="65.177" classname="com.arcapi.InterRelatedFieldValidationTestcases.WasteCreatePOSTAPITest"/>
  <testcase name="WaterCreatePOSTAPI" time="77.559" classname="com.arcapi.InterRelatedFieldValidationTestcases.WaterCreatePOSTAPITest"/>
</testsuite> <!-- FuelUnitInterrelatedTest-Building -->
