<?xml version="1.0" encoding="UTF-8"?>
<!-- Generated by org.testng.reporters.JUnitXMLReporter -->
<testsuite hostname="G10GGNLT052" name="RatingSystemInterRelated-Transit" tests="1" failures="1" timestamp="21 Aug 2019 04:42:39 GMT" time="0.115" errors="0">
  <testcase name="@AfterMethod teardown" time="0.0" classname="com.arcapi.InterRelatedFieldValidationTestcases.CreateAssetTransitPOSTAPITest">
    <failure type="java.lang.Error" message="Unresolved compilation problems: 
	LogStatus cannot be resolved to a variable
	LogStatus cannot be resolved to a variable
	LogStatus cannot be resolved to a variable
	The method endTest(Test) in the type Report is not applicable for the arguments (ExtentTest)
">
      <![CDATA[java.lang.Error: Unresolved compilation problems: 
	LogStatus cannot be resolved to a variable
	LogStatus cannot be resolved to a variable
	LogStatus cannot be resolved to a variable
	The method endTest(Test) in the type Report is not applicable for the arguments (ExtentTest)

	at com.arcapi.InterRelatedFieldValidationTestcases.CreateAssetTransitPOSTAPITest.teardown(CreateAssetTransitPOSTAPITest.java:119)
... Removed 27 stack frames]]>
    </failure>
  </testcase> <!-- @AfterMethod teardown -->
  <testcase name="@AfterClass end" time="0.0" classname="com.arcapi.InterRelatedFieldValidationTestcases.CreateAssetTransitPOSTAPITest">
    <skipped/>
  </testcase> <!-- @AfterClass end -->
  <testcase name="CreateAssetTransitPOSTAPI" time="0.0" classname="com.arcapi.InterRelatedFieldValidationTestcases.CreateAssetTransitPOSTAPITest">
    <failure type="java.lang.Error" message="Unresolved compilation problem: 
	The method startTest(String, String) is undefined for the type ExtentReports
">
      <![CDATA[java.lang.Error: Unresolved compilation problem: 
	The method startTest(String, String) is undefined for the type ExtentReports

	at com.arcapi.InterRelatedFieldValidationTestcases.CreateAssetTransitPOSTAPITest.CreateAssetTransitPOSTAPI(CreateAssetTransitPOSTAPITest.java:32)
... Removed 25 stack frames]]>
    </failure>
  </testcase> <!-- CreateAssetTransitPOSTAPI -->
</testsuite> <!-- RatingSystemInterRelated-Transit -->
