<?xml version="1.0" encoding="UTF-8"?>
<!-- Generated by org.testng.reporters.JUnitXMLReporter -->
<testsuite hostname="G10GGNLT052" name="RatingSystemInterRelated-Parksmart" tests="1" failures="1" timestamp="21 Aug 2019 04:42:38 GMT" time="0.087" errors="0">
  <testcase name="@AfterMethod teardown" time="0.0" classname="com.arcapi.InterRelatedFieldValidationTestcases.CreateAssetParksmartPOSTAPITest">
    <failure type="java.lang.Error" message="Unresolved compilation problems: 
	LogStatus cannot be resolved to a variable
	LogStatus cannot be resolved to a variable
	LogStatus cannot be resolved to a variable
	The method endTest(Test) in the type Report is not applicable for the arguments (ExtentTest)
">
      <![CDATA[java.lang.Error: Unresolved compilation problems: 
	LogStatus cannot be resolved to a variable
	LogStatus cannot be resolved to a variable
	LogStatus cannot be resolved to a variable
	The method endTest(Test) in the type Report is not applicable for the arguments (ExtentTest)

	at com.arcapi.InterRelatedFieldValidationTestcases.CreateAssetParksmartPOSTAPITest.teardown(CreateAssetParksmartPOSTAPITest.java:118)
... Removed 27 stack frames]]>
    </failure>
  </testcase> <!-- @AfterMethod teardown -->
  <testcase name="@AfterClass end" time="0.0" classname="com.arcapi.InterRelatedFieldValidationTestcases.CreateAssetParksmartPOSTAPITest">
    <skipped/>
  </testcase> <!-- @AfterClass end -->
  <testcase name="CreateAssetPOSTAPI" time="0.0" classname="com.arcapi.InterRelatedFieldValidationTestcases.CreateAssetParksmartPOSTAPITest">
    <failure type="java.lang.Error" message="Unresolved compilation problem: 
	The method startTest(String, String) is undefined for the type ExtentReports
">
      <![CDATA[java.lang.Error: Unresolved compilation problem: 
	The method startTest(String, String) is undefined for the type ExtentReports

	at com.arcapi.InterRelatedFieldValidationTestcases.CreateAssetParksmartPOSTAPITest.CreateAssetPOSTAPI(CreateAssetParksmartPOSTAPITest.java:32)
... Removed 25 stack frames]]>
    </failure>
  </testcase> <!-- CreateAssetPOSTAPI -->
</testsuite> <!-- RatingSystemInterRelated-Parksmart -->
