<?xml version="1.0" encoding="UTF-8"?>
<!-- Generated by org.testng.reporters.JUnitXMLReporter -->
<testsuite hostname="G10GNLT041" ignored="0" name="CompleteFlowTest-Community-None" tests="80" failures="1" timestamp="17 Jun 2019 08:52:56 GMT" time="660.418" errors="0">
  <testcase name="LoginAPI" time="10.859" classname="com.arcapi.Communitytestcases.LoginAPITest"/>
  <testcase name="UserDetailAPI" time="2.915" classname="com.arcapi.Communitytestcases.UserDetailAPITest"/>
  <testcase name="UserAccessLevelSAPGet" time="2.44" classname="com.arcapi.Communitytestcases.UserAccessLevelSAPGetTest"/>
  <testcase name="LOTokenAPI" time="2.456" classname="com.arcapi.Communitytestcases.LOTokenAPITest"/>
  <testcase name="AssetSearchAPI" time="2.328" classname="com.arcapi.Communitytestcases.AssetSearchAPITest"/>
  <testcase name="AssetValidationInfoPOSTAPI" time="2.982" classname="com.arcapi.Communitytestcases.AssetValidationInfoPOSTAPITest"/>
  <testcase name="AssetSearchOwnerAPI" time="2.735" classname="com.arcapi.Communitytestcases.AssetSearchOwnerAPITest"/>
  <testcase name="AssetOwnerOrgPOSTAPI" time="3.52" classname="com.arcapi.Communitytestcases.AssetOwnerOrgPOSTAPITest"/>
  <testcase name="AssetListAPI" time="3.007" classname="com.arcapi.Communitytestcases.AssetListAPITest"/>
  <testcase name="CreateAssetPOSTAPI" time="10.921" classname="com.arcapi.Communitytestcases.CreateAssetCommunityNoneAPITest"/>
  <testcase name="SignAgreementRegistrationAPI" time="4.953" classname="com.arcapi.Communitytestcases.SignAgreementRegistrationAPITest"/>
  <testcase name="RegistrationPaymentPricingGetAPI" time="4.753" classname="com.arcapi.Communitytestcases.RegistrationPaymentPricingGetAPITest"/>
  <testcase name="PaymentOrderSubmitPOSTAPI" time="9.53" classname="com.arcapi.Communitytestcases.PaymentOrderSubmitPOSTAPITest"/>
  <testcase name="AddAssestTimeline" time="4.684" classname="com.arcapi.Communitytestcases.AddAssestTimelinePOSTAPITest"/>
  <testcase name="PaymentOrderGetAPI" time="2.6" classname="com.arcapi.Communitytestcases.PaymentOrderGetAPITest"/>
  <testcase name="PaymentReceiptAPI" time="6.651" classname="com.arcapi.Communitytestcases.PaymentReceiptAPITest"/>
  <testcase name="PaymentHistoryAPI" time="2.955" classname="com.arcapi.Communitytestcases.PaymentHistoryAPITest"/>
  <testcase name="AssetDetailAPI" time="3.207" classname="com.arcapi.Communitytestcases.AssetDetailAPITest"/>
  <testcase name="AssetUpdateforNewAssetPUTAPI" time="3.206" classname="com.arcapi.Communitytestcases.AssetUpdateCommunityNoneAPITest"/>
  <testcase name="AssetDetailAPI" time="2.807" classname="com.arcapi.Communitytestcases.VerifyAssetDetailAPITest"/>
  <testcase name="VerifyProjectRegisteredAssetList" time="3.28" classname="com.arcapi.Communitytestcases.VerifyProjectRegisteredAssetListTest"/>
  <testcase name="AssetDocumentAPI" time="4.319" classname="com.arcapi.Communitytestcases.AssetDocumentAPITest"/>
  <testcase name="DownloadDocumentsAPI" time="4.164" classname="com.arcapi.Communitytestcases.DownloadDocumentsAPITest"/>
  <testcase name="VerifyAgreementPresentAPI" time="3.372" classname="com.arcapi.Communitytestcases.VerifyAgreementPresentAPITest"/>
  <testcase name="FetchingAgreementDetailsAPI" time="4.314" classname="com.arcapi.Communitytestcases.FetchingAgreementDetailsAPITest"/>
  <testcase name="VerifyAgreementDeleteAPI" time="2.648" classname="com.arcapi.Communitytestcases.VerifyAgreementDeleteAPITest">
    <failure type="java.lang.AssertionError" message="1 expectation failed.
Expected status code &amp;lt;403&amp;gt; doesn&amp;apos;t match actual status code &amp;lt;404&amp;gt;.
">
      <![CDATA[java.lang.AssertionError: 1 expectation failed.Expected status code <403> doesn't match actual status code <404>.at org.codehaus.groovy.runtime.callsite.ConstructorSite$ConstructorSiteNoUnwrap.callConstructor(ConstructorSite.java:84)at org.codehaus.groovy.runtime.callsite.AbstractCallSite.callConstructor(AbstractCallSite.java:247)at com.jayway.restassured.internal.ResponseSpecificationImpl$HamcrestAssertionClosure.validate(ResponseSpecificationImpl.groovy:598)at com.jayway.restassured.internal.ResponseSpecificationImpl$HamcrestAssertionClosure$validate$1.call(Unknown Source)at com.jayway.restassured.internal.ResponseSpecificationImpl.validateResponseIfRequired(ResponseSpecificationImpl.groovy:760)at org.codehaus.groovy.runtime.callsite.PogoMetaMethodSite$PogoCachedMethodSiteNoUnwrapNoCoerce.invoke(PogoMetaMethodSite.java:210)at org.codehaus.groovy.runtime.callsite.PogoMetaMethodSite.callCurrent(PogoMetaMethodSite.java:59)at org.codehaus.groovy.runtime.callsite.AbstractCallSite.callCurrent(AbstractCallSite.java:166)at com.jayway.restassured.internal.ResponseSpecificationImpl.statusCode(ResponseSpecificationImpl.groovy:120)at com.jayway.restassured.specification.ResponseSpecification$statusCode$0.callCurrent(Unknown Source)at com.jayway.restassured.internal.ResponseSpecificationImpl.statusCode(ResponseSpecificationImpl.groovy:128)at com.jayway.restassured.internal.ValidatableResponseOptionsImpl.statusCode(ValidatableResponseOptionsImpl.java:117)at com.arcapi.Communitytestcases.VerifyAgreementDeleteAPITest.VerifyAgreementDeleteAPI(VerifyAgreementDeleteAPITest.java:69)... Removed 35 stack frames]]>
    </failure>
  </testcase> <!-- VerifyAgreementDeleteAPI -->
  <testcase name="CreditGetAPI" time="7.269" classname="com.arcapi.Communitytestcases.CreditGetAPITest"/>
  <testcase name="CreditAddTeamPOSTAPI" time="27.033" classname="com.arcapi.Communitytestcases.CreditAddTeamPOSTAPITest"/>
  <testcase name="MeasuresListAPI" time="3.198" classname="com.arcapi.Communitytestcases.MeasuresListAPITest"/>
  <testcase name="MeasuresDetailAPI" time="3.017" classname="com.arcapi.Communitytestcases.MeasuresDetailAPITest"/>
  <testcase name="MeasuresPostAPI" time="22.011" classname="com.arcapi.Communitytestcases.MeasuresPostAPITest"/>
  <testcase name="MeasuresUpdateAPI" time="3.081" classname="com.arcapi.Communitytestcases.MeasuresUpdateAPITest"/>
  <testcase name="MeasuresVersionListAPI" time="2.796" classname="com.arcapi.Communitytestcases.MeasuresVersionListAPITest"/>
  <testcase name="MeasuresVersionDetailAPI" time="2.476" classname="com.arcapi.Communitytestcases.MeasuresVersionDetailAPITest"/>
  <testcase name="MeasuresVersionPostAPI" time="2.364" classname="com.arcapi.Communitytestcases.MeasuresVersionPostAPITest"/>
  <testcase name="MeterCreatePOSTAPI" time="71.194" classname="com.arcapi.Communitytestcases.MeterCreateAPICityCommTest"/>
  <testcase name="ConsumptionCreatePOSTAPI" time="73.406" classname="com.arcapi.Communitytestcases.CityCommConsumptionCreateAPITest"/>
  <testcase name="AssetTeamMemberRoleAPI" time="3.952" classname="com.arcapi.Communitytestcases.AssetTeamMemberRoleAPITest"/>
  <testcase name="AssetTeamMemberListAPI" time="3.521" classname="com.arcapi.Communitytestcases.AssetTeamMemberListAPITest"/>
  <testcase name="AssetTeamMemberAddPOSTAPI" time="3.742" classname="com.arcapi.Communitytestcases.AssetTeamMemberAddPOSTAPITest"/>
  <testcase name="AssetTeamMemberUpdateAPI" time="3.856" classname="com.arcapi.Communitytestcases.AssetTeamMemberUpdateAPITest"/>
  <testcase name="AssetTeamMemberRemoveAPI" time="3.608" classname="com.arcapi.Communitytestcases.AssetTeamMemberRemoveAPITest"/>
  <testcase name="DeleteAllAppsAPI" time="6.788" classname="com.arcapi.Communitytestcases.DeleteAllAppsAPITest"/>
  <testcase name="InstallAllAppsAfterDeleteAPI" time="5.755" classname="com.arcapi.Communitytestcases.InstallAllAppsAfterDeleteAPITest"/>
  <testcase name="S3DocumentUploadPOSTAPI" time="25.269" classname="com.arcapi.Communitytestcases.S3DocumentUploadPOSTAPITest"/>
  <testcase name="S3DocumentRemoveAPI" time="3.141" classname="com.arcapi.Communitytestcases.S3DocumentRemoveAPITest"/>
  <testcase name="AssetTeamPermissionListAPI" time="5.5" classname="com.arcapi.Communitytestcases.AssetTeamPermissionListAPITest"/>
  <testcase name="AssetTeamPermissionPostAPI" time="3.145" classname="com.arcapi.Communitytestcases.AssetTeamPermissionPostAPITest"/>
  <testcase name="AssetTeamPermissionPutAPI" time="3.369" classname="com.arcapi.Communitytestcases.AssetTeamPermissionPutAPITest"/>
  <testcase name="AssetNotificationSubscriptionList" time="2.768" classname="com.arcapi.Communitytestcases.AssetNotificationSubscriptionListTest"/>
  <testcase name="AssetNotificationSubscriptionPost" time="2.73" classname="com.arcapi.Communitytestcases.AssetNotificationSubscriptionPostTest"/>
  <testcase name="NotificationSubscriptionDetail" time="2.787" classname="com.arcapi.Communitytestcases.NotificationSubscriptionDetailGetTest"/>
  <testcase name="NotificationSubscriptionDetail" time="2.638" classname="com.arcapi.Communitytestcases.NotificationSubscriptionDetailPutTest"/>
  <testcase name="NotificationSubscriptionDetailDelete" time="2.808" classname="com.arcapi.Communitytestcases.NotificationSubscriptionDetailDeleteTest"/>
  <testcase name="AssetDataSnapshotAPI" time="32.292" classname="com.arcapi.Communitytestcases.AssetDataSnapshotAPITest"/>
  <testcase name="RecomputePerformanceScoreGet" time="6.503" classname="com.arcapi.Communitytestcases.RecomputePerformanceScoreGetTest"/>
  <testcase name="ReviewCertificationPricingAPI" time="3.85" classname="com.arcapi.Communitytestcases.ReviewCertificationPricingAPITest"/>
  <testcase name="SubmitReviewPOSTAPI" time="3.965" classname="com.arcapi.Communitytestcases.SubmitReviewPOSTAPITest"/>
  <testcase name="SubmitReviewGetAPI" time="3.024" classname="com.arcapi.Communitytestcases.SubmitReviewGetAPITest"/>
  <testcase name="NotificationCreatePOSTAPI" time="2.547" classname="com.arcapi.Communitytestcases.NotificationCreatePOSTAPITest"/>
  <testcase name="NotificationGetAPI" time="2.502" classname="com.arcapi.Communitytestcases.NotificationGetAPITest"/>
  <testcase name="NotificationDeleteAPI" time="2.71" classname="com.arcapi.Communitytestcases.NotificationDeleteAPITest"/>
  <testcase name="FeedbackSubmitPostAPI" time="3.043" classname="com.arcapi.Communitytestcases.FeedbackSubmitPostAPITest"/>
  <testcase name="AssetDataExportAPI" time="3.153" classname="com.arcapi.Communitytestcases.AssetDataExportAPITest"/>
  <testcase name="AssetPerformanceScoreListAPI" time="2.416" classname="com.arcapi.Communitytestcases.AssetPerformanceScoreListAPITest"/>
  <testcase name="AnalysisDataSubmitPOSTAPI" time="13.396" classname="com.arcapi.Communitytestcases.AnalysisDataSubmitPOSTAPITest"/>
  <testcase name="AnalysisDataGetAPI" time="2.676" classname="com.arcapi.Communitytestcases.AnalysisDataGetAPITest"/>
  <testcase name="AssetRequiredFieldsAPI" time="3.112" classname="com.arcapi.Communitytestcases.AssetRequiredFieldsAPITest"/>
  <testcase name="CountryStatesJSONAPI" time="2.967" classname="com.arcapi.Communitytestcases.CountryStatesJSONAPITest"/>
  <testcase name="AssociatedCategoriesAPI" time="2.658" classname="com.arcapi.Communitytestcases.AssociatedCategoriesAPITest"/>
  <testcase name="RatingSystemListAPI" time="2.991" classname="com.arcapi.Communitytestcases.RatingSystemListAPITest"/>
  <testcase name="AppVersionDetailAPI" time="2.609" classname="com.arcapi.Communitytestcases.AppVersionDetailAPITest"/>
  <testcase name="FuelCategoryAPI" time="2.565" classname="com.arcapi.Communitytestcases.FuelCategoryAPITest"/>
  <testcase name="GetAllDocumentListAPI" time="3.086" classname="com.arcapi.Communitytestcases.GetAllDocumentListAPITest"/>
  <testcase name="PerformanceComparablesGetAPI" time="2.754" classname="com.arcapi.Communitytestcases.PerformanceComparablesGetAPITest"/>
  <testcase name="ScoreWeightsAPI" time="4.409" classname="com.arcapi.Communitytestcases.ScoreWeightsAPITest"/>
  <testcase name="ThirdPartyListAppsAPI" time="2.455" classname="com.arcapi.Communitytestcases.ThirdPartyListAppsAPITest"/>
  <testcase name="AvgPerformaceList" time="2.816" classname="com.arcapi.Communitytestcases.AvgPerformaceListGetTest"/>
  <testcase name="AssetSnapshotKeysAPI" time="2.553" classname="com.arcapi.Communitytestcases.AssetSnapshotKeysAPITest"/>
  <testcase name="AssetSnapshotDownloadAPI" time="20.799" classname="com.arcapi.Communitytestcases.AssetSnapshotDownloadAPITest"/>
</testsuite> <!-- CompleteFlowTest-Community-None -->
