<?xml version="1.0" encoding="UTF-8"?>
<!-- Generated by org.testng.reporters.JUnitXMLReporter -->
<testsuite hostname="G10GNLT041" ignored="0" name="CompleteFlowTest-Building-None" tests="34" failures="3" timestamp="10 Sep 2018 07:19:46 GMT" time="581.597" errors="0">
  <testcase name="LoginAPI" time="10.539" classname="com.arcapi.Buildingtestcases.LoginAPITest"/>
  <testcase name="CreateAssetPOSTAPI" time="18.341" classname="com.arcapi.Buildingtestcases.CreateAssetBuildingNoneAPITest"/>
  <testcase name="SignAgreementRegistrationAPI" time="10.042" classname="com.arcapi.Buildingtestcases.SignAgreementRegistrationAPITest"/>
  <testcase name="RegistrationPaymentPricingGetAPI" time="6.777" classname="com.arcapi.Buildingtestcases.RegistrationPaymentPricingGetAPITest"/>
  <testcase name="PaymentOrderSubmitPOSTAPI" time="43.552" classname="com.arcapi.Buildingtestcases.PaymentOrderSubmitPOSTAPITest"/>
  <testcase name="AddAssestTimeline" time="48.703" classname="com.arcapi.Buildingtestcases.AddAssestTimelinePOSTAPITest"/>
  <testcase name="PaymentOrderGetAPI" time="3.339" classname="com.arcapi.Buildingtestcases.PaymentOrderGetAPITest"/>
  <testcase name="AssetDetailAPI" time="8.406" classname="com.arcapi.Buildingtestcases.AssetDetailAPITest"/>
  <testcase name="AssetUpdateforNewAssetPUTAPI" time="7.091" classname="com.arcapi.Buildingtestcases.AssetUpdateBuildingNoneAPITest"/>
  <testcase name="TransitSurveyCreatePOSTAPI" time="3.553" classname="com.arcapi.Buildingtestcases.TransitSurveyCreatePOSTAPITest"/>
  <testcase name="TransitSurveyAPI" time="2.639" classname="com.arcapi.Buildingtestcases.TransitSurveyAPITest"/>
  <testcase name="TransitSurveySummarizeSurveyAPI" time="3.018" classname="com.arcapi.Buildingtestcases.TransitSurveySummarizeSurveyAPITest"/>
  <testcase name="EnvironmentSurveyCreatePOSTAPI" time="2.506" classname="com.arcapi.Buildingtestcases.EnvironmentSurveyCreatePOSTAPITest"/>
  <testcase name="EnvironmentSurveyGetAPI" time="2.478" classname="com.arcapi.Buildingtestcases.EnvironmentSurveyGetAPITest"/>
  <testcase name="EnvironmentSurveySummarizeAPI" time="2.551" classname="com.arcapi.Buildingtestcases.EnvironmentSurveySummarizeAPITest"/>
  <testcase name="ExcelUploadTemplatePOSTAPI" time="10.936" classname="com.arcapi.Buildingtestcases.ExcelUploadTemplatePOSTAPITest"/>
  <testcase name="RecomputePerformanceScoreGet" time="6.099" classname="com.arcapi.Buildingtestcases.RecomputePerformanceScoreGetTest"/>
  <testcase name="ReviewCertificationPricingAPI" time="4.413" classname="com.arcapi.Buildingtestcases.ReviewCertificationPricingAPITest"/>
  <testcase name="SubmitReviewPOSTAPI" time="5.54" classname="com.arcapi.Buildingtestcases.SubmitReviewPOSTAPITest"/>
  <testcase name="SubmitReviewGetAPI" time="2.811" classname="com.arcapi.Buildingtestcases.SubmitReviewGetAPITest"/>
  <testcase name="CO2GetTestAPI" time="2.573" classname="com.arcapi.Scoretestcases.version2.CO2GetTest"/>
  <testcase name="GhgGetTestAPI" time="2.043" classname="com.arcapi.Scoretestcases.version2.GhgGetTest"/>
  <testcase name="GhgCalcGet" time="2.582" classname="com.arcapi.Scoretestcases.version2.GhgCalcGetTest"/>
  <testcase name="VOCGet" time="2.5" classname="com.arcapi.Scoretestcases.version2.VOCGetTest"/>
  <testcase name="WaterGet" time="2.638" classname="com.arcapi.Scoretestcases.version2.WaterGetTest"/>
  <testcase name="TemperatureDataGet" time="2.601" classname="com.arcapi.Scoretestcases.version2.TemperatureDataGetTest"/>
  <testcase name="TemperatureDataZipCodeGet" time="2.315" classname="com.arcapi.Scoretestcases.version2.TemperatureDataZipCodeGetTest"/>
  <testcase name="CO2GetTestAPI" time="3.434" classname="com.arcapi.Scoretestcases.version3.CO2GetTest"/>
  <testcase name="GhgGetTestAPI" time="302.331" classname="com.arcapi.Scoretestcases.version3.GhgGetTest">
    <failure type="java.lang.AssertionError" message="1 expectation failed.
Expected status code &amp;lt;200&amp;gt; doesn&amp;apos;t match actual status code &amp;lt;500&amp;gt;.
">
      <![CDATA[java.lang.AssertionError: 1 expectation failed.Expected status code <200> doesn't match actual status code <500>.at org.codehaus.groovy.runtime.callsite.ConstructorSite$ConstructorSiteNoUnwrap.callConstructor(ConstructorSite.java:84)at org.codehaus.groovy.runtime.callsite.CallSiteArray.defaultCallConstructor(CallSiteArray.java:60)at org.codehaus.groovy.runtime.callsite.AbstractCallSite.callConstructor(AbstractCallSite.java:235)at org.codehaus.groovy.runtime.callsite.AbstractCallSite.callConstructor(AbstractCallSite.java:247)at com.jayway.restassured.internal.ResponseSpecificationImpl$HamcrestAssertionClosure.validate(ResponseSpecificationImpl.groovy:598)at com.jayway.restassured.internal.ResponseSpecificationImpl$HamcrestAssertionClosure$validate$1.call(Unknown Source)at com.jayway.restassured.internal.ResponseSpecificationImpl.validate(ResponseSpecificationImpl.groovy:86)at com.jayway.restassured.internal.ValidatableResponseOptionsImpl.specification(ValidatableResponseOptionsImpl.java:307)at com.jayway.restassured.internal.ValidatableResponseOptionsImpl.spec(ValidatableResponseOptionsImpl.java:288)at com.arcapi.Scoretestcases.version3.GhgGetTest.GhgGetTestAPI(GhgGetTest.java:50)... Removed 32 stack frames]]>
    </failure>
  </testcase> <!-- GhgGetTestAPI -->
  <testcase name="GhgCalcGet" time="6.059" classname="com.arcapi.Scoretestcases.version3.GhgCalcGetTest">
    <failure type="java.lang.AssertionError" message="1 expectation failed.
Expected status code &amp;lt;200&amp;gt; doesn&amp;apos;t match actual status code &amp;lt;400&amp;gt;.
">
      <![CDATA[java.lang.AssertionError: 1 expectation failed.Expected status code <200> doesn't match actual status code <400>.at org.codehaus.groovy.runtime.callsite.ConstructorSite$ConstructorSiteNoUnwrap.callConstructor(ConstructorSite.java:84)at org.codehaus.groovy.runtime.callsite.AbstractCallSite.callConstructor(AbstractCallSite.java:247)at com.jayway.restassured.internal.ResponseSpecificationImpl$HamcrestAssertionClosure.validate(ResponseSpecificationImpl.groovy:598)at com.jayway.restassured.internal.ResponseSpecificationImpl$HamcrestAssertionClosure$validate$1.call(Unknown Source)at com.jayway.restassured.internal.ResponseSpecificationImpl.validate(ResponseSpecificationImpl.groovy:86)at com.jayway.restassured.internal.ValidatableResponseOptionsImpl.specification(ValidatableResponseOptionsImpl.java:307)at com.jayway.restassured.internal.ValidatableResponseOptionsImpl.spec(ValidatableResponseOptionsImpl.java:288)at com.arcapi.Scoretestcases.version3.GhgCalcGetTest.GhgCalcGet(GhgCalcGetTest.java:50)... Removed 32 stack frames]]>
    </failure>
  </testcase> <!-- GhgCalcGet -->
  <testcase name="VOCGet" time="2.648" classname="com.arcapi.Scoretestcases.version3.VOCGetTest"/>
  <testcase name="WaterGet" time="2.837" classname="com.arcapi.Scoretestcases.version3.WaterGetTest"/>
  <testcase name="TemperatureDataGet" time="3.192" classname="com.arcapi.Scoretestcases.version3.TemperatureDataGetTest"/>
  <testcase name="TemperatureDataZipCodeGet" time="1.897" classname="com.arcapi.Scoretestcases.version3.TemperatureDataZipCodeGetTest">
    <failure type="java.lang.AssertionError" message="1 expectation failed.
Expected status code &amp;lt;200&amp;gt; doesn&amp;apos;t match actual status code &amp;lt;404&amp;gt;.
">
      <![CDATA[java.lang.AssertionError: 1 expectation failed.Expected status code <200> doesn't match actual status code <404>.at org.codehaus.groovy.runtime.callsite.ConstructorSite$ConstructorSiteNoUnwrap.callConstructor(ConstructorSite.java:84)at org.codehaus.groovy.runtime.callsite.AbstractCallSite.callConstructor(AbstractCallSite.java:247)at com.jayway.restassured.internal.ResponseSpecificationImpl$HamcrestAssertionClosure.validate(ResponseSpecificationImpl.groovy:598)at com.jayway.restassured.internal.ResponseSpecificationImpl$HamcrestAssertionClosure$validate$1.call(Unknown Source)at com.jayway.restassured.internal.ResponseSpecificationImpl.validate(ResponseSpecificationImpl.groovy:86)at com.jayway.restassured.internal.ValidatableResponseOptionsImpl.specification(ValidatableResponseOptionsImpl.java:307)at com.jayway.restassured.internal.ValidatableResponseOptionsImpl.spec(ValidatableResponseOptionsImpl.java:288)at com.arcapi.Scoretestcases.version3.TemperatureDataZipCodeGetTest.TemperatureDataZipCodeGet(TemperatureDataZipCodeGetTest.java:46)... Removed 32 stack frames]]>
    </failure>
  </testcase> <!-- TemperatureDataZipCodeGet -->
</testsuite> <!-- CompleteFlowTest-Building-None -->
