<?xml version="1.0" encoding="UTF-8"?>
<!-- Generated by org.testng.reporters.JUnitXMLReporter -->
<testsuite hostname="G10GGNLT052" name="CompleteFlowTest-City-Leed" tests="86" failures="6" timestamp="14 Aug 2019 08:09:01 GMT" time="2360.848" errors="0">
  <testcase name="LoginAPI" time="6.842" classname="com.arcapi.Citytestcases.LoginAPITest"/>
  <testcase name="UserDetailAPI" time="2.583" classname="com.arcapi.Citytestcases.UserDetailAPITest"/>
  <testcase name="UserAccessLevelSAPGet" time="2.341" classname="com.arcapi.Citytestcases.UserAccessLevelSAPGetTest"/>
  <testcase name="LOTokenAPI" time="2.196" classname="com.arcapi.Citytestcases.LOTokenAPITest"/>
  <testcase name="AssetSearchAPI" time="2.058" classname="com.arcapi.Citytestcases.AssetSearchAPITest"/>
  <testcase name="AssetValidationInfoPOSTAPI" time="2.401" classname="com.arcapi.Citytestcases.AssetValidationInfoPOSTAPITest"/>
  <testcase name="AssetSearchOwnerAPI" time="2.187" classname="com.arcapi.Citytestcases.AssetSearchOwnerAPITest"/>
  <testcase name="AssetOwnerOrgPOSTAPI" time="6.333" classname="com.arcapi.Citytestcases.AssetOwnerOrgPOSTAPITest"/>
  <testcase name="AssetListAPI" time="2.591" classname="com.arcapi.Citytestcases.AssetListAPITest"/>
  <testcase name="CreateAssetPOSTAPI" time="8.996" classname="com.arcapi.Citytestcases.CreateAssetCityLeedAPITest"/>
  <testcase name="SignAgreementRegistrationAPI" time="4.433" classname="com.arcapi.Citytestcases.SignAgreementRegistrationAPITest"/>
  <testcase name="RegistrationPaymentPricingGetAPI" time="3.258" classname="com.arcapi.Citytestcases.RegistrationPaymentPricingGetAPITest"/>
  <testcase name="PaymentOrderSubmitPOSTAPI" time="11.89" classname="com.arcapi.Citytestcases.PaymentOrderSubmitPOSTAPITest"/>
  <testcase name="AddAssestTimeline" time="4.272" classname="com.arcapi.Citytestcases.AddAssestTimelinePOSTAPITest"/>
  <testcase name="PaymentOrderGetAPI" time="2.387" classname="com.arcapi.Citytestcases.PaymentOrderGetAPITest"/>
  <testcase name="PaymentReceiptAPI" time="8.169" classname="com.arcapi.Citytestcases.PaymentReceiptAPITest"/>
  <testcase name="PaymentHistoryAPI" time="2.072" classname="com.arcapi.Citytestcases.PaymentHistoryAPITest"/>
  <testcase name="AssetDetailAPI" time="2.596" classname="com.arcapi.Citytestcases.AssetDetailAPITest"/>
  <testcase name="AssetUpdateforNewAssetPUTAPI" time="2.624" classname="com.arcapi.Citytestcases.AssetUpdateCityLeedAPITest"/>
  <testcase name="AssetDetailAPI" time="2.41" classname="com.arcapi.Citytestcases.VerifyAssetDetailCityAPITest">
    <failure type="java.lang.AssertionError" message="1 expectation failed.
JSON path owner_email doesn&amp;apos;t match.
Expected: usgbcarcapi1@gmail.com
  Actual: stg-01@gmail.com
">
      <![CDATA[java.lang.AssertionError: 1 expectation failed.
JSON path owner_email doesn't match.
Expected: usgbcarcapi1@gmail.com
  Actual: stg-01@gmail.com

	at org.codehaus.groovy.runtime.callsite.ConstructorSite$ConstructorSiteNoUnwrap.callConstructor(ConstructorSite.java:84)
	at org.codehaus.groovy.runtime.callsite.CallSiteArray.defaultCallConstructor(CallSiteArray.java:60)
	at org.codehaus.groovy.runtime.callsite.AbstractCallSite.callConstructor(AbstractCallSite.java:235)
	at org.codehaus.groovy.runtime.callsite.AbstractCallSite.callConstructor(AbstractCallSite.java:247)
	at com.jayway.restassured.internal.ResponseSpecificationImpl$HamcrestAssertionClosure.validate(ResponseSpecificationImpl.groovy:598)
	at com.jayway.restassured.internal.ResponseSpecificationImpl$HamcrestAssertionClosure$validate$1.call(Unknown Source)
	at com.jayway.restassured.internal.ResponseSpecificationImpl.validateResponseIfRequired(ResponseSpecificationImpl.groovy:760)
	at org.codehaus.groovy.runtime.callsite.PogoMetaMethodSite$PogoCachedMethodSiteNoUnwrapNoCoerce.invoke(PogoMetaMethodSite.java:210)
	at org.codehaus.groovy.runtime.callsite.PogoMetaMethodSite.callCurrent(PogoMetaMethodSite.java:59)
	at org.codehaus.groovy.runtime.callsite.AbstractCallSite.callCurrent(AbstractCallSite.java:166)
	at com.jayway.restassured.internal.ResponseSpecificationImpl.content(ResponseSpecificationImpl.groovy:251)
	at com.jayway.restassured.specification.ResponseSpecification$content$1.callCurrent(Unknown Source)
	at com.jayway.restassured.internal.ResponseSpecificationImpl.body(ResponseSpecificationImpl.groovy:234)
	at com.jayway.restassured.internal.ValidatableResponseOptionsImpl.body(ValidatableResponseOptionsImpl.java:264)
	at com.arcapi.Citytestcases.VerifyAssetDetailCityAPITest.AssetDetailAPI(VerifyAssetDetailCityAPITest.java:66)
... Removed 34 stack frames]]>
    </failure>
  </testcase> <!-- AssetDetailAPI -->
  <testcase name="VerifyProjectRegisteredAssetList" time="2.521" classname="com.arcapi.Citytestcases.VerifyProjectRegisteredAssetListTest"/>
  <testcase name="AssetDocumentAPI" time="3.108" classname="com.arcapi.Citytestcases.AssetDocumentAPITest"/>
  <testcase name="DownloadDocumentsAPI" time="2.89" classname="com.arcapi.Citytestcases.DownloadDocumentsAPITest"/>
  <testcase name="VerifyAgreementPresentAPI" time="2.881" classname="com.arcapi.Citytestcases.VerifyAgreementPresentAPITest"/>
  <testcase name="FetchingAgreementDetailsAPI" time="3.264" classname="com.arcapi.Citytestcases.FetchingAgreementDetailsAPITest"/>
  <testcase name="VerifyAgreementDeleteAPI" time="2.581" classname="com.arcapi.Citytestcases.VerifyAgreementDeleteAPITest">
    <failure type="java.lang.AssertionError" message="1 expectation failed.
Expected status code &amp;lt;403&amp;gt; doesn&amp;apos;t match actual status code &amp;lt;404&amp;gt;.
">
      <![CDATA[java.lang.AssertionError: 1 expectation failed.
Expected status code <403> doesn't match actual status code <404>.

	at org.codehaus.groovy.runtime.callsite.ConstructorSite$ConstructorSiteNoUnwrap.callConstructor(ConstructorSite.java:84)
	at org.codehaus.groovy.runtime.callsite.AbstractCallSite.callConstructor(AbstractCallSite.java:247)
	at com.jayway.restassured.internal.ResponseSpecificationImpl$HamcrestAssertionClosure.validate(ResponseSpecificationImpl.groovy:598)
	at com.jayway.restassured.internal.ResponseSpecificationImpl$HamcrestAssertionClosure$validate$1.call(Unknown Source)
	at com.jayway.restassured.internal.ResponseSpecificationImpl.validateResponseIfRequired(ResponseSpecificationImpl.groovy:760)
	at org.codehaus.groovy.runtime.callsite.PogoMetaMethodSite$PogoCachedMethodSiteNoUnwrapNoCoerce.invoke(PogoMetaMethodSite.java:210)
	at org.codehaus.groovy.runtime.callsite.PogoMetaMethodSite.callCurrent(PogoMetaMethodSite.java:59)
	at org.codehaus.groovy.runtime.callsite.AbstractCallSite.callCurrent(AbstractCallSite.java:166)
	at com.jayway.restassured.internal.ResponseSpecificationImpl.statusCode(ResponseSpecificationImpl.groovy:120)
	at com.jayway.restassured.specification.ResponseSpecification$statusCode$0.callCurrent(Unknown Source)
	at com.jayway.restassured.internal.ResponseSpecificationImpl.statusCode(ResponseSpecificationImpl.groovy:128)
	at com.jayway.restassured.internal.ValidatableResponseOptionsImpl.statusCode(ValidatableResponseOptionsImpl.java:117)
	at com.arcapi.Citytestcases.VerifyAgreementDeleteAPITest.VerifyAgreementDeleteAPI(VerifyAgreementDeleteAPITest.java:69)
... Removed 34 stack frames]]>
    </failure>
  </testcase> <!-- VerifyAgreementDeleteAPI -->
  <testcase name="CreditGetAPI" time="6.649" classname="com.arcapi.Citytestcases.CreditGetAPITest"/>
  <testcase name="CreditUpdatePUTAPI" time="25.279" classname="com.arcapi.Citytestcases.CreditUpdatePUTAPITest">
    <failure type="java.lang.AssertionError" message="1 expectation failed.
Expected status code &amp;lt;200&amp;gt; doesn&amp;apos;t match actual status code &amp;lt;404&amp;gt;.
">
      <![CDATA[java.lang.AssertionError: 1 expectation failed.
Expected status code <200> doesn't match actual status code <404>.

	at org.codehaus.groovy.runtime.callsite.ConstructorSite$ConstructorSiteNoUnwrap.callConstructor(ConstructorSite.java:84)
	at org.codehaus.groovy.runtime.callsite.AbstractCallSite.callConstructor(AbstractCallSite.java:247)
	at com.jayway.restassured.internal.ResponseSpecificationImpl$HamcrestAssertionClosure.validate(ResponseSpecificationImpl.groovy:598)
	at com.jayway.restassured.internal.ResponseSpecificationImpl$HamcrestAssertionClosure$validate$1.call(Unknown Source)
	at com.jayway.restassured.internal.ResponseSpecificationImpl.validate(ResponseSpecificationImpl.groovy:86)
	at com.jayway.restassured.internal.ValidatableResponseOptionsImpl.specification(ValidatableResponseOptionsImpl.java:307)
	at com.jayway.restassured.internal.ValidatableResponseOptionsImpl.spec(ValidatableResponseOptionsImpl.java:288)
	at com.arcapi.Citytestcases.CreditUpdatePUTAPITest.CreditUpdatePUTAPI(CreditUpdatePUTAPITest.java:68)
... Removed 31 stack frames]]>
    </failure>
  </testcase> <!-- CreditUpdatePUTAPI -->
  <testcase name="CreditAddTeamPOSTAPI" time="31.867" classname="com.arcapi.Citytestcases.CreditAddTeamPOSTAPITest"/>
  <testcase name="MeasuresListAPI" time="2.163" classname="com.arcapi.Citytestcases.MeasuresListAPITest"/>
  <testcase name="MeasuresDetailAPI" time="2.126" classname="com.arcapi.Citytestcases.MeasuresDetailAPITest"/>
  <testcase name="MeasuresPostAPI" time="23.604" classname="com.arcapi.Citytestcases.MeasuresPostAPITest"/>
  <testcase name="MeasuresUpdateAPI" time="2.257" classname="com.arcapi.Citytestcases.MeasuresUpdateAPITest"/>
  <testcase name="MeasuresVersionListAPI" time="2.103" classname="com.arcapi.Citytestcases.MeasuresVersionListAPITest"/>
  <testcase name="MeasuresVersionDetailAPI" time="2.165" classname="com.arcapi.Citytestcases.MeasuresVersionDetailAPITest"/>
  <testcase name="MeasuresVersionPostAPI" time="2.079" classname="com.arcapi.Citytestcases.MeasuresVersionPostAPITest"/>
  <testcase name="MeterCreatePOSTAPI" time="30.81" classname="com.arcapi.Citytestcases.MeterCreateAPICityCommTest"/>
  <testcase name="ConsumptionCreatePOSTAPI" time="40.012" classname="com.arcapi.Citytestcases.CityCommConsumptionCreateAPITest"/>
  <testcase name="AdditionalDataCreateAPICityComm" time="768.637" classname="com.arcapi.Citytestcases.AdditionalDataCreateAPICityCommTest"/>
  <testcase name="ConsumptionCreatePOSTAPI" time="1035.896" classname="com.arcapi.Citytestcases.AdditionalDataConsumptionCreateAPITest"/>
  <testcase name="AssetTeamMemberRoleAPI" time="3.075" classname="com.arcapi.Citytestcases.AssetTeamMemberRoleAPITest"/>
  <testcase name="AssetTeamMemberListAPI" time="3.167" classname="com.arcapi.Citytestcases.AssetTeamMemberListAPITest"/>
  <testcase name="AssetTeamMemberAddPOSTAPI" time="2.916" classname="com.arcapi.Citytestcases.AssetTeamMemberAddPOSTAPITest"/>
  <testcase name="AssetTeamMemberUpdateAPI" time="3.048" classname="com.arcapi.Citytestcases.AssetTeamMemberUpdateAPITest"/>
  <testcase name="AssetTeamMemberRemoveAPI" time="3.112" classname="com.arcapi.Citytestcases.AssetTeamMemberRemoveAPITest"/>
  <testcase name="DeleteAllAppsAPI" time="6.158" classname="com.arcapi.Citytestcases.DeleteAllAppsAPITest"/>
  <testcase name="InstallAllAppsAfterDeleteAPI" time="6.192" classname="com.arcapi.Citytestcases.InstallAllAppsAfterDeleteAPITest"/>
  <testcase name="VerifyAdminRemoveAPI" time="3.096" classname="com.arcapi.Citytestcases.VerifyAdminRemoveAPITest">
    <failure type="java.lang.AssertionError" message="1 expectation failed.
Expected status code &amp;lt;200&amp;gt; doesn&amp;apos;t match actual status code &amp;lt;500&amp;gt;.
">
      <![CDATA[java.lang.AssertionError: 1 expectation failed.
Expected status code <200> doesn't match actual status code <500>.

	at org.codehaus.groovy.runtime.callsite.ConstructorSite$ConstructorSiteNoUnwrap.callConstructor(ConstructorSite.java:84)
	at org.codehaus.groovy.runtime.callsite.AbstractCallSite.callConstructor(AbstractCallSite.java:247)
	at com.jayway.restassured.internal.ResponseSpecificationImpl$HamcrestAssertionClosure.validate(ResponseSpecificationImpl.groovy:598)
	at com.jayway.restassured.internal.ResponseSpecificationImpl$HamcrestAssertionClosure$validate$1.call(Unknown Source)
	at com.jayway.restassured.internal.RequestSpecificationImpl.applyPathParamsAndSendRequest(RequestSpecificationImpl.groovy:1597)
	at groovy.lang.MetaMethod.doMethodInvoke(MetaMethod.java:325)
	at groovy.lang.MetaClassImpl.invokeMethod(MetaClassImpl.java:1210)
	at groovy.lang.MetaClassImpl.invokeMethod(MetaClassImpl.java:1019)
	at groovy.lang.MetaClassImpl.invokeMethod(MetaClassImpl.java:810)
	at com.jayway.restassured.internal.RequestSpecificationImpl.invokeMethod(RequestSpecificationImpl.groovy)
	at org.codehaus.groovy.runtime.callsite.PogoInterceptableSite.call(PogoInterceptableSite.java:48)
	at org.codehaus.groovy.runtime.callsite.PogoInterceptableSite.callCurrent(PogoInterceptableSite.java:58)
	at org.codehaus.groovy.runtime.callsite.AbstractCallSite.callCurrent(AbstractCallSite.java:182)
	at com.jayway.restassured.internal.RequestSpecificationImpl.post(RequestSpecificationImpl.groovy:164)
	at com.jayway.restassured.internal.RequestSpecificationImpl.post(RequestSpecificationImpl.groovy)
	at groovy.lang.MetaMethod.doMethodInvoke(MetaMethod.java:325)
	at groovy.lang.MetaClassImpl.invokeMethod(MetaClassImpl.java:1210)
	at groovy.lang.MetaClassImpl.invokeMethod(MetaClassImpl.java:1019)
	at groovy.lang.MetaClassImpl.invokeMethod(MetaClassImpl.java:810)
	at com.jayway.restassured.internal.RequestSpecificationImpl.invokeMethod(RequestSpecificationImpl.groovy)
	at org.codehaus.groovy.runtime.callsite.PogoInterceptableSite.call(PogoInterceptableSite.java:48)
	at org.codehaus.groovy.runtime.callsite.AbstractCallSite.call(AbstractCallSite.java:133)
	at com.jayway.restassured.internal.ResponseSpecificationImpl.post(ResponseSpecificationImpl.groovy:293)
	at com.jayway.restassured.internal.ResponseSpecificationImpl.post(ResponseSpecificationImpl.groovy)
	at com.arc.driver.CommonMethod.GeneratingAuthCodeForLOUser(CommonMethod.java:74)
	at com.arcapi.Citytestcases.VerifyAdminRemoveAPITest.VerifyAdminRemoveAPI(VerifyAdminRemoveAPITest.java:27)
... Removed 40 stack frames]]>
    </failure>
  </testcase> <!-- VerifyAdminRemoveAPI -->
  <testcase name="S3DocumentUploadPOSTAPI" time="28.372" classname="com.arcapi.Citytestcases.S3DocumentUploadPOSTAPITest"/>
  <testcase name="S3DocumentListAPI" time="2.155" classname="com.arcapi.Citytestcases.S3DocumentListAPITest"/>
  <testcase name="S3DocumentRemoveAPI" time="2.176" classname="com.arcapi.Citytestcases.S3DocumentRemoveAPITest"/>
  <testcase name="AssetTeamPermissionListAPI" time="4.183" classname="com.arcapi.Citytestcases.AssetTeamPermissionListAPITest"/>
  <testcase name="AssetTeamPermissionPostAPI" time="3.035" classname="com.arcapi.Citytestcases.AssetTeamPermissionPostAPITest"/>
  <testcase name="AssetTeamPermissionPutAPI" time="2.518" classname="com.arcapi.Citytestcases.AssetTeamPermissionPutAPITest"/>
  <testcase name="AssetNotificationSubscriptionList" time="2.415" classname="com.arcapi.Citytestcases.AssetNotificationSubscriptionListTest"/>
  <testcase name="AssetNotificationSubscriptionPost" time="2.561" classname="com.arcapi.Citytestcases.AssetNotificationSubscriptionPostTest"/>
  <testcase name="NotificationSubscriptionDetail" time="2.579" classname="com.arcapi.Citytestcases.NotificationSubscriptionDetailGetTest"/>
  <testcase name="NotificationSubscriptionDetail" time="2.151" classname="com.arcapi.Citytestcases.NotificationSubscriptionDetailPutTest"/>
  <testcase name="NotificationSubscriptionDetailDelete" time="2.443" classname="com.arcapi.Citytestcases.NotificationSubscriptionDetailDeleteTest"/>
  <testcase name="AssetDataSnapshotAPI" time="15.567" classname="com.arcapi.Citytestcases.AssetDataSnapshotAPITest"/>
  <testcase name="RecomputePerformanceScoreGet" time="10.169" classname="com.arcapi.Citytestcases.RecomputePerformanceScoreGetTest"/>
  <testcase name="ReviewCertificationPricingAPI" time="14.63" classname="com.arcapi.Citytestcases.ReviewCertificationPricingAPITest"/>
  <testcase name="SubmitReviewPOSTAPI" time="2.333" classname="com.arcapi.Citytestcases.SubmitReviewPOSTAPITest">
    <failure type="java.lang.AssertionError" message="1 expectation failed.
Expected status code &amp;lt;200&amp;gt; doesn&amp;apos;t match actual status code &amp;lt;400&amp;gt;.
">
      <![CDATA[java.lang.AssertionError: 1 expectation failed.
Expected status code <200> doesn't match actual status code <400>.

	at org.codehaus.groovy.runtime.callsite.ConstructorSite$ConstructorSiteNoUnwrap.callConstructor(ConstructorSite.java:84)
	at org.codehaus.groovy.runtime.callsite.AbstractCallSite.callConstructor(AbstractCallSite.java:247)
	at com.jayway.restassured.internal.ResponseSpecificationImpl$HamcrestAssertionClosure.validate(ResponseSpecificationImpl.groovy:598)
	at com.jayway.restassured.internal.ResponseSpecificationImpl$HamcrestAssertionClosure$validate$1.call(Unknown Source)
	at com.jayway.restassured.internal.ResponseSpecificationImpl.validate(ResponseSpecificationImpl.groovy:86)
	at com.jayway.restassured.internal.ValidatableResponseOptionsImpl.specification(ValidatableResponseOptionsImpl.java:307)
	at com.jayway.restassured.internal.ValidatableResponseOptionsImpl.spec(ValidatableResponseOptionsImpl.java:288)
	at com.arcapi.Citytestcases.SubmitReviewPOSTAPITest.SubmitReviewPOSTAPI(SubmitReviewPOSTAPITest.java:140)
... Removed 31 stack frames]]>
    </failure>
  </testcase> <!-- SubmitReviewPOSTAPI -->
  <testcase name="SubmitReviewGetAPI" time="2.676" classname="com.arcapi.Citytestcases.SubmitReviewGetAPITest"/>
  <testcase name="NotificationCreatePOSTAPI" time="2.214" classname="com.arcapi.Citytestcases.NotificationCreatePOSTAPITest"/>
  <testcase name="NotificationGetAPI" time="2.122" classname="com.arcapi.Citytestcases.NotificationGetAPITest"/>
  <testcase name="NotificationDeleteAPI" time="2.442" classname="com.arcapi.Citytestcases.NotificationDeleteAPITest"/>
  <testcase name="FeedbackSubmitPostAPI" time="2.93" classname="com.arcapi.Citytestcases.FeedbackSubmitPostAPITest"/>
  <testcase name="AssetDataExportAPI" time="4.452" classname="com.arcapi.Citytestcases.AssetDataExportAPITest"/>
  <testcase name="AssetPerformanceScorePostAPI" time="3.029" classname="com.arcapi.Citytestcases.AssetPerformanceScorePostAPITest"/>
  <testcase name="AssetPerformanceScoreListAPI" time="2.424" classname="com.arcapi.Citytestcases.AssetPerformanceScoreListAPITest"/>
  <testcase name="AnalysisDataSubmitPOSTAPI" time="8.985" classname="com.arcapi.Citytestcases.AnalysisDataSubmitPOSTAPITest"/>
  <testcase name="AnalysisDataGetAPI" time="2.296" classname="com.arcapi.Citytestcases.AnalysisDataGetAPITest"/>
  <testcase name="AssetRequiredFieldsAPI" time="2.459" classname="com.arcapi.Citytestcases.AssetRequiredFieldsAPITest"/>
  <testcase name="CountryStatesJSONAPI" time="2.573" classname="com.arcapi.Citytestcases.CountryStatesJSONAPITest"/>
  <testcase name="AssociatedCategoriesAPI" time="1.992" classname="com.arcapi.Citytestcases.AssociatedCategoriesAPITest"/>
  <testcase name="RatingSystemListAPI" time="2.651" classname="com.arcapi.Citytestcases.RatingSystemListAPITest"/>
  <testcase name="AppVersionDetailAPI" time="2.719" classname="com.arcapi.Citytestcases.AppVersionDetailAPITest"/>
  <testcase name="FuelCategoryAPI" time="2.522" classname="com.arcapi.Citytestcases.FuelCategoryAPITest"/>
  <testcase name="GetAllDocumentListAPI" time="2.867" classname="com.arcapi.Citytestcases.GetAllDocumentListAPITest"/>
  <testcase name="PerformanceComparablesGetAPI" time="2.259" classname="com.arcapi.Citytestcases.PerformanceComparablesGetAPITest"/>
  <testcase name="ScoreWeightsAPI" time="2.584" classname="com.arcapi.Citytestcases.ScoreWeightsAPITest"/>
  <testcase name="ThirdPartyListAppsAPI" time="2.49" classname="com.arcapi.Citytestcases.ThirdPartyListAppsAPITest"/>
  <testcase name="AvgPerformaceList" time="4.183" classname="com.arcapi.Citytestcases.AvgPerformaceListGetTest"/>
  <testcase name="AssetSnapshotKeysAPI" time="2.318" classname="com.arcapi.Citytestcases.AssetSnapshotKeysAPITest"/>
  <testcase name="AssetSnapshotDownloadAPI" time="12.586" classname="com.arcapi.Citytestcases.AssetSnapshotDownloadAPITest">
    <failure type="java.lang.AssertionError" message="1 expectation failed.
Expected status code &amp;lt;200&amp;gt; doesn&amp;apos;t match actual status code &amp;lt;404&amp;gt;.
">
      <![CDATA[java.lang.AssertionError: 1 expectation failed.
Expected status code <200> doesn't match actual status code <404>.

	at org.codehaus.groovy.runtime.callsite.ConstructorSite$ConstructorSiteNoUnwrap.callConstructor(ConstructorSite.java:84)
	at org.codehaus.groovy.runtime.callsite.AbstractCallSite.callConstructor(AbstractCallSite.java:247)
	at com.jayway.restassured.internal.ResponseSpecificationImpl$HamcrestAssertionClosure.validate(ResponseSpecificationImpl.groovy:598)
	at com.jayway.restassured.internal.ResponseSpecificationImpl$HamcrestAssertionClosure$validate$1.call(Unknown Source)
	at com.jayway.restassured.internal.ResponseSpecificationImpl.validate(ResponseSpecificationImpl.groovy:86)
	at com.jayway.restassured.internal.ValidatableResponseOptionsImpl.specification(ValidatableResponseOptionsImpl.java:307)
	at com.jayway.restassured.internal.ValidatableResponseOptionsImpl.spec(ValidatableResponseOptionsImpl.java:288)
	at com.arcapi.Citytestcases.AssetSnapshotDownloadAPITest.AssetSnapshotDownloadAPI(AssetSnapshotDownloadAPITest.java:51)
... Removed 31 stack frames]]>
    </failure>
  </testcase> <!-- AssetSnapshotDownloadAPI -->
</testsuite> <!-- CompleteFlowTest-City-Leed -->
