<?xml version="1.0" encoding="UTF-8"?>
<!-- Generated by org.testng.reporters.JUnitXMLReporter -->
<testsuite hostname="G10GGNLT052" name="CompleteFlowTest-City-Other" tests="82" failures="2" timestamp="14 Aug 2019 08:57:17 GMT" time="436.222" errors="0">
  <testcase name="LoginAPI" time="6.044" classname="com.arcapi.Citytestcases.LoginAPITest"/>
  <testcase name="UserDetailAPI" time="2.182" classname="com.arcapi.Citytestcases.UserDetailAPITest"/>
  <testcase name="UserAccessLevelSAPGet" time="2.094" classname="com.arcapi.Citytestcases.UserAccessLevelSAPGetTest"/>
  <testcase name="LOTokenAPI" time="1.885" classname="com.arcapi.Citytestcases.LOTokenAPITest"/>
  <testcase name="AssetSearchAPI" time="1.991" classname="com.arcapi.Citytestcases.AssetSearchAPITest"/>
  <testcase name="AssetValidationInfoPOSTAPI" time="2.126" classname="com.arcapi.Citytestcases.AssetValidationInfoPOSTAPITest"/>
  <testcase name="AssetSearchOwnerAPI" time="1.969" classname="com.arcapi.Citytestcases.AssetSearchOwnerAPITest"/>
  <testcase name="AssetOwnerOrgPOSTAPI" time="3.272" classname="com.arcapi.Citytestcases.AssetOwnerOrgPOSTAPITest"/>
  <testcase name="AssetListAPI" time="2.045" classname="com.arcapi.Citytestcases.AssetListAPITest"/>
  <testcase name="CreateAssetPOSTAPI" time="9.126" classname="com.arcapi.Citytestcases.CreateAssetCityOtherAPITest"/>
  <testcase name="SignAgreementRegistrationAPI" time="4.198" classname="com.arcapi.Citytestcases.SignAgreementRegistrationAPITest"/>
  <testcase name="RegistrationPaymentPricingGetAPI" time="2.824" classname="com.arcapi.Citytestcases.RegistrationPaymentPricingGetAPITest"/>
  <testcase name="PaymentOrderSubmitPOSTAPI" time="11.709" classname="com.arcapi.Citytestcases.PaymentOrderSubmitPOSTAPITest"/>
  <testcase name="AddAssestTimeline" time="3.818" classname="com.arcapi.Citytestcases.AddAssestTimelinePOSTAPITest"/>
  <testcase name="PaymentOrderGetAPI" time="2.436" classname="com.arcapi.Citytestcases.PaymentOrderGetAPITest"/>
  <testcase name="PaymentReceiptAPI" time="10.848" classname="com.arcapi.Citytestcases.PaymentReceiptAPITest"/>
  <testcase name="PaymentHistoryAPI" time="2.24" classname="com.arcapi.Citytestcases.PaymentHistoryAPITest"/>
  <testcase name="AssetDetailAPI" time="2.375" classname="com.arcapi.Citytestcases.AssetDetailAPITest"/>
  <testcase name="AssetUpdateforNewAssetPUTAPI" time="2.655" classname="com.arcapi.Citytestcases.AssetUpdateCityOtherAPITest"/>
  <testcase name="AssetDetailAPI" time="2.383" classname="com.arcapi.Citytestcases.VerifyAssetDetailCityAPITest"/>
  <testcase name="VerifyProjectRegisteredAssetList" time="2.778" classname="com.arcapi.Citytestcases.VerifyProjectRegisteredAssetListTest"/>
  <testcase name="AssetDocumentAPI" time="3.016" classname="com.arcapi.Citytestcases.AssetDocumentAPITest"/>
  <testcase name="DownloadDocumentsAPI" time="2.649" classname="com.arcapi.Citytestcases.DownloadDocumentsAPITest"/>
  <testcase name="VerifyAgreementPresentAPI" time="2.759" classname="com.arcapi.Citytestcases.VerifyAgreementPresentAPITest"/>
  <testcase name="FetchingAgreementDetailsAPI" time="3.394" classname="com.arcapi.Citytestcases.FetchingAgreementDetailsAPITest"/>
  <testcase name="VerifyAgreementDeleteAPI" time="2.099" classname="com.arcapi.Citytestcases.VerifyAgreementDeleteAPITest">
    <failure type="java.lang.AssertionError" message="1 expectation failed.
Expected status code &amp;lt;403&amp;gt; doesn&amp;apos;t match actual status code &amp;lt;404&amp;gt;.
">
      <![CDATA[java.lang.AssertionError: 1 expectation failed.
Expected status code <403> doesn't match actual status code <404>.

	at org.codehaus.groovy.runtime.callsite.ConstructorSite$ConstructorSiteNoUnwrap.callConstructor(ConstructorSite.java:84)
	at org.codehaus.groovy.runtime.callsite.CallSiteArray.defaultCallConstructor(CallSiteArray.java:60)
	at org.codehaus.groovy.runtime.callsite.AbstractCallSite.callConstructor(AbstractCallSite.java:235)
	at org.codehaus.groovy.runtime.callsite.AbstractCallSite.callConstructor(AbstractCallSite.java:247)
	at com.jayway.restassured.internal.ResponseSpecificationImpl$HamcrestAssertionClosure.validate(ResponseSpecificationImpl.groovy:598)
	at com.jayway.restassured.internal.ResponseSpecificationImpl$HamcrestAssertionClosure$validate$1.call(Unknown Source)
	at com.jayway.restassured.internal.ResponseSpecificationImpl.validateResponseIfRequired(ResponseSpecificationImpl.groovy:760)
	at org.codehaus.groovy.runtime.callsite.PogoMetaMethodSite$PogoCachedMethodSiteNoUnwrapNoCoerce.invoke(PogoMetaMethodSite.java:210)
	at org.codehaus.groovy.runtime.callsite.PogoMetaMethodSite.callCurrent(PogoMetaMethodSite.java:59)
	at org.codehaus.groovy.runtime.callsite.AbstractCallSite.callCurrent(AbstractCallSite.java:166)
	at com.jayway.restassured.internal.ResponseSpecificationImpl.statusCode(ResponseSpecificationImpl.groovy:120)
	at com.jayway.restassured.specification.ResponseSpecification$statusCode$0.callCurrent(Unknown Source)
	at com.jayway.restassured.internal.ResponseSpecificationImpl.statusCode(ResponseSpecificationImpl.groovy:128)
	at com.jayway.restassured.internal.ValidatableResponseOptionsImpl.statusCode(ValidatableResponseOptionsImpl.java:117)
	at com.arcapi.Citytestcases.VerifyAgreementDeleteAPITest.VerifyAgreementDeleteAPI(VerifyAgreementDeleteAPITest.java:69)
... Removed 34 stack frames]]>
    </failure>
  </testcase> <!-- VerifyAgreementDeleteAPI -->
  <testcase name="CreditGetAPI" time="6.284" classname="com.arcapi.Citytestcases.CreditGetAPITest"/>
  <testcase name="CreditAddTeamPOSTAPI" time="29.629" classname="com.arcapi.Citytestcases.CreditAddTeamPOSTAPITest"/>
  <testcase name="MeasuresListAPI" time="2.055" classname="com.arcapi.Citytestcases.MeasuresListAPITest"/>
  <testcase name="MeasuresDetailAPI" time="2.128" classname="com.arcapi.Citytestcases.MeasuresDetailAPITest"/>
  <testcase name="MeasuresPostAPI" time="25.31" classname="com.arcapi.Citytestcases.MeasuresPostAPITest"/>
  <testcase name="MeasuresUpdateAPI" time="1.761" classname="com.arcapi.Citytestcases.MeasuresUpdateAPITest"/>
  <testcase name="MeasuresVersionListAPI" time="1.93" classname="com.arcapi.Citytestcases.MeasuresVersionListAPITest"/>
  <testcase name="MeasuresVersionDetailAPI" time="1.691" classname="com.arcapi.Citytestcases.MeasuresVersionDetailAPITest"/>
  <testcase name="MeasuresVersionPostAPI" time="1.975" classname="com.arcapi.Citytestcases.MeasuresVersionPostAPITest"/>
  <testcase name="MeterCreatePOSTAPI" time="33.041" classname="com.arcapi.Citytestcases.MeterCreateAPICityCommTest"/>
  <testcase name="ConsumptionCreatePOSTAPI" time="31.943" classname="com.arcapi.Citytestcases.CityCommConsumptionCreateAPITest"/>
  <testcase name="AssetTeamMemberRoleAPI" time="2.625" classname="com.arcapi.Citytestcases.AssetTeamMemberRoleAPITest"/>
  <testcase name="AssetTeamMemberListAPI" time="2.379" classname="com.arcapi.Citytestcases.AssetTeamMemberListAPITest"/>
  <testcase name="AssetTeamMemberAddPOSTAPI" time="2.499" classname="com.arcapi.Citytestcases.AssetTeamMemberAddPOSTAPITest"/>
  <testcase name="AssetTeamMemberUpdateAPI" time="2.975" classname="com.arcapi.Citytestcases.AssetTeamMemberUpdateAPITest"/>
  <testcase name="AssetTeamMemberRemoveAPI" time="3.147" classname="com.arcapi.Citytestcases.AssetTeamMemberRemoveAPITest"/>
  <testcase name="DeleteAllAppsAPI" time="6.249" classname="com.arcapi.Citytestcases.DeleteAllAppsAPITest"/>
  <testcase name="InstallAllAppsAfterDeleteAPI" time="6.323" classname="com.arcapi.Citytestcases.InstallAllAppsAfterDeleteAPITest"/>
  <testcase name="VerifyAdminRemoveAPI" time="3.423" classname="com.arcapi.Citytestcases.VerifyAdminRemoveAPITest">
    <failure type="java.lang.AssertionError" message="1 expectation failed.
Expected status code &amp;lt;200&amp;gt; doesn&amp;apos;t match actual status code &amp;lt;500&amp;gt;.
">
      <![CDATA[java.lang.AssertionError: 1 expectation failed.
Expected status code <200> doesn't match actual status code <500>.

	at org.codehaus.groovy.runtime.callsite.ConstructorSite$ConstructorSiteNoUnwrap.callConstructor(ConstructorSite.java:84)
	at org.codehaus.groovy.runtime.callsite.AbstractCallSite.callConstructor(AbstractCallSite.java:247)
	at com.jayway.restassured.internal.ResponseSpecificationImpl$HamcrestAssertionClosure.validate(ResponseSpecificationImpl.groovy:598)
	at com.jayway.restassured.internal.ResponseSpecificationImpl$HamcrestAssertionClosure$validate$1.call(Unknown Source)
	at com.jayway.restassured.internal.RequestSpecificationImpl.applyPathParamsAndSendRequest(RequestSpecificationImpl.groovy:1597)
	at groovy.lang.MetaMethod.doMethodInvoke(MetaMethod.java:325)
	at groovy.lang.MetaClassImpl.invokeMethod(MetaClassImpl.java:1210)
	at groovy.lang.MetaClassImpl.invokeMethod(MetaClassImpl.java:1019)
	at groovy.lang.MetaClassImpl.invokeMethod(MetaClassImpl.java:810)
	at com.jayway.restassured.internal.RequestSpecificationImpl.invokeMethod(RequestSpecificationImpl.groovy)
	at org.codehaus.groovy.runtime.callsite.PogoInterceptableSite.call(PogoInterceptableSite.java:48)
	at org.codehaus.groovy.runtime.callsite.PogoInterceptableSite.callCurrent(PogoInterceptableSite.java:58)
	at org.codehaus.groovy.runtime.callsite.AbstractCallSite.callCurrent(AbstractCallSite.java:182)
	at com.jayway.restassured.internal.RequestSpecificationImpl.post(RequestSpecificationImpl.groovy:164)
	at com.jayway.restassured.internal.RequestSpecificationImpl.post(RequestSpecificationImpl.groovy)
	at groovy.lang.MetaMethod.doMethodInvoke(MetaMethod.java:325)
	at groovy.lang.MetaClassImpl.invokeMethod(MetaClassImpl.java:1210)
	at groovy.lang.MetaClassImpl.invokeMethod(MetaClassImpl.java:1019)
	at groovy.lang.MetaClassImpl.invokeMethod(MetaClassImpl.java:810)
	at com.jayway.restassured.internal.RequestSpecificationImpl.invokeMethod(RequestSpecificationImpl.groovy)
	at org.codehaus.groovy.runtime.callsite.PogoInterceptableSite.call(PogoInterceptableSite.java:48)
	at org.codehaus.groovy.runtime.callsite.AbstractCallSite.call(AbstractCallSite.java:133)
	at com.jayway.restassured.internal.ResponseSpecificationImpl.post(ResponseSpecificationImpl.groovy:293)
	at com.jayway.restassured.internal.ResponseSpecificationImpl.post(ResponseSpecificationImpl.groovy)
	at com.arc.driver.CommonMethod.GeneratingAuthCodeForLOUser(CommonMethod.java:74)
	at com.arcapi.Citytestcases.VerifyAdminRemoveAPITest.VerifyAdminRemoveAPI(VerifyAdminRemoveAPITest.java:27)
... Removed 40 stack frames]]>
    </failure>
  </testcase> <!-- VerifyAdminRemoveAPI -->
  <testcase name="S3DocumentUploadPOSTAPI" time="22.693" classname="com.arcapi.Citytestcases.S3DocumentUploadPOSTAPITest"/>
  <testcase name="S3DocumentListAPI" time="2.21" classname="com.arcapi.Citytestcases.S3DocumentListAPITest"/>
  <testcase name="S3DocumentRemoveAPI" time="2.035" classname="com.arcapi.Citytestcases.S3DocumentRemoveAPITest"/>
  <testcase name="AssetTeamPermissionListAPI" time="2.396" classname="com.arcapi.Citytestcases.AssetTeamPermissionListAPITest"/>
  <testcase name="AssetTeamPermissionPostAPI" time="2.495" classname="com.arcapi.Citytestcases.AssetTeamPermissionPostAPITest"/>
  <testcase name="AssetTeamPermissionPutAPI" time="2.178" classname="com.arcapi.Citytestcases.AssetTeamPermissionPutAPITest"/>
  <testcase name="AssetNotificationSubscriptionList" time="1.856" classname="com.arcapi.Citytestcases.AssetNotificationSubscriptionListTest"/>
  <testcase name="AssetNotificationSubscriptionPost" time="2.408" classname="com.arcapi.Citytestcases.AssetNotificationSubscriptionPostTest"/>
  <testcase name="NotificationSubscriptionDetail" time="2.018" classname="com.arcapi.Citytestcases.NotificationSubscriptionDetailGetTest"/>
  <testcase name="NotificationSubscriptionDetail" time="2.12" classname="com.arcapi.Citytestcases.NotificationSubscriptionDetailPutTest"/>
  <testcase name="NotificationSubscriptionDetailDelete" time="1.964" classname="com.arcapi.Citytestcases.NotificationSubscriptionDetailDeleteTest"/>
  <testcase name="AssetDataSnapshotAPI" time="15.498" classname="com.arcapi.Citytestcases.AssetDataSnapshotAPITest"/>
  <testcase name="RecomputePerformanceScoreGet" time="5.05" classname="com.arcapi.Citytestcases.RecomputePerformanceScoreGetTest"/>
  <testcase name="ReviewCertificationPricingAPI" time="2.87" classname="com.arcapi.Citytestcases.ReviewCertificationPricingAPITest"/>
  <testcase name="SubmitReviewPOSTAPI" time="2.18" classname="com.arcapi.Citytestcases.SubmitReviewPOSTAPITest"/>
  <testcase name="SubmitReviewGetAPI" time="2.158" classname="com.arcapi.Citytestcases.SubmitReviewGetAPITest"/>
  <testcase name="NotificationCreatePOSTAPI" time="2.073" classname="com.arcapi.Citytestcases.NotificationCreatePOSTAPITest"/>
  <testcase name="NotificationGetAPI" time="1.908" classname="com.arcapi.Citytestcases.NotificationGetAPITest"/>
  <testcase name="NotificationDeleteAPI" time="2.018" classname="com.arcapi.Citytestcases.NotificationDeleteAPITest"/>
  <testcase name="FeedbackSubmitPostAPI" time="2.061" classname="com.arcapi.Citytestcases.FeedbackSubmitPostAPITest"/>
  <testcase name="AssetDataExportAPI" time="2.311" classname="com.arcapi.Citytestcases.AssetDataExportAPITest"/>
  <testcase name="AssetPerformanceScoreListAPI" time="1.978" classname="com.arcapi.Citytestcases.AssetPerformanceScoreListAPITest"/>
  <testcase name="AnalysisDataSubmitPOSTAPI" time="6.415" classname="com.arcapi.Citytestcases.AnalysisDataSubmitPOSTAPITest"/>
  <testcase name="AnalysisDataGetAPI" time="2.058" classname="com.arcapi.Citytestcases.AnalysisDataGetAPITest"/>
  <testcase name="AssetRequiredFieldsAPI" time="2.266" classname="com.arcapi.Citytestcases.AssetRequiredFieldsAPITest"/>
  <testcase name="CountryStatesJSONAPI" time="2.253" classname="com.arcapi.Citytestcases.CountryStatesJSONAPITest"/>
  <testcase name="AssociatedCategoriesAPI" time="1.99" classname="com.arcapi.Citytestcases.AssociatedCategoriesAPITest"/>
  <testcase name="RatingSystemListAPI" time="1.95" classname="com.arcapi.Citytestcases.RatingSystemListAPITest"/>
  <testcase name="AppVersionDetailAPI" time="1.785" classname="com.arcapi.Citytestcases.AppVersionDetailAPITest"/>
  <testcase name="FuelCategoryAPI" time="2.195" classname="com.arcapi.Citytestcases.FuelCategoryAPITest"/>
  <testcase name="GetAllDocumentListAPI" time="2.496" classname="com.arcapi.Citytestcases.GetAllDocumentListAPITest"/>
  <testcase name="PerformanceComparablesGetAPI" time="2.087" classname="com.arcapi.Citytestcases.PerformanceComparablesGetAPITest"/>
  <testcase name="ScoreWeightsAPI" time="1.987" classname="com.arcapi.Citytestcases.ScoreWeightsAPITest"/>
  <testcase name="ThirdPartyListAppsAPI" time="1.731" classname="com.arcapi.Citytestcases.ThirdPartyListAppsAPITest"/>
  <testcase name="AvgPerformaceList" time="2.915" classname="com.arcapi.Citytestcases.AvgPerformaceListGetTest"/>
  <testcase name="AssetSnapshotKeysAPI" time="1.881" classname="com.arcapi.Citytestcases.AssetSnapshotKeysAPITest"/>
  <testcase name="AssetSnapshotDownloadAPI" time="15.459" classname="com.arcapi.Citytestcases.AssetSnapshotDownloadAPITest"/>
</testsuite> <!-- CompleteFlowTest-City-Other -->
