<?xml version="1.0" encoding="UTF-8"?>
<!-- Generated by org.testng.reporters.JUnitXMLReporter -->
<testsuite hostname="G10GNLT041" ignored="0" name="CompleteFlowTest-Transit-Below" tests="5" failures="2" timestamp="06 Sep 2018 09:49:47 GMT" time="199.21" errors="0">
  <testcase name="CreateAssetPOSTAPI" time="16.492" classname="com.arcapi.Transittestcases.CreateAssetTransitBelowAPITest"/>
  <testcase name="SignAgreementRegistrationAPI" time="5.866" classname="com.arcapi.Transittestcases.SignAgreementRegistrationAPITest"/>
  <testcase name="RegistrationPaymentPricingGetAPI" time="3.455" classname="com.arcapi.Transittestcases.RegistrationPaymentPricingGetAPITest"/>
  <testcase name="PaymentOrderSubmitPOSTAPI" time="161.149" classname="com.arcapi.Transittestcases.PaymentOrderSubmitPOSTAPITest">
    <failure type="java.lang.AssertionError" message="1 expectation failed.
Expected status code &amp;lt;200&amp;gt; doesn&amp;apos;t match actual status code &amp;lt;500&amp;gt;.
">
      <![CDATA[java.lang.AssertionError: 1 expectation failed.Expected status code <200> doesn't match actual status code <500>.at org.codehaus.groovy.runtime.callsite.ConstructorSite$ConstructorSiteNoUnwrap.callConstructor(ConstructorSite.java:84)at org.codehaus.groovy.runtime.callsite.CallSiteArray.defaultCallConstructor(CallSiteArray.java:60)at org.codehaus.groovy.runtime.callsite.AbstractCallSite.callConstructor(AbstractCallSite.java:235)at org.codehaus.groovy.runtime.callsite.AbstractCallSite.callConstructor(AbstractCallSite.java:247)at com.jayway.restassured.internal.ResponseSpecificationImpl$HamcrestAssertionClosure.validate(ResponseSpecificationImpl.groovy:598)at com.jayway.restassured.internal.ResponseSpecificationImpl$HamcrestAssertionClosure$validate$1.call(Unknown Source)at com.jayway.restassured.internal.ResponseSpecificationImpl.validate(ResponseSpecificationImpl.groovy:86)at com.jayway.restassured.internal.ValidatableResponseOptionsImpl.specification(ValidatableResponseOptionsImpl.java:307)at com.jayway.restassured.internal.ValidatableResponseOptionsImpl.spec(ValidatableResponseOptionsImpl.java:288)at com.arcapi.Transittestcases.PaymentOrderSubmitPOSTAPITest.PaymentOrderSubmitPOSTAPI(PaymentOrderSubmitPOSTAPITest.java:62)... Removed 32 stack frames]]>
    </failure>
  </testcase> <!-- PaymentOrderSubmitPOSTAPI -->
  <testcase name="AddAssestTimeline" time="2.608" classname="com.arcapi.Transittestcases.AddAssestTimelinePOSTAPITest">
    <failure type="java.lang.AssertionError" message="1 expectation failed.
Expected status code &amp;lt;200&amp;gt; doesn&amp;apos;t match actual status code &amp;lt;403&amp;gt;.
">
      <![CDATA[java.lang.AssertionError: 1 expectation failed.Expected status code <200> doesn't match actual status code <403>.at org.codehaus.groovy.runtime.callsite.ConstructorSite$ConstructorSiteNoUnwrap.callConstructor(ConstructorSite.java:84)at org.codehaus.groovy.runtime.callsite.AbstractCallSite.callConstructor(AbstractCallSite.java:247)at com.jayway.restassured.internal.ResponseSpecificationImpl$HamcrestAssertionClosure.validate(ResponseSpecificationImpl.groovy:598)at com.jayway.restassured.internal.ResponseSpecificationImpl$HamcrestAssertionClosure$validate$1.call(Unknown Source)at com.jayway.restassured.internal.ResponseSpecificationImpl.validate(ResponseSpecificationImpl.groovy:86)at com.jayway.restassured.internal.ValidatableResponseOptionsImpl.specification(ValidatableResponseOptionsImpl.java:307)at com.jayway.restassured.internal.ValidatableResponseOptionsImpl.spec(ValidatableResponseOptionsImpl.java:288)at com.arcapi.Transittestcases.AddAssestTimelinePOSTAPITest.AddAssestTimeline(AddAssestTimelinePOSTAPITest.java:68)... Removed 32 stack frames]]>
    </failure>
  </testcase> <!-- AddAssestTimeline -->
</testsuite> <!-- CompleteFlowTest-Transit-Below -->
