<html>
<head>
<title>TestNG:  CompleteFlowTest-Building-None</title>
<link href="../testng.css" rel="stylesheet" type="text/css" />
<link href="../my-testng.css" rel="stylesheet" type="text/css" />

<style type="text/css">
.log { display: none;} 
.stack-trace { display: none;} 
</style>
<script type="text/javascript">
<!--
function flip(e) {
  current = e.style.display;
  if (current == 'block') {
    e.style.display = 'none';
    return 0;
  }
  else {
    e.style.display = 'block';
    return 1;
  }
}

function toggleBox(szDivId, elem, msg1, msg2)
{
  var res = -1;  if (document.getElementById) {
    res = flip(document.getElementById(szDivId));
  }
  else if (document.all) {
    // this is the way old msie versions work
    res = flip(document.all[szDivId]);
  }
  if(elem) {
    if(res == 0) elem.innerHTML = msg1; else elem.innerHTML = msg2;
  }

}

function toggleAllBoxes() {
  if (document.getElementsByTagName) {
    d = document.getElementsByTagName('div');
    for (i = 0; i < d.length; i++) {
      if (d[i].className == 'log') {
        flip(d[i]);
      }
    }
  }
}

// -->
</script>

</head>
<body>
<h2 align='center'>CompleteFlowTest-Building-None</h2><table border='1' align="center">
<tr>
<td>Tests passed/Failed/Skipped:</td><td>31/3/0</td>
</tr><tr>
<td>Started on:</td><td>Mon Sep 10 12:40:04 IST 2018</td>
</tr>
<tr><td>Total time:</td><td>581 seconds (581597 ms)</td>
</tr><tr>
<td>Included groups:</td><td></td>
</tr><tr>
<td>Excluded groups:</td><td></td>
</tr>
</table><p/>
<small><i>(Hover the method name to see the test class name)</i></small><p/>
<table width='100%' border='1' class='invocation-failed'>
<tr><td colspan='4' align='center'><b>FAILED TESTS</b></td></tr>
<tr><td><b>Test method</b></td>
<td width="30%"><b>Exception</b></td>
<td width="10%"><b>Time (seconds)</b></td>
<td><b>Instance</b></td>
</tr>
<tr>
<td title='com.arcapi.Scoretestcases.version3.GhgCalcGetTest.GhgCalcGet()'><b>GhgCalcGet</b><br>Test class: com.arcapi.Scoretestcases.version3.GhgCalcGetTest<br>Parameters: DEV, ProjectIDBuildingNone, 2</td>
<td><div><pre>java.lang.AssertionError: 1 expectation failed.
Expected status code &lt;200&gt; doesn&apos;t match actual status code &lt;400&gt;.

	at org.codehaus.groovy.runtime.callsite.ConstructorSite$ConstructorSiteNoUnwrap.callConstructor(ConstructorSite.java:84)
	at org.codehaus.groovy.runtime.callsite.AbstractCallSite.callConstructor(AbstractCallSite.java:247)
	at com.jayway.restassured.internal.ResponseSpecificationImpl$HamcrestAssertionClosure.validate(ResponseSpecificationImpl.groovy:598)
	at com.jayway.restassured.internal.ResponseSpecificationImpl$HamcrestAssertionClosure$validate$1.call(Unknown Source)
	at com.jayway.restassured.internal.ResponseSpecificationImpl.validate(ResponseSpecificationImpl.groovy:86)
	at com.jayway.restassured.internal.ValidatableResponseOptionsImpl.specification(ValidatableResponseOptionsImpl.java:307)
	at com.jayway.restassured.internal.ValidatableResponseOptionsImpl.spec(ValidatableResponseOptionsImpl.java:288)
	at com.arcapi.Scoretestcases.version3.GhgCalcGetTest.GhgCalcGet(GhgCalcGetTest.java:50)
... Removed 32 stack frames</pre></div><a href='#' onClick='toggleBox("stack-trace1858328804", this, "Click to show all stack frames", "Click to hide stack frames")'>Click to show all stack frames</a>
<div class='stack-trace' id='stack-trace1858328804'><pre>java.lang.AssertionError: 1 expectation failed.
Expected status code &lt;200&gt; doesn&apos;t match actual status code &lt;400&gt;.

	at sun.reflect.NativeConstructorAccessorImpl.newInstance0(Native Method)
	at sun.reflect.NativeConstructorAccessorImpl.newInstance(Unknown Source)
	at sun.reflect.DelegatingConstructorAccessorImpl.newInstance(Unknown Source)
	at java.lang.reflect.Constructor.newInstance(Unknown Source)
	at org.codehaus.groovy.reflection.CachedConstructor.invoke(CachedConstructor.java:80)
	at org.codehaus.groovy.reflection.CachedConstructor.doConstructorInvoke(CachedConstructor.java:74)
	at org.codehaus.groovy.runtime.callsite.ConstructorSite$ConstructorSiteNoUnwrap.callConstructor(ConstructorSite.java:84)
	at org.codehaus.groovy.runtime.callsite.AbstractCallSite.callConstructor(AbstractCallSite.java:247)
	at com.jayway.restassured.internal.ResponseSpecificationImpl$HamcrestAssertionClosure.validate(ResponseSpecificationImpl.groovy:598)
	at com.jayway.restassured.internal.ResponseSpecificationImpl$HamcrestAssertionClosure$validate$1.call(Unknown Source)
	at com.jayway.restassured.internal.ResponseSpecificationImpl.validate(ResponseSpecificationImpl.groovy:86)
	at com.jayway.restassured.internal.ValidatableResponseOptionsImpl.specification(ValidatableResponseOptionsImpl.java:307)
	at com.jayway.restassured.internal.ValidatableResponseOptionsImpl.spec(ValidatableResponseOptionsImpl.java:288)
	at com.arcapi.Scoretestcases.version3.GhgCalcGetTest.GhgCalcGet(GhgCalcGetTest.java:50)
	at sun.reflect.NativeMethodAccessorImpl.invoke0(Native Method)
	at sun.reflect.NativeMethodAccessorImpl.invoke(Unknown Source)
	at sun.reflect.DelegatingMethodAccessorImpl.invoke(Unknown Source)
	at java.lang.reflect.Method.invoke(Unknown Source)
	at org.testng.internal.MethodInvocationHelper.invokeMethod(MethodInvocationHelper.java:124)
	at org.testng.internal.Invoker.invokeMethod(Invoker.java:571)
	at org.testng.internal.Invoker.invokeTestMethod(Invoker.java:707)
	at org.testng.internal.Invoker.invokeTestMethods(Invoker.java:979)
	at org.testng.internal.TestMethodWorker.invokeTestMethods(TestMethodWorker.java:125)
	at org.testng.internal.TestMethodWorker.run(TestMethodWorker.java:109)
	at org.testng.TestRunner.privateRun(TestRunner.java:648)
	at org.testng.TestRunner.run(TestRunner.java:505)
	at org.testng.SuiteRunner.runTest(SuiteRunner.java:455)
	at org.testng.SuiteRunner.runSequentially(SuiteRunner.java:450)
	at org.testng.SuiteRunner.privateRun(SuiteRunner.java:415)
	at org.testng.SuiteRunner.run(SuiteRunner.java:364)
	at org.testng.SuiteRunnerWorker.runSuite(SuiteRunnerWorker.java:52)
	at org.testng.SuiteRunnerWorker.run(SuiteRunnerWorker.java:84)
	at org.testng.TestNG.runSuitesSequentially(TestNG.java:1187)
	at org.testng.TestNG.runSuitesSequentially(TestNG.java:1183)
	at org.testng.TestNG.runSuitesLocally(TestNG.java:1116)
	at org.testng.TestNG.runSuites(TestNG.java:1028)
	at org.testng.TestNG.run(TestNG.java:996)
	at org.testng.remote.AbstractRemoteTestNG.run(AbstractRemoteTestNG.java:114)
	at org.testng.remote.RemoteTestNG.initAndRun(RemoteTestNG.java:251)
	at org.testng.remote.RemoteTestNG.main(RemoteTestNG.java:77)
</pre></div></td>
<td>6</td>
<td>com.arcapi.Scoretestcases.version3.GhgCalcGetTest@543788f3</td></tr>
<tr>
<td title='com.arcapi.Scoretestcases.version3.GhgGetTest.GhgGetTestAPI()'><b>GhgGetTestAPI</b><br>Test class: com.arcapi.Scoretestcases.version3.GhgGetTest<br>Parameters: DEV, ProjectIDBuildingNone, 2</td>
<td><div><pre>java.lang.AssertionError: 1 expectation failed.
Expected status code &lt;200&gt; doesn&apos;t match actual status code &lt;500&gt;.

	at org.codehaus.groovy.runtime.callsite.ConstructorSite$ConstructorSiteNoUnwrap.callConstructor(ConstructorSite.java:84)
	at org.codehaus.groovy.runtime.callsite.CallSiteArray.defaultCallConstructor(CallSiteArray.java:60)
	at org.codehaus.groovy.runtime.callsite.AbstractCallSite.callConstructor(AbstractCallSite.java:235)
	at org.codehaus.groovy.runtime.callsite.AbstractCallSite.callConstructor(AbstractCallSite.java:247)
	at com.jayway.restassured.internal.ResponseSpecificationImpl$HamcrestAssertionClosure.validate(ResponseSpecificationImpl.groovy:598)
	at com.jayway.restassured.internal.ResponseSpecificationImpl$HamcrestAssertionClosure$validate$1.call(Unknown Source)
	at com.jayway.restassured.internal.ResponseSpecificationImpl.validate(ResponseSpecificationImpl.groovy:86)
	at com.jayway.restassured.internal.ValidatableResponseOptionsImpl.specification(ValidatableResponseOptionsImpl.java:307)
	at com.jayway.restassured.internal.ValidatableResponseOptionsImpl.spec(ValidatableResponseOptionsImpl.java:288)
	at com.arcapi.Scoretestcases.version3.GhgGetTest.GhgGetTestAPI(GhgGetTest.java:50)
... Removed 32 stack frames</pre></div><a href='#' onClick='toggleBox("stack-trace836023272", this, "Click to show all stack frames", "Click to hide stack frames")'>Click to show all stack frames</a>
<div class='stack-trace' id='stack-trace836023272'><pre>java.lang.AssertionError: 1 expectation failed.
Expected status code &lt;200&gt; doesn&apos;t match actual status code &lt;500&gt;.

	at sun.reflect.NativeConstructorAccessorImpl.newInstance0(Native Method)
	at sun.reflect.NativeConstructorAccessorImpl.newInstance(Unknown Source)
	at sun.reflect.DelegatingConstructorAccessorImpl.newInstance(Unknown Source)
	at java.lang.reflect.Constructor.newInstance(Unknown Source)
	at org.codehaus.groovy.reflection.CachedConstructor.invoke(CachedConstructor.java:80)
	at org.codehaus.groovy.reflection.CachedConstructor.doConstructorInvoke(CachedConstructor.java:74)
	at org.codehaus.groovy.runtime.callsite.ConstructorSite$ConstructorSiteNoUnwrap.callConstructor(ConstructorSite.java:84)
	at org.codehaus.groovy.runtime.callsite.CallSiteArray.defaultCallConstructor(CallSiteArray.java:60)
	at org.codehaus.groovy.runtime.callsite.AbstractCallSite.callConstructor(AbstractCallSite.java:235)
	at org.codehaus.groovy.runtime.callsite.AbstractCallSite.callConstructor(AbstractCallSite.java:247)
	at com.jayway.restassured.internal.ResponseSpecificationImpl$HamcrestAssertionClosure.validate(ResponseSpecificationImpl.groovy:598)
	at com.jayway.restassured.internal.ResponseSpecificationImpl$HamcrestAssertionClosure$validate$1.call(Unknown Source)
	at com.jayway.restassured.internal.ResponseSpecificationImpl.validate(ResponseSpecificationImpl.groovy:86)
	at com.jayway.restassured.internal.ValidatableResponseOptionsImpl.specification(ValidatableResponseOptionsImpl.java:307)
	at com.jayway.restassured.internal.ValidatableResponseOptionsImpl.spec(ValidatableResponseOptionsImpl.java:288)
	at com.arcapi.Scoretestcases.version3.GhgGetTest.GhgGetTestAPI(GhgGetTest.java:50)
	at sun.reflect.NativeMethodAccessorImpl.invoke0(Native Method)
	at sun.reflect.NativeMethodAccessorImpl.invoke(Unknown Source)
	at sun.reflect.DelegatingMethodAccessorImpl.invoke(Unknown Source)
	at java.lang.reflect.Method.invoke(Unknown Source)
	at org.testng.internal.MethodInvocationHelper.invokeMethod(MethodInvocationHelper.java:124)
	at org.testng.internal.Invoker.invokeMethod(Invoker.java:571)
	at org.testng.internal.Invoker.invokeTestMethod(Invoker.java:707)
	at org.testng.internal.Invoker.invokeTestMethods(Invoker.java:979)
	at org.testng.internal.TestMethodWorker.invokeTestMethods(TestMethodWorker.java:125)
	at org.testng.internal.TestMethodWorker.run(TestMethodWorker.java:109)
	at org.testng.TestRunner.privateRun(TestRunner.java:648)
	at org.testng.TestRunner.run(TestRunner.java:505)
	at org.testng.SuiteRunner.runTest(SuiteRunner.java:455)
	at org.testng.SuiteRunner.runSequentially(SuiteRunner.java:450)
	at org.testng.SuiteRunner.privateRun(SuiteRunner.java:415)
	at org.testng.SuiteRunner.run(SuiteRunner.java:364)
	at org.testng.SuiteRunnerWorker.runSuite(SuiteRunnerWorker.java:52)
	at org.testng.SuiteRunnerWorker.run(SuiteRunnerWorker.java:84)
	at org.testng.TestNG.runSuitesSequentially(TestNG.java:1187)
	at org.testng.TestNG.runSuitesSequentially(TestNG.java:1183)
	at org.testng.TestNG.runSuitesLocally(TestNG.java:1116)
	at org.testng.TestNG.runSuites(TestNG.java:1028)
	at org.testng.TestNG.run(TestNG.java:996)
	at org.testng.remote.AbstractRemoteTestNG.run(AbstractRemoteTestNG.java:114)
	at org.testng.remote.RemoteTestNG.initAndRun(RemoteTestNG.java:251)
	at org.testng.remote.RemoteTestNG.main(RemoteTestNG.java:77)
</pre></div></td>
<td>302</td>
<td>com.arcapi.Scoretestcases.version3.GhgGetTest@4ae82894</td></tr>
<tr>
<td title='com.arcapi.Scoretestcases.version3.TemperatureDataZipCodeGetTest.TemperatureDataZipCodeGet()'><b>TemperatureDataZipCodeGet</b><br>Test class: com.arcapi.Scoretestcases.version3.TemperatureDataZipCodeGetTest</td>
<td><div><pre>java.lang.AssertionError: 1 expectation failed.
Expected status code &lt;200&gt; doesn&apos;t match actual status code &lt;404&gt;.

	at org.codehaus.groovy.runtime.callsite.ConstructorSite$ConstructorSiteNoUnwrap.callConstructor(ConstructorSite.java:84)
	at org.codehaus.groovy.runtime.callsite.AbstractCallSite.callConstructor(AbstractCallSite.java:247)
	at com.jayway.restassured.internal.ResponseSpecificationImpl$HamcrestAssertionClosure.validate(ResponseSpecificationImpl.groovy:598)
	at com.jayway.restassured.internal.ResponseSpecificationImpl$HamcrestAssertionClosure$validate$1.call(Unknown Source)
	at com.jayway.restassured.internal.ResponseSpecificationImpl.validate(ResponseSpecificationImpl.groovy:86)
	at com.jayway.restassured.internal.ValidatableResponseOptionsImpl.specification(ValidatableResponseOptionsImpl.java:307)
	at com.jayway.restassured.internal.ValidatableResponseOptionsImpl.spec(ValidatableResponseOptionsImpl.java:288)
	at com.arcapi.Scoretestcases.version3.TemperatureDataZipCodeGetTest.TemperatureDataZipCodeGet(TemperatureDataZipCodeGetTest.java:46)
... Removed 32 stack frames</pre></div><a href='#' onClick='toggleBox("stack-trace159910421", this, "Click to show all stack frames", "Click to hide stack frames")'>Click to show all stack frames</a>
<div class='stack-trace' id='stack-trace159910421'><pre>java.lang.AssertionError: 1 expectation failed.
Expected status code &lt;200&gt; doesn&apos;t match actual status code &lt;404&gt;.

	at sun.reflect.NativeConstructorAccessorImpl.newInstance0(Native Method)
	at sun.reflect.NativeConstructorAccessorImpl.newInstance(Unknown Source)
	at sun.reflect.DelegatingConstructorAccessorImpl.newInstance(Unknown Source)
	at java.lang.reflect.Constructor.newInstance(Unknown Source)
	at org.codehaus.groovy.reflection.CachedConstructor.invoke(CachedConstructor.java:80)
	at org.codehaus.groovy.reflection.CachedConstructor.doConstructorInvoke(CachedConstructor.java:74)
	at org.codehaus.groovy.runtime.callsite.ConstructorSite$ConstructorSiteNoUnwrap.callConstructor(ConstructorSite.java:84)
	at org.codehaus.groovy.runtime.callsite.AbstractCallSite.callConstructor(AbstractCallSite.java:247)
	at com.jayway.restassured.internal.ResponseSpecificationImpl$HamcrestAssertionClosure.validate(ResponseSpecificationImpl.groovy:598)
	at com.jayway.restassured.internal.ResponseSpecificationImpl$HamcrestAssertionClosure$validate$1.call(Unknown Source)
	at com.jayway.restassured.internal.ResponseSpecificationImpl.validate(ResponseSpecificationImpl.groovy:86)
	at com.jayway.restassured.internal.ValidatableResponseOptionsImpl.specification(ValidatableResponseOptionsImpl.java:307)
	at com.jayway.restassured.internal.ValidatableResponseOptionsImpl.spec(ValidatableResponseOptionsImpl.java:288)
	at com.arcapi.Scoretestcases.version3.TemperatureDataZipCodeGetTest.TemperatureDataZipCodeGet(TemperatureDataZipCodeGetTest.java:46)
	at sun.reflect.NativeMethodAccessorImpl.invoke0(Native Method)
	at sun.reflect.NativeMethodAccessorImpl.invoke(Unknown Source)
	at sun.reflect.DelegatingMethodAccessorImpl.invoke(Unknown Source)
	at java.lang.reflect.Method.invoke(Unknown Source)
	at org.testng.internal.MethodInvocationHelper.invokeMethod(MethodInvocationHelper.java:124)
	at org.testng.internal.Invoker.invokeMethod(Invoker.java:571)
	at org.testng.internal.Invoker.invokeTestMethod(Invoker.java:707)
	at org.testng.internal.Invoker.invokeTestMethods(Invoker.java:979)
	at org.testng.internal.TestMethodWorker.invokeTestMethods(TestMethodWorker.java:125)
	at org.testng.internal.TestMethodWorker.run(TestMethodWorker.java:109)
	at org.testng.TestRunner.privateRun(TestRunner.java:648)
	at org.testng.TestRunner.run(TestRunner.java:505)
	at org.testng.SuiteRunner.runTest(SuiteRunner.java:455)
	at org.testng.SuiteRunner.runSequentially(SuiteRunner.java:450)
	at org.testng.SuiteRunner.privateRun(SuiteRunner.java:415)
	at org.testng.SuiteRunner.run(SuiteRunner.java:364)
	at org.testng.SuiteRunnerWorker.runSuite(SuiteRunnerWorker.java:52)
	at org.testng.SuiteRunnerWorker.run(SuiteRunnerWorker.java:84)
	at org.testng.TestNG.runSuitesSequentially(TestNG.java:1187)
	at org.testng.TestNG.runSuitesSequentially(TestNG.java:1183)
	at org.testng.TestNG.runSuitesLocally(TestNG.java:1116)
	at org.testng.TestNG.runSuites(TestNG.java:1028)
	at org.testng.TestNG.run(TestNG.java:996)
	at org.testng.remote.AbstractRemoteTestNG.run(AbstractRemoteTestNG.java:114)
	at org.testng.remote.RemoteTestNG.initAndRun(RemoteTestNG.java:251)
	at org.testng.remote.RemoteTestNG.main(RemoteTestNG.java:77)
</pre></div></td>
<td>1</td>
<td>com.arcapi.Scoretestcases.version3.TemperatureDataZipCodeGetTest@7e9a5fbe</td></tr>
</table><p>
<table width='100%' border='1' class='invocation-passed'>
<tr><td colspan='4' align='center'><b>PASSED TESTS</b></td></tr>
<tr><td><b>Test method</b></td>
<td width="30%"><b>Exception</b></td>
<td width="10%"><b>Time (seconds)</b></td>
<td><b>Instance</b></td>
</tr>
<tr>
<td title='com.arcapi.Buildingtestcases.AddAssestTimelinePOSTAPITest.AddAssestTimeline()'><b>AddAssestTimeline</b><br>Test class: com.arcapi.Buildingtestcases.AddAssestTimelinePOSTAPITest<br>Parameters: DEV, ProjectIDBuildingNone, 2</td>
<td></td>
<td>48</td>
<td>com.arcapi.Buildingtestcases.AddAssestTimelinePOSTAPITest@4fcd19b3</td></tr>
<tr>
<td title='com.arcapi.Buildingtestcases.AssetDetailAPITest.AssetDetailAPI()'><b>AssetDetailAPI</b><br>Test class: com.arcapi.Buildingtestcases.AssetDetailAPITest<br>Parameters: DEV, ProjectIDBuildingNone, 2</td>
<td></td>
<td>8</td>
<td>com.arcapi.Buildingtestcases.AssetDetailAPITest@2fd66ad3</td></tr>
<tr>
<td title='com.arcapi.Buildingtestcases.AssetUpdateBuildingNoneAPITest.AssetUpdateforNewAssetPUTAPI()'><b>AssetUpdateforNewAssetPUTAPI</b><br>Test class: com.arcapi.Buildingtestcases.AssetUpdateBuildingNoneAPITest<br>Parameters: DEV, ProjectIDBuildingNone, 2</td>
<td></td>
<td>7</td>
<td>com.arcapi.Buildingtestcases.AssetUpdateBuildingNoneAPITest@5d11346a</td></tr>
<tr>
<td title='com.arcapi.Scoretestcases.version2.CO2GetTest.CO2GetTestAPI()'><b>CO2GetTestAPI</b><br>Test class: com.arcapi.Scoretestcases.version2.CO2GetTest<br>Parameters: DEV, ProjectIDBuildingNone, 2</td>
<td></td>
<td>2</td>
<td>com.arcapi.Scoretestcases.version2.CO2GetTest@24b1d79b</td></tr>
<tr>
<td title='com.arcapi.Scoretestcases.version3.CO2GetTest.CO2GetTestAPI()'><b>CO2GetTestAPI</b><br>Test class: com.arcapi.Scoretestcases.version3.CO2GetTest<br>Parameters: DEV, ProjectIDBuildingNone, 2</td>
<td></td>
<td>3</td>
<td>com.arcapi.Scoretestcases.version3.CO2GetTest@4516af24</td></tr>
<tr>
<td title='com.arcapi.Buildingtestcases.CreateAssetBuildingNoneAPITest.CreateAssetPOSTAPI()'><b>CreateAssetPOSTAPI</b><br>Test class: com.arcapi.Buildingtestcases.CreateAssetBuildingNoneAPITest<br>Parameters: DEV, building, ProjectIDBuildingNone, 2, CN</td>
<td></td>
<td>18</td>
<td>com.arcapi.Buildingtestcases.CreateAssetBuildingNoneAPITest@5c18298f</td></tr>
<tr>
<td title='com.arcapi.Buildingtestcases.EnvironmentSurveyCreatePOSTAPITest.EnvironmentSurveyCreatePOSTAPI()'><b>EnvironmentSurveyCreatePOSTAPI</b><br>Test class: com.arcapi.Buildingtestcases.EnvironmentSurveyCreatePOSTAPITest<br>Parameters: DEV, ProjectIDBuildingNone, 2</td>
<td></td>
<td>2</td>
<td>com.arcapi.Buildingtestcases.EnvironmentSurveyCreatePOSTAPITest@5fdba6f9</td></tr>
<tr>
<td title='com.arcapi.Buildingtestcases.EnvironmentSurveyGetAPITest.EnvironmentSurveyGetAPI()'><b>EnvironmentSurveyGetAPI</b><br>Test class: com.arcapi.Buildingtestcases.EnvironmentSurveyGetAPITest<br>Parameters: DEV, ProjectIDBuildingNone, 2</td>
<td></td>
<td>2</td>
<td>com.arcapi.Buildingtestcases.EnvironmentSurveyGetAPITest@10d59286</td></tr>
<tr>
<td title='com.arcapi.Buildingtestcases.EnvironmentSurveySummarizeAPITest.EnvironmentSurveySummarizeAPI()'><b>EnvironmentSurveySummarizeAPI</b><br>Test class: com.arcapi.Buildingtestcases.EnvironmentSurveySummarizeAPITest<br>Parameters: DEV, ProjectIDBuildingNone, 2</td>
<td></td>
<td>2</td>
<td>com.arcapi.Buildingtestcases.EnvironmentSurveySummarizeAPITest@fe18270</td></tr>
<tr>
<td title='com.arcapi.Buildingtestcases.ExcelUploadTemplatePOSTAPITest.ExcelUploadTemplatePOSTAPI()'><b>ExcelUploadTemplatePOSTAPI</b><br>Test class: com.arcapi.Buildingtestcases.ExcelUploadTemplatePOSTAPITest<br>Parameters: DEV, ProjectIDBuildingNone, 2</td>
<td></td>
<td>10</td>
<td>com.arcapi.Buildingtestcases.ExcelUploadTemplatePOSTAPITest@6fb0d3ed</td></tr>
<tr>
<td title='com.arcapi.Scoretestcases.version2.GhgCalcGetTest.GhgCalcGet()'><b>GhgCalcGet</b><br>Test class: com.arcapi.Scoretestcases.version2.GhgCalcGetTest<br>Parameters: DEV, ProjectIDBuildingNone, 2</td>
<td></td>
<td>2</td>
<td>com.arcapi.Scoretestcases.version2.GhgCalcGetTest@281e3708</td></tr>
<tr>
<td title='com.arcapi.Scoretestcases.version2.GhgGetTest.GhgGetTestAPI()'><b>GhgGetTestAPI</b><br>Test class: com.arcapi.Scoretestcases.version2.GhgGetTest<br>Parameters: DEV, ProjectIDBuildingNone, 2</td>
<td></td>
<td>2</td>
<td>com.arcapi.Scoretestcases.version2.GhgGetTest@68ceda24</td></tr>
<tr>
<td title='com.arcapi.Buildingtestcases.LoginAPITest.LoginAPI()'><b>LoginAPI</b><br>Test class: com.arcapi.Buildingtestcases.LoginAPITest<br>Parameters: DEV, 2</td>
<td></td>
<td>10</td>
<td>com.arcapi.Buildingtestcases.LoginAPITest@27d415d9</td></tr>
<tr>
<td title='com.arcapi.Buildingtestcases.PaymentOrderGetAPITest.PaymentOrderGetAPI()'><b>PaymentOrderGetAPI</b><br>Test class: com.arcapi.Buildingtestcases.PaymentOrderGetAPITest<br>Parameters: DEV, ProjectIDBuildingNone, 2</td>
<td></td>
<td>3</td>
<td>com.arcapi.Buildingtestcases.PaymentOrderGetAPITest@376b4233</td></tr>
<tr>
<td title='com.arcapi.Buildingtestcases.PaymentOrderSubmitPOSTAPITest.PaymentOrderSubmitPOSTAPI()'><b>PaymentOrderSubmitPOSTAPI</b><br>Test class: com.arcapi.Buildingtestcases.PaymentOrderSubmitPOSTAPITest<br>Parameters: DEV, ProjectIDBuildingNone, 2</td>
<td></td>
<td>43</td>
<td>com.arcapi.Buildingtestcases.PaymentOrderSubmitPOSTAPITest@5204062d</td></tr>
<tr>
<td title='com.arcapi.Buildingtestcases.RecomputePerformanceScoreGetTest.RecomputePerformanceScoreGet()'><b>RecomputePerformanceScoreGet</b><br>Test class: com.arcapi.Buildingtestcases.RecomputePerformanceScoreGetTest<br>Parameters: DEV, ProjectIDBuildingNone, 2</td>
<td></td>
<td>6</td>
<td>com.arcapi.Buildingtestcases.RecomputePerformanceScoreGetTest@6dde5c8c</td></tr>
<tr>
<td title='com.arcapi.Buildingtestcases.RegistrationPaymentPricingGetAPITest.RegistrationPaymentPricingGetAPI()'><b>RegistrationPaymentPricingGetAPI</b><br>Test class: com.arcapi.Buildingtestcases.RegistrationPaymentPricingGetAPITest<br>Parameters: DEV, ProjectIDBuildingNone, 2</td>
<td></td>
<td>6</td>
<td>com.arcapi.Buildingtestcases.RegistrationPaymentPricingGetAPITest@5579bb86</td></tr>
<tr>
<td title='com.arcapi.Buildingtestcases.ReviewCertificationPricingAPITest.ReviewCertificationPricingAPI()'><b>ReviewCertificationPricingAPI</b><br>Test class: com.arcapi.Buildingtestcases.ReviewCertificationPricingAPITest<br>Parameters: DEV, ProjectIDBuildingNone, 2, performance score</td>
<td></td>
<td>4</td>
<td>com.arcapi.Buildingtestcases.ReviewCertificationPricingAPITest@5123a213</td></tr>
<tr>
<td title='com.arcapi.Buildingtestcases.SignAgreementRegistrationAPITest.SignAgreementRegistrationAPI()'><b>SignAgreementRegistrationAPI</b><br>Test class: com.arcapi.Buildingtestcases.SignAgreementRegistrationAPITest<br>Parameters: DEV, ProjectIDBuildingNone, 2</td>
<td></td>
<td>10</td>
<td>com.arcapi.Buildingtestcases.SignAgreementRegistrationAPITest@31f924f5</td></tr>
<tr>
<td title='com.arcapi.Buildingtestcases.SubmitReviewGetAPITest.SubmitReviewGetAPI()'><b>SubmitReviewGetAPI</b><br>Test class: com.arcapi.Buildingtestcases.SubmitReviewGetAPITest<br>Parameters: DEV, ProjectIDBuildingNone, 2</td>
<td></td>
<td>2</td>
<td>com.arcapi.Buildingtestcases.SubmitReviewGetAPITest@3b94d659</td></tr>
<tr>
<td title='com.arcapi.Buildingtestcases.SubmitReviewPOSTAPITest.SubmitReviewPOSTAPI()'><b>SubmitReviewPOSTAPI</b><br>Test class: com.arcapi.Buildingtestcases.SubmitReviewPOSTAPITest<br>Parameters: DEV, ProjectIDBuildingNone, 2, building, performance score</td>
<td></td>
<td>5</td>
<td>com.arcapi.Buildingtestcases.SubmitReviewPOSTAPITest@52525845</td></tr>
<tr>
<td title='com.arcapi.Scoretestcases.version2.TemperatureDataGetTest.TemperatureDataGet()'><b>TemperatureDataGet</b><br>Test class: com.arcapi.Scoretestcases.version2.TemperatureDataGetTest<br>Parameters: DEV, ProjectIDBuildingNone, 2</td>
<td></td>
<td>2</td>
<td>com.arcapi.Scoretestcases.version2.TemperatureDataGetTest@103f852</td></tr>
<tr>
<td title='com.arcapi.Scoretestcases.version3.TemperatureDataGetTest.TemperatureDataGet()'><b>TemperatureDataGet</b><br>Test class: com.arcapi.Scoretestcases.version3.TemperatureDataGetTest<br>Parameters: DEV, ProjectIDBuildingNone, 2</td>
<td></td>
<td>3</td>
<td>com.arcapi.Scoretestcases.version3.TemperatureDataGetTest@16022d9d</td></tr>
<tr>
<td title='com.arcapi.Scoretestcases.version2.TemperatureDataZipCodeGetTest.TemperatureDataZipCodeGet()'><b>TemperatureDataZipCodeGet</b><br>Test class: com.arcapi.Scoretestcases.version2.TemperatureDataZipCodeGetTest</td>
<td></td>
<td>2</td>
<td>com.arcapi.Scoretestcases.version2.TemperatureDataZipCodeGetTest@587c290d</td></tr>
<tr>
<td title='com.arcapi.Buildingtestcases.TransitSurveyAPITest.TransitSurveyAPI()'><b>TransitSurveyAPI</b><br>Test class: com.arcapi.Buildingtestcases.TransitSurveyAPITest<br>Parameters: DEV, ProjectIDBuildingNone, 2</td>
<td></td>
<td>2</td>
<td>com.arcapi.Buildingtestcases.TransitSurveyAPITest@17211155</td></tr>
<tr>
<td title='com.arcapi.Buildingtestcases.TransitSurveyCreatePOSTAPITest.TransitSurveyCreatePOSTAPI()'><b>TransitSurveyCreatePOSTAPI</b><br>Test class: com.arcapi.Buildingtestcases.TransitSurveyCreatePOSTAPITest<br>Parameters: DEV, ProjectIDBuildingNone, 2</td>
<td></td>
<td>3</td>
<td>com.arcapi.Buildingtestcases.TransitSurveyCreatePOSTAPITest@7a36aefa</td></tr>
<tr>
<td title='com.arcapi.Buildingtestcases.TransitSurveySummarizeSurveyAPITest.TransitSurveySummarizeSurveyAPI()'><b>TransitSurveySummarizeSurveyAPI</b><br>Test class: com.arcapi.Buildingtestcases.TransitSurveySummarizeSurveyAPITest<br>Parameters: DEV, ProjectIDBuildingNone, 2</td>
<td></td>
<td>3</td>
<td>com.arcapi.Buildingtestcases.TransitSurveySummarizeSurveyAPITest@b3d7190</td></tr>
<tr>
<td title='com.arcapi.Scoretestcases.version2.VOCGetTest.VOCGet()'><b>VOCGet</b><br>Test class: com.arcapi.Scoretestcases.version2.VOCGetTest<br>Parameters: DEV, ProjectIDBuildingNone, 2</td>
<td></td>
<td>2</td>
<td>com.arcapi.Scoretestcases.version2.VOCGetTest@35a50a4c</td></tr>
<tr>
<td title='com.arcapi.Scoretestcases.version3.VOCGetTest.VOCGet()'><b>VOCGet</b><br>Test class: com.arcapi.Scoretestcases.version3.VOCGetTest<br>Parameters: DEV, ProjectIDBuildingNone, 2</td>
<td></td>
<td>2</td>
<td>com.arcapi.Scoretestcases.version3.VOCGetTest@6d3af739</td></tr>
<tr>
<td title='com.arcapi.Scoretestcases.version2.WaterGetTest.WaterGet()'><b>WaterGet</b><br>Test class: com.arcapi.Scoretestcases.version2.WaterGetTest<br>Parameters: DEV, ProjectIDBuildingNone, 2</td>
<td></td>
<td>2</td>
<td>com.arcapi.Scoretestcases.version2.WaterGetTest@1f021e6c</td></tr>
<tr>
<td title='com.arcapi.Scoretestcases.version3.WaterGetTest.WaterGet()'><b>WaterGet</b><br>Test class: com.arcapi.Scoretestcases.version3.WaterGetTest<br>Parameters: DEV, ProjectIDBuildingNone, 2</td>
<td></td>
<td>2</td>
<td>com.arcapi.Scoretestcases.version3.WaterGetTest@1da51a35</td></tr>
</table><p>
</body>
</html>