<?xml version="1.0" encoding="UTF-8"?>
<!-- Generated by org.testng.reporters.JUnitXMLReporter -->
<testsuite hostname="G10GNLT041" ignored="0" name="CompleteFlowTest-Community-Other" tests="81" failures="1" timestamp="17 Jun 2019 08:41:56 GMT" time="635.751" errors="0">
  <testcase name="LoginAPI" time="19.451" classname="com.arcapi.Communitytestcases.LoginAPITest"/>
  <testcase name="UserDetailAPI" time="3.589" classname="com.arcapi.Communitytestcases.UserDetailAPITest"/>
  <testcase name="UserAccessLevelSAPGet" time="3.077" classname="com.arcapi.Communitytestcases.UserAccessLevelSAPGetTest"/>
  <testcase name="LOTokenAPI" time="2.766" classname="com.arcapi.Communitytestcases.LOTokenAPITest"/>
  <testcase name="AssetSearchAPI" time="2.622" classname="com.arcapi.Communitytestcases.AssetSearchAPITest"/>
  <testcase name="AssetValidationInfoPOSTAPI" time="2.543" classname="com.arcapi.Communitytestcases.AssetValidationInfoPOSTAPITest"/>
  <testcase name="AssetSearchOwnerAPI" time="3.004" classname="com.arcapi.Communitytestcases.AssetSearchOwnerAPITest"/>
  <testcase name="AssetOwnerOrgPOSTAPI" time="4.063" classname="com.arcapi.Communitytestcases.AssetOwnerOrgPOSTAPITest"/>
  <testcase name="AssetListAPI" time="3.005" classname="com.arcapi.Communitytestcases.AssetListAPITest"/>
  <testcase name="CreateAssetPOSTAPI" time="10.89" classname="com.arcapi.Communitytestcases.CreateAssetCommunityOtherAPITest"/>
  <testcase name="SignAgreementRegistrationAPI" time="4.675" classname="com.arcapi.Communitytestcases.SignAgreementRegistrationAPITest"/>
  <testcase name="RegistrationPaymentPricingGetAPI" time="3.487" classname="com.arcapi.Communitytestcases.RegistrationPaymentPricingGetAPITest"/>
  <testcase name="PaymentOrderSubmitPOSTAPI" time="9.285" classname="com.arcapi.Communitytestcases.PaymentOrderSubmitPOSTAPITest"/>
  <testcase name="AddAssestTimeline" time="4.235" classname="com.arcapi.Communitytestcases.AddAssestTimelinePOSTAPITest"/>
  <testcase name="PaymentOrderGetAPI" time="2.811" classname="com.arcapi.Communitytestcases.PaymentOrderGetAPITest"/>
  <testcase name="PaymentReceiptAPI" time="10.504" classname="com.arcapi.Communitytestcases.PaymentReceiptAPITest"/>
  <testcase name="PaymentHistoryAPI" time="3.192" classname="com.arcapi.Communitytestcases.PaymentHistoryAPITest"/>
  <testcase name="AssetDetailAPI" time="2.679" classname="com.arcapi.Communitytestcases.AssetDetailAPITest"/>
  <testcase name="AssetUpdateforNewAssetPUTAPI" time="3.034" classname="com.arcapi.Communitytestcases.AssetUpdateCommunityOtherAPITest"/>
  <testcase name="AssetDetailAPI" time="2.919" classname="com.arcapi.Communitytestcases.VerifyAssetDetailAPITest"/>
  <testcase name="VerifyProjectRegisteredAssetList" time="3.339" classname="com.arcapi.Communitytestcases.VerifyProjectRegisteredAssetListTest"/>
  <testcase name="AssetDocumentAPI" time="3.709" classname="com.arcapi.Communitytestcases.AssetDocumentAPITest"/>
  <testcase name="DownloadDocumentsAPI" time="3.265" classname="com.arcapi.Communitytestcases.DownloadDocumentsAPITest"/>
  <testcase name="VerifyAgreementPresentAPI" time="3.181" classname="com.arcapi.Communitytestcases.VerifyAgreementPresentAPITest"/>
  <testcase name="FetchingAgreementDetailsAPI" time="4.213" classname="com.arcapi.Communitytestcases.FetchingAgreementDetailsAPITest"/>
  <testcase name="VerifyAgreementDeleteAPI" time="2.709" classname="com.arcapi.Communitytestcases.VerifyAgreementDeleteAPITest">
    <failure type="java.lang.AssertionError" message="1 expectation failed.
Expected status code &amp;lt;403&amp;gt; doesn&amp;apos;t match actual status code &amp;lt;404&amp;gt;.
">
      <![CDATA[java.lang.AssertionError: 1 expectation failed.Expected status code <403> doesn't match actual status code <404>.at org.codehaus.groovy.runtime.callsite.ConstructorSite$ConstructorSiteNoUnwrap.callConstructor(ConstructorSite.java:84)at org.codehaus.groovy.runtime.callsite.CallSiteArray.defaultCallConstructor(CallSiteArray.java:60)at org.codehaus.groovy.runtime.callsite.AbstractCallSite.callConstructor(AbstractCallSite.java:235)at org.codehaus.groovy.runtime.callsite.AbstractCallSite.callConstructor(AbstractCallSite.java:247)at com.jayway.restassured.internal.ResponseSpecificationImpl$HamcrestAssertionClosure.validate(ResponseSpecificationImpl.groovy:598)at com.jayway.restassured.internal.ResponseSpecificationImpl$HamcrestAssertionClosure$validate$1.call(Unknown Source)at com.jayway.restassured.internal.ResponseSpecificationImpl.validateResponseIfRequired(ResponseSpecificationImpl.groovy:760)at org.codehaus.groovy.runtime.callsite.PogoMetaMethodSite$PogoCachedMethodSiteNoUnwrapNoCoerce.invoke(PogoMetaMethodSite.java:210)at org.codehaus.groovy.runtime.callsite.PogoMetaMethodSite.callCurrent(PogoMetaMethodSite.java:59)at org.codehaus.groovy.runtime.callsite.AbstractCallSite.callCurrent(AbstractCallSite.java:166)at com.jayway.restassured.internal.ResponseSpecificationImpl.statusCode(ResponseSpecificationImpl.groovy:120)at com.jayway.restassured.specification.ResponseSpecification$statusCode$0.callCurrent(Unknown Source)at com.jayway.restassured.internal.ResponseSpecificationImpl.statusCode(ResponseSpecificationImpl.groovy:128)at com.jayway.restassured.internal.ValidatableResponseOptionsImpl.statusCode(ValidatableResponseOptionsImpl.java:117)at com.arcapi.Communitytestcases.VerifyAgreementDeleteAPITest.VerifyAgreementDeleteAPI(VerifyAgreementDeleteAPITest.java:69)... Removed 35 stack frames]]>
    </failure>
  </testcase> <!-- VerifyAgreementDeleteAPI -->
  <testcase name="CreditGetAPI" time="7.632" classname="com.arcapi.Communitytestcases.CreditGetAPITest"/>
  <testcase name="CreditAddTeamPOSTAPI" time="27.793" classname="com.arcapi.Communitytestcases.CreditAddTeamPOSTAPITest"/>
  <testcase name="MeasuresListAPI" time="2.913" classname="com.arcapi.Communitytestcases.MeasuresListAPITest"/>
  <testcase name="MeasuresDetailAPI" time="2.811" classname="com.arcapi.Communitytestcases.MeasuresDetailAPITest"/>
  <testcase name="MeasuresPostAPI" time="20.306" classname="com.arcapi.Communitytestcases.MeasuresPostAPITest"/>
  <testcase name="MeasuresUpdateAPI" time="2.961" classname="com.arcapi.Communitytestcases.MeasuresUpdateAPITest"/>
  <testcase name="MeasuresVersionListAPI" time="4.213" classname="com.arcapi.Communitytestcases.MeasuresVersionListAPITest"/>
  <testcase name="MeasuresVersionDetailAPI" time="2.805" classname="com.arcapi.Communitytestcases.MeasuresVersionDetailAPITest"/>
  <testcase name="MeasuresVersionPostAPI" time="2.309" classname="com.arcapi.Communitytestcases.MeasuresVersionPostAPITest"/>
  <testcase name="MeterCreatePOSTAPI" time="77.179" classname="com.arcapi.Communitytestcases.MeterCreateAPICityCommTest"/>
  <testcase name="ConsumptionCreatePOSTAPI" time="67.652" classname="com.arcapi.Communitytestcases.CityCommConsumptionCreateAPITest"/>
  <testcase name="AssetTeamMemberRoleAPI" time="3.205" classname="com.arcapi.Communitytestcases.AssetTeamMemberRoleAPITest"/>
  <testcase name="AssetTeamMemberListAPI" time="3.882" classname="com.arcapi.Communitytestcases.AssetTeamMemberListAPITest"/>
  <testcase name="AssetTeamMemberAddPOSTAPI" time="3.835" classname="com.arcapi.Communitytestcases.AssetTeamMemberAddPOSTAPITest"/>
  <testcase name="AssetTeamMemberUpdateAPI" time="3.444" classname="com.arcapi.Communitytestcases.AssetTeamMemberUpdateAPITest"/>
  <testcase name="AssetTeamMemberRemoveAPI" time="3.745" classname="com.arcapi.Communitytestcases.AssetTeamMemberRemoveAPITest"/>
  <testcase name="DeleteAllAppsAPI" time="6.085" classname="com.arcapi.Communitytestcases.DeleteAllAppsAPITest"/>
  <testcase name="InstallAllAppsAfterDeleteAPI" time="6.392" classname="com.arcapi.Communitytestcases.InstallAllAppsAfterDeleteAPITest"/>
  <testcase name="S3DocumentUploadPOSTAPI" time="22.269" classname="com.arcapi.Communitytestcases.S3DocumentUploadPOSTAPITest"/>
  <testcase name="S3DocumentListAPI" time="2.994" classname="com.arcapi.Communitytestcases.S3DocumentListAPITest"/>
  <testcase name="S3DocumentRemoveAPI" time="2.879" classname="com.arcapi.Communitytestcases.S3DocumentRemoveAPITest"/>
  <testcase name="AssetTeamPermissionListAPI" time="3.857" classname="com.arcapi.Communitytestcases.AssetTeamPermissionListAPITest"/>
  <testcase name="AssetTeamPermissionPostAPI" time="3.848" classname="com.arcapi.Communitytestcases.AssetTeamPermissionPostAPITest"/>
  <testcase name="AssetTeamPermissionPutAPI" time="2.952" classname="com.arcapi.Communitytestcases.AssetTeamPermissionPutAPITest"/>
  <testcase name="AssetNotificationSubscriptionList" time="2.73" classname="com.arcapi.Communitytestcases.AssetNotificationSubscriptionListTest"/>
  <testcase name="AssetNotificationSubscriptionPost" time="3.146" classname="com.arcapi.Communitytestcases.AssetNotificationSubscriptionPostTest"/>
  <testcase name="NotificationSubscriptionDetail" time="2.536" classname="com.arcapi.Communitytestcases.NotificationSubscriptionDetailGetTest"/>
  <testcase name="NotificationSubscriptionDetail" time="2.161" classname="com.arcapi.Communitytestcases.NotificationSubscriptionDetailPutTest"/>
  <testcase name="NotificationSubscriptionDetailDelete" time="2.626" classname="com.arcapi.Communitytestcases.NotificationSubscriptionDetailDeleteTest"/>
  <testcase name="AssetDataSnapshotAPI" time="13.465" classname="com.arcapi.Communitytestcases.AssetDataSnapshotAPITest"/>
  <testcase name="RecomputePerformanceScoreGet" time="7.157" classname="com.arcapi.Communitytestcases.RecomputePerformanceScoreGetTest"/>
  <testcase name="ReviewCertificationPricingAPI" time="3.787" classname="com.arcapi.Communitytestcases.ReviewCertificationPricingAPITest"/>
  <testcase name="SubmitReviewPOSTAPI" time="3.114" classname="com.arcapi.Communitytestcases.SubmitReviewPOSTAPITest"/>
  <testcase name="SubmitReviewGetAPI" time="2.557" classname="com.arcapi.Communitytestcases.SubmitReviewGetAPITest"/>
  <testcase name="NotificationCreatePOSTAPI" time="2.346" classname="com.arcapi.Communitytestcases.NotificationCreatePOSTAPITest"/>
  <testcase name="NotificationGetAPI" time="2.814" classname="com.arcapi.Communitytestcases.NotificationGetAPITest"/>
  <testcase name="NotificationDeleteAPI" time="2.939" classname="com.arcapi.Communitytestcases.NotificationDeleteAPITest"/>
  <testcase name="FeedbackSubmitPostAPI" time="3.179" classname="com.arcapi.Communitytestcases.FeedbackSubmitPostAPITest"/>
  <testcase name="AssetDataExportAPI" time="3.139" classname="com.arcapi.Communitytestcases.AssetDataExportAPITest"/>
  <testcase name="AssetPerformanceScoreListAPI" time="3.245" classname="com.arcapi.Communitytestcases.AssetPerformanceScoreListAPITest"/>
  <testcase name="AnalysisDataSubmitPOSTAPI" time="13.295" classname="com.arcapi.Communitytestcases.AnalysisDataSubmitPOSTAPITest"/>
  <testcase name="AnalysisDataGetAPI" time="2.931" classname="com.arcapi.Communitytestcases.AnalysisDataGetAPITest"/>
  <testcase name="AssetRequiredFieldsAPI" time="2.718" classname="com.arcapi.Communitytestcases.AssetRequiredFieldsAPITest"/>
  <testcase name="CountryStatesJSONAPI" time="2.795" classname="com.arcapi.Communitytestcases.CountryStatesJSONAPITest"/>
  <testcase name="AssociatedCategoriesAPI" time="2.906" classname="com.arcapi.Communitytestcases.AssociatedCategoriesAPITest"/>
  <testcase name="RatingSystemListAPI" time="2.613" classname="com.arcapi.Communitytestcases.RatingSystemListAPITest"/>
  <testcase name="AppVersionDetailAPI" time="2.584" classname="com.arcapi.Communitytestcases.AppVersionDetailAPITest"/>
  <testcase name="FuelCategoryAPI" time="2.749" classname="com.arcapi.Communitytestcases.FuelCategoryAPITest"/>
  <testcase name="GetAllDocumentListAPI" time="3.202" classname="com.arcapi.Communitytestcases.GetAllDocumentListAPITest"/>
  <testcase name="PerformanceComparablesGetAPI" time="2.582" classname="com.arcapi.Communitytestcases.PerformanceComparablesGetAPITest"/>
  <testcase name="ScoreWeightsAPI" time="2.689" classname="com.arcapi.Communitytestcases.ScoreWeightsAPITest"/>
  <testcase name="ThirdPartyListAppsAPI" time="2.194" classname="com.arcapi.Communitytestcases.ThirdPartyListAppsAPITest"/>
  <testcase name="AvgPerformaceList" time="2.407" classname="com.arcapi.Communitytestcases.AvgPerformaceListGetTest"/>
  <testcase name="AssetSnapshotKeysAPI" time="2.628" classname="com.arcapi.Communitytestcases.AssetSnapshotKeysAPITest"/>
  <testcase name="AssetSnapshotDownloadAPI" time="12.015" classname="com.arcapi.Communitytestcases.AssetSnapshotDownloadAPITest"/>
</testsuite> <!-- CompleteFlowTest-Community-Other -->
