<?xml version="1.0" encoding="UTF-8"?>
<!-- Generated by org.testng.reporters.JUnitXMLReporter -->
<testsuite hostname="G10GNLT041" ignored="0" name="CompleteFlowTest-City-None" tests="83" failures="2" timestamp="17 Jun 2019 08:07:16 GMT" time="1012.797" errors="0">
  <testcase name="LoginAPI" time="22.656" classname="com.arcapi.Citytestcases.LoginAPITest"/>
  <testcase name="UserDetailAPI" time="2.686" classname="com.arcapi.Citytestcases.UserDetailAPITest"/>
  <testcase name="UserAccessLevelSAPGet" time="3.25" classname="com.arcapi.Citytestcases.UserAccessLevelSAPGetTest"/>
  <testcase name="LOTokenAPI" time="4.281" classname="com.arcapi.Citytestcases.LOTokenAPITest"/>
  <testcase name="AssetSearchAPI" time="2.583" classname="com.arcapi.Citytestcases.AssetSearchAPITest"/>
  <testcase name="AssetValidationInfoPOSTAPI" time="3.149" classname="com.arcapi.Citytestcases.AssetValidationInfoPOSTAPITest"/>
  <testcase name="AssetSearchOwnerAPI" time="3.693" classname="com.arcapi.Citytestcases.AssetSearchOwnerAPITest"/>
  <testcase name="AssetOwnerOrgPOSTAPI" time="3.831" classname="com.arcapi.Citytestcases.AssetOwnerOrgPOSTAPITest"/>
  <testcase name="AssetListAPI" time="4.455" classname="com.arcapi.Citytestcases.AssetListAPITest"/>
  <testcase name="CreateAssetPOSTAPI" time="78.539" classname="com.arcapi.Citytestcases.CreateAssetCityNoneAPITest"/>
  <testcase name="SignAgreementRegistrationAPI" time="5.456" classname="com.arcapi.Citytestcases.SignAgreementRegistrationAPITest"/>
  <testcase name="RegistrationPaymentPricingGetAPI" time="3.613" classname="com.arcapi.Citytestcases.RegistrationPaymentPricingGetAPITest"/>
  <testcase name="PaymentOrderSubmitPOSTAPI" time="9.763" classname="com.arcapi.Citytestcases.PaymentOrderSubmitPOSTAPITest"/>
  <testcase name="AddAssestTimeline" time="3.803" classname="com.arcapi.Citytestcases.AddAssestTimelinePOSTAPITest"/>
  <testcase name="PaymentOrderGetAPI" time="3.052" classname="com.arcapi.Citytestcases.PaymentOrderGetAPITest"/>
  <testcase name="PaymentReceiptAPI" time="13.138" classname="com.arcapi.Citytestcases.PaymentReceiptAPITest"/>
  <testcase name="PaymentHistoryAPI" time="3.19" classname="com.arcapi.Citytestcases.PaymentHistoryAPITest"/>
  <testcase name="AssetDetailAPI" time="2.41" classname="com.arcapi.Citytestcases.AssetDetailAPITest"/>
  <testcase name="AssetUpdateforNewAssetPUTAPI" time="2.795" classname="com.arcapi.Citytestcases.AssetUpdateCityNoneAPITest"/>
  <testcase name="AssetDetailAPI" time="2.508" classname="com.arcapi.Citytestcases.VerifyAssetDetailCityAPITest"/>
  <testcase name="VerifyProjectRegisteredAssetList" time="3.188" classname="com.arcapi.Citytestcases.VerifyProjectRegisteredAssetListTest"/>
  <testcase name="AssetDocumentAPI" time="3.51" classname="com.arcapi.Citytestcases.AssetDocumentAPITest"/>
  <testcase name="DownloadDocumentsAPI" time="3.611" classname="com.arcapi.Citytestcases.DownloadDocumentsAPITest"/>
  <testcase name="VerifyAgreementPresentAPI" time="3.095" classname="com.arcapi.Citytestcases.VerifyAgreementPresentAPITest"/>
  <testcase name="FetchingAgreementDetailsAPI" time="4.362" classname="com.arcapi.Citytestcases.FetchingAgreementDetailsAPITest"/>
  <testcase name="VerifyAgreementDeleteAPI" time="2.569" classname="com.arcapi.Citytestcases.VerifyAgreementDeleteAPITest">
    <failure type="java.lang.AssertionError" message="1 expectation failed.
Expected status code &amp;lt;403&amp;gt; doesn&amp;apos;t match actual status code &amp;lt;404&amp;gt;.
">
      <![CDATA[java.lang.AssertionError: 1 expectation failed.Expected status code <403> doesn't match actual status code <404>.at org.codehaus.groovy.runtime.callsite.ConstructorSite$ConstructorSiteNoUnwrap.callConstructor(ConstructorSite.java:84)at org.codehaus.groovy.runtime.callsite.AbstractCallSite.callConstructor(AbstractCallSite.java:247)at com.jayway.restassured.internal.ResponseSpecificationImpl$HamcrestAssertionClosure.validate(ResponseSpecificationImpl.groovy:598)at com.jayway.restassured.internal.ResponseSpecificationImpl$HamcrestAssertionClosure$validate$1.call(Unknown Source)at com.jayway.restassured.internal.ResponseSpecificationImpl.validateResponseIfRequired(ResponseSpecificationImpl.groovy:760)at org.codehaus.groovy.runtime.callsite.PogoMetaMethodSite$PogoCachedMethodSiteNoUnwrapNoCoerce.invoke(PogoMetaMethodSite.java:210)at org.codehaus.groovy.runtime.callsite.PogoMetaMethodSite.callCurrent(PogoMetaMethodSite.java:59)at org.codehaus.groovy.runtime.callsite.AbstractCallSite.callCurrent(AbstractCallSite.java:166)at com.jayway.restassured.internal.ResponseSpecificationImpl.statusCode(ResponseSpecificationImpl.groovy:120)at com.jayway.restassured.specification.ResponseSpecification$statusCode$0.callCurrent(Unknown Source)at com.jayway.restassured.internal.ResponseSpecificationImpl.statusCode(ResponseSpecificationImpl.groovy:128)at com.jayway.restassured.internal.ValidatableResponseOptionsImpl.statusCode(ValidatableResponseOptionsImpl.java:117)at com.arcapi.Citytestcases.VerifyAgreementDeleteAPITest.VerifyAgreementDeleteAPI(VerifyAgreementDeleteAPITest.java:69)... Removed 35 stack frames]]>
    </failure>
  </testcase> <!-- VerifyAgreementDeleteAPI -->
  <testcase name="CreditGetAPI" time="7.049" classname="com.arcapi.Citytestcases.CreditGetAPITest"/>
  <testcase name="CreditAddTeamPOSTAPI" time="28.18" classname="com.arcapi.Citytestcases.CreditAddTeamPOSTAPITest"/>
  <testcase name="MeasuresListAPI" time="2.802" classname="com.arcapi.Citytestcases.MeasuresListAPITest"/>
  <testcase name="MeasuresDetailAPI" time="3.696" classname="com.arcapi.Citytestcases.MeasuresDetailAPITest"/>
  <testcase name="MeasuresPostAPI" time="23.562" classname="com.arcapi.Citytestcases.MeasuresPostAPITest"/>
  <testcase name="MeasuresUpdateAPI" time="2.89" classname="com.arcapi.Citytestcases.MeasuresUpdateAPITest"/>
  <testcase name="MeasuresVersionListAPI" time="2.521" classname="com.arcapi.Citytestcases.MeasuresVersionListAPITest"/>
  <testcase name="MeasuresVersionDetailAPI" time="2.792" classname="com.arcapi.Citytestcases.MeasuresVersionDetailAPITest"/>
  <testcase name="MeasuresVersionPostAPI" time="2.172" classname="com.arcapi.Citytestcases.MeasuresVersionPostAPITest"/>
  <testcase name="MeterCreatePOSTAPI" time="98.844" classname="com.arcapi.Citytestcases.MeterCreateAPICityCommTest"/>
  <testcase name="ConsumptionCreatePOSTAPI" time="64.977" classname="com.arcapi.Citytestcases.CityCommConsumptionCreateAPITest"/>
  <testcase name="AssetTeamMemberRoleAPI" time="3.64" classname="com.arcapi.Citytestcases.AssetTeamMemberRoleAPITest"/>
  <testcase name="AssetTeamMemberListAPI" time="4.164" classname="com.arcapi.Citytestcases.AssetTeamMemberListAPITest"/>
  <testcase name="AssetTeamMemberAddPOSTAPI" time="4.469" classname="com.arcapi.Citytestcases.AssetTeamMemberAddPOSTAPITest"/>
  <testcase name="AssetTeamMemberUpdateAPI" time="5.086" classname="com.arcapi.Citytestcases.AssetTeamMemberUpdateAPITest"/>
  <testcase name="AssetTeamMemberRemoveAPI" time="4.483" classname="com.arcapi.Citytestcases.AssetTeamMemberRemoveAPITest"/>
  <testcase name="DeleteAllAppsAPI" time="6.119" classname="com.arcapi.Citytestcases.DeleteAllAppsAPITest"/>
  <testcase name="InstallAllAppsAfterDeleteAPI" time="6.417" classname="com.arcapi.Citytestcases.InstallAllAppsAfterDeleteAPITest"/>
  <testcase name="VerifyAdminRemoveAPI" time="259.058" classname="com.arcapi.Citytestcases.VerifyAdminRemoveAPITest">
    <failure type="java.lang.AssertionError" message="1 expectation failed.
Expected status code &amp;lt;200&amp;gt; doesn&amp;apos;t match actual status code &amp;lt;500&amp;gt;.
">
      <![CDATA[java.lang.AssertionError: 1 expectation failed.Expected status code <200> doesn't match actual status code <500>.at org.codehaus.groovy.runtime.callsite.ConstructorSite$ConstructorSiteNoUnwrap.callConstructor(ConstructorSite.java:84)at org.codehaus.groovy.runtime.callsite.AbstractCallSite.callConstructor(AbstractCallSite.java:247)at com.jayway.restassured.internal.ResponseSpecificationImpl$HamcrestAssertionClosure.validate(ResponseSpecificationImpl.groovy:598)at com.jayway.restassured.internal.ResponseSpecificationImpl$HamcrestAssertionClosure$validate$1.call(Unknown Source)at com.jayway.restassured.internal.RequestSpecificationImpl.applyPathParamsAndSendRequest(RequestSpecificationImpl.groovy:1597)at groovy.lang.MetaMethod.doMethodInvoke(MetaMethod.java:325)at groovy.lang.MetaClassImpl.invokeMethod(MetaClassImpl.java:1210)at groovy.lang.MetaClassImpl.invokeMethod(MetaClassImpl.java:1019)at groovy.lang.MetaClassImpl.invokeMethod(MetaClassImpl.java:810)at com.jayway.restassured.internal.RequestSpecificationImpl.invokeMethod(RequestSpecificationImpl.groovy)at org.codehaus.groovy.runtime.callsite.PogoInterceptableSite.call(PogoInterceptableSite.java:48)at org.codehaus.groovy.runtime.callsite.PogoInterceptableSite.callCurrent(PogoInterceptableSite.java:58)at org.codehaus.groovy.runtime.callsite.AbstractCallSite.callCurrent(AbstractCallSite.java:182)at com.jayway.restassured.internal.RequestSpecificationImpl.post(RequestSpecificationImpl.groovy:164)at com.jayway.restassured.internal.RequestSpecificationImpl.post(RequestSpecificationImpl.groovy)at groovy.lang.MetaMethod.doMethodInvoke(MetaMethod.java:325)at groovy.lang.MetaClassImpl.invokeMethod(MetaClassImpl.java:1210)at groovy.lang.MetaClassImpl.invokeMethod(MetaClassImpl.java:1019)at groovy.lang.MetaClassImpl.invokeMethod(MetaClassImpl.java:810)at com.jayway.restassured.internal.RequestSpecificationImpl.invokeMethod(RequestSpecificationImpl.groovy)at org.codehaus.groovy.runtime.callsite.PogoInterceptableSite.call(PogoInterceptableSite.java:48)at org.codehaus.groovy.runtime.callsite.AbstractCallSite.call(AbstractCallSite.java:133)at com.jayway.restassured.internal.ResponseSpecificationImpl.post(ResponseSpecificationImpl.groovy:293)at com.jayway.restassured.internal.ResponseSpecificationImpl.post(ResponseSpecificationImpl.groovy)at com.arc.driver.CommonMethod.GeneratingAuthCodeForLOUser(CommonMethod.java:81)at com.arcapi.Citytestcases.VerifyAdminRemoveAPITest.VerifyAdminRemoveAPI(VerifyAdminRemoveAPITest.java:27)... Removed 41 stack frames]]>
    </failure>
  </testcase> <!-- VerifyAdminRemoveAPI -->
  <testcase name="S3DocumentUploadPOSTAPI" time="24.103" classname="com.arcapi.Citytestcases.S3DocumentUploadPOSTAPITest"/>
  <testcase name="S3DocumentListAPI" time="2.944" classname="com.arcapi.Citytestcases.S3DocumentListAPITest"/>
  <testcase name="S3DocumentRemoveAPI" time="2.855" classname="com.arcapi.Citytestcases.S3DocumentRemoveAPITest"/>
  <testcase name="AssetTeamPermissionListAPI" time="3.771" classname="com.arcapi.Citytestcases.AssetTeamPermissionListAPITest"/>
  <testcase name="AssetTeamPermissionPostAPI" time="3.094" classname="com.arcapi.Citytestcases.AssetTeamPermissionPostAPITest"/>
  <testcase name="AssetTeamPermissionPutAPI" time="2.799" classname="com.arcapi.Citytestcases.AssetTeamPermissionPutAPITest"/>
  <testcase name="AssetNotificationSubscriptionList" time="2.804" classname="com.arcapi.Citytestcases.AssetNotificationSubscriptionListTest"/>
  <testcase name="AssetNotificationSubscriptionPost" time="2.886" classname="com.arcapi.Citytestcases.AssetNotificationSubscriptionPostTest"/>
  <testcase name="NotificationSubscriptionDetail" time="2.205" classname="com.arcapi.Citytestcases.NotificationSubscriptionDetailGetTest"/>
  <testcase name="NotificationSubscriptionDetail" time="2.506" classname="com.arcapi.Citytestcases.NotificationSubscriptionDetailPutTest"/>
  <testcase name="NotificationSubscriptionDetailDelete" time="2.341" classname="com.arcapi.Citytestcases.NotificationSubscriptionDetailDeleteTest"/>
  <testcase name="AssetDataSnapshotAPI" time="15.08" classname="com.arcapi.Citytestcases.AssetDataSnapshotAPITest"/>
  <testcase name="RecomputePerformanceScoreGet" time="8.483" classname="com.arcapi.Citytestcases.RecomputePerformanceScoreGetTest"/>
  <testcase name="ReviewCertificationPricingAPI" time="3.457" classname="com.arcapi.Citytestcases.ReviewCertificationPricingAPITest"/>
  <testcase name="SubmitReviewPOSTAPI" time="3.039" classname="com.arcapi.Citytestcases.SubmitReviewPOSTAPITest"/>
  <testcase name="SubmitReviewGetAPI" time="2.395" classname="com.arcapi.Citytestcases.SubmitReviewGetAPITest"/>
  <testcase name="NotificationCreatePOSTAPI" time="2.396" classname="com.arcapi.Citytestcases.NotificationCreatePOSTAPITest"/>
  <testcase name="NotificationGetAPI" time="2.322" classname="com.arcapi.Citytestcases.NotificationGetAPITest"/>
  <testcase name="NotificationDeleteAPI" time="2.527" classname="com.arcapi.Citytestcases.NotificationDeleteAPITest"/>
  <testcase name="FeedbackSubmitPostAPI" time="2.539" classname="com.arcapi.Citytestcases.FeedbackSubmitPostAPITest"/>
  <testcase name="AssetDataExportAPI" time="2.486" classname="com.arcapi.Citytestcases.AssetDataExportAPITest"/>
  <testcase name="AssetPerformanceScorePostAPI" time="2.363" classname="com.arcapi.Citytestcases.AssetPerformanceScorePostAPITest"/>
  <testcase name="AssetPerformanceScoreListAPI" time="2.159" classname="com.arcapi.Citytestcases.AssetPerformanceScoreListAPITest"/>
  <testcase name="AnalysisDataSubmitPOSTAPI" time="13.075" classname="com.arcapi.Citytestcases.AnalysisDataSubmitPOSTAPITest"/>
  <testcase name="AnalysisDataGetAPI" time="2.49" classname="com.arcapi.Citytestcases.AnalysisDataGetAPITest"/>
  <testcase name="AssetRequiredFieldsAPI" time="2.81" classname="com.arcapi.Citytestcases.AssetRequiredFieldsAPITest"/>
  <testcase name="CountryStatesJSONAPI" time="2.816" classname="com.arcapi.Citytestcases.CountryStatesJSONAPITest"/>
  <testcase name="AssociatedCategoriesAPI" time="2.138" classname="com.arcapi.Citytestcases.AssociatedCategoriesAPITest"/>
  <testcase name="RatingSystemListAPI" time="2.421" classname="com.arcapi.Citytestcases.RatingSystemListAPITest"/>
  <testcase name="AppVersionDetailAPI" time="2.486" classname="com.arcapi.Citytestcases.AppVersionDetailAPITest"/>
  <testcase name="FuelCategoryAPI" time="2.53" classname="com.arcapi.Citytestcases.FuelCategoryAPITest"/>
  <testcase name="GetAllDocumentListAPI" time="2.813" classname="com.arcapi.Citytestcases.GetAllDocumentListAPITest"/>
  <testcase name="PerformanceComparablesGetAPI" time="2.404" classname="com.arcapi.Citytestcases.PerformanceComparablesGetAPITest"/>
  <testcase name="ScoreWeightsAPI" time="2.414" classname="com.arcapi.Citytestcases.ScoreWeightsAPITest"/>
  <testcase name="ThirdPartyListAppsAPI" time="2.66" classname="com.arcapi.Citytestcases.ThirdPartyListAppsAPITest"/>
  <testcase name="AvgPerformaceList" time="2.418" classname="com.arcapi.Citytestcases.AvgPerformaceListGetTest"/>
  <testcase name="AssetSnapshotKeysAPI" time="2.416" classname="com.arcapi.Citytestcases.AssetSnapshotKeysAPITest"/>
  <testcase name="AssetSnapshotDownloadAPI" time="12.688" classname="com.arcapi.Citytestcases.AssetSnapshotDownloadAPITest"/>
</testsuite> <!-- CompleteFlowTest-City-None -->
