<html>
<head>
<title>TestNG:  CompleteFlowTest-City-Leed</title>
<link href="../testng.css" rel="stylesheet" type="text/css" />
<link href="../my-testng.css" rel="stylesheet" type="text/css" />

<style type="text/css">
.log { display: none;} 
.stack-trace { display: none;} 
</style>
<script type="text/javascript">
<!--
function flip(e) {
  current = e.style.display;
  if (current == 'block') {
    e.style.display = 'none';
    return 0;
  }
  else {
    e.style.display = 'block';
    return 1;
  }
}

function toggleBox(szDivId, elem, msg1, msg2)
{
  var res = -1;  if (document.getElementById) {
    res = flip(document.getElementById(szDivId));
  }
  else if (document.all) {
    // this is the way old msie versions work
    res = flip(document.all[szDivId]);
  }
  if(elem) {
    if(res == 0) elem.innerHTML = msg1; else elem.innerHTML = msg2;
  }

}

function toggleAllBoxes() {
  if (document.getElementsByTagName) {
    d = document.getElementsByTagName('div');
    for (i = 0; i < d.length; i++) {
      if (d[i].className == 'log') {
        flip(d[i]);
      }
    }
  }
}

// -->
</script>

</head>
<body>
<h2 align='center'>CompleteFlowTest-City-Leed</h2><table border='1' align="center">
<tr>
<td>Tests passed/Failed/Skipped:</td><td>80/6/0</td>
</tr><tr>
<td>Started on:</td><td>Wed Aug 14 12:59:40 IST 2019</td>
</tr>
<tr><td>Total time:</td><td>2360 seconds (2360848 ms)</td>
</tr><tr>
<td>Included groups:</td><td></td>
</tr><tr>
<td>Excluded groups:</td><td></td>
</tr>
</table><p/>
<small><i>(Hover the method name to see the test class name)</i></small><p/>
<table width='100%' border='1' class='invocation-failed'>
<tr><td colspan='4' align='center'><b>FAILED TESTS</b></td></tr>
<tr><td><b>Test method</b></td>
<td width="30%"><b>Exception</b></td>
<td width="10%"><b>Time (seconds)</b></td>
<td><b>Instance</b></td>
</tr>
<tr>
<td title='com.arcapi.Citytestcases.VerifyAssetDetailCityAPITest.AssetDetailAPI()'><b>AssetDetailAPI</b><br>Test class: com.arcapi.Citytestcases.VerifyAssetDetailCityAPITest<br>Parameters: STG, ProjectIDCityLeed, 2</td>
<td><div><pre>java.lang.AssertionError: 1 expectation failed.
JSON path owner_email doesn&apos;t match.
Expected: usgbcarcapi1@gmail.com
  Actual: stg-01@gmail.com

	at org.codehaus.groovy.runtime.callsite.ConstructorSite$ConstructorSiteNoUnwrap.callConstructor(ConstructorSite.java:84)
	at org.codehaus.groovy.runtime.callsite.CallSiteArray.defaultCallConstructor(CallSiteArray.java:60)
	at org.codehaus.groovy.runtime.callsite.AbstractCallSite.callConstructor(AbstractCallSite.java:235)
	at org.codehaus.groovy.runtime.callsite.AbstractCallSite.callConstructor(AbstractCallSite.java:247)
	at com.jayway.restassured.internal.ResponseSpecificationImpl$HamcrestAssertionClosure.validate(ResponseSpecificationImpl.groovy:598)
	at com.jayway.restassured.internal.ResponseSpecificationImpl$HamcrestAssertionClosure$validate$1.call(Unknown Source)
	at com.jayway.restassured.internal.ResponseSpecificationImpl.validateResponseIfRequired(ResponseSpecificationImpl.groovy:760)
	at org.codehaus.groovy.runtime.callsite.PogoMetaMethodSite$PogoCachedMethodSiteNoUnwrapNoCoerce.invoke(PogoMetaMethodSite.java:210)
	at org.codehaus.groovy.runtime.callsite.PogoMetaMethodSite.callCurrent(PogoMetaMethodSite.java:59)
	at org.codehaus.groovy.runtime.callsite.AbstractCallSite.callCurrent(AbstractCallSite.java:166)
	at com.jayway.restassured.internal.ResponseSpecificationImpl.content(ResponseSpecificationImpl.groovy:251)
	at com.jayway.restassured.specification.ResponseSpecification$content$1.callCurrent(Unknown Source)
	at com.jayway.restassured.internal.ResponseSpecificationImpl.body(ResponseSpecificationImpl.groovy:234)
	at com.jayway.restassured.internal.ValidatableResponseOptionsImpl.body(ValidatableResponseOptionsImpl.java:264)
	at com.arcapi.Citytestcases.VerifyAssetDetailCityAPITest.AssetDetailAPI(VerifyAssetDetailCityAPITest.java:66)
... Removed 34 stack frames</pre></div><a href='#' onClick='toggleBox("stack-trace1982703147", this, "Click to show all stack frames", "Click to hide stack frames")'>Click to show all stack frames</a>
<div class='stack-trace' id='stack-trace1982703147'><pre>java.lang.AssertionError: 1 expectation failed.
JSON path owner_email doesn&apos;t match.
Expected: usgbcarcapi1@gmail.com
  Actual: stg-01@gmail.com

	at sun.reflect.NativeConstructorAccessorImpl.newInstance0(Native Method)
	at sun.reflect.NativeConstructorAccessorImpl.newInstance(NativeConstructorAccessorImpl.java:62)
	at sun.reflect.DelegatingConstructorAccessorImpl.newInstance(DelegatingConstructorAccessorImpl.java:45)
	at java.lang.reflect.Constructor.newInstance(Constructor.java:423)
	at org.codehaus.groovy.reflection.CachedConstructor.invoke(CachedConstructor.java:80)
	at org.codehaus.groovy.reflection.CachedConstructor.doConstructorInvoke(CachedConstructor.java:74)
	at org.codehaus.groovy.runtime.callsite.ConstructorSite$ConstructorSiteNoUnwrap.callConstructor(ConstructorSite.java:84)
	at org.codehaus.groovy.runtime.callsite.CallSiteArray.defaultCallConstructor(CallSiteArray.java:60)
	at org.codehaus.groovy.runtime.callsite.AbstractCallSite.callConstructor(AbstractCallSite.java:235)
	at org.codehaus.groovy.runtime.callsite.AbstractCallSite.callConstructor(AbstractCallSite.java:247)
	at com.jayway.restassured.internal.ResponseSpecificationImpl$HamcrestAssertionClosure.validate(ResponseSpecificationImpl.groovy:598)
	at com.jayway.restassured.internal.ResponseSpecificationImpl$HamcrestAssertionClosure$validate$1.call(Unknown Source)
	at com.jayway.restassured.internal.ResponseSpecificationImpl.validateResponseIfRequired(ResponseSpecificationImpl.groovy:760)
	at sun.reflect.GeneratedMethodAccessor115.invoke(Unknown Source)
	at sun.reflect.DelegatingMethodAccessorImpl.invoke(DelegatingMethodAccessorImpl.java:43)
	at java.lang.reflect.Method.invoke(Method.java:498)
	at org.codehaus.groovy.runtime.callsite.PogoMetaMethodSite$PogoCachedMethodSiteNoUnwrapNoCoerce.invoke(PogoMetaMethodSite.java:210)
	at org.codehaus.groovy.runtime.callsite.PogoMetaMethodSite.callCurrent(PogoMetaMethodSite.java:59)
	at org.codehaus.groovy.runtime.callsite.AbstractCallSite.callCurrent(AbstractCallSite.java:166)
	at com.jayway.restassured.internal.ResponseSpecificationImpl.content(ResponseSpecificationImpl.groovy:251)
	at com.jayway.restassured.specification.ResponseSpecification$content$1.callCurrent(Unknown Source)
	at com.jayway.restassured.internal.ResponseSpecificationImpl.body(ResponseSpecificationImpl.groovy:234)
	at com.jayway.restassured.internal.ValidatableResponseOptionsImpl.body(ValidatableResponseOptionsImpl.java:264)
	at com.arcapi.Citytestcases.VerifyAssetDetailCityAPITest.AssetDetailAPI(VerifyAssetDetailCityAPITest.java:66)
	at sun.reflect.NativeMethodAccessorImpl.invoke0(Native Method)
	at sun.reflect.NativeMethodAccessorImpl.invoke(NativeMethodAccessorImpl.java:62)
	at sun.reflect.DelegatingMethodAccessorImpl.invoke(DelegatingMethodAccessorImpl.java:43)
	at java.lang.reflect.Method.invoke(Method.java:498)
	at org.testng.internal.MethodInvocationHelper.invokeMethod(MethodInvocationHelper.java:86)
	at org.testng.internal.Invoker.invokeMethod(Invoker.java:643)
	at org.testng.internal.Invoker.invokeTestMethod(Invoker.java:820)
	at org.testng.internal.Invoker.invokeTestMethods(Invoker.java:1128)
	at org.testng.internal.TestMethodWorker.invokeTestMethods(TestMethodWorker.java:129)
	at org.testng.internal.TestMethodWorker.run(TestMethodWorker.java:112)
	at org.testng.TestRunner.privateRun(TestRunner.java:782)
	at org.testng.TestRunner.run(TestRunner.java:632)
	at org.testng.SuiteRunner.runTest(SuiteRunner.java:366)
	at org.testng.SuiteRunner.runSequentially(SuiteRunner.java:361)
	at org.testng.SuiteRunner.privateRun(SuiteRunner.java:319)
	at org.testng.SuiteRunner.run(SuiteRunner.java:268)
	at org.testng.SuiteRunnerWorker.runSuite(SuiteRunnerWorker.java:52)
	at org.testng.SuiteRunnerWorker.run(SuiteRunnerWorker.java:86)
	at org.testng.TestNG.runSuitesSequentially(TestNG.java:1244)
	at org.testng.TestNG.runSuitesSequentially(TestNG.java:1240)
	at org.testng.TestNG.runSuitesLocally(TestNG.java:1169)
	at org.testng.TestNG.run(TestNG.java:1064)
	at org.testng.remote.RemoteTestNG.run(RemoteTestNG.java:113)
	at org.testng.remote.RemoteTestNG.initAndRun(RemoteTestNG.java:206)
	at org.testng.remote.RemoteTestNG.main(RemoteTestNG.java:177)
</pre></div></td>
<td>2</td>
<td>com.arcapi.Citytestcases.VerifyAssetDetailCityAPITest@4520ebad</td></tr>
<tr>
<td title='com.arcapi.Citytestcases.AssetSnapshotDownloadAPITest.AssetSnapshotDownloadAPI()'><b>AssetSnapshotDownloadAPI</b><br>Test class: com.arcapi.Citytestcases.AssetSnapshotDownloadAPITest<br>Parameters: STG, ProjectIDCityLeed, 2</td>
<td><div><pre>java.lang.AssertionError: 1 expectation failed.
Expected status code &lt;200&gt; doesn&apos;t match actual status code &lt;404&gt;.

	at org.codehaus.groovy.runtime.callsite.ConstructorSite$ConstructorSiteNoUnwrap.callConstructor(ConstructorSite.java:84)
	at org.codehaus.groovy.runtime.callsite.AbstractCallSite.callConstructor(AbstractCallSite.java:247)
	at com.jayway.restassured.internal.ResponseSpecificationImpl$HamcrestAssertionClosure.validate(ResponseSpecificationImpl.groovy:598)
	at com.jayway.restassured.internal.ResponseSpecificationImpl$HamcrestAssertionClosure$validate$1.call(Unknown Source)
	at com.jayway.restassured.internal.ResponseSpecificationImpl.validate(ResponseSpecificationImpl.groovy:86)
	at com.jayway.restassured.internal.ValidatableResponseOptionsImpl.specification(ValidatableResponseOptionsImpl.java:307)
	at com.jayway.restassured.internal.ValidatableResponseOptionsImpl.spec(ValidatableResponseOptionsImpl.java:288)
	at com.arcapi.Citytestcases.AssetSnapshotDownloadAPITest.AssetSnapshotDownloadAPI(AssetSnapshotDownloadAPITest.java:51)
... Removed 31 stack frames</pre></div><a href='#' onClick='toggleBox("stack-trace229771192", this, "Click to show all stack frames", "Click to hide stack frames")'>Click to show all stack frames</a>
<div class='stack-trace' id='stack-trace229771192'><pre>java.lang.AssertionError: 1 expectation failed.
Expected status code &lt;200&gt; doesn&apos;t match actual status code &lt;404&gt;.

	at sun.reflect.NativeConstructorAccessorImpl.newInstance0(Native Method)
	at sun.reflect.NativeConstructorAccessorImpl.newInstance(NativeConstructorAccessorImpl.java:62)
	at sun.reflect.DelegatingConstructorAccessorImpl.newInstance(DelegatingConstructorAccessorImpl.java:45)
	at java.lang.reflect.Constructor.newInstance(Constructor.java:423)
	at org.codehaus.groovy.reflection.CachedConstructor.invoke(CachedConstructor.java:80)
	at org.codehaus.groovy.reflection.CachedConstructor.doConstructorInvoke(CachedConstructor.java:74)
	at org.codehaus.groovy.runtime.callsite.ConstructorSite$ConstructorSiteNoUnwrap.callConstructor(ConstructorSite.java:84)
	at org.codehaus.groovy.runtime.callsite.AbstractCallSite.callConstructor(AbstractCallSite.java:247)
	at com.jayway.restassured.internal.ResponseSpecificationImpl$HamcrestAssertionClosure.validate(ResponseSpecificationImpl.groovy:598)
	at com.jayway.restassured.internal.ResponseSpecificationImpl$HamcrestAssertionClosure$validate$1.call(Unknown Source)
	at com.jayway.restassured.internal.ResponseSpecificationImpl.validate(ResponseSpecificationImpl.groovy:86)
	at com.jayway.restassured.internal.ValidatableResponseOptionsImpl.specification(ValidatableResponseOptionsImpl.java:307)
	at com.jayway.restassured.internal.ValidatableResponseOptionsImpl.spec(ValidatableResponseOptionsImpl.java:288)
	at com.arcapi.Citytestcases.AssetSnapshotDownloadAPITest.AssetSnapshotDownloadAPI(AssetSnapshotDownloadAPITest.java:51)
	at sun.reflect.NativeMethodAccessorImpl.invoke0(Native Method)
	at sun.reflect.NativeMethodAccessorImpl.invoke(NativeMethodAccessorImpl.java:62)
	at sun.reflect.DelegatingMethodAccessorImpl.invoke(DelegatingMethodAccessorImpl.java:43)
	at java.lang.reflect.Method.invoke(Method.java:498)
	at org.testng.internal.MethodInvocationHelper.invokeMethod(MethodInvocationHelper.java:86)
	at org.testng.internal.Invoker.invokeMethod(Invoker.java:643)
	at org.testng.internal.Invoker.invokeTestMethod(Invoker.java:820)
	at org.testng.internal.Invoker.invokeTestMethods(Invoker.java:1128)
	at org.testng.internal.TestMethodWorker.invokeTestMethods(TestMethodWorker.java:129)
	at org.testng.internal.TestMethodWorker.run(TestMethodWorker.java:112)
	at org.testng.TestRunner.privateRun(TestRunner.java:782)
	at org.testng.TestRunner.run(TestRunner.java:632)
	at org.testng.SuiteRunner.runTest(SuiteRunner.java:366)
	at org.testng.SuiteRunner.runSequentially(SuiteRunner.java:361)
	at org.testng.SuiteRunner.privateRun(SuiteRunner.java:319)
	at org.testng.SuiteRunner.run(SuiteRunner.java:268)
	at org.testng.SuiteRunnerWorker.runSuite(SuiteRunnerWorker.java:52)
	at org.testng.SuiteRunnerWorker.run(SuiteRunnerWorker.java:86)
	at org.testng.TestNG.runSuitesSequentially(TestNG.java:1244)
	at org.testng.TestNG.runSuitesSequentially(TestNG.java:1240)
	at org.testng.TestNG.runSuitesLocally(TestNG.java:1169)
	at org.testng.TestNG.run(TestNG.java:1064)
	at org.testng.remote.RemoteTestNG.run(RemoteTestNG.java:113)
	at org.testng.remote.RemoteTestNG.initAndRun(RemoteTestNG.java:206)
	at org.testng.remote.RemoteTestNG.main(RemoteTestNG.java:177)
</pre></div></td>
<td>12</td>
<td>com.arcapi.Citytestcases.AssetSnapshotDownloadAPITest@1bce4f0a</td></tr>
<tr>
<td title='com.arcapi.Citytestcases.CreditUpdatePUTAPITest.CreditUpdatePUTAPI()'><b>CreditUpdatePUTAPI</b><br>Test class: com.arcapi.Citytestcases.CreditUpdatePUTAPITest<br>Parameters: STG, ProjectIDCityLeed, 2, city, CityLeedCredit, 0</td>
<td><div><pre>java.lang.AssertionError: 1 expectation failed.
Expected status code &lt;200&gt; doesn&apos;t match actual status code &lt;404&gt;.

	at org.codehaus.groovy.runtime.callsite.ConstructorSite$ConstructorSiteNoUnwrap.callConstructor(ConstructorSite.java:84)
	at org.codehaus.groovy.runtime.callsite.AbstractCallSite.callConstructor(AbstractCallSite.java:247)
	at com.jayway.restassured.internal.ResponseSpecificationImpl$HamcrestAssertionClosure.validate(ResponseSpecificationImpl.groovy:598)
	at com.jayway.restassured.internal.ResponseSpecificationImpl$HamcrestAssertionClosure$validate$1.call(Unknown Source)
	at com.jayway.restassured.internal.ResponseSpecificationImpl.validate(ResponseSpecificationImpl.groovy:86)
	at com.jayway.restassured.internal.ValidatableResponseOptionsImpl.specification(ValidatableResponseOptionsImpl.java:307)
	at com.jayway.restassured.internal.ValidatableResponseOptionsImpl.spec(ValidatableResponseOptionsImpl.java:288)
	at com.arcapi.Citytestcases.CreditUpdatePUTAPITest.CreditUpdatePUTAPI(CreditUpdatePUTAPITest.java:68)
... Removed 31 stack frames</pre></div><a href='#' onClick='toggleBox("stack-trace432161569", this, "Click to show all stack frames", "Click to hide stack frames")'>Click to show all stack frames</a>
<div class='stack-trace' id='stack-trace432161569'><pre>java.lang.AssertionError: 1 expectation failed.
Expected status code &lt;200&gt; doesn&apos;t match actual status code &lt;404&gt;.

	at sun.reflect.NativeConstructorAccessorImpl.newInstance0(Native Method)
	at sun.reflect.NativeConstructorAccessorImpl.newInstance(NativeConstructorAccessorImpl.java:62)
	at sun.reflect.DelegatingConstructorAccessorImpl.newInstance(DelegatingConstructorAccessorImpl.java:45)
	at java.lang.reflect.Constructor.newInstance(Constructor.java:423)
	at org.codehaus.groovy.reflection.CachedConstructor.invoke(CachedConstructor.java:80)
	at org.codehaus.groovy.reflection.CachedConstructor.doConstructorInvoke(CachedConstructor.java:74)
	at org.codehaus.groovy.runtime.callsite.ConstructorSite$ConstructorSiteNoUnwrap.callConstructor(ConstructorSite.java:84)
	at org.codehaus.groovy.runtime.callsite.AbstractCallSite.callConstructor(AbstractCallSite.java:247)
	at com.jayway.restassured.internal.ResponseSpecificationImpl$HamcrestAssertionClosure.validate(ResponseSpecificationImpl.groovy:598)
	at com.jayway.restassured.internal.ResponseSpecificationImpl$HamcrestAssertionClosure$validate$1.call(Unknown Source)
	at com.jayway.restassured.internal.ResponseSpecificationImpl.validate(ResponseSpecificationImpl.groovy:86)
	at com.jayway.restassured.internal.ValidatableResponseOptionsImpl.specification(ValidatableResponseOptionsImpl.java:307)
	at com.jayway.restassured.internal.ValidatableResponseOptionsImpl.spec(ValidatableResponseOptionsImpl.java:288)
	at com.arcapi.Citytestcases.CreditUpdatePUTAPITest.CreditUpdatePUTAPI(CreditUpdatePUTAPITest.java:68)
	at sun.reflect.NativeMethodAccessorImpl.invoke0(Native Method)
	at sun.reflect.NativeMethodAccessorImpl.invoke(NativeMethodAccessorImpl.java:62)
	at sun.reflect.DelegatingMethodAccessorImpl.invoke(DelegatingMethodAccessorImpl.java:43)
	at java.lang.reflect.Method.invoke(Method.java:498)
	at org.testng.internal.MethodInvocationHelper.invokeMethod(MethodInvocationHelper.java:86)
	at org.testng.internal.Invoker.invokeMethod(Invoker.java:643)
	at org.testng.internal.Invoker.invokeTestMethod(Invoker.java:820)
	at org.testng.internal.Invoker.invokeTestMethods(Invoker.java:1128)
	at org.testng.internal.TestMethodWorker.invokeTestMethods(TestMethodWorker.java:129)
	at org.testng.internal.TestMethodWorker.run(TestMethodWorker.java:112)
	at org.testng.TestRunner.privateRun(TestRunner.java:782)
	at org.testng.TestRunner.run(TestRunner.java:632)
	at org.testng.SuiteRunner.runTest(SuiteRunner.java:366)
	at org.testng.SuiteRunner.runSequentially(SuiteRunner.java:361)
	at org.testng.SuiteRunner.privateRun(SuiteRunner.java:319)
	at org.testng.SuiteRunner.run(SuiteRunner.java:268)
	at org.testng.SuiteRunnerWorker.runSuite(SuiteRunnerWorker.java:52)
	at org.testng.SuiteRunnerWorker.run(SuiteRunnerWorker.java:86)
	at org.testng.TestNG.runSuitesSequentially(TestNG.java:1244)
	at org.testng.TestNG.runSuitesSequentially(TestNG.java:1240)
	at org.testng.TestNG.runSuitesLocally(TestNG.java:1169)
	at org.testng.TestNG.run(TestNG.java:1064)
	at org.testng.remote.RemoteTestNG.run(RemoteTestNG.java:113)
	at org.testng.remote.RemoteTestNG.initAndRun(RemoteTestNG.java:206)
	at org.testng.remote.RemoteTestNG.main(RemoteTestNG.java:177)
</pre></div></td>
<td>25</td>
<td>com.arcapi.Citytestcases.CreditUpdatePUTAPITest@2a2d45ba</td></tr>
<tr>
<td title='com.arcapi.Citytestcases.SubmitReviewPOSTAPITest.SubmitReviewPOSTAPI()'><b>SubmitReviewPOSTAPI</b><br>Test class: com.arcapi.Citytestcases.SubmitReviewPOSTAPITest<br>Parameters: STG, ProjectIDCityLeed, 2, city, review</td>
<td><div><pre>java.lang.AssertionError: 1 expectation failed.
Expected status code &lt;200&gt; doesn&apos;t match actual status code &lt;400&gt;.

	at org.codehaus.groovy.runtime.callsite.ConstructorSite$ConstructorSiteNoUnwrap.callConstructor(ConstructorSite.java:84)
	at org.codehaus.groovy.runtime.callsite.AbstractCallSite.callConstructor(AbstractCallSite.java:247)
	at com.jayway.restassured.internal.ResponseSpecificationImpl$HamcrestAssertionClosure.validate(ResponseSpecificationImpl.groovy:598)
	at com.jayway.restassured.internal.ResponseSpecificationImpl$HamcrestAssertionClosure$validate$1.call(Unknown Source)
	at com.jayway.restassured.internal.ResponseSpecificationImpl.validate(ResponseSpecificationImpl.groovy:86)
	at com.jayway.restassured.internal.ValidatableResponseOptionsImpl.specification(ValidatableResponseOptionsImpl.java:307)
	at com.jayway.restassured.internal.ValidatableResponseOptionsImpl.spec(ValidatableResponseOptionsImpl.java:288)
	at com.arcapi.Citytestcases.SubmitReviewPOSTAPITest.SubmitReviewPOSTAPI(SubmitReviewPOSTAPITest.java:140)
... Removed 31 stack frames</pre></div><a href='#' onClick='toggleBox("stack-trace2143261743", this, "Click to show all stack frames", "Click to hide stack frames")'>Click to show all stack frames</a>
<div class='stack-trace' id='stack-trace2143261743'><pre>java.lang.AssertionError: 1 expectation failed.
Expected status code &lt;200&gt; doesn&apos;t match actual status code &lt;400&gt;.

	at sun.reflect.NativeConstructorAccessorImpl.newInstance0(Native Method)
	at sun.reflect.NativeConstructorAccessorImpl.newInstance(NativeConstructorAccessorImpl.java:62)
	at sun.reflect.DelegatingConstructorAccessorImpl.newInstance(DelegatingConstructorAccessorImpl.java:45)
	at java.lang.reflect.Constructor.newInstance(Constructor.java:423)
	at org.codehaus.groovy.reflection.CachedConstructor.invoke(CachedConstructor.java:80)
	at org.codehaus.groovy.reflection.CachedConstructor.doConstructorInvoke(CachedConstructor.java:74)
	at org.codehaus.groovy.runtime.callsite.ConstructorSite$ConstructorSiteNoUnwrap.callConstructor(ConstructorSite.java:84)
	at org.codehaus.groovy.runtime.callsite.AbstractCallSite.callConstructor(AbstractCallSite.java:247)
	at com.jayway.restassured.internal.ResponseSpecificationImpl$HamcrestAssertionClosure.validate(ResponseSpecificationImpl.groovy:598)
	at com.jayway.restassured.internal.ResponseSpecificationImpl$HamcrestAssertionClosure$validate$1.call(Unknown Source)
	at com.jayway.restassured.internal.ResponseSpecificationImpl.validate(ResponseSpecificationImpl.groovy:86)
	at com.jayway.restassured.internal.ValidatableResponseOptionsImpl.specification(ValidatableResponseOptionsImpl.java:307)
	at com.jayway.restassured.internal.ValidatableResponseOptionsImpl.spec(ValidatableResponseOptionsImpl.java:288)
	at com.arcapi.Citytestcases.SubmitReviewPOSTAPITest.SubmitReviewPOSTAPI(SubmitReviewPOSTAPITest.java:140)
	at sun.reflect.NativeMethodAccessorImpl.invoke0(Native Method)
	at sun.reflect.NativeMethodAccessorImpl.invoke(NativeMethodAccessorImpl.java:62)
	at sun.reflect.DelegatingMethodAccessorImpl.invoke(DelegatingMethodAccessorImpl.java:43)
	at java.lang.reflect.Method.invoke(Method.java:498)
	at org.testng.internal.MethodInvocationHelper.invokeMethod(MethodInvocationHelper.java:86)
	at org.testng.internal.Invoker.invokeMethod(Invoker.java:643)
	at org.testng.internal.Invoker.invokeTestMethod(Invoker.java:820)
	at org.testng.internal.Invoker.invokeTestMethods(Invoker.java:1128)
	at org.testng.internal.TestMethodWorker.invokeTestMethods(TestMethodWorker.java:129)
	at org.testng.internal.TestMethodWorker.run(TestMethodWorker.java:112)
	at org.testng.TestRunner.privateRun(TestRunner.java:782)
	at org.testng.TestRunner.run(TestRunner.java:632)
	at org.testng.SuiteRunner.runTest(SuiteRunner.java:366)
	at org.testng.SuiteRunner.runSequentially(SuiteRunner.java:361)
	at org.testng.SuiteRunner.privateRun(SuiteRunner.java:319)
	at org.testng.SuiteRunner.run(SuiteRunner.java:268)
	at org.testng.SuiteRunnerWorker.runSuite(SuiteRunnerWorker.java:52)
	at org.testng.SuiteRunnerWorker.run(SuiteRunnerWorker.java:86)
	at org.testng.TestNG.runSuitesSequentially(TestNG.java:1244)
	at org.testng.TestNG.runSuitesSequentially(TestNG.java:1240)
	at org.testng.TestNG.runSuitesLocally(TestNG.java:1169)
	at org.testng.TestNG.run(TestNG.java:1064)
	at org.testng.remote.RemoteTestNG.run(RemoteTestNG.java:113)
	at org.testng.remote.RemoteTestNG.initAndRun(RemoteTestNG.java:206)
	at org.testng.remote.RemoteTestNG.main(RemoteTestNG.java:177)
</pre></div></td>
<td>2</td>
<td>com.arcapi.Citytestcases.SubmitReviewPOSTAPITest@59fa1d9b</td></tr>
<tr>
<td title='com.arcapi.Citytestcases.VerifyAdminRemoveAPITest.VerifyAdminRemoveAPI()'><b>VerifyAdminRemoveAPI</b><br>Test class: com.arcapi.Citytestcases.VerifyAdminRemoveAPITest<br>Parameters: STG, ProjectIDCityLeed, 2</td>
<td><div><pre>java.lang.AssertionError: 1 expectation failed.
Expected status code &lt;200&gt; doesn&apos;t match actual status code &lt;500&gt;.

	at org.codehaus.groovy.runtime.callsite.ConstructorSite$ConstructorSiteNoUnwrap.callConstructor(ConstructorSite.java:84)
	at org.codehaus.groovy.runtime.callsite.AbstractCallSite.callConstructor(AbstractCallSite.java:247)
	at com.jayway.restassured.internal.ResponseSpecificationImpl$HamcrestAssertionClosure.validate(ResponseSpecificationImpl.groovy:598)
	at com.jayway.restassured.internal.ResponseSpecificationImpl$HamcrestAssertionClosure$validate$1.call(Unknown Source)
	at com.jayway.restassured.internal.RequestSpecificationImpl.applyPathParamsAndSendRequest(RequestSpecificationImpl.groovy:1597)
	at groovy.lang.MetaMethod.doMethodInvoke(MetaMethod.java:325)
	at groovy.lang.MetaClassImpl.invokeMethod(MetaClassImpl.java:1210)
	at groovy.lang.MetaClassImpl.invokeMethod(MetaClassImpl.java:1019)
	at groovy.lang.MetaClassImpl.invokeMethod(MetaClassImpl.java:810)
	at com.jayway.restassured.internal.RequestSpecificationImpl.invokeMethod(RequestSpecificationImpl.groovy)
	at org.codehaus.groovy.runtime.callsite.PogoInterceptableSite.call(PogoInterceptableSite.java:48)
	at org.codehaus.groovy.runtime.callsite.PogoInterceptableSite.callCurrent(PogoInterceptableSite.java:58)
	at org.codehaus.groovy.runtime.callsite.AbstractCallSite.callCurrent(AbstractCallSite.java:182)
	at com.jayway.restassured.internal.RequestSpecificationImpl.post(RequestSpecificationImpl.groovy:164)
	at com.jayway.restassured.internal.RequestSpecificationImpl.post(RequestSpecificationImpl.groovy)
	at groovy.lang.MetaMethod.doMethodInvoke(MetaMethod.java:325)
	at groovy.lang.MetaClassImpl.invokeMethod(MetaClassImpl.java:1210)
	at groovy.lang.MetaClassImpl.invokeMethod(MetaClassImpl.java:1019)
	at groovy.lang.MetaClassImpl.invokeMethod(MetaClassImpl.java:810)
	at com.jayway.restassured.internal.RequestSpecificationImpl.invokeMethod(RequestSpecificationImpl.groovy)
	at org.codehaus.groovy.runtime.callsite.PogoInterceptableSite.call(PogoInterceptableSite.java:48)
	at org.codehaus.groovy.runtime.callsite.AbstractCallSite.call(AbstractCallSite.java:133)
	at com.jayway.restassured.internal.ResponseSpecificationImpl.post(ResponseSpecificationImpl.groovy:293)
	at com.jayway.restassured.internal.ResponseSpecificationImpl.post(ResponseSpecificationImpl.groovy)
	at com.arc.driver.CommonMethod.GeneratingAuthCodeForLOUser(CommonMethod.java:74)
	at com.arcapi.Citytestcases.VerifyAdminRemoveAPITest.VerifyAdminRemoveAPI(VerifyAdminRemoveAPITest.java:27)
... Removed 40 stack frames</pre></div><a href='#' onClick='toggleBox("stack-trace126041473", this, "Click to show all stack frames", "Click to hide stack frames")'>Click to show all stack frames</a>
<div class='stack-trace' id='stack-trace126041473'><pre>java.lang.AssertionError: 1 expectation failed.
Expected status code &lt;200&gt; doesn&apos;t match actual status code &lt;500&gt;.

	at sun.reflect.NativeConstructorAccessorImpl.newInstance0(Native Method)
	at sun.reflect.NativeConstructorAccessorImpl.newInstance(NativeConstructorAccessorImpl.java:62)
	at sun.reflect.DelegatingConstructorAccessorImpl.newInstance(DelegatingConstructorAccessorImpl.java:45)
	at java.lang.reflect.Constructor.newInstance(Constructor.java:423)
	at org.codehaus.groovy.reflection.CachedConstructor.invoke(CachedConstructor.java:80)
	at org.codehaus.groovy.reflection.CachedConstructor.doConstructorInvoke(CachedConstructor.java:74)
	at org.codehaus.groovy.runtime.callsite.ConstructorSite$ConstructorSiteNoUnwrap.callConstructor(ConstructorSite.java:84)
	at org.codehaus.groovy.runtime.callsite.AbstractCallSite.callConstructor(AbstractCallSite.java:247)
	at com.jayway.restassured.internal.ResponseSpecificationImpl$HamcrestAssertionClosure.validate(ResponseSpecificationImpl.groovy:598)
	at com.jayway.restassured.internal.ResponseSpecificationImpl$HamcrestAssertionClosure$validate$1.call(Unknown Source)
	at com.jayway.restassured.internal.RequestSpecificationImpl.applyPathParamsAndSendRequest(RequestSpecificationImpl.groovy:1597)
	at sun.reflect.GeneratedMethodAccessor151.invoke(Unknown Source)
	at sun.reflect.DelegatingMethodAccessorImpl.invoke(DelegatingMethodAccessorImpl.java:43)
	at java.lang.reflect.Method.invoke(Method.java:498)
	at org.codehaus.groovy.reflection.CachedMethod.invoke(CachedMethod.java:93)
	at groovy.lang.MetaMethod.doMethodInvoke(MetaMethod.java:325)
	at groovy.lang.MetaClassImpl.invokeMethod(MetaClassImpl.java:1210)
	at groovy.lang.MetaClassImpl.invokeMethod(MetaClassImpl.java:1019)
	at groovy.lang.MetaClassImpl.invokeMethod(MetaClassImpl.java:810)
	at com.jayway.restassured.internal.RequestSpecificationImpl.invokeMethod(RequestSpecificationImpl.groovy)
	at org.codehaus.groovy.runtime.callsite.PogoInterceptableSite.call(PogoInterceptableSite.java:48)
	at org.codehaus.groovy.runtime.callsite.PogoInterceptableSite.callCurrent(PogoInterceptableSite.java:58)
	at org.codehaus.groovy.runtime.callsite.AbstractCallSite.callCurrent(AbstractCallSite.java:182)
	at com.jayway.restassured.internal.RequestSpecificationImpl.post(RequestSpecificationImpl.groovy:164)
	at com.jayway.restassured.internal.RequestSpecificationImpl.post(RequestSpecificationImpl.groovy)
	at sun.reflect.NativeMethodAccessorImpl.invoke0(Native Method)
	at sun.reflect.NativeMethodAccessorImpl.invoke(NativeMethodAccessorImpl.java:62)
	at sun.reflect.DelegatingMethodAccessorImpl.invoke(DelegatingMethodAccessorImpl.java:43)
	at java.lang.reflect.Method.invoke(Method.java:498)
	at org.codehaus.groovy.reflection.CachedMethod.invoke(CachedMethod.java:93)
	at groovy.lang.MetaMethod.doMethodInvoke(MetaMethod.java:325)
	at groovy.lang.MetaClassImpl.invokeMethod(MetaClassImpl.java:1210)
	at groovy.lang.MetaClassImpl.invokeMethod(MetaClassImpl.java:1019)
	at groovy.lang.MetaClassImpl.invokeMethod(MetaClassImpl.java:810)
	at com.jayway.restassured.internal.RequestSpecificationImpl.invokeMethod(RequestSpecificationImpl.groovy)
	at org.codehaus.groovy.runtime.callsite.PogoInterceptableSite.call(PogoInterceptableSite.java:48)
	at org.codehaus.groovy.runtime.callsite.AbstractCallSite.call(AbstractCallSite.java:133)
	at com.jayway.restassured.internal.ResponseSpecificationImpl.post(ResponseSpecificationImpl.groovy:293)
	at com.jayway.restassured.internal.ResponseSpecificationImpl.post(ResponseSpecificationImpl.groovy)
	at com.arc.driver.CommonMethod.GeneratingAuthCodeForLOUser(CommonMethod.java:74)
	at com.arcapi.Citytestcases.VerifyAdminRemoveAPITest.VerifyAdminRemoveAPI(VerifyAdminRemoveAPITest.java:27)
	at sun.reflect.NativeMethodAccessorImpl.invoke0(Native Method)
	at sun.reflect.NativeMethodAccessorImpl.invoke(NativeMethodAccessorImpl.java:62)
	at sun.reflect.DelegatingMethodAccessorImpl.invoke(DelegatingMethodAccessorImpl.java:43)
	at java.lang.reflect.Method.invoke(Method.java:498)
	at org.testng.internal.MethodInvocationHelper.invokeMethod(MethodInvocationHelper.java:86)
	at org.testng.internal.Invoker.invokeMethod(Invoker.java:643)
	at org.testng.internal.Invoker.invokeTestMethod(Invoker.java:820)
	at org.testng.internal.Invoker.invokeTestMethods(Invoker.java:1128)
	at org.testng.internal.TestMethodWorker.invokeTestMethods(TestMethodWorker.java:129)
	at org.testng.internal.TestMethodWorker.run(TestMethodWorker.java:112)
	at org.testng.TestRunner.privateRun(TestRunner.java:782)
	at org.testng.TestRunner.run(TestRunner.java:632)
	at org.testng.SuiteRunner.runTest(SuiteRunner.java:366)
	at org.testng.SuiteRunner.runSequentially(SuiteRunner.java:361)
	at org.testng.SuiteRunner.privateRun(SuiteRunner.java:319)
	at org.testng.SuiteRunner.run(SuiteRunner.java:268)
	at org.testng.SuiteRunnerWorker.runSuite(SuiteRunnerWorker.java:52)
	at org.testng.SuiteRunnerWorker.run(SuiteRunnerWorker.java:86)
	at org.testng.TestNG.runSuitesSequentially(TestNG.java:1244)
	at org.testng.TestNG.runSuitesSequentially(TestNG.java:1240)
	at org.testng.TestNG.runSuitesLocally(TestNG.java:1169)
	at org.testng.TestNG.run(TestNG.java:1064)
	at org.testng.remote.RemoteTestNG.run(RemoteTestNG.java:113)
	at org.testng.remote.RemoteTestNG.initAndRun(RemoteTestNG.java:206)
	at org.testng.remote.RemoteTestNG.main(RemoteTestNG.java:177)
</pre></div></td>
<td>3</td>
<td>com.arcapi.Citytestcases.VerifyAdminRemoveAPITest@cc285f4</td></tr>
<tr>
<td title='com.arcapi.Citytestcases.VerifyAgreementDeleteAPITest.VerifyAgreementDeleteAPI()'><b>VerifyAgreementDeleteAPI</b><br>Test class: com.arcapi.Citytestcases.VerifyAgreementDeleteAPITest<br>Parameters: STG, ProjectIDCityLeed, 2</td>
<td><div><pre>java.lang.AssertionError: 1 expectation failed.
Expected status code &lt;403&gt; doesn&apos;t match actual status code &lt;404&gt;.

	at org.codehaus.groovy.runtime.callsite.ConstructorSite$ConstructorSiteNoUnwrap.callConstructor(ConstructorSite.java:84)
	at org.codehaus.groovy.runtime.callsite.AbstractCallSite.callConstructor(AbstractCallSite.java:247)
	at com.jayway.restassured.internal.ResponseSpecificationImpl$HamcrestAssertionClosure.validate(ResponseSpecificationImpl.groovy:598)
	at com.jayway.restassured.internal.ResponseSpecificationImpl$HamcrestAssertionClosure$validate$1.call(Unknown Source)
	at com.jayway.restassured.internal.ResponseSpecificationImpl.validateResponseIfRequired(ResponseSpecificationImpl.groovy:760)
	at org.codehaus.groovy.runtime.callsite.PogoMetaMethodSite$PogoCachedMethodSiteNoUnwrapNoCoerce.invoke(PogoMetaMethodSite.java:210)
	at org.codehaus.groovy.runtime.callsite.PogoMetaMethodSite.callCurrent(PogoMetaMethodSite.java:59)
	at org.codehaus.groovy.runtime.callsite.AbstractCallSite.callCurrent(AbstractCallSite.java:166)
	at com.jayway.restassured.internal.ResponseSpecificationImpl.statusCode(ResponseSpecificationImpl.groovy:120)
	at com.jayway.restassured.specification.ResponseSpecification$statusCode$0.callCurrent(Unknown Source)
	at com.jayway.restassured.internal.ResponseSpecificationImpl.statusCode(ResponseSpecificationImpl.groovy:128)
	at com.jayway.restassured.internal.ValidatableResponseOptionsImpl.statusCode(ValidatableResponseOptionsImpl.java:117)
	at com.arcapi.Citytestcases.VerifyAgreementDeleteAPITest.VerifyAgreementDeleteAPI(VerifyAgreementDeleteAPITest.java:69)
... Removed 34 stack frames</pre></div><a href='#' onClick='toggleBox("stack-trace908006983", this, "Click to show all stack frames", "Click to hide stack frames")'>Click to show all stack frames</a>
<div class='stack-trace' id='stack-trace908006983'><pre>java.lang.AssertionError: 1 expectation failed.
Expected status code &lt;403&gt; doesn&apos;t match actual status code &lt;404&gt;.

	at sun.reflect.NativeConstructorAccessorImpl.newInstance0(Native Method)
	at sun.reflect.NativeConstructorAccessorImpl.newInstance(NativeConstructorAccessorImpl.java:62)
	at sun.reflect.DelegatingConstructorAccessorImpl.newInstance(DelegatingConstructorAccessorImpl.java:45)
	at java.lang.reflect.Constructor.newInstance(Constructor.java:423)
	at org.codehaus.groovy.reflection.CachedConstructor.invoke(CachedConstructor.java:80)
	at org.codehaus.groovy.reflection.CachedConstructor.doConstructorInvoke(CachedConstructor.java:74)
	at org.codehaus.groovy.runtime.callsite.ConstructorSite$ConstructorSiteNoUnwrap.callConstructor(ConstructorSite.java:84)
	at org.codehaus.groovy.runtime.callsite.AbstractCallSite.callConstructor(AbstractCallSite.java:247)
	at com.jayway.restassured.internal.ResponseSpecificationImpl$HamcrestAssertionClosure.validate(ResponseSpecificationImpl.groovy:598)
	at com.jayway.restassured.internal.ResponseSpecificationImpl$HamcrestAssertionClosure$validate$1.call(Unknown Source)
	at com.jayway.restassured.internal.ResponseSpecificationImpl.validateResponseIfRequired(ResponseSpecificationImpl.groovy:760)
	at sun.reflect.GeneratedMethodAccessor115.invoke(Unknown Source)
	at sun.reflect.DelegatingMethodAccessorImpl.invoke(DelegatingMethodAccessorImpl.java:43)
	at java.lang.reflect.Method.invoke(Method.java:498)
	at org.codehaus.groovy.runtime.callsite.PogoMetaMethodSite$PogoCachedMethodSiteNoUnwrapNoCoerce.invoke(PogoMetaMethodSite.java:210)
	at org.codehaus.groovy.runtime.callsite.PogoMetaMethodSite.callCurrent(PogoMetaMethodSite.java:59)
	at org.codehaus.groovy.runtime.callsite.AbstractCallSite.callCurrent(AbstractCallSite.java:166)
	at com.jayway.restassured.internal.ResponseSpecificationImpl.statusCode(ResponseSpecificationImpl.groovy:120)
	at com.jayway.restassured.specification.ResponseSpecification$statusCode$0.callCurrent(Unknown Source)
	at com.jayway.restassured.internal.ResponseSpecificationImpl.statusCode(ResponseSpecificationImpl.groovy:128)
	at com.jayway.restassured.internal.ValidatableResponseOptionsImpl.statusCode(ValidatableResponseOptionsImpl.java:117)
	at com.arcapi.Citytestcases.VerifyAgreementDeleteAPITest.VerifyAgreementDeleteAPI(VerifyAgreementDeleteAPITest.java:69)
	at sun.reflect.NativeMethodAccessorImpl.invoke0(Native Method)
	at sun.reflect.NativeMethodAccessorImpl.invoke(NativeMethodAccessorImpl.java:62)
	at sun.reflect.DelegatingMethodAccessorImpl.invoke(DelegatingMethodAccessorImpl.java:43)
	at java.lang.reflect.Method.invoke(Method.java:498)
	at org.testng.internal.MethodInvocationHelper.invokeMethod(MethodInvocationHelper.java:86)
	at org.testng.internal.Invoker.invokeMethod(Invoker.java:643)
	at org.testng.internal.Invoker.invokeTestMethod(Invoker.java:820)
	at org.testng.internal.Invoker.invokeTestMethods(Invoker.java:1128)
	at org.testng.internal.TestMethodWorker.invokeTestMethods(TestMethodWorker.java:129)
	at org.testng.internal.TestMethodWorker.run(TestMethodWorker.java:112)
	at org.testng.TestRunner.privateRun(TestRunner.java:782)
	at org.testng.TestRunner.run(TestRunner.java:632)
	at org.testng.SuiteRunner.runTest(SuiteRunner.java:366)
	at org.testng.SuiteRunner.runSequentially(SuiteRunner.java:361)
	at org.testng.SuiteRunner.privateRun(SuiteRunner.java:319)
	at org.testng.SuiteRunner.run(SuiteRunner.java:268)
	at org.testng.SuiteRunnerWorker.runSuite(SuiteRunnerWorker.java:52)
	at org.testng.SuiteRunnerWorker.run(SuiteRunnerWorker.java:86)
	at org.testng.TestNG.runSuitesSequentially(TestNG.java:1244)
	at org.testng.TestNG.runSuitesSequentially(TestNG.java:1240)
	at org.testng.TestNG.runSuitesLocally(TestNG.java:1169)
	at org.testng.TestNG.run(TestNG.java:1064)
	at org.testng.remote.RemoteTestNG.run(RemoteTestNG.java:113)
	at org.testng.remote.RemoteTestNG.initAndRun(RemoteTestNG.java:206)
	at org.testng.remote.RemoteTestNG.main(RemoteTestNG.java:177)
</pre></div></td>
<td>2</td>
<td>com.arcapi.Citytestcases.VerifyAgreementDeleteAPITest@1753acfe</td></tr>
</table><p>
<table width='100%' border='1' class='invocation-passed'>
<tr><td colspan='4' align='center'><b>PASSED TESTS</b></td></tr>
<tr><td><b>Test method</b></td>
<td width="30%"><b>Exception</b></td>
<td width="10%"><b>Time (seconds)</b></td>
<td><b>Instance</b></td>
</tr>
<tr>
<td title='com.arcapi.Citytestcases.AddAssestTimelinePOSTAPITest.AddAssestTimeline()'><b>AddAssestTimeline</b><br>Test class: com.arcapi.Citytestcases.AddAssestTimelinePOSTAPITest<br>Parameters: STG, ProjectIDCityLeed, 2</td>
<td></td>
<td>4</td>
<td>com.arcapi.Citytestcases.AddAssestTimelinePOSTAPITest@51081592</td></tr>
<tr>
<td title='com.arcapi.Citytestcases.AdditionalDataCreateAPICityCommTest.AdditionalDataCreateAPICityComm()'><b>AdditionalDataCreateAPICityComm</b><br>Test class: com.arcapi.Citytestcases.AdditionalDataCreateAPICityCommTest<br>Parameters: STG, ProjectIDCityLeed, 2</td>
<td></td>
<td>768</td>
<td>com.arcapi.Citytestcases.AdditionalDataCreateAPICityCommTest@4cc0edeb</td></tr>
<tr>
<td title='com.arcapi.Citytestcases.AnalysisDataGetAPITest.AnalysisDataGetAPI()'><b>AnalysisDataGetAPI</b><br>Test class: com.arcapi.Citytestcases.AnalysisDataGetAPITest<br>Parameters: STG, ProjectIDCityLeed, 2</td>
<td></td>
<td>2</td>
<td>com.arcapi.Citytestcases.AnalysisDataGetAPITest@3532ec19</td></tr>
<tr>
<td title='com.arcapi.Citytestcases.AnalysisDataSubmitPOSTAPITest.AnalysisDataSubmitPOSTAPI()'><b>AnalysisDataSubmitPOSTAPI</b><br>Test class: com.arcapi.Citytestcases.AnalysisDataSubmitPOSTAPITest<br>Parameters: STG, ProjectIDCityLeed, 2</td>
<td></td>
<td>8</td>
<td>com.arcapi.Citytestcases.AnalysisDataSubmitPOSTAPITest@26653222</td></tr>
<tr>
<td title='com.arcapi.Citytestcases.AppVersionDetailAPITest.AppVersionDetailAPI()'><b>AppVersionDetailAPI</b><br>Test class: com.arcapi.Citytestcases.AppVersionDetailAPITest</td>
<td></td>
<td>2</td>
<td>com.arcapi.Citytestcases.AppVersionDetailAPITest@6f7fd0e6</td></tr>
<tr>
<td title='com.arcapi.Citytestcases.AssetDataExportAPITest.AssetDataExportAPI()'><b>AssetDataExportAPI</b><br>Test class: com.arcapi.Citytestcases.AssetDataExportAPITest<br>Parameters: STG, ProjectIDCityLeed, 2</td>
<td></td>
<td>4</td>
<td>com.arcapi.Citytestcases.AssetDataExportAPITest@29774679</td></tr>
<tr>
<td title='com.arcapi.Citytestcases.AssetDataSnapshotAPITest.AssetDataSnapshotAPI()'><b>AssetDataSnapshotAPI</b><br>Test class: com.arcapi.Citytestcases.AssetDataSnapshotAPITest<br>Parameters: STG, ProjectIDCityLeed, 2</td>
<td></td>
<td>15</td>
<td>com.arcapi.Citytestcases.AssetDataSnapshotAPITest@14acaea5</td></tr>
<tr>
<td title='com.arcapi.Citytestcases.AssetDetailAPITest.AssetDetailAPI()'><b>AssetDetailAPI</b><br>Test class: com.arcapi.Citytestcases.AssetDetailAPITest<br>Parameters: STG, ProjectIDCityLeed, 2</td>
<td></td>
<td>2</td>
<td>com.arcapi.Citytestcases.AssetDetailAPITest@735b5592</td></tr>
<tr>
<td title='com.arcapi.Citytestcases.AssetDocumentAPITest.AssetDocumentAPI()'><b>AssetDocumentAPI</b><br>Test class: com.arcapi.Citytestcases.AssetDocumentAPITest<br>Parameters: STG, ProjectIDCityLeed, 2</td>
<td></td>
<td>3</td>
<td>com.arcapi.Citytestcases.AssetDocumentAPITest@7dc7cbad</td></tr>
<tr>
<td title='com.arcapi.Citytestcases.AssetListAPITest.AssetListAPI()'><b>AssetListAPI</b><br>Test class: com.arcapi.Citytestcases.AssetListAPITest</td>
<td></td>
<td>2</td>
<td>com.arcapi.Citytestcases.AssetListAPITest@36d4b5c</td></tr>
<tr>
<td title='com.arcapi.Citytestcases.AssetNotificationSubscriptionListTest.AssetNotificationSubscriptionList()'><b>AssetNotificationSubscriptionList</b><br>Test class: com.arcapi.Citytestcases.AssetNotificationSubscriptionListTest<br>Parameters: STG, ProjectIDCityLeed, 2</td>
<td></td>
<td>2</td>
<td>com.arcapi.Citytestcases.AssetNotificationSubscriptionListTest@475530b9</td></tr>
<tr>
<td title='com.arcapi.Citytestcases.AssetNotificationSubscriptionPostTest.AssetNotificationSubscriptionPost()'><b>AssetNotificationSubscriptionPost</b><br>Test class: com.arcapi.Citytestcases.AssetNotificationSubscriptionPostTest<br>Parameters: STG, ProjectIDCityLeed, 2</td>
<td></td>
<td>2</td>
<td>com.arcapi.Citytestcases.AssetNotificationSubscriptionPostTest@1d057a39</td></tr>
<tr>
<td title='com.arcapi.Citytestcases.AssetOwnerOrgPOSTAPITest.AssetOwnerOrgPOSTAPI()'><b>AssetOwnerOrgPOSTAPI</b><br>Test class: com.arcapi.Citytestcases.AssetOwnerOrgPOSTAPITest</td>
<td></td>
<td>6</td>
<td>com.arcapi.Citytestcases.AssetOwnerOrgPOSTAPITest@2ef5e5e3</td></tr>
<tr>
<td title='com.arcapi.Citytestcases.AssetPerformanceScoreListAPITest.AssetPerformanceScoreListAPI()'><b>AssetPerformanceScoreListAPI</b><br>Test class: com.arcapi.Citytestcases.AssetPerformanceScoreListAPITest<br>Parameters: STG, ProjectIDCityLeed, 2</td>
<td></td>
<td>2</td>
<td>com.arcapi.Citytestcases.AssetPerformanceScoreListAPITest@5e5792a0</td></tr>
<tr>
<td title='com.arcapi.Citytestcases.AssetPerformanceScorePostAPITest.AssetPerformanceScorePostAPI()'><b>AssetPerformanceScorePostAPI</b><br>Test class: com.arcapi.Citytestcases.AssetPerformanceScorePostAPITest<br>Parameters: STG, ProjectIDCityLeed, 2</td>
<td></td>
<td>3</td>
<td>com.arcapi.Citytestcases.AssetPerformanceScorePostAPITest@3ffc5af1</td></tr>
<tr>
<td title='com.arcapi.Citytestcases.AssetRequiredFieldsAPITest.AssetRequiredFieldsAPI()'><b>AssetRequiredFieldsAPI</b><br>Test class: com.arcapi.Citytestcases.AssetRequiredFieldsAPITest<br>Parameters: STG, ProjectIDCityLeed, 2</td>
<td></td>
<td>2</td>
<td>com.arcapi.Citytestcases.AssetRequiredFieldsAPITest@68c4039c</td></tr>
<tr>
<td title='com.arcapi.Citytestcases.AssetSearchAPITest.AssetSearchAPI()'><b>AssetSearchAPI</b><br>Test class: com.arcapi.Citytestcases.AssetSearchAPITest<br>Parameters: STG, ProjectIDCityLeed, 2</td>
<td></td>
<td>2</td>
<td>com.arcapi.Citytestcases.AssetSearchAPITest@3a82f6ef</td></tr>
<tr>
<td title='com.arcapi.Citytestcases.AssetSearchOwnerAPITest.AssetSearchOwnerAPI()'><b>AssetSearchOwnerAPI</b><br>Test class: com.arcapi.Citytestcases.AssetSearchOwnerAPITest<br>Parameters: STG, ProjectIDCityLeed, 2</td>
<td></td>
<td>2</td>
<td>com.arcapi.Citytestcases.AssetSearchOwnerAPITest@643b1d11</td></tr>
<tr>
<td title='com.arcapi.Citytestcases.AssetSnapshotKeysAPITest.AssetSnapshotKeysAPI()'><b>AssetSnapshotKeysAPI</b><br>Test class: com.arcapi.Citytestcases.AssetSnapshotKeysAPITest<br>Parameters: STG, ProjectIDCityLeed, 2</td>
<td></td>
<td>2</td>
<td>com.arcapi.Citytestcases.AssetSnapshotKeysAPITest@3bfdc050</td></tr>
<tr>
<td title='com.arcapi.Citytestcases.AssetTeamMemberAddPOSTAPITest.AssetTeamMemberAddPOSTAPI()'><b>AssetTeamMemberAddPOSTAPI</b><br>Test class: com.arcapi.Citytestcases.AssetTeamMemberAddPOSTAPITest<br>Parameters: STG, ProjectIDCityLeed, 2</td>
<td></td>
<td>2</td>
<td>com.arcapi.Citytestcases.AssetTeamMemberAddPOSTAPITest@724af044</td></tr>
<tr>
<td title='com.arcapi.Citytestcases.AssetTeamMemberListAPITest.AssetTeamMemberListAPI()'><b>AssetTeamMemberListAPI</b><br>Test class: com.arcapi.Citytestcases.AssetTeamMemberListAPITest<br>Parameters: STG, ProjectIDCityLeed, 2</td>
<td></td>
<td>3</td>
<td>com.arcapi.Citytestcases.AssetTeamMemberListAPITest@39aeed2f</td></tr>
<tr>
<td title='com.arcapi.Citytestcases.AssetTeamMemberRemoveAPITest.AssetTeamMemberRemoveAPI()'><b>AssetTeamMemberRemoveAPI</b><br>Test class: com.arcapi.Citytestcases.AssetTeamMemberRemoveAPITest<br>Parameters: STG, ProjectIDCityLeed, 2</td>
<td></td>
<td>3</td>
<td>com.arcapi.Citytestcases.AssetTeamMemberRemoveAPITest@6767c1fc</td></tr>
<tr>
<td title='com.arcapi.Citytestcases.AssetTeamMemberRoleAPITest.AssetTeamMemberRoleAPI()'><b>AssetTeamMemberRoleAPI</b><br>Test class: com.arcapi.Citytestcases.AssetTeamMemberRoleAPITest<br>Parameters: STG, ProjectIDCityLeed, 2</td>
<td></td>
<td>3</td>
<td>com.arcapi.Citytestcases.AssetTeamMemberRoleAPITest@5c7fa833</td></tr>
<tr>
<td title='com.arcapi.Citytestcases.AssetTeamMemberUpdateAPITest.AssetTeamMemberUpdateAPI()'><b>AssetTeamMemberUpdateAPI</b><br>Test class: com.arcapi.Citytestcases.AssetTeamMemberUpdateAPITest<br>Parameters: STG, ProjectIDCityLeed, 2</td>
<td></td>
<td>3</td>
<td>com.arcapi.Citytestcases.AssetTeamMemberUpdateAPITest@4678c730</td></tr>
<tr>
<td title='com.arcapi.Citytestcases.AssetTeamPermissionListAPITest.AssetTeamPermissionListAPI()'><b>AssetTeamPermissionListAPI</b><br>Test class: com.arcapi.Citytestcases.AssetTeamPermissionListAPITest<br>Parameters: STG, ProjectIDCityLeed, 2</td>
<td></td>
<td>4</td>
<td>com.arcapi.Citytestcases.AssetTeamPermissionListAPITest@cb5822</td></tr>
<tr>
<td title='com.arcapi.Citytestcases.AssetTeamPermissionPostAPITest.AssetTeamPermissionPostAPI()'><b>AssetTeamPermissionPostAPI</b><br>Test class: com.arcapi.Citytestcases.AssetTeamPermissionPostAPITest<br>Parameters: STG, ProjectIDCityLeed, 2</td>
<td></td>
<td>3</td>
<td>com.arcapi.Citytestcases.AssetTeamPermissionPostAPITest@4b9e13df</td></tr>
<tr>
<td title='com.arcapi.Citytestcases.AssetTeamPermissionPutAPITest.AssetTeamPermissionPutAPI()'><b>AssetTeamPermissionPutAPI</b><br>Test class: com.arcapi.Citytestcases.AssetTeamPermissionPutAPITest<br>Parameters: STG, ProjectIDCityLeed, 2</td>
<td></td>
<td>2</td>
<td>com.arcapi.Citytestcases.AssetTeamPermissionPutAPITest@2b98378d</td></tr>
<tr>
<td title='com.arcapi.Citytestcases.AssetUpdateCityLeedAPITest.AssetUpdateforNewAssetPUTAPI()'><b>AssetUpdateforNewAssetPUTAPI</b><br>Test class: com.arcapi.Citytestcases.AssetUpdateCityLeedAPITest<br>Parameters: STG, ProjectIDCityLeed, 2</td>
<td></td>
<td>2</td>
<td>com.arcapi.Citytestcases.AssetUpdateCityLeedAPITest@58651fd0</td></tr>
<tr>
<td title='com.arcapi.Citytestcases.AssetValidationInfoPOSTAPITest.AssetValidationInfoPOSTAPI()'><b>AssetValidationInfoPOSTAPI</b><br>Test class: com.arcapi.Citytestcases.AssetValidationInfoPOSTAPITest</td>
<td></td>
<td>2</td>
<td>com.arcapi.Citytestcases.AssetValidationInfoPOSTAPITest@100fc185</td></tr>
<tr>
<td title='com.arcapi.Citytestcases.AssociatedCategoriesAPITest.AssociatedCategoriesAPI()'><b>AssociatedCategoriesAPI</b><br>Test class: com.arcapi.Citytestcases.AssociatedCategoriesAPITest</td>
<td></td>
<td>1</td>
<td>com.arcapi.Citytestcases.AssociatedCategoriesAPITest@59f99ea</td></tr>
<tr>
<td title='com.arcapi.Citytestcases.AvgPerformaceListGetTest.AvgPerformaceList()'><b>AvgPerformaceList</b><br>Test class: com.arcapi.Citytestcases.AvgPerformaceListGetTest</td>
<td></td>
<td>4</td>
<td>com.arcapi.Citytestcases.AvgPerformaceListGetTest@42d80b78</td></tr>
<tr>
<td title='com.arcapi.Citytestcases.CityCommConsumptionCreateAPITest.ConsumptionCreatePOSTAPI()'><b>ConsumptionCreatePOSTAPI</b><br>Test class: com.arcapi.Citytestcases.CityCommConsumptionCreateAPITest<br>Parameters: STG, ProjectIDCityLeed, 2</td>
<td></td>
<td>40</td>
<td>com.arcapi.Citytestcases.CityCommConsumptionCreateAPITest@7823a2f9</td></tr>
<tr>
<td title='com.arcapi.Citytestcases.AdditionalDataConsumptionCreateAPITest.ConsumptionCreatePOSTAPI()'><b>ConsumptionCreatePOSTAPI</b><br>Test class: com.arcapi.Citytestcases.AdditionalDataConsumptionCreateAPITest<br>Parameters: STG, ProjectIDCityLeed, 2</td>
<td></td>
<td>1035</td>
<td>com.arcapi.Citytestcases.AdditionalDataConsumptionCreateAPITest@457e2f02</td></tr>
<tr>
<td title='com.arcapi.Citytestcases.CountryStatesJSONAPITest.CountryStatesJSONAPI()'><b>CountryStatesJSONAPI</b><br>Test class: com.arcapi.Citytestcases.CountryStatesJSONAPITest</td>
<td></td>
<td>2</td>
<td>com.arcapi.Citytestcases.CountryStatesJSONAPITest@ae45eb6</td></tr>
<tr>
<td title='com.arcapi.Citytestcases.CreateAssetCityLeedAPITest.CreateAssetPOSTAPI()'><b>CreateAssetPOSTAPI</b><br>Test class: com.arcapi.Citytestcases.CreateAssetCityLeedAPITest<br>Parameters: STG, city, ProjectIDCityLeed, 2, US</td>
<td></td>
<td>8</td>
<td>com.arcapi.Citytestcases.CreateAssetCityLeedAPITest@6d00a15d</td></tr>
<tr>
<td title='com.arcapi.Citytestcases.CreditAddTeamPOSTAPITest.CreditAddTeamPOSTAPI()'><b>CreditAddTeamPOSTAPI</b><br>Test class: com.arcapi.Citytestcases.CreditAddTeamPOSTAPITest<br>Parameters: STG, ProjectIDCityLeed, 2, CityLeedCredit, 0</td>
<td></td>
<td>31</td>
<td>com.arcapi.Citytestcases.CreditAddTeamPOSTAPITest@2a5ca609</td></tr>
<tr>
<td title='com.arcapi.Citytestcases.CreditGetAPITest.CreditGetAPI()'><b>CreditGetAPI</b><br>Test class: com.arcapi.Citytestcases.CreditGetAPITest<br>Parameters: STG, ProjectIDCityLeed, 2, CityLeedCredit</td>
<td></td>
<td>6</td>
<td>com.arcapi.Citytestcases.CreditGetAPITest@7c16905e</td></tr>
<tr>
<td title='com.arcapi.Citytestcases.DeleteAllAppsAPITest.DeleteAllAppsAPI()'><b>DeleteAllAppsAPI</b><br>Test class: com.arcapi.Citytestcases.DeleteAllAppsAPITest<br>Parameters: STG, ProjectIDCityLeed, 2</td>
<td></td>
<td>6</td>
<td>com.arcapi.Citytestcases.DeleteAllAppsAPITest@29ee9faa</td></tr>
<tr>
<td title='com.arcapi.Citytestcases.DownloadDocumentsAPITest.DownloadDocumentsAPI()'><b>DownloadDocumentsAPI</b><br>Test class: com.arcapi.Citytestcases.DownloadDocumentsAPITest<br>Parameters: STG, ProjectIDCityLeed, 2</td>
<td></td>
<td>2</td>
<td>com.arcapi.Citytestcases.DownloadDocumentsAPITest@d2cc05a</td></tr>
<tr>
<td title='com.arcapi.Citytestcases.FeedbackSubmitPostAPITest.FeedbackSubmitPostAPI()'><b>FeedbackSubmitPostAPI</b><br>Test class: com.arcapi.Citytestcases.FeedbackSubmitPostAPITest<br>Parameters: STG, ProjectIDCityLeed, 2</td>
<td></td>
<td>2</td>
<td>com.arcapi.Citytestcases.FeedbackSubmitPostAPITest@61832929</td></tr>
<tr>
<td title='com.arcapi.Citytestcases.FetchingAgreementDetailsAPITest.FetchingAgreementDetailsAPI()'><b>FetchingAgreementDetailsAPI</b><br>Test class: com.arcapi.Citytestcases.FetchingAgreementDetailsAPITest<br>Parameters: STG, ProjectIDCityLeed, 2</td>
<td></td>
<td>3</td>
<td>com.arcapi.Citytestcases.FetchingAgreementDetailsAPITest@548a9f61</td></tr>
<tr>
<td title='com.arcapi.Citytestcases.FuelCategoryAPITest.FuelCategoryAPI()'><b>FuelCategoryAPI</b><br>Test class: com.arcapi.Citytestcases.FuelCategoryAPITest</td>
<td></td>
<td>2</td>
<td>com.arcapi.Citytestcases.FuelCategoryAPITest@47c62251</td></tr>
<tr>
<td title='com.arcapi.Citytestcases.GetAllDocumentListAPITest.GetAllDocumentListAPI()'><b>GetAllDocumentListAPI</b><br>Test class: com.arcapi.Citytestcases.GetAllDocumentListAPITest<br>Parameters: STG, ProjectIDCityLeed, 2</td>
<td></td>
<td>2</td>
<td>com.arcapi.Citytestcases.GetAllDocumentListAPITest@3e6fa38a</td></tr>
<tr>
<td title='com.arcapi.Citytestcases.InstallAllAppsAfterDeleteAPITest.InstallAllAppsAfterDeleteAPI()'><b>InstallAllAppsAfterDeleteAPI</b><br>Test class: com.arcapi.Citytestcases.InstallAllAppsAfterDeleteAPITest<br>Parameters: STG, ProjectIDCityLeed, 2</td>
<td></td>
<td>6</td>
<td>com.arcapi.Citytestcases.InstallAllAppsAfterDeleteAPITest@c038203</td></tr>
<tr>
<td title='com.arcapi.Citytestcases.LOTokenAPITest.LOTokenAPI()'><b>LOTokenAPI</b><br>Test class: com.arcapi.Citytestcases.LOTokenAPITest<br>Parameters: STG, 2</td>
<td></td>
<td>2</td>
<td>com.arcapi.Citytestcases.LOTokenAPITest@6cc4c815</td></tr>
<tr>
<td title='com.arcapi.Citytestcases.LoginAPITest.LoginAPI()'><b>LoginAPI</b><br>Test class: com.arcapi.Citytestcases.LoginAPITest<br>Parameters: STG, 2</td>
<td></td>
<td>6</td>
<td>com.arcapi.Citytestcases.LoginAPITest@23ceabc1</td></tr>
<tr>
<td title='com.arcapi.Citytestcases.MeasuresDetailAPITest.MeasuresDetailAPI()'><b>MeasuresDetailAPI</b><br>Test class: com.arcapi.Citytestcases.MeasuresDetailAPITest<br>Parameters: STG, ProjectIDCityLeed, 2</td>
<td></td>
<td>2</td>
<td>com.arcapi.Citytestcases.MeasuresDetailAPITest@68be2bc2</td></tr>
<tr>
<td title='com.arcapi.Citytestcases.MeasuresListAPITest.MeasuresListAPI()'><b>MeasuresListAPI</b><br>Test class: com.arcapi.Citytestcases.MeasuresListAPITest<br>Parameters: STG, ProjectIDCityLeed, 2</td>
<td></td>
<td>2</td>
<td>com.arcapi.Citytestcases.MeasuresListAPITest@20e2cbe0</td></tr>
<tr>
<td title='com.arcapi.Citytestcases.MeasuresPostAPITest.MeasuresPostAPI()'><b>MeasuresPostAPI</b><br>Test class: com.arcapi.Citytestcases.MeasuresPostAPITest<br>Parameters: STG, ProjectIDCityLeed, 2</td>
<td></td>
<td>23</td>
<td>com.arcapi.Citytestcases.MeasuresPostAPITest@28feb3fa</td></tr>
<tr>
<td title='com.arcapi.Citytestcases.MeasuresUpdateAPITest.MeasuresUpdateAPI()'><b>MeasuresUpdateAPI</b><br>Test class: com.arcapi.Citytestcases.MeasuresUpdateAPITest<br>Parameters: STG, ProjectIDCityLeed, 2</td>
<td></td>
<td>2</td>
<td>com.arcapi.Citytestcases.MeasuresUpdateAPITest@675d3402</td></tr>
<tr>
<td title='com.arcapi.Citytestcases.MeasuresVersionDetailAPITest.MeasuresVersionDetailAPI()'><b>MeasuresVersionDetailAPI</b><br>Test class: com.arcapi.Citytestcases.MeasuresVersionDetailAPITest<br>Parameters: STG, ProjectIDCityLeed, 2</td>
<td></td>
<td>2</td>
<td>com.arcapi.Citytestcases.MeasuresVersionDetailAPITest@482f8f11</td></tr>
<tr>
<td title='com.arcapi.Citytestcases.MeasuresVersionListAPITest.MeasuresVersionListAPI()'><b>MeasuresVersionListAPI</b><br>Test class: com.arcapi.Citytestcases.MeasuresVersionListAPITest<br>Parameters: STG, ProjectIDCityLeed, 2</td>
<td></td>
<td>2</td>
<td>com.arcapi.Citytestcases.MeasuresVersionListAPITest@51565ec2</td></tr>
<tr>
<td title='com.arcapi.Citytestcases.MeasuresVersionPostAPITest.MeasuresVersionPostAPI()'><b>MeasuresVersionPostAPI</b><br>Test class: com.arcapi.Citytestcases.MeasuresVersionPostAPITest<br>Parameters: STG, ProjectIDCityLeed, 2</td>
<td></td>
<td>2</td>
<td>com.arcapi.Citytestcases.MeasuresVersionPostAPITest@1593948d</td></tr>
<tr>
<td title='com.arcapi.Citytestcases.MeterCreateAPICityCommTest.MeterCreatePOSTAPI()'><b>MeterCreatePOSTAPI</b><br>Test class: com.arcapi.Citytestcases.MeterCreateAPICityCommTest<br>Parameters: STG, ProjectIDCityLeed, 2</td>
<td></td>
<td>30</td>
<td>com.arcapi.Citytestcases.MeterCreateAPICityCommTest@1b604f19</td></tr>
<tr>
<td title='com.arcapi.Citytestcases.NotificationCreatePOSTAPITest.NotificationCreatePOSTAPI()'><b>NotificationCreatePOSTAPI</b><br>Test class: com.arcapi.Citytestcases.NotificationCreatePOSTAPITest<br>Parameters: STG, ProjectIDCityLeed, 2</td>
<td></td>
<td>2</td>
<td>com.arcapi.Citytestcases.NotificationCreatePOSTAPITest@4501b7af</td></tr>
<tr>
<td title='com.arcapi.Citytestcases.NotificationDeleteAPITest.NotificationDeleteAPI()'><b>NotificationDeleteAPI</b><br>Test class: com.arcapi.Citytestcases.NotificationDeleteAPITest<br>Parameters: STG, ProjectIDCityLeed, 2</td>
<td></td>
<td>2</td>
<td>com.arcapi.Citytestcases.NotificationDeleteAPITest@5b275dab</td></tr>
<tr>
<td title='com.arcapi.Citytestcases.NotificationGetAPITest.NotificationGetAPI()'><b>NotificationGetAPI</b><br>Test class: com.arcapi.Citytestcases.NotificationGetAPITest<br>Parameters: STG, ProjectIDCityLeed, 2</td>
<td></td>
<td>2</td>
<td>com.arcapi.Citytestcases.NotificationGetAPITest@523884b2</td></tr>
<tr>
<td title='com.arcapi.Citytestcases.NotificationSubscriptionDetailGetTest.NotificationSubscriptionDetail()'><b>NotificationSubscriptionDetail</b><br>Test class: com.arcapi.Citytestcases.NotificationSubscriptionDetailGetTest<br>Parameters: STG, ProjectIDCityLeed, 2</td>
<td></td>
<td>2</td>
<td>com.arcapi.Citytestcases.NotificationSubscriptionDetailGetTest@26be92ad</td></tr>
<tr>
<td title='com.arcapi.Citytestcases.NotificationSubscriptionDetailPutTest.NotificationSubscriptionDetail()'><b>NotificationSubscriptionDetail</b><br>Test class: com.arcapi.Citytestcases.NotificationSubscriptionDetailPutTest<br>Parameters: STG, ProjectIDCityLeed, 2</td>
<td></td>
<td>2</td>
<td>com.arcapi.Citytestcases.NotificationSubscriptionDetailPutTest@4c70fda8</td></tr>
<tr>
<td title='com.arcapi.Citytestcases.NotificationSubscriptionDetailDeleteTest.NotificationSubscriptionDetailDelete()'><b>NotificationSubscriptionDetailDelete</b><br>Test class: com.arcapi.Citytestcases.NotificationSubscriptionDetailDeleteTest<br>Parameters: STG, ProjectIDCityLeed, 2</td>
<td></td>
<td>2</td>
<td>com.arcapi.Citytestcases.NotificationSubscriptionDetailDeleteTest@224edc67</td></tr>
<tr>
<td title='com.arcapi.Citytestcases.PaymentHistoryAPITest.PaymentHistoryAPI()'><b>PaymentHistoryAPI</b><br>Test class: com.arcapi.Citytestcases.PaymentHistoryAPITest<br>Parameters: STG, ProjectIDCityLeed, 2</td>
<td></td>
<td>2</td>
<td>com.arcapi.Citytestcases.PaymentHistoryAPITest@62ee68d8</td></tr>
<tr>
<td title='com.arcapi.Citytestcases.PaymentOrderGetAPITest.PaymentOrderGetAPI()'><b>PaymentOrderGetAPI</b><br>Test class: com.arcapi.Citytestcases.PaymentOrderGetAPITest<br>Parameters: STG, ProjectIDCityLeed, 2</td>
<td></td>
<td>2</td>
<td>com.arcapi.Citytestcases.PaymentOrderGetAPITest@7f9a81e8</td></tr>
<tr>
<td title='com.arcapi.Citytestcases.PaymentOrderSubmitPOSTAPITest.PaymentOrderSubmitPOSTAPI()'><b>PaymentOrderSubmitPOSTAPI</b><br>Test class: com.arcapi.Citytestcases.PaymentOrderSubmitPOSTAPITest<br>Parameters: STG, ProjectIDCityLeed, 2, CreditCardPayment</td>
<td></td>
<td>11</td>
<td>com.arcapi.Citytestcases.PaymentOrderSubmitPOSTAPITest@396a51ab</td></tr>
<tr>
<td title='com.arcapi.Citytestcases.PaymentReceiptAPITest.PaymentReceiptAPI()'><b>PaymentReceiptAPI</b><br>Test class: com.arcapi.Citytestcases.PaymentReceiptAPITest<br>Parameters: STG, ProjectIDCityLeed, 2</td>
<td></td>
<td>8</td>
<td>com.arcapi.Citytestcases.PaymentReceiptAPITest@9629756</td></tr>
<tr>
<td title='com.arcapi.Citytestcases.PerformanceComparablesGetAPITest.PerformanceComparablesGetAPI()'><b>PerformanceComparablesGetAPI</b><br>Test class: com.arcapi.Citytestcases.PerformanceComparablesGetAPITest</td>
<td></td>
<td>2</td>
<td>com.arcapi.Citytestcases.PerformanceComparablesGetAPITest@66a3ffec</td></tr>
<tr>
<td title='com.arcapi.Citytestcases.RatingSystemListAPITest.RatingSystemListAPI()'><b>RatingSystemListAPI</b><br>Test class: com.arcapi.Citytestcases.RatingSystemListAPITest</td>
<td></td>
<td>2</td>
<td>com.arcapi.Citytestcases.RatingSystemListAPITest@27efef64</td></tr>
<tr>
<td title='com.arcapi.Citytestcases.RecomputePerformanceScoreGetTest.RecomputePerformanceScoreGet()'><b>RecomputePerformanceScoreGet</b><br>Test class: com.arcapi.Citytestcases.RecomputePerformanceScoreGetTest<br>Parameters: STG, ProjectIDCityLeed, 2</td>
<td></td>
<td>10</td>
<td>com.arcapi.Citytestcases.RecomputePerformanceScoreGetTest@46d56d67</td></tr>
<tr>
<td title='com.arcapi.Citytestcases.RegistrationPaymentPricingGetAPITest.RegistrationPaymentPricingGetAPI()'><b>RegistrationPaymentPricingGetAPI</b><br>Test class: com.arcapi.Citytestcases.RegistrationPaymentPricingGetAPITest<br>Parameters: STG, ProjectIDCityLeed, 2</td>
<td></td>
<td>3</td>
<td>com.arcapi.Citytestcases.RegistrationPaymentPricingGetAPITest@5034c75a</td></tr>
<tr>
<td title='com.arcapi.Citytestcases.ReviewCertificationPricingAPITest.ReviewCertificationPricingAPI()'><b>ReviewCertificationPricingAPI</b><br>Test class: com.arcapi.Citytestcases.ReviewCertificationPricingAPITest<br>Parameters: STG, ProjectIDCityLeed, 2, precertification review</td>
<td></td>
<td>14</td>
<td>com.arcapi.Citytestcases.ReviewCertificationPricingAPITest@d8355a8</td></tr>
<tr>
<td title='com.arcapi.Citytestcases.S3DocumentListAPITest.S3DocumentListAPI()'><b>S3DocumentListAPI</b><br>Test class: com.arcapi.Citytestcases.S3DocumentListAPITest<br>Parameters: STG, ProjectIDCityLeed, 2</td>
<td></td>
<td>2</td>
<td>com.arcapi.Citytestcases.S3DocumentListAPITest@8bd1b6a</td></tr>
<tr>
<td title='com.arcapi.Citytestcases.S3DocumentRemoveAPITest.S3DocumentRemoveAPI()'><b>S3DocumentRemoveAPI</b><br>Test class: com.arcapi.Citytestcases.S3DocumentRemoveAPITest<br>Parameters: STG, ProjectIDCityLeed, 2</td>
<td></td>
<td>2</td>
<td>com.arcapi.Citytestcases.S3DocumentRemoveAPITest@18be83e4</td></tr>
<tr>
<td title='com.arcapi.Citytestcases.S3DocumentUploadPOSTAPITest.S3DocumentUploadPOSTAPI()'><b>S3DocumentUploadPOSTAPI</b><br>Test class: com.arcapi.Citytestcases.S3DocumentUploadPOSTAPITest<br>Parameters: STG, ProjectIDCityLeed, 2</td>
<td></td>
<td>28</td>
<td>com.arcapi.Citytestcases.S3DocumentUploadPOSTAPITest@55f3ddb1</td></tr>
<tr>
<td title='com.arcapi.Citytestcases.ScoreWeightsAPITest.ScoreWeightsAPI()'><b>ScoreWeightsAPI</b><br>Test class: com.arcapi.Citytestcases.ScoreWeightsAPITest</td>
<td></td>
<td>2</td>
<td>com.arcapi.Citytestcases.ScoreWeightsAPITest@77caeb3e</td></tr>
<tr>
<td title='com.arcapi.Citytestcases.SignAgreementRegistrationAPITest.SignAgreementRegistrationAPI()'><b>SignAgreementRegistrationAPI</b><br>Test class: com.arcapi.Citytestcases.SignAgreementRegistrationAPITest<br>Parameters: STG, ProjectIDCityLeed, 2</td>
<td></td>
<td>4</td>
<td>com.arcapi.Citytestcases.SignAgreementRegistrationAPITest@51efea79</td></tr>
<tr>
<td title='com.arcapi.Citytestcases.SubmitReviewGetAPITest.SubmitReviewGetAPI()'><b>SubmitReviewGetAPI</b><br>Test class: com.arcapi.Citytestcases.SubmitReviewGetAPITest<br>Parameters: STG, ProjectIDCityLeed, 2</td>
<td></td>
<td>2</td>
<td>com.arcapi.Citytestcases.SubmitReviewGetAPITest@28d25987</td></tr>
<tr>
<td title='com.arcapi.Citytestcases.ThirdPartyListAppsAPITest.ThirdPartyListAppsAPI()'><b>ThirdPartyListAppsAPI</b><br>Test class: com.arcapi.Citytestcases.ThirdPartyListAppsAPITest</td>
<td></td>
<td>2</td>
<td>com.arcapi.Citytestcases.ThirdPartyListAppsAPITest@1e88b3c</td></tr>
<tr>
<td title='com.arcapi.Citytestcases.UserAccessLevelSAPGetTest.UserAccessLevelSAPGet()'><b>UserAccessLevelSAPGet</b><br>Test class: com.arcapi.Citytestcases.UserAccessLevelSAPGetTest</td>
<td></td>
<td>2</td>
<td>com.arcapi.Citytestcases.UserAccessLevelSAPGetTest@56f4468b</td></tr>
<tr>
<td title='com.arcapi.Citytestcases.UserDetailAPITest.UserDetailAPI()'><b>UserDetailAPI</b><br>Test class: com.arcapi.Citytestcases.UserDetailAPITest<br>Parameters: STG, 2</td>
<td></td>
<td>2</td>
<td>com.arcapi.Citytestcases.UserDetailAPITest@5d5eef3d</td></tr>
<tr>
<td title='com.arcapi.Citytestcases.VerifyAgreementPresentAPITest.VerifyAgreementPresentAPI()'><b>VerifyAgreementPresentAPI</b><br>Test class: com.arcapi.Citytestcases.VerifyAgreementPresentAPITest<br>Parameters: STG, ProjectIDCityLeed, 2</td>
<td></td>
<td>2</td>
<td>com.arcapi.Citytestcases.VerifyAgreementPresentAPITest@4f933fd1</td></tr>
<tr>
<td title='com.arcapi.Citytestcases.VerifyProjectRegisteredAssetListTest.VerifyProjectRegisteredAssetList()'><b>VerifyProjectRegisteredAssetList</b><br>Test class: com.arcapi.Citytestcases.VerifyProjectRegisteredAssetListTest<br>Parameters: STG, ProjectIDCityLeed, 2</td>
<td></td>
<td>2</td>
<td>com.arcapi.Citytestcases.VerifyProjectRegisteredAssetListTest@5419f379</td></tr>
</table><p>
</body>
</html>