<?xml version="1.0" encoding="UTF-8"?>
<!-- Generated by org.testng.reporters.JUnitXMLReporter -->
<testsuite hostname="G10GGNLT052" name="CompleteFlowTest-Building-None" tests="21" failures="14" timestamp="10 Sep 2019 04:29:42 GMT" time="141.908" errors="0">
  <testcase name="LoginAPI" time="4.877" classname="com.arcapi.Common.LoginAPITest"/>
  <testcase name="CreateAssetPOSTAPI" time="6.391" classname="com.arcapi.Buildingtestcases.CreateAssetBuildingV3APITest"/>
  <testcase name="SignAgreementRegistrationAPI" time="3.668" classname="com.arcapi.Common.SignAgreementRegistrationAPITest"/>
  <testcase name="PaymentOrderSubmitPOSTAPI" time="11.871" classname="com.arcapi.Common.PaymentOrderSubmitPOSTAPITest"/>
  <testcase name="AddAssestTimeline" time="6.673" classname="com.arcapi.Common.AddAssestTimelinePOSTAPITest"/>
  <testcase name="AssetDetailAPI" time="2.063" classname="com.arcapi.Buildingtestcases.AssetDetailEmissionFactorTest">
    <failure type="java.lang.AssertionError" message="expected [200] but found [404]">
      <![CDATA[java.lang.AssertionError: expected [200] but found [404]
	at com.Utill.Controller.Assertion.verifyStatusCode(Assertion.java:20)
	at com.arcapi.Buildingtestcases.AssetDetailEmissionFactorTest.AssetDetailAPI(AssetDetailEmissionFactorTest.java:26)
... Removed 31 stack frames]]>
    </failure>
  </testcase> <!-- AssetDetailAPI -->
  <testcase name="MeterCreatePOSTAPI" time="2.215" classname="com.arcapi.Buildingtestcases.MeterCreatePOSTEmissionTest">
    <failure type="java.lang.AssertionError" message="expected [200] but found [404]">
      <![CDATA[java.lang.AssertionError: expected [200] but found [404]
	at com.Utill.Controller.Assertion.verifyStatusCode(Assertion.java:20)
	at com.arcapi.Buildingtestcases.MeterCreatePOSTEmissionTest.MeterCreatePOSTAPI(MeterCreatePOSTEmissionTest.java:30)
... Removed 31 stack frames]]>
    </failure>
  </testcase> <!-- MeterCreatePOSTAPI -->
  <testcase name="MeterBulkConsumptionPOSTAPI" time="2.218" classname="com.arcapi.Buildingtestcases.EnergyMeterBulkConsumptionPOSTEmissionTest">
    <failure type="java.lang.AssertionError" message="expected [200] but found [404]">
      <![CDATA[java.lang.AssertionError: expected [200] but found [404]
	at com.Utill.Controller.Assertion.verifyStatusCode(Assertion.java:20)
	at com.arcapi.Buildingtestcases.EnergyMeterBulkConsumptionPOSTEmissionTest.MeterBulkConsumptionPOSTAPI(EnergyMeterBulkConsumptionPOSTEmissionTest.java:49)
... Removed 31 stack frames]]>
    </failure>
  </testcase> <!-- MeterBulkConsumptionPOSTAPI -->
  <testcase name="GhgGetTestAPI" time="2.378" classname="com.arcapi.Buildingtestcases.GhgMeanEmissionTest"/>
  <testcase name="AssetUpdateforNewAssetPUTAPI" time="2.0" classname="com.arcapi.Buildingtestcases.AssetUpdateBuildingEmissionTest">
    <failure type="java.lang.AssertionError" message="expected [200] but found [404]">
      <![CDATA[java.lang.AssertionError: expected [200] but found [404]
	at com.Utill.Controller.Assertion.verifyStatusCode(Assertion.java:20)
	at com.arcapi.Buildingtestcases.AssetUpdateBuildingEmissionTest.AssetUpdateforNewAssetPUTAPI(AssetUpdateBuildingEmissionTest.java:25)
... Removed 31 stack frames]]>
    </failure>
  </testcase> <!-- AssetUpdateforNewAssetPUTAPI -->
  <testcase name="MetersAPI" time="2.92" classname="com.arcapi.Buildingtestcases.MetersListEmissionTest">
    <failure type="java.lang.AssertionError" message="expected [200] but found [404]">
      <![CDATA[java.lang.AssertionError: expected [200] but found [404]
	at com.Utill.Controller.Assertion.verifyStatusCode(Assertion.java:20)
	at com.arcapi.Buildingtestcases.MetersListEmissionTest.MetersAPI(MetersListEmissionTest.java:23)
... Removed 31 stack frames]]>
    </failure>
  </testcase> <!-- MetersAPI -->
  <testcase name="ConsumptionCreatePOSTAPI" time="2.192" classname="com.arcapi.Buildingtestcases.ConsumptionCreatePOSTEmissionTest">
    <failure type="java.lang.AssertionError" message="expected [201] but found [404]">
      <![CDATA[java.lang.AssertionError: expected [201] but found [404]
	at com.Utill.Controller.Assertion.verifyStatusCode(Assertion.java:20)
	at com.arcapi.Buildingtestcases.ConsumptionCreatePOSTEmissionTest.ConsumptionCreatePOSTAPI(ConsumptionCreatePOSTEmissionTest.java:34)
... Removed 31 stack frames]]>
    </failure>
  </testcase> <!-- ConsumptionCreatePOSTAPI -->
  <testcase name="RecomputePerformanceScoreGet" time="1.718" classname="com.arcapi.Buildingtestcases.RecomputePerformanceScoreBeforeTest">
    <failure type="java.lang.AssertionError" message="expected [200] but found [404]">
      <![CDATA[java.lang.AssertionError: expected [200] but found [404]
	at com.Utill.Controller.Assertion.verifyStatusCode(Assertion.java:20)
	at com.arcapi.Buildingtestcases.RecomputePerformanceScoreBeforeTest.RecomputePerformanceScoreGet(RecomputePerformanceScoreBeforeTest.java:22)
... Removed 31 stack frames]]>
    </failure>
  </testcase> <!-- RecomputePerformanceScoreGet -->
  <testcase name="GhgGetTestAPI" time="11.642" classname="com.arcapi.Buildingtestcases.GhgMeanEmissionAfterUpdateTest">
    <failure type="com.jayway.restassured.path.json.exception.JsonPathException" message="Failed to parse the JSON document">
      <![CDATA[com.jayway.restassured.path.json.exception.JsonPathException: Failed to parse the JSON document
	at com.jayway.restassured.path.json.JsonPath$ExceptionCatcher.invoke(JsonPath.java:928)
	at com.jayway.restassured.path.json.JsonPath$4.doParseWith(JsonPath.java:893)
	at com.jayway.restassured.path.json.JsonPath$JsonParser.parseWith(JsonPath.java:972)
	at com.jayway.restassured.path.json.JsonPath.get(JsonPath.java:201)
	at com.arcapi.Buildingtestcases.GhgMeanEmissionAfterUpdateTest.GhgGetTestAPI(GhgMeanEmissionAfterUpdateTest.java:30)
Caused by: groovy.json.JsonException: Lexing failed on line: 1, column: 1, while reading '<', no possible valid JSON value or punctuation could be recognized.
	at groovy.json.JsonLexer.nextToken(JsonLexer.java:85)
	at groovy.json.JsonLexer$nextToken.call(Unknown Source)
	at com.jayway.restassured.internal.path.json.ConfigurableJsonSlurper.parse(ConfigurableJsonSlurper.groovy:96)
	at com.jayway.restassured.internal.path.json.ConfigurableJsonSlurper$parse.callCurrent(Unknown Source)
	at com.jayway.restassured.internal.path.json.ConfigurableJsonSlurper.parseText(ConfigurableJsonSlurper.groovy:82)
	at com.jayway.restassured.path.json.JsonPath$4$1.method(JsonPath.java:891)
	at com.jayway.restassured.path.json.JsonPath$ExceptionCatcher.invoke(JsonPath.java:926)
	... 29 more
... Removed 25 stack frames]]>
    </failure>
  </testcase> <!-- GhgGetTestAPI -->
  <testcase name="AnalysisDataGetAPI" time="22.58" classname="com.arcapi.Buildingtestcases.AnalysisDataEmissionAPITest"/>
  <testcase name="ConsumptionUpdatePUTAPI" time="2.046" classname="com.arcapi.Buildingtestcases.ConsumptionUpdateEmissionAPITest">
    <failure type="java.lang.AssertionError" message="expected [200] but found [404]">
      <![CDATA[java.lang.AssertionError: expected [200] but found [404]
	at com.Utill.Controller.Assertion.verifyStatusCode(Assertion.java:20)
	at com.arcapi.Buildingtestcases.ConsumptionUpdateEmissionAPITest.ConsumptionUpdatePUTAPI(ConsumptionUpdateEmissionAPITest.java:32)
... Removed 31 stack frames]]>
    </failure>
  </testcase> <!-- ConsumptionUpdatePUTAPI -->
  <testcase name="GhgGetTestAPI" time="12.305" classname="com.arcapi.Buildingtestcases.GhgMeanEmissionAfterIncreaseTest">
    <failure type="java.lang.AssertionError" message="expected [200] but found [404]">
      <![CDATA[java.lang.AssertionError: expected [200] but found [404]
	at com.Utill.Controller.Assertion.verifyStatusCode(Assertion.java:20)
	at com.arcapi.Buildingtestcases.GhgMeanEmissionAfterIncreaseTest.GhgGetTestAPI(GhgMeanEmissionAfterIncreaseTest.java:29)
... Removed 31 stack frames]]>
    </failure>
  </testcase> <!-- GhgGetTestAPI -->
  <testcase name="AnalysisDataGetAPI" time="22.458" classname="com.arcapi.Buildingtestcases.AnalysisDataEmissionAfterIncreaseTest">
    <failure type="java.lang.AssertionError" message="expected [200] but found [404]">
      <![CDATA[java.lang.AssertionError: expected [200] but found [404]
	at com.Utill.Controller.Assertion.verifyStatusCode(Assertion.java:20)
	at com.arcapi.Buildingtestcases.AnalysisDataEmissionAfterIncreaseTest.AnalysisDataGetAPI(AnalysisDataEmissionAfterIncreaseTest.java:31)
... Removed 31 stack frames]]>
    </failure>
  </testcase> <!-- AnalysisDataGetAPI -->
  <testcase name="ConsumptionUpdatePUTAPI" time="2.072" classname="com.arcapi.Buildingtestcases.ConsumptionUpdateEmissionDecreaseAPITest">
    <failure type="java.lang.AssertionError" message="expected [200] but found [404]">
      <![CDATA[java.lang.AssertionError: expected [200] but found [404]
	at com.Utill.Controller.Assertion.verifyStatusCode(Assertion.java:20)
	at com.arcapi.Buildingtestcases.ConsumptionUpdateEmissionDecreaseAPITest.ConsumptionUpdatePUTAPI(ConsumptionUpdateEmissionDecreaseAPITest.java:32)
... Removed 31 stack frames]]>
    </failure>
  </testcase> <!-- ConsumptionUpdatePUTAPI -->
  <testcase name="GhgGetTestAPI" time="1.725" classname="com.arcapi.Buildingtestcases.GhgMeanEmissionAfterDecreaseTest">
    <failure type="java.lang.AssertionError" message="expected [200] but found [404]">
      <![CDATA[java.lang.AssertionError: expected [200] but found [404]
	at com.Utill.Controller.Assertion.verifyStatusCode(Assertion.java:20)
	at com.arcapi.Buildingtestcases.GhgMeanEmissionAfterDecreaseTest.GhgGetTestAPI(GhgMeanEmissionAfterDecreaseTest.java:31)
... Removed 31 stack frames]]>
    </failure>
  </testcase> <!-- GhgGetTestAPI -->
  <testcase name="AnalysisDataGetAPI" time="12.023" classname="com.arcapi.Buildingtestcases.AnalysisDataEmissionAfterDecreaseTest">
    <failure type="java.lang.AssertionError" message="expected [200] but found [404]">
      <![CDATA[java.lang.AssertionError: expected [200] but found [404]
	at com.Utill.Controller.Assertion.verifyStatusCode(Assertion.java:20)
	at com.arcapi.Buildingtestcases.AnalysisDataEmissionAfterDecreaseTest.AnalysisDataGetAPI(AnalysisDataEmissionAfterDecreaseTest.java:31)
... Removed 31 stack frames]]>
    </failure>
  </testcase> <!-- AnalysisDataGetAPI -->
</testsuite> <!-- CompleteFlowTest-Building-None -->
