<?xml version="1.0" encoding="UTF-8"?>
<!-- Generated by org.testng.reporters.JUnitXMLReporter -->
<testsuite hostname="G10GGNLT052" name="CompleteFlowTest-Parksmart1" tests="6" failures="1" timestamp="21 Aug 2019 04:42:00 GMT" time="0.172" errors="0">
  <testcase name="@AfterMethod teardown" time="0.0" classname="com.arcapi.Parksmarttestcases.LoginAPITest">
    <failure type="java.lang.Error" message="Unresolved compilation problems: 
	LogStatus cannot be resolved to a variable
	LogStatus cannot be resolved to a variable
	LogStatus cannot be resolved to a variable
	The method endTest(Test) in the type Report is not applicable for the arguments (ExtentTest)
">
      <![CDATA[java.lang.Error: Unresolved compilation problems: 
	LogStatus cannot be resolved to a variable
	LogStatus cannot be resolved to a variable
	LogStatus cannot be resolved to a variable
	The method endTest(Test) in the type Report is not applicable for the arguments (ExtentTest)

	at com.arcapi.Parksmarttestcases.LoginAPITest.teardown(LoginAPITest.java:56)
... Removed 27 stack frames]]>
    </failure>
  </testcase> <!-- @AfterMethod teardown -->
  <testcase name="@AfterClass end" time="0.0" classname="com.arcapi.Parksmarttestcases.LoginAPITest">
    <skipped/>
  </testcase> <!-- @AfterClass end -->
  <testcase name="@BeforeClass getSuiteName" time="0.0" classname="com.arcapi.Parksmarttestcases.CreateAssetParksmartManualReqTest">
    <skipped/>
  </testcase> <!-- @BeforeClass getSuiteName -->
  <testcase name="@BeforeClass setBaseUri" time="0.0" classname="com.arcapi.Parksmarttestcases.CreateAssetParksmartManualReqTest">
    <skipped/>
  </testcase> <!-- @BeforeClass setBaseUri -->
  <testcase name="@BeforeMethod ExtentReportConfig" time="0.0" classname="com.arcapi.Parksmarttestcases.CreateAssetParksmartManualReqTest">
    <skipped/>
  </testcase> <!-- @BeforeMethod ExtentReportConfig -->
  <testcase name="@BeforeMethod startTest" time="0.0" classname="com.arcapi.Parksmarttestcases.CreateAssetParksmartManualReqTest">
    <skipped/>
  </testcase> <!-- @BeforeMethod startTest -->
  <testcase name="@AfterMethod teardown" time="0.0" classname="com.arcapi.Parksmarttestcases.CreateAssetParksmartManualReqTest">
    <skipped/>
  </testcase> <!-- @AfterMethod teardown -->
  <testcase name="@AfterClass end" time="0.0" classname="com.arcapi.Parksmarttestcases.CreateAssetParksmartManualReqTest">
    <skipped/>
  </testcase> <!-- @AfterClass end -->
  <testcase name="@BeforeClass getSuiteName" time="0.0" classname="com.arcapi.Parksmarttestcases.SignAgreementRegistrationManualTest">
    <skipped/>
  </testcase> <!-- @BeforeClass getSuiteName -->
  <testcase name="@BeforeClass setBaseUri" time="0.0" classname="com.arcapi.Parksmarttestcases.SignAgreementRegistrationManualTest">
    <skipped/>
  </testcase> <!-- @BeforeClass setBaseUri -->
  <testcase name="@BeforeMethod ExtentReportConfig" time="0.0" classname="com.arcapi.Parksmarttestcases.SignAgreementRegistrationManualTest">
    <skipped/>
  </testcase> <!-- @BeforeMethod ExtentReportConfig -->
  <testcase name="@BeforeMethod startTest" time="0.0" classname="com.arcapi.Parksmarttestcases.SignAgreementRegistrationManualTest">
    <skipped/>
  </testcase> <!-- @BeforeMethod startTest -->
  <testcase name="@AfterMethod teardown" time="0.0" classname="com.arcapi.Parksmarttestcases.SignAgreementRegistrationManualTest">
    <skipped/>
  </testcase> <!-- @AfterMethod teardown -->
  <testcase name="@AfterClass end" time="0.0" classname="com.arcapi.Parksmarttestcases.SignAgreementRegistrationManualTest">
    <skipped/>
  </testcase> <!-- @AfterClass end -->
  <testcase name="@BeforeClass getSuiteName" time="0.0" classname="com.arcapi.Parksmarttestcases.RegistrationPaymentPricingGetAPITest">
    <skipped/>
  </testcase> <!-- @BeforeClass getSuiteName -->
  <testcase name="@BeforeClass setBaseUri" time="0.0" classname="com.arcapi.Parksmarttestcases.RegistrationPaymentPricingGetAPITest">
    <skipped/>
  </testcase> <!-- @BeforeClass setBaseUri -->
  <testcase name="@BeforeMethod ExtentReportConfig" time="0.0" classname="com.arcapi.Parksmarttestcases.RegistrationPaymentPricingGetAPITest">
    <skipped/>
  </testcase> <!-- @BeforeMethod ExtentReportConfig -->
  <testcase name="@BeforeMethod startTest" time="0.0" classname="com.arcapi.Parksmarttestcases.RegistrationPaymentPricingGetAPITest">
    <skipped/>
  </testcase> <!-- @BeforeMethod startTest -->
  <testcase name="@AfterMethod teardown" time="0.0" classname="com.arcapi.Parksmarttestcases.RegistrationPaymentPricingGetAPITest">
    <skipped/>
  </testcase> <!-- @AfterMethod teardown -->
  <testcase name="@AfterClass end" time="0.0" classname="com.arcapi.Parksmarttestcases.RegistrationPaymentPricingGetAPITest">
    <skipped/>
  </testcase> <!-- @AfterClass end -->
  <testcase name="@BeforeClass getSuiteName" time="0.0" classname="com.arcapi.Parksmarttestcases.PaymentOrderSubmitManualTest">
    <skipped/>
  </testcase> <!-- @BeforeClass getSuiteName -->
  <testcase name="@BeforeClass setBaseUri" time="0.0" classname="com.arcapi.Parksmarttestcases.PaymentOrderSubmitManualTest">
    <skipped/>
  </testcase> <!-- @BeforeClass setBaseUri -->
  <testcase name="@BeforeMethod ExtentReportConfig" time="0.0" classname="com.arcapi.Parksmarttestcases.PaymentOrderSubmitManualTest">
    <skipped/>
  </testcase> <!-- @BeforeMethod ExtentReportConfig -->
  <testcase name="@BeforeMethod startTest" time="0.0" classname="com.arcapi.Parksmarttestcases.PaymentOrderSubmitManualTest">
    <skipped/>
  </testcase> <!-- @BeforeMethod startTest -->
  <testcase name="@AfterMethod teardown" time="0.0" classname="com.arcapi.Parksmarttestcases.PaymentOrderSubmitManualTest">
    <skipped/>
  </testcase> <!-- @AfterMethod teardown -->
  <testcase name="@AfterClass end" time="0.0" classname="com.arcapi.Parksmarttestcases.PaymentOrderSubmitManualTest">
    <skipped/>
  </testcase> <!-- @AfterClass end -->
  <testcase name="@BeforeClass getSuiteName" time="0.0" classname="com.arcapi.Parksmarttestcases.AddAssestTimelineManualTest">
    <skipped/>
  </testcase> <!-- @BeforeClass getSuiteName -->
  <testcase name="@BeforeClass setBaseUri" time="0.0" classname="com.arcapi.Parksmarttestcases.AddAssestTimelineManualTest">
    <skipped/>
  </testcase> <!-- @BeforeClass setBaseUri -->
  <testcase name="@BeforeMethod ExtentReportConfig" time="0.0" classname="com.arcapi.Parksmarttestcases.AddAssestTimelineManualTest">
    <skipped/>
  </testcase> <!-- @BeforeMethod ExtentReportConfig -->
  <testcase name="@BeforeMethod startTest" time="0.0" classname="com.arcapi.Parksmarttestcases.AddAssestTimelineManualTest">
    <skipped/>
  </testcase> <!-- @BeforeMethod startTest -->
  <testcase name="@AfterMethod teardown" time="0.0" classname="com.arcapi.Parksmarttestcases.AddAssestTimelineManualTest">
    <skipped/>
  </testcase> <!-- @AfterMethod teardown -->
  <testcase name="@AfterClass end" time="0.0" classname="com.arcapi.Parksmarttestcases.AddAssestTimelineManualTest">
    <skipped/>
  </testcase> <!-- @AfterClass end -->
  <testcase name="LoginAPI" time="0.001" classname="com.arcapi.Parksmarttestcases.LoginAPITest">
    <failure type="java.lang.Error" message="Unresolved compilation problem: 
	The method startTest(String, String) is undefined for the type ExtentReports
">
      <![CDATA[java.lang.Error: Unresolved compilation problem: 
	The method startTest(String, String) is undefined for the type ExtentReports

	at com.arcapi.Parksmarttestcases.LoginAPITest.LoginAPI(LoginAPITest.java:32)
... Removed 25 stack frames]]>
    </failure>
  </testcase> <!-- LoginAPI -->
  <testcase name="CreateAssetPOSTAPI" time="0.0" classname="com.arcapi.Parksmarttestcases.CreateAssetParksmartManualReqTest">
    <skipped/>
  </testcase> <!-- CreateAssetPOSTAPI -->
  <testcase name="SignAgreementRegistrationAPI" time="0.0" classname="com.arcapi.Parksmarttestcases.SignAgreementRegistrationManualTest">
    <skipped/>
  </testcase> <!-- SignAgreementRegistrationAPI -->
  <testcase name="RegistrationPaymentPricingGetAPI" time="0.001" classname="com.arcapi.Parksmarttestcases.RegistrationPaymentPricingGetAPITest">
    <skipped/>
  </testcase> <!-- RegistrationPaymentPricingGetAPI -->
  <testcase name="PaymentOrderSubmitPOSTAPI" time="0.0" classname="com.arcapi.Parksmarttestcases.PaymentOrderSubmitManualTest">
    <skipped/>
  </testcase> <!-- PaymentOrderSubmitPOSTAPI -->
  <testcase name="AddAssestTimeline" time="0.0" classname="com.arcapi.Parksmarttestcases.AddAssestTimelineManualTest">
    <skipped/>
  </testcase> <!-- AddAssestTimeline -->
</testsuite> <!-- CompleteFlowTest-Parksmart1 -->
