<html>
<head>
<title>TestNG:  CompleteFlowTest-Parksmart</title>
<link href="../testng.css" rel="stylesheet" type="text/css" />
<link href="../my-testng.css" rel="stylesheet" type="text/css" />

<style type="text/css">
.log { display: none;} 
.stack-trace { display: none;} 
</style>
<script type="text/javascript">
<!--
function flip(e) {
  current = e.style.display;
  if (current == 'block') {
    e.style.display = 'none';
    return 0;
  }
  else {
    e.style.display = 'block';
    return 1;
  }
}

function toggleBox(szDivId, elem, msg1, msg2)
{
  var res = -1;  if (document.getElementById) {
    res = flip(document.getElementById(szDivId));
  }
  else if (document.all) {
    // this is the way old msie versions work
    res = flip(document.all[szDivId]);
  }
  if(elem) {
    if(res == 0) elem.innerHTML = msg1; else elem.innerHTML = msg2;
  }

}

function toggleAllBoxes() {
  if (document.getElementsByTagName) {
    d = document.getElementsByTagName('div');
    for (i = 0; i < d.length; i++) {
      if (d[i].className == 'log') {
        flip(d[i]);
      }
    }
  }
}

// -->
</script>

</head>
<body>
<h2 align='center'>CompleteFlowTest-Parksmart</h2><table border='1' align="center">
<tr>
<td>Tests passed/Failed/Skipped:</td><td>0/1/5</td>
</tr><tr>
<td>Started on:</td><td>Wed Aug 21 10:11:59 IST 2019</td>
</tr>
<tr><td>Total time:</td><td>0 seconds (393 ms)</td>
</tr><tr>
<td>Included groups:</td><td></td>
</tr><tr>
<td>Excluded groups:</td><td></td>
</tr>
</table><p/>
<small><i>(Hover the method name to see the test class name)</i></small><p/>
<table width='100%' border='1' class='invocation-failed'>
<tr><td colspan='4' align='center'><b>FAILED CONFIGURATIONS</b></td></tr>
<tr><td><b>Test method</b></td>
<td width="30%"><b>Exception</b></td>
<td width="10%"><b>Time (seconds)</b></td>
<td><b>Instance</b></td>
</tr>
<tr>
<td title='com.arcapi.Parksmarttestcases.LoginAPITest.teardown()'><b>teardown</b><br>Test class: com.arcapi.Parksmarttestcases.LoginAPITest<br>Parameters: [TestResult name=LoginAPI status=FAILURE method=LoginAPITest.LoginAPI(java.lang.String, int)[pri:0, instance:com.arcapi.Parksmarttestcases.LoginAPITest@5419f379] output={null}]</td>
<td><div><pre>java.lang.Error: Unresolved compilation problems: 
	LogStatus cannot be resolved to a variable
	LogStatus cannot be resolved to a variable
	LogStatus cannot be resolved to a variable
	The method endTest(Test) in the type Report is not applicable for the arguments (ExtentTest)

	at com.arcapi.Parksmarttestcases.LoginAPITest.teardown(LoginAPITest.java:56)
... Removed 27 stack frames</pre></div><a href='#' onClick='toggleBox("stack-trace1788152379", this, "Click to show all stack frames", "Click to hide stack frames")'>Click to show all stack frames</a>
<div class='stack-trace' id='stack-trace1788152379'><pre>java.lang.Error: Unresolved compilation problems: 
	LogStatus cannot be resolved to a variable
	LogStatus cannot be resolved to a variable
	LogStatus cannot be resolved to a variable
	The method endTest(Test) in the type Report is not applicable for the arguments (ExtentTest)

	at com.arcapi.Parksmarttestcases.LoginAPITest.teardown(LoginAPITest.java:56)
	at sun.reflect.NativeMethodAccessorImpl.invoke0(Native Method)
	at sun.reflect.NativeMethodAccessorImpl.invoke(NativeMethodAccessorImpl.java:62)
	at sun.reflect.DelegatingMethodAccessorImpl.invoke(DelegatingMethodAccessorImpl.java:43)
	at java.lang.reflect.Method.invoke(Method.java:498)
	at org.testng.internal.MethodInvocationHelper.invokeMethod(MethodInvocationHelper.java:86)
	at org.testng.internal.Invoker.invokeConfigurationMethod(Invoker.java:514)
	at org.testng.internal.Invoker.invokeConfigurations(Invoker.java:215)
	at org.testng.internal.Invoker.invokeMethod(Invoker.java:707)
	at org.testng.internal.Invoker.invokeTestMethod(Invoker.java:820)
	at org.testng.internal.Invoker.invokeTestMethods(Invoker.java:1128)
	at org.testng.internal.TestMethodWorker.invokeTestMethods(TestMethodWorker.java:129)
	at org.testng.internal.TestMethodWorker.run(TestMethodWorker.java:112)
	at org.testng.TestRunner.privateRun(TestRunner.java:782)
	at org.testng.TestRunner.run(TestRunner.java:632)
	at org.testng.SuiteRunner.runTest(SuiteRunner.java:366)
	at org.testng.SuiteRunner.runSequentially(SuiteRunner.java:361)
	at org.testng.SuiteRunner.privateRun(SuiteRunner.java:319)
	at org.testng.SuiteRunner.run(SuiteRunner.java:268)
	at org.testng.SuiteRunnerWorker.runSuite(SuiteRunnerWorker.java:52)
	at org.testng.SuiteRunnerWorker.run(SuiteRunnerWorker.java:86)
	at org.testng.TestNG.runSuitesSequentially(TestNG.java:1244)
	at org.testng.TestNG.runSuitesSequentially(TestNG.java:1240)
	at org.testng.TestNG.runSuitesLocally(TestNG.java:1169)
	at org.testng.TestNG.run(TestNG.java:1064)
	at org.testng.remote.RemoteTestNG.run(RemoteTestNG.java:113)
	at org.testng.remote.RemoteTestNG.initAndRun(RemoteTestNG.java:206)
	at org.testng.remote.RemoteTestNG.main(RemoteTestNG.java:177)
</pre></div></td>
<td>0</td>
<td>com.arcapi.Parksmarttestcases.LoginAPITest@5419f379</td></tr>
</table><p>
<table width='100%' border='1' class='invocation-skipped'>
<tr><td colspan='4' align='center'><b>SKIPPED CONFIGURATIONS</b></td></tr>
<tr><td><b>Test method</b></td>
<td width="30%"><b>Exception</b></td>
<td width="10%"><b>Time (seconds)</b></td>
<td><b>Instance</b></td>
</tr>
<tr>
<td title='com.arcapi.Parksmarttestcases.CreateAssetParksmartManualReqTest.getSuiteName()'><b>getSuiteName</b><br>Test class: com.arcapi.Parksmarttestcases.CreateAssetParksmartManualReqTest</td>
<td></td>
<td>0</td>
<td>com.arcapi.Parksmarttestcases.CreateAssetParksmartManualReqTest@7dc7cbad</td></tr>
<tr>
<td title='com.arcapi.Parksmarttestcases.CreateAssetParksmartManualReqTest.setBaseUri()'><b>setBaseUri</b><br>Test class: com.arcapi.Parksmarttestcases.CreateAssetParksmartManualReqTest</td>
<td></td>
<td>0</td>
<td>com.arcapi.Parksmarttestcases.CreateAssetParksmartManualReqTest@7dc7cbad</td></tr>
<tr>
<td title='com.arcapi.Parksmarttestcases.SignAgreementRegistrationManualTest.getSuiteName()'><b>getSuiteName</b><br>Test class: com.arcapi.Parksmarttestcases.SignAgreementRegistrationManualTest</td>
<td></td>
<td>0</td>
<td>com.arcapi.Parksmarttestcases.SignAgreementRegistrationManualTest@d2cc05a</td></tr>
<tr>
<td title='com.arcapi.Parksmarttestcases.SignAgreementRegistrationManualTest.setBaseUri()'><b>setBaseUri</b><br>Test class: com.arcapi.Parksmarttestcases.SignAgreementRegistrationManualTest</td>
<td></td>
<td>0</td>
<td>com.arcapi.Parksmarttestcases.SignAgreementRegistrationManualTest@d2cc05a</td></tr>
<tr>
<td title='com.arcapi.Parksmarttestcases.RegistrationPaymentPricingGetAPITest.getSuiteName()'><b>getSuiteName</b><br>Test class: com.arcapi.Parksmarttestcases.RegistrationPaymentPricingGetAPITest</td>
<td></td>
<td>0</td>
<td>com.arcapi.Parksmarttestcases.RegistrationPaymentPricingGetAPITest@4f933fd1</td></tr>
<tr>
<td title='com.arcapi.Parksmarttestcases.RegistrationPaymentPricingGetAPITest.setBaseUri()'><b>setBaseUri</b><br>Test class: com.arcapi.Parksmarttestcases.RegistrationPaymentPricingGetAPITest</td>
<td></td>
<td>0</td>
<td>com.arcapi.Parksmarttestcases.RegistrationPaymentPricingGetAPITest@4f933fd1</td></tr>
<tr>
<td title='com.arcapi.Parksmarttestcases.PaymentOrderSubmitManualTest.getSuiteName()'><b>getSuiteName</b><br>Test class: com.arcapi.Parksmarttestcases.PaymentOrderSubmitManualTest</td>
<td></td>
<td>0</td>
<td>com.arcapi.Parksmarttestcases.PaymentOrderSubmitManualTest@548a9f61</td></tr>
<tr>
<td title='com.arcapi.Parksmarttestcases.PaymentOrderSubmitManualTest.setBaseUri()'><b>setBaseUri</b><br>Test class: com.arcapi.Parksmarttestcases.PaymentOrderSubmitManualTest</td>
<td></td>
<td>0</td>
<td>com.arcapi.Parksmarttestcases.PaymentOrderSubmitManualTest@548a9f61</td></tr>
<tr>
<td title='com.arcapi.Parksmarttestcases.AddAssestTimelineManualTest.getSuiteName()'><b>getSuiteName</b><br>Test class: com.arcapi.Parksmarttestcases.AddAssestTimelineManualTest</td>
<td></td>
<td>0</td>
<td>com.arcapi.Parksmarttestcases.AddAssestTimelineManualTest@1753acfe</td></tr>
<tr>
<td title='com.arcapi.Parksmarttestcases.AddAssestTimelineManualTest.setBaseUri()'><b>setBaseUri</b><br>Test class: com.arcapi.Parksmarttestcases.AddAssestTimelineManualTest</td>
<td></td>
<td>0</td>
<td>com.arcapi.Parksmarttestcases.AddAssestTimelineManualTest@1753acfe</td></tr>
<tr>
<td title='com.arcapi.Parksmarttestcases.CreateAssetParksmartManualReqTest.ExtentReportConfig()'><b>ExtentReportConfig</b><br>Test class: com.arcapi.Parksmarttestcases.CreateAssetParksmartManualReqTest</td>
<td></td>
<td>0</td>
<td>com.arcapi.Parksmarttestcases.CreateAssetParksmartManualReqTest@7dc7cbad</td></tr>
<tr>
<td title='com.arcapi.Parksmarttestcases.CreateAssetParksmartManualReqTest.startTest()'><b>startTest</b><br>Test class: com.arcapi.Parksmarttestcases.CreateAssetParksmartManualReqTest</td>
<td></td>
<td>0</td>
<td>com.arcapi.Parksmarttestcases.CreateAssetParksmartManualReqTest@7dc7cbad</td></tr>
<tr>
<td title='com.arcapi.Parksmarttestcases.SignAgreementRegistrationManualTest.ExtentReportConfig()'><b>ExtentReportConfig</b><br>Test class: com.arcapi.Parksmarttestcases.SignAgreementRegistrationManualTest</td>
<td></td>
<td>0</td>
<td>com.arcapi.Parksmarttestcases.SignAgreementRegistrationManualTest@d2cc05a</td></tr>
<tr>
<td title='com.arcapi.Parksmarttestcases.SignAgreementRegistrationManualTest.startTest()'><b>startTest</b><br>Test class: com.arcapi.Parksmarttestcases.SignAgreementRegistrationManualTest</td>
<td></td>
<td>0</td>
<td>com.arcapi.Parksmarttestcases.SignAgreementRegistrationManualTest@d2cc05a</td></tr>
<tr>
<td title='com.arcapi.Parksmarttestcases.RegistrationPaymentPricingGetAPITest.ExtentReportConfig()'><b>ExtentReportConfig</b><br>Test class: com.arcapi.Parksmarttestcases.RegistrationPaymentPricingGetAPITest</td>
<td></td>
<td>0</td>
<td>com.arcapi.Parksmarttestcases.RegistrationPaymentPricingGetAPITest@4f933fd1</td></tr>
<tr>
<td title='com.arcapi.Parksmarttestcases.RegistrationPaymentPricingGetAPITest.startTest()'><b>startTest</b><br>Test class: com.arcapi.Parksmarttestcases.RegistrationPaymentPricingGetAPITest</td>
<td></td>
<td>0</td>
<td>com.arcapi.Parksmarttestcases.RegistrationPaymentPricingGetAPITest@4f933fd1</td></tr>
<tr>
<td title='com.arcapi.Parksmarttestcases.PaymentOrderSubmitManualTest.ExtentReportConfig()'><b>ExtentReportConfig</b><br>Test class: com.arcapi.Parksmarttestcases.PaymentOrderSubmitManualTest</td>
<td></td>
<td>0</td>
<td>com.arcapi.Parksmarttestcases.PaymentOrderSubmitManualTest@548a9f61</td></tr>
<tr>
<td title='com.arcapi.Parksmarttestcases.PaymentOrderSubmitManualTest.startTest()'><b>startTest</b><br>Test class: com.arcapi.Parksmarttestcases.PaymentOrderSubmitManualTest</td>
<td></td>
<td>0</td>
<td>com.arcapi.Parksmarttestcases.PaymentOrderSubmitManualTest@548a9f61</td></tr>
<tr>
<td title='com.arcapi.Parksmarttestcases.AddAssestTimelineManualTest.ExtentReportConfig()'><b>ExtentReportConfig</b><br>Test class: com.arcapi.Parksmarttestcases.AddAssestTimelineManualTest</td>
<td></td>
<td>0</td>
<td>com.arcapi.Parksmarttestcases.AddAssestTimelineManualTest@1753acfe</td></tr>
<tr>
<td title='com.arcapi.Parksmarttestcases.AddAssestTimelineManualTest.startTest()'><b>startTest</b><br>Test class: com.arcapi.Parksmarttestcases.AddAssestTimelineManualTest</td>
<td></td>
<td>0</td>
<td>com.arcapi.Parksmarttestcases.AddAssestTimelineManualTest@1753acfe</td></tr>
<tr>
<td title='com.arcapi.Parksmarttestcases.CreateAssetParksmartManualReqTest.teardown()'><b>teardown</b><br>Test class: com.arcapi.Parksmarttestcases.CreateAssetParksmartManualReqTest</td>
<td></td>
<td>0</td>
<td>com.arcapi.Parksmarttestcases.CreateAssetParksmartManualReqTest@7dc7cbad</td></tr>
<tr>
<td title='com.arcapi.Parksmarttestcases.SignAgreementRegistrationManualTest.teardown()'><b>teardown</b><br>Test class: com.arcapi.Parksmarttestcases.SignAgreementRegistrationManualTest</td>
<td></td>
<td>0</td>
<td>com.arcapi.Parksmarttestcases.SignAgreementRegistrationManualTest@d2cc05a</td></tr>
<tr>
<td title='com.arcapi.Parksmarttestcases.RegistrationPaymentPricingGetAPITest.teardown()'><b>teardown</b><br>Test class: com.arcapi.Parksmarttestcases.RegistrationPaymentPricingGetAPITest</td>
<td></td>
<td>0</td>
<td>com.arcapi.Parksmarttestcases.RegistrationPaymentPricingGetAPITest@4f933fd1</td></tr>
<tr>
<td title='com.arcapi.Parksmarttestcases.PaymentOrderSubmitManualTest.teardown()'><b>teardown</b><br>Test class: com.arcapi.Parksmarttestcases.PaymentOrderSubmitManualTest</td>
<td></td>
<td>0</td>
<td>com.arcapi.Parksmarttestcases.PaymentOrderSubmitManualTest@548a9f61</td></tr>
<tr>
<td title='com.arcapi.Parksmarttestcases.AddAssestTimelineManualTest.teardown()'><b>teardown</b><br>Test class: com.arcapi.Parksmarttestcases.AddAssestTimelineManualTest</td>
<td></td>
<td>0</td>
<td>com.arcapi.Parksmarttestcases.AddAssestTimelineManualTest@1753acfe</td></tr>
<tr>
<td title='com.arcapi.Parksmarttestcases.LoginAPITest.end()'><b>end</b><br>Test class: com.arcapi.Parksmarttestcases.LoginAPITest</td>
<td></td>
<td>0</td>
<td>com.arcapi.Parksmarttestcases.LoginAPITest@5419f379</td></tr>
<tr>
<td title='com.arcapi.Parksmarttestcases.CreateAssetParksmartManualReqTest.end()'><b>end</b><br>Test class: com.arcapi.Parksmarttestcases.CreateAssetParksmartManualReqTest</td>
<td></td>
<td>0</td>
<td>com.arcapi.Parksmarttestcases.CreateAssetParksmartManualReqTest@7dc7cbad</td></tr>
<tr>
<td title='com.arcapi.Parksmarttestcases.SignAgreementRegistrationManualTest.end()'><b>end</b><br>Test class: com.arcapi.Parksmarttestcases.SignAgreementRegistrationManualTest</td>
<td></td>
<td>0</td>
<td>com.arcapi.Parksmarttestcases.SignAgreementRegistrationManualTest@d2cc05a</td></tr>
<tr>
<td title='com.arcapi.Parksmarttestcases.RegistrationPaymentPricingGetAPITest.end()'><b>end</b><br>Test class: com.arcapi.Parksmarttestcases.RegistrationPaymentPricingGetAPITest</td>
<td></td>
<td>0</td>
<td>com.arcapi.Parksmarttestcases.RegistrationPaymentPricingGetAPITest@4f933fd1</td></tr>
<tr>
<td title='com.arcapi.Parksmarttestcases.PaymentOrderSubmitManualTest.end()'><b>end</b><br>Test class: com.arcapi.Parksmarttestcases.PaymentOrderSubmitManualTest</td>
<td></td>
<td>0</td>
<td>com.arcapi.Parksmarttestcases.PaymentOrderSubmitManualTest@548a9f61</td></tr>
<tr>
<td title='com.arcapi.Parksmarttestcases.AddAssestTimelineManualTest.end()'><b>end</b><br>Test class: com.arcapi.Parksmarttestcases.AddAssestTimelineManualTest</td>
<td></td>
<td>0</td>
<td>com.arcapi.Parksmarttestcases.AddAssestTimelineManualTest@1753acfe</td></tr>
</table><p>
<table width='100%' border='1' class='invocation-failed'>
<tr><td colspan='4' align='center'><b>FAILED TESTS</b></td></tr>
<tr><td><b>Test method</b></td>
<td width="30%"><b>Exception</b></td>
<td width="10%"><b>Time (seconds)</b></td>
<td><b>Instance</b></td>
</tr>
<tr>
<td title='com.arcapi.Parksmarttestcases.LoginAPITest.LoginAPI()'><b>LoginAPI</b><br>Test class: com.arcapi.Parksmarttestcases.LoginAPITest<br>Parameters: STG, 2</td>
<td><div><pre>java.lang.Error: Unresolved compilation problem: 
	The method startTest(String, String) is undefined for the type ExtentReports

	at com.arcapi.Parksmarttestcases.LoginAPITest.LoginAPI(LoginAPITest.java:32)
... Removed 25 stack frames</pre></div><a href='#' onClick='toggleBox("stack-trace864078397", this, "Click to show all stack frames", "Click to hide stack frames")'>Click to show all stack frames</a>
<div class='stack-trace' id='stack-trace864078397'><pre>java.lang.Error: Unresolved compilation problem: 
	The method startTest(String, String) is undefined for the type ExtentReports

	at com.arcapi.Parksmarttestcases.LoginAPITest.LoginAPI(LoginAPITest.java:32)
	at sun.reflect.NativeMethodAccessorImpl.invoke0(Native Method)
	at sun.reflect.NativeMethodAccessorImpl.invoke(NativeMethodAccessorImpl.java:62)
	at sun.reflect.DelegatingMethodAccessorImpl.invoke(DelegatingMethodAccessorImpl.java:43)
	at java.lang.reflect.Method.invoke(Method.java:498)
	at org.testng.internal.MethodInvocationHelper.invokeMethod(MethodInvocationHelper.java:86)
	at org.testng.internal.Invoker.invokeMethod(Invoker.java:643)
	at org.testng.internal.Invoker.invokeTestMethod(Invoker.java:820)
	at org.testng.internal.Invoker.invokeTestMethods(Invoker.java:1128)
	at org.testng.internal.TestMethodWorker.invokeTestMethods(TestMethodWorker.java:129)
	at org.testng.internal.TestMethodWorker.run(TestMethodWorker.java:112)
	at org.testng.TestRunner.privateRun(TestRunner.java:782)
	at org.testng.TestRunner.run(TestRunner.java:632)
	at org.testng.SuiteRunner.runTest(SuiteRunner.java:366)
	at org.testng.SuiteRunner.runSequentially(SuiteRunner.java:361)
	at org.testng.SuiteRunner.privateRun(SuiteRunner.java:319)
	at org.testng.SuiteRunner.run(SuiteRunner.java:268)
	at org.testng.SuiteRunnerWorker.runSuite(SuiteRunnerWorker.java:52)
	at org.testng.SuiteRunnerWorker.run(SuiteRunnerWorker.java:86)
	at org.testng.TestNG.runSuitesSequentially(TestNG.java:1244)
	at org.testng.TestNG.runSuitesSequentially(TestNG.java:1240)
	at org.testng.TestNG.runSuitesLocally(TestNG.java:1169)
	at org.testng.TestNG.run(TestNG.java:1064)
	at org.testng.remote.RemoteTestNG.run(RemoteTestNG.java:113)
	at org.testng.remote.RemoteTestNG.initAndRun(RemoteTestNG.java:206)
	at org.testng.remote.RemoteTestNG.main(RemoteTestNG.java:177)
</pre></div></td>
<td>0</td>
<td>com.arcapi.Parksmarttestcases.LoginAPITest@5419f379</td></tr>
</table><p>
<table width='100%' border='1' class='invocation-skipped'>
<tr><td colspan='4' align='center'><b>SKIPPED TESTS</b></td></tr>
<tr><td><b>Test method</b></td>
<td width="30%"><b>Exception</b></td>
<td width="10%"><b>Time (seconds)</b></td>
<td><b>Instance</b></td>
</tr>
<tr>
<td title='com.arcapi.Parksmarttestcases.AddAssestTimelineManualTest.AddAssestTimeline()'><b>AddAssestTimeline</b><br>Test class: com.arcapi.Parksmarttestcases.AddAssestTimelineManualTest<br>Parameters: STG, ProjectIDBuild1, 2</td>
<td></td>
<td>0</td>
<td>com.arcapi.Parksmarttestcases.AddAssestTimelineManualTest@1753acfe</td></tr>
<tr>
<td title='com.arcapi.Parksmarttestcases.CreateAssetParksmartManualReqTest.CreateAssetPOSTAPI()'><b>CreateAssetPOSTAPI</b><br>Test class: com.arcapi.Parksmarttestcases.CreateAssetParksmartManualReqTest<br>Parameters: STG, parksmart, ProjectIDBuild1, 2</td>
<td></td>
<td>0</td>
<td>com.arcapi.Parksmarttestcases.CreateAssetParksmartManualReqTest@7dc7cbad</td></tr>
<tr>
<td title='com.arcapi.Parksmarttestcases.PaymentOrderSubmitManualTest.PaymentOrderSubmitPOSTAPI()'><b>PaymentOrderSubmitPOSTAPI</b><br>Test class: com.arcapi.Parksmarttestcases.PaymentOrderSubmitManualTest<br>Parameters: STG, ProjectIDBuild1, 2</td>
<td></td>
<td>0</td>
<td>com.arcapi.Parksmarttestcases.PaymentOrderSubmitManualTest@548a9f61</td></tr>
<tr>
<td title='com.arcapi.Parksmarttestcases.RegistrationPaymentPricingGetAPITest.RegistrationPaymentPricingGetAPI()'><b>RegistrationPaymentPricingGetAPI</b><br>Test class: com.arcapi.Parksmarttestcases.RegistrationPaymentPricingGetAPITest<br>Parameters: STG, ProjectIDBuild1, 2</td>
<td></td>
<td>0</td>
<td>com.arcapi.Parksmarttestcases.RegistrationPaymentPricingGetAPITest@4f933fd1</td></tr>
<tr>
<td title='com.arcapi.Parksmarttestcases.SignAgreementRegistrationManualTest.SignAgreementRegistrationAPI()'><b>SignAgreementRegistrationAPI</b><br>Test class: com.arcapi.Parksmarttestcases.SignAgreementRegistrationManualTest<br>Parameters: STG, ProjectIDBuild1, 2</td>
<td></td>
<td>0</td>
<td>com.arcapi.Parksmarttestcases.SignAgreementRegistrationManualTest@d2cc05a</td></tr>
</table><p>
</body>
</html>